{
  "stats": {
    "suites": 12,
    "tests": 41,
    "passes": 21,
    "pending": 0,
    "failures": 20,
    "start": "2021-08-13T21:02:47.218Z",
    "end": "2021-08-13T21:04:50.520Z",
    "duration": 123302,
    "testsRegistered": 41,
    "passPercent": 51.21951219512195,
    "pendingPercent": 0,
    "other": 0,
    "hasOther": false,
    "skipped": 0,
    "hasSkipped": false
  },
  "results": [
    {
      "uuid": "ad9e556d-9af3-4350-b9be-66cca971203f",
      "title": "",
      "fullFile": "cypress/integration/project.spec.js",
      "file": "cypress/integration/project.spec.js",
      "beforeHooks": [],
      "afterHooks": [],
      "tests": [],
      "suites": [
        {
          "uuid": "b7130fcc-88b2-404e-b710-707d0f7c8991",
          "title": "1 - Adicione à página o título \"Paleta de Cores\".",
          "fullFile": "",
          "file": "",
          "beforeHooks": [],
          "afterHooks": [],
          "tests": [
            {
              "title": "Verifica se contém um elemento `h1` com o id `title` com o título correto",
              "fullTitle": "1 - Adicione à página o título \"Paleta de Cores\". Verifica se contém um elemento `h1` com o id `title` com o título correto",
              "timedOut": null,
              "duration": 466,
              "state": "passed",
              "speed": "slow",
              "pass": true,
              "fail": false,
              "pending": false,
              "context": null,
              "code": "cy.get('h1#title').should('contain.text', 'Paleta de Cores');",
              "err": {},
              "uuid": "32af7d7f-b9b4-4419-841b-b56bbb16f769",
              "parentUUID": "b7130fcc-88b2-404e-b710-707d0f7c8991",
              "isHook": false,
              "skipped": false
            }
          ],
          "suites": [],
          "passes": [
            "32af7d7f-b9b4-4419-841b-b56bbb16f769"
          ],
          "failures": [],
          "pending": [],
          "skipped": [],
          "duration": 466,
          "root": false,
          "rootEmpty": false,
          "_timeout": 2000
        },
        {
          "uuid": "02055ca4-4341-413d-89d3-377fded85da1",
          "title": "2 - Adicione à página uma paleta de quatro cores distintas.",
          "fullFile": "",
          "file": "",
          "beforeHooks": [],
          "afterHooks": [],
          "tests": [
            {
              "title": "A paleta de cores deve ser um elemento com `id` denominado `color-palette`",
              "fullTitle": "2 - Adicione à página uma paleta de quatro cores distintas. A paleta de cores deve ser um elemento com `id` denominado `color-palette`",
              "timedOut": null,
              "duration": 482,
              "state": "passed",
              "speed": "slow",
              "pass": true,
              "fail": false,
              "pending": false,
              "context": null,
              "code": "cy.get('#color-palette').should('be.visible');",
              "err": {},
              "uuid": "df17eeca-5568-46f0-8da2-e38b3f972db8",
              "parentUUID": "02055ca4-4341-413d-89d3-377fded85da1",
              "isHook": false,
              "skipped": false
            },
            {
              "title": "Verifica se cada cor individual da paleta de cores possui a `classe` chamada `color`.",
              "fullTitle": "2 - Adicione à página uma paleta de quatro cores distintas. Verifica se cada cor individual da paleta de cores possui a `classe` chamada `color`.",
              "timedOut": null,
              "duration": 626,
              "state": "passed",
              "speed": "slow",
              "pass": true,
              "fail": false,
              "pending": false,
              "context": null,
              "code": "cy.get('.color').should('have.length', 4).then(function (colors) {\n  for (var i = 0; i < colors.length; i++) {\n    cy.wrap(colors[i]).should('be.visible');\n  }\n});",
              "err": {},
              "uuid": "e2f6791b-22a2-4aca-9ecd-c97fe74fbd5a",
              "parentUUID": "02055ca4-4341-413d-89d3-377fded85da1",
              "isHook": false,
              "skipped": false
            },
            {
              "title": "Verifica se a cor de fundo de cada elemento da paleta é a cor que o elemento representa. **A única cor não permitida na paleta é a cor branca.**",
              "fullTitle": "2 - Adicione à página uma paleta de quatro cores distintas. Verifica se a cor de fundo de cada elemento da paleta é a cor que o elemento representa. **A única cor não permitida na paleta é a cor branca.**",
              "timedOut": null,
              "duration": 806,
              "state": "passed",
              "speed": "slow",
              "pass": true,
              "fail": false,
              "pending": false,
              "context": null,
              "code": "cy.get('.color').each(function (color) {\n  cy.wrap(color).should('have.class', 'color').and('not.have.css', 'background-color', WHITE);\n  cy.wrap(color).should('have.css', 'background-color');\n});",
              "err": {},
              "uuid": "9ae55be8-0dc2-4187-9784-0cbf6b2f8544",
              "parentUUID": "02055ca4-4341-413d-89d3-377fded85da1",
              "isHook": false,
              "skipped": false
            },
            {
              "title": "Verifica se cada elemento da paleta de cores tem uma borda preta, sólida e com 1 pixel de largura;",
              "fullTitle": "2 - Adicione à página uma paleta de quatro cores distintas. Verifica se cada elemento da paleta de cores tem uma borda preta, sólida e com 1 pixel de largura;",
              "timedOut": null,
              "duration": 472,
              "state": "passed",
              "speed": "slow",
              "pass": true,
              "fail": false,
              "pending": false,
              "context": null,
              "code": "cy.get('.color').each(function (color) {\n  cy.wrap(color).and('have.css', 'border', \"1px solid \".concat(BLACK)).and('have.class', 'color');\n});",
              "err": {},
              "uuid": "3ab94855-135f-44e9-b658-8bcd05a9d225",
              "parentUUID": "02055ca4-4341-413d-89d3-377fded85da1",
              "isHook": false,
              "skipped": false
            },
            {
              "title": "Verifica se a paleta lista todas as cores disponíveis para utilização, lado a lado.",
              "fullTitle": "2 - Adicione à página uma paleta de quatro cores distintas. Verifica se a paleta lista todas as cores disponíveis para utilização, lado a lado.",
              "timedOut": null,
              "duration": 336,
              "state": "passed",
              "speed": "slow",
              "pass": true,
              "fail": false,
              "pending": false,
              "context": null,
              "code": "cy.get('.color').then(function (colors) {\n  for (var index = 1; index < colors.length; index += 1) {\n    var currentColor = colors[index];\n    var previousColor = colors[index - 1];\n    cy.wrap(currentColor).should('be.onTheRightOf', previousColor).and('be.horizontallyAlignedWith', previousColor);\n  }\n});",
              "err": {},
              "uuid": "110696fb-08a1-4567-93f5-ecf0a81f0383",
              "parentUUID": "02055ca4-4341-413d-89d3-377fded85da1",
              "isHook": false,
              "skipped": false
            },
            {
              "title": "Verifica se a paleta de cores está posicionada abaixo do título 'Paleta de Cores'",
              "fullTitle": "2 - Adicione à página uma paleta de quatro cores distintas. Verifica se a paleta de cores está posicionada abaixo do título 'Paleta de Cores'",
              "timedOut": null,
              "duration": 372,
              "state": "passed",
              "speed": "slow",
              "pass": true,
              "fail": false,
              "pending": false,
              "context": null,
              "code": "cy.get('h1#title').then(function (title) {\n  cy.get('#color-palette').should('be.belowOf', title);\n});",
              "err": {},
              "uuid": "809a374e-518a-461f-a34c-8f0d42b208f8",
              "parentUUID": "02055ca4-4341-413d-89d3-377fded85da1",
              "isHook": false,
              "skipped": false
            },
            {
              "title": "Verifica se a paleta de cores não contém cores repetidas.",
              "fullTitle": "2 - Adicione à página uma paleta de quatro cores distintas. Verifica se a paleta de cores não contém cores repetidas.",
              "timedOut": null,
              "duration": 296,
              "state": "passed",
              "speed": "slow",
              "pass": true,
              "fail": false,
              "pending": false,
              "context": null,
              "code": "cy.get('.color').then(function (colors) {\n  var allColors = Array.from(colors).map(function (color) {\n    return Cypress.$(color).css('background-color');\n  });\n  cy.log(allColors);\n  var uniqColors = (0, _toConsumableArray2[\"default\"])(new Set(allColors));\n  cy.log(uniqColors);\n  expect(allColors.length).to.eq(uniqColors.length);\n});",
              "err": {},
              "uuid": "25da3a6b-339a-4107-8ead-56a6d1bacf78",
              "parentUUID": "02055ca4-4341-413d-89d3-377fded85da1",
              "isHook": false,
              "skipped": false
            }
          ],
          "suites": [],
          "passes": [
            "df17eeca-5568-46f0-8da2-e38b3f972db8",
            "e2f6791b-22a2-4aca-9ecd-c97fe74fbd5a",
            "9ae55be8-0dc2-4187-9784-0cbf6b2f8544",
            "3ab94855-135f-44e9-b658-8bcd05a9d225",
            "110696fb-08a1-4567-93f5-ecf0a81f0383",
            "809a374e-518a-461f-a34c-8f0d42b208f8",
            "25da3a6b-339a-4107-8ead-56a6d1bacf78"
          ],
          "failures": [],
          "pending": [],
          "skipped": [],
          "duration": 3390,
          "root": false,
          "rootEmpty": false,
          "_timeout": 2000
        },
        {
          "uuid": "0af10b7a-8f0a-4fa2-9b9c-a61a36111214",
          "title": "3 - Adicione a cor **preta** como a primeira cor da paleta de cores.",
          "fullFile": "",
          "file": "",
          "beforeHooks": [],
          "afterHooks": [],
          "tests": [
            {
              "title": "Verifica se a primeira cor da paleta é preta",
              "fullTitle": "3 - Adicione a cor **preta** como a primeira cor da paleta de cores. Verifica se a primeira cor da paleta é preta",
              "timedOut": null,
              "duration": 449,
              "state": "passed",
              "speed": "slow",
              "pass": true,
              "fail": false,
              "pending": false,
              "context": null,
              "code": "cy.get('.color').first().should('have.css', 'background-color', BLACK);",
              "err": {},
              "uuid": "ddc6293e-7388-4b96-9b4d-1c845374de95",
              "parentUUID": "0af10b7a-8f0a-4fa2-9b9c-a61a36111214",
              "isHook": false,
              "skipped": false
            },
            {
              "title": "Verifica se as demais cores podem ser escolhidas livremente.",
              "fullTitle": "3 - Adicione a cor **preta** como a primeira cor da paleta de cores. Verifica se as demais cores podem ser escolhidas livremente.",
              "timedOut": null,
              "duration": 550,
              "state": "passed",
              "speed": "slow",
              "pass": true,
              "fail": false,
              "pending": false,
              "context": null,
              "code": "cy.get('.color').eq(1).should('not.have.css', 'background-color', BLACK);\ncy.get('.color').eq(1).should('not.have.css', 'background-color', WHITE);\ncy.get('.color').eq(1).should('not.have.css', 'background-color', 'rgba(0, 0, 0, 0)');\ncy.get('.color').eq(1).should('have.css', 'background-color');\ncy.get('.color').eq(2).should('not.have.css', 'background-color', BLACK);\ncy.get('.color').eq(2).should('not.have.css', 'background-color', WHITE);\ncy.get('.color').eq(2).should('not.have.css', 'background-color', 'rgba(0, 0, 0, 0)');\ncy.get('.color').eq(2).should('have.css', 'background-color');\ncy.get('.color').eq(3).should('not.have.css', 'background-color', BLACK);\ncy.get('.color').eq(3).should('not.have.css', 'background-color', WHITE);\ncy.get('.color').eq(3).should('not.have.css', 'background-color', 'rgba(0, 0, 0, 0)');\ncy.get('.color').eq(3).should('have.css', 'background-color');",
              "err": {},
              "uuid": "a4e53aab-89f7-48db-9b46-bff1133fe95d",
              "parentUUID": "0af10b7a-8f0a-4fa2-9b9c-a61a36111214",
              "isHook": false,
              "skipped": false
            }
          ],
          "suites": [],
          "passes": [
            "ddc6293e-7388-4b96-9b4d-1c845374de95",
            "a4e53aab-89f7-48db-9b46-bff1133fe95d"
          ],
          "failures": [],
          "pending": [],
          "skipped": [],
          "duration": 999,
          "root": false,
          "rootEmpty": false,
          "_timeout": 2000
        },
        {
          "uuid": "75d21a34-aa91-4af9-8ffc-9fde16057a7f",
          "title": "4 - Adicione à página um quadro de pixels, com 25 pixels.",
          "fullFile": "",
          "file": "",
          "beforeHooks": [],
          "afterHooks": [],
          "tests": [
            {
              "title": "Verifica se o quadro de pixels possui o `id` denominado `pixel-board`",
              "fullTitle": "4 - Adicione à página um quadro de pixels, com 25 pixels. Verifica se o quadro de pixels possui o `id` denominado `pixel-board`",
              "timedOut": null,
              "duration": 452,
              "state": "passed",
              "speed": "slow",
              "pass": true,
              "fail": false,
              "pending": false,
              "context": null,
              "code": "cy.get('#pixel-board').should('be.visible');",
              "err": {},
              "uuid": "734b3baa-3074-44e6-ae03-43c7ec71373c",
              "parentUUID": "75d21a34-aa91-4af9-8ffc-9fde16057a7f",
              "isHook": false,
              "skipped": false
            },
            {
              "title": "Verifica se cada pixel individual dentro do quadro possui a `classe` denominada `pixel`.",
              "fullTitle": "4 - Adicione à página um quadro de pixels, com 25 pixels. Verifica se cada pixel individual dentro do quadro possui a `classe` denominada `pixel`.",
              "timedOut": null,
              "duration": 405,
              "state": "passed",
              "speed": "slow",
              "pass": true,
              "fail": false,
              "pending": false,
              "context": null,
              "code": "cy.get('.pixel').should('have.length', 25);",
              "err": {},
              "uuid": "fdac65d8-106a-4a44-bf25-d81266f0197c",
              "parentUUID": "75d21a34-aa91-4af9-8ffc-9fde16057a7f",
              "isHook": false,
              "skipped": false
            },
            {
              "title": "Verifica se a cor inicial dos pixels dentro do quadro, ao abrir a página, é branca.",
              "fullTitle": "4 - Adicione à página um quadro de pixels, com 25 pixels. Verifica se a cor inicial dos pixels dentro do quadro, ao abrir a página, é branca.",
              "timedOut": null,
              "duration": 412,
              "state": "passed",
              "speed": "slow",
              "pass": true,
              "fail": false,
              "pending": false,
              "context": null,
              "code": "cy.get('.pixel').should('have.length', 25).each(function (pixel) {\n  expect(pixel).to.have.css('background-color', WHITE);\n});",
              "err": {},
              "uuid": "8e6c1a22-67a9-4aca-a63d-f2a17b223916",
              "parentUUID": "75d21a34-aa91-4af9-8ffc-9fde16057a7f",
              "isHook": false,
              "skipped": false
            },
            {
              "title": "Verifica se o quadro de pixels aparece abaixo da paleta de cores",
              "fullTitle": "4 - Adicione à página um quadro de pixels, com 25 pixels. Verifica se o quadro de pixels aparece abaixo da paleta de cores",
              "timedOut": null,
              "duration": 321,
              "state": "passed",
              "speed": "slow",
              "pass": true,
              "fail": false,
              "pending": false,
              "context": null,
              "code": "cy.get('#color-palette').then(function (palette) {\n  cy.get('#pixel-board').should('be.belowOf', palette);\n});",
              "err": {},
              "uuid": "cb83a93b-af57-4ea1-af9f-12e002874f55",
              "parentUUID": "75d21a34-aa91-4af9-8ffc-9fde16057a7f",
              "isHook": false,
              "skipped": false
            }
          ],
          "suites": [],
          "passes": [
            "734b3baa-3074-44e6-ae03-43c7ec71373c",
            "fdac65d8-106a-4a44-bf25-d81266f0197c",
            "8e6c1a22-67a9-4aca-a63d-f2a17b223916",
            "cb83a93b-af57-4ea1-af9f-12e002874f55"
          ],
          "failures": [],
          "pending": [],
          "skipped": [],
          "duration": 1590,
          "root": false,
          "rootEmpty": false,
          "_timeout": 2000
        },
        {
          "uuid": "7c52b4a0-2188-4ca1-9cd2-463a67088df8",
          "title": "5 - Faça com que cada elemento do quadro de pixels possua 40 pixels de largura, 40 pixels de altura e seja delimitado por uma borda preta de 1 pixel.",
          "fullFile": "",
          "file": "",
          "beforeHooks": [],
          "afterHooks": [],
          "tests": [
            {
              "title": "Verifica se o quadro de pixels tem altura e comprimento de 5 elementos",
              "fullTitle": "5 - Faça com que cada elemento do quadro de pixels possua 40 pixels de largura, 40 pixels de altura e seja delimitado por uma borda preta de 1 pixel. Verifica se o quadro de pixels tem altura e comprimento de 5 elementos",
              "timedOut": null,
              "duration": 726,
              "state": "passed",
              "speed": "slow",
              "pass": true,
              "fail": false,
              "pending": false,
              "context": null,
              "code": "cy.get('.pixel').should('have.length', 25).each(function (pixel) {\n  expect(pixel).to.have.css('background-color', WHITE);\n}).and(function (pixels) {\n  var rows = chunk(pixels, 5);\n  rows.forEach(function (row) {\n    for (var index = 1; index < row.length; index += 1) {\n      var current = pixels[index];\n      var previous = pixels[index - 1];\n      cy.wrap(current).should('be.onTheRightOf', previous).and('be.horizontallyAlignedWith', previous);\n    }\n  });\n  for (var index = 1; index < 5; index += 1) {\n    expect(pixels[index * 5]).to.be.belowOf(pixels[(index - 1) * 5]);\n  }\n});",
              "err": {},
              "uuid": "dcf5f962-2c9f-450d-bab6-aa2cf867bb3e",
              "parentUUID": "7c52b4a0-2188-4ca1-9cd2-463a67088df8",
              "isHook": false,
              "skipped": false
            },
            {
              "title": "Verifica se 40 pixels é o tamanho total do elemento, incluindo seu conteúdo e excluindo a borda preta, que deve ser criada à parte.",
              "fullTitle": "5 - Faça com que cada elemento do quadro de pixels possua 40 pixels de largura, 40 pixels de altura e seja delimitado por uma borda preta de 1 pixel. Verifica se 40 pixels é o tamanho total do elemento, incluindo seu conteúdo e excluindo a borda preta, que deve ser criada à parte.",
              "timedOut": null,
              "duration": 837,
              "state": "passed",
              "speed": "slow",
              "pass": true,
              "fail": false,
              "pending": false,
              "context": null,
              "code": "cy.get('.pixel').each(function (pixel) {\n  cy.wrap(pixel).should('have.css', 'height', '40px').and('have.css', 'width', '40px').and('have.css', 'border', \"1px solid \".concat(BLACK));\n});",
              "err": {},
              "uuid": "f2f84ef1-1c13-4dbc-b6f2-0585b735f81a",
              "parentUUID": "7c52b4a0-2188-4ca1-9cd2-463a67088df8",
              "isHook": false,
              "skipped": false
            }
          ],
          "suites": [],
          "passes": [
            "dcf5f962-2c9f-450d-bab6-aa2cf867bb3e",
            "f2f84ef1-1c13-4dbc-b6f2-0585b735f81a"
          ],
          "failures": [],
          "pending": [],
          "skipped": [],
          "duration": 1563,
          "root": false,
          "rootEmpty": false,
          "_timeout": 2000
        },
        {
          "uuid": "2586bda8-2d68-4e64-9be4-aaafef7d01e7",
          "title": "6 - Defina a cor preta como cor inicial. Ao carregar a página a cor preta já deve estar selecionada para pintar os pixels",
          "fullFile": "",
          "file": "",
          "beforeHooks": [],
          "afterHooks": [],
          "tests": [
            {
              "title": "Verifica se o elemento da cor preta possui, inicialmente, a `classe` `selected`",
              "fullTitle": "6 - Defina a cor preta como cor inicial. Ao carregar a página a cor preta já deve estar selecionada para pintar os pixels Verifica se o elemento da cor preta possui, inicialmente, a `classe` `selected`",
              "timedOut": null,
              "duration": 263,
              "state": "passed",
              "speed": "slow",
              "pass": true,
              "fail": false,
              "pending": false,
              "context": null,
              "code": "cy.get('.selected').first().should('have.css', 'background-color', BLACK);",
              "err": {},
              "uuid": "f7cc5c3b-7168-466f-bcf4-325d787efcb6",
              "parentUUID": "2586bda8-2d68-4e64-9be4-aaafef7d01e7",
              "isHook": false,
              "skipped": false
            },
            {
              "title": "Verifica se nenhuma outra cor da paleta tem a `classe` `selected`",
              "fullTitle": "6 - Defina a cor preta como cor inicial. Ao carregar a página a cor preta já deve estar selecionada para pintar os pixels Verifica se nenhuma outra cor da paleta tem a `classe` `selected`",
              "timedOut": null,
              "duration": 191,
              "state": "passed",
              "speed": "slow",
              "pass": true,
              "fail": false,
              "pending": false,
              "context": null,
              "code": "cy.get('.color:not(:first-child)').each(function (color) {\n  cy.wrap(color).should('not.have.class', 'selected');\n});",
              "err": {},
              "uuid": "b22afdfb-20fe-453f-8af3-cbea1f31ad6d",
              "parentUUID": "2586bda8-2d68-4e64-9be4-aaafef7d01e7",
              "isHook": false,
              "skipped": false
            }
          ],
          "suites": [],
          "passes": [
            "f7cc5c3b-7168-466f-bcf4-325d787efcb6",
            "b22afdfb-20fe-453f-8af3-cbea1f31ad6d"
          ],
          "failures": [],
          "pending": [],
          "skipped": [],
          "duration": 454,
          "root": false,
          "rootEmpty": false,
          "_timeout": 2000
        },
        {
          "uuid": "383efba3-4e63-4725-93b3-1ac8121d9ec9",
          "title": "7 - Clicar em uma das cores da paleta, faz com que ela seja selecionada e utilizada para preencher os pixels no quadro.",
          "fullFile": "",
          "file": "",
          "beforeHooks": [],
          "afterHooks": [],
          "tests": [
            {
              "title": "Verifica se somente uma cor da paleta de cores tem a classe `selected` de cada vez",
              "fullTitle": "7 - Clicar em uma das cores da paleta, faz com que ela seja selecionada e utilizada para preencher os pixels no quadro. Verifica se somente uma cor da paleta de cores tem a classe `selected` de cada vez",
              "timedOut": null,
              "duration": 724,
              "state": "passed",
              "speed": "slow",
              "pass": true,
              "fail": false,
              "pending": false,
              "context": null,
              "code": "cy.get('.color').each(function (selectedColor, selectedColorIndex) {\n  cy.wrap(selectedColor).click();\n  cy.get('.color').each(function (color, colorIndex) {\n    if (colorIndex === selectedColorIndex) {\n      expect(color).to.have[\"class\"]('selected');\n    } else {\n      expect(color).not.to.have[\"class\"]('selected');\n    }\n  });\n});",
              "err": {},
              "uuid": "486ec3c7-9c1f-460d-95f4-aaa0f0a8c726",
              "parentUUID": "383efba3-4e63-4725-93b3-1ac8121d9ec9",
              "isHook": false,
              "skipped": false
            },
            {
              "title": "Verifica se os pixels dentro do quadro não têm a classe `selected` quando são clicados",
              "fullTitle": "7 - Clicar em uma das cores da paleta, faz com que ela seja selecionada e utilizada para preencher os pixels no quadro. Verifica se os pixels dentro do quadro não têm a classe `selected` quando são clicados",
              "timedOut": null,
              "duration": 9239,
              "state": "passed",
              "speed": "slow",
              "pass": true,
              "fail": false,
              "pending": false,
              "context": null,
              "code": "cy.get('.color').each(function (color) {\n  var backgroundColor = color.css('background-color');\n  cy.wrap(color).click();\n  cy.get('.pixel').each(function (pixel) {\n    cy.wrap(pixel).click().should('not.have.class', 'selected');\n  });\n});",
              "err": {},
              "uuid": "a8d58b16-0f8c-459b-8507-4b130cbb7418",
              "parentUUID": "383efba3-4e63-4725-93b3-1ac8121d9ec9",
              "isHook": false,
              "skipped": false
            }
          ],
          "suites": [],
          "passes": [
            "486ec3c7-9c1f-460d-95f4-aaa0f0a8c726",
            "a8d58b16-0f8c-459b-8507-4b130cbb7418"
          ],
          "failures": [],
          "pending": [],
          "skipped": [],
          "duration": 9963,
          "root": false,
          "rootEmpty": false,
          "_timeout": 2000
        },
        {
          "uuid": "1ce2ac0a-2340-4720-a952-36845c5c6f9f",
          "title": "8 - Clicar em um pixel dentro do quadro após selecionar uma cor na paleta, faz com que o pixel seja preenchido com a cor selecionada.",
          "fullFile": "",
          "file": "",
          "beforeHooks": [],
          "afterHooks": [],
          "tests": [
            {
              "title": "Verifica se ao carregar a página deve ser possível pintar os pixels de preto",
              "fullTitle": "8 - Clicar em um pixel dentro do quadro após selecionar uma cor na paleta, faz com que o pixel seja preenchido com a cor selecionada. Verifica se ao carregar a página deve ser possível pintar os pixels de preto",
              "timedOut": null,
              "duration": 5613,
              "state": "failed",
              "speed": null,
              "pass": false,
              "fail": true,
              "pending": false,
              "context": null,
              "code": "cy.get('.pixel').each(function (pixel) {\n  cy.wrap(pixel).click().should('have.css', 'background-color', BLACK);\n});",
              "err": {
                "message": "CypressError: Timed out retrying: expected '<div.pixel>' to have CSS property 'background-color' with the value 'rgb(0, 0, 0)', but the value was 'rgb(255, 255, 255)'",
                "estack": "CypressError: Timed out retrying: expected '<div.pixel>' to have CSS property 'background-color' with the value 'rgb(0, 0, 0)', but the value was 'rgb(255, 255, 255)'\n    at cypressErr (http://localhost:61307/__cypress/runner/cypress_runner.js:149934:9)\n    at throwErr (http://localhost:61307/__cypress/runner/cypress_runner.js:149867:11)\n    at Object.throwErrByPath (http://localhost:61307/__cypress/runner/cypress_runner.js:149915:3)\n    at retry (http://localhost:61307/__cypress/runner/cypress_runner.js:144197:19)\n    at onFailFn (http://localhost:61307/__cypress/runner/cypress_runner.js:132448:16)\n    at tryCatcher (http://localhost:61307/__cypress/runner/cypress_runner.js:167415:23)\n    at Promise._settlePromiseFromHandler (http://localhost:61307/__cypress/runner/cypress_runner.js:165351:31)\n    at Promise._settlePromise (http://localhost:61307/__cypress/runner/cypress_runner.js:165408:18)\n    at Promise._settlePromise0 (http://localhost:61307/__cypress/runner/cypress_runner.js:165453:10)\n    at Promise._settlePromises (http://localhost:61307/__cypress/runner/cypress_runner.js:165528:18)\n    at Async../node_modules/bluebird/js/release/async.js.Async._drainQueue (http://localhost:61307/__cypress/runner/cypress_runner.js:162140:16)\n    at Async../node_modules/bluebird/js/release/async.js.Async._drainQueues (http://localhost:61307/__cypress/runner/cypress_runner.js:162150:10)\n    at Async.drainQueues (http://localhost:61307/__cypress/runner/cypress_runner.js:162024:14)",
                "diff": null
              },
              "uuid": "dd960ef7-4538-43d2-ae94-682c465d1210",
              "parentUUID": "1ce2ac0a-2340-4720-a952-36845c5c6f9f",
              "isHook": false,
              "skipped": false
            },
            {
              "title": "Verifica se após selecionar uma outra cor na paleta, é possível pintar os pixels com essa cor",
              "fullTitle": "8 - Clicar em um pixel dentro do quadro após selecionar uma cor na paleta, faz com que o pixel seja preenchido com a cor selecionada. Verifica se após selecionar uma outra cor na paleta, é possível pintar os pixels com essa cor",
              "timedOut": null,
              "duration": 4898,
              "state": "failed",
              "speed": null,
              "pass": false,
              "fail": true,
              "pending": false,
              "context": null,
              "code": "cy.get('.color').each(function (color) {\n  var backgroundColor = color.css('background-color');\n  cy.wrap(color).click();\n  cy.get('.pixel').each(function (pixel) {\n    cy.wrap(pixel).click().should('have.css', 'background-color', backgroundColor);\n  });\n});",
              "err": {
                "message": "CypressError: Timed out retrying: expected '<div.pixel>' to have CSS property 'background-color' with the value 'rgb(0, 0, 0)', but the value was 'rgb(255, 255, 255)'",
                "estack": "CypressError: Timed out retrying: expected '<div.pixel>' to have CSS property 'background-color' with the value 'rgb(0, 0, 0)', but the value was 'rgb(255, 255, 255)'\n    at cypressErr (http://localhost:61307/__cypress/runner/cypress_runner.js:149934:9)\n    at throwErr (http://localhost:61307/__cypress/runner/cypress_runner.js:149867:11)\n    at Object.throwErrByPath (http://localhost:61307/__cypress/runner/cypress_runner.js:149915:3)\n    at retry (http://localhost:61307/__cypress/runner/cypress_runner.js:144197:19)\n    at onFailFn (http://localhost:61307/__cypress/runner/cypress_runner.js:132448:16)\n    at tryCatcher (http://localhost:61307/__cypress/runner/cypress_runner.js:167415:23)\n    at Promise._settlePromiseFromHandler (http://localhost:61307/__cypress/runner/cypress_runner.js:165351:31)\n    at Promise._settlePromise (http://localhost:61307/__cypress/runner/cypress_runner.js:165408:18)\n    at Promise._settlePromise0 (http://localhost:61307/__cypress/runner/cypress_runner.js:165453:10)\n    at Promise._settlePromises (http://localhost:61307/__cypress/runner/cypress_runner.js:165528:18)\n    at Async../node_modules/bluebird/js/release/async.js.Async._drainQueue (http://localhost:61307/__cypress/runner/cypress_runner.js:162140:16)\n    at Async../node_modules/bluebird/js/release/async.js.Async._drainQueues (http://localhost:61307/__cypress/runner/cypress_runner.js:162150:10)\n    at Async.drainQueues (http://localhost:61307/__cypress/runner/cypress_runner.js:162024:14)",
                "diff": null
              },
              "uuid": "f10ebd20-2854-4da8-bef0-3f75a4ff6b40",
              "parentUUID": "1ce2ac0a-2340-4720-a952-36845c5c6f9f",
              "isHook": false,
              "skipped": false
            },
            {
              "title": "Verifica se somente o pixel que foi clicado foi preenchido com a cor selecionada, sem influenciar na cor dos demais pixels.",
              "fullTitle": "8 - Clicar em um pixel dentro do quadro após selecionar uma cor na paleta, faz com que o pixel seja preenchido com a cor selecionada. Verifica se somente o pixel que foi clicado foi preenchido com a cor selecionada, sem influenciar na cor dos demais pixels.",
              "timedOut": null,
              "duration": 2727,
              "state": "passed",
              "speed": "slow",
              "pass": true,
              "fail": false,
              "pending": false,
              "context": null,
              "code": "var colorToPixelIndexMap = {\n  0: 6,\n  1: 8,\n  2: 16,\n  3: 18\n};\ncy.get('.color').each(function (color, index) {\n  cy.wrap(color).click();\n  var backgroundColor = color.css('background-color');\n  var clickedPixelIndex = colorToPixelIndexMap[index];\n  cy.get('.pixel').eq(clickedPixelIndex).click();\n  cy.get('.pixel').eq(clickedPixelIndex - 1).should('not.have.css', 'background-color', backgroundColor);\n  cy.get('.pixel').eq(clickedPixelIndex + 1).should('not.have.css', 'background-color', backgroundColor);\n  cy.get('.pixel').eq(clickedPixelIndex - 5).should('not.have.css', 'background-color', backgroundColor);\n  cy.get('.pixel').eq(clickedPixelIndex + 5).should('not.have.css', 'background-color', backgroundColor);\n  cy.get('.pixel').eq(clickedPixelIndex - 6).should('not.have.css', 'background-color', backgroundColor);\n  cy.get('.pixel').eq(clickedPixelIndex - 4).should('not.have.css', 'background-color', backgroundColor);\n  cy.get('.pixel').eq(clickedPixelIndex + 4).should('not.have.css', 'background-color', backgroundColor);\n  cy.get('.pixel').eq(clickedPixelIndex + 6).should('not.have.css', 'background-color', backgroundColor);\n});",
              "err": {},
              "uuid": "a5d37898-7cba-48dc-97fb-d4ee103c978f",
              "parentUUID": "1ce2ac0a-2340-4720-a952-36845c5c6f9f",
              "isHook": false,
              "skipped": false
            }
          ],
          "suites": [],
          "passes": [
            "a5d37898-7cba-48dc-97fb-d4ee103c978f"
          ],
          "failures": [
            "dd960ef7-4538-43d2-ae94-682c465d1210",
            "f10ebd20-2854-4da8-bef0-3f75a4ff6b40"
          ],
          "pending": [],
          "skipped": [],
          "duration": 13238,
          "root": false,
          "rootEmpty": false,
          "_timeout": 2000
        },
        {
          "uuid": "acf99f13-f133-4019-8060-1737dde726ab",
          "title": "9 - Crie um botão que, ao ser clicado, limpa o quadro preenchendo a cor de todos seus pixels com branco.",
          "fullFile": "",
          "file": "",
          "beforeHooks": [],
          "afterHooks": [],
          "tests": [
            {
              "title": "Verifica se o botão tem o `id` denominado `clear-board`",
              "fullTitle": "9 - Crie um botão que, ao ser clicado, limpa o quadro preenchendo a cor de todos seus pixels com branco. Verifica se o botão tem o `id` denominado `clear-board`",
              "timedOut": null,
              "duration": 4880,
              "state": "failed",
              "speed": null,
              "pass": false,
              "fail": true,
              "pending": false,
              "context": null,
              "code": "cy.get('#clear-board').should('be.visible');",
              "err": {
                "message": "CypressError: Timed out retrying: Expected to find element: '#clear-board', but never found it.",
                "estack": "CypressError: Timed out retrying: Expected to find element: '#clear-board', but never found it.\n    at cypressErr (http://localhost:61307/__cypress/runner/cypress_runner.js:149934:9)\n    at throwErr (http://localhost:61307/__cypress/runner/cypress_runner.js:149867:11)\n    at Object.throwErrByPath (http://localhost:61307/__cypress/runner/cypress_runner.js:149915:3)\n    at retry (http://localhost:61307/__cypress/runner/cypress_runner.js:144197:19)\n    at onFailFn (http://localhost:61307/__cypress/runner/cypress_runner.js:132448:16)\n    at tryCatcher (http://localhost:61307/__cypress/runner/cypress_runner.js:167415:23)\n    at Promise._settlePromiseFromHandler (http://localhost:61307/__cypress/runner/cypress_runner.js:165351:31)\n    at Promise._settlePromise (http://localhost:61307/__cypress/runner/cypress_runner.js:165408:18)\n    at Promise._settlePromise0 (http://localhost:61307/__cypress/runner/cypress_runner.js:165453:10)\n    at Promise._settlePromises (http://localhost:61307/__cypress/runner/cypress_runner.js:165528:18)\n    at Async../node_modules/bluebird/js/release/async.js.Async._drainQueue (http://localhost:61307/__cypress/runner/cypress_runner.js:162140:16)\n    at Async../node_modules/bluebird/js/release/async.js.Async._drainQueues (http://localhost:61307/__cypress/runner/cypress_runner.js:162150:10)\n    at Async.drainQueues (http://localhost:61307/__cypress/runner/cypress_runner.js:162024:14)",
                "diff": null
              },
              "uuid": "f31fa782-987c-463a-9725-52f70b2b0180",
              "parentUUID": "acf99f13-f133-4019-8060-1737dde726ab",
              "isHook": false,
              "skipped": false
            },
            {
              "title": "Verifica se o botão está posicionado entre a paleta de cores e o quadro de pixels",
              "fullTitle": "9 - Crie um botão que, ao ser clicado, limpa o quadro preenchendo a cor de todos seus pixels com branco. Verifica se o botão está posicionado entre a paleta de cores e o quadro de pixels",
              "timedOut": null,
              "duration": 4970,
              "state": "failed",
              "speed": null,
              "pass": false,
              "fail": true,
              "pending": false,
              "context": null,
              "code": "cy.get('#color-palette').then(function (palette) {\n  cy.get('#clear-board').should('be.belowOf', palette);\n});\ncy.get('#clear-board').then(function (clearBtn) {\n  cy.get('#pixel-board').should('be.belowOf', clearBtn);\n});",
              "err": {
                "message": "CypressError: Timed out retrying: Expected to find element: '#clear-board', but never found it.",
                "estack": "CypressError: Timed out retrying: Expected to find element: '#clear-board', but never found it.\n    at cypressErr (http://localhost:61307/__cypress/runner/cypress_runner.js:149934:9)\n    at throwErr (http://localhost:61307/__cypress/runner/cypress_runner.js:149867:11)\n    at Object.throwErrByPath (http://localhost:61307/__cypress/runner/cypress_runner.js:149915:3)\n    at retry (http://localhost:61307/__cypress/runner/cypress_runner.js:144197:19)\n    at onFailFn (http://localhost:61307/__cypress/runner/cypress_runner.js:132448:16)\n    at tryCatcher (http://localhost:61307/__cypress/runner/cypress_runner.js:167415:23)\n    at Promise._settlePromiseFromHandler (http://localhost:61307/__cypress/runner/cypress_runner.js:165351:31)\n    at Promise._settlePromise (http://localhost:61307/__cypress/runner/cypress_runner.js:165408:18)\n    at Promise._settlePromise0 (http://localhost:61307/__cypress/runner/cypress_runner.js:165453:10)\n    at Promise._settlePromises (http://localhost:61307/__cypress/runner/cypress_runner.js:165528:18)\n    at Async../node_modules/bluebird/js/release/async.js.Async._drainQueue (http://localhost:61307/__cypress/runner/cypress_runner.js:162140:16)\n    at Async../node_modules/bluebird/js/release/async.js.Async._drainQueues (http://localhost:61307/__cypress/runner/cypress_runner.js:162150:10)\n    at Async.drainQueues (http://localhost:61307/__cypress/runner/cypress_runner.js:162024:14)",
                "diff": null
              },
              "uuid": "783424b3-8297-4c5a-bb0c-e24dd9607512",
              "parentUUID": "acf99f13-f133-4019-8060-1737dde726ab",
              "isHook": false,
              "skipped": false
            },
            {
              "title": "Verifica se o texto do botão é 'Limpar'",
              "fullTitle": "9 - Crie um botão que, ao ser clicado, limpa o quadro preenchendo a cor de todos seus pixels com branco. Verifica se o texto do botão é 'Limpar'",
              "timedOut": null,
              "duration": 5263,
              "state": "failed",
              "speed": null,
              "pass": false,
              "fail": true,
              "pending": false,
              "context": null,
              "code": "cy.get('#clear-board').should('contain.text', 'Limpar');",
              "err": {
                "message": "CypressError: Timed out retrying: Expected to find element: '#clear-board', but never found it.",
                "estack": "CypressError: Timed out retrying: Expected to find element: '#clear-board', but never found it.\n    at cypressErr (http://localhost:61307/__cypress/runner/cypress_runner.js:149934:9)\n    at throwErr (http://localhost:61307/__cypress/runner/cypress_runner.js:149867:11)\n    at Object.throwErrByPath (http://localhost:61307/__cypress/runner/cypress_runner.js:149915:3)\n    at retry (http://localhost:61307/__cypress/runner/cypress_runner.js:144197:19)\n    at onFailFn (http://localhost:61307/__cypress/runner/cypress_runner.js:132448:16)\n    at tryCatcher (http://localhost:61307/__cypress/runner/cypress_runner.js:167415:23)\n    at Promise._settlePromiseFromHandler (http://localhost:61307/__cypress/runner/cypress_runner.js:165351:31)\n    at Promise._settlePromise (http://localhost:61307/__cypress/runner/cypress_runner.js:165408:18)\n    at Promise._settlePromise0 (http://localhost:61307/__cypress/runner/cypress_runner.js:165453:10)\n    at Promise._settlePromises (http://localhost:61307/__cypress/runner/cypress_runner.js:165528:18)\n    at Async../node_modules/bluebird/js/release/async.js.Async._drainQueue (http://localhost:61307/__cypress/runner/cypress_runner.js:162140:16)\n    at Async../node_modules/bluebird/js/release/async.js.Async._drainQueues (http://localhost:61307/__cypress/runner/cypress_runner.js:162150:10)\n    at Async.drainQueues (http://localhost:61307/__cypress/runner/cypress_runner.js:162024:14)",
                "diff": null
              },
              "uuid": "55b43e01-6bc9-4bc3-96a0-24dd0dc67daf",
              "parentUUID": "acf99f13-f133-4019-8060-1737dde726ab",
              "isHook": false,
              "skipped": false
            },
            {
              "title": "Verifica se ao clicar no botão, o quadro de pixels é totalmente preenchido de branco",
              "fullTitle": "9 - Crie um botão que, ao ser clicado, limpa o quadro preenchendo a cor de todos seus pixels com branco. Verifica se ao clicar no botão, o quadro de pixels é totalmente preenchido de branco",
              "timedOut": null,
              "duration": 5221,
              "state": "failed",
              "speed": null,
              "pass": false,
              "fail": true,
              "pending": false,
              "context": null,
              "code": "cy.get('.color').eq(1).then(function (color) {\n  var backgroundColor = color.css('background-color');\n  cy.wrap(color).click();\n  cy.get('.pixel').each(function (pixel) {\n    cy.wrap(pixel).click().should('have.css', 'background-color', backgroundColor);\n  });\n});\ncy.get('#clear-board').click();\ncy.get('.pixel').each(function (pixel) {\n  cy.wrap(pixel).should('have.css', 'background-color', WHITE);\n});",
              "err": {
                "message": "CypressError: Timed out retrying: expected '<div.pixel>' to have CSS property 'background-color' with the value 'rgb(12, 114, 142)', but the value was 'rgb(255, 255, 255)'",
                "estack": "CypressError: Timed out retrying: expected '<div.pixel>' to have CSS property 'background-color' with the value 'rgb(12, 114, 142)', but the value was 'rgb(255, 255, 255)'\n    at cypressErr (http://localhost:61307/__cypress/runner/cypress_runner.js:149934:9)\n    at throwErr (http://localhost:61307/__cypress/runner/cypress_runner.js:149867:11)\n    at Object.throwErrByPath (http://localhost:61307/__cypress/runner/cypress_runner.js:149915:3)\n    at retry (http://localhost:61307/__cypress/runner/cypress_runner.js:144197:19)\n    at onFailFn (http://localhost:61307/__cypress/runner/cypress_runner.js:132448:16)\n    at tryCatcher (http://localhost:61307/__cypress/runner/cypress_runner.js:167415:23)\n    at Promise._settlePromiseFromHandler (http://localhost:61307/__cypress/runner/cypress_runner.js:165351:31)\n    at Promise._settlePromise (http://localhost:61307/__cypress/runner/cypress_runner.js:165408:18)\n    at Promise._settlePromise0 (http://localhost:61307/__cypress/runner/cypress_runner.js:165453:10)\n    at Promise._settlePromises (http://localhost:61307/__cypress/runner/cypress_runner.js:165528:18)\n    at Async../node_modules/bluebird/js/release/async.js.Async._drainQueue (http://localhost:61307/__cypress/runner/cypress_runner.js:162140:16)\n    at Async../node_modules/bluebird/js/release/async.js.Async._drainQueues (http://localhost:61307/__cypress/runner/cypress_runner.js:162150:10)\n    at Async.drainQueues (http://localhost:61307/__cypress/runner/cypress_runner.js:162024:14)",
                "diff": null
              },
              "uuid": "6088f251-f950-4121-a903-c18add12ad35",
              "parentUUID": "acf99f13-f133-4019-8060-1737dde726ab",
              "isHook": false,
              "skipped": false
            }
          ],
          "suites": [],
          "passes": [],
          "failures": [
            "f31fa782-987c-463a-9725-52f70b2b0180",
            "783424b3-8297-4c5a-bb0c-e24dd9607512",
            "55b43e01-6bc9-4bc3-96a0-24dd0dc67daf",
            "6088f251-f950-4121-a903-c18add12ad35"
          ],
          "pending": [],
          "skipped": [],
          "duration": 20334,
          "root": false,
          "rootEmpty": false,
          "_timeout": 2000
        },
        {
          "uuid": "da1c13c8-d995-49a3-af0f-68ef99ac79aa",
          "title": "10 - Faça o quadro de pixels ter seu tamanho definido pelo usuário.",
          "fullFile": "",
          "file": "",
          "beforeHooks": [],
          "afterHooks": [],
          "tests": [
            {
              "title": "Verifica se existe um input com o id `board-size`",
              "fullTitle": "10 - Faça o quadro de pixels ter seu tamanho definido pelo usuário. Verifica se existe um input com o id `board-size`",
              "timedOut": null,
              "duration": 5284,
              "state": "failed",
              "speed": null,
              "pass": false,
              "fail": true,
              "pending": false,
              "context": null,
              "code": "cy.get('#board-size').should('be.visible');",
              "err": {
                "message": "CypressError: Timed out retrying: Expected to find element: '#board-size', but never found it.",
                "estack": "CypressError: Timed out retrying: Expected to find element: '#board-size', but never found it.\n    at cypressErr (http://localhost:61307/__cypress/runner/cypress_runner.js:149934:9)\n    at throwErr (http://localhost:61307/__cypress/runner/cypress_runner.js:149867:11)\n    at Object.throwErrByPath (http://localhost:61307/__cypress/runner/cypress_runner.js:149915:3)\n    at retry (http://localhost:61307/__cypress/runner/cypress_runner.js:144197:19)\n    at onFailFn (http://localhost:61307/__cypress/runner/cypress_runner.js:132448:16)\n    at tryCatcher (http://localhost:61307/__cypress/runner/cypress_runner.js:167415:23)\n    at Promise._settlePromiseFromHandler (http://localhost:61307/__cypress/runner/cypress_runner.js:165351:31)\n    at Promise._settlePromise (http://localhost:61307/__cypress/runner/cypress_runner.js:165408:18)\n    at Promise._settlePromise0 (http://localhost:61307/__cypress/runner/cypress_runner.js:165453:10)\n    at Promise._settlePromises (http://localhost:61307/__cypress/runner/cypress_runner.js:165528:18)\n    at Async../node_modules/bluebird/js/release/async.js.Async._drainQueue (http://localhost:61307/__cypress/runner/cypress_runner.js:162140:16)\n    at Async../node_modules/bluebird/js/release/async.js.Async._drainQueues (http://localhost:61307/__cypress/runner/cypress_runner.js:162150:10)\n    at Async.drainQueues (http://localhost:61307/__cypress/runner/cypress_runner.js:162024:14)",
                "diff": null
              },
              "uuid": "e8584797-5407-4433-97a8-8102bd8be0c7",
              "parentUUID": "da1c13c8-d995-49a3-af0f-68ef99ac79aa",
              "isHook": false,
              "skipped": false
            },
            {
              "title": "Verifica se existe um botão com o id `generate-board`",
              "fullTitle": "10 - Faça o quadro de pixels ter seu tamanho definido pelo usuário. Verifica se existe um botão com o id `generate-board`",
              "timedOut": null,
              "duration": 5109,
              "state": "failed",
              "speed": null,
              "pass": false,
              "fail": true,
              "pending": false,
              "context": null,
              "code": "cy.get('#generate-board').should('be.visible');",
              "err": {
                "message": "CypressError: Timed out retrying: Expected to find element: '#generate-board', but never found it.",
                "estack": "CypressError: Timed out retrying: Expected to find element: '#generate-board', but never found it.\n    at cypressErr (http://localhost:61307/__cypress/runner/cypress_runner.js:149934:9)\n    at throwErr (http://localhost:61307/__cypress/runner/cypress_runner.js:149867:11)\n    at Object.throwErrByPath (http://localhost:61307/__cypress/runner/cypress_runner.js:149915:3)\n    at retry (http://localhost:61307/__cypress/runner/cypress_runner.js:144197:19)\n    at onFailFn (http://localhost:61307/__cypress/runner/cypress_runner.js:132448:16)\n    at tryCatcher (http://localhost:61307/__cypress/runner/cypress_runner.js:167415:23)\n    at Promise._settlePromiseFromHandler (http://localhost:61307/__cypress/runner/cypress_runner.js:165351:31)\n    at Promise._settlePromise (http://localhost:61307/__cypress/runner/cypress_runner.js:165408:18)\n    at Promise._settlePromise0 (http://localhost:61307/__cypress/runner/cypress_runner.js:165453:10)\n    at Promise._settlePromises (http://localhost:61307/__cypress/runner/cypress_runner.js:165528:18)\n    at Async../node_modules/bluebird/js/release/async.js.Async._drainQueue (http://localhost:61307/__cypress/runner/cypress_runner.js:162140:16)\n    at Async../node_modules/bluebird/js/release/async.js.Async._drainQueues (http://localhost:61307/__cypress/runner/cypress_runner.js:162150:10)\n    at Async.drainQueues (http://localhost:61307/__cypress/runner/cypress_runner.js:162024:14)",
                "diff": null
              },
              "uuid": "e5cffe67-0421-4af2-aa55-c778b66aeaf4",
              "parentUUID": "da1c13c8-d995-49a3-af0f-68ef99ac79aa",
              "isHook": false,
              "skipped": false
            },
            {
              "title": "Verifica se o input só aceita número maiores que zero. Essa restrição deve ser feita usando os atributos do elemento `input`",
              "fullTitle": "10 - Faça o quadro de pixels ter seu tamanho definido pelo usuário. Verifica se o input só aceita número maiores que zero. Essa restrição deve ser feita usando os atributos do elemento `input`",
              "timedOut": null,
              "duration": 5320,
              "state": "failed",
              "speed": null,
              "pass": false,
              "fail": true,
              "pending": false,
              "context": null,
              "code": "cy.get('#board-size[type=\\'number\\'][min=\\'1\\']');",
              "err": {
                "message": "CypressError: Timed out retrying: Expected to find element: '#board-size[type='number'][min='1']', but never found it.",
                "estack": "CypressError: Timed out retrying: Expected to find element: '#board-size[type='number'][min='1']', but never found it.\n    at cypressErr (http://localhost:61307/__cypress/runner/cypress_runner.js:149934:9)\n    at throwErr (http://localhost:61307/__cypress/runner/cypress_runner.js:149867:11)\n    at Object.throwErrByPath (http://localhost:61307/__cypress/runner/cypress_runner.js:149915:3)\n    at retry (http://localhost:61307/__cypress/runner/cypress_runner.js:144197:19)\n    at onFailFn (http://localhost:61307/__cypress/runner/cypress_runner.js:132448:16)\n    at tryCatcher (http://localhost:61307/__cypress/runner/cypress_runner.js:167415:23)\n    at Promise._settlePromiseFromHandler (http://localhost:61307/__cypress/runner/cypress_runner.js:165351:31)\n    at Promise._settlePromise (http://localhost:61307/__cypress/runner/cypress_runner.js:165408:18)\n    at Promise._settlePromise0 (http://localhost:61307/__cypress/runner/cypress_runner.js:165453:10)\n    at Promise._settlePromises (http://localhost:61307/__cypress/runner/cypress_runner.js:165528:18)\n    at Async../node_modules/bluebird/js/release/async.js.Async._drainQueue (http://localhost:61307/__cypress/runner/cypress_runner.js:162140:16)\n    at Async../node_modules/bluebird/js/release/async.js.Async._drainQueues (http://localhost:61307/__cypress/runner/cypress_runner.js:162150:10)\n    at Async.drainQueues (http://localhost:61307/__cypress/runner/cypress_runner.js:162024:14)",
                "diff": null
              },
              "uuid": "1ca9b4a7-86cd-47e1-b80a-08be75b7dcfd",
              "parentUUID": "da1c13c8-d995-49a3-af0f-68ef99ac79aa",
              "isHook": false,
              "skipped": false
            },
            {
              "title": "Verifica se o botão contém o texto 'VQV'",
              "fullTitle": "10 - Faça o quadro de pixels ter seu tamanho definido pelo usuário. Verifica se o botão contém o texto 'VQV'",
              "timedOut": null,
              "duration": 5355,
              "state": "failed",
              "speed": null,
              "pass": false,
              "fail": true,
              "pending": false,
              "context": null,
              "code": "cy.get('#generate-board').contains(/vqv/i);",
              "err": {
                "message": "CypressError: Timed out retrying: Expected to find element: '#generate-board', but never found it.",
                "estack": "CypressError: Timed out retrying: Expected to find element: '#generate-board', but never found it.\n    at cypressErr (http://localhost:61307/__cypress/runner/cypress_runner.js:149934:9)\n    at throwErr (http://localhost:61307/__cypress/runner/cypress_runner.js:149867:11)\n    at Object.throwErrByPath (http://localhost:61307/__cypress/runner/cypress_runner.js:149915:3)\n    at retry (http://localhost:61307/__cypress/runner/cypress_runner.js:144197:19)\n    at onFailFn (http://localhost:61307/__cypress/runner/cypress_runner.js:132448:16)\n    at tryCatcher (http://localhost:61307/__cypress/runner/cypress_runner.js:167415:23)\n    at Promise._settlePromiseFromHandler (http://localhost:61307/__cypress/runner/cypress_runner.js:165351:31)\n    at Promise._settlePromise (http://localhost:61307/__cypress/runner/cypress_runner.js:165408:18)\n    at Promise._settlePromise0 (http://localhost:61307/__cypress/runner/cypress_runner.js:165453:10)\n    at Promise._settlePromises (http://localhost:61307/__cypress/runner/cypress_runner.js:165528:18)\n    at Async../node_modules/bluebird/js/release/async.js.Async._drainQueue (http://localhost:61307/__cypress/runner/cypress_runner.js:162140:16)\n    at Async../node_modules/bluebird/js/release/async.js.Async._drainQueues (http://localhost:61307/__cypress/runner/cypress_runner.js:162150:10)\n    at Async.drainQueues (http://localhost:61307/__cypress/runner/cypress_runner.js:162024:14)",
                "diff": null
              },
              "uuid": "64aa6df4-5aef-4594-938e-caef2f32a867",
              "parentUUID": "da1c13c8-d995-49a3-af0f-68ef99ac79aa",
              "isHook": false,
              "skipped": false
            },
            {
              "title": "Verifica se o input está posicionado entre a paleta de cores e o quadro de pixels",
              "fullTitle": "10 - Faça o quadro de pixels ter seu tamanho definido pelo usuário. Verifica se o input está posicionado entre a paleta de cores e o quadro de pixels",
              "timedOut": null,
              "duration": 5095,
              "state": "failed",
              "speed": null,
              "pass": false,
              "fail": true,
              "pending": false,
              "context": null,
              "code": "cy.get('#color-palette').then(function (palette) {\n  cy.get('#board-size').should('be.belowOf', palette);\n});\ncy.get('#board-size').then(function (palette) {\n  cy.get('#pixel-board').should('be.belowOf', palette);\n});",
              "err": {
                "message": "CypressError: Timed out retrying: Expected to find element: '#board-size', but never found it.",
                "estack": "CypressError: Timed out retrying: Expected to find element: '#board-size', but never found it.\n    at cypressErr (http://localhost:61307/__cypress/runner/cypress_runner.js:149934:9)\n    at throwErr (http://localhost:61307/__cypress/runner/cypress_runner.js:149867:11)\n    at Object.throwErrByPath (http://localhost:61307/__cypress/runner/cypress_runner.js:149915:3)\n    at retry (http://localhost:61307/__cypress/runner/cypress_runner.js:144197:19)\n    at onFailFn (http://localhost:61307/__cypress/runner/cypress_runner.js:132448:16)\n    at tryCatcher (http://localhost:61307/__cypress/runner/cypress_runner.js:167415:23)\n    at Promise._settlePromiseFromHandler (http://localhost:61307/__cypress/runner/cypress_runner.js:165351:31)\n    at Promise._settlePromise (http://localhost:61307/__cypress/runner/cypress_runner.js:165408:18)\n    at Promise._settlePromise0 (http://localhost:61307/__cypress/runner/cypress_runner.js:165453:10)\n    at Promise._settlePromises (http://localhost:61307/__cypress/runner/cypress_runner.js:165528:18)\n    at Async../node_modules/bluebird/js/release/async.js.Async._drainQueue (http://localhost:61307/__cypress/runner/cypress_runner.js:162140:16)\n    at Async../node_modules/bluebird/js/release/async.js.Async._drainQueues (http://localhost:61307/__cypress/runner/cypress_runner.js:162150:10)\n    at Async.drainQueues (http://localhost:61307/__cypress/runner/cypress_runner.js:162024:14)",
                "diff": null
              },
              "uuid": "1cab0997-5177-4010-9e2d-27fbe539e1c1",
              "parentUUID": "da1c13c8-d995-49a3-af0f-68ef99ac79aa",
              "isHook": false,
              "skipped": false
            },
            {
              "title": "Verifica se o botão está posicionado ao lado do input",
              "fullTitle": "10 - Faça o quadro de pixels ter seu tamanho definido pelo usuário. Verifica se o botão está posicionado ao lado do input",
              "timedOut": null,
              "duration": 5072,
              "state": "failed",
              "speed": null,
              "pass": false,
              "fail": true,
              "pending": false,
              "context": null,
              "code": "cy.get('#board-size').then(function (board) {\n  cy.get('#generate-board').should('be.onTheRightOf', board);\n});",
              "err": {
                "message": "CypressError: Timed out retrying: Expected to find element: '#board-size', but never found it.",
                "estack": "CypressError: Timed out retrying: Expected to find element: '#board-size', but never found it.\n    at cypressErr (http://localhost:61307/__cypress/runner/cypress_runner.js:149934:9)\n    at throwErr (http://localhost:61307/__cypress/runner/cypress_runner.js:149867:11)\n    at Object.throwErrByPath (http://localhost:61307/__cypress/runner/cypress_runner.js:149915:3)\n    at retry (http://localhost:61307/__cypress/runner/cypress_runner.js:144197:19)\n    at onFailFn (http://localhost:61307/__cypress/runner/cypress_runner.js:132448:16)\n    at tryCatcher (http://localhost:61307/__cypress/runner/cypress_runner.js:167415:23)\n    at Promise._settlePromiseFromHandler (http://localhost:61307/__cypress/runner/cypress_runner.js:165351:31)\n    at Promise._settlePromise (http://localhost:61307/__cypress/runner/cypress_runner.js:165408:18)\n    at Promise._settlePromise0 (http://localhost:61307/__cypress/runner/cypress_runner.js:165453:10)\n    at Promise._settlePromises (http://localhost:61307/__cypress/runner/cypress_runner.js:165528:18)\n    at Async../node_modules/bluebird/js/release/async.js.Async._drainQueue (http://localhost:61307/__cypress/runner/cypress_runner.js:162140:16)\n    at Async../node_modules/bluebird/js/release/async.js.Async._drainQueues (http://localhost:61307/__cypress/runner/cypress_runner.js:162150:10)\n    at Async.drainQueues (http://localhost:61307/__cypress/runner/cypress_runner.js:162024:14)",
                "diff": null
              },
              "uuid": "f6eb8531-4a9e-478c-a018-901f58386a75",
              "parentUUID": "da1c13c8-d995-49a3-af0f-68ef99ac79aa",
              "isHook": false,
              "skipped": false
            },
            {
              "title": "Verifica se nenhum valor for colocado no input ao clicar no botão, um `alert` é exibido com o texto: 'Board inválido!'",
              "fullTitle": "10 - Faça o quadro de pixels ter seu tamanho definido pelo usuário. Verifica se nenhum valor for colocado no input ao clicar no botão, um `alert` é exibido com o texto: 'Board inválido!'",
              "timedOut": null,
              "duration": 5368,
              "state": "failed",
              "speed": null,
              "pass": false,
              "fail": true,
              "pending": false,
              "context": null,
              "code": "var alerted = false;\ncy.on('window:alert', function (msg) {\n  return alerted = msg;\n});\ncy.get('#generate-board').click().then(function () {\n  return expect(alerted).to.match(/Board inválido!/i);\n});",
              "err": {
                "message": "CypressError: Timed out retrying: Expected to find element: '#generate-board', but never found it.",
                "estack": "CypressError: Timed out retrying: Expected to find element: '#generate-board', but never found it.\n    at cypressErr (http://localhost:61307/__cypress/runner/cypress_runner.js:149934:9)\n    at throwErr (http://localhost:61307/__cypress/runner/cypress_runner.js:149867:11)\n    at Object.throwErrByPath (http://localhost:61307/__cypress/runner/cypress_runner.js:149915:3)\n    at retry (http://localhost:61307/__cypress/runner/cypress_runner.js:144197:19)\n    at onFailFn (http://localhost:61307/__cypress/runner/cypress_runner.js:132448:16)\n    at tryCatcher (http://localhost:61307/__cypress/runner/cypress_runner.js:167415:23)\n    at Promise._settlePromiseFromHandler (http://localhost:61307/__cypress/runner/cypress_runner.js:165351:31)\n    at Promise._settlePromise (http://localhost:61307/__cypress/runner/cypress_runner.js:165408:18)\n    at Promise._settlePromise0 (http://localhost:61307/__cypress/runner/cypress_runner.js:165453:10)\n    at Promise._settlePromises (http://localhost:61307/__cypress/runner/cypress_runner.js:165528:18)\n    at Async../node_modules/bluebird/js/release/async.js.Async._drainQueue (http://localhost:61307/__cypress/runner/cypress_runner.js:162140:16)\n    at Async../node_modules/bluebird/js/release/async.js.Async._drainQueues (http://localhost:61307/__cypress/runner/cypress_runner.js:162150:10)\n    at Async.drainQueues (http://localhost:61307/__cypress/runner/cypress_runner.js:162024:14)",
                "diff": null
              },
              "uuid": "071485f5-03b2-4600-8806-9af0daa231b3",
              "parentUUID": "da1c13c8-d995-49a3-af0f-68ef99ac79aa",
              "isHook": false,
              "skipped": false
            },
            {
              "title": "Verifica se ao clicar no botão com um valor preenchido, o tamanho do board muda.",
              "fullTitle": "10 - Faça o quadro de pixels ter seu tamanho definido pelo usuário. Verifica se ao clicar no botão com um valor preenchido, o tamanho do board muda.",
              "timedOut": null,
              "duration": 5565,
              "state": "failed",
              "speed": null,
              "pass": false,
              "fail": true,
              "pending": false,
              "context": null,
              "code": "cy.get('#board-size').clear().type(10);\ncy.get('#generate-board').click();\ncy.get('.pixel').should('have.length', 100);",
              "err": {
                "message": "CypressError: Timed out retrying: Expected to find element: '#board-size', but never found it.",
                "estack": "CypressError: Timed out retrying: Expected to find element: '#board-size', but never found it.\n    at cypressErr (http://localhost:61307/__cypress/runner/cypress_runner.js:149934:9)\n    at throwErr (http://localhost:61307/__cypress/runner/cypress_runner.js:149867:11)\n    at Object.throwErrByPath (http://localhost:61307/__cypress/runner/cypress_runner.js:149915:3)\n    at retry (http://localhost:61307/__cypress/runner/cypress_runner.js:144197:19)\n    at onFailFn (http://localhost:61307/__cypress/runner/cypress_runner.js:132448:16)\n    at tryCatcher (http://localhost:61307/__cypress/runner/cypress_runner.js:167415:23)\n    at Promise._settlePromiseFromHandler (http://localhost:61307/__cypress/runner/cypress_runner.js:165351:31)\n    at Promise._settlePromise (http://localhost:61307/__cypress/runner/cypress_runner.js:165408:18)\n    at Promise._settlePromise0 (http://localhost:61307/__cypress/runner/cypress_runner.js:165453:10)\n    at Promise._settlePromises (http://localhost:61307/__cypress/runner/cypress_runner.js:165528:18)\n    at Async../node_modules/bluebird/js/release/async.js.Async._drainQueue (http://localhost:61307/__cypress/runner/cypress_runner.js:162140:16)\n    at Async../node_modules/bluebird/js/release/async.js.Async._drainQueues (http://localhost:61307/__cypress/runner/cypress_runner.js:162150:10)\n    at Async.drainQueues (http://localhost:61307/__cypress/runner/cypress_runner.js:162024:14)",
                "diff": null
              },
              "uuid": "37879221-213e-4b7e-904b-00ff0dcaa822",
              "parentUUID": "da1c13c8-d995-49a3-af0f-68ef99ac79aa",
              "isHook": false,
              "skipped": false
            },
            {
              "title": "Verifica se o novo quadro tem todos os pixels preenchidos com a cor branca",
              "fullTitle": "10 - Faça o quadro de pixels ter seu tamanho definido pelo usuário. Verifica se o novo quadro tem todos os pixels preenchidos com a cor branca",
              "timedOut": null,
              "duration": 5644,
              "state": "failed",
              "speed": null,
              "pass": false,
              "fail": true,
              "pending": false,
              "context": null,
              "code": "cy.get('#board-size').clear().type(6);\ncy.get('#generate-board').click();\ncy.get('.pixel').should('have.length', 36).each(function (pixel) {\n  expect(pixel).to.have.css('background-color', WHITE);\n});",
              "err": {
                "message": "CypressError: Timed out retrying: Expected to find element: '#board-size', but never found it.",
                "estack": "CypressError: Timed out retrying: Expected to find element: '#board-size', but never found it.\n    at cypressErr (http://localhost:61307/__cypress/runner/cypress_runner.js:149934:9)\n    at throwErr (http://localhost:61307/__cypress/runner/cypress_runner.js:149867:11)\n    at Object.throwErrByPath (http://localhost:61307/__cypress/runner/cypress_runner.js:149915:3)\n    at retry (http://localhost:61307/__cypress/runner/cypress_runner.js:144197:19)\n    at onFailFn (http://localhost:61307/__cypress/runner/cypress_runner.js:132448:16)\n    at tryCatcher (http://localhost:61307/__cypress/runner/cypress_runner.js:167415:23)\n    at Promise._settlePromiseFromHandler (http://localhost:61307/__cypress/runner/cypress_runner.js:165351:31)\n    at Promise._settlePromise (http://localhost:61307/__cypress/runner/cypress_runner.js:165408:18)\n    at Promise._settlePromise0 (http://localhost:61307/__cypress/runner/cypress_runner.js:165453:10)\n    at Promise._settlePromises (http://localhost:61307/__cypress/runner/cypress_runner.js:165528:18)\n    at Async../node_modules/bluebird/js/release/async.js.Async._drainQueue (http://localhost:61307/__cypress/runner/cypress_runner.js:162140:16)\n    at Async../node_modules/bluebird/js/release/async.js.Async._drainQueues (http://localhost:61307/__cypress/runner/cypress_runner.js:162150:10)\n    at Async.drainQueues (http://localhost:61307/__cypress/runner/cypress_runner.js:162024:14)",
                "diff": null
              },
              "uuid": "9519d47f-f3cd-4e10-a929-37a520ab0797",
              "parentUUID": "da1c13c8-d995-49a3-af0f-68ef99ac79aa",
              "isHook": false,
              "skipped": false
            }
          ],
          "suites": [],
          "passes": [],
          "failures": [
            "e8584797-5407-4433-97a8-8102bd8be0c7",
            "e5cffe67-0421-4af2-aa55-c778b66aeaf4",
            "1ca9b4a7-86cd-47e1-b80a-08be75b7dcfd",
            "64aa6df4-5aef-4594-938e-caef2f32a867",
            "1cab0997-5177-4010-9e2d-27fbe539e1c1",
            "f6eb8531-4a9e-478c-a018-901f58386a75",
            "071485f5-03b2-4600-8806-9af0daa231b3",
            "37879221-213e-4b7e-904b-00ff0dcaa822",
            "9519d47f-f3cd-4e10-a929-37a520ab0797"
          ],
          "pending": [],
          "skipped": [],
          "duration": 47812,
          "root": false,
          "rootEmpty": false,
          "_timeout": 2000
        },
        {
          "uuid": "4522d07a-4840-4061-97f8-7dda65b0c17d",
          "title": "11 - Limite o tamanho mínimo e máximo do board.",
          "fullFile": "",
          "file": "",
          "beforeHooks": [],
          "afterHooks": [],
          "tests": [
            {
              "title": "Verifica se a altura máxima do board é 50",
              "fullTitle": "11 - Limite o tamanho mínimo e máximo do board. Verifica se a altura máxima do board é 50",
              "timedOut": null,
              "duration": 5645,
              "state": "failed",
              "speed": null,
              "pass": false,
              "fail": true,
              "pending": false,
              "context": null,
              "code": "cy.get('#board-size').clear().type(50);\ncy.get('#generate-board').click();\ncy.get('.pixel').should('have.length', 2500);",
              "err": {
                "message": "CypressError: Timed out retrying: Expected to find element: '#board-size', but never found it.",
                "estack": "CypressError: Timed out retrying: Expected to find element: '#board-size', but never found it.\n    at cypressErr (http://localhost:61307/__cypress/runner/cypress_runner.js:149934:9)\n    at throwErr (http://localhost:61307/__cypress/runner/cypress_runner.js:149867:11)\n    at Object.throwErrByPath (http://localhost:61307/__cypress/runner/cypress_runner.js:149915:3)\n    at retry (http://localhost:61307/__cypress/runner/cypress_runner.js:144197:19)\n    at onFailFn (http://localhost:61307/__cypress/runner/cypress_runner.js:132448:16)\n    at tryCatcher (http://localhost:61307/__cypress/runner/cypress_runner.js:167415:23)\n    at Promise._settlePromiseFromHandler (http://localhost:61307/__cypress/runner/cypress_runner.js:165351:31)\n    at Promise._settlePromise (http://localhost:61307/__cypress/runner/cypress_runner.js:165408:18)\n    at Promise._settlePromise0 (http://localhost:61307/__cypress/runner/cypress_runner.js:165453:10)\n    at Promise._settlePromises (http://localhost:61307/__cypress/runner/cypress_runner.js:165528:18)\n    at Async../node_modules/bluebird/js/release/async.js.Async._drainQueue (http://localhost:61307/__cypress/runner/cypress_runner.js:162140:16)\n    at Async../node_modules/bluebird/js/release/async.js.Async._drainQueues (http://localhost:61307/__cypress/runner/cypress_runner.js:162150:10)\n    at Async.drainQueues (http://localhost:61307/__cypress/runner/cypress_runner.js:162024:14)",
                "diff": null
              },
              "uuid": "f4d0f508-ebe7-437a-94a8-49dc44ffcdcb",
              "parentUUID": "4522d07a-4840-4061-97f8-7dda65b0c17d",
              "isHook": false,
              "skipped": false
            },
            {
              "title": "Verifica se a altura do board é 5 quando um valor menor é colocado no input",
              "fullTitle": "11 - Limite o tamanho mínimo e máximo do board. Verifica se a altura do board é 5 quando um valor menor é colocado no input",
              "timedOut": null,
              "duration": 5768,
              "state": "failed",
              "speed": null,
              "pass": false,
              "fail": true,
              "pending": false,
              "context": null,
              "code": "cy.get('#board-size').clear().type(4);\ncy.get('#generate-board').click();\ncy.get('.pixel').should('have.length', 25);",
              "err": {
                "message": "CypressError: Timed out retrying: Expected to find element: '#board-size', but never found it.",
                "estack": "CypressError: Timed out retrying: Expected to find element: '#board-size', but never found it.\n    at cypressErr (http://localhost:61307/__cypress/runner/cypress_runner.js:149934:9)\n    at throwErr (http://localhost:61307/__cypress/runner/cypress_runner.js:149867:11)\n    at Object.throwErrByPath (http://localhost:61307/__cypress/runner/cypress_runner.js:149915:3)\n    at retry (http://localhost:61307/__cypress/runner/cypress_runner.js:144197:19)\n    at onFailFn (http://localhost:61307/__cypress/runner/cypress_runner.js:132448:16)\n    at tryCatcher (http://localhost:61307/__cypress/runner/cypress_runner.js:167415:23)\n    at Promise._settlePromiseFromHandler (http://localhost:61307/__cypress/runner/cypress_runner.js:165351:31)\n    at Promise._settlePromise (http://localhost:61307/__cypress/runner/cypress_runner.js:165408:18)\n    at Promise._settlePromise0 (http://localhost:61307/__cypress/runner/cypress_runner.js:165453:10)\n    at Promise._settlePromises (http://localhost:61307/__cypress/runner/cypress_runner.js:165528:18)\n    at Async../node_modules/bluebird/js/release/async.js.Async._drainQueue (http://localhost:61307/__cypress/runner/cypress_runner.js:162140:16)\n    at Async../node_modules/bluebird/js/release/async.js.Async._drainQueues (http://localhost:61307/__cypress/runner/cypress_runner.js:162150:10)\n    at Async.drainQueues (http://localhost:61307/__cypress/runner/cypress_runner.js:162024:14)",
                "diff": null
              },
              "uuid": "b816ce4d-53c5-4ee5-a81b-cd6e0186e9ea",
              "parentUUID": "4522d07a-4840-4061-97f8-7dda65b0c17d",
              "isHook": false,
              "skipped": false
            },
            {
              "title": "Verifica se a altura do board é 50 quando um valor maior é colocado no input",
              "fullTitle": "11 - Limite o tamanho mínimo e máximo do board. Verifica se a altura do board é 50 quando um valor maior é colocado no input",
              "timedOut": null,
              "duration": 5233,
              "state": "failed",
              "speed": null,
              "pass": false,
              "fail": true,
              "pending": false,
              "context": null,
              "code": "cy.get('#board-size').clear().type(51);\ncy.get('#generate-board').click();\ncy.get('.pixel').should('have.length', 2500);",
              "err": {
                "message": "CypressError: Timed out retrying: Expected to find element: '#board-size', but never found it.",
                "estack": "CypressError: Timed out retrying: Expected to find element: '#board-size', but never found it.\n    at cypressErr (http://localhost:61307/__cypress/runner/cypress_runner.js:149934:9)\n    at throwErr (http://localhost:61307/__cypress/runner/cypress_runner.js:149867:11)\n    at Object.throwErrByPath (http://localhost:61307/__cypress/runner/cypress_runner.js:149915:3)\n    at retry (http://localhost:61307/__cypress/runner/cypress_runner.js:144197:19)\n    at onFailFn (http://localhost:61307/__cypress/runner/cypress_runner.js:132448:16)\n    at tryCatcher (http://localhost:61307/__cypress/runner/cypress_runner.js:167415:23)\n    at Promise._settlePromiseFromHandler (http://localhost:61307/__cypress/runner/cypress_runner.js:165351:31)\n    at Promise._settlePromise (http://localhost:61307/__cypress/runner/cypress_runner.js:165408:18)\n    at Promise._settlePromise0 (http://localhost:61307/__cypress/runner/cypress_runner.js:165453:10)\n    at Promise._settlePromises (http://localhost:61307/__cypress/runner/cypress_runner.js:165528:18)\n    at Async../node_modules/bluebird/js/release/async.js.Async._drainQueue (http://localhost:61307/__cypress/runner/cypress_runner.js:162140:16)\n    at Async../node_modules/bluebird/js/release/async.js.Async._drainQueues (http://localhost:61307/__cypress/runner/cypress_runner.js:162150:10)\n    at Async.drainQueues (http://localhost:61307/__cypress/runner/cypress_runner.js:162024:14)",
                "diff": null
              },
              "uuid": "077e1eec-52d1-41d3-b7ea-369e6be37f49",
              "parentUUID": "4522d07a-4840-4061-97f8-7dda65b0c17d",
              "isHook": false,
              "skipped": false
            }
          ],
          "suites": [],
          "passes": [],
          "failures": [
            "f4d0f508-ebe7-437a-94a8-49dc44ffcdcb",
            "b816ce4d-53c5-4ee5-a81b-cd6e0186e9ea",
            "077e1eec-52d1-41d3-b7ea-369e6be37f49"
          ],
          "pending": [],
          "skipped": [],
          "duration": 16646,
          "root": false,
          "rootEmpty": false,
          "_timeout": 2000
        },
        {
          "uuid": "de442b0d-6e7b-418b-aad8-6bd422f39693",
          "title": "12 - Faça com que as cores da paleta sejam geradas aleatoriamente ao carregar a página.",
          "fullFile": "",
          "file": "",
          "beforeHooks": [],
          "afterHooks": [],
          "tests": [
            {
              "title": "Verifica se as cores geradas na paleta são diferentes a cada carregamento da página",
              "fullTitle": "12 - Faça com que as cores da paleta sejam geradas aleatoriamente ao carregar a página. Verifica se as cores geradas na paleta são diferentes a cada carregamento da página",
              "timedOut": null,
              "duration": 1436,
              "state": "failed",
              "speed": null,
              "pass": false,
              "fail": true,
              "pending": false,
              "context": null,
              "code": "cy.get('.color').then(function (colors) {\n  var currentColors;\n  var previousColors;\n  previousColors = Array.from(colors).map(function (color) {\n    return Cypress.$(color).css('background-color');\n  });\n  for (var i = 0; i < 5; i += 1) {\n    cy.reload();\n    cy.get('.color').then(function (colors) {\n      currentColors = Array.from(colors).map(function (color) {\n        return Cypress.$(color).css('background-color');\n      });\n      expect(currentColors).not.to.deep.equal(previousColors);\n      previousColors = currentColors;\n    });\n  }\n});",
              "err": {
                "message": "AssertionError: expected [ Array(4) ] to not deeply equal [ Array(4) ]",
                "estack": "AssertionError: expected [ Array(4) ] to not deeply equal [ Array(4) ]\n    at getRet (http://localhost:61307/__cypress/runner/cypress_runner.js:136585:16)\n    at tryCatcher (http://localhost:61307/__cypress/runner/cypress_runner.js:167415:23)\n    at Function.Promise.attempt.Promise.try (http://localhost:61307/__cypress/runner/cypress_runner.js:164690:29)\n    at Context.thenFn (http://localhost:61307/__cypress/runner/cypress_runner.js:136599:23)\n    at Context.then (http://localhost:61307/__cypress/runner/cypress_runner.js:136971:21)\n    at Context.<anonymous> (http://localhost:61307/__cypress/runner/cypress_runner.js:148875:21)\n    at http://localhost:61307/__cypress/runner/cypress_runner.js:148351:33\n    at tryCatcher (http://localhost:61307/__cypress/runner/cypress_runner.js:167415:23)\n    at Promise._settlePromiseFromHandler (http://localhost:61307/__cypress/runner/cypress_runner.js:165351:31)\n    at Promise._settlePromise (http://localhost:61307/__cypress/runner/cypress_runner.js:165408:18)\n    at Promise._settlePromiseCtx (http://localhost:61307/__cypress/runner/cypress_runner.js:165445:10)\n    at Async../node_modules/bluebird/js/release/async.js.Async._drainQueue (http://localhost:61307/__cypress/runner/cypress_runner.js:162145:12)\n    at Async../node_modules/bluebird/js/release/async.js.Async._drainQueues (http://localhost:61307/__cypress/runner/cypress_runner.js:162150:10)\n    at Async.drainQueues (http://localhost:61307/__cypress/runner/cypress_runner.js:162024:14)",
                "diff": ""
              },
              "uuid": "cfd98000-d355-4596-85ab-9bfac7f7c9da",
              "parentUUID": "de442b0d-6e7b-418b-aad8-6bd422f39693",
              "isHook": false,
              "skipped": false
            },
            {
              "title": "Verifica se a cor preta ainda está presente e é a primeira na sua paleta de cores",
              "fullTitle": "12 - Faça com que as cores da paleta sejam geradas aleatoriamente ao carregar a página. Verifica se a cor preta ainda está presente e é a primeira na sua paleta de cores",
              "timedOut": null,
              "duration": 1584,
              "state": "failed",
              "speed": null,
              "pass": false,
              "fail": true,
              "pending": false,
              "context": null,
              "code": "cy.get('.color').then(function (colors) {\n  var currentColors;\n  var previousColors;\n  previousColors = Array.from(colors).map(function (color) {\n    return Cypress.$(color).css('background-color');\n  });\n  expect(previousColors[0]).to.eq(BLACK);\n  for (var i = 0; i < 5; i += 1) {\n    cy.reload();\n    cy.get('.color').then(function (colors) {\n      currentColors = Array.from(colors).map(function (color) {\n        return Cypress.$(color).css('background-color');\n      });\n      expect(currentColors[0]).to.eq(BLACK);\n      expect(currentColors).not.to.deep.equal(previousColors);\n      previousColors = currentColors;\n    });\n  }\n});",
              "err": {
                "message": "AssertionError: expected [ Array(4) ] to not deeply equal [ Array(4) ]",
                "estack": "AssertionError: expected [ Array(4) ] to not deeply equal [ Array(4) ]\n    at getRet (http://localhost:61307/__cypress/runner/cypress_runner.js:136585:16)\n    at tryCatcher (http://localhost:61307/__cypress/runner/cypress_runner.js:167415:23)\n    at Function.Promise.attempt.Promise.try (http://localhost:61307/__cypress/runner/cypress_runner.js:164690:29)\n    at Context.thenFn (http://localhost:61307/__cypress/runner/cypress_runner.js:136599:23)\n    at Context.then (http://localhost:61307/__cypress/runner/cypress_runner.js:136971:21)\n    at Context.<anonymous> (http://localhost:61307/__cypress/runner/cypress_runner.js:148875:21)\n    at http://localhost:61307/__cypress/runner/cypress_runner.js:148351:33\n    at tryCatcher (http://localhost:61307/__cypress/runner/cypress_runner.js:167415:23)\n    at Promise._settlePromiseFromHandler (http://localhost:61307/__cypress/runner/cypress_runner.js:165351:31)\n    at Promise._settlePromise (http://localhost:61307/__cypress/runner/cypress_runner.js:165408:18)\n    at Promise._settlePromiseCtx (http://localhost:61307/__cypress/runner/cypress_runner.js:165445:10)\n    at Async../node_modules/bluebird/js/release/async.js.Async._drainQueue (http://localhost:61307/__cypress/runner/cypress_runner.js:162145:12)\n    at Async../node_modules/bluebird/js/release/async.js.Async._drainQueues (http://localhost:61307/__cypress/runner/cypress_runner.js:162150:10)\n    at Async.drainQueues (http://localhost:61307/__cypress/runner/cypress_runner.js:162024:14)",
                "diff": ""
              },
              "uuid": "0fdf81a1-b51c-4f9f-a6c1-deb01b1c4416",
              "parentUUID": "de442b0d-6e7b-418b-aad8-6bd422f39693",
              "isHook": false,
              "skipped": false
            }
          ],
          "suites": [],
          "passes": [],
          "failures": [
            "cfd98000-d355-4596-85ab-9bfac7f7c9da",
            "0fdf81a1-b51c-4f9f-a6c1-deb01b1c4416"
          ],
          "pending": [],
          "skipped": [],
          "duration": 3020,
          "root": false,
          "rootEmpty": false,
          "_timeout": 2000
        }
      ],
      "passes": [],
      "failures": [],
      "pending": [],
      "skipped": [],
      "duration": 0,
      "root": true,
      "rootEmpty": true,
      "_timeout": 2000
    }
  ],
  "meta": {
    "mocha": {
      "version": "7.0.1"
    },
    "mochawesome": {
      "options": {
        "quiet": false,
        "reportFilename": "mochawesome",
        "saveHtml": false,
        "saveJson": true,
        "consoleReporter": "spec",
        "useInlineDiffs": false
      },
      "version": "4.1.0"
    },
    "marge": {
      "options": {
        "id": "default",
        "reportDir": "cypress/reports",
        "overwrite": true,
        "html": false,
        "json": true
      },
      "version": "4.1.0"
    }
  }
}