{
  "stats": {
    "suites": 12,
    "tests": 41,
    "passes": 1,
    "pending": 0,
    "failures": 40,
    "start": "2021-08-13T18:45:52.579Z",
    "end": "2021-08-13T18:48:47.474Z",
    "duration": 174895,
    "testsRegistered": 41,
    "passPercent": 2.4390243902439024,
    "pendingPercent": 0,
    "other": 0,
    "hasOther": false,
    "skipped": 0,
    "hasSkipped": false
  },
  "results": [
    {
      "uuid": "51fd3877-f516-4a19-8c9c-3d8bec01aa21",
      "title": "",
      "fullFile": "cypress/integration/project.spec.js",
      "file": "cypress/integration/project.spec.js",
      "beforeHooks": [],
      "afterHooks": [],
      "tests": [],
      "suites": [
        {
          "uuid": "c1f5c4b2-db01-4bfb-b97f-32815973602a",
          "title": "1 - Adicione à página o título \"Paleta de Cores\".",
          "fullFile": "",
          "file": "",
          "beforeHooks": [],
          "afterHooks": [],
          "tests": [
            {
              "title": "Verifica se contém um elemento `h1` com o id `title` com o título correto",
              "fullTitle": "1 - Adicione à página o título \"Paleta de Cores\". Verifica se contém um elemento `h1` com o id `title` com o título correto",
              "timedOut": null,
              "duration": 161,
              "state": "passed",
              "speed": "slow",
              "pass": true,
              "fail": false,
              "pending": false,
              "context": null,
              "code": "cy.get('h1#title').should('contain.text', 'Paleta de Cores');",
              "err": {},
              "uuid": "c7d7a346-0e46-4ee4-a796-663fac2d6f11",
              "parentUUID": "c1f5c4b2-db01-4bfb-b97f-32815973602a",
              "isHook": false,
              "skipped": false
            }
          ],
          "suites": [],
          "passes": [
            "c7d7a346-0e46-4ee4-a796-663fac2d6f11"
          ],
          "failures": [],
          "pending": [],
          "skipped": [],
          "duration": 161,
          "root": false,
          "rootEmpty": false,
          "_timeout": 2000
        },
        {
          "uuid": "36e425e1-d17d-4fe3-93d2-3c3a7609007a",
          "title": "2 - Adicione à página uma paleta de quatro cores distintas.",
          "fullFile": "",
          "file": "",
          "beforeHooks": [],
          "afterHooks": [],
          "tests": [
            {
              "title": "A paleta de cores deve ser um elemento com `id` denominado `color-palette`",
              "fullTitle": "2 - Adicione à página uma paleta de quatro cores distintas. A paleta de cores deve ser um elemento com `id` denominado `color-palette`",
              "timedOut": null,
              "duration": 4380,
              "state": "failed",
              "speed": null,
              "pass": false,
              "fail": true,
              "pending": false,
              "context": null,
              "code": "cy.get('#color-palette').should('be.visible');",
              "err": {
                "message": "CypressError: Timed out retrying: Expected to find element: '#color-palette', but never found it.",
                "estack": "CypressError: Timed out retrying: Expected to find element: '#color-palette', but never found it.\n    at cypressErr (http://localhost:33345/__cypress/runner/cypress_runner.js:149934:9)\n    at throwErr (http://localhost:33345/__cypress/runner/cypress_runner.js:149867:11)\n    at Object.throwErrByPath (http://localhost:33345/__cypress/runner/cypress_runner.js:149915:3)\n    at retry (http://localhost:33345/__cypress/runner/cypress_runner.js:144197:19)\n    at onFailFn (http://localhost:33345/__cypress/runner/cypress_runner.js:132448:16)\n    at tryCatcher (http://localhost:33345/__cypress/runner/cypress_runner.js:167415:23)\n    at Promise._settlePromiseFromHandler (http://localhost:33345/__cypress/runner/cypress_runner.js:165351:31)\n    at Promise._settlePromise (http://localhost:33345/__cypress/runner/cypress_runner.js:165408:18)\n    at Promise._settlePromise0 (http://localhost:33345/__cypress/runner/cypress_runner.js:165453:10)\n    at Promise._settlePromises (http://localhost:33345/__cypress/runner/cypress_runner.js:165528:18)\n    at Async../node_modules/bluebird/js/release/async.js.Async._drainQueue (http://localhost:33345/__cypress/runner/cypress_runner.js:162140:16)\n    at Async../node_modules/bluebird/js/release/async.js.Async._drainQueues (http://localhost:33345/__cypress/runner/cypress_runner.js:162150:10)\n    at Async.drainQueues (http://localhost:33345/__cypress/runner/cypress_runner.js:162024:14)",
                "diff": null
              },
              "uuid": "6c650628-ccb0-48d0-97d6-81b144af7c7e",
              "parentUUID": "36e425e1-d17d-4fe3-93d2-3c3a7609007a",
              "isHook": false,
              "skipped": false
            },
            {
              "title": "Verifica se cada cor individual da paleta de cores possui a `classe` chamada `color`.",
              "fullTitle": "2 - Adicione à página uma paleta de quatro cores distintas. Verifica se cada cor individual da paleta de cores possui a `classe` chamada `color`.",
              "timedOut": null,
              "duration": 4337,
              "state": "failed",
              "speed": null,
              "pass": false,
              "fail": true,
              "pending": false,
              "context": null,
              "code": "cy.get('.color').should('have.length', 4).then(function (colors) {\n  for (var i = 0; i < colors.length; i++) {\n    cy.wrap(colors[i]).should('be.visible');\n  }\n});",
              "err": {
                "message": "CypressError: Timed out retrying: Expected to find element: '.color', but never found it.",
                "estack": "CypressError: Timed out retrying: Expected to find element: '.color', but never found it.\n    at cypressErr (http://localhost:33345/__cypress/runner/cypress_runner.js:149934:9)\n    at throwErr (http://localhost:33345/__cypress/runner/cypress_runner.js:149867:11)\n    at Object.throwErrByPath (http://localhost:33345/__cypress/runner/cypress_runner.js:149915:3)\n    at retry (http://localhost:33345/__cypress/runner/cypress_runner.js:144197:19)\n    at onFailFn (http://localhost:33345/__cypress/runner/cypress_runner.js:132448:16)\n    at tryCatcher (http://localhost:33345/__cypress/runner/cypress_runner.js:167415:23)\n    at Promise._settlePromiseFromHandler (http://localhost:33345/__cypress/runner/cypress_runner.js:165351:31)\n    at Promise._settlePromise (http://localhost:33345/__cypress/runner/cypress_runner.js:165408:18)\n    at Promise._settlePromise0 (http://localhost:33345/__cypress/runner/cypress_runner.js:165453:10)\n    at Promise._settlePromises (http://localhost:33345/__cypress/runner/cypress_runner.js:165528:18)\n    at Async../node_modules/bluebird/js/release/async.js.Async._drainQueue (http://localhost:33345/__cypress/runner/cypress_runner.js:162140:16)\n    at Async../node_modules/bluebird/js/release/async.js.Async._drainQueues (http://localhost:33345/__cypress/runner/cypress_runner.js:162150:10)\n    at Async.drainQueues (http://localhost:33345/__cypress/runner/cypress_runner.js:162024:14)",
                "diff": null
              },
              "uuid": "47da2361-52de-42b5-9a03-ec43e6e81640",
              "parentUUID": "36e425e1-d17d-4fe3-93d2-3c3a7609007a",
              "isHook": false,
              "skipped": false
            },
            {
              "title": "Verifica se a cor de fundo de cada elemento da paleta é a cor que o elemento representa. **A única cor não permitida na paleta é a cor branca.**",
              "fullTitle": "2 - Adicione à página uma paleta de quatro cores distintas. Verifica se a cor de fundo de cada elemento da paleta é a cor que o elemento representa. **A única cor não permitida na paleta é a cor branca.**",
              "timedOut": null,
              "duration": 4304,
              "state": "failed",
              "speed": null,
              "pass": false,
              "fail": true,
              "pending": false,
              "context": null,
              "code": "cy.get('.color').each(function (color) {\n  cy.wrap(color).should('have.class', 'color').and('not.have.css', 'background-color', WHITE);\n  cy.wrap(color).should('have.css', 'background-color');\n});",
              "err": {
                "message": "CypressError: Timed out retrying: Expected to find element: '.color', but never found it.",
                "estack": "CypressError: Timed out retrying: Expected to find element: '.color', but never found it.\n    at cypressErr (http://localhost:33345/__cypress/runner/cypress_runner.js:149934:9)\n    at throwErr (http://localhost:33345/__cypress/runner/cypress_runner.js:149867:11)\n    at Object.throwErrByPath (http://localhost:33345/__cypress/runner/cypress_runner.js:149915:3)\n    at retry (http://localhost:33345/__cypress/runner/cypress_runner.js:144197:19)\n    at onFailFn (http://localhost:33345/__cypress/runner/cypress_runner.js:132448:16)\n    at tryCatcher (http://localhost:33345/__cypress/runner/cypress_runner.js:167415:23)\n    at Promise._settlePromiseFromHandler (http://localhost:33345/__cypress/runner/cypress_runner.js:165351:31)\n    at Promise._settlePromise (http://localhost:33345/__cypress/runner/cypress_runner.js:165408:18)\n    at Promise._settlePromise0 (http://localhost:33345/__cypress/runner/cypress_runner.js:165453:10)\n    at Promise._settlePromises (http://localhost:33345/__cypress/runner/cypress_runner.js:165528:18)\n    at Async../node_modules/bluebird/js/release/async.js.Async._drainQueue (http://localhost:33345/__cypress/runner/cypress_runner.js:162140:16)\n    at Async../node_modules/bluebird/js/release/async.js.Async._drainQueues (http://localhost:33345/__cypress/runner/cypress_runner.js:162150:10)\n    at Async.drainQueues (http://localhost:33345/__cypress/runner/cypress_runner.js:162024:14)",
                "diff": null
              },
              "uuid": "b653b225-ddc8-4b89-8c8c-4c4bcb491edd",
              "parentUUID": "36e425e1-d17d-4fe3-93d2-3c3a7609007a",
              "isHook": false,
              "skipped": false
            },
            {
              "title": "Verifica se cada elemento da paleta de cores tem uma borda preta, sólida e com 1 pixel de largura;",
              "fullTitle": "2 - Adicione à página uma paleta de quatro cores distintas. Verifica se cada elemento da paleta de cores tem uma borda preta, sólida e com 1 pixel de largura;",
              "timedOut": null,
              "duration": 4285,
              "state": "failed",
              "speed": null,
              "pass": false,
              "fail": true,
              "pending": false,
              "context": null,
              "code": "cy.get('.color').each(function (color) {\n  cy.wrap(color).and('have.css', 'border', \"1px solid \".concat(BLACK)).and('have.class', 'color');\n});",
              "err": {
                "message": "CypressError: Timed out retrying: Expected to find element: '.color', but never found it.",
                "estack": "CypressError: Timed out retrying: Expected to find element: '.color', but never found it.\n    at cypressErr (http://localhost:33345/__cypress/runner/cypress_runner.js:149934:9)\n    at throwErr (http://localhost:33345/__cypress/runner/cypress_runner.js:149867:11)\n    at Object.throwErrByPath (http://localhost:33345/__cypress/runner/cypress_runner.js:149915:3)\n    at retry (http://localhost:33345/__cypress/runner/cypress_runner.js:144197:19)\n    at onFailFn (http://localhost:33345/__cypress/runner/cypress_runner.js:132448:16)\n    at tryCatcher (http://localhost:33345/__cypress/runner/cypress_runner.js:167415:23)\n    at Promise._settlePromiseFromHandler (http://localhost:33345/__cypress/runner/cypress_runner.js:165351:31)\n    at Promise._settlePromise (http://localhost:33345/__cypress/runner/cypress_runner.js:165408:18)\n    at Promise._settlePromise0 (http://localhost:33345/__cypress/runner/cypress_runner.js:165453:10)\n    at Promise._settlePromises (http://localhost:33345/__cypress/runner/cypress_runner.js:165528:18)\n    at Async../node_modules/bluebird/js/release/async.js.Async._drainQueue (http://localhost:33345/__cypress/runner/cypress_runner.js:162140:16)\n    at Async../node_modules/bluebird/js/release/async.js.Async._drainQueues (http://localhost:33345/__cypress/runner/cypress_runner.js:162150:10)\n    at Async.drainQueues (http://localhost:33345/__cypress/runner/cypress_runner.js:162024:14)",
                "diff": null
              },
              "uuid": "a6fa7b67-6d25-4efd-a2fc-d1d47c576dc1",
              "parentUUID": "36e425e1-d17d-4fe3-93d2-3c3a7609007a",
              "isHook": false,
              "skipped": false
            },
            {
              "title": "Verifica se a paleta lista todas as cores disponíveis para utilização, lado a lado.",
              "fullTitle": "2 - Adicione à página uma paleta de quatro cores distintas. Verifica se a paleta lista todas as cores disponíveis para utilização, lado a lado.",
              "timedOut": null,
              "duration": 4265,
              "state": "failed",
              "speed": null,
              "pass": false,
              "fail": true,
              "pending": false,
              "context": null,
              "code": "cy.get('.color').then(function (colors) {\n  for (var index = 1; index < colors.length; index += 1) {\n    var currentColor = colors[index];\n    var previousColor = colors[index - 1];\n    cy.wrap(currentColor).should('be.onTheRightOf', previousColor).and('be.horizontallyAlignedWith', previousColor);\n  }\n});",
              "err": {
                "message": "CypressError: Timed out retrying: Expected to find element: '.color', but never found it.",
                "estack": "CypressError: Timed out retrying: Expected to find element: '.color', but never found it.\n    at cypressErr (http://localhost:33345/__cypress/runner/cypress_runner.js:149934:9)\n    at throwErr (http://localhost:33345/__cypress/runner/cypress_runner.js:149867:11)\n    at Object.throwErrByPath (http://localhost:33345/__cypress/runner/cypress_runner.js:149915:3)\n    at retry (http://localhost:33345/__cypress/runner/cypress_runner.js:144197:19)\n    at onFailFn (http://localhost:33345/__cypress/runner/cypress_runner.js:132448:16)\n    at tryCatcher (http://localhost:33345/__cypress/runner/cypress_runner.js:167415:23)\n    at Promise._settlePromiseFromHandler (http://localhost:33345/__cypress/runner/cypress_runner.js:165351:31)\n    at Promise._settlePromise (http://localhost:33345/__cypress/runner/cypress_runner.js:165408:18)\n    at Promise._settlePromise0 (http://localhost:33345/__cypress/runner/cypress_runner.js:165453:10)\n    at Promise._settlePromises (http://localhost:33345/__cypress/runner/cypress_runner.js:165528:18)\n    at Async../node_modules/bluebird/js/release/async.js.Async._drainQueue (http://localhost:33345/__cypress/runner/cypress_runner.js:162140:16)\n    at Async../node_modules/bluebird/js/release/async.js.Async._drainQueues (http://localhost:33345/__cypress/runner/cypress_runner.js:162150:10)\n    at Async.drainQueues (http://localhost:33345/__cypress/runner/cypress_runner.js:162024:14)",
                "diff": null
              },
              "uuid": "42d6b894-476a-4262-a536-ad2e4c695252",
              "parentUUID": "36e425e1-d17d-4fe3-93d2-3c3a7609007a",
              "isHook": false,
              "skipped": false
            },
            {
              "title": "Verifica se a paleta de cores está posicionada abaixo do título 'Paleta de Cores'",
              "fullTitle": "2 - Adicione à página uma paleta de quatro cores distintas. Verifica se a paleta de cores está posicionada abaixo do título 'Paleta de Cores'",
              "timedOut": null,
              "duration": 4334,
              "state": "failed",
              "speed": null,
              "pass": false,
              "fail": true,
              "pending": false,
              "context": null,
              "code": "cy.get('h1#title').then(function (title) {\n  cy.get('#color-palette').should('be.belowOf', title);\n});",
              "err": {
                "message": "CypressError: Timed out retrying: Expected to find element: '#color-palette', but never found it.",
                "estack": "CypressError: Timed out retrying: Expected to find element: '#color-palette', but never found it.\n    at cypressErr (http://localhost:33345/__cypress/runner/cypress_runner.js:149934:9)\n    at throwErr (http://localhost:33345/__cypress/runner/cypress_runner.js:149867:11)\n    at Object.throwErrByPath (http://localhost:33345/__cypress/runner/cypress_runner.js:149915:3)\n    at retry (http://localhost:33345/__cypress/runner/cypress_runner.js:144197:19)\n    at onFailFn (http://localhost:33345/__cypress/runner/cypress_runner.js:132448:16)\n    at tryCatcher (http://localhost:33345/__cypress/runner/cypress_runner.js:167415:23)\n    at Promise._settlePromiseFromHandler (http://localhost:33345/__cypress/runner/cypress_runner.js:165351:31)\n    at Promise._settlePromise (http://localhost:33345/__cypress/runner/cypress_runner.js:165408:18)\n    at Promise._settlePromise0 (http://localhost:33345/__cypress/runner/cypress_runner.js:165453:10)\n    at Promise._settlePromises (http://localhost:33345/__cypress/runner/cypress_runner.js:165528:18)\n    at Async../node_modules/bluebird/js/release/async.js.Async._drainQueue (http://localhost:33345/__cypress/runner/cypress_runner.js:162140:16)\n    at Async../node_modules/bluebird/js/release/async.js.Async._drainQueues (http://localhost:33345/__cypress/runner/cypress_runner.js:162150:10)\n    at Async.drainQueues (http://localhost:33345/__cypress/runner/cypress_runner.js:162024:14)",
                "diff": null
              },
              "uuid": "b8d22102-352a-4ab8-badb-dde10a6f9c4f",
              "parentUUID": "36e425e1-d17d-4fe3-93d2-3c3a7609007a",
              "isHook": false,
              "skipped": false
            },
            {
              "title": "Verifica se a paleta de cores não contém cores repetidas.",
              "fullTitle": "2 - Adicione à página uma paleta de quatro cores distintas. Verifica se a paleta de cores não contém cores repetidas.",
              "timedOut": null,
              "duration": 4298,
              "state": "failed",
              "speed": null,
              "pass": false,
              "fail": true,
              "pending": false,
              "context": null,
              "code": "cy.get('.color').then(function (colors) {\n  var allColors = Array.from(colors).map(function (color) {\n    return Cypress.$(color).css('background-color');\n  });\n  cy.log(allColors);\n  var uniqColors = (0, _toConsumableArray2[\"default\"])(new Set(allColors));\n  cy.log(uniqColors);\n  expect(allColors.length).to.eq(uniqColors.length);\n});",
              "err": {
                "message": "CypressError: Timed out retrying: Expected to find element: '.color', but never found it.",
                "estack": "CypressError: Timed out retrying: Expected to find element: '.color', but never found it.\n    at cypressErr (http://localhost:33345/__cypress/runner/cypress_runner.js:149934:9)\n    at throwErr (http://localhost:33345/__cypress/runner/cypress_runner.js:149867:11)\n    at Object.throwErrByPath (http://localhost:33345/__cypress/runner/cypress_runner.js:149915:3)\n    at retry (http://localhost:33345/__cypress/runner/cypress_runner.js:144197:19)\n    at onFailFn (http://localhost:33345/__cypress/runner/cypress_runner.js:132448:16)\n    at tryCatcher (http://localhost:33345/__cypress/runner/cypress_runner.js:167415:23)\n    at Promise._settlePromiseFromHandler (http://localhost:33345/__cypress/runner/cypress_runner.js:165351:31)\n    at Promise._settlePromise (http://localhost:33345/__cypress/runner/cypress_runner.js:165408:18)\n    at Promise._settlePromise0 (http://localhost:33345/__cypress/runner/cypress_runner.js:165453:10)\n    at Promise._settlePromises (http://localhost:33345/__cypress/runner/cypress_runner.js:165528:18)\n    at Async../node_modules/bluebird/js/release/async.js.Async._drainQueue (http://localhost:33345/__cypress/runner/cypress_runner.js:162140:16)\n    at Async../node_modules/bluebird/js/release/async.js.Async._drainQueues (http://localhost:33345/__cypress/runner/cypress_runner.js:162150:10)\n    at Async.drainQueues (http://localhost:33345/__cypress/runner/cypress_runner.js:162024:14)",
                "diff": null
              },
              "uuid": "8781f587-f52d-44b3-a3e1-459eab63ab7e",
              "parentUUID": "36e425e1-d17d-4fe3-93d2-3c3a7609007a",
              "isHook": false,
              "skipped": false
            }
          ],
          "suites": [],
          "passes": [],
          "failures": [
            "6c650628-ccb0-48d0-97d6-81b144af7c7e",
            "47da2361-52de-42b5-9a03-ec43e6e81640",
            "b653b225-ddc8-4b89-8c8c-4c4bcb491edd",
            "a6fa7b67-6d25-4efd-a2fc-d1d47c576dc1",
            "42d6b894-476a-4262-a536-ad2e4c695252",
            "b8d22102-352a-4ab8-badb-dde10a6f9c4f",
            "8781f587-f52d-44b3-a3e1-459eab63ab7e"
          ],
          "pending": [],
          "skipped": [],
          "duration": 30203,
          "root": false,
          "rootEmpty": false,
          "_timeout": 2000
        },
        {
          "uuid": "52b2e5b6-8743-44e9-b5a1-fa024f894e28",
          "title": "3 - Adicione a cor **preta** como a primeira cor da paleta de cores.",
          "fullFile": "",
          "file": "",
          "beforeHooks": [],
          "afterHooks": [],
          "tests": [
            {
              "title": "Verifica se a primeira cor da paleta é preta",
              "fullTitle": "3 - Adicione a cor **preta** como a primeira cor da paleta de cores. Verifica se a primeira cor da paleta é preta",
              "timedOut": null,
              "duration": 4317,
              "state": "failed",
              "speed": null,
              "pass": false,
              "fail": true,
              "pending": false,
              "context": null,
              "code": "cy.get('.color').first().should('have.css', 'background-color', BLACK);",
              "err": {
                "message": "CypressError: Timed out retrying: Expected to find element: '.color', but never found it.",
                "estack": "CypressError: Timed out retrying: Expected to find element: '.color', but never found it.\n    at cypressErr (http://localhost:33345/__cypress/runner/cypress_runner.js:149934:9)\n    at throwErr (http://localhost:33345/__cypress/runner/cypress_runner.js:149867:11)\n    at Object.throwErrByPath (http://localhost:33345/__cypress/runner/cypress_runner.js:149915:3)\n    at retry (http://localhost:33345/__cypress/runner/cypress_runner.js:144197:19)\n    at onFailFn (http://localhost:33345/__cypress/runner/cypress_runner.js:132448:16)\n    at tryCatcher (http://localhost:33345/__cypress/runner/cypress_runner.js:167415:23)\n    at Promise._settlePromiseFromHandler (http://localhost:33345/__cypress/runner/cypress_runner.js:165351:31)\n    at Promise._settlePromise (http://localhost:33345/__cypress/runner/cypress_runner.js:165408:18)\n    at Promise._settlePromise0 (http://localhost:33345/__cypress/runner/cypress_runner.js:165453:10)\n    at Promise._settlePromises (http://localhost:33345/__cypress/runner/cypress_runner.js:165528:18)\n    at Async../node_modules/bluebird/js/release/async.js.Async._drainQueue (http://localhost:33345/__cypress/runner/cypress_runner.js:162140:16)\n    at Async../node_modules/bluebird/js/release/async.js.Async._drainQueues (http://localhost:33345/__cypress/runner/cypress_runner.js:162150:10)\n    at Async.drainQueues (http://localhost:33345/__cypress/runner/cypress_runner.js:162024:14)",
                "diff": null
              },
              "uuid": "19c10123-e5eb-4b8f-8bd0-06152a3bd06a",
              "parentUUID": "52b2e5b6-8743-44e9-b5a1-fa024f894e28",
              "isHook": false,
              "skipped": false
            },
            {
              "title": "Verifica se as demais cores podem ser escolhidas livremente.",
              "fullTitle": "3 - Adicione a cor **preta** como a primeira cor da paleta de cores. Verifica se as demais cores podem ser escolhidas livremente.",
              "timedOut": null,
              "duration": 4302,
              "state": "failed",
              "speed": null,
              "pass": false,
              "fail": true,
              "pending": false,
              "context": null,
              "code": "cy.get('.color').eq(1).should('not.have.css', 'background-color', BLACK);\ncy.get('.color').eq(1).should('not.have.css', 'background-color', WHITE);\ncy.get('.color').eq(1).should('not.have.css', 'background-color', 'rgba(0, 0, 0, 0)');\ncy.get('.color').eq(1).should('have.css', 'background-color');\ncy.get('.color').eq(2).should('not.have.css', 'background-color', BLACK);\ncy.get('.color').eq(2).should('not.have.css', 'background-color', WHITE);\ncy.get('.color').eq(2).should('not.have.css', 'background-color', 'rgba(0, 0, 0, 0)');\ncy.get('.color').eq(2).should('have.css', 'background-color');\ncy.get('.color').eq(3).should('not.have.css', 'background-color', BLACK);\ncy.get('.color').eq(3).should('not.have.css', 'background-color', WHITE);\ncy.get('.color').eq(3).should('not.have.css', 'background-color', 'rgba(0, 0, 0, 0)');\ncy.get('.color').eq(3).should('have.css', 'background-color');",
              "err": {
                "message": "CypressError: Timed out retrying: Expected to find element: '.color', but never found it.",
                "estack": "CypressError: Timed out retrying: Expected to find element: '.color', but never found it.\n    at cypressErr (http://localhost:33345/__cypress/runner/cypress_runner.js:149934:9)\n    at throwErr (http://localhost:33345/__cypress/runner/cypress_runner.js:149867:11)\n    at Object.throwErrByPath (http://localhost:33345/__cypress/runner/cypress_runner.js:149915:3)\n    at retry (http://localhost:33345/__cypress/runner/cypress_runner.js:144197:19)\n    at onFailFn (http://localhost:33345/__cypress/runner/cypress_runner.js:132448:16)\n    at tryCatcher (http://localhost:33345/__cypress/runner/cypress_runner.js:167415:23)\n    at Promise._settlePromiseFromHandler (http://localhost:33345/__cypress/runner/cypress_runner.js:165351:31)\n    at Promise._settlePromise (http://localhost:33345/__cypress/runner/cypress_runner.js:165408:18)\n    at Promise._settlePromise0 (http://localhost:33345/__cypress/runner/cypress_runner.js:165453:10)\n    at Promise._settlePromises (http://localhost:33345/__cypress/runner/cypress_runner.js:165528:18)\n    at Async../node_modules/bluebird/js/release/async.js.Async._drainQueue (http://localhost:33345/__cypress/runner/cypress_runner.js:162140:16)\n    at Async../node_modules/bluebird/js/release/async.js.Async._drainQueues (http://localhost:33345/__cypress/runner/cypress_runner.js:162150:10)\n    at Async.drainQueues (http://localhost:33345/__cypress/runner/cypress_runner.js:162024:14)",
                "diff": null
              },
              "uuid": "abac3e57-069e-4f43-b255-229337c949c6",
              "parentUUID": "52b2e5b6-8743-44e9-b5a1-fa024f894e28",
              "isHook": false,
              "skipped": false
            }
          ],
          "suites": [],
          "passes": [],
          "failures": [
            "19c10123-e5eb-4b8f-8bd0-06152a3bd06a",
            "abac3e57-069e-4f43-b255-229337c949c6"
          ],
          "pending": [],
          "skipped": [],
          "duration": 8619,
          "root": false,
          "rootEmpty": false,
          "_timeout": 2000
        },
        {
          "uuid": "b615621d-3087-4ccd-a32e-9f22a8aad6b5",
          "title": "4 - Adicione à página um quadro de pixels, com 25 pixels.",
          "fullFile": "",
          "file": "",
          "beforeHooks": [],
          "afterHooks": [],
          "tests": [
            {
              "title": "Verifica se o quadro de pixels possui o `id` denominado `pixel-board`",
              "fullTitle": "4 - Adicione à página um quadro de pixels, com 25 pixels. Verifica se o quadro de pixels possui o `id` denominado `pixel-board`",
              "timedOut": null,
              "duration": 4367,
              "state": "failed",
              "speed": null,
              "pass": false,
              "fail": true,
              "pending": false,
              "context": null,
              "code": "cy.get('#pixel-board').should('be.visible');",
              "err": {
                "message": "CypressError: Timed out retrying: Expected to find element: '#pixel-board', but never found it.",
                "estack": "CypressError: Timed out retrying: Expected to find element: '#pixel-board', but never found it.\n    at cypressErr (http://localhost:33345/__cypress/runner/cypress_runner.js:149934:9)\n    at throwErr (http://localhost:33345/__cypress/runner/cypress_runner.js:149867:11)\n    at Object.throwErrByPath (http://localhost:33345/__cypress/runner/cypress_runner.js:149915:3)\n    at retry (http://localhost:33345/__cypress/runner/cypress_runner.js:144197:19)\n    at onFailFn (http://localhost:33345/__cypress/runner/cypress_runner.js:132448:16)\n    at tryCatcher (http://localhost:33345/__cypress/runner/cypress_runner.js:167415:23)\n    at Promise._settlePromiseFromHandler (http://localhost:33345/__cypress/runner/cypress_runner.js:165351:31)\n    at Promise._settlePromise (http://localhost:33345/__cypress/runner/cypress_runner.js:165408:18)\n    at Promise._settlePromise0 (http://localhost:33345/__cypress/runner/cypress_runner.js:165453:10)\n    at Promise._settlePromises (http://localhost:33345/__cypress/runner/cypress_runner.js:165528:18)\n    at Async../node_modules/bluebird/js/release/async.js.Async._drainQueue (http://localhost:33345/__cypress/runner/cypress_runner.js:162140:16)\n    at Async../node_modules/bluebird/js/release/async.js.Async._drainQueues (http://localhost:33345/__cypress/runner/cypress_runner.js:162150:10)\n    at Async.drainQueues (http://localhost:33345/__cypress/runner/cypress_runner.js:162024:14)",
                "diff": null
              },
              "uuid": "d917aeab-9067-41c2-8f32-02f3c00d7fb8",
              "parentUUID": "b615621d-3087-4ccd-a32e-9f22a8aad6b5",
              "isHook": false,
              "skipped": false
            },
            {
              "title": "Verifica se cada pixel individual dentro do quadro possui a `classe` denominada `pixel`.",
              "fullTitle": "4 - Adicione à página um quadro de pixels, com 25 pixels. Verifica se cada pixel individual dentro do quadro possui a `classe` denominada `pixel`.",
              "timedOut": null,
              "duration": 4318,
              "state": "failed",
              "speed": null,
              "pass": false,
              "fail": true,
              "pending": false,
              "context": null,
              "code": "cy.get('.pixel').should('have.length', 25);",
              "err": {
                "message": "CypressError: Timed out retrying: Expected to find element: '.pixel', but never found it.",
                "estack": "CypressError: Timed out retrying: Expected to find element: '.pixel', but never found it.\n    at cypressErr (http://localhost:33345/__cypress/runner/cypress_runner.js:149934:9)\n    at throwErr (http://localhost:33345/__cypress/runner/cypress_runner.js:149867:11)\n    at Object.throwErrByPath (http://localhost:33345/__cypress/runner/cypress_runner.js:149915:3)\n    at retry (http://localhost:33345/__cypress/runner/cypress_runner.js:144197:19)\n    at onFailFn (http://localhost:33345/__cypress/runner/cypress_runner.js:132448:16)\n    at tryCatcher (http://localhost:33345/__cypress/runner/cypress_runner.js:167415:23)\n    at Promise._settlePromiseFromHandler (http://localhost:33345/__cypress/runner/cypress_runner.js:165351:31)\n    at Promise._settlePromise (http://localhost:33345/__cypress/runner/cypress_runner.js:165408:18)\n    at Promise._settlePromise0 (http://localhost:33345/__cypress/runner/cypress_runner.js:165453:10)\n    at Promise._settlePromises (http://localhost:33345/__cypress/runner/cypress_runner.js:165528:18)\n    at Async../node_modules/bluebird/js/release/async.js.Async._drainQueue (http://localhost:33345/__cypress/runner/cypress_runner.js:162140:16)\n    at Async../node_modules/bluebird/js/release/async.js.Async._drainQueues (http://localhost:33345/__cypress/runner/cypress_runner.js:162150:10)\n    at Async.drainQueues (http://localhost:33345/__cypress/runner/cypress_runner.js:162024:14)",
                "diff": null
              },
              "uuid": "d740bdb2-8364-4c4d-9040-85f773e789ca",
              "parentUUID": "b615621d-3087-4ccd-a32e-9f22a8aad6b5",
              "isHook": false,
              "skipped": false
            },
            {
              "title": "Verifica se a cor inicial dos pixels dentro do quadro, ao abrir a página, é branca.",
              "fullTitle": "4 - Adicione à página um quadro de pixels, com 25 pixels. Verifica se a cor inicial dos pixels dentro do quadro, ao abrir a página, é branca.",
              "timedOut": null,
              "duration": 4320,
              "state": "failed",
              "speed": null,
              "pass": false,
              "fail": true,
              "pending": false,
              "context": null,
              "code": "cy.get('.pixel').should('have.length', 25).each(function (pixel) {\n  expect(pixel).to.have.css('background-color', WHITE);\n});",
              "err": {
                "message": "CypressError: Timed out retrying: Expected to find element: '.pixel', but never found it.",
                "estack": "CypressError: Timed out retrying: Expected to find element: '.pixel', but never found it.\n    at cypressErr (http://localhost:33345/__cypress/runner/cypress_runner.js:149934:9)\n    at throwErr (http://localhost:33345/__cypress/runner/cypress_runner.js:149867:11)\n    at Object.throwErrByPath (http://localhost:33345/__cypress/runner/cypress_runner.js:149915:3)\n    at retry (http://localhost:33345/__cypress/runner/cypress_runner.js:144197:19)\n    at onFailFn (http://localhost:33345/__cypress/runner/cypress_runner.js:132448:16)\n    at tryCatcher (http://localhost:33345/__cypress/runner/cypress_runner.js:167415:23)\n    at Promise._settlePromiseFromHandler (http://localhost:33345/__cypress/runner/cypress_runner.js:165351:31)\n    at Promise._settlePromise (http://localhost:33345/__cypress/runner/cypress_runner.js:165408:18)\n    at Promise._settlePromise0 (http://localhost:33345/__cypress/runner/cypress_runner.js:165453:10)\n    at Promise._settlePromises (http://localhost:33345/__cypress/runner/cypress_runner.js:165528:18)\n    at Async../node_modules/bluebird/js/release/async.js.Async._drainQueue (http://localhost:33345/__cypress/runner/cypress_runner.js:162140:16)\n    at Async../node_modules/bluebird/js/release/async.js.Async._drainQueues (http://localhost:33345/__cypress/runner/cypress_runner.js:162150:10)\n    at Async.drainQueues (http://localhost:33345/__cypress/runner/cypress_runner.js:162024:14)",
                "diff": null
              },
              "uuid": "2f1b0da5-d5a6-4ae7-aaef-0b79babfe10d",
              "parentUUID": "b615621d-3087-4ccd-a32e-9f22a8aad6b5",
              "isHook": false,
              "skipped": false
            },
            {
              "title": "Verifica se o quadro de pixels aparece abaixo da paleta de cores",
              "fullTitle": "4 - Adicione à página um quadro de pixels, com 25 pixels. Verifica se o quadro de pixels aparece abaixo da paleta de cores",
              "timedOut": null,
              "duration": 4327,
              "state": "failed",
              "speed": null,
              "pass": false,
              "fail": true,
              "pending": false,
              "context": null,
              "code": "cy.get('#color-palette').then(function (palette) {\n  cy.get('#pixel-board').should('be.belowOf', palette);\n});",
              "err": {
                "message": "CypressError: Timed out retrying: Expected to find element: '#color-palette', but never found it.",
                "estack": "CypressError: Timed out retrying: Expected to find element: '#color-palette', but never found it.\n    at cypressErr (http://localhost:33345/__cypress/runner/cypress_runner.js:149934:9)\n    at throwErr (http://localhost:33345/__cypress/runner/cypress_runner.js:149867:11)\n    at Object.throwErrByPath (http://localhost:33345/__cypress/runner/cypress_runner.js:149915:3)\n    at retry (http://localhost:33345/__cypress/runner/cypress_runner.js:144197:19)\n    at onFailFn (http://localhost:33345/__cypress/runner/cypress_runner.js:132448:16)\n    at tryCatcher (http://localhost:33345/__cypress/runner/cypress_runner.js:167415:23)\n    at Promise._settlePromiseFromHandler (http://localhost:33345/__cypress/runner/cypress_runner.js:165351:31)\n    at Promise._settlePromise (http://localhost:33345/__cypress/runner/cypress_runner.js:165408:18)\n    at Promise._settlePromise0 (http://localhost:33345/__cypress/runner/cypress_runner.js:165453:10)\n    at Promise._settlePromises (http://localhost:33345/__cypress/runner/cypress_runner.js:165528:18)\n    at Async../node_modules/bluebird/js/release/async.js.Async._drainQueue (http://localhost:33345/__cypress/runner/cypress_runner.js:162140:16)\n    at Async../node_modules/bluebird/js/release/async.js.Async._drainQueues (http://localhost:33345/__cypress/runner/cypress_runner.js:162150:10)\n    at Async.drainQueues (http://localhost:33345/__cypress/runner/cypress_runner.js:162024:14)",
                "diff": null
              },
              "uuid": "c6668f67-3d8a-4ca9-bd3a-8dbfefc3bcea",
              "parentUUID": "b615621d-3087-4ccd-a32e-9f22a8aad6b5",
              "isHook": false,
              "skipped": false
            }
          ],
          "suites": [],
          "passes": [],
          "failures": [
            "d917aeab-9067-41c2-8f32-02f3c00d7fb8",
            "d740bdb2-8364-4c4d-9040-85f773e789ca",
            "2f1b0da5-d5a6-4ae7-aaef-0b79babfe10d",
            "c6668f67-3d8a-4ca9-bd3a-8dbfefc3bcea"
          ],
          "pending": [],
          "skipped": [],
          "duration": 17332,
          "root": false,
          "rootEmpty": false,
          "_timeout": 2000
        },
        {
          "uuid": "32b9f83a-10be-48fe-a801-5b9d2e5ececf",
          "title": "5 - Faça com que cada elemento do quadro de pixels possua 40 pixels de largura, 40 pixels de altura e seja delimitado por uma borda preta de 1 pixel.",
          "fullFile": "",
          "file": "",
          "beforeHooks": [],
          "afterHooks": [],
          "tests": [
            {
              "title": "Verifica se o quadro de pixels tem altura e comprimento de 5 elementos",
              "fullTitle": "5 - Faça com que cada elemento do quadro de pixels possua 40 pixels de largura, 40 pixels de altura e seja delimitado por uma borda preta de 1 pixel. Verifica se o quadro de pixels tem altura e comprimento de 5 elementos",
              "timedOut": null,
              "duration": 4294,
              "state": "failed",
              "speed": null,
              "pass": false,
              "fail": true,
              "pending": false,
              "context": null,
              "code": "cy.get('.pixel').should('have.length', 25).each(function (pixel) {\n  expect(pixel).to.have.css('background-color', WHITE);\n}).and(function (pixels) {\n  var rows = chunk(pixels, 5);\n  rows.forEach(function (row) {\n    for (var index = 1; index < row.length; index += 1) {\n      var current = pixels[index];\n      var previous = pixels[index - 1];\n      cy.wrap(current).should('be.onTheRightOf', previous).and('be.horizontallyAlignedWith', previous);\n    }\n  });\n  for (var index = 1; index < 5; index += 1) {\n    expect(pixels[index * 5]).to.be.belowOf(pixels[(index - 1) * 5]);\n  }\n});",
              "err": {
                "message": "CypressError: Timed out retrying: Expected to find element: '.pixel', but never found it.",
                "estack": "CypressError: Timed out retrying: Expected to find element: '.pixel', but never found it.\n    at cypressErr (http://localhost:33345/__cypress/runner/cypress_runner.js:149934:9)\n    at throwErr (http://localhost:33345/__cypress/runner/cypress_runner.js:149867:11)\n    at Object.throwErrByPath (http://localhost:33345/__cypress/runner/cypress_runner.js:149915:3)\n    at retry (http://localhost:33345/__cypress/runner/cypress_runner.js:144197:19)\n    at onFailFn (http://localhost:33345/__cypress/runner/cypress_runner.js:132448:16)\n    at tryCatcher (http://localhost:33345/__cypress/runner/cypress_runner.js:167415:23)\n    at Promise._settlePromiseFromHandler (http://localhost:33345/__cypress/runner/cypress_runner.js:165351:31)\n    at Promise._settlePromise (http://localhost:33345/__cypress/runner/cypress_runner.js:165408:18)\n    at Promise._settlePromise0 (http://localhost:33345/__cypress/runner/cypress_runner.js:165453:10)\n    at Promise._settlePromises (http://localhost:33345/__cypress/runner/cypress_runner.js:165528:18)\n    at Async../node_modules/bluebird/js/release/async.js.Async._drainQueue (http://localhost:33345/__cypress/runner/cypress_runner.js:162140:16)\n    at Async../node_modules/bluebird/js/release/async.js.Async._drainQueues (http://localhost:33345/__cypress/runner/cypress_runner.js:162150:10)\n    at Async.drainQueues (http://localhost:33345/__cypress/runner/cypress_runner.js:162024:14)",
                "diff": null
              },
              "uuid": "6a091514-313a-441f-96b2-6d5ea75c2cd2",
              "parentUUID": "32b9f83a-10be-48fe-a801-5b9d2e5ececf",
              "isHook": false,
              "skipped": false
            },
            {
              "title": "Verifica se 40 pixels é o tamanho total do elemento, incluindo seu conteúdo e excluindo a borda preta, que deve ser criada à parte.",
              "fullTitle": "5 - Faça com que cada elemento do quadro de pixels possua 40 pixels de largura, 40 pixels de altura e seja delimitado por uma borda preta de 1 pixel. Verifica se 40 pixels é o tamanho total do elemento, incluindo seu conteúdo e excluindo a borda preta, que deve ser criada à parte.",
              "timedOut": null,
              "duration": 4358,
              "state": "failed",
              "speed": null,
              "pass": false,
              "fail": true,
              "pending": false,
              "context": null,
              "code": "cy.get('.pixel').each(function (pixel) {\n  cy.wrap(pixel).should('have.css', 'height', '40px').and('have.css', 'width', '40px').and('have.css', 'border', \"1px solid \".concat(BLACK));\n});",
              "err": {
                "message": "CypressError: Timed out retrying: Expected to find element: '.pixel', but never found it.",
                "estack": "CypressError: Timed out retrying: Expected to find element: '.pixel', but never found it.\n    at cypressErr (http://localhost:33345/__cypress/runner/cypress_runner.js:149934:9)\n    at throwErr (http://localhost:33345/__cypress/runner/cypress_runner.js:149867:11)\n    at Object.throwErrByPath (http://localhost:33345/__cypress/runner/cypress_runner.js:149915:3)\n    at retry (http://localhost:33345/__cypress/runner/cypress_runner.js:144197:19)\n    at onFailFn (http://localhost:33345/__cypress/runner/cypress_runner.js:132448:16)\n    at tryCatcher (http://localhost:33345/__cypress/runner/cypress_runner.js:167415:23)\n    at Promise._settlePromiseFromHandler (http://localhost:33345/__cypress/runner/cypress_runner.js:165351:31)\n    at Promise._settlePromise (http://localhost:33345/__cypress/runner/cypress_runner.js:165408:18)\n    at Promise._settlePromise0 (http://localhost:33345/__cypress/runner/cypress_runner.js:165453:10)\n    at Promise._settlePromises (http://localhost:33345/__cypress/runner/cypress_runner.js:165528:18)\n    at Async../node_modules/bluebird/js/release/async.js.Async._drainQueue (http://localhost:33345/__cypress/runner/cypress_runner.js:162140:16)\n    at Async../node_modules/bluebird/js/release/async.js.Async._drainQueues (http://localhost:33345/__cypress/runner/cypress_runner.js:162150:10)\n    at Async.drainQueues (http://localhost:33345/__cypress/runner/cypress_runner.js:162024:14)",
                "diff": null
              },
              "uuid": "09791536-5687-43e8-85b0-2e44f089ff82",
              "parentUUID": "32b9f83a-10be-48fe-a801-5b9d2e5ececf",
              "isHook": false,
              "skipped": false
            }
          ],
          "suites": [],
          "passes": [],
          "failures": [
            "6a091514-313a-441f-96b2-6d5ea75c2cd2",
            "09791536-5687-43e8-85b0-2e44f089ff82"
          ],
          "pending": [],
          "skipped": [],
          "duration": 8652,
          "root": false,
          "rootEmpty": false,
          "_timeout": 2000
        },
        {
          "uuid": "46afe46f-4cb9-4142-a8e2-2a3ad7f6ce9c",
          "title": "6 - Defina a cor preta como cor inicial. Ao carregar a página a cor preta já deve estar selecionada para pintar os pixels",
          "fullFile": "",
          "file": "",
          "beforeHooks": [],
          "afterHooks": [],
          "tests": [
            {
              "title": "Verifica se o elemento da cor preta possui, inicialmente, a `classe` `selected`",
              "fullTitle": "6 - Defina a cor preta como cor inicial. Ao carregar a página a cor preta já deve estar selecionada para pintar os pixels Verifica se o elemento da cor preta possui, inicialmente, a `classe` `selected`",
              "timedOut": null,
              "duration": 4314,
              "state": "failed",
              "speed": null,
              "pass": false,
              "fail": true,
              "pending": false,
              "context": null,
              "code": "cy.get('.selected').first().should('have.css', 'background-color', BLACK);",
              "err": {
                "message": "CypressError: Timed out retrying: Expected to find element: '.selected', but never found it.",
                "estack": "CypressError: Timed out retrying: Expected to find element: '.selected', but never found it.\n    at cypressErr (http://localhost:33345/__cypress/runner/cypress_runner.js:149934:9)\n    at throwErr (http://localhost:33345/__cypress/runner/cypress_runner.js:149867:11)\n    at Object.throwErrByPath (http://localhost:33345/__cypress/runner/cypress_runner.js:149915:3)\n    at retry (http://localhost:33345/__cypress/runner/cypress_runner.js:144197:19)\n    at onFailFn (http://localhost:33345/__cypress/runner/cypress_runner.js:132448:16)\n    at tryCatcher (http://localhost:33345/__cypress/runner/cypress_runner.js:167415:23)\n    at Promise._settlePromiseFromHandler (http://localhost:33345/__cypress/runner/cypress_runner.js:165351:31)\n    at Promise._settlePromise (http://localhost:33345/__cypress/runner/cypress_runner.js:165408:18)\n    at Promise._settlePromise0 (http://localhost:33345/__cypress/runner/cypress_runner.js:165453:10)\n    at Promise._settlePromises (http://localhost:33345/__cypress/runner/cypress_runner.js:165528:18)\n    at Async../node_modules/bluebird/js/release/async.js.Async._drainQueue (http://localhost:33345/__cypress/runner/cypress_runner.js:162140:16)\n    at Async../node_modules/bluebird/js/release/async.js.Async._drainQueues (http://localhost:33345/__cypress/runner/cypress_runner.js:162150:10)\n    at Async.drainQueues (http://localhost:33345/__cypress/runner/cypress_runner.js:162024:14)",
                "diff": null
              },
              "uuid": "4ae47beb-758f-41d8-8acf-20228620e126",
              "parentUUID": "46afe46f-4cb9-4142-a8e2-2a3ad7f6ce9c",
              "isHook": false,
              "skipped": false
            },
            {
              "title": "Verifica se nenhuma outra cor da paleta tem a `classe` `selected`",
              "fullTitle": "6 - Defina a cor preta como cor inicial. Ao carregar a página a cor preta já deve estar selecionada para pintar os pixels Verifica se nenhuma outra cor da paleta tem a `classe` `selected`",
              "timedOut": null,
              "duration": 4292,
              "state": "failed",
              "speed": null,
              "pass": false,
              "fail": true,
              "pending": false,
              "context": null,
              "code": "cy.get('.color:not(:first-child)').each(function (color) {\n  cy.wrap(color).should('not.have.class', 'selected');\n});",
              "err": {
                "message": "CypressError: Timed out retrying: Expected to find element: '.color:not(:first-child)', but never found it.",
                "estack": "CypressError: Timed out retrying: Expected to find element: '.color:not(:first-child)', but never found it.\n    at cypressErr (http://localhost:33345/__cypress/runner/cypress_runner.js:149934:9)\n    at throwErr (http://localhost:33345/__cypress/runner/cypress_runner.js:149867:11)\n    at Object.throwErrByPath (http://localhost:33345/__cypress/runner/cypress_runner.js:149915:3)\n    at retry (http://localhost:33345/__cypress/runner/cypress_runner.js:144197:19)\n    at onFailFn (http://localhost:33345/__cypress/runner/cypress_runner.js:132448:16)\n    at tryCatcher (http://localhost:33345/__cypress/runner/cypress_runner.js:167415:23)\n    at Promise._settlePromiseFromHandler (http://localhost:33345/__cypress/runner/cypress_runner.js:165351:31)\n    at Promise._settlePromise (http://localhost:33345/__cypress/runner/cypress_runner.js:165408:18)\n    at Promise._settlePromise0 (http://localhost:33345/__cypress/runner/cypress_runner.js:165453:10)\n    at Promise._settlePromises (http://localhost:33345/__cypress/runner/cypress_runner.js:165528:18)\n    at Async../node_modules/bluebird/js/release/async.js.Async._drainQueue (http://localhost:33345/__cypress/runner/cypress_runner.js:162140:16)\n    at Async../node_modules/bluebird/js/release/async.js.Async._drainQueues (http://localhost:33345/__cypress/runner/cypress_runner.js:162150:10)\n    at Async.drainQueues (http://localhost:33345/__cypress/runner/cypress_runner.js:162024:14)",
                "diff": null
              },
              "uuid": "49949675-fc9d-4474-8490-649c43fc821d",
              "parentUUID": "46afe46f-4cb9-4142-a8e2-2a3ad7f6ce9c",
              "isHook": false,
              "skipped": false
            }
          ],
          "suites": [],
          "passes": [],
          "failures": [
            "4ae47beb-758f-41d8-8acf-20228620e126",
            "49949675-fc9d-4474-8490-649c43fc821d"
          ],
          "pending": [],
          "skipped": [],
          "duration": 8606,
          "root": false,
          "rootEmpty": false,
          "_timeout": 2000
        },
        {
          "uuid": "ccf01c12-f932-4624-b84d-2a4d049830ec",
          "title": "7 - Clicar em uma das cores da paleta, faz com que ela seja selecionada e utilizada para preencher os pixels no quadro.",
          "fullFile": "",
          "file": "",
          "beforeHooks": [],
          "afterHooks": [],
          "tests": [
            {
              "title": "Verifica se somente uma cor da paleta de cores tem a classe `selected` de cada vez",
              "fullTitle": "7 - Clicar em uma das cores da paleta, faz com que ela seja selecionada e utilizada para preencher os pixels no quadro. Verifica se somente uma cor da paleta de cores tem a classe `selected` de cada vez",
              "timedOut": null,
              "duration": 4314,
              "state": "failed",
              "speed": null,
              "pass": false,
              "fail": true,
              "pending": false,
              "context": null,
              "code": "cy.get('.color').each(function (selectedColor, selectedColorIndex) {\n  cy.wrap(selectedColor).click();\n  cy.get('.color').each(function (color, colorIndex) {\n    if (colorIndex === selectedColorIndex) {\n      expect(color).to.have[\"class\"]('selected');\n    } else {\n      expect(color).not.to.have[\"class\"]('selected');\n    }\n  });\n});",
              "err": {
                "message": "CypressError: Timed out retrying: Expected to find element: '.color', but never found it.",
                "estack": "CypressError: Timed out retrying: Expected to find element: '.color', but never found it.\n    at cypressErr (http://localhost:33345/__cypress/runner/cypress_runner.js:149934:9)\n    at throwErr (http://localhost:33345/__cypress/runner/cypress_runner.js:149867:11)\n    at Object.throwErrByPath (http://localhost:33345/__cypress/runner/cypress_runner.js:149915:3)\n    at retry (http://localhost:33345/__cypress/runner/cypress_runner.js:144197:19)\n    at onFailFn (http://localhost:33345/__cypress/runner/cypress_runner.js:132448:16)\n    at tryCatcher (http://localhost:33345/__cypress/runner/cypress_runner.js:167415:23)\n    at Promise._settlePromiseFromHandler (http://localhost:33345/__cypress/runner/cypress_runner.js:165351:31)\n    at Promise._settlePromise (http://localhost:33345/__cypress/runner/cypress_runner.js:165408:18)\n    at Promise._settlePromise0 (http://localhost:33345/__cypress/runner/cypress_runner.js:165453:10)\n    at Promise._settlePromises (http://localhost:33345/__cypress/runner/cypress_runner.js:165528:18)\n    at Async../node_modules/bluebird/js/release/async.js.Async._drainQueue (http://localhost:33345/__cypress/runner/cypress_runner.js:162140:16)\n    at Async../node_modules/bluebird/js/release/async.js.Async._drainQueues (http://localhost:33345/__cypress/runner/cypress_runner.js:162150:10)\n    at Async.drainQueues (http://localhost:33345/__cypress/runner/cypress_runner.js:162024:14)",
                "diff": null
              },
              "uuid": "366e947c-d3c3-4114-b699-b4978b0f7220",
              "parentUUID": "ccf01c12-f932-4624-b84d-2a4d049830ec",
              "isHook": false,
              "skipped": false
            },
            {
              "title": "Verifica se os pixels dentro do quadro não têm a classe `selected` quando são clicados",
              "fullTitle": "7 - Clicar em uma das cores da paleta, faz com que ela seja selecionada e utilizada para preencher os pixels no quadro. Verifica se os pixels dentro do quadro não têm a classe `selected` quando são clicados",
              "timedOut": null,
              "duration": 4338,
              "state": "failed",
              "speed": null,
              "pass": false,
              "fail": true,
              "pending": false,
              "context": null,
              "code": "cy.get('.color').each(function (color) {\n  var backgroundColor = color.css('background-color');\n  cy.wrap(color).click();\n  cy.get('.pixel').each(function (pixel) {\n    cy.wrap(pixel).click().should('not.have.class', 'selected');\n  });\n});",
              "err": {
                "message": "CypressError: Timed out retrying: Expected to find element: '.color', but never found it.",
                "estack": "CypressError: Timed out retrying: Expected to find element: '.color', but never found it.\n    at cypressErr (http://localhost:33345/__cypress/runner/cypress_runner.js:149934:9)\n    at throwErr (http://localhost:33345/__cypress/runner/cypress_runner.js:149867:11)\n    at Object.throwErrByPath (http://localhost:33345/__cypress/runner/cypress_runner.js:149915:3)\n    at retry (http://localhost:33345/__cypress/runner/cypress_runner.js:144197:19)\n    at onFailFn (http://localhost:33345/__cypress/runner/cypress_runner.js:132448:16)\n    at tryCatcher (http://localhost:33345/__cypress/runner/cypress_runner.js:167415:23)\n    at Promise._settlePromiseFromHandler (http://localhost:33345/__cypress/runner/cypress_runner.js:165351:31)\n    at Promise._settlePromise (http://localhost:33345/__cypress/runner/cypress_runner.js:165408:18)\n    at Promise._settlePromise0 (http://localhost:33345/__cypress/runner/cypress_runner.js:165453:10)\n    at Promise._settlePromises (http://localhost:33345/__cypress/runner/cypress_runner.js:165528:18)\n    at Async../node_modules/bluebird/js/release/async.js.Async._drainQueue (http://localhost:33345/__cypress/runner/cypress_runner.js:162140:16)\n    at Async../node_modules/bluebird/js/release/async.js.Async._drainQueues (http://localhost:33345/__cypress/runner/cypress_runner.js:162150:10)\n    at Async.drainQueues (http://localhost:33345/__cypress/runner/cypress_runner.js:162024:14)",
                "diff": null
              },
              "uuid": "b9e6908d-778a-4767-8a0e-edb2ddf45f51",
              "parentUUID": "ccf01c12-f932-4624-b84d-2a4d049830ec",
              "isHook": false,
              "skipped": false
            }
          ],
          "suites": [],
          "passes": [],
          "failures": [
            "366e947c-d3c3-4114-b699-b4978b0f7220",
            "b9e6908d-778a-4767-8a0e-edb2ddf45f51"
          ],
          "pending": [],
          "skipped": [],
          "duration": 8652,
          "root": false,
          "rootEmpty": false,
          "_timeout": 2000
        },
        {
          "uuid": "09523ac7-5ec4-49c5-a80e-cf67d6e89421",
          "title": "8 - Clicar em um pixel dentro do quadro após selecionar uma cor na paleta, faz com que o pixel seja preenchido com a cor selecionada.",
          "fullFile": "",
          "file": "",
          "beforeHooks": [],
          "afterHooks": [],
          "tests": [
            {
              "title": "Verifica se ao carregar a página deve ser possível pintar os pixels de preto",
              "fullTitle": "8 - Clicar em um pixel dentro do quadro após selecionar uma cor na paleta, faz com que o pixel seja preenchido com a cor selecionada. Verifica se ao carregar a página deve ser possível pintar os pixels de preto",
              "timedOut": null,
              "duration": 4292,
              "state": "failed",
              "speed": null,
              "pass": false,
              "fail": true,
              "pending": false,
              "context": null,
              "code": "cy.get('.pixel').each(function (pixel) {\n  cy.wrap(pixel).click().should('have.css', 'background-color', BLACK);\n});",
              "err": {
                "message": "CypressError: Timed out retrying: Expected to find element: '.pixel', but never found it.",
                "estack": "CypressError: Timed out retrying: Expected to find element: '.pixel', but never found it.\n    at cypressErr (http://localhost:33345/__cypress/runner/cypress_runner.js:149934:9)\n    at throwErr (http://localhost:33345/__cypress/runner/cypress_runner.js:149867:11)\n    at Object.throwErrByPath (http://localhost:33345/__cypress/runner/cypress_runner.js:149915:3)\n    at retry (http://localhost:33345/__cypress/runner/cypress_runner.js:144197:19)\n    at onFailFn (http://localhost:33345/__cypress/runner/cypress_runner.js:132448:16)\n    at tryCatcher (http://localhost:33345/__cypress/runner/cypress_runner.js:167415:23)\n    at Promise._settlePromiseFromHandler (http://localhost:33345/__cypress/runner/cypress_runner.js:165351:31)\n    at Promise._settlePromise (http://localhost:33345/__cypress/runner/cypress_runner.js:165408:18)\n    at Promise._settlePromise0 (http://localhost:33345/__cypress/runner/cypress_runner.js:165453:10)\n    at Promise._settlePromises (http://localhost:33345/__cypress/runner/cypress_runner.js:165528:18)\n    at Async../node_modules/bluebird/js/release/async.js.Async._drainQueue (http://localhost:33345/__cypress/runner/cypress_runner.js:162140:16)\n    at Async../node_modules/bluebird/js/release/async.js.Async._drainQueues (http://localhost:33345/__cypress/runner/cypress_runner.js:162150:10)\n    at Async.drainQueues (http://localhost:33345/__cypress/runner/cypress_runner.js:162024:14)",
                "diff": null
              },
              "uuid": "26908160-7482-4240-ad2f-0372edd6cc7d",
              "parentUUID": "09523ac7-5ec4-49c5-a80e-cf67d6e89421",
              "isHook": false,
              "skipped": false
            },
            {
              "title": "Verifica se após selecionar uma outra cor na paleta, é possível pintar os pixels com essa cor",
              "fullTitle": "8 - Clicar em um pixel dentro do quadro após selecionar uma cor na paleta, faz com que o pixel seja preenchido com a cor selecionada. Verifica se após selecionar uma outra cor na paleta, é possível pintar os pixels com essa cor",
              "timedOut": null,
              "duration": 4321,
              "state": "failed",
              "speed": null,
              "pass": false,
              "fail": true,
              "pending": false,
              "context": null,
              "code": "cy.get('.color').each(function (color) {\n  var backgroundColor = color.css('background-color');\n  cy.wrap(color).click();\n  cy.get('.pixel').each(function (pixel) {\n    cy.wrap(pixel).click().should('have.css', 'background-color', backgroundColor);\n  });\n});",
              "err": {
                "message": "CypressError: Timed out retrying: Expected to find element: '.color', but never found it.",
                "estack": "CypressError: Timed out retrying: Expected to find element: '.color', but never found it.\n    at cypressErr (http://localhost:33345/__cypress/runner/cypress_runner.js:149934:9)\n    at throwErr (http://localhost:33345/__cypress/runner/cypress_runner.js:149867:11)\n    at Object.throwErrByPath (http://localhost:33345/__cypress/runner/cypress_runner.js:149915:3)\n    at retry (http://localhost:33345/__cypress/runner/cypress_runner.js:144197:19)\n    at onFailFn (http://localhost:33345/__cypress/runner/cypress_runner.js:132448:16)\n    at tryCatcher (http://localhost:33345/__cypress/runner/cypress_runner.js:167415:23)\n    at Promise._settlePromiseFromHandler (http://localhost:33345/__cypress/runner/cypress_runner.js:165351:31)\n    at Promise._settlePromise (http://localhost:33345/__cypress/runner/cypress_runner.js:165408:18)\n    at Promise._settlePromise0 (http://localhost:33345/__cypress/runner/cypress_runner.js:165453:10)\n    at Promise._settlePromises (http://localhost:33345/__cypress/runner/cypress_runner.js:165528:18)\n    at Async../node_modules/bluebird/js/release/async.js.Async._drainQueue (http://localhost:33345/__cypress/runner/cypress_runner.js:162140:16)\n    at Async../node_modules/bluebird/js/release/async.js.Async._drainQueues (http://localhost:33345/__cypress/runner/cypress_runner.js:162150:10)\n    at Async.drainQueues (http://localhost:33345/__cypress/runner/cypress_runner.js:162024:14)",
                "diff": null
              },
              "uuid": "690d6364-a98f-4b09-bd2d-65f219a1aa13",
              "parentUUID": "09523ac7-5ec4-49c5-a80e-cf67d6e89421",
              "isHook": false,
              "skipped": false
            },
            {
              "title": "Verifica se somente o pixel que foi clicado foi preenchido com a cor selecionada, sem influenciar na cor dos demais pixels.",
              "fullTitle": "8 - Clicar em um pixel dentro do quadro após selecionar uma cor na paleta, faz com que o pixel seja preenchido com a cor selecionada. Verifica se somente o pixel que foi clicado foi preenchido com a cor selecionada, sem influenciar na cor dos demais pixels.",
              "timedOut": null,
              "duration": 4320,
              "state": "failed",
              "speed": null,
              "pass": false,
              "fail": true,
              "pending": false,
              "context": null,
              "code": "var colorToPixelIndexMap = {\n  0: 6,\n  1: 8,\n  2: 16,\n  3: 18\n};\ncy.get('.color').each(function (color, index) {\n  cy.wrap(color).click();\n  var backgroundColor = color.css('background-color');\n  var clickedPixelIndex = colorToPixelIndexMap[index];\n  cy.get('.pixel').eq(clickedPixelIndex).click();\n  cy.get('.pixel').eq(clickedPixelIndex - 1).should('not.have.css', 'background-color', backgroundColor);\n  cy.get('.pixel').eq(clickedPixelIndex + 1).should('not.have.css', 'background-color', backgroundColor);\n  cy.get('.pixel').eq(clickedPixelIndex - 5).should('not.have.css', 'background-color', backgroundColor);\n  cy.get('.pixel').eq(clickedPixelIndex + 5).should('not.have.css', 'background-color', backgroundColor);\n  cy.get('.pixel').eq(clickedPixelIndex - 6).should('not.have.css', 'background-color', backgroundColor);\n  cy.get('.pixel').eq(clickedPixelIndex - 4).should('not.have.css', 'background-color', backgroundColor);\n  cy.get('.pixel').eq(clickedPixelIndex + 4).should('not.have.css', 'background-color', backgroundColor);\n  cy.get('.pixel').eq(clickedPixelIndex + 6).should('not.have.css', 'background-color', backgroundColor);\n});",
              "err": {
                "message": "CypressError: Timed out retrying: Expected to find element: '.color', but never found it.",
                "estack": "CypressError: Timed out retrying: Expected to find element: '.color', but never found it.\n    at cypressErr (http://localhost:33345/__cypress/runner/cypress_runner.js:149934:9)\n    at throwErr (http://localhost:33345/__cypress/runner/cypress_runner.js:149867:11)\n    at Object.throwErrByPath (http://localhost:33345/__cypress/runner/cypress_runner.js:149915:3)\n    at retry (http://localhost:33345/__cypress/runner/cypress_runner.js:144197:19)\n    at onFailFn (http://localhost:33345/__cypress/runner/cypress_runner.js:132448:16)\n    at tryCatcher (http://localhost:33345/__cypress/runner/cypress_runner.js:167415:23)\n    at Promise._settlePromiseFromHandler (http://localhost:33345/__cypress/runner/cypress_runner.js:165351:31)\n    at Promise._settlePromise (http://localhost:33345/__cypress/runner/cypress_runner.js:165408:18)\n    at Promise._settlePromise0 (http://localhost:33345/__cypress/runner/cypress_runner.js:165453:10)\n    at Promise._settlePromises (http://localhost:33345/__cypress/runner/cypress_runner.js:165528:18)\n    at Async../node_modules/bluebird/js/release/async.js.Async._drainQueue (http://localhost:33345/__cypress/runner/cypress_runner.js:162140:16)\n    at Async../node_modules/bluebird/js/release/async.js.Async._drainQueues (http://localhost:33345/__cypress/runner/cypress_runner.js:162150:10)\n    at Async.drainQueues (http://localhost:33345/__cypress/runner/cypress_runner.js:162024:14)",
                "diff": null
              },
              "uuid": "787f5293-a9b9-4387-87d3-1ba17c9166e6",
              "parentUUID": "09523ac7-5ec4-49c5-a80e-cf67d6e89421",
              "isHook": false,
              "skipped": false
            }
          ],
          "suites": [],
          "passes": [],
          "failures": [
            "26908160-7482-4240-ad2f-0372edd6cc7d",
            "690d6364-a98f-4b09-bd2d-65f219a1aa13",
            "787f5293-a9b9-4387-87d3-1ba17c9166e6"
          ],
          "pending": [],
          "skipped": [],
          "duration": 12933,
          "root": false,
          "rootEmpty": false,
          "_timeout": 2000
        },
        {
          "uuid": "4d7321bc-c72c-4691-8756-fab4b9a9a86c",
          "title": "9 - Crie um botão que, ao ser clicado, limpa o quadro preenchendo a cor de todos seus pixels com branco.",
          "fullFile": "",
          "file": "",
          "beforeHooks": [],
          "afterHooks": [],
          "tests": [
            {
              "title": "Verifica se o botão tem o `id` denominado `clear-board`",
              "fullTitle": "9 - Crie um botão que, ao ser clicado, limpa o quadro preenchendo a cor de todos seus pixels com branco. Verifica se o botão tem o `id` denominado `clear-board`",
              "timedOut": null,
              "duration": 4318,
              "state": "failed",
              "speed": null,
              "pass": false,
              "fail": true,
              "pending": false,
              "context": null,
              "code": "cy.get('#clear-board').should('be.visible');",
              "err": {
                "message": "CypressError: Timed out retrying: Expected to find element: '#clear-board', but never found it.",
                "estack": "CypressError: Timed out retrying: Expected to find element: '#clear-board', but never found it.\n    at cypressErr (http://localhost:33345/__cypress/runner/cypress_runner.js:149934:9)\n    at throwErr (http://localhost:33345/__cypress/runner/cypress_runner.js:149867:11)\n    at Object.throwErrByPath (http://localhost:33345/__cypress/runner/cypress_runner.js:149915:3)\n    at retry (http://localhost:33345/__cypress/runner/cypress_runner.js:144197:19)\n    at onFailFn (http://localhost:33345/__cypress/runner/cypress_runner.js:132448:16)\n    at tryCatcher (http://localhost:33345/__cypress/runner/cypress_runner.js:167415:23)\n    at Promise._settlePromiseFromHandler (http://localhost:33345/__cypress/runner/cypress_runner.js:165351:31)\n    at Promise._settlePromise (http://localhost:33345/__cypress/runner/cypress_runner.js:165408:18)\n    at Promise._settlePromise0 (http://localhost:33345/__cypress/runner/cypress_runner.js:165453:10)\n    at Promise._settlePromises (http://localhost:33345/__cypress/runner/cypress_runner.js:165528:18)\n    at Async../node_modules/bluebird/js/release/async.js.Async._drainQueue (http://localhost:33345/__cypress/runner/cypress_runner.js:162140:16)\n    at Async../node_modules/bluebird/js/release/async.js.Async._drainQueues (http://localhost:33345/__cypress/runner/cypress_runner.js:162150:10)\n    at Async.drainQueues (http://localhost:33345/__cypress/runner/cypress_runner.js:162024:14)",
                "diff": null
              },
              "uuid": "0f1157b5-591c-4515-a620-47ccfe01c077",
              "parentUUID": "4d7321bc-c72c-4691-8756-fab4b9a9a86c",
              "isHook": false,
              "skipped": false
            },
            {
              "title": "Verifica se o botão está posicionado entre a paleta de cores e o quadro de pixels",
              "fullTitle": "9 - Crie um botão que, ao ser clicado, limpa o quadro preenchendo a cor de todos seus pixels com branco. Verifica se o botão está posicionado entre a paleta de cores e o quadro de pixels",
              "timedOut": null,
              "duration": 4369,
              "state": "failed",
              "speed": null,
              "pass": false,
              "fail": true,
              "pending": false,
              "context": null,
              "code": "cy.get('#color-palette').then(function (palette) {\n  cy.get('#clear-board').should('be.belowOf', palette);\n});\ncy.get('#clear-board').then(function (clearBtn) {\n  cy.get('#pixel-board').should('be.belowOf', clearBtn);\n});",
              "err": {
                "message": "CypressError: Timed out retrying: Expected to find element: '#color-palette', but never found it.",
                "estack": "CypressError: Timed out retrying: Expected to find element: '#color-palette', but never found it.\n    at cypressErr (http://localhost:33345/__cypress/runner/cypress_runner.js:149934:9)\n    at throwErr (http://localhost:33345/__cypress/runner/cypress_runner.js:149867:11)\n    at Object.throwErrByPath (http://localhost:33345/__cypress/runner/cypress_runner.js:149915:3)\n    at retry (http://localhost:33345/__cypress/runner/cypress_runner.js:144197:19)\n    at onFailFn (http://localhost:33345/__cypress/runner/cypress_runner.js:132448:16)\n    at tryCatcher (http://localhost:33345/__cypress/runner/cypress_runner.js:167415:23)\n    at Promise._settlePromiseFromHandler (http://localhost:33345/__cypress/runner/cypress_runner.js:165351:31)\n    at Promise._settlePromise (http://localhost:33345/__cypress/runner/cypress_runner.js:165408:18)\n    at Promise._settlePromise0 (http://localhost:33345/__cypress/runner/cypress_runner.js:165453:10)\n    at Promise._settlePromises (http://localhost:33345/__cypress/runner/cypress_runner.js:165528:18)\n    at Async../node_modules/bluebird/js/release/async.js.Async._drainQueue (http://localhost:33345/__cypress/runner/cypress_runner.js:162140:16)\n    at Async../node_modules/bluebird/js/release/async.js.Async._drainQueues (http://localhost:33345/__cypress/runner/cypress_runner.js:162150:10)\n    at Async.drainQueues (http://localhost:33345/__cypress/runner/cypress_runner.js:162024:14)",
                "diff": null
              },
              "uuid": "aab4cfb1-5e29-47e4-b2f6-78866bef712d",
              "parentUUID": "4d7321bc-c72c-4691-8756-fab4b9a9a86c",
              "isHook": false,
              "skipped": false
            },
            {
              "title": "Verifica se o texto do botão é 'Limpar'",
              "fullTitle": "9 - Crie um botão que, ao ser clicado, limpa o quadro preenchendo a cor de todos seus pixels com branco. Verifica se o texto do botão é 'Limpar'",
              "timedOut": null,
              "duration": 4381,
              "state": "failed",
              "speed": null,
              "pass": false,
              "fail": true,
              "pending": false,
              "context": null,
              "code": "cy.get('#clear-board').should('contain.text', 'Limpar');",
              "err": {
                "message": "CypressError: Timed out retrying: Expected to find element: '#clear-board', but never found it.",
                "estack": "CypressError: Timed out retrying: Expected to find element: '#clear-board', but never found it.\n    at cypressErr (http://localhost:33345/__cypress/runner/cypress_runner.js:149934:9)\n    at throwErr (http://localhost:33345/__cypress/runner/cypress_runner.js:149867:11)\n    at Object.throwErrByPath (http://localhost:33345/__cypress/runner/cypress_runner.js:149915:3)\n    at retry (http://localhost:33345/__cypress/runner/cypress_runner.js:144197:19)\n    at onFailFn (http://localhost:33345/__cypress/runner/cypress_runner.js:132448:16)\n    at tryCatcher (http://localhost:33345/__cypress/runner/cypress_runner.js:167415:23)\n    at Promise._settlePromiseFromHandler (http://localhost:33345/__cypress/runner/cypress_runner.js:165351:31)\n    at Promise._settlePromise (http://localhost:33345/__cypress/runner/cypress_runner.js:165408:18)\n    at Promise._settlePromise0 (http://localhost:33345/__cypress/runner/cypress_runner.js:165453:10)\n    at Promise._settlePromises (http://localhost:33345/__cypress/runner/cypress_runner.js:165528:18)\n    at Async../node_modules/bluebird/js/release/async.js.Async._drainQueue (http://localhost:33345/__cypress/runner/cypress_runner.js:162140:16)\n    at Async../node_modules/bluebird/js/release/async.js.Async._drainQueues (http://localhost:33345/__cypress/runner/cypress_runner.js:162150:10)\n    at Async.drainQueues (http://localhost:33345/__cypress/runner/cypress_runner.js:162024:14)",
                "diff": null
              },
              "uuid": "98d95f25-3eb0-4f55-adaf-59e6075a1a7f",
              "parentUUID": "4d7321bc-c72c-4691-8756-fab4b9a9a86c",
              "isHook": false,
              "skipped": false
            },
            {
              "title": "Verifica se ao clicar no botão, o quadro de pixels é totalmente preenchido de branco",
              "fullTitle": "9 - Crie um botão que, ao ser clicado, limpa o quadro preenchendo a cor de todos seus pixels com branco. Verifica se ao clicar no botão, o quadro de pixels é totalmente preenchido de branco",
              "timedOut": null,
              "duration": 4328,
              "state": "failed",
              "speed": null,
              "pass": false,
              "fail": true,
              "pending": false,
              "context": null,
              "code": "cy.get('.color').eq(1).then(function (color) {\n  var backgroundColor = color.css('background-color');\n  cy.wrap(color).click();\n  cy.get('.pixel').each(function (pixel) {\n    cy.wrap(pixel).click().should('have.css', 'background-color', backgroundColor);\n  });\n});\ncy.get('#clear-board').click();\ncy.get('.pixel').each(function (pixel) {\n  cy.wrap(pixel).should('have.css', 'background-color', WHITE);\n});",
              "err": {
                "message": "CypressError: Timed out retrying: Expected to find element: '.color', but never found it.",
                "estack": "CypressError: Timed out retrying: Expected to find element: '.color', but never found it.\n    at cypressErr (http://localhost:33345/__cypress/runner/cypress_runner.js:149934:9)\n    at throwErr (http://localhost:33345/__cypress/runner/cypress_runner.js:149867:11)\n    at Object.throwErrByPath (http://localhost:33345/__cypress/runner/cypress_runner.js:149915:3)\n    at retry (http://localhost:33345/__cypress/runner/cypress_runner.js:144197:19)\n    at onFailFn (http://localhost:33345/__cypress/runner/cypress_runner.js:132448:16)\n    at tryCatcher (http://localhost:33345/__cypress/runner/cypress_runner.js:167415:23)\n    at Promise._settlePromiseFromHandler (http://localhost:33345/__cypress/runner/cypress_runner.js:165351:31)\n    at Promise._settlePromise (http://localhost:33345/__cypress/runner/cypress_runner.js:165408:18)\n    at Promise._settlePromise0 (http://localhost:33345/__cypress/runner/cypress_runner.js:165453:10)\n    at Promise._settlePromises (http://localhost:33345/__cypress/runner/cypress_runner.js:165528:18)\n    at Async../node_modules/bluebird/js/release/async.js.Async._drainQueue (http://localhost:33345/__cypress/runner/cypress_runner.js:162140:16)\n    at Async../node_modules/bluebird/js/release/async.js.Async._drainQueues (http://localhost:33345/__cypress/runner/cypress_runner.js:162150:10)\n    at Async.drainQueues (http://localhost:33345/__cypress/runner/cypress_runner.js:162024:14)",
                "diff": null
              },
              "uuid": "96c782cb-bc8a-467e-bd0f-87853cd82d82",
              "parentUUID": "4d7321bc-c72c-4691-8756-fab4b9a9a86c",
              "isHook": false,
              "skipped": false
            }
          ],
          "suites": [],
          "passes": [],
          "failures": [
            "0f1157b5-591c-4515-a620-47ccfe01c077",
            "aab4cfb1-5e29-47e4-b2f6-78866bef712d",
            "98d95f25-3eb0-4f55-adaf-59e6075a1a7f",
            "96c782cb-bc8a-467e-bd0f-87853cd82d82"
          ],
          "pending": [],
          "skipped": [],
          "duration": 17396,
          "root": false,
          "rootEmpty": false,
          "_timeout": 2000
        },
        {
          "uuid": "4d326f25-1fdd-46c9-b4ea-59d49ffe5d1b",
          "title": "10 - Faça o quadro de pixels ter seu tamanho definido pelo usuário.",
          "fullFile": "",
          "file": "",
          "beforeHooks": [],
          "afterHooks": [],
          "tests": [
            {
              "title": "Verifica se existe um input com o id `board-size`",
              "fullTitle": "10 - Faça o quadro de pixels ter seu tamanho definido pelo usuário. Verifica se existe um input com o id `board-size`",
              "timedOut": null,
              "duration": 4371,
              "state": "failed",
              "speed": null,
              "pass": false,
              "fail": true,
              "pending": false,
              "context": null,
              "code": "cy.get('#board-size').should('be.visible');",
              "err": {
                "message": "CypressError: Timed out retrying: Expected to find element: '#board-size', but never found it.",
[...]
                "diff": null
              },
              "uuid": "fb48e959-35eb-4559-a9fa-7316bd3c7387",
              "parentUUID": "4d326f25-1fdd-46c9-b4ea-59d49ffe5d1b",
              "isHook": false,
              "skipped": false
            },
            {
              "title": "Verifica se o novo quadro tem todos os pixels preenchidos com a cor branca",
              "fullTitle": "10 - Faça o quadro de pixels ter seu tamanho definido pelo usuário. Verifica se o novo quadro tem todos os pixels preenchidos com a cor branca",
              "timedOut": null,
              "duration": 4352,
              "state": "failed",
              "speed": null,
              "pass": false,
              "fail": true,
              "pending": false,
              "context": null,
              "code": "cy.get('#board-size').clear().type(6);\ncy.get('#generate-board').click();\ncy.get('.pixel').should('have.length', 36).each(function (pixel) {\n  expect(pixel).to.have.css('background-color', WHITE);\n});",
              "err": {
                "message": "CypressError: Timed out retrying: Expected to find element: '#board-size', but never found it.",
                "estack": "CypressError: Timed out retrying: Expected to find element: '#board-size', but never found it.\n    at cypressErr (http://localhost:33345/__cypress/runner/cypress_runner.js:149934:9)\n    at throwErr (http://localhost:33345/__cypress/runner/cypress_runner.js:149867:11)\n    at Object.throwErrByPath (http://localhost:33345/__cypress/runner/cypress_runner.js:149915:3)\n    at retry (http://localhost:33345/__cypress/runner/cypress_runner.js:144197:19)\n    at onFailFn (http://localhost:33345/__cypress/runner/cypress_runner.js:132448:16)\n    at tryCatcher (http://localhost:33345/__cypress/runner/cypress_runner.js:167415:23)\n    at Promise._settlePromiseFromHandler (http://localhost:33345/__cypress/runner/cypress_runner.js:165351:31)\n    at Promise._settlePromise (http://localhost:33345/__cypress/runner/cypress_runner.js:165408:18)\n    at Promise._settlePromise0 (http://localhost:33345/__cypress/runner/cypress_runner.js:165453:10)\n    at Promise._settlePromises (http://localhost:33345/__cypress/runner/cypress_runner.js:165528:18)\n    at Async../node_modules/bluebird/js/release/async.js.Async._drainQueue (http://localhost:33345/__cypress/runner/cypress_runner.js:162140:16)\n    at Async../node_modules/bluebird/js/release/async.js.Async._drainQueues (http://localhost:33345/__cypress/runner/cypress_runner.js:162150:10)\n    at Async.drainQueues (http://localhost:33345/__cypress/runner/cypress_runner.js:162024:14)",
                "diff": null
              },
              "uuid": "2069216e-e3d4-47e3-b814-ca3fd85ae5be",
              "parentUUID": "4d326f25-1fdd-46c9-b4ea-59d49ffe5d1b",
              "isHook": false,
              "skipped": false
            }
          ],
          "suites": [],
          "passes": [],
          "failures": [
            "5432a88e-1570-4841-a660-2cd3824fff82",
            "0c89d449-e9a4-4f0b-a74f-144252620edc",
            "34f09534-94f8-43ee-8496-4d99ecf99163",
            "167b9921-9d92-4629-914c-10b1316ac1fb",
            "c820cb3d-a40c-483c-91c9-7036e6aa88fe",
            "9c265f17-96f8-476d-89b8-cc5f69f93001",
            "cee30af3-340f-44af-bdbf-e37cfcdfc6d7",
            "fb48e959-35eb-4559-a9fa-7316bd3c7387",
            "2069216e-e3d4-47e3-b814-ca3fd85ae5be"
          ],
          "pending": [],
          "skipped": [],
          "duration": 39255,
          "root": false,
          "rootEmpty": false,
          "_timeout": 2000
        },
        {
          "uuid": "76e4f359-33e2-4768-8fbf-b43876b8b46c",
          "title": "11 - Limite o tamanho mínimo e máximo do board.",
          "fullFile": "",
          "file": "",
          "beforeHooks": [],
          "afterHooks": [],
          "tests": [
            {
              "title": "Verifica se a altura máxima do board é 50",
              "fullTitle": "11 - Limite o tamanho mínimo e máximo do board. Verifica se a altura máxima do board é 50",
              "timedOut": null,
              "duration": 4339,
              "state": "failed",
              "speed": null,
              "pass": false,
              "fail": true,
              "pending": false,
              "context": null,
              "code": "cy.get('#board-size').clear().type(50);\ncy.get('#generate-board').click();\ncy.get('.pixel').should('have.length', 2500);",
              "err": {
                "message": "CypressError: Timed out retrying: Expected to find element: '#board-size', but never found it.",
                "estack": "CypressError: Timed out retrying: Expected to find element: '#board-size', but never found it.\n    at cypressErr (http://localhost:33345/__cypress/runner/cypress_runner.js:149934:9)\n    at throwErr (http://localhost:33345/__cypress/runner/cypress_runner.js:149867:11)\n    at Object.throwErrByPath (http://localhost:33345/__cypress/runner/cypress_runner.js:149915:3)\n    at retry (http://localhost:33345/__cypress/runner/cypress_runner.js:144197:19)\n    at onFailFn (http://localhost:33345/__cypress/runner/cypress_runner.js:132448:16)\n    at tryCatcher (http://localhost:33345/__cypress/runner/cypress_runner.js:167415:23)\n    at Promise._settlePromiseFromHandler (http://localhost:33345/__cypress/runner/cypress_runner.js:165351:31)\n    at Promise._settlePromise (http://localhost:33345/__cypress/runner/cypress_runner.js:165408:18)\n    at Promise._settlePromise0 (http://localhost:33345/__cypress/runner/cypress_runner.js:165453:10)\n    at Promise._settlePromises (http://localhost:33345/__cypress/runner/cypress_runner.js:165528:18)\n    at Async../node_modules/bluebird/js/release/async.js.Async._drainQueue (http://localhost:33345/__cypress/runner/cypress_runner.js:162140:16)\n    at Async../node_modules/bluebird/js/release/async.js.Async._drainQueues (http://localhost:33345/__cypress/runner/cypress_runner.js:162150:10)\n    at Async.drainQueues (http://localhost:33345/__cypress/runner/cypress_runner.js:162024:14)",
                "diff": null
              },
              "uuid": "09f3fab2-915a-444d-ad41-4319428dada5",
              "parentUUID": "76e4f359-33e2-4768-8fbf-b43876b8b46c",
              "isHook": false,
              "skipped": false
            },
            {
              "title": "Verifica se a altura do board é 5 quando um valor menor é colocado no input",
              "fullTitle": "11 - Limite o tamanho mínimo e máximo do board. Verifica se a altura do board é 5 quando um valor menor é colocado no input",
              "timedOut": null,
              "duration": 4361,
              "state": "failed",
              "speed": null,
              "pass": false,
              "fail": true,
              "pending": false,
              "context": null,
              "code": "cy.get('#board-size').clear().type(4);\ncy.get('#generate-board').click();\ncy.get('.pixel').should('have.length', 25);",
              "err": {
                "message": "CypressError: Timed out retrying: Expected to find element: '#board-size', but never found it.",
                "estack": "CypressError: Timed out retrying: Expected to find element: '#board-size', but never found it.\n    at cypressErr (http://localhost:33345/__cypress/runner/cypress_runner.js:149934:9)\n    at throwErr (http://localhost:33345/__cypress/runner/cypress_runner.js:149867:11)\n    at Object.throwErrByPath (http://localhost:33345/__cypress/runner/cypress_runner.js:149915:3)\n    at retry (http://localhost:33345/__cypress/runner/cypress_runner.js:144197:19)\n    at onFailFn (http://localhost:33345/__cypress/runner/cypress_runner.js:132448:16)\n    at tryCatcher (http://localhost:33345/__cypress/runner/cypress_runner.js:167415:23)\n    at Promise._settlePromiseFromHandler (http://localhost:33345/__cypress/runner/cypress_runner.js:165351:31)\n    at Promise._settlePromise (http://localhost:33345/__cypress/runner/cypress_runner.js:165408:18)\n    at Promise._settlePromise0 (http://localhost:33345/__cypress/runner/cypress_runner.js:165453:10)\n    at Promise._settlePromises (http://localhost:33345/__cypress/runner/cypress_runner.js:165528:18)\n    at Async../node_modules/bluebird/js/release/async.js.Async._drainQueue (http://localhost:33345/__cypress/runner/cypress_runner.js:162140:16)\n    at Async../node_modules/bluebird/js/release/async.js.Async._drainQueues (http://localhost:33345/__cypress/runner/cypress_runner.js:162150:10)\n    at Async.drainQueues (http://localhost:33345/__cypress/runner/cypress_runner.js:162024:14)",
                "diff": null
              },
              "uuid": "3c8b6efb-b56f-43ec-9165-76f9f9b804b1",
              "parentUUID": "76e4f359-33e2-4768-8fbf-b43876b8b46c",
              "isHook": false,
              "skipped": false
            },
            {
              "title": "Verifica se a altura do board é 50 quando um valor maior é colocado no input",
              "fullTitle": "11 - Limite o tamanho mínimo e máximo do board. Verifica se a altura do board é 50 quando um valor maior é colocado no input",
              "timedOut": null,
              "duration": 4336,
              "state": "failed",
              "speed": null,
              "pass": false,
              "fail": true,
              "pending": false,
              "context": null,
              "code": "cy.get('#board-size').clear().type(51);\ncy.get('#generate-board').click();\ncy.get('.pixel').should('have.length', 2500);",
              "err": {
                "message": "CypressError: Timed out retrying: Expected to find element: '#board-size', but never found it.",
                "estack": "CypressError: Timed out retrying: Expected to find element: '#board-size', but never found it.\n    at cypressErr (http://localhost:33345/__cypress/runner/cypress_runner.js:149934:9)\n    at throwErr (http://localhost:33345/__cypress/runner/cypress_runner.js:149867:11)\n    at Object.throwErrByPath (http://localhost:33345/__cypress/runner/cypress_runner.js:149915:3)\n    at retry (http://localhost:33345/__cypress/runner/cypress_runner.js:144197:19)\n    at onFailFn (http://localhost:33345/__cypress/runner/cypress_runner.js:132448:16)\n    at tryCatcher (http://localhost:33345/__cypress/runner/cypress_runner.js:167415:23)\n    at Promise._settlePromiseFromHandler (http://localhost:33345/__cypress/runner/cypress_runner.js:165351:31)\n    at Promise._settlePromise (http://localhost:33345/__cypress/runner/cypress_runner.js:165408:18)\n    at Promise._settlePromise0 (http://localhost:33345/__cypress/runner/cypress_runner.js:165453:10)\n    at Promise._settlePromises (http://localhost:33345/__cypress/runner/cypress_runner.js:165528:18)\n    at Async../node_modules/bluebird/js/release/async.js.Async._drainQueue (http://localhost:33345/__cypress/runner/cypress_runner.js:162140:16)\n    at Async../node_modules/bluebird/js/release/async.js.Async._drainQueues (http://localhost:33345/__cypress/runner/cypress_runner.js:162150:10)\n    at Async.drainQueues (http://localhost:33345/__cypress/runner/cypress_runner.js:162024:14)",
                "diff": null
              },
              "uuid": "7e7ea970-9162-40ae-bc52-f92e3fdd5d6e",
              "parentUUID": "76e4f359-33e2-4768-8fbf-b43876b8b46c",
              "isHook": false,
              "skipped": false
            }
          ],
          "suites": [],
          "passes": [],
          "failures": [
            "09f3fab2-915a-444d-ad41-4319428dada5",
            "3c8b6efb-b56f-43ec-9165-76f9f9b804b1",
            "7e7ea970-9162-40ae-bc52-f92e3fdd5d6e"
          ],
          "pending": [],
          "skipped": [],
          "duration": 13036,
          "root": false,
          "rootEmpty": false,
          "_timeout": 2000
        },
        {
          "uuid": "e870fad8-dfaf-4a35-81f0-06270056eed8",
          "title": "12 - Faça com que as cores da paleta sejam geradas aleatoriamente ao carregar a página.",
          "fullFile": "",
          "file": "",
          "beforeHooks": [],
          "afterHooks": [],
          "tests": [
            {
              "title": "Verifica se as cores geradas na paleta são diferentes a cada carregamento da página",
              "fullTitle": "12 - Faça com que as cores da paleta sejam geradas aleatoriamente ao carregar a página. Verifica se as cores geradas na paleta são diferentes a cada carregamento da página",
              "timedOut": null,
              "duration": 4393,
              "state": "failed",
              "speed": null,
              "pass": false,
              "fail": true,
              "pending": false,
              "context": null,
              "code": "cy.get('.color').then(function (colors) {\n  var currentColors;\n  var previousColors;\n  previousColors = Array.from(colors).map(function (color) {\n    return Cypress.$(color).css('background-color');\n  });\n  for (var i = 0; i < 5; i += 1) {\n    cy.reload();\n    cy.get('.color').then(function (colors) {\n      currentColors = Array.from(colors).map(function (color) {\n        return Cypress.$(color).css('background-color');\n      });\n      expect(currentColors).not.to.deep.equal(previousColors);\n      previousColors = currentColors;\n    });\n  }\n});",
              "err": {
                "message": "CypressError: Timed out retrying: Expected to find element: '.color', but never found it.",
                "estack": "CypressError: Timed out retrying: Expected to find element: '.color', but never found it.\n    at cypressErr (http://localhost:33345/__cypress/runner/cypress_runner.js:149934:9)\n    at throwErr (http://localhost:33345/__cypress/runner/cypress_runner.js:149867:11)\n    at Object.throwErrByPath (http://localhost:33345/__cypress/runner/cypress_runner.js:149915:3)\n    at retry (http://localhost:33345/__cypress/runner/cypress_runner.js:144197:19)\n    at onFailFn (http://localhost:33345/__cypress/runner/cypress_runner.js:132448:16)\n    at tryCatcher (http://localhost:33345/__cypress/runner/cypress_runner.js:167415:23)\n    at Promise._settlePromiseFromHandler (http://localhost:33345/__cypress/runner/cypress_runner.js:165351:31)\n    at Promise._settlePromise (http://localhost:33345/__cypress/runner/cypress_runner.js:165408:18)\n    at Promise._settlePromise0 (http://localhost:33345/__cypress/runner/cypress_runner.js:165453:10)\n    at Promise._settlePromises (http://localhost:33345/__cypress/runner/cypress_runner.js:165528:18)\n    at Async../node_modules/bluebird/js/release/async.js.Async._drainQueue (http://localhost:33345/__cypress/runner/cypress_runner.js:162140:16)\n    at Async../node_modules/bluebird/js/release/async.js.Async._drainQueues (http://localhost:33345/__cypress/runner/cypress_runner.js:162150:10)\n    at Async.drainQueues (http://localhost:33345/__cypress/runner/cypress_runner.js:162024:14)",
                "diff": null
              },
              "uuid": "3f9d5c37-21fe-4162-a244-87c38ac28e21",
              "parentUUID": "e870fad8-dfaf-4a35-81f0-06270056eed8",
              "isHook": false,
              "skipped": false
            },
            {
              "title": "Verifica se a cor preta ainda está presente e é a primeira na sua paleta de cores",
              "fullTitle": "12 - Faça com que as cores da paleta sejam geradas aleatoriamente ao carregar a página. Verifica se a cor preta ainda está presente e é a primeira na sua paleta de cores",
              "timedOut": null,
              "duration": 4357,
              "state": "failed",
              "speed": null,
              "pass": false,
              "fail": true,
              "pending": false,
              "context": null,
              "code": "cy.get('.color').then(function (colors) {\n  var currentColors;\n  var previousColors;\n  previousColors = Array.from(colors).map(function (color) {\n    return Cypress.$(color).css('background-color');\n  });\n  expect(previousColors[0]).to.eq(BLACK);\n  for (var i = 0; i < 5; i += 1) {\n    cy.reload();\n    cy.get('.color').then(function (colors) {\n      currentColors = Array.from(colors).map(function (color) {\n        return Cypress.$(color).css('background-color');\n      });\n      expect(currentColors[0]).to.eq(BLACK);\n      expect(currentColors).not.to.deep.equal(previousColors);\n      previousColors = currentColors;\n    });\n  }\n});",
              "err": {
                "message": "CypressError: Timed out retrying: Expected to find element: '.color', but never found it.",
                "estack": "CypressError: Timed out retrying: Expected to find element: '.color', but never found it.\n    at cypressErr (http://localhost:33345/__cypress/runner/cypress_runner.js:149934:9)\n    at throwErr (http://localhost:33345/__cypress/runner/cypress_runner.js:149867:11)\n    at Object.throwErrByPath (http://localhost:33345/__cypress/runner/cypress_runner.js:149915:3)\n    at retry (http://localhost:33345/__cypress/runner/cypress_runner.js:144197:19)\n    at onFailFn (http://localhost:33345/__cypress/runner/cypress_runner.js:132448:16)\n    at tryCatcher (http://localhost:33345/__cypress/runner/cypress_runner.js:167415:23)\n    at Promise._settlePromiseFromHandler (http://localhost:33345/__cypress/runner/cypress_runner.js:165351:31)\n    at Promise._settlePromise (http://localhost:33345/__cypress/runner/cypress_runner.js:165408:18)\n    at Promise._settlePromise0 (http://localhost:33345/__cypress/runner/cypress_runner.js:165453:10)\n    at Promise._settlePromises (http://localhost:33345/__cypress/runner/cypress_runner.js:165528:18)\n    at Async../node_modules/bluebird/js/release/async.js.Async._drainQueue (http://localhost:33345/__cypress/runner/cypress_runner.js:162140:16)\n    at Async../node_modules/bluebird/js/release/async.js.Async._drainQueues (http://localhost:33345/__cypress/runner/cypress_runner.js:162150:10)\n    at Async.drainQueues (http://localhost:33345/__cypress/runner/cypress_runner.js:162024:14)",
                "diff": null
              },
              "uuid": "00e59f12-b6ce-4e46-a8ac-eaa625e41cba",
              "parentUUID": "e870fad8-dfaf-4a35-81f0-06270056eed8",
              "isHook": false,
              "skipped": false
            }
          ],
          "suites": [],
          "passes": [],
          "failures": [
            "3f9d5c37-21fe-4162-a244-87c38ac28e21",
            "00e59f12-b6ce-4e46-a8ac-eaa625e41cba"
          ],
          "pending": [],
          "skipped": [],
          "duration": 8750,
          "root": false,
          "rootEmpty": false,
          "_timeout": 2000
        }
      ],
      "passes": [],
      "failures": [],
      "pending": [],
      "skipped": [],
      "duration": 0,
      "root": true,
      "rootEmpty": true,
      "_timeout": 2000
    }
  ],
  "meta": {
    "mocha": {
      "version": "7.0.1"
    },
    "mochawesome": {
      "options": {
        "quiet": false,
        "reportFilename": "mochawesome",
        "saveHtml": false,
        "saveJson": true,
        "consoleReporter": "spec",
        "useInlineDiffs": false
      },
      "version": "4.1.0"
    },
    "marge": {
      "options": {
        "id": "default",
        "reportDir": "cypress/reports",
        "overwrite": true,
        "html": false,
        "json": true
      },
      "version": "4.1.0"
    }
  }
}