{
  "stats": {
    "suites": 12,
    "tests": 41,
    "passes": 20,
    "pending": 0,
    "failures": 21,
    "start": "2021-08-19T14:08:58.800Z",
    "end": "2021-08-19T14:10:52.548Z",
    "duration": 113748,
    "testsRegistered": 41,
    "passPercent": 48.78048780487805,
    "pendingPercent": 0,
    "other": 0,
    "hasOther": false,
    "skipped": 0,
    "hasSkipped": false
  },
  "results": [
    {
      "uuid": "f04d73a4-b2db-4683-8a69-99cf75e9dece",
      "title": "",
      "fullFile": "cypress/integration/project.spec.js",
      "file": "cypress/integration/project.spec.js",
      "beforeHooks": [],
      "afterHooks": [],
      "tests": [],
      "suites": [
        {
          "uuid": "3e490a42-2ac2-4785-ac9d-1486498580eb",
          "title": "1 - Adicione à página o título \"Paleta de Cores\".",
          "fullFile": "",
          "file": "",
          "beforeHooks": [],
          "afterHooks": [],
          "tests": [
            {
              "title": "Verifica se contém um elemento `h1` com o id `title` com o título correto",
              "fullTitle": "1 - Adicione à página o título \"Paleta de Cores\". Verifica se contém um elemento `h1` com o id `title` com o título correto",
              "timedOut": null,
              "duration": 729,
              "state": "passed",
              "speed": "slow",
              "pass": true,
              "fail": false,
              "pending": false,
              "context": null,
              "code": "cy.get('h1#title').should('contain.text', 'Paleta de Cores');",
              "err": {},
              "uuid": "c3bdd77d-9460-4877-a863-399b885e5653",
              "parentUUID": "3e490a42-2ac2-4785-ac9d-1486498580eb",
              "isHook": false,
              "skipped": false
            }
          ],
          "suites": [],
          "passes": [
            "c3bdd77d-9460-4877-a863-399b885e5653"
          ],
          "failures": [],
          "pending": [],
          "skipped": [],
          "duration": 729,
          "root": false,
          "rootEmpty": false,
          "_timeout": 2000
        },
        {
          "uuid": "be5884b5-ec0b-4b92-bf38-a43ae4cc321b",
          "title": "2 - Adicione à página uma paleta de quatro cores distintas.",
          "fullFile": "",
          "file": "",
          "beforeHooks": [],
          "afterHooks": [],
          "tests": [
            {
              "title": "A paleta de cores deve ser um elemento com `id` denominado `color-palette`",
              "fullTitle": "2 - Adicione à página uma paleta de quatro cores distintas. A paleta de cores deve ser um elemento com `id` denominado `color-palette`",
              "timedOut": null,
              "duration": 473,
              "state": "passed",
              "speed": "slow",
              "pass": true,
              "fail": false,
              "pending": false,
              "context": null,
              "code": "cy.get('#color-palette').should('be.visible');",
              "err": {},
              "uuid": "a0d23e24-785f-4bed-97c1-afc63881fa9e",
              "parentUUID": "be5884b5-ec0b-4b92-bf38-a43ae4cc321b",
              "isHook": false,
              "skipped": false
            },
            {
              "title": "Verifica se cada cor individual da paleta de cores possui a `classe` chamada `color`.",
              "fullTitle": "2 - Adicione à página uma paleta de quatro cores distintas. Verifica se cada cor individual da paleta de cores possui a `classe` chamada `color`.",
              "timedOut": null,
              "duration": 437,
              "state": "passed",
              "speed": "slow",
              "pass": true,
              "fail": false,
              "pending": false,
              "context": null,
              "code": "cy.get('.color').should('have.length', 4).then(function (colors) {\n  for (var i = 0; i < colors.length; i++) {\n    cy.wrap(colors[i]).should('be.visible');\n  }\n});",
              "err": {},
              "uuid": "b1d9ab1f-72fb-4b1e-98e5-be0d66b5abcf",
              "parentUUID": "be5884b5-ec0b-4b92-bf38-a43ae4cc321b",
              "isHook": false,
              "skipped": false
            },
            {
              "title": "Verifica se a cor de fundo de cada elemento da paleta é a cor que o elemento representa. **A única cor não permitida na paleta é a cor branca.**",
              "fullTitle": "2 - Adicione à página uma paleta de quatro cores distintas. Verifica se a cor de fundo de cada elemento da paleta é a cor que o elemento representa. **A única cor não permitida na paleta é a cor branca.**",
              "timedOut": null,
              "duration": 401,
              "state": "passed",
              "speed": "slow",
              "pass": true,
              "fail": false,
              "pending": false,
              "context": null,
              "code": "cy.get('.color').each(function (color) {\n  cy.wrap(color).should('have.class', 'color').and('not.have.css', 'background-color', WHITE);\n  cy.wrap(color).should('have.css', 'background-color');\n});",
              "err": {},
              "uuid": "4f0b25dd-a3c7-4873-b2cc-dbdbe230e93a",
              "parentUUID": "be5884b5-ec0b-4b92-bf38-a43ae4cc321b",
              "isHook": false,
              "skipped": false
            },
            {
              "title": "Verifica se cada elemento da paleta de cores tem uma borda preta, sólida e com 1 pixel de largura;",
              "fullTitle": "2 - Adicione à página uma paleta de quatro cores distintas. Verifica se cada elemento da paleta de cores tem uma borda preta, sólida e com 1 pixel de largura;",
              "timedOut": null,
              "duration": 306,
              "state": "passed",
              "speed": "slow",
              "pass": true,
              "fail": false,
              "pending": false,
              "context": null,
              "code": "cy.get('.color').each(function (color) {\n  cy.wrap(color).and('have.css', 'border', \"1px solid \".concat(BLACK)).and('have.class', 'color');\n});",
              "err": {},
              "uuid": "323803e4-49a1-4080-b1a5-4a414d7cf35d",
              "parentUUID": "be5884b5-ec0b-4b92-bf38-a43ae4cc321b",
              "isHook": false,
              "skipped": false
            },
            {
              "title": "Verifica se a paleta lista todas as cores disponíveis para utilização, lado a lado.",
              "fullTitle": "2 - Adicione à página uma paleta de quatro cores distintas. Verifica se a paleta lista todas as cores disponíveis para utilização, lado a lado.",
              "timedOut": null,
              "duration": 344,
              "state": "passed",
              "speed": "slow",
              "pass": true,
              "fail": false,
              "pending": false,
              "context": null,
              "code": "cy.get('.color').then(function (colors) {\n  for (var index = 1; index < colors.length; index += 1) {\n    var currentColor = colors[index];\n    var previousColor = colors[index - 1];\n    cy.wrap(currentColor).should('be.onTheRightOf', previousColor).and('be.horizontallyAlignedWith', previousColor);\n  }\n});",
              "err": {},
              "uuid": "05d57fae-bac5-4bc0-8c7e-6e7ce56d61d6",
              "parentUUID": "be5884b5-ec0b-4b92-bf38-a43ae4cc321b",
              "isHook": false,
              "skipped": false
            },
            {
              "title": "Verifica se a paleta de cores está posicionada abaixo do título 'Paleta de Cores'",
              "fullTitle": "2 - Adicione à página uma paleta de quatro cores distintas. Verifica se a paleta de cores está posicionada abaixo do título 'Paleta de Cores'",
              "timedOut": null,
              "duration": 273,
              "state": "passed",
              "speed": "slow",
              "pass": true,
              "fail": false,
              "pending": false,
              "context": null,
              "code": "cy.get('h1#title').then(function (title) {\n  cy.get('#color-palette').should('be.belowOf', title);\n});",
              "err": {},
              "uuid": "0e9b4452-c752-4d99-97a0-a5c85d13e8e0",
              "parentUUID": "be5884b5-ec0b-4b92-bf38-a43ae4cc321b",
              "isHook": false,
              "skipped": false
            },
            {
              "title": "Verifica se a paleta de cores não contém cores repetidas.",
              "fullTitle": "2 - Adicione à página uma paleta de quatro cores distintas. Verifica se a paleta de cores não contém cores repetidas.",
              "timedOut": null,
              "duration": 260,
              "state": "passed",
              "speed": "slow",
              "pass": true,
              "fail": false,
              "pending": false,
              "context": null,
              "code": "cy.get('.color').then(function (colors) {\n  var allColors = Array.from(colors).map(function (color) {\n    return Cypress.$(color).css('background-color');\n  });\n  cy.log(allColors);\n  var uniqColors = (0, _toConsumableArray2[\"default\"])(new Set(allColors));\n  cy.log(uniqColors);\n  expect(allColors.length).to.eq(uniqColors.length);\n});",
              "err": {},
              "uuid": "2028b6f4-1a3d-4de9-82a1-85e181fc6df6",
              "parentUUID": "be5884b5-ec0b-4b92-bf38-a43ae4cc321b",
              "isHook": false,
              "skipped": false
            }
          ],
          "suites": [],
          "passes": [
            "a0d23e24-785f-4bed-97c1-afc63881fa9e",
            "b1d9ab1f-72fb-4b1e-98e5-be0d66b5abcf",
            "4f0b25dd-a3c7-4873-b2cc-dbdbe230e93a",
            "323803e4-49a1-4080-b1a5-4a414d7cf35d",
            "05d57fae-bac5-4bc0-8c7e-6e7ce56d61d6",
            "0e9b4452-c752-4d99-97a0-a5c85d13e8e0",
            "2028b6f4-1a3d-4de9-82a1-85e181fc6df6"
          ],
          "failures": [],
          "pending": [],
          "skipped": [],
          "duration": 2494,
          "root": false,
          "rootEmpty": false,
          "_timeout": 2000
        },
        {
          "uuid": "e8199a41-4d3e-4692-afd9-233f7f8c0e02",
          "title": "3 - Adicione a cor **preta** como a primeira cor da paleta de cores.",
          "fullFile": "",
          "file": "",
          "beforeHooks": [],
          "afterHooks": [],
          "tests": [
            {
              "title": "Verifica se a primeira cor da paleta é preta",
              "fullTitle": "3 - Adicione a cor **preta** como a primeira cor da paleta de cores. Verifica se a primeira cor da paleta é preta",
              "timedOut": null,
              "duration": 211,
              "state": "passed",
              "speed": "slow",
              "pass": true,
              "fail": false,
              "pending": false,
              "context": null,
              "code": "cy.get('.color').first().should('have.css', 'background-color', BLACK);",
              "err": {},
              "uuid": "c6152be5-2e15-446f-ab18-e253099c6761",
              "parentUUID": "e8199a41-4d3e-4692-afd9-233f7f8c0e02",
              "isHook": false,
              "skipped": false
            },
            {
              "title": "Verifica se as demais cores podem ser escolhidas livremente.",
              "fullTitle": "3 - Adicione a cor **preta** como a primeira cor da paleta de cores. Verifica se as demais cores podem ser escolhidas livremente.",
              "timedOut": null,
              "duration": 433,
              "state": "passed",
              "speed": "slow",
              "pass": true,
              "fail": false,
              "pending": false,
              "context": null,
              "code": "cy.get('.color').eq(1).should('not.have.css', 'background-color', BLACK);\ncy.get('.color').eq(1).should('not.have.css', 'background-color', WHITE);\ncy.get('.color').eq(1).should('not.have.css', 'background-color', 'rgba(0, 0, 0, 0)');\ncy.get('.color').eq(1).should('have.css', 'background-color');\ncy.get('.color').eq(2).should('not.have.css', 'background-color', BLACK);\ncy.get('.color').eq(2).should('not.have.css', 'background-color', WHITE);\ncy.get('.color').eq(2).should('not.have.css', 'background-color', 'rgba(0, 0, 0, 0)');\ncy.get('.color').eq(2).should('have.css', 'background-color');\ncy.get('.color').eq(3).should('not.have.css', 'background-color', BLACK);\ncy.get('.color').eq(3).should('not.have.css', 'background-color', WHITE);\ncy.get('.color').eq(3).should('not.have.css', 'background-color', 'rgba(0, 0, 0, 0)');\ncy.get('.color').eq(3).should('have.css', 'background-color');",
              "err": {},
              "uuid": "ebed8cf9-b65b-49b9-afb1-35be0d8805ff",
              "parentUUID": "e8199a41-4d3e-4692-afd9-233f7f8c0e02",
              "isHook": false,
              "skipped": false
            }
          ],
          "suites": [],
          "passes": [
            "c6152be5-2e15-446f-ab18-e253099c6761",
            "ebed8cf9-b65b-49b9-afb1-35be0d8805ff"
          ],
          "failures": [],
          "pending": [],
          "skipped": [],
          "duration": 644,
          "root": false,
          "rootEmpty": false,
          "_timeout": 2000
        },
        {
          "uuid": "98b81fd7-910e-4a8c-8ba1-cf8d6db3abd1",
          "title": "4 - Adicione à página um quadro de pixels, com 25 pixels.",
          "fullFile": "",
          "file": "",
          "beforeHooks": [],
          "afterHooks": [],
          "tests": [
            {
              "title": "Verifica se o quadro de pixels possui o `id` denominado `pixel-board`",
              "fullTitle": "4 - Adicione à página um quadro de pixels, com 25 pixels. Verifica se o quadro de pixels possui o `id` denominado `pixel-board`",
              "timedOut": null,
              "duration": 354,
              "state": "passed",
              "speed": "slow",
              "pass": true,
              "fail": false,
              "pending": false,
              "context": null,
              "code": "cy.get('#pixel-board').should('be.visible');",
              "err": {},
              "uuid": "28b8e90e-0d65-48d8-8e2f-72837eb2eb66",
              "parentUUID": "98b81fd7-910e-4a8c-8ba1-cf8d6db3abd1",
              "isHook": false,
              "skipped": false
            },
            {
              "title": "Verifica se cada pixel individual dentro do quadro possui a `classe` denominada `pixel`.",
              "fullTitle": "4 - Adicione à página um quadro de pixels, com 25 pixels. Verifica se cada pixel individual dentro do quadro possui a `classe` denominada `pixel`.",
              "timedOut": null,
              "duration": 248,
              "state": "passed",
              "speed": "slow",
              "pass": true,
              "fail": false,
              "pending": false,
              "context": null,
              "code": "cy.get('.pixel').should('have.length', 25);",
              "err": {},
              "uuid": "e4c5414e-c623-4aff-9357-49b67755be71",
              "parentUUID": "98b81fd7-910e-4a8c-8ba1-cf8d6db3abd1",
              "isHook": false,
              "skipped": false
            },
            {
              "title": "Verifica se a cor inicial dos pixels dentro do quadro, ao abrir a página, é branca.",
              "fullTitle": "4 - Adicione à página um quadro de pixels, com 25 pixels. Verifica se a cor inicial dos pixels dentro do quadro, ao abrir a página, é branca.",
              "timedOut": null,
              "duration": 372,
              "state": "passed",
              "speed": "slow",
              "pass": true,
              "fail": false,
              "pending": false,
              "context": null,
              "code": "cy.get('.pixel').should('have.length', 25).each(function (pixel) {\n  expect(pixel).to.have.css('background-color', WHITE);\n});",
              "err": {},
              "uuid": "45e4c7c8-bc22-4bc0-92b4-d3848dc4b8e7",
              "parentUUID": "98b81fd7-910e-4a8c-8ba1-cf8d6db3abd1",
              "isHook": false,
              "skipped": false
            },
            {
              "title": "Verifica se o quadro de pixels aparece abaixo da paleta de cores",
              "fullTitle": "4 - Adicione à página um quadro de pixels, com 25 pixels. Verifica se o quadro de pixels aparece abaixo da paleta de cores",
              "timedOut": null,
              "duration": 302,
              "state": "passed",
              "speed": "slow",
              "pass": true,
              "fail": false,
              "pending": false,
              "context": null,
              "code": "cy.get('#color-palette').then(function (palette) {\n  cy.get('#pixel-board').should('be.belowOf', palette);\n});",
              "err": {},
              "uuid": "fae9f8ab-6069-406b-b2d7-155b26d8997e",
              "parentUUID": "98b81fd7-910e-4a8c-8ba1-cf8d6db3abd1",
              "isHook": false,
              "skipped": false
            }
          ],
          "suites": [],
          "passes": [
            "28b8e90e-0d65-48d8-8e2f-72837eb2eb66",
            "e4c5414e-c623-4aff-9357-49b67755be71",
            "45e4c7c8-bc22-4bc0-92b4-d3848dc4b8e7",
            "fae9f8ab-6069-406b-b2d7-155b26d8997e"
          ],
          "failures": [],
          "pending": [],
          "skipped": [],
          "duration": 1276,
          "root": false,
          "rootEmpty": false,
          "_timeout": 2000
        },
        {
          "uuid": "ae16d8f0-7c6f-46be-a2bf-6b5e497a870c",
          "title": "5 - Faça com que cada elemento do quadro de pixels possua 40 pixels de largura, 40 pixels de altura e seja delimitado por uma borda preta de 1 pixel.",
          "fullFile": "",
          "file": "",
          "beforeHooks": [],
          "afterHooks": [],
          "tests": [
            {
              "title": "Verifica se o quadro de pixels tem altura e comprimento de 5 elementos",
              "fullTitle": "5 - Faça com que cada elemento do quadro de pixels possua 40 pixels de largura, 40 pixels de altura e seja delimitado por uma borda preta de 1 pixel. Verifica se o quadro de pixels tem altura e comprimento de 5 elementos",
              "timedOut": null,
              "duration": 724,
              "state": "passed",
              "speed": "slow",
              "pass": true,
              "fail": false,
              "pending": false,
              "context": null,
              "code": "cy.get('.pixel').should('have.length', 25).each(function (pixel) {\n  expect(pixel).to.have.css('background-color', WHITE);\n}).and(function (pixels) {\n  var rows = chunk(pixels, 5);\n  rows.forEach(function (row) {\n    for (var index = 1; index < row.length; index += 1) {\n      var current = pixels[index];\n      var previous = pixels[index - 1];\n      cy.wrap(current).should('be.onTheRightOf', previous).and('be.horizontallyAlignedWith', previous);\n    }\n  });\n  for (var index = 1; index < 5; index += 1) {\n    expect(pixels[index * 5]).to.be.belowOf(pixels[(index - 1) * 5]);\n  }\n});",
              "err": {},
              "uuid": "f4414243-3bb5-41b5-87f4-01dafe1bc4f5",
              "parentUUID": "ae16d8f0-7c6f-46be-a2bf-6b5e497a870c",
              "isHook": false,
              "skipped": false
            },
            {
              "title": "Verifica se 40 pixels é o tamanho total do elemento, incluindo seu conteúdo e excluindo a borda preta, que deve ser criada à parte.",
              "fullTitle": "5 - Faça com que cada elemento do quadro de pixels possua 40 pixels de largura, 40 pixels de altura e seja delimitado por uma borda preta de 1 pixel. Verifica se 40 pixels é o tamanho total do elemento, incluindo seu conteúdo e excluindo a borda preta, que deve ser criada à parte.",
              "timedOut": null,
              "duration": 645,
              "state": "passed",
              "speed": "slow",
              "pass": true,
              "fail": false,
              "pending": false,
              "context": null,
              "code": "cy.get('.pixel').each(function (pixel) {\n  cy.wrap(pixel).should('have.css', 'height', '40px').and('have.css', 'width', '40px').and('have.css', 'border', \"1px solid \".concat(BLACK));\n});",
              "err": {},
              "uuid": "9552a614-0121-4c9f-a6aa-8fa2b716bef0",
              "parentUUID": "ae16d8f0-7c6f-46be-a2bf-6b5e497a870c",
              "isHook": false,
              "skipped": false
            }
          ],
          "suites": [],
          "passes": [
            "f4414243-3bb5-41b5-87f4-01dafe1bc4f5",
            "9552a614-0121-4c9f-a6aa-8fa2b716bef0"
          ],
          "failures": [],
          "pending": [],
          "skipped": [],
          "duration": 1369,
          "root": false,
          "rootEmpty": false,
          "_timeout": 2000
        },
        {
          "uuid": "1987a98a-9e51-4398-a782-2d294f9d9c6f",
          "title": "6 - Defina a cor preta como cor inicial. Ao carregar a página a cor preta já deve estar selecionada para pintar os pixels",
          "fullFile": "",
          "file": "",
          "beforeHooks": [],
          "afterHooks": [],
          "tests": [
            {
              "title": "Verifica se o elemento da cor preta possui, inicialmente, a `classe` `selected`",
              "fullTitle": "6 - Defina a cor preta como cor inicial. Ao carregar a página a cor preta já deve estar selecionada para pintar os pixels Verifica se o elemento da cor preta possui, inicialmente, a `classe` `selected`",
              "timedOut": null,
              "duration": 284,
              "state": "passed",
              "speed": "slow",
              "pass": true,
              "fail": false,
              "pending": false,
              "context": null,
              "code": "cy.get('.selected').first().should('have.css', 'background-color', BLACK);",
              "err": {},
              "uuid": "b5794473-1121-4b01-bc9f-03ba31887741",
              "parentUUID": "1987a98a-9e51-4398-a782-2d294f9d9c6f",
              "isHook": false,
              "skipped": false
            },
            {
              "title": "Verifica se nenhuma outra cor da paleta tem a `classe` `selected`",
              "fullTitle": "6 - Defina a cor preta como cor inicial. Ao carregar a página a cor preta já deve estar selecionada para pintar os pixels Verifica se nenhuma outra cor da paleta tem a `classe` `selected`",
              "timedOut": null,
              "duration": 242,
              "state": "passed",
              "speed": "slow",
              "pass": true,
              "fail": false,
              "pending": false,
              "context": null,
              "code": "cy.get('.color:not(:first-child)').each(function (color) {\n  cy.wrap(color).should('not.have.class', 'selected');\n});",
              "err": {},
              "uuid": "eb718d36-6ecf-468c-a1d7-5abb1e0acb25",
              "parentUUID": "1987a98a-9e51-4398-a782-2d294f9d9c6f",
              "isHook": false,
              "skipped": false
            }
          ],
          "suites": [],
          "passes": [
            "b5794473-1121-4b01-bc9f-03ba31887741",
            "eb718d36-6ecf-468c-a1d7-5abb1e0acb25"
          ],
          "failures": [],
          "pending": [],
          "skipped": [],
          "duration": 526,
          "root": false,
          "rootEmpty": false,
          "_timeout": 2000
        },
        {
          "uuid": "ef1d3a99-ca6d-478c-8c4d-019458862185",
          "title": "7 - Clicar em uma das cores da paleta, faz com que ela seja selecionada e utilizada para preencher os pixels no quadro.",
          "fullFile": "",
          "file": "",
          "beforeHooks": [],
          "afterHooks": [],
          "tests": [
            {
              "title": "Verifica se somente uma cor da paleta de cores tem a classe `selected` de cada vez",
              "fullTitle": "7 - Clicar em uma das cores da paleta, faz com que ela seja selecionada e utilizada para preencher os pixels no quadro. Verifica se somente uma cor da paleta de cores tem a classe `selected` de cada vez",
              "timedOut": null,
              "duration": 880,
              "state": "failed",
              "speed": null,
              "pass": false,
              "fail": true,
              "pending": false,
              "context": null,
              "code": "cy.get('.color').each(function (selectedColor, selectedColorIndex) {\n  cy.wrap(selectedColor).click();\n  cy.get('.color').each(function (color, colorIndex) {\n    if (colorIndex === selectedColorIndex) {\n      expect(color).to.have[\"class\"]('selected');\n    } else {\n      expect(color).not.to.have[\"class\"]('selected');\n    }\n  });\n});",
              "err": {
                "message": "AssertionError: expected '<div#iPrimeiraCor.color>' to have class 'selected'",
                "estack": "AssertionError: expected '<div#iPrimeiraCor.color>' to have class 'selected'\n    at callback (http://localhost:35509/__cypress/runner/cypress_runner.js:136947:20)\n    at getRet (http://localhost:35509/__cypress/runner/cypress_runner.js:136585:16)\n    at tryCatcher (http://localhost:35509/__cypress/runner/cypress_runner.js:167415:23)\n    at Function.Promise.attempt.Promise.try (http://localhost:35509/__cypress/runner/cypress_runner.js:164690:29)\n    at thenFn (http://localhost:35509/__cypress/runner/cypress_runner.js:136599:23)\n    at yieldItem (http://localhost:35509/__cypress/runner/cypress_runner.js:136954:16)\n    at tryCatcher (http://localhost:35509/__cypress/runner/cypress_runner.js:167415:23)\n    at Object.gotValue (http://localhost:35509/__cypress/runner/cypress_runner.js:166557:18)\n    at Object.gotAccum (http://localhost:35509/__cypress/runner/cypress_runner.js:166546:25)\n    at Object.tryCatcher (http://localhost:35509/__cypress/runner/cypress_runner.js:167415:23)\n    at Promise._settlePromiseFromHandler (http://localhost:35509/__cypress/runner/cypress_runner.js:165351:31)\n    at Promise._settlePromise (http://localhost:35509/__cypress/runner/cypress_runner.js:165408:18)\n    at Promise._settlePromiseCtx (http://localhost:35509/__cypress/runner/cypress_runner.js:165445:10)\n    at Async../node_modules/bluebird/js/release/async.js.Async._drainQueue (http://localhost:35509/__cypress/runner/cypress_runner.js:162145:12)\n    at Async../node_modules/bluebird/js/release/async.js.Async._drainQueues (http://localhost:35509/__cypress/runner/cypress_runner.js:162150:10)\n    at Async.drainQueues (http://localhost:35509/__cypress/runner/cypress_runner.js:162024:14)",
                "diff": "- { '0': <div id=\"iPrimeiraCor\" class=\"color\" onclick=\"adicionarClasse()\"></div>,\n-   length: 1,\n-   jquery: '3.1.1',\n-   constructor: \n-    { [Function: jQuery]\n-      fn: \n-       { jquery: '3.1.1',\n-         constructor: [Circular],\n-         length: 0,\n-         toArray: [Function: toArray],\n-         get: [Function: get],\n-         pushStack: [Function: pushStack],\n-         each: [Function: each],\n-         map: [Function: map],\n-         slice: [Function: slice],\n-         first: [Function: first],\n-         last: [Function: last],\n-         eq: [Function: eq],\n-         end: [Function: end],\n-         push: [Function: push],\n-         sort: [Function: sort],\n-         splice: [Function: splice],\n-         extend: [Function],\n-         find: [Function: find],\n-         filter: [Function: filter],\n-         not: [Function: not],\n-         is: [Function: is],\n-         init: [Function],\n-         has: [Function: has],\n-         closest: [Function: closest],\n-         index: [Function: index],\n-         add: [Function: add],\n-         addBack: [Function: addBack],\n-         parent: [Function],\n-         parents: [Function],\n-         parentsUntil: [Function],\n-         next: [Function],\n-         prev: [Function],\n-         nextAll: [Function],\n-         prevAll: [Function],\n-         nextUntil: [Function],\n-         prevUntil: [Function],\n-         siblings: [Function],\n-         children: [Function],\n-         contents: [Function],\n-         ready: [Function],\n-         data: [Function: data],\n-         removeData: [Function: removeData],\n-         queue: [Function: queue],\n-         dequeue: [Function: dequeue],\n-         clearQueue: [Function: clearQueue],\n-         promise: [Function: promise],\n-         show: [Function],\n-         hide: [Function],\n-         toggle: [Function],\n-         on: [Function: on],\n-         one: [Function: one],\n-         off: [Function: off],\n-         detach: [Function: detach],\n-         remove: [Function: remove],\n-         text: [Function: text],\n-         append: [Function: append],\n-         prepend: [Function: prepend],\n-         before: [Function: before],\n-         after: [Function: after],\n-         empty: [Function: empty],\n-         clone: [Function: clone],\n-         html: [Function: html],\n-         replaceWith: [Function: replaceWith],\n-         appendTo: [Function],\n-         prependTo: [Function],\n-         insertBefore: [Function],\n-         insertAfter: [Function],\n-         replaceAll: [Function],\n-         css: [Function: css],\n-         fadeTo: [Function: fadeTo],\n-         animate: [Function: animate],\n-         stop: [Function: stop],\n-         finish: [Function: finish],\n-         slideDown: [Function],\n-         slideUp: [Function],\n-         slideToggle: [Function],\n-         fadeIn: [Function],\n-         fadeOut: [Function],\n-         fadeToggle: [Function],\n-         delay: [Function],\n-         attr: [Function: attr],\n-         removeAttr: [Function: removeAttr],\n-         prop: [Function: prop],\n-         removeProp: [Function: removeProp],\n-         addClass: [Function: addClass],\n-         removeClass: [Function: removeClass],\n-         toggleClass: [Function: toggleClass],\n-         hasClass: [Function: hasClass],\n-         val: [Function: val],\n-         trigger: [Function: trigger],\n-         triggerHandler: [Function: triggerHandler],\n-         blur: [Function],\n-         focus: [Function],\n-         focusin: [Function],\n-         focusout: [Function],\n-         resize: [Function],\n-         scroll: [Function],\n-         click: [Function],\n-         dblclick: [Function],\n-         mousedown: [Function],\n-         mouseup: [Function],\n-         mousemove: [Function],\n-         mouseover: [Function],\n-         mouseout: [Function],\n-         mouseenter: [Function],\n-         mouseleave: [Function],\n-         change: [Function],\n-         select: [Function],\n-         submit: [Function],\n-         keydown: [Function],\n-         keypress: [Function],\n-         keyup: [Function],\n-         contextmenu: [Function],\n-         hover: [Function: hover],\n-         serialize: [Function: serialize],\n-         serializeArray: [Function: serializeArray],\n-         wrapAll: [Function: wrapAll],\n-         wrapInner: [Function: wrapInner],\n-         wrap: [Function: wrap],\n-         unwrap: [Function: unwrap],\n-         load: [Function],\n-         ajaxStart: [Function],\n-         ajaxStop: [Function],\n-         ajaxComplete: [Function],\n-         ajaxError: [Function],\n-         ajaxSuccess: [Function],\n-         ajaxSend: [Function],\n-         offset: [Function: offset],\n-         position: [Function: position],\n-         offsetParent: [Function: offsetParent],\n-         scrollLeft: [Function],\n-         scrollTop: [Function],\n-         innerHeight: [Function],\n-         height: [Function],\n-         outerHeight: [Function],\n-         innerWidth: [Function],\n-         width: [Function],\n-         outerWidth: [Function],\n-         bind: [Function: bind],\n-         unbind: [Function: unbind],\n-         delegate: [Function: delegate],\n-         undelegate: [Function: undelegate],\n-         scrollTo: [Function] },\n-      extend: [Function],\n-      expando: 'jQuery31109023730548373228',\n-      isReady: true,\n-      error: [Function: error],\n-      noop: [Function: noop],\n-      isFunction: [Function: isFunction],\n-      isArray: [Function: isArray],\n-      isWindow: [Function: isWindow],\n-      isNumeric: [Function: isNumeric],\n-      isPlainObject: [Function: isPlainObject],\n-      isEmptyObject: [Function: isEmptyObject],\n-      type: [Function: type],\n-      globalEval: [Function: globalEval],\n-      camelCase: [Function: camelCase],\n-      nodeName: [Function: nodeName],\n-      each: [Function: each],\n-      trim: [Function: trim],\n-      makeArray: [Function: makeArray],\n-      inArray: [Function: inArray],\n-      merge: [Function: merge],\n-      grep: [Function: grep],\n-      map: [Function: map],\n-      guid: 7,\n-      proxy: [Function: proxy],\n-      now: [Function: now],\n-      support: \n-       { checkClone: true,\n-         noCloneChecked: true,\n-         clearCloneStyle: true,\n-         pixelPosition: [Function: pixelPosition],\n-         boxSizingReliable: [Function: boxSizingReliable],\n-         pixelMarginRight: [Function: pixelMarginRight],\n-         reliableMarginLeft: [Function: reliableMarginLeft],\n-         checkOn: true,\n-         optSelected: true,\n-         radioValue: true,\n-         focusin: false,\n-         cors: true,\n-         ajax: true,\n-         createHTMLDocument: true },\n-      find: \n-       { [Function: Sizzle]\n-         support: [Object],\n-         isXML: [Function],\n-         setDocument: [Function],\n-         matches: [Function],\n-         matchesSelector: [Function],\n-         contains: [Function],\n-         attr: [Function],\n-         escape: [Function],\n-         error: [Function],\n-         uniqueSort: [Function],\n-         getText: [Function],\n-         selectors: [Object],\n-         tokenize: [Function],\n-         compile: [Function],\n-         select: [Function] },\n-      expr: \n-       { cacheLength: 1,\n-         createPseudo: [Function: markFunction],\n-         match: [Object],\n-         attrHandle: [Object],\n-         find: [Object],\n-         relative: [Object],\n-         preFilter: [Object],\n-         filter: [Object],\n-         pseudos: [Object],\n-         filters: [Object],\n-         setFilters: [Object],\n-         ':': [Object] },\n-      unique: [Function],\n-      uniqueSort: [Function],\n-      text: [Function],\n-      isXMLDoc: [Function],\n-      contains: [Function],\n-      escapeSelector: [Function],\n-      filter: [Function],\n-      Callbacks: [Function],\n-      Deferred: { [Function: Deferred] exceptionHook: [Function] },\n-      when: [Function: when],\n-      readyException: [Function],\n-      readyWait: 0,\n-      holdReady: [Function: holdReady],\n-      ready: { [Function: ready] then: [Function: then] },\n-      hasData: [Function: hasData],\n-      data: [Function: data],\n-      removeData: [Function: removeData],\n-      _data: [Function: _data],\n-      _removeData: [Function: _removeData],\n-      queue: [Function: queue],\n-      dequeue: [Function: dequeue],\n-      _queueHooks: [Function: _queueHooks],\n-      event: \n-       { global: [Object],\n-         add: [Function: add],\n-         remove: [Function: remove],\n-         dispatch: [Function: dispatch],\n-         handlers: [Function: handlers],\n-         addProp: [Function: addProp],\n-         fix: [Function: fix],\n-         special: [Object],\n-         trigger: [Function: trigger],\n-         simulate: [Function: simulate] },\n-      removeEvent: [Function],\n-      Event: [Function],\n-      htmlPrefilter: [Function: htmlPrefilter],\n-      clone: [Function: clone],\n-      cleanData: [Function: cleanData],\n-      cssHooks: \n-       { opacity: [Object],\n-         height: [Object],\n-         width: [Object],\n-         marginLeft: [Object],\n-         margin: [Object],\n-         padding: [Object],\n-         borderWidth: [Object],\n-         top: [Object],\n-         left: [Object] },\n-      cssNumber: \n-       { animationIterationCount: true,\n-         columnCount: true,\n-         fillOpacity: true,\n-         flexGrow: true,\n-         flexShrink: true,\n-         fontWeight: true,\n-         lineHeight: true,\n-         opacity: true,\n-         order: true,\n-         orphans: true,\n-         widows: true,\n-         zIndex: true,\n-         zoom: true },\n-      cssProps: \n-       { float: 'cssFloat',\n-         width: 'width',\n-         display: 'display',\n-         boxSizing: 'boxSizing',\n-         height: 'height',\n-         overflow: 'overflow',\n-         overflowY: 'overflowY',\n-         overflowX: 'overflowX',\n-         visibility: 'visibility',\n-         position: 'position',\n-         backgroundColor: 'backgroundColor',\n-         border: 'border',\n-         paddingRight: 'paddingRight',\n-         borderRightWidth: 'borderRightWidth',\n-         paddingLeft: 'paddingLeft',\n-         borderLeftWidth: 'borderLeftWidth',\n-         paddingTop: 'paddingTop',\n-         borderTopWidth: 'borderTopWidth',\n-         paddingBottom: 'paddingBottom',\n-         borderBottomWidth: 'borderBottomWidth' },\n-      style: [Function: style],\n-      css: [Function: css],\n-      Tween: { [Function: Tween] propHooks: [Object] },\n-      easing: \n-       { linear: [Function: linear],\n-         swing: [Function: swing],\n-         _default: 'swing' },\n-      fx: \n-       { [Function: init]\n-         step: {},\n-         tick: [Function],\n-         timer: [Function],\n-         interval: 13,\n-         start: [Function],\n-         stop: [Function],\n-         speeds: [Object] },\n-      Animation: \n-       { [Function: Animation]\n-         tweeners: [Object],\n-         tweener: [Function: tweener],\n-         prefilters: [Object],\n-         prefilter: [Function: prefilter] },\n-      speed: [Function],\n-      timers: [],\n-      attr: [Function: attr],\n-      attrHooks: { type: [Object] },\n-      removeAttr: [Function: removeAttr],\n-      prop: [Function: prop],\n-      propHooks: { tabIndex: [Object] },\n-      propFix: \n-       { for: 'htmlFor',\n-         class: 'className',\n-         tabindex: 'tabIndex',\n-         readonly: 'readOnly',\n-         maxlength: 'maxLength',\n-         cellspacing: 'cellSpacing',\n-         cellpadding: 'cellPadding',\n-         rowspan: 'rowSpan',\n-         colspan: 'colSpan',\n-         usemap: 'useMap',\n-         frameborder: 'frameBorder',\n-         contenteditable: 'contentEditable' },\n-      valHooks: \n-       { option: [Object],\n-         select: [Object],\n-         radio: [Object],\n-         checkbox: [Object] },\n-      parseXML: [Function],\n-      param: [Function],\n-      active: 0,\n-      lastModified: {},\n-      etag: {},\n-      ajaxSettings: \n-       { url: 'http://localhost:35509/__/#/tests/integration/project.spec.js',\n-         type: 'GET',\n-         isLocal: false,\n-         global: true,\n-         processData: true,\n-         async: true,\n-         contentType: 'application/x-www-form-urlencoded; charset=UTF-8',\n-         accepts: [Object],\n-         contents: [Object],\n-         responseFields: [Object],\n-         converters: [Object],\n-         flatOptions: [Object],\n-         xhr: [Function],\n-         jsonp: 'callback',\n-         jsonpCallback: [Function: jsonpCallback],\n-         cache: false },\n-      ajaxSetup: [Function: ajaxSetup],\n-      ajaxPrefilter: [Function],\n-      ajaxTransport: [Function],\n-      ajax: [Function: ajax],\n-      getJSON: [Function: getJSON],\n-      getScript: [Function: getScript],\n-      get: [Function],\n-      post: [Function],\n-      _evalUrl: [Function],\n-      parseHTML: [Function],\n-      offset: { setOffset: [Function: setOffset] },\n-      parseJSON: [Function: parse],\n-      noConflict: [Function],\n-      scrollTo: { [Function] defaults: [Object], max: [Function] } },\n-   toArray: [Function: toArray],\n-   get: [Function: get],\n-   pushStack: [Function: pushStack],\n-   each: [Function: each],\n-   map: [Function: map],\n-   slice: [Function: slice],\n-   first: [Function: first],\n-   last: [Function: last],\n-   eq: [Function: eq],\n-   end: [Function: end],\n-   push: [Function: push],\n-   sort: [Function: sort],\n-   splice: [Function: splice],\n-   extend: [Function],\n-   find: [Function: find],\n-   filter: [Function: filter],\n-   not: [Function: not],\n-   is: [Function: is],\n-   init: [Function],\n-   has: [Function: has],\n-   closest: [Function: closest],\n-   index: [Function: index],\n-   add: [Function: add],\n-   addBack: [Function: addBack],\n-   parent: [Function],\n-   parents: [Function],\n-   parentsUntil: [Function],\n-   next: [Function],\n-   prev: [Function],\n-   nextAll: [Function],\n-   prevAll: [Function],\n-   nextUntil: [Function],\n-   prevUntil: [Function],\n-   siblings: [Function],\n-   children: [Function],\n-   contents: [Function],\n-   ready: [Function],\n-   data: [Function: data],\n-   removeData: [Function: removeData],\n-   queue: [Function: queue],\n-   dequeue: [Function: dequeue],\n-   clearQueue: [Function: clearQueue],\n-   promise: [Function: promise],\n-   show: [Function],\n-   hide: [Function],\n-   toggle: [Function],\n-   on: [Function: on],\n-   one: [Function: one],\n-   off: [Function: off],\n-   detach: [Function: detach],\n-   remove: [Function: remove],\n-   text: [Function: text],\n-   append: [Function: append],\n-   prepend: [Function: prepend],\n-   before: [Function: before],\n-   after: [Function: after],\n-   empty: [Function: empty],\n-   clone: [Function: clone],\n-   html: [Function: html],\n-   replaceWith: [Function: replaceWith],\n-   appendTo: [Function],\n-   prependTo: [Function],\n-   insertBefore: [Function],\n-   insertAfter: [Function],\n-   replaceAll: [Function],\n-   css: [Function: css],\n-   fadeTo: [Function: fadeTo],\n-   animate: [Function: animate],\n-   stop: [Function: stop],\n-   finish: [Function: finish],\n-   slideDown: [Function],\n-   slideUp: [Function],\n-   slideToggle: [Function],\n-   fadeIn: [Function],\n-   fadeOut: [Function],\n-   fadeToggle: [Function],\n-   delay: [Function],\n-   attr: [Function: attr],\n-   removeAttr: [Function: removeAttr],\n-   prop: [Function: prop],\n-   removeProp: [Function: removeProp],\n-   addClass: [Function: addClass],\n-   removeClass: [Function: removeClass],\n-   toggleClass: [Function: toggleClass],\n-   hasClass: [Function: hasClass],\n-   val: [Function: val],\n-   trigger: [Function: trigger],\n-   triggerHandler: [Function: triggerHandler],\n-   blur: [Function],\n-   focus: [Function],\n-   focusin: [Function],\n-   focusout: [Function],\n-   resize: [Function],\n-   scroll: [Function],\n-   click: [Function],\n-   dblclick: [Function],\n-   mousedown: [Function],\n-   mouseup: [Function],\n-   mousemove: [Function],\n-   mouseover: [Function],\n-   mouseout: [Function],\n-   mouseenter: [Function],\n-   mouseleave: [Function],\n-   change: [Function],\n-   select: [Function],\n-   submit: [Function],\n-   keydown: [Function],\n-   keypress: [Function],\n-   keyup: [Function],\n-   contextmenu: [Function],\n-   hover: [Function: hover],\n-   serialize: [Function: serialize],\n-   serializeArray: [Function: serializeArray],\n-   wrapAll: [Function: wrapAll],\n-   wrapInner: [Function: wrapInner],\n-   wrap: [Function: wrap],\n-   unwrap: [Function: unwrap],\n-   load: [Function],\n-   ajaxStart: [Function],\n-   ajaxStop: [Function],\n-   ajaxComplete: [Function],\n-   ajaxError: [Function],\n-   ajaxSuccess: [Function],\n-   ajaxSend: [Function],\n-   offset: [Function: offset],\n-   position: [Function: position],\n-   offsetParent: [Function: offsetParent],\n-   scrollLeft: [Function],\n-   scrollTop: [Function],\n-   innerHeight: [Function],\n-   height: [Function],\n-   outerHeight: [Function],\n-   innerWidth: [Function],\n-   width: [Function],\n-   outerWidth: [Function],\n-   bind: [Function: bind],\n-   unbind: [Function: unbind],\n-   delegate: [Function: delegate],\n-   undelegate: [Function: undelegate],\n-   scrollTo: [Function] }\n+ 'selected'\n"
              },
              "uuid": "ba7150f6-c129-449e-b3dd-ff9c3df83ca0",
              "parentUUID": "ef1d3a99-ca6d-478c-8c4d-019458862185",
              "isHook": false,
              "skipped": false
            },
            {
              "title": "Verifica se os pixels dentro do quadro não têm a classe `selected` quando são clicados",
              "fullTitle": "7 - Clicar em uma das cores da paleta, faz com que ela seja selecionada e utilizada para preencher os pixels no quadro. Verifica se os pixels dentro do quadro não têm a classe `selected` quando são clicados",
              "timedOut": null,
              "duration": 10245,
              "state": "passed",
              "speed": "slow",
              "pass": true,
              "fail": false,
              "pending": false,
              "context": null,
              "code": "cy.get('.color').each(function (color) {\n  var backgroundColor = color.css('background-color');\n  cy.wrap(color).click();\n  cy.get('.pixel').each(function (pixel) {\n    cy.wrap(pixel).click().should('not.have.class', 'selected');\n  });\n});",
              "err": {},
              "uuid": "b1e9064e-4c21-4de0-9de7-e71801dc04b1",
              "parentUUID": "ef1d3a99-ca6d-478c-8c4d-019458862185",
              "isHook": false,
              "skipped": false
            }
          ],
          "suites": [],
          "passes": [
            "b1e9064e-4c21-4de0-9de7-e71801dc04b1"
          ],
          "failures": [
            "ba7150f6-c129-449e-b3dd-ff9c3df83ca0"
          ],
          "pending": [],
          "skipped": [],
          "duration": 11125,
          "root": false,
          "rootEmpty": false,
          "_timeout": 2000
        },
        {
          "uuid": "ff43548b-cfcb-4ac0-bce5-51ee0ba5e2f2",
          "title": "8 - Clicar em um pixel dentro do quadro após selecionar uma cor na paleta, faz com que o pixel seja preenchido com a cor selecionada.",
          "fullFile": "",
          "file": "",
          "beforeHooks": [],
          "afterHooks": [],
          "tests": [
            {
              "title": "Verifica se ao carregar a página deve ser possível pintar os pixels de preto",
              "fullTitle": "8 - Clicar em um pixel dentro do quadro após selecionar uma cor na paleta, faz com que o pixel seja preenchido com a cor selecionada. Verifica se ao carregar a página deve ser possível pintar os pixels de preto",
              "timedOut": null,
              "duration": 4848,
              "state": "failed",
              "speed": null,
              "pass": false,
              "fail": true,
              "pending": false,
              "context": null,
              "code": "cy.get('.pixel').each(function (pixel) {\n  cy.wrap(pixel).click().should('have.css', 'background-color', BLACK);\n});",
              "err": {
                "message": "CypressError: Timed out retrying: expected '<div.pixel>' to have CSS property 'background-color' with the value 'rgb(0, 0, 0)', but the value was 'rgb(255, 255, 255)'",
                "estack": "CypressError: Timed out retrying: expected '<div.pixel>' to have CSS property 'background-color' with the value 'rgb(0, 0, 0)', but the value was 'rgb(255, 255, 255)'\n    at cypressErr (http://localhost:35509/__cypress/runner/cypress_runner.js:149934:9)\n    at throwErr (http://localhost:35509/__cypress/runner/cypress_runner.js:149867:11)\n    at Object.throwErrByPath (http://localhost:35509/__cypress/runner/cypress_runner.js:149915:3)\n    at retry (http://localhost:35509/__cypress/runner/cypress_runner.js:144197:19)\n    at onFailFn (http://localhost:35509/__cypress/runner/cypress_runner.js:132448:16)\n    at tryCatcher (http://localhost:35509/__cypress/runner/cypress_runner.js:167415:23)\n    at Promise._settlePromiseFromHandler (http://localhost:35509/__cypress/runner/cypress_runner.js:165351:31)\n    at Promise._settlePromise (http://localhost:35509/__cypress/runner/cypress_runner.js:165408:18)\n    at Promise._settlePromise0 (http://localhost:35509/__cypress/runner/cypress_runner.js:165453:10)\n    at Promise._settlePromises (http://localhost:35509/__cypress/runner/cypress_runner.js:165528:18)\n    at Async../node_modules/bluebird/js/release/async.js.Async._drainQueue (http://localhost:35509/__cypress/runner/cypress_runner.js:162140:16)\n    at Async../node_modules/bluebird/js/release/async.js.Async._drainQueues (http://localhost:35509/__cypress/runner/cypress_runner.js:162150:10)\n    at Async.drainQueues (http://localhost:35509/__cypress/runner/cypress_runner.js:162024:14)",
                "diff": null
              },
              "uuid": "0262779b-1462-4ad4-881d-a94179eb1aaa",
              "parentUUID": "ff43548b-cfcb-4ac0-bce5-51ee0ba5e2f2",
              "isHook": false,
              "skipped": false
            },
            {
              "title": "Verifica se após selecionar uma outra cor na paleta, é possível pintar os pixels com essa cor",
              "fullTitle": "8 - Clicar em um pixel dentro do quadro após selecionar uma cor na paleta, faz com que o pixel seja preenchido com a cor selecionada. Verifica se após selecionar uma outra cor na paleta, é possível pintar os pixels com essa cor",
              "timedOut": null,
              "duration": 5136,
              "state": "failed",
              "speed": null,
              "pass": false,
              "fail": true,
              "pending": false,
              "context": null,
              "code": "cy.get('.color').each(function (color) {\n  var backgroundColor = color.css('background-color');\n  cy.wrap(color).click();\n  cy.get('.pixel').each(function (pixel) {\n    cy.wrap(pixel).click().should('have.css', 'background-color', backgroundColor);\n  });\n});",
              "err": {
                "message": "CypressError: Timed out retrying: expected '<div.pixel>' to have CSS property 'background-color' with the value 'rgb(0, 0, 0)', but the value was 'rgb(255, 255, 255)'",
                "estack": "CypressError: Timed out retrying: expected '<div.pixel>' to have CSS property 'background-color' with the value 'rgb(0, 0, 0)', but the value was 'rgb(255, 255, 255)'\n    at cypressErr (http://localhost:35509/__cypress/runner/cypress_runner.js:149934:9)\n    at throwErr (http://localhost:35509/__cypress/runner/cypress_runner.js:149867:11)\n    at Object.throwErrByPath (http://localhost:35509/__cypress/runner/cypress_runner.js:149915:3)\n    at retry (http://localhost:35509/__cypress/runner/cypress_runner.js:144197:19)\n    at onFailFn (http://localhost:35509/__cypress/runner/cypress_runner.js:132448:16)\n    at tryCatcher (http://localhost:35509/__cypress/runner/cypress_runner.js:167415:23)\n    at Promise._settlePromiseFromHandler (http://localhost:35509/__cypress/runner/cypress_runner.js:165351:31)\n    at Promise._settlePromise (http://localhost:35509/__cypress/runner/cypress_runner.js:165408:18)\n    at Promise._settlePromise0 (http://localhost:35509/__cypress/runner/cypress_runner.js:165453:10)\n    at Promise._settlePromises (http://localhost:35509/__cypress/runner/cypress_runner.js:165528:18)\n    at Async../node_modules/bluebird/js/release/async.js.Async._drainQueue (http://localhost:35509/__cypress/runner/cypress_runner.js:162140:16)\n    at Async../node_modules/bluebird/js/release/async.js.Async._drainQueues (http://localhost:35509/__cypress/runner/cypress_runner.js:162150:10)\n    at Async.drainQueues (http://localhost:35509/__cypress/runner/cypress_runner.js:162024:14)",
                "diff": null
              },
              "uuid": "1a2cdd8e-387e-4fa6-9f8c-086e98b4313e",
              "parentUUID": "ff43548b-cfcb-4ac0-bce5-51ee0ba5e2f2",
              "isHook": false,
              "skipped": false
            },
            {
              "title": "Verifica se somente o pixel que foi clicado foi preenchido com a cor selecionada, sem influenciar na cor dos demais pixels.",
              "fullTitle": "8 - Clicar em um pixel dentro do quadro após selecionar uma cor na paleta, faz com que o pixel seja preenchido com a cor selecionada. Verifica se somente o pixel que foi clicado foi preenchido com a cor selecionada, sem influenciar na cor dos demais pixels.",
              "timedOut": null,
              "duration": 2181,
              "state": "passed",
              "speed": "slow",
              "pass": true,
              "fail": false,
              "pending": false,
              "context": null,
              "code": "var colorToPixelIndexMap = {\n  0: 6,\n  1: 8,\n  2: 16,\n  3: 18\n};\ncy.get('.color').each(function (color, index) {\n  cy.wrap(color).click();\n  var backgroundColor = color.css('background-color');\n  var clickedPixelIndex = colorToPixelIndexMap[index];\n  cy.get('.pixel').eq(clickedPixelIndex).click();\n  cy.get('.pixel').eq(clickedPixelIndex - 1).should('not.have.css', 'background-color', backgroundColor);\n  cy.get('.pixel').eq(clickedPixelIndex + 1).should('not.have.css', 'background-color', backgroundColor);\n  cy.get('.pixel').eq(clickedPixelIndex - 5).should('not.have.css', 'background-color', backgroundColor);\n  cy.get('.pixel').eq(clickedPixelIndex + 5).should('not.have.css', 'background-color', backgroundColor);\n  cy.get('.pixel').eq(clickedPixelIndex - 6).should('not.have.css', 'background-color', backgroundColor);\n  cy.get('.pixel').eq(clickedPixelIndex - 4).should('not.have.css', 'background-color', backgroundColor);\n  cy.get('.pixel').eq(clickedPixelIndex + 4).should('not.have.css', 'background-color', backgroundColor);\n  cy.get('.pixel').eq(clickedPixelIndex + 6).should('not.have.css', 'background-color', backgroundColor);\n});",
              "err": {},
              "uuid": "840dcb98-316e-4095-8046-9f51f2a43266",
              "parentUUID": "ff43548b-cfcb-4ac0-bce5-51ee0ba5e2f2",
              "isHook": false,
              "skipped": false
            }
          ],
          "suites": [],
          "passes": [
            "840dcb98-316e-4095-8046-9f51f2a43266"
          ],
          "failures": [
            "0262779b-1462-4ad4-881d-a94179eb1aaa",
            "1a2cdd8e-387e-4fa6-9f8c-086e98b4313e"
          ],
          "pending": [],
          "skipped": [],
          "duration": 12165,
          "root": false,
          "rootEmpty": false,
          "_timeout": 2000
        },
        {
          "uuid": "695ee9d9-8d2a-4444-94d8-97e3ae6b774a",
          "title": "9 - Crie um botão que, ao ser clicado, limpa o quadro preenchendo a cor de todos seus pixels com branco.",
          "fullFile": "",
          "file": "",
          "beforeHooks": [],
          "afterHooks": [],
          "tests": [
            {
              "title": "Verifica se o botão tem o `id` denominado `clear-board`",
              "fullTitle": "9 - Crie um botão que, ao ser clicado, limpa o quadro preenchendo a cor de todos seus pixels com branco. Verifica se o botão tem o `id` denominado `clear-board`",
              "timedOut": null,
              "duration": 4962,
              "state": "failed",
              "speed": null,
              "pass": false,
              "fail": true,
              "pending": false,
              "context": null,
              "code": "cy.get('#clear-board').should('be.visible');",
              "err": {
                "message": "CypressError: Timed out retrying: Expected to find element: '#clear-board', but never found it.",
                "estack": "CypressError: Timed out retrying: Expected to find element: '#clear-board', but never found it.\n    at cypressErr (http://localhost:35509/__cypress/runner/cypress_runner.js:149934:9)\n    at throwErr (http://localhost:35509/__cypress/runner/cypress_runner.js:149867:11)\n    at Object.throwErrByPath (http://localhost:35509/__cypress/runner/cypress_runner.js:149915:3)\n    at retry (http://localhost:35509/__cypress/runner/cypress_runner.js:144197:19)\n    at onFailFn (http://localhost:35509/__cypress/runner/cypress_runner.js:132448:16)\n    at tryCatcher (http://localhost:35509/__cypress/runner/cypress_runner.js:167415:23)\n    at Promise._settlePromiseFromHandler (http://localhost:35509/__cypress/runner/cypress_runner.js:165351:31)\n    at Promise._settlePromise (http://localhost:35509/__cypress/runner/cypress_runner.js:165408:18)\n    at Promise._settlePromise0 (http://localhost:35509/__cypress/runner/cypress_runner.js:165453:10)\n    at Promise._settlePromises (http://localhost:35509/__cypress/runner/cypress_runner.js:165528:18)\n    at Async../node_modules/bluebird/js/release/async.js.Async._drainQueue (http://localhost:35509/__cypress/runner/cypress_runner.js:162140:16)\n    at Async../node_modules/bluebird/js/release/async.js.Async._drainQueues (http://localhost:35509/__cypress/runner/cypress_runner.js:162150:10)\n    at Async.drainQueues (http://localhost:35509/__cypress/runner/cypress_runner.js:162024:14)",
                "diff": null
              },
              "uuid": "5112890b-97d2-49cf-a4af-a9800ba4383f",
              "parentUUID": "695ee9d9-8d2a-4444-94d8-97e3ae6b774a",
              "isHook": false,
              "skipped": false
            },
            {
              "title": "Verifica se o botão está posicionado entre a paleta de cores e o quadro de pixels",
              "fullTitle": "9 - Crie um botão que, ao ser clicado, limpa o quadro preenchendo a cor de todos seus pixels com branco. Verifica se o botão está posicionado entre a paleta de cores e o quadro de pixels",
              "timedOut": null,
              "duration": 4996,
              "state": "failed",
              "speed": null,
              "pass": false,
              "fail": true,
              "pending": false,
              "context": null,
              "code": "cy.get('#color-palette').then(function (palette) {\n  cy.get('#clear-board').should('be.belowOf', palette);\n});\ncy.get('#clear-board').then(function (clearBtn) {\n  cy.get('#pixel-board').should('be.belowOf', clearBtn);\n});",
              "err": {
                "message": "CypressError: Timed out retrying: Expected to find element: '#clear-board', but never found it.",
                "estack": "CypressError: Timed out retrying: Expected to find element: '#clear-board', but never found it.\n    at cypressErr (http://localhost:35509/__cypress/runner/cypress_runner.js:149934:9)\n    at throwErr (http://localhost:35509/__cypress/runner/cypress_runner.js:149867:11)\n    at Object.throwErrByPath (http://localhost:35509/__cypress/runner/cypress_runner.js:149915:3)\n    at retry (http://localhost:35509/__cypress/runner/cypress_runner.js:144197:19)\n    at onFailFn (http://localhost:35509/__cypress/runner/cypress_runner.js:132448:16)\n    at tryCatcher (http://localhost:35509/__cypress/runner/cypress_runner.js:167415:23)\n    at Promise._settlePromiseFromHandler (http://localhost:35509/__cypress/runner/cypress_runner.js:165351:31)\n    at Promise._settlePromise (http://localhost:35509/__cypress/runner/cypress_runner.js:165408:18)\n    at Promise._settlePromise0 (http://localhost:35509/__cypress/runner/cypress_runner.js:165453:10)\n    at Promise._settlePromises (http://localhost:35509/__cypress/runner/cypress_runner.js:165528:18)\n    at Async../node_modules/bluebird/js/release/async.js.Async._drainQueue (http://localhost:35509/__cypress/runner/cypress_runner.js:162140:16)\n    at Async../node_modules/bluebird/js/release/async.js.Async._drainQueues (http://localhost:35509/__cypress/runner/cypress_runner.js:162150:10)\n    at Async.drainQueues (http://localhost:35509/__cypress/runner/cypress_runner.js:162024:14)",
                "diff": null
              },
              "uuid": "219e7556-ca64-4df2-a78c-b02692d9794b",
              "parentUUID": "695ee9d9-8d2a-4444-94d8-97e3ae6b774a",
              "isHook": false,
              "skipped": false
            },
            {
              "title": "Verifica se o texto do botão é 'Limpar'",
              "fullTitle": "9 - Crie um botão que, ao ser clicado, limpa o quadro preenchendo a cor de todos seus pixels com branco. Verifica se o texto do botão é 'Limpar'",
              "timedOut": null,
              "duration": 4946,
              "state": "failed",
              "speed": null,
              "pass": false,
              "fail": true,
              "pending": false,
              "context": null,
              "code": "cy.get('#clear-board').should('contain.text', 'Limpar');",
              "err": {
                "message": "CypressError: Timed out retrying: Expected to find element: '#clear-board', but never found it.",
                "estack": "CypressError: Timed out retrying: Expected to find element: '#clear-board', but never found it.\n    at cypressErr (http://localhost:35509/__cypress/runner/cypress_runner.js:149934:9)\n    at throwErr (http://localhost:35509/__cypress/runner/cypress_runner.js:149867:11)\n    at Object.throwErrByPath (http://localhost:35509/__cypress/runner/cypress_runner.js:149915:3)\n    at retry (http://localhost:35509/__cypress/runner/cypress_runner.js:144197:19)\n    at onFailFn (http://localhost:35509/__cypress/runner/cypress_runner.js:132448:16)\n    at tryCatcher (http://localhost:35509/__cypress/runner/cypress_runner.js:167415:23)\n    at Promise._settlePromiseFromHandler (http://localhost:35509/__cypress/runner/cypress_runner.js:165351:31)\n    at Promise._settlePromise (http://localhost:35509/__cypress/runner/cypress_runner.js:165408:18)\n    at Promise._settlePromise0 (http://localhost:35509/__cypress/runner/cypress_runner.js:165453:10)\n    at Promise._settlePromises (http://localhost:35509/__cypress/runner/cypress_runner.js:165528:18)\n    at Async../node_modules/bluebird/js/release/async.js.Async._drainQueue (http://localhost:35509/__cypress/runner/cypress_runner.js:162140:16)\n    at Async../node_modules/bluebird/js/release/async.js.Async._drainQueues (http://localhost:35509/__cypress/runner/cypress_runner.js:162150:10)\n    at Async.drainQueues (http://localhost:35509/__cypress/runner/cypress_runner.js:162024:14)",
                "diff": null
              },
              "uuid": "444a24a7-3ff3-407a-9237-a92ebb8dc390",
              "parentUUID": "695ee9d9-8d2a-4444-94d8-97e3ae6b774a",
              "isHook": false,
              "skipped": false
            },
            {
              "title": "Verifica se ao clicar no botão, o quadro de pixels é totalmente preenchido de branco",
              "fullTitle": "9 - Crie um botão que, ao ser clicado, limpa o quadro preenchendo a cor de todos seus pixels com branco. Verifica se ao clicar no botão, o quadro de pixels é totalmente preenchido de branco",
              "timedOut": null,
              "duration": 4977,
              "state": "failed",
              "speed": null,
              "pass": false,
              "fail": true,
              "pending": false,
              "context": null,
              "code": "cy.get('.color').eq(1).then(function (color) {\n  var backgroundColor = color.css('background-color');\n  cy.wrap(color).click();\n  cy.get('.pixel').each(function (pixel) {\n    cy.wrap(pixel).click().should('have.css', 'background-color', backgroundColor);\n  });\n});\ncy.get('#clear-board').click();\ncy.get('.pixel').each(function (pixel) {\n  cy.wrap(pixel).should('have.css', 'background-color', WHITE);\n});",
              "err": {
                "message": "CypressError: Timed out retrying: expected '<div.pixel>' to have CSS property 'background-color' with the value 'rgb(0, 0, 255)', but the value was 'rgb(255, 255, 255)'",
                "estack": "CypressError: Timed out retrying: expected '<div.pixel>' to have CSS property 'background-color' with the value 'rgb(0, 0, 255)', but the value was 'rgb(255, 255, 255)'\n    at cypressErr (http://localhost:35509/__cypress/runner/cypress_runner.js:149934:9)\n    at throwErr (http://localhost:35509/__cypress/runner/cypress_runner.js:149867:11)\n    at Object.throwErrByPath (http://localhost:35509/__cypress/runner/cypress_runner.js:149915:3)\n    at retry (http://localhost:35509/__cypress/runner/cypress_runner.js:144197:19)\n    at onFailFn (http://localhost:35509/__cypress/runner/cypress_runner.js:132448:16)\n    at tryCatcher (http://localhost:35509/__cypress/runner/cypress_runner.js:167415:23)\n    at Promise._settlePromiseFromHandler (http://localhost:35509/__cypress/runner/cypress_runner.js:165351:31)\n    at Promise._settlePromise (http://localhost:35509/__cypress/runner/cypress_runner.js:165408:18)\n    at Promise._settlePromise0 (http://localhost:35509/__cypress/runner/cypress_runner.js:165453:10)\n    at Promise._settlePromises (http://localhost:35509/__cypress/runner/cypress_runner.js:165528:18)\n    at Async../node_modules/bluebird/js/release/async.js.Async._drainQueue (http://localhost:35509/__cypress/runner/cypress_runner.js:162140:16)\n    at Async../node_modules/bluebird/js/release/async.js.Async._drainQueues (http://localhost:35509/__cypress/runner/cypress_runner.js:162150:10)\n    at Async.drainQueues (http://localhost:35509/__cypress/runner/cypress_runner.js:162024:14)",
                "diff": null
              },
              "uuid": "594024ee-f01b-4331-a85b-ac3a831f3239",
              "parentUUID": "695ee9d9-8d2a-4444-94d8-97e3ae6b774a",
              "isHook": false,
              "skipped": false
            }
          ],
          "suites": [],
          "passes": [],
          "failures": [
            "5112890b-97d2-49cf-a4af-a9800ba4383f",
            "219e7556-ca64-4df2-a78c-b02692d9794b",
            "444a24a7-3ff3-407a-9237-a92ebb8dc390",
            "594024ee-f01b-4331-a85b-ac3a831f3239"
          ],
          "pending": [],
          "skipped": [],
          "duration": 19881,
          "root": false,
          "rootEmpty": false,
          "_timeout": 2000
        },
        {
          "uuid": "04759ae3-9fd7-4df6-8786-1b5d49b99899",
          "title": "10 - Faça o quadro de pixels ter seu tamanho definido pelo usuário.",
          "fullFile": "",
          "file": "",
          "beforeHooks": [],
          "afterHooks": [],
          "tests": [
            {
              "title": "Verifica se existe um input com o id `board-size`",
              "fullTitle": "10 - Faça o quadro de pixels ter seu tamanho definido pelo usuário. Verifica se existe um input com o id `board-size`",
              "timedOut": null,
              "duration": 5017,
              "state": "failed",
              "speed": null,
              "pass": false,
              "fail": true,
              "pending": false,
              "context": null,
              "code": "cy.get('#board-size').should('be.visible');",
              "err": {
                "message": "CypressError: Timed out retrying: Expected to find element: '#board-size', but never found it.",
                "estack": "CypressError: Timed out retrying: Expected to find element: '#board-size', but never found it.\n    at cypressErr (http://localhost:35509/__cypress/runner/cypress_runner.js:149934:9)\n    at throwErr (http://localhost:35509/__cypress/runner/cypress_runner.js:149867:11)\n    at Object.throwErrByPath (http://localhost:35509/__cypress/runner/cypress_runner.js:149915:3)\n    at retry (http://localhost:35509/__cypress/runner/cypress_runner.js:144197:19)\n    at onFailFn (http://localhost:35509/__cypress/runner/cypress_runner.js:132448:16)\n    at tryCatcher (http://localhost:35509/__cypress/runner/cypress_runner.js:167415:23)\n    at Promise._settlePromiseFromHandler (http://localhost:35509/__cypress/runner/cypress_runner.js:165351:31)\n    at Promise._settlePromise (http://localhost:35509/__cypress/runner/cypress_runner.js:165408:18)\n    at Promise._settlePromise0 (http://localhost:35509/__cypress/runner/cypress_runner.js:165453:10)\n    at Promise._settlePromises (http://localhost:35509/__cypress/runner/cypress_runner.js:165528:18)\n    at Async../node_modules/bluebird/js/release/async.js.Async._drainQueue (http://localhost:35509/__cypress/runner/cypress_runner.js:162140:16)\n    at Async../node_modules/bluebird/js/release/async.js.Async._drainQueues (http://localhost:35509/__cypress/runner/cypress_runner.js:162150:10)\n    at Async.drainQueues (http://localhost:35509/__cypress/runner/cypress_runner.js:162024:14)",
                "diff": null
              },
              "uuid": "65837c0e-da84-42d7-8406-fd3e63204657",
              "parentUUID": "04759ae3-9fd7-4df6-8786-1b5d49b99899",
              "isHook": false,
              "skipped": false
            },
            {
              "title": "Verifica se existe um botão com o id `generate-board`",
              "fullTitle": "10 - Faça o quadro de pixels ter seu tamanho definido pelo usuário. Verifica se existe um botão com o id `generate-board`",
              "timedOut": null,
              "duration": 4912,
              "state": "failed",
              "speed": null,
              "pass": false,
              "fail": true,
              "pending": false,
              "context": null,
              "code": "cy.get('#generate-board').should('be.visible');",
              "err": {
                "message": "CypressError: Timed out retrying: Expected to find element: '#generate-board', but never found it.",
                "estack": "CypressError: Timed out retrying: Expected to find element: '#generate-board', but never found it.\n    at cypressErr (http://localhost:35509/__cypress/runner/cypress_runner.js:149934:9)\n    at throwErr (http://localhost:35509/__cypress/runner/cypress_runner.js:149867:11)\n    at Object.throwErrByPath (http://localhost:35509/__cypress/runner/cypress_runner.js:149915:3)\n    at retry (http://localhost:35509/__cypress/runner/cypress_runner.js:144197:19)\n    at onFailFn (http://localhost:35509/__cypress/runner/cypress_runner.js:132448:16)\n    at tryCatcher (http://localhost:35509/__cypress/runner/cypress_runner.js:167415:23)\n    at Promise._settlePromiseFromHandler (http://localhost:35509/__cypress/runner/cypress_runner.js:165351:31)\n    at Promise._settlePromise (http://localhost:35509/__cypress/runner/cypress_runner.js:165408:18)\n    at Promise._settlePromise0 (http://localhost:35509/__cypress/runner/cypress_runner.js:165453:10)\n    at Promise._settlePromises (http://localhost:35509/__cypress/runner/cypress_runner.js:165528:18)\n    at Async../node_modules/bluebird/js/release/async.js.Async._drainQueue (http://localhost:35509/__cypress/runner/cypress_runner.js:162140:16)\n    at Async../node_modules/bluebird/js/release/async.js.Async._drainQueues (http://localhost:35509/__cypress/runner/cypress_runner.js:162150:10)\n    at Async.drainQueues (http://localhost:35509/__cypress/runner/cypress_runner.js:162024:14)",
                "diff": null
              },
              "uuid": "5adef1cb-b7c2-49bd-b47e-3488b8b8dbc2",
              "parentUUID": "04759ae3-9fd7-4df6-8786-1b5d49b99899",
              "isHook": false,
              "skipped": false
            },
            {
              "title": "Verifica se o input só aceita número maiores que zero. Essa restrição deve ser feita usando os atributos do elemento `input`",
              "fullTitle": "10 - Faça o quadro de pixels ter seu tamanho definido pelo usuário. Verifica se o input só aceita número maiores que zero. Essa restrição deve ser feita usando os atributos do elemento `input`",
              "timedOut": null,
              "duration": 4956,
              "state": "failed",
              "speed": null,
              "pass": false,
              "fail": true,
              "pending": false,
              "context": null,
              "code": "cy.get('#board-size[type=\\'number\\'][min=\\'1\\']');",
              "err": {
                "message": "CypressError: Timed out retrying: Expected to find element: '#board-size[type='number'][min='1']', but never found it.",
                "estack": "CypressError: Timed out retrying: Expected to find element: '#board-size[type='number'][min='1']', but never found it.\n    at cypressErr (http://localhost:35509/__cypress/runner/cypress_runner.js:149934:9)\n    at throwErr (http://localhost:35509/__cypress/runner/cypress_runner.js:149867:11)\n    at Object.throwErrByPath (http://localhost:35509/__cypress/runner/cypress_runner.js:149915:3)\n    at retry (http://localhost:35509/__cypress/runner/cypress_runner.js:144197:19)\n    at onFailFn (http://localhost:35509/__cypress/runner/cypress_runner.js:132448:16)\n    at tryCatcher (http://localhost:35509/__cypress/runner/cypress_runner.js:167415:23)\n    at Promise._settlePromiseFromHandler (http://localhost:35509/__cypress/runner/cypress_runner.js:165351:31)\n    at Promise._settlePromise (http://localhost:35509/__cypress/runner/cypress_runner.js:165408:18)\n    at Promise._settlePromise0 (http://localhost:35509/__cypress/runner/cypress_runner.js:165453:10)\n    at Promise._settlePromises (http://localhost:35509/__cypress/runner/cypress_runner.js:165528:18)\n    at Async../node_modules/bluebird/js/release/async.js.Async._drainQueue (http://localhost:35509/__cypress/runner/cypress_runner.js:162140:16)\n    at Async../node_modules/bluebird/js/release/async.js.Async._drainQueues (http://localhost:35509/__cypress/runner/cypress_runner.js:162150:10)\n    at Async.drainQueues (http://localhost:35509/__cypress/runner/cypress_runner.js:162024:14)",
                "diff": null
              },
              "uuid": "e1584717-1dc9-4343-bf4f-b39a9fa62e74",
              "parentUUID": "04759ae3-9fd7-4df6-8786-1b5d49b99899",
              "isHook": false,
              "skipped": false
            },
            {
              "title": "Verifica se o botão contém o texto 'VQV'",
              "fullTitle": "10 - Faça o quadro de pixels ter seu tamanho definido pelo usuário. Verifica se o botão contém o texto 'VQV'",
              "timedOut": null,
              "duration": 4920,
              "state": "failed",
              "speed": null,
              "pass": false,
              "fail": true,
              "pending": false,
              "context": null,
              "code": "cy.get('#generate-board').contains(/vqv/i);",
              "err": {
                "message": "CypressError: Timed out retrying: Expected to find element: '#generate-board', but never found it.",
                "estack": "CypressError: Timed out retrying: Expected to find element: '#generate-board', but never found it.\n    at cypressErr (http://localhost:35509/__cypress/runner/cypress_runner.js:149934:9)\n    at throwErr (http://localhost:35509/__cypress/runner/cypress_runner.js:149867:11)\n    at Object.throwErrByPath (http://localhost:35509/__cypress/runner/cypress_runner.js:149915:3)\n    at retry (http://localhost:35509/__cypress/runner/cypress_runner.js:144197:19)\n    at onFailFn (http://localhost:35509/__cypress/runner/cypress_runner.js:132448:16)\n    at tryCatcher (http://localhost:35509/__cypress/runner/cypress_runner.js:167415:23)\n    at Promise._settlePromiseFromHandler (http://localhost:35509/__cypress/runner/cypress_runner.js:165351:31)\n    at Promise._settlePromise (http://localhost:35509/__cypress/runner/cypress_runner.js:165408:18)\n    at Promise._settlePromise0 (http://localhost:35509/__cypress/runner/cypress_runner.js:165453:10)\n    at Promise._settlePromises (http://localhost:35509/__cypress/runner/cypress_runner.js:165528:18)\n    at Async../node_modules/bluebird/js/release/async.js.Async._drainQueue (http://localhost:35509/__cypress/runner/cypress_runner.js:162140:16)\n    at Async../node_modules/bluebird/js/release/async.js.Async._drainQueues (http://localhost:35509/__cypress/runner/cypress_runner.js:162150:10)\n    at Async.drainQueues (http://localhost:35509/__cypress/runner/cypress_runner.js:162024:14)",
                "diff": null
              },
              "uuid": "aabf51f0-5d7e-44ce-a1c6-ac7172a8f8a7",
              "parentUUID": "04759ae3-9fd7-4df6-8786-1b5d49b99899",
              "isHook": false,
              "skipped": false
            },
            {
              "title": "Verifica se o input está posicionado entre a paleta de cores e o quadro de pixels",
              "fullTitle": "10 - Faça o quadro de pixels ter seu tamanho definido pelo usuário. Verifica se o input está posicionado entre a paleta de cores e o quadro de pixels",
              "timedOut": null,
              "duration": 4985,
              "state": "failed",
              "speed": null,
              "pass": false,
              "fail": true,
              "pending": false,
              "context": null,
              "code": "cy.get('#color-palette').then(function (palette) {\n  cy.get('#board-size').should('be.belowOf', palette);\n});\ncy.get('#board-size').then(function (palette) {\n  cy.get('#pixel-board').should('be.belowOf', palette);\n});",
              "err": {
                "message": "CypressError: Timed out retrying: Expected to find element: '#board-size', but never found it.",
                "estack": "CypressError: Timed out retrying: Expected to find element: '#board-size', but never found it.\n    at cypressErr (http://localhost:35509/__cypress/runner/cypress_runner.js:149934:9)\n    at throwErr (http://localhost:35509/__cypress/runner/cypress_runner.js:149867:11)\n    at Object.throwErrByPath (http://localhost:35509/__cypress/runner/cypress_runner.js:149915:3)\n    at retry (http://localhost:35509/__cypress/runner/cypress_runner.js:144197:19)\n    at onFailFn (http://localhost:35509/__cypress/runner/cypress_runner.js:132448:16)\n    at tryCatcher (http://localhost:35509/__cypress/runner/cypress_runner.js:167415:23)\n    at Promise._settlePromiseFromHandler (http://localhost:35509/__cypress/runner/cypress_runner.js:165351:31)\n    at Promise._settlePromise (http://localhost:35509/__cypress/runner/cypress_runner.js:165408:18)\n    at Promise._settlePromise0 (http://localhost:35509/__cypress/runner/cypress_runner.js:165453:10)\n    at Promise._settlePromises (http://localhost:35509/__cypress/runner/cypress_runner.js:165528:18)\n    at Async../node_modules/bluebird/js/release/async.js.Async._drainQueue (http://localhost:35509/__cypress/runner/cypress_runner.js:162140:16)\n    at Async../node_modules/bluebird/js/release/async.js.Async._drainQueues (http://localhost:35509/__cypress/runner/cypress_runner.js:162150:10)\n    at Async.drainQueues (http://localhost:35509/__cypress/runner/cypress_runner.js:162024:14)",
                "diff": null
              },
              "uuid": "43a1087c-9641-46df-af3a-b41a3864c777",
              "parentUUID": "04759ae3-9fd7-4df6-8786-1b5d49b99899",
              "isHook": false,
              "skipped": false
            },
            {
              "title": "Verifica se o botão está posicionado ao lado do input",
              "fullTitle": "10 - Faça o quadro de pixels ter seu tamanho definido pelo usuário. Verifica se o botão está posicionado ao lado do input",
              "timedOut": null,
              "duration": 4886,
              "state": "failed",
              "speed": null,
              "pass": false,
              "fail": true,
              "pending": false,
              "context": null,
              "code": "cy.get('#board-size').then(function (board) {\n  cy.get('#generate-board').should('be.onTheRightOf', board);\n});",
              "err": {
                "message": "CypressError: Timed out retrying: Expected to find element: '#board-size', but never found it.",
[...]
                "diff": null
              },
              "uuid": "fd1fb529-b1c9-4243-bd7f-fcab8ae52def",
              "parentUUID": "04759ae3-9fd7-4df6-8786-1b5d49b99899",
              "isHook": false,
              "skipped": false
            },
            {
              "title": "Verifica se o novo quadro tem todos os pixels preenchidos com a cor branca",
              "fullTitle": "10 - Faça o quadro de pixels ter seu tamanho definido pelo usuário. Verifica se o novo quadro tem todos os pixels preenchidos com a cor branca",
              "timedOut": null,
              "duration": 5099,
              "state": "failed",
              "speed": null,
              "pass": false,
              "fail": true,
              "pending": false,
              "context": null,
              "code": "cy.get('#board-size').clear().type(6);\ncy.get('#generate-board').click();\ncy.get('.pixel').should('have.length', 36).each(function (pixel) {\n  expect(pixel).to.have.css('background-color', WHITE);\n});",
              "err": {
                "message": "CypressError: Timed out retrying: Expected to find element: '#board-size', but never found it.",
                "estack": "CypressError: Timed out retrying: Expected to find element: '#board-size', but never found it.\n    at cypressErr (http://localhost:35509/__cypress/runner/cypress_runner.js:149934:9)\n    at throwErr (http://localhost:35509/__cypress/runner/cypress_runner.js:149867:11)\n    at Object.throwErrByPath (http://localhost:35509/__cypress/runner/cypress_runner.js:149915:3)\n    at retry (http://localhost:35509/__cypress/runner/cypress_runner.js:144197:19)\n    at onFailFn (http://localhost:35509/__cypress/runner/cypress_runner.js:132448:16)\n    at tryCatcher (http://localhost:35509/__cypress/runner/cypress_runner.js:167415:23)\n    at Promise._settlePromiseFromHandler (http://localhost:35509/__cypress/runner/cypress_runner.js:165351:31)\n    at Promise._settlePromise (http://localhost:35509/__cypress/runner/cypress_runner.js:165408:18)\n    at Promise._settlePromise0 (http://localhost:35509/__cypress/runner/cypress_runner.js:165453:10)\n    at Promise._settlePromises (http://localhost:35509/__cypress/runner/cypress_runner.js:165528:18)\n    at Async../node_modules/bluebird/js/release/async.js.Async._drainQueue (http://localhost:35509/__cypress/runner/cypress_runner.js:162140:16)\n    at Async../node_modules/bluebird/js/release/async.js.Async._drainQueues (http://localhost:35509/__cypress/runner/cypress_runner.js:162150:10)\n    at Async.drainQueues (http://localhost:35509/__cypress/runner/cypress_runner.js:162024:14)",
                "diff": null
              },
              "uuid": "0a6ddda9-fe08-4118-b25a-563fd9cd2c58",
              "parentUUID": "04759ae3-9fd7-4df6-8786-1b5d49b99899",
              "isHook": false,
              "skipped": false
            }
          ],
          "suites": [],
          "passes": [],
          "failures": [
            "65837c0e-da84-42d7-8406-fd3e63204657",
            "5adef1cb-b7c2-49bd-b47e-3488b8b8dbc2",
            "e1584717-1dc9-4343-bf4f-b39a9fa62e74",
            "aabf51f0-5d7e-44ce-a1c6-ac7172a8f8a7",
            "43a1087c-9641-46df-af3a-b41a3864c777",
            "f6b414a0-7fa1-4012-a5eb-3e9470c13d57",
            "3ee6f7d5-18d8-4dfd-8956-dba9b3039927",
            "fd1fb529-b1c9-4243-bd7f-fcab8ae52def",
            "0a6ddda9-fe08-4118-b25a-563fd9cd2c58"
          ],
          "pending": [],
          "skipped": [],
          "duration": 44628,
          "root": false,
          "rootEmpty": false,
          "_timeout": 2000
        },
        {
          "uuid": "e09fdadb-52e0-4d8d-becc-be29e94a90a6",
          "title": "11 - Limite o tamanho mínimo e máximo do board.",
          "fullFile": "",
          "file": "",
          "beforeHooks": [],
          "afterHooks": [],
          "tests": [
            {
              "title": "Verifica se a altura máxima do board é 50",
              "fullTitle": "11 - Limite o tamanho mínimo e máximo do board. Verifica se a altura máxima do board é 50",
              "timedOut": null,
              "duration": 4982,
              "state": "failed",
              "speed": null,
              "pass": false,
              "fail": true,
              "pending": false,
              "context": null,
              "code": "cy.get('#board-size').clear().type(50);\ncy.get('#generate-board').click();\ncy.get('.pixel').should('have.length', 2500);",
              "err": {
                "message": "CypressError: Timed out retrying: Expected to find element: '#board-size', but never found it.",
                "estack": "CypressError: Timed out retrying: Expected to find element: '#board-size', but never found it.\n    at cypressErr (http://localhost:35509/__cypress/runner/cypress_runner.js:149934:9)\n    at throwErr (http://localhost:35509/__cypress/runner/cypress_runner.js:149867:11)\n    at Object.throwErrByPath (http://localhost:35509/__cypress/runner/cypress_runner.js:149915:3)\n    at retry (http://localhost:35509/__cypress/runner/cypress_runner.js:144197:19)\n    at onFailFn (http://localhost:35509/__cypress/runner/cypress_runner.js:132448:16)\n    at tryCatcher (http://localhost:35509/__cypress/runner/cypress_runner.js:167415:23)\n    at Promise._settlePromiseFromHandler (http://localhost:35509/__cypress/runner/cypress_runner.js:165351:31)\n    at Promise._settlePromise (http://localhost:35509/__cypress/runner/cypress_runner.js:165408:18)\n    at Promise._settlePromise0 (http://localhost:35509/__cypress/runner/cypress_runner.js:165453:10)\n    at Promise._settlePromises (http://localhost:35509/__cypress/runner/cypress_runner.js:165528:18)\n    at Async../node_modules/bluebird/js/release/async.js.Async._drainQueue (http://localhost:35509/__cypress/runner/cypress_runner.js:162140:16)\n    at Async../node_modules/bluebird/js/release/async.js.Async._drainQueues (http://localhost:35509/__cypress/runner/cypress_runner.js:162150:10)\n    at Async.drainQueues (http://localhost:35509/__cypress/runner/cypress_runner.js:162024:14)",
                "diff": null
              },
              "uuid": "d9b3bc35-1ce1-4c57-b79f-49fd28ddae06",
              "parentUUID": "e09fdadb-52e0-4d8d-becc-be29e94a90a6",
              "isHook": false,
              "skipped": false
            },
            {
              "title": "Verifica se a altura do board é 5 quando um valor menor é colocado no input",
              "fullTitle": "11 - Limite o tamanho mínimo e máximo do board. Verifica se a altura do board é 5 quando um valor menor é colocado no input",
              "timedOut": null,
              "duration": 4947,
              "state": "failed",
              "speed": null,
              "pass": false,
              "fail": true,
              "pending": false,
              "context": null,
              "code": "cy.get('#board-size').clear().type(4);\ncy.get('#generate-board').click();\ncy.get('.pixel').should('have.length', 25);",
              "err": {
                "message": "CypressError: Timed out retrying: Expected to find element: '#board-size', but never found it.",
                "estack": "CypressError: Timed out retrying: Expected to find element: '#board-size', but never found it.\n    at cypressErr (http://localhost:35509/__cypress/runner/cypress_runner.js:149934:9)\n    at throwErr (http://localhost:35509/__cypress/runner/cypress_runner.js:149867:11)\n    at Object.throwErrByPath (http://localhost:35509/__cypress/runner/cypress_runner.js:149915:3)\n    at retry (http://localhost:35509/__cypress/runner/cypress_runner.js:144197:19)\n    at onFailFn (http://localhost:35509/__cypress/runner/cypress_runner.js:132448:16)\n    at tryCatcher (http://localhost:35509/__cypress/runner/cypress_runner.js:167415:23)\n    at Promise._settlePromiseFromHandler (http://localhost:35509/__cypress/runner/cypress_runner.js:165351:31)\n    at Promise._settlePromise (http://localhost:35509/__cypress/runner/cypress_runner.js:165408:18)\n    at Promise._settlePromise0 (http://localhost:35509/__cypress/runner/cypress_runner.js:165453:10)\n    at Promise._settlePromises (http://localhost:35509/__cypress/runner/cypress_runner.js:165528:18)\n    at Async../node_modules/bluebird/js/release/async.js.Async._drainQueue (http://localhost:35509/__cypress/runner/cypress_runner.js:162140:16)\n    at Async../node_modules/bluebird/js/release/async.js.Async._drainQueues (http://localhost:35509/__cypress/runner/cypress_runner.js:162150:10)\n    at Async.drainQueues (http://localhost:35509/__cypress/runner/cypress_runner.js:162024:14)",
                "diff": null
              },
              "uuid": "6b882137-b37b-423d-b498-ba3bfd15f9e1",
              "parentUUID": "e09fdadb-52e0-4d8d-becc-be29e94a90a6",
              "isHook": false,
              "skipped": false
            },
            {
              "title": "Verifica se a altura do board é 50 quando um valor maior é colocado no input",
              "fullTitle": "11 - Limite o tamanho mínimo e máximo do board. Verifica se a altura do board é 50 quando um valor maior é colocado no input",
              "timedOut": null,
              "duration": 4906,
              "state": "failed",
              "speed": null,
              "pass": false,
              "fail": true,
              "pending": false,
              "context": null,
              "code": "cy.get('#board-size').clear().type(51);\ncy.get('#generate-board').click();\ncy.get('.pixel').should('have.length', 2500);",
              "err": {
                "message": "CypressError: Timed out retrying: Expected to find element: '#board-size', but never found it.",
                "estack": "CypressError: Timed out retrying: Expected to find element: '#board-size', but never found it.\n    at cypressErr (http://localhost:35509/__cypress/runner/cypress_runner.js:149934:9)\n    at throwErr (http://localhost:35509/__cypress/runner/cypress_runner.js:149867:11)\n    at Object.throwErrByPath (http://localhost:35509/__cypress/runner/cypress_runner.js:149915:3)\n    at retry (http://localhost:35509/__cypress/runner/cypress_runner.js:144197:19)\n    at onFailFn (http://localhost:35509/__cypress/runner/cypress_runner.js:132448:16)\n    at tryCatcher (http://localhost:35509/__cypress/runner/cypress_runner.js:167415:23)\n    at Promise._settlePromiseFromHandler (http://localhost:35509/__cypress/runner/cypress_runner.js:165351:31)\n    at Promise._settlePromise (http://localhost:35509/__cypress/runner/cypress_runner.js:165408:18)\n    at Promise._settlePromise0 (http://localhost:35509/__cypress/runner/cypress_runner.js:165453:10)\n    at Promise._settlePromises (http://localhost:35509/__cypress/runner/cypress_runner.js:165528:18)\n    at Async../node_modules/bluebird/js/release/async.js.Async._drainQueue (http://localhost:35509/__cypress/runner/cypress_runner.js:162140:16)\n    at Async../node_modules/bluebird/js/release/async.js.Async._drainQueues (http://localhost:35509/__cypress/runner/cypress_runner.js:162150:10)\n    at Async.drainQueues (http://localhost:35509/__cypress/runner/cypress_runner.js:162024:14)",
                "diff": null
              },
              "uuid": "87c3b31e-cf05-4c17-ae9c-25466d415f87",
              "parentUUID": "e09fdadb-52e0-4d8d-becc-be29e94a90a6",
              "isHook": false,
              "skipped": false
            }
          ],
          "suites": [],
          "passes": [],
          "failures": [
            "d9b3bc35-1ce1-4c57-b79f-49fd28ddae06",
            "6b882137-b37b-423d-b498-ba3bfd15f9e1",
            "87c3b31e-cf05-4c17-ae9c-25466d415f87"
          ],
          "pending": [],
          "skipped": [],
          "duration": 14835,
          "root": false,
          "rootEmpty": false,
          "_timeout": 2000
        },
        {
          "uuid": "d50c3d50-a60b-41d2-882d-34df1a130003",
          "title": "12 - Faça com que as cores da paleta sejam geradas aleatoriamente ao carregar a página.",
          "fullFile": "",
          "file": "",
          "beforeHooks": [],
          "afterHooks": [],
          "tests": [
            {
              "title": "Verifica se as cores geradas na paleta são diferentes a cada carregamento da página",
              "fullTitle": "12 - Faça com que as cores da paleta sejam geradas aleatoriamente ao carregar a página. Verifica se as cores geradas na paleta são diferentes a cada carregamento da página",
              "timedOut": null,
              "duration": 1233,
              "state": "failed",
              "speed": null,
              "pass": false,
              "fail": true,
              "pending": false,
              "context": null,
              "code": "cy.get('.color').then(function (colors) {\n  var currentColors;\n  var previousColors;\n  previousColors = Array.from(colors).map(function (color) {\n    return Cypress.$(color).css('background-color');\n  });\n  for (var i = 0; i < 5; i += 1) {\n    cy.reload();\n    cy.get('.color').then(function (colors) {\n      currentColors = Array.from(colors).map(function (color) {\n        return Cypress.$(color).css('background-color');\n      });\n      expect(currentColors).not.to.deep.equal(previousColors);\n      previousColors = currentColors;\n    });\n  }\n});",
              "err": {
                "message": "AssertionError: expected [ Array(4) ] to not deeply equal [ Array(4) ]",
                "estack": "AssertionError: expected [ Array(4) ] to not deeply equal [ Array(4) ]\n    at getRet (http://localhost:35509/__cypress/runner/cypress_runner.js:136585:16)\n    at tryCatcher (http://localhost:35509/__cypress/runner/cypress_runner.js:167415:23)\n    at Function.Promise.attempt.Promise.try (http://localhost:35509/__cypress/runner/cypress_runner.js:164690:29)\n    at Context.thenFn (http://localhost:35509/__cypress/runner/cypress_runner.js:136599:23)\n    at Context.then (http://localhost:35509/__cypress/runner/cypress_runner.js:136971:21)\n    at Context.<anonymous> (http://localhost:35509/__cypress/runner/cypress_runner.js:148875:21)\n    at http://localhost:35509/__cypress/runner/cypress_runner.js:148351:33\n    at tryCatcher (http://localhost:35509/__cypress/runner/cypress_runner.js:167415:23)\n    at Promise._settlePromiseFromHandler (http://localhost:35509/__cypress/runner/cypress_runner.js:165351:31)\n    at Promise._settlePromise (http://localhost:35509/__cypress/runner/cypress_runner.js:165408:18)\n    at Promise._settlePromiseCtx (http://localhost:35509/__cypress/runner/cypress_runner.js:165445:10)\n    at Async../node_modules/bluebird/js/release/async.js.Async._drainQueue (http://localhost:35509/__cypress/runner/cypress_runner.js:162145:12)\n    at Async../node_modules/bluebird/js/release/async.js.Async._drainQueues (http://localhost:35509/__cypress/runner/cypress_runner.js:162150:10)\n    at Async.drainQueues (http://localhost:35509/__cypress/runner/cypress_runner.js:162024:14)",
                "diff": ""
              },
              "uuid": "bedaf6a3-78f9-45a1-96bc-ded745c6d242",
              "parentUUID": "d50c3d50-a60b-41d2-882d-34df1a130003",
              "isHook": false,
              "skipped": false
            },
            {
              "title": "Verifica se a cor preta ainda está presente e é a primeira na sua paleta de cores",
              "fullTitle": "12 - Faça com que as cores da paleta sejam geradas aleatoriamente ao carregar a página. Verifica se a cor preta ainda está presente e é a primeira na sua paleta de cores",
              "timedOut": null,
              "duration": 998,
              "state": "failed",
              "speed": null,
              "pass": false,
              "fail": true,
              "pending": false,
              "context": null,
              "code": "cy.get('.color').then(function (colors) {\n  var currentColors;\n  var previousColors;\n  previousColors = Array.from(colors).map(function (color) {\n    return Cypress.$(color).css('background-color');\n  });\n  expect(previousColors[0]).to.eq(BLACK);\n  for (var i = 0; i < 5; i += 1) {\n    cy.reload();\n    cy.get('.color').then(function (colors) {\n      currentColors = Array.from(colors).map(function (color) {\n        return Cypress.$(color).css('background-color');\n      });\n      expect(currentColors[0]).to.eq(BLACK);\n      expect(currentColors).not.to.deep.equal(previousColors);\n      previousColors = currentColors;\n    });\n  }\n});",
              "err": {
                "message": "AssertionError: expected [ Array(4) ] to not deeply equal [ Array(4) ]",
                "estack": "AssertionError: expected [ Array(4) ] to not deeply equal [ Array(4) ]\n    at getRet (http://localhost:35509/__cypress/runner/cypress_runner.js:136585:16)\n    at tryCatcher (http://localhost:35509/__cypress/runner/cypress_runner.js:167415:23)\n    at Function.Promise.attempt.Promise.try (http://localhost:35509/__cypress/runner/cypress_runner.js:164690:29)\n    at Context.thenFn (http://localhost:35509/__cypress/runner/cypress_runner.js:136599:23)\n    at Context.then (http://localhost:35509/__cypress/runner/cypress_runner.js:136971:21)\n    at Context.<anonymous> (http://localhost:35509/__cypress/runner/cypress_runner.js:148875:21)\n    at http://localhost:35509/__cypress/runner/cypress_runner.js:148351:33\n    at tryCatcher (http://localhost:35509/__cypress/runner/cypress_runner.js:167415:23)\n    at Promise._settlePromiseFromHandler (http://localhost:35509/__cypress/runner/cypress_runner.js:165351:31)\n    at Promise._settlePromise (http://localhost:35509/__cypress/runner/cypress_runner.js:165408:18)\n    at Promise._settlePromiseCtx (http://localhost:35509/__cypress/runner/cypress_runner.js:165445:10)\n    at Async../node_modules/bluebird/js/release/async.js.Async._drainQueue (http://localhost:35509/__cypress/runner/cypress_runner.js:162145:12)\n    at Async../node_modules/bluebird/js/release/async.js.Async._drainQueues (http://localhost:35509/__cypress/runner/cypress_runner.js:162150:10)\n    at Async.drainQueues (http://localhost:35509/__cypress/runner/cypress_runner.js:162024:14)",
                "diff": ""
              },
              "uuid": "3b8d7ba0-f6a0-445f-a2bb-64e4d7660761",
              "parentUUID": "d50c3d50-a60b-41d2-882d-34df1a130003",
              "isHook": false,
              "skipped": false
            }
          ],
          "suites": [],
          "passes": [],
          "failures": [
            "bedaf6a3-78f9-45a1-96bc-ded745c6d242",
            "3b8d7ba0-f6a0-445f-a2bb-64e4d7660761"
          ],
          "pending": [],
          "skipped": [],
          "duration": 2231,
          "root": false,
          "rootEmpty": false,
          "_timeout": 2000
        }
      ],
      "passes": [],
      "failures": [],
      "pending": [],
      "skipped": [],
      "duration": 0,
      "root": true,
      "rootEmpty": true,
      "_timeout": 2000
    }
  ],
  "meta": {
    "mocha": {
      "version": "7.0.1"
    },
    "mochawesome": {
      "options": {
        "quiet": false,
        "reportFilename": "mochawesome",
        "saveHtml": false,
        "saveJson": true,
        "consoleReporter": "spec",
        "useInlineDiffs": false
      },
      "version": "4.1.0"
    },
    "marge": {
      "options": {
        "id": "default",
        "reportDir": "cypress/reports",
        "overwrite": true,
        "html": false,
        "json": true
      },
      "version": "4.1.0"
    }
  }
}