{
  "stats": {
    "suites": 12,
    "tests": 41,
    "passes": 21,
    "pending": 0,
    "failures": 20,
    "start": "2021-08-14T06:01:58.270Z",
    "end": "2021-08-14T06:03:30.177Z",
    "duration": 91907,
    "testsRegistered": 41,
    "passPercent": 51.21951219512195,
    "pendingPercent": 0,
    "other": 0,
    "hasOther": false,
    "skipped": 0,
    "hasSkipped": false
  },
  "results": [
    {
      "uuid": "80a57dbe-d579-4195-a6b9-9f0979c896d6",
      "title": "",
      "fullFile": "cypress/integration/project.spec.js",
      "file": "cypress/integration/project.spec.js",
      "beforeHooks": [],
      "afterHooks": [],
      "tests": [],
      "suites": [
        {
          "uuid": "07a2b50c-1499-49c9-81dd-65f4e7a58886",
          "title": "1 - Adicione à página o título \"Paleta de Cores\".",
          "fullFile": "",
          "file": "",
          "beforeHooks": [],
          "afterHooks": [],
          "tests": [
            {
              "title": "Verifica se contém um elemento `h1` com o id `title` com o título correto",
              "fullTitle": "1 - Adicione à página o título \"Paleta de Cores\". Verifica se contém um elemento `h1` com o id `title` com o título correto",
              "timedOut": null,
              "duration": 163,
              "state": "passed",
              "speed": "slow",
              "pass": true,
              "fail": false,
              "pending": false,
              "context": null,
              "code": "cy.get('h1#title').should('contain.text', 'Paleta de Cores');",
              "err": {},
              "uuid": "a11e54b6-6b71-4ee1-9447-3bb58adf54c8",
              "parentUUID": "07a2b50c-1499-49c9-81dd-65f4e7a58886",
              "isHook": false,
              "skipped": false
            }
          ],
          "suites": [],
          "passes": [
            "a11e54b6-6b71-4ee1-9447-3bb58adf54c8"
          ],
          "failures": [],
          "pending": [],
          "skipped": [],
          "duration": 163,
          "root": false,
          "rootEmpty": false,
          "_timeout": 2000
        },
        {
          "uuid": "928392d1-3a18-4575-9cc8-9e896785d3b3",
          "title": "2 - Adicione à página uma paleta de quatro cores distintas.",
          "fullFile": "",
          "file": "",
          "beforeHooks": [],
          "afterHooks": [],
          "tests": [
            {
              "title": "A paleta de cores deve ser um elemento com `id` denominado `color-palette`",
              "fullTitle": "2 - Adicione à página uma paleta de quatro cores distintas. A paleta de cores deve ser um elemento com `id` denominado `color-palette`",
              "timedOut": null,
              "duration": 88,
              "state": "passed",
              "speed": "slow",
              "pass": true,
              "fail": false,
              "pending": false,
              "context": null,
              "code": "cy.get('#color-palette').should('be.visible');",
              "err": {},
              "uuid": "874cf89a-3c2e-4095-b886-03ea655f8f88",
              "parentUUID": "928392d1-3a18-4575-9cc8-9e896785d3b3",
              "isHook": false,
              "skipped": false
            },
            {
              "title": "Verifica se cada cor individual da paleta de cores possui a `classe` chamada `color`.",
              "fullTitle": "2 - Adicione à página uma paleta de quatro cores distintas. Verifica se cada cor individual da paleta de cores possui a `classe` chamada `color`.",
              "timedOut": null,
              "duration": 136,
              "state": "passed",
              "speed": "slow",
              "pass": true,
              "fail": false,
              "pending": false,
              "context": null,
              "code": "cy.get('.color').should('have.length', 4).then(function (colors) {\n  for (var i = 0; i < colors.length; i++) {\n    cy.wrap(colors[i]).should('be.visible');\n  }\n});",
              "err": {},
              "uuid": "aa299104-081d-479a-a36f-ea75a9270719",
              "parentUUID": "928392d1-3a18-4575-9cc8-9e896785d3b3",
              "isHook": false,
              "skipped": false
            },
            {
              "title": "Verifica se a cor de fundo de cada elemento da paleta é a cor que o elemento representa. **A única cor não permitida na paleta é a cor branca.**",
              "fullTitle": "2 - Adicione à página uma paleta de quatro cores distintas. Verifica se a cor de fundo de cada elemento da paleta é a cor que o elemento representa. **A única cor não permitida na paleta é a cor branca.**",
              "timedOut": null,
              "duration": 116,
              "state": "passed",
              "speed": "slow",
              "pass": true,
              "fail": false,
              "pending": false,
              "context": null,
              "code": "cy.get('.color').each(function (color) {\n  cy.wrap(color).should('have.class', 'color').and('not.have.css', 'background-color', WHITE);\n  cy.wrap(color).should('have.css', 'background-color');\n});",
              "err": {},
              "uuid": "4b63d5f1-445e-4e6d-a73b-5d03507d4f7d",
              "parentUUID": "928392d1-3a18-4575-9cc8-9e896785d3b3",
              "isHook": false,
              "skipped": false
            },
            {
              "title": "Verifica se cada elemento da paleta de cores tem uma borda preta, sólida e com 1 pixel de largura;",
              "fullTitle": "2 - Adicione à página uma paleta de quatro cores distintas. Verifica se cada elemento da paleta de cores tem uma borda preta, sólida e com 1 pixel de largura;",
              "timedOut": null,
              "duration": 152,
              "state": "passed",
              "speed": "slow",
              "pass": true,
              "fail": false,
              "pending": false,
              "context": null,
              "code": "cy.get('.color').each(function (color) {\n  cy.wrap(color).and('have.css', 'border', \"1px solid \".concat(BLACK)).and('have.class', 'color');\n});",
              "err": {},
              "uuid": "100d5bb8-2394-441e-8806-7864e85d38a3",
              "parentUUID": "928392d1-3a18-4575-9cc8-9e896785d3b3",
              "isHook": false,
              "skipped": false
            },
            {
              "title": "Verifica se a paleta lista todas as cores disponíveis para utilização, lado a lado.",
              "fullTitle": "2 - Adicione à página uma paleta de quatro cores distintas. Verifica se a paleta lista todas as cores disponíveis para utilização, lado a lado.",
              "timedOut": null,
              "duration": 131,
              "state": "passed",
              "speed": "slow",
              "pass": true,
              "fail": false,
              "pending": false,
              "context": null,
              "code": "cy.get('.color').then(function (colors) {\n  for (var index = 1; index < colors.length; index += 1) {\n    var currentColor = colors[index];\n    var previousColor = colors[index - 1];\n    cy.wrap(currentColor).should('be.onTheRightOf', previousColor).and('be.horizontallyAlignedWith', previousColor);\n  }\n});",
              "err": {},
              "uuid": "772d33f9-b6a9-4f71-8ae7-9f50b337c40d",
              "parentUUID": "928392d1-3a18-4575-9cc8-9e896785d3b3",
              "isHook": false,
              "skipped": false
            },
            {
              "title": "Verifica se a paleta de cores está posicionada abaixo do título 'Paleta de Cores'",
              "fullTitle": "2 - Adicione à página uma paleta de quatro cores distintas. Verifica se a paleta de cores está posicionada abaixo do título 'Paleta de Cores'",
              "timedOut": null,
              "duration": 144,
              "state": "passed",
              "speed": "slow",
              "pass": true,
              "fail": false,
              "pending": false,
              "context": null,
              "code": "cy.get('h1#title').then(function (title) {\n  cy.get('#color-palette').should('be.belowOf', title);\n});",
              "err": {},
              "uuid": "ca92efe1-a10e-4b9e-aa41-4444579c9255",
              "parentUUID": "928392d1-3a18-4575-9cc8-9e896785d3b3",
              "isHook": false,
              "skipped": false
            },
            {
              "title": "Verifica se a paleta de cores não contém cores repetidas.",
              "fullTitle": "2 - Adicione à página uma paleta de quatro cores distintas. Verifica se a paleta de cores não contém cores repetidas.",
              "timedOut": null,
              "duration": 83,
              "state": "passed",
              "speed": "slow",
              "pass": true,
              "fail": false,
              "pending": false,
              "context": null,
              "code": "cy.get('.color').then(function (colors) {\n  var allColors = Array.from(colors).map(function (color) {\n    return Cypress.$(color).css('background-color');\n  });\n  cy.log(allColors);\n  var uniqColors = (0, _toConsumableArray2[\"default\"])(new Set(allColors));\n  cy.log(uniqColors);\n  expect(allColors.length).to.eq(uniqColors.length);\n});",
              "err": {},
              "uuid": "2da4d71e-5f53-4590-bf8b-450787b8d803",
              "parentUUID": "928392d1-3a18-4575-9cc8-9e896785d3b3",
              "isHook": false,
              "skipped": false
            }
          ],
          "suites": [],
          "passes": [
            "874cf89a-3c2e-4095-b886-03ea655f8f88",
            "aa299104-081d-479a-a36f-ea75a9270719",
            "4b63d5f1-445e-4e6d-a73b-5d03507d4f7d",
            "100d5bb8-2394-441e-8806-7864e85d38a3",
            "772d33f9-b6a9-4f71-8ae7-9f50b337c40d",
            "ca92efe1-a10e-4b9e-aa41-4444579c9255",
            "2da4d71e-5f53-4590-bf8b-450787b8d803"
          ],
          "failures": [],
          "pending": [],
          "skipped": [],
          "duration": 850,
          "root": false,
          "rootEmpty": false,
          "_timeout": 2000
        },
        {
          "uuid": "6779d34d-a679-4fda-b074-6b53a097014a",
          "title": "3 - Adicione a cor **preta** como a primeira cor da paleta de cores.",
          "fullFile": "",
          "file": "",
          "beforeHooks": [],
          "afterHooks": [],
          "tests": [
            {
              "title": "Verifica se a primeira cor da paleta é preta",
              "fullTitle": "3 - Adicione a cor **preta** como a primeira cor da paleta de cores. Verifica se a primeira cor da paleta é preta",
              "timedOut": null,
              "duration": 94,
              "state": "passed",
              "speed": "slow",
              "pass": true,
              "fail": false,
              "pending": false,
              "context": null,
              "code": "cy.get('.color').first().should('have.css', 'background-color', BLACK);",
              "err": {},
              "uuid": "94fdf541-250b-4b1c-a108-938e01834b49",
              "parentUUID": "6779d34d-a679-4fda-b074-6b53a097014a",
              "isHook": false,
              "skipped": false
            },
            {
              "title": "Verifica se as demais cores podem ser escolhidas livremente.",
              "fullTitle": "3 - Adicione a cor **preta** como a primeira cor da paleta de cores. Verifica se as demais cores podem ser escolhidas livremente.",
              "timedOut": null,
              "duration": 178,
              "state": "passed",
              "speed": "slow",
              "pass": true,
              "fail": false,
              "pending": false,
              "context": null,
              "code": "cy.get('.color').eq(1).should('not.have.css', 'background-color', BLACK);\ncy.get('.color').eq(1).should('not.have.css', 'background-color', WHITE);\ncy.get('.color').eq(1).should('not.have.css', 'background-color', 'rgba(0, 0, 0, 0)');\ncy.get('.color').eq(1).should('have.css', 'background-color');\ncy.get('.color').eq(2).should('not.have.css', 'background-color', BLACK);\ncy.get('.color').eq(2).should('not.have.css', 'background-color', WHITE);\ncy.get('.color').eq(2).should('not.have.css', 'background-color', 'rgba(0, 0, 0, 0)');\ncy.get('.color').eq(2).should('have.css', 'background-color');\ncy.get('.color').eq(3).should('not.have.css', 'background-color', BLACK);\ncy.get('.color').eq(3).should('not.have.css', 'background-color', WHITE);\ncy.get('.color').eq(3).should('not.have.css', 'background-color', 'rgba(0, 0, 0, 0)');\ncy.get('.color').eq(3).should('have.css', 'background-color');",
              "err": {},
              "uuid": "32ba97db-bd5b-4397-84a2-ca2360a218a1",
              "parentUUID": "6779d34d-a679-4fda-b074-6b53a097014a",
              "isHook": false,
              "skipped": false
            }
          ],
          "suites": [],
          "passes": [
            "94fdf541-250b-4b1c-a108-938e01834b49",
            "32ba97db-bd5b-4397-84a2-ca2360a218a1"
          ],
          "failures": [],
          "pending": [],
          "skipped": [],
          "duration": 272,
          "root": false,
          "rootEmpty": false,
          "_timeout": 2000
        },
        {
          "uuid": "bca7a741-2c8f-430c-ba63-1d4a0858bfda",
          "title": "4 - Adicione à página um quadro de pixels, com 25 pixels.",
          "fullFile": "",
          "file": "",
          "beforeHooks": [],
          "afterHooks": [],
          "tests": [
            {
              "title": "Verifica se o quadro de pixels possui o `id` denominado `pixel-board`",
              "fullTitle": "4 - Adicione à página um quadro de pixels, com 25 pixels. Verifica se o quadro de pixels possui o `id` denominado `pixel-board`",
              "timedOut": null,
              "duration": 77,
              "state": "passed",
              "speed": "slow",
              "pass": true,
              "fail": false,
              "pending": false,
              "context": null,
              "code": "cy.get('#pixel-board').should('be.visible');",
              "err": {},
              "uuid": "ecd7a500-58e9-401d-8b55-ca3997b7ced9",
              "parentUUID": "bca7a741-2c8f-430c-ba63-1d4a0858bfda",
              "isHook": false,
              "skipped": false
            },
            {
              "title": "Verifica se cada pixel individual dentro do quadro possui a `classe` denominada `pixel`.",
              "fullTitle": "4 - Adicione à página um quadro de pixels, com 25 pixels. Verifica se cada pixel individual dentro do quadro possui a `classe` denominada `pixel`.",
              "timedOut": null,
              "duration": 135,
              "state": "passed",
              "speed": "slow",
              "pass": true,
              "fail": false,
              "pending": false,
              "context": null,
              "code": "cy.get('.pixel').should('have.length', 25);",
              "err": {},
              "uuid": "e581cc2b-65ef-46a1-a21e-826edd17ead3",
              "parentUUID": "bca7a741-2c8f-430c-ba63-1d4a0858bfda",
              "isHook": false,
              "skipped": false
            },
            {
              "title": "Verifica se a cor inicial dos pixels dentro do quadro, ao abrir a página, é branca.",
              "fullTitle": "4 - Adicione à página um quadro de pixels, com 25 pixels. Verifica se a cor inicial dos pixels dentro do quadro, ao abrir a página, é branca.",
              "timedOut": null,
              "duration": 166,
              "state": "passed",
              "speed": "slow",
              "pass": true,
              "fail": false,
              "pending": false,
              "context": null,
              "code": "cy.get('.pixel').should('have.length', 25).each(function (pixel) {\n  expect(pixel).to.have.css('background-color', WHITE);\n});",
              "err": {},
              "uuid": "452f1eae-28f0-4263-9ddf-5c8da5b0a01e",
              "parentUUID": "bca7a741-2c8f-430c-ba63-1d4a0858bfda",
              "isHook": false,
              "skipped": false
            },
            {
              "title": "Verifica se o quadro de pixels aparece abaixo da paleta de cores",
              "fullTitle": "4 - Adicione à página um quadro de pixels, com 25 pixels. Verifica se o quadro de pixels aparece abaixo da paleta de cores",
              "timedOut": null,
              "duration": 102,
              "state": "passed",
              "speed": "slow",
              "pass": true,
              "fail": false,
              "pending": false,
              "context": null,
              "code": "cy.get('#color-palette').then(function (palette) {\n  cy.get('#pixel-board').should('be.belowOf', palette);\n});",
              "err": {},
              "uuid": "74297ce5-0bcc-424a-91e3-8c279516cb7f",
              "parentUUID": "bca7a741-2c8f-430c-ba63-1d4a0858bfda",
              "isHook": false,
              "skipped": false
            }
          ],
          "suites": [],
          "passes": [
            "ecd7a500-58e9-401d-8b55-ca3997b7ced9",
            "e581cc2b-65ef-46a1-a21e-826edd17ead3",
            "452f1eae-28f0-4263-9ddf-5c8da5b0a01e",
            "74297ce5-0bcc-424a-91e3-8c279516cb7f"
          ],
          "failures": [],
          "pending": [],
          "skipped": [],
          "duration": 480,
          "root": false,
          "rootEmpty": false,
          "_timeout": 2000
        },
        {
          "uuid": "1a01cea8-e613-433a-844b-0b55b0fbf06f",
          "title": "5 - Faça com que cada elemento do quadro de pixels possua 40 pixels de largura, 40 pixels de altura e seja delimitado por uma borda preta de 1 pixel.",
          "fullFile": "",
          "file": "",
          "beforeHooks": [],
          "afterHooks": [],
          "tests": [
            {
              "title": "Verifica se o quadro de pixels tem altura e comprimento de 5 elementos",
              "fullTitle": "5 - Faça com que cada elemento do quadro de pixels possua 40 pixels de largura, 40 pixels de altura e seja delimitado por uma borda preta de 1 pixel. Verifica se o quadro de pixels tem altura e comprimento de 5 elementos",
              "timedOut": null,
              "duration": 270,
              "state": "passed",
              "speed": "slow",
              "pass": true,
              "fail": false,
              "pending": false,
              "context": null,
              "code": "cy.get('.pixel').should('have.length', 25).each(function (pixel) {\n  expect(pixel).to.have.css('background-color', WHITE);\n}).and(function (pixels) {\n  var rows = chunk(pixels, 5);\n  rows.forEach(function (row) {\n    for (var index = 1; index < row.length; index += 1) {\n      var current = pixels[index];\n      var previous = pixels[index - 1];\n      cy.wrap(current).should('be.onTheRightOf', previous).and('be.horizontallyAlignedWith', previous);\n    }\n  });\n  for (var index = 1; index < 5; index += 1) {\n    expect(pixels[index * 5]).to.be.belowOf(pixels[(index - 1) * 5]);\n  }\n});",
              "err": {},
              "uuid": "f28fbc3e-5592-41b1-9e51-95b9075ab320",
              "parentUUID": "1a01cea8-e613-433a-844b-0b55b0fbf06f",
              "isHook": false,
              "skipped": false
            },
            {
              "title": "Verifica se 40 pixels é o tamanho total do elemento, incluindo seu conteúdo e excluindo a borda preta, que deve ser criada à parte.",
              "fullTitle": "5 - Faça com que cada elemento do quadro de pixels possua 40 pixels de largura, 40 pixels de altura e seja delimitado por uma borda preta de 1 pixel. Verifica se 40 pixels é o tamanho total do elemento, incluindo seu conteúdo e excluindo a borda preta, que deve ser criada à parte.",
              "timedOut": null,
              "duration": 258,
              "state": "passed",
              "speed": "slow",
              "pass": true,
              "fail": false,
              "pending": false,
              "context": null,
              "code": "cy.get('.pixel').each(function (pixel) {\n  cy.wrap(pixel).should('have.css', 'height', '40px').and('have.css', 'width', '40px').and('have.css', 'border', \"1px solid \".concat(BLACK));\n});",
              "err": {},
              "uuid": "1fcbe10b-863c-4f4e-a7aa-797304f9d9a1",
              "parentUUID": "1a01cea8-e613-433a-844b-0b55b0fbf06f",
              "isHook": false,
              "skipped": false
            }
          ],
          "suites": [],
          "passes": [
            "f28fbc3e-5592-41b1-9e51-95b9075ab320",
            "1fcbe10b-863c-4f4e-a7aa-797304f9d9a1"
          ],
          "failures": [],
          "pending": [],
          "skipped": [],
          "duration": 528,
          "root": false,
          "rootEmpty": false,
          "_timeout": 2000
        },
        {
          "uuid": "e6567255-489e-4b2c-a5d3-9149584f17f1",
          "title": "6 - Defina a cor preta como cor inicial. Ao carregar a página a cor preta já deve estar selecionada para pintar os pixels",
          "fullFile": "",
          "file": "",
          "beforeHooks": [],
          "afterHooks": [],
          "tests": [
            {
              "title": "Verifica se o elemento da cor preta possui, inicialmente, a `classe` `selected`",
              "fullTitle": "6 - Defina a cor preta como cor inicial. Ao carregar a página a cor preta já deve estar selecionada para pintar os pixels Verifica se o elemento da cor preta possui, inicialmente, a `classe` `selected`",
              "timedOut": null,
              "duration": 81,
              "state": "passed",
              "speed": "slow",
              "pass": true,
              "fail": false,
              "pending": false,
              "context": null,
              "code": "cy.get('.selected').first().should('have.css', 'background-color', BLACK);",
              "err": {},
              "uuid": "792606d9-f2e9-48b6-ac74-d3de02670796",
              "parentUUID": "e6567255-489e-4b2c-a5d3-9149584f17f1",
              "isHook": false,
              "skipped": false
            },
            {
              "title": "Verifica se nenhuma outra cor da paleta tem a `classe` `selected`",
              "fullTitle": "6 - Defina a cor preta como cor inicial. Ao carregar a página a cor preta já deve estar selecionada para pintar os pixels Verifica se nenhuma outra cor da paleta tem a `classe` `selected`",
              "timedOut": null,
              "duration": 77,
              "state": "passed",
              "speed": "slow",
              "pass": true,
              "fail": false,
              "pending": false,
              "context": null,
              "code": "cy.get('.color:not(:first-child)').each(function (color) {\n  cy.wrap(color).should('not.have.class', 'selected');\n});",
              "err": {},
              "uuid": "99330c5d-3e66-49e2-950d-4864f58a63ee",
              "parentUUID": "e6567255-489e-4b2c-a5d3-9149584f17f1",
              "isHook": false,
              "skipped": false
            }
          ],
          "suites": [],
          "passes": [
            "792606d9-f2e9-48b6-ac74-d3de02670796",
            "99330c5d-3e66-49e2-950d-4864f58a63ee"
          ],
          "failures": [],
          "pending": [],
          "skipped": [],
          "duration": 158,
          "root": false,
          "rootEmpty": false,
          "_timeout": 2000
        },
        {
          "uuid": "0499fb2d-58db-4100-be8a-551849027a7e",
          "title": "7 - Clicar em uma das cores da paleta, faz com que ela seja selecionada e utilizada para preencher os pixels no quadro.",
          "fullFile": "",
          "file": "",
          "beforeHooks": [],
          "afterHooks": [],
          "tests": [
            {
              "title": "Verifica se somente uma cor da paleta de cores tem a classe `selected` de cada vez",
              "fullTitle": "7 - Clicar em uma das cores da paleta, faz com que ela seja selecionada e utilizada para preencher os pixels no quadro. Verifica se somente uma cor da paleta de cores tem a classe `selected` de cada vez",
              "timedOut": null,
              "duration": 466,
              "state": "passed",
              "speed": "slow",
              "pass": true,
              "fail": false,
              "pending": false,
              "context": null,
              "code": "cy.get('.color').each(function (selectedColor, selectedColorIndex) {\n  cy.wrap(selectedColor).click();\n  cy.get('.color').each(function (color, colorIndex) {\n    if (colorIndex === selectedColorIndex) {\n      expect(color).to.have[\"class\"]('selected');\n    } else {\n      expect(color).not.to.have[\"class\"]('selected');\n    }\n  });\n});",
              "err": {},
              "uuid": "e88af92e-8920-433e-a8e5-6a0723d1277c",
              "parentUUID": "0499fb2d-58db-4100-be8a-551849027a7e",
              "isHook": false,
              "skipped": false
            },
            {
              "title": "Verifica se os pixels dentro do quadro não têm a classe `selected` quando são clicados",
              "fullTitle": "7 - Clicar em uma das cores da paleta, faz com que ela seja selecionada e utilizada para preencher os pixels no quadro. Verifica se os pixels dentro do quadro não têm a classe `selected` quando são clicados",
              "timedOut": null,
              "duration": 8500,
              "state": "passed",
              "speed": "slow",
              "pass": true,
              "fail": false,
              "pending": false,
              "context": null,
              "code": "cy.get('.color').each(function (color) {\n  var backgroundColor = color.css('background-color');\n  cy.wrap(color).click();\n  cy.get('.pixel').each(function (pixel) {\n    cy.wrap(pixel).click().should('not.have.class', 'selected');\n  });\n});",
              "err": {},
              "uuid": "547b3770-ceab-4d4e-9f5c-60d880d513c8",
              "parentUUID": "0499fb2d-58db-4100-be8a-551849027a7e",
              "isHook": false,
              "skipped": false
            }
          ],
          "suites": [],
          "passes": [
            "e88af92e-8920-433e-a8e5-6a0723d1277c",
            "547b3770-ceab-4d4e-9f5c-60d880d513c8"
          ],
          "failures": [],
          "pending": [],
          "skipped": [],
          "duration": 8966,
          "root": false,
          "rootEmpty": false,
          "_timeout": 2000
        },
        {
          "uuid": "0c13e6e5-4017-4c52-b12f-49435cf2f1c5",
          "title": "8 - Clicar em um pixel dentro do quadro após selecionar uma cor na paleta, faz com que o pixel seja preenchido com a cor selecionada.",
          "fullFile": "",
          "file": "",
          "beforeHooks": [],
          "afterHooks": [],
          "tests": [
            {
              "title": "Verifica se ao carregar a página deve ser possível pintar os pixels de preto",
              "fullTitle": "8 - Clicar em um pixel dentro do quadro após selecionar uma cor na paleta, faz com que o pixel seja preenchido com a cor selecionada. Verifica se ao carregar a página deve ser possível pintar os pixels de preto",
              "timedOut": null,
              "duration": 4357,
              "state": "failed",
              "speed": null,
              "pass": false,
              "fail": true,
              "pending": false,
              "context": null,
              "code": "cy.get('.pixel').each(function (pixel) {\n  cy.wrap(pixel).click().should('have.css', 'background-color', BLACK);\n});",
              "err": {
                "message": "CypressError: Timed out retrying: expected '<div.pixel>' to have CSS property 'background-color' with the value 'rgb(0, 0, 0)', but the value was 'rgb(255, 255, 255)'",
                "estack": "CypressError: Timed out retrying: expected '<div.pixel>' to have CSS property 'background-color' with the value 'rgb(0, 0, 0)', but the value was 'rgb(255, 255, 255)'\n    at cypressErr (http://localhost:37519/__cypress/runner/cypress_runner.js:149934:9)\n    at throwErr (http://localhost:37519/__cypress/runner/cypress_runner.js:149867:11)\n    at Object.throwErrByPath (http://localhost:37519/__cypress/runner/cypress_runner.js:149915:3)\n    at retry (http://localhost:37519/__cypress/runner/cypress_runner.js:144197:19)\n    at onFailFn (http://localhost:37519/__cypress/runner/cypress_runner.js:132448:16)\n    at tryCatcher (http://localhost:37519/__cypress/runner/cypress_runner.js:167415:23)\n    at Promise._settlePromiseFromHandler (http://localhost:37519/__cypress/runner/cypress_runner.js:165351:31)\n    at Promise._settlePromise (http://localhost:37519/__cypress/runner/cypress_runner.js:165408:18)\n    at Promise._settlePromise0 (http://localhost:37519/__cypress/runner/cypress_runner.js:165453:10)\n    at Promise._settlePromises (http://localhost:37519/__cypress/runner/cypress_runner.js:165528:18)\n    at Async../node_modules/bluebird/js/release/async.js.Async._drainQueue (http://localhost:37519/__cypress/runner/cypress_runner.js:162140:16)\n    at Async../node_modules/bluebird/js/release/async.js.Async._drainQueues (http://localhost:37519/__cypress/runner/cypress_runner.js:162150:10)\n    at Async.drainQueues (http://localhost:37519/__cypress/runner/cypress_runner.js:162024:14)",
                "diff": null
              },
              "uuid": "3a832483-2526-4abd-b3a4-46d5d2dc9eb3",
              "parentUUID": "0c13e6e5-4017-4c52-b12f-49435cf2f1c5",
              "isHook": false,
              "skipped": false
            },
            {
              "title": "Verifica se após selecionar uma outra cor na paleta, é possível pintar os pixels com essa cor",
              "fullTitle": "8 - Clicar em um pixel dentro do quadro após selecionar uma cor na paleta, faz com que o pixel seja preenchido com a cor selecionada. Verifica se após selecionar uma outra cor na paleta, é possível pintar os pixels com essa cor",
              "timedOut": null,
              "duration": 4410,
              "state": "failed",
              "speed": null,
              "pass": false,
              "fail": true,
              "pending": false,
              "context": null,
              "code": "cy.get('.color').each(function (color) {\n  var backgroundColor = color.css('background-color');\n  cy.wrap(color).click();\n  cy.get('.pixel').each(function (pixel) {\n    cy.wrap(pixel).click().should('have.css', 'background-color', backgroundColor);\n  });\n});",
              "err": {
                "message": "CypressError: Timed out retrying: expected '<div.pixel>' to have CSS property 'background-color' with the value 'rgb(0, 0, 0)', but the value was 'rgb(255, 255, 255)'",
                "estack": "CypressError: Timed out retrying: expected '<div.pixel>' to have CSS property 'background-color' with the value 'rgb(0, 0, 0)', but the value was 'rgb(255, 255, 255)'\n    at cypressErr (http://localhost:37519/__cypress/runner/cypress_runner.js:149934:9)\n    at throwErr (http://localhost:37519/__cypress/runner/cypress_runner.js:149867:11)\n    at Object.throwErrByPath (http://localhost:37519/__cypress/runner/cypress_runner.js:149915:3)\n    at retry (http://localhost:37519/__cypress/runner/cypress_runner.js:144197:19)\n    at onFailFn (http://localhost:37519/__cypress/runner/cypress_runner.js:132448:16)\n    at tryCatcher (http://localhost:37519/__cypress/runner/cypress_runner.js:167415:23)\n    at Promise._settlePromiseFromHandler (http://localhost:37519/__cypress/runner/cypress_runner.js:165351:31)\n    at Promise._settlePromise (http://localhost:37519/__cypress/runner/cypress_runner.js:165408:18)\n    at Promise._settlePromise0 (http://localhost:37519/__cypress/runner/cypress_runner.js:165453:10)\n    at Promise._settlePromises (http://localhost:37519/__cypress/runner/cypress_runner.js:165528:18)\n    at Async../node_modules/bluebird/js/release/async.js.Async._drainQueue (http://localhost:37519/__cypress/runner/cypress_runner.js:162140:16)\n    at Async../node_modules/bluebird/js/release/async.js.Async._drainQueues (http://localhost:37519/__cypress/runner/cypress_runner.js:162150:10)\n    at Async.drainQueues (http://localhost:37519/__cypress/runner/cypress_runner.js:162024:14)",
                "diff": null
              },
              "uuid": "4b5ce87e-57fc-4711-bbfe-59fca1ac5376",
              "parentUUID": "0c13e6e5-4017-4c52-b12f-49435cf2f1c5",
              "isHook": false,
              "skipped": false
            },
            {
              "title": "Verifica se somente o pixel que foi clicado foi preenchido com a cor selecionada, sem influenciar na cor dos demais pixels.",
              "fullTitle": "8 - Clicar em um pixel dentro do quadro após selecionar uma cor na paleta, faz com que o pixel seja preenchido com a cor selecionada. Verifica se somente o pixel que foi clicado foi preenchido com a cor selecionada, sem influenciar na cor dos demais pixels.",
              "timedOut": null,
              "duration": 1352,
              "state": "passed",
              "speed": "slow",
              "pass": true,
              "fail": false,
              "pending": false,
              "context": null,
              "code": "var colorToPixelIndexMap = {\n  0: 6,\n  1: 8,\n  2: 16,\n  3: 18\n};\ncy.get('.color').each(function (color, index) {\n  cy.wrap(color).click();\n  var backgroundColor = color.css('background-color');\n  var clickedPixelIndex = colorToPixelIndexMap[index];\n  cy.get('.pixel').eq(clickedPixelIndex).click();\n  cy.get('.pixel').eq(clickedPixelIndex - 1).should('not.have.css', 'background-color', backgroundColor);\n  cy.get('.pixel').eq(clickedPixelIndex + 1).should('not.have.css', 'background-color', backgroundColor);\n  cy.get('.pixel').eq(clickedPixelIndex - 5).should('not.have.css', 'background-color', backgroundColor);\n  cy.get('.pixel').eq(clickedPixelIndex + 5).should('not.have.css', 'background-color', backgroundColor);\n  cy.get('.pixel').eq(clickedPixelIndex - 6).should('not.have.css', 'background-color', backgroundColor);\n  cy.get('.pixel').eq(clickedPixelIndex - 4).should('not.have.css', 'background-color', backgroundColor);\n  cy.get('.pixel').eq(clickedPixelIndex + 4).should('not.have.css', 'background-color', backgroundColor);\n  cy.get('.pixel').eq(clickedPixelIndex + 6).should('not.have.css', 'background-color', backgroundColor);\n});",
              "err": {},
              "uuid": "a0a89aa7-c8bd-4a3f-ac7b-b1894b9b5661",
              "parentUUID": "0c13e6e5-4017-4c52-b12f-49435cf2f1c5",
              "isHook": false,
              "skipped": false
            }
          ],
          "suites": [],
          "passes": [
            "a0a89aa7-c8bd-4a3f-ac7b-b1894b9b5661"
          ],
          "failures": [
            "3a832483-2526-4abd-b3a4-46d5d2dc9eb3",
            "4b5ce87e-57fc-4711-bbfe-59fca1ac5376"
          ],
          "pending": [],
          "skipped": [],
          "duration": 10119,
          "root": false,
          "rootEmpty": false,
          "_timeout": 2000
        },
        {
          "uuid": "51da2c6a-9bb1-41fc-99c8-44ad55c15afa",
          "title": "9 - Crie um botão que, ao ser clicado, limpa o quadro preenchendo a cor de todos seus pixels com branco.",
          "fullFile": "",
          "file": "",
          "beforeHooks": [],
          "afterHooks": [],
          "tests": [
            {
              "title": "Verifica se o botão tem o `id` denominado `clear-board`",
              "fullTitle": "9 - Crie um botão que, ao ser clicado, limpa o quadro preenchendo a cor de todos seus pixels com branco. Verifica se o botão tem o `id` denominado `clear-board`",
              "timedOut": null,
              "duration": 4316,
              "state": "failed",
              "speed": null,
              "pass": false,
              "fail": true,
              "pending": false,
              "context": null,
              "code": "cy.get('#clear-board').should('be.visible');",
              "err": {
                "message": "CypressError: Timed out retrying: Expected to find element: '#clear-board', but never found it.",
                "estack": "CypressError: Timed out retrying: Expected to find element: '#clear-board', but never found it.\n    at cypressErr (http://localhost:37519/__cypress/runner/cypress_runner.js:149934:9)\n    at throwErr (http://localhost:37519/__cypress/runner/cypress_runner.js:149867:11)\n    at Object.throwErrByPath (http://localhost:37519/__cypress/runner/cypress_runner.js:149915:3)\n    at retry (http://localhost:37519/__cypress/runner/cypress_runner.js:144197:19)\n    at onFailFn (http://localhost:37519/__cypress/runner/cypress_runner.js:132448:16)\n    at tryCatcher (http://localhost:37519/__cypress/runner/cypress_runner.js:167415:23)\n    at Promise._settlePromiseFromHandler (http://localhost:37519/__cypress/runner/cypress_runner.js:165351:31)\n    at Promise._settlePromise (http://localhost:37519/__cypress/runner/cypress_runner.js:165408:18)\n    at Promise._settlePromise0 (http://localhost:37519/__cypress/runner/cypress_runner.js:165453:10)\n    at Promise._settlePromises (http://localhost:37519/__cypress/runner/cypress_runner.js:165528:18)\n    at Async../node_modules/bluebird/js/release/async.js.Async._drainQueue (http://localhost:37519/__cypress/runner/cypress_runner.js:162140:16)\n    at Async../node_modules/bluebird/js/release/async.js.Async._drainQueues (http://localhost:37519/__cypress/runner/cypress_runner.js:162150:10)\n    at Async.drainQueues (http://localhost:37519/__cypress/runner/cypress_runner.js:162024:14)",
                "diff": null
              },
              "uuid": "f0f082aa-b9b6-41d7-bba6-cfef28bcf0c6",
              "parentUUID": "51da2c6a-9bb1-41fc-99c8-44ad55c15afa",
              "isHook": false,
              "skipped": false
            },
            {
              "title": "Verifica se o botão está posicionado entre a paleta de cores e o quadro de pixels",
              "fullTitle": "9 - Crie um botão que, ao ser clicado, limpa o quadro preenchendo a cor de todos seus pixels com branco. Verifica se o botão está posicionado entre a paleta de cores e o quadro de pixels",
              "timedOut": null,
              "duration": 4279,
              "state": "failed",
              "speed": null,
              "pass": false,
              "fail": true,
              "pending": false,
              "context": null,
              "code": "cy.get('#color-palette').then(function (palette) {\n  cy.get('#clear-board').should('be.belowOf', palette);\n});\ncy.get('#clear-board').then(function (clearBtn) {\n  cy.get('#pixel-board').should('be.belowOf', clearBtn);\n});",
              "err": {
                "message": "CypressError: Timed out retrying: Expected to find element: '#clear-board', but never found it.",
                "estack": "CypressError: Timed out retrying: Expected to find element: '#clear-board', but never found it.\n    at cypressErr (http://localhost:37519/__cypress/runner/cypress_runner.js:149934:9)\n    at throwErr (http://localhost:37519/__cypress/runner/cypress_runner.js:149867:11)\n    at Object.throwErrByPath (http://localhost:37519/__cypress/runner/cypress_runner.js:149915:3)\n    at retry (http://localhost:37519/__cypress/runner/cypress_runner.js:144197:19)\n    at onFailFn (http://localhost:37519/__cypress/runner/cypress_runner.js:132448:16)\n    at tryCatcher (http://localhost:37519/__cypress/runner/cypress_runner.js:167415:23)\n    at Promise._settlePromiseFromHandler (http://localhost:37519/__cypress/runner/cypress_runner.js:165351:31)\n    at Promise._settlePromise (http://localhost:37519/__cypress/runner/cypress_runner.js:165408:18)\n    at Promise._settlePromise0 (http://localhost:37519/__cypress/runner/cypress_runner.js:165453:10)\n    at Promise._settlePromises (http://localhost:37519/__cypress/runner/cypress_runner.js:165528:18)\n    at Async../node_modules/bluebird/js/release/async.js.Async._drainQueue (http://localhost:37519/__cypress/runner/cypress_runner.js:162140:16)\n    at Async../node_modules/bluebird/js/release/async.js.Async._drainQueues (http://localhost:37519/__cypress/runner/cypress_runner.js:162150:10)\n    at Async.drainQueues (http://localhost:37519/__cypress/runner/cypress_runner.js:162024:14)",
                "diff": null
              },
              "uuid": "25a79596-8017-436b-8ca0-4701cf63d834",
              "parentUUID": "51da2c6a-9bb1-41fc-99c8-44ad55c15afa",
              "isHook": false,
              "skipped": false
            },
            {
              "title": "Verifica se o texto do botão é 'Limpar'",
              "fullTitle": "9 - Crie um botão que, ao ser clicado, limpa o quadro preenchendo a cor de todos seus pixels com branco. Verifica se o texto do botão é 'Limpar'",
              "timedOut": null,
              "duration": 4275,
              "state": "failed",
              "speed": null,
              "pass": false,
              "fail": true,
              "pending": false,
              "context": null,
              "code": "cy.get('#clear-board').should('contain.text', 'Limpar');",
              "err": {
                "message": "CypressError: Timed out retrying: Expected to find element: '#clear-board', but never found it.",
                "estack": "CypressError: Timed out retrying: Expected to find element: '#clear-board', but never found it.\n    at cypressErr (http://localhost:37519/__cypress/runner/cypress_runner.js:149934:9)\n    at throwErr (http://localhost:37519/__cypress/runner/cypress_runner.js:149867:11)\n    at Object.throwErrByPath (http://localhost:37519/__cypress/runner/cypress_runner.js:149915:3)\n    at retry (http://localhost:37519/__cypress/runner/cypress_runner.js:144197:19)\n    at onFailFn (http://localhost:37519/__cypress/runner/cypress_runner.js:132448:16)\n    at tryCatcher (http://localhost:37519/__cypress/runner/cypress_runner.js:167415:23)\n    at Promise._settlePromiseFromHandler (http://localhost:37519/__cypress/runner/cypress_runner.js:165351:31)\n    at Promise._settlePromise (http://localhost:37519/__cypress/runner/cypress_runner.js:165408:18)\n    at Promise._settlePromise0 (http://localhost:37519/__cypress/runner/cypress_runner.js:165453:10)\n    at Promise._settlePromises (http://localhost:37519/__cypress/runner/cypress_runner.js:165528:18)\n    at Async../node_modules/bluebird/js/release/async.js.Async._drainQueue (http://localhost:37519/__cypress/runner/cypress_runner.js:162140:16)\n    at Async../node_modules/bluebird/js/release/async.js.Async._drainQueues (http://localhost:37519/__cypress/runner/cypress_runner.js:162150:10)\n    at Async.drainQueues (http://localhost:37519/__cypress/runner/cypress_runner.js:162024:14)",
                "diff": null
              },
              "uuid": "688c2cb3-f08b-406e-b401-19d553664208",
              "parentUUID": "51da2c6a-9bb1-41fc-99c8-44ad55c15afa",
              "isHook": false,
              "skipped": false
            },
            {
              "title": "Verifica se ao clicar no botão, o quadro de pixels é totalmente preenchido de branco",
              "fullTitle": "9 - Crie um botão que, ao ser clicado, limpa o quadro preenchendo a cor de todos seus pixels com branco. Verifica se ao clicar no botão, o quadro de pixels é totalmente preenchido de branco",
              "timedOut": null,
              "duration": 4473,
              "state": "failed",
              "speed": null,
              "pass": false,
              "fail": true,
              "pending": false,
              "context": null,
              "code": "cy.get('.color').eq(1).then(function (color) {\n  var backgroundColor = color.css('background-color');\n  cy.wrap(color).click();\n  cy.get('.pixel').each(function (pixel) {\n    cy.wrap(pixel).click().should('have.css', 'background-color', backgroundColor);\n  });\n});\ncy.get('#clear-board').click();\ncy.get('.pixel').each(function (pixel) {\n  cy.wrap(pixel).should('have.css', 'background-color', WHITE);\n});",
              "err": {
                "message": "CypressError: Timed out retrying: expected '<div.pixel>' to have CSS property 'background-color' with the value 'rgb(0, 0, 255)', but the value was 'rgb(255, 255, 255)'",
                "estack": "CypressError: Timed out retrying: expected '<div.pixel>' to have CSS property 'background-color' with the value 'rgb(0, 0, 255)', but the value was 'rgb(255, 255, 255)'\n    at cypressErr (http://localhost:37519/__cypress/runner/cypress_runner.js:149934:9)\n    at throwErr (http://localhost:37519/__cypress/runner/cypress_runner.js:149867:11)\n    at Object.throwErrByPath (http://localhost:37519/__cypress/runner/cypress_runner.js:149915:3)\n    at retry (http://localhost:37519/__cypress/runner/cypress_runner.js:144197:19)\n    at onFailFn (http://localhost:37519/__cypress/runner/cypress_runner.js:132448:16)\n    at tryCatcher (http://localhost:37519/__cypress/runner/cypress_runner.js:167415:23)\n    at Promise._settlePromiseFromHandler (http://localhost:37519/__cypress/runner/cypress_runner.js:165351:31)\n    at Promise._settlePromise (http://localhost:37519/__cypress/runner/cypress_runner.js:165408:18)\n    at Promise._settlePromise0 (http://localhost:37519/__cypress/runner/cypress_runner.js:165453:10)\n    at Promise._settlePromises (http://localhost:37519/__cypress/runner/cypress_runner.js:165528:18)\n    at Async../node_modules/bluebird/js/release/async.js.Async._drainQueue (http://localhost:37519/__cypress/runner/cypress_runner.js:162140:16)\n    at Async../node_modules/bluebird/js/release/async.js.Async._drainQueues (http://localhost:37519/__cypress/runner/cypress_runner.js:162150:10)\n    at Async.drainQueues (http://localhost:37519/__cypress/runner/cypress_runner.js:162024:14)",
                "diff": null
              },
              "uuid": "c35bbe83-17c0-4ead-97c1-81fa496b9b1e",
              "parentUUID": "51da2c6a-9bb1-41fc-99c8-44ad55c15afa",
              "isHook": false,
              "skipped": false
            }
          ],
          "suites": [],
          "passes": [],
          "failures": [
            "f0f082aa-b9b6-41d7-bba6-cfef28bcf0c6",
            "25a79596-8017-436b-8ca0-4701cf63d834",
            "688c2cb3-f08b-406e-b401-19d553664208",
            "c35bbe83-17c0-4ead-97c1-81fa496b9b1e"
          ],
          "pending": [],
          "skipped": [],
          "duration": 17343,
          "root": false,
          "rootEmpty": false,
          "_timeout": 2000
        },
        {
          "uuid": "ad0eabfe-766b-4cc5-a586-737ba7c45fdc",
          "title": "10 - Faça o quadro de pixels ter seu tamanho definido pelo usuário.",
          "fullFile": "",
          "file": "",
          "beforeHooks": [],
          "afterHooks": [],
          "tests": [
            {
              "title": "Verifica se existe um input com o id `board-size`",
              "fullTitle": "10 - Faça o quadro de pixels ter seu tamanho definido pelo usuário. Verifica se existe um input com o id `board-size`",
              "timedOut": null,
              "duration": 4274,
              "state": "failed",
              "speed": null,
              "pass": false,
              "fail": true,
              "pending": false,
              "context": null,
              "code": "cy.get('#board-size').should('be.visible');",
              "err": {
                "message": "CypressError: Timed out retrying: Expected to find element: '#board-size', but never found it.",
                "estack": "CypressError: Timed out retrying: Expected to find element: '#board-size', but never found it.\n    at cypressErr (http://localhost:37519/__cypress/runner/cypress_runner.js:149934:9)\n    at throwErr (http://localhost:37519/__cypress/runner/cypress_runner.js:149867:11)\n    at Object.throwErrByPath (http://localhost:37519/__cypress/runner/cypress_runner.js:149915:3)\n    at retry (http://localhost:37519/__cypress/runner/cypress_runner.js:144197:19)\n    at onFailFn (http://localhost:37519/__cypress/runner/cypress_runner.js:132448:16)\n    at tryCatcher (http://localhost:37519/__cypress/runner/cypress_runner.js:167415:23)\n    at Promise._settlePromiseFromHandler (http://localhost:37519/__cypress/runner/cypress_runner.js:165351:31)\n    at Promise._settlePromise (http://localhost:37519/__cypress/runner/cypress_runner.js:165408:18)\n    at Promise._settlePromise0 (http://localhost:37519/__cypress/runner/cypress_runner.js:165453:10)\n    at Promise._settlePromises (http://localhost:37519/__cypress/runner/cypress_runner.js:165528:18)\n    at Async../node_modules/bluebird/js/release/async.js.Async._drainQueue (http://localhost:37519/__cypress/runner/cypress_runner.js:162140:16)\n    at Async../node_modules/bluebird/js/release/async.js.Async._drainQueues (http://localhost:37519/__cypress/runner/cypress_runner.js:162150:10)\n    at Async.drainQueues (http://localhost:37519/__cypress/runner/cypress_runner.js:162024:14)",
                "diff": null
              },
              "uuid": "e71267b6-c9db-42c5-a836-41039b6b805b",
              "parentUUID": "ad0eabfe-766b-4cc5-a586-737ba7c45fdc",
              "isHook": false,
              "skipped": false
            },
            {
              "title": "Verifica se existe um botão com o id `generate-board`",
              "fullTitle": "10 - Faça o quadro de pixels ter seu tamanho definido pelo usuário. Verifica se existe um botão com o id `generate-board`",
              "timedOut": null,
              "duration": 4288,
              "state": "failed",
              "speed": null,
              "pass": false,
              "fail": true,
              "pending": false,
              "context": null,
              "code": "cy.get('#generate-board').should('be.visible');",
              "err": {
                "message": "CypressError: Timed out retrying: Expected to find element: '#generate-board', but never found it.",
                "estack": "CypressError: Timed out retrying: Expected to find element: '#generate-board', but never found it.\n    at cypressErr (http://localhost:37519/__cypress/runner/cypress_runner.js:149934:9)\n    at throwErr (http://localhost:37519/__cypress/runner/cypress_runner.js:149867:11)\n    at Object.throwErrByPath (http://localhost:37519/__cypress/runner/cypress_runner.js:149915:3)\n    at retry (http://localhost:37519/__cypress/runner/cypress_runner.js:144197:19)\n    at onFailFn (http://localhost:37519/__cypress/runner/cypress_runner.js:132448:16)\n    at tryCatcher (http://localhost:37519/__cypress/runner/cypress_runner.js:167415:23)\n    at Promise._settlePromiseFromHandler (http://localhost:37519/__cypress/runner/cypress_runner.js:165351:31)\n    at Promise._settlePromise (http://localhost:37519/__cypress/runner/cypress_runner.js:165408:18)\n    at Promise._settlePromise0 (http://localhost:37519/__cypress/runner/cypress_runner.js:165453:10)\n    at Promise._settlePromises (http://localhost:37519/__cypress/runner/cypress_runner.js:165528:18)\n    at Async../node_modules/bluebird/js/release/async.js.Async._drainQueue (http://localhost:37519/__cypress/runner/cypress_runner.js:162140:16)\n    at Async../node_modules/bluebird/js/release/async.js.Async._drainQueues (http://localhost:37519/__cypress/runner/cypress_runner.js:162150:10)\n    at Async.drainQueues (http://localhost:37519/__cypress/runner/cypress_runner.js:162024:14)",
                "diff": null
              },
              "uuid": "c53f1a5c-c12d-4d58-b69c-c5065e1cd5f6",
              "parentUUID": "ad0eabfe-766b-4cc5-a586-737ba7c45fdc",
              "isHook": false,
              "skipped": false
            },
            {
              "title": "Verifica se o input só aceita número maiores que zero. Essa restrição deve ser feita usando os atributos do elemento `input`",
              "fullTitle": "10 - Faça o quadro de pixels ter seu tamanho definido pelo usuário. Verifica se o input só aceita número maiores que zero. Essa restrição deve ser feita usando os atributos do elemento `input`",
              "timedOut": null,
              "duration": 4279,
              "state": "failed",
              "speed": null,
              "pass": false,
              "fail": true,
              "pending": false,
              "context": null,
              "code": "cy.get('#board-size[type=\\'number\\'][min=\\'1\\']');",
              "err": {
                "message": "CypressError: Timed out retrying: Expected to find element: '#board-size[type='number'][min='1']', but never found it.",
                "estack": "CypressError: Timed out retrying: Expected to find element: '#board-size[type='number'][min='1']', but never found it.\n    at cypressErr (http://localhost:37519/__cypress/runner/cypress_runner.js:149934:9)\n    at throwErr (http://localhost:37519/__cypress/runner/cypress_runner.js:149867:11)\n    at Object.throwErrByPath (http://localhost:37519/__cypress/runner/cypress_runner.js:149915:3)\n    at retry (http://localhost:37519/__cypress/runner/cypress_runner.js:144197:19)\n    at onFailFn (http://localhost:37519/__cypress/runner/cypress_runner.js:132448:16)\n    at tryCatcher (http://localhost:37519/__cypress/runner/cypress_runner.js:167415:23)\n    at Promise._settlePromiseFromHandler (http://localhost:37519/__cypress/runner/cypress_runner.js:165351:31)\n    at Promise._settlePromise (http://localhost:37519/__cypress/runner/cypress_runner.js:165408:18)\n    at Promise._settlePromise0 (http://localhost:37519/__cypress/runner/cypress_runner.js:165453:10)\n    at Promise._settlePromises (http://localhost:37519/__cypress/runner/cypress_runner.js:165528:18)\n    at Async../node_modules/bluebird/js/release/async.js.Async._drainQueue (http://localhost:37519/__cypress/runner/cypress_runner.js:162140:16)\n    at Async../node_modules/bluebird/js/release/async.js.Async._drainQueues (http://localhost:37519/__cypress/runner/cypress_runner.js:162150:10)\n    at Async.drainQueues (http://localhost:37519/__cypress/runner/cypress_runner.js:162024:14)",
                "diff": null
              },
              "uuid": "ffee3607-fcc7-4fff-8213-fd0897caa2a9",
              "parentUUID": "ad0eabfe-766b-4cc5-a586-737ba7c45fdc",
              "isHook": false,
              "skipped": false
            },
            {
              "title": "Verifica se o botão contém o texto 'VQV'",
              "fullTitle": "10 - Faça o quadro de pixels ter seu tamanho definido pelo usuário. Verifica se o botão contém o texto 'VQV'",
              "timedOut": null,
              "duration": 4266,
              "state": "failed",
              "speed": null,
              "pass": false,
              "fail": true,
              "pending": false,
              "context": null,
              "code": "cy.get('#generate-board').contains(/vqv/i);",
              "err": {
                "message": "CypressError: Timed out retrying: Expected to find element: '#generate-board', but never found it.",
                "estack": "CypressError: Timed out retrying: Expected to find element: '#generate-board', but never found it.\n    at cypressErr (http://localhost:37519/__cypress/runner/cypress_runner.js:149934:9)\n    at throwErr (http://localhost:37519/__cypress/runner/cypress_runner.js:149867:11)\n    at Object.throwErrByPath (http://localhost:37519/__cypress/runner/cypress_runner.js:149915:3)\n    at retry (http://localhost:37519/__cypress/runner/cypress_runner.js:144197:19)\n    at onFailFn (http://localhost:37519/__cypress/runner/cypress_runner.js:132448:16)\n    at tryCatcher (http://localhost:37519/__cypress/runner/cypress_runner.js:167415:23)\n    at Promise._settlePromiseFromHandler (http://localhost:37519/__cypress/runner/cypress_runner.js:165351:31)\n    at Promise._settlePromise (http://localhost:37519/__cypress/runner/cypress_runner.js:165408:18)\n    at Promise._settlePromise0 (http://localhost:37519/__cypress/runner/cypress_runner.js:165453:10)\n    at Promise._settlePromises (http://localhost:37519/__cypress/runner/cypress_runner.js:165528:18)\n    at Async../node_modules/bluebird/js/release/async.js.Async._drainQueue (http://localhost:37519/__cypress/runner/cypress_runner.js:162140:16)\n    at Async../node_modules/bluebird/js/release/async.js.Async._drainQueues (http://localhost:37519/__cypress/runner/cypress_runner.js:162150:10)\n    at Async.drainQueues (http://localhost:37519/__cypress/runner/cypress_runner.js:162024:14)",
                "diff": null
              },
              "uuid": "f7a78022-1e76-4ea3-a319-67b318e763a5",
              "parentUUID": "ad0eabfe-766b-4cc5-a586-737ba7c45fdc",
              "isHook": false,
              "skipped": false
            },
            {
              "title": "Verifica se o input está posicionado entre a paleta de cores e o quadro de pixels",
              "fullTitle": "10 - Faça o quadro de pixels ter seu tamanho definido pelo usuário. Verifica se o input está posicionado entre a paleta de cores e o quadro de pixels",
              "timedOut": null,
              "duration": 4350,
              "state": "failed",
              "speed": null,
              "pass": false,
              "fail": true,
              "pending": false,
              "context": null,
              "code": "cy.get('#color-palette').then(function (palette) {\n  cy.get('#board-size').should('be.belowOf', palette);\n});\ncy.get('#board-size').then(function (palette) {\n  cy.get('#pixel-board').should('be.belowOf', palette);\n});",
              "err": {
                "message": "CypressError: Timed out retrying: Expected to find element: '#board-size', but never found it.",
                "estack": "CypressError: Timed out retrying: Expected to find element: '#board-size', but never found it.\n    at cypressErr (http://localhost:37519/__cypress/runner/cypress_runner.js:149934:9)\n    at throwErr (http://localhost:37519/__cypress/runner/cypress_runner.js:149867:11)\n    at Object.throwErrByPath (http://localhost:37519/__cypress/runner/cypress_runner.js:149915:3)\n    at retry (http://localhost:37519/__cypress/runner/cypress_runner.js:144197:19)\n    at onFailFn (http://localhost:37519/__cypress/runner/cypress_runner.js:132448:16)\n    at tryCatcher (http://localhost:37519/__cypress/runner/cypress_runner.js:167415:23)\n    at Promise._settlePromiseFromHandler (http://localhost:37519/__cypress/runner/cypress_runner.js:165351:31)\n    at Promise._settlePromise (http://localhost:37519/__cypress/runner/cypress_runner.js:165408:18)\n    at Promise._settlePromise0 (http://localhost:37519/__cypress/runner/cypress_runner.js:165453:10)\n    at Promise._settlePromises (http://localhost:37519/__cypress/runner/cypress_runner.js:165528:18)\n    at Async../node_modules/bluebird/js/release/async.js.Async._drainQueue (http://localhost:37519/__cypress/runner/cypress_runner.js:162140:16)\n    at Async../node_modules/bluebird/js/release/async.js.Async._drainQueues (http://localhost:37519/__cypress/runner/cypress_runner.js:162150:10)\n    at Async.drainQueues (http://localhost:37519/__cypress/runner/cypress_runner.js:162024:14)",
                "diff": null
              },
              "uuid": "851f5a57-a4c7-4d64-b95f-924207cd9331",
              "parentUUID": "ad0eabfe-766b-4cc5-a586-737ba7c45fdc",
              "isHook": false,
              "skipped": false
            },
            {
              "title": "Verifica se o botão está posicionado ao lado do input",
              "fullTitle": "10 - Faça o quadro de pixels ter seu tamanho definido pelo usuário. Verifica se o botão está posicionado ao lado do input",
              "timedOut": null,
              "duration": 4310,
              "state": "failed",
              "speed": null,
              "pass": false,
              "fail": true,
              "pending": false,
              "context": null,
              "code": "cy.get('#board-size').then(function (board) {\n  cy.get('#generate-board').should('be.onTheRightOf', board);\n});",
              "err": {
                "message": "CypressError: Timed out retrying: Expected to find element: '#board-size', but never found it.",
                "estack": "CypressError: Timed out retrying: Expected to find element: '#board-size', but never found it.\n    at cypressErr (http://localhost:37519/__cypress/runner/cypress_runner.js:149934:9)\n    at throwErr (http://localhost:37519/__cypress/runner/cypress_runner.js:149867:11)\n    at Object.throwErrByPath (http://localhost:37519/__cypress/runner/cypress_runner.js:149915:3)\n    at retry (http://localhost:37519/__cypress/runner/cypress_runner.js:144197:19)\n    at onFailFn (http://localhost:37519/__cypress/runner/cypress_runner.js:132448:16)\n    at tryCatcher (http://localhost:37519/__cypress/runner/cypress_runner.js:167415:23)\n    at Promise._settlePromiseFromHandler (http://localhost:37519/__cypress/runner/cypress_runner.js:165351:31)\n    at Promise._settlePromise (http://localhost:37519/__cypress/runner/cypress_runner.js:165408:18)\n    at Promise._settlePromise0 (http://localhost:37519/__cypress/runner/cypress_runner.js:165453:10)\n    at Promise._settlePromises (http://localhost:37519/__cypress/runner/cypress_runner.js:165528:18)\n    at Async../node_modules/bluebird/js/release/async.js.Async._drainQueue (http://localhost:37519/__cypress/runner/cypress_runner.js:162140:16)\n    at Async../node_modules/bluebird/js/release/async.js.Async._drainQueues (http://localhost:37519/__cypress/runner/cypress_runner.js:162150:10)\n    at Async.drainQueues (http://localhost:37519/__cypress/runner/cypress_runner.js:162024:14)",
                "diff": null
              },
              "uuid": "8c933525-228d-434a-a64f-3dc61e15885a",
              "parentUUID": "ad0eabfe-766b-4cc5-a586-737ba7c45fdc",
              "isHook": false,
              "skipped": false
            },
            {
              "title": "Verifica se nenhum valor for colocado no input ao clicar no botão, um `alert` é exibido com o texto: 'Board inválido!'",
              "fullTitle": "10 - Faça o quadro de pixels ter seu tamanho definido pelo usuário. Verifica se nenhum valor for colocado no input ao clicar no botão, um `alert` é exibido com o texto: 'Board inválido!'",
              "timedOut": null,
              "duration": 4290,
              "state": "failed",
              "speed": null,
              "pass": false,
              "fail": true,
              "pending": false,
              "context": null,
              "code": "var alerted = false;\ncy.on('window:alert', function (msg) {\n  return alerted = msg;\n});\ncy.get('#generate-board').click().then(function () {\n  return expect(alerted).to.match(/Board inválido!/i);\n});",
              "err": {
                "message": "CypressError: Timed out retrying: Expected to find element: '#generate-board', but never found it.",
                "estack": "CypressError: Timed out retrying: Expected to find element: '#generate-board', but never found it.\n    at cypressErr (http://localhost:37519/__cypress/runner/cypress_runner.js:149934:9)\n    at throwErr (http://localhost:37519/__cypress/runner/cypress_runner.js:149867:11)\n    at Object.throwErrByPath (http://localhost:37519/__cypress/runner/cypress_runner.js:149915:3)\n    at retry (http://localhost:37519/__cypress/runner/cypress_runner.js:144197:19)\n    at onFailFn (http://localhost:37519/__cypress/runner/cypress_runner.js:132448:16)\n    at tryCatcher (http://localhost:37519/__cypress/runner/cypress_runner.js:167415:23)\n    at Promise._settlePromiseFromHandler (http://localhost:37519/__cypress/runner/cypress_runner.js:165351:31)\n    at Promise._settlePromise (http://localhost:37519/__cypress/runner/cypress_runner.js:165408:18)\n    at Promise._settlePromise0 (http://localhost:37519/__cypress/runner/cypress_runner.js:165453:10)\n    at Promise._settlePromises (http://localhost:37519/__cypress/runner/cypress_runner.js:165528:18)\n    at Async../node_modules/bluebird/js/release/async.js.Async._drainQueue (http://localhost:37519/__cypress/runner/cypress_runner.js:162140:16)\n    at Async../node_modules/bluebird/js/release/async.js.Async._drainQueues (http://localhost:37519/__cypress/runner/cypress_runner.js:162150:10)\n    at Async.drainQueues (http://localhost:37519/__cypress/runner/cypress_runner.js:162024:14)",
                "diff": null
              },
              "uuid": "1f4b5fe6-149c-4139-80ed-8fd81adb2492",
              "parentUUID": "ad0eabfe-766b-4cc5-a586-737ba7c45fdc",
              "isHook": false,
              "skipped": false
            },
            {
              "title": "Verifica se ao clicar no botão com um valor preenchido, o tamanho do board muda.",
              "fullTitle": "10 - Faça o quadro de pixels ter seu tamanho definido pelo usuário. Verifica se ao clicar no botão com um valor preenchido, o tamanho do board muda.",
              "timedOut": null,
              "duration": 4277,
              "state": "failed",
              "speed": null,
              "pass": false,
              "fail": true,
              "pending": false,
              "context": null,
              "code": "cy.get('#board-size').clear().type(10);\ncy.get('#generate-board').click();\ncy.get('.pixel').should('have.length', 100);",
              "err": {
                "message": "CypressError: Timed out retrying: Expected to find element: '#board-size', but never found it.",
                "estack": "CypressError: Timed out retrying: Expected to find element: '#board-size', but never found it.\n    at cypressErr (http://localhost:37519/__cypress/runner/cypress_runner.js:149934:9)\n    at throwErr (http://localhost:37519/__cypress/runner/cypress_runner.js:149867:11)\n    at Object.throwErrByPath (http://localhost:37519/__cypress/runner/cypress_runner.js:149915:3)\n    at retry (http://localhost:37519/__cypress/runner/cypress_runner.js:144197:19)\n    at onFailFn (http://localhost:37519/__cypress/runner/cypress_runner.js:132448:16)\n    at tryCatcher (http://localhost:37519/__cypress/runner/cypress_runner.js:167415:23)\n    at Promise._settlePromiseFromHandler (http://localhost:37519/__cypress/runner/cypress_runner.js:165351:31)\n    at Promise._settlePromise (http://localhost:37519/__cypress/runner/cypress_runner.js:165408:18)\n    at Promise._settlePromise0 (http://localhost:37519/__cypress/runner/cypress_runner.js:165453:10)\n    at Promise._settlePromises (http://localhost:37519/__cypress/runner/cypress_runner.js:165528:18)\n    at Async../node_modules/bluebird/js/release/async.js.Async._drainQueue (http://localhost:37519/__cypress/runner/cypress_runner.js:162140:16)\n    at Async../node_modules/bluebird/js/release/async.js.Async._drainQueues (http://localhost:37519/__cypress/runner/cypress_runner.js:162150:10)\n    at Async.drainQueues (http://localhost:37519/__cypress/runner/cypress_runner.js:162024:14)",
                "diff": null
              },
              "uuid": "451efbf4-036f-42be-801b-abb0b2fda55b",
              "parentUUID": "ad0eabfe-766b-4cc5-a586-737ba7c45fdc",
              "isHook": false,
              "skipped": false
            },
            {
              "title": "Verifica se o novo quadro tem todos os pixels preenchidos com a cor branca",
              "fullTitle": "10 - Faça o quadro de pixels ter seu tamanho definido pelo usuário. Verifica se o novo quadro tem todos os pixels preenchidos com a cor branca",
              "timedOut": null,
              "duration": 4270,
              "state": "failed",
              "speed": null,
              "pass": false,
              "fail": true,
              "pending": false,
              "context": null,
              "code": "cy.get('#board-size').clear().type(6);\ncy.get('#generate-board').click();\ncy.get('.pixel').should('have.length', 36).each(function (pixel) {\n  expect(pixel).to.have.css('background-color', WHITE);\n});",
              "err": {
                "message": "CypressError: Timed out retrying: Expected to find element: '#board-size', but never found it.",
                "estack": "CypressError: Timed out retrying: Expected to find element: '#board-size', but never found it.\n    at cypressErr (http://localhost:37519/__cypress/runner/cypress_runner.js:149934:9)\n    at throwErr (http://localhost:37519/__cypress/runner/cypress_runner.js:149867:11)\n    at Object.throwErrByPath (http://localhost:37519/__cypress/runner/cypress_runner.js:149915:3)\n    at retry (http://localhost:37519/__cypress/runner/cypress_runner.js:144197:19)\n    at onFailFn (http://localhost:37519/__cypress/runner/cypress_runner.js:132448:16)\n    at tryCatcher (http://localhost:37519/__cypress/runner/cypress_runner.js:167415:23)\n    at Promise._settlePromiseFromHandler (http://localhost:37519/__cypress/runner/cypress_runner.js:165351:31)\n    at Promise._settlePromise (http://localhost:37519/__cypress/runner/cypress_runner.js:165408:18)\n    at Promise._settlePromise0 (http://localhost:37519/__cypress/runner/cypress_runner.js:165453:10)\n    at Promise._settlePromises (http://localhost:37519/__cypress/runner/cypress_runner.js:165528:18)\n    at Async../node_modules/bluebird/js/release/async.js.Async._drainQueue (http://localhost:37519/__cypress/runner/cypress_runner.js:162140:16)\n    at Async../node_modules/bluebird/js/release/async.js.Async._drainQueues (http://localhost:37519/__cypress/runner/cypress_runner.js:162150:10)\n    at Async.drainQueues (http://localhost:37519/__cypress/runner/cypress_runner.js:162024:14)",
                "diff": null
              },
              "uuid": "9cc8ad0a-230b-49af-b86a-c2be0e7f131a",
              "parentUUID": "ad0eabfe-766b-4cc5-a586-737ba7c45fdc",
              "isHook": false,
              "skipped": false
            }
          ],
          "suites": [],
          "passes": [],
          "failures": [
            "e71267b6-c9db-42c5-a836-41039b6b805b",
            "c53f1a5c-c12d-4d58-b69c-c5065e1cd5f6",
            "ffee3607-fcc7-4fff-8213-fd0897caa2a9",
            "f7a78022-1e76-4ea3-a319-67b318e763a5",
            "851f5a57-a4c7-4d64-b95f-924207cd9331",
            "8c933525-228d-434a-a64f-3dc61e15885a",
            "1f4b5fe6-149c-4139-80ed-8fd81adb2492",
            "451efbf4-036f-42be-801b-abb0b2fda55b",
            "9cc8ad0a-230b-49af-b86a-c2be0e7f131a"
          ],
          "pending": [],
          "skipped": [],
          "duration": 38604,
          "root": false,
          "rootEmpty": false,
          "_timeout": 2000
        },
        {
          "uuid": "14488661-6157-49c3-8e68-191aab02bddb",
          "title": "11 - Limite o tamanho mínimo e máximo do board.",
          "fullFile": "",
          "file": "",
          "beforeHooks": [],
          "afterHooks": [],
          "tests": [
            {
              "title": "Verifica se a altura máxima do board é 50",
              "fullTitle": "11 - Limite o tamanho mínimo e máximo do board. Verifica se a altura máxima do board é 50",
              "timedOut": null,
              "duration": 4288,
              "state": "failed",
              "speed": null,
              "pass": false,
              "fail": true,
              "pending": false,
              "context": null,
              "code": "cy.get('#board-size').clear().type(50);\ncy.get('#generate-board').click();\ncy.get('.pixel').should('have.length', 2500);",
              "err": {
                "message": "CypressError: Timed out retrying: Expected to find element: '#board-size', but never found it.",
                "estack": "CypressError: Timed out retrying: Expected to find element: '#board-size', but never found it.\n    at cypressErr (http://localhost:37519/__cypress/runner/cypress_runner.js:149934:9)\n    at throwErr (http://localhost:37519/__cypress/runner/cypress_runner.js:149867:11)\n    at Object.throwErrByPath (http://localhost:37519/__cypress/runner/cypress_runner.js:149915:3)\n    at retry (http://localhost:37519/__cypress/runner/cypress_runner.js:144197:19)\n    at onFailFn (http://localhost:37519/__cypress/runner/cypress_runner.js:132448:16)\n    at tryCatcher (http://localhost:37519/__cypress/runner/cypress_runner.js:167415:23)\n    at Promise._settlePromiseFromHandler (http://localhost:37519/__cypress/runner/cypress_runner.js:165351:31)\n    at Promise._settlePromise (http://localhost:37519/__cypress/runner/cypress_runner.js:165408:18)\n    at Promise._settlePromise0 (http://localhost:37519/__cypress/runner/cypress_runner.js:165453:10)\n    at Promise._settlePromises (http://localhost:37519/__cypress/runner/cypress_runner.js:165528:18)\n    at Async../node_modules/bluebird/js/release/async.js.Async._drainQueue (http://localhost:37519/__cypress/runner/cypress_runner.js:162140:16)\n    at Async../node_modules/bluebird/js/release/async.js.Async._drainQueues (http://localhost:37519/__cypress/runner/cypress_runner.js:162150:10)\n    at Async.drainQueues (http://localhost:37519/__cypress/runner/cypress_runner.js:162024:14)",
                "diff": null
              },
              "uuid": "74be3e8a-1909-4d32-b872-f37b819b19ec",
              "parentUUID": "14488661-6157-49c3-8e68-191aab02bddb",
              "isHook": false,
              "skipped": false
            },
            {
              "title": "Verifica se a altura do board é 5 quando um valor menor é colocado no input",
              "fullTitle": "11 - Limite o tamanho mínimo e máximo do board. Verifica se a altura do board é 5 quando um valor menor é colocado no input",
              "timedOut": null,
              "duration": 4260,
              "state": "failed",
              "speed": null,
              "pass": false,
              "fail": true,
              "pending": false,
              "context": null,
              "code": "cy.get('#board-size').clear().type(4);\ncy.get('#generate-board').click();\ncy.get('.pixel').should('have.length', 25);",
              "err": {
                "message": "CypressError: Timed out retrying: Expected to find element: '#board-size', but never found it.",
                "estack": "CypressError: Timed out retrying: Expected to find element: '#board-size', but never found it.\n    at cypressErr (http://localhost:37519/__cypress/runner/cypress_runner.js:149934:9)\n    at throwErr (http://localhost:37519/__cypress/runner/cypress_runner.js:149867:11)\n    at Object.throwErrByPath (http://localhost:37519/__cypress/runner/cypress_runner.js:149915:3)\n    at retry (http://localhost:37519/__cypress/runner/cypress_runner.js:144197:19)\n    at onFailFn (http://localhost:37519/__cypress/runner/cypress_runner.js:132448:16)\n    at tryCatcher (http://localhost:37519/__cypress/runner/cypress_runner.js:167415:23)\n    at Promise._settlePromiseFromHandler (http://localhost:37519/__cypress/runner/cypress_runner.js:165351:31)\n    at Promise._settlePromise (http://localhost:37519/__cypress/runner/cypress_runner.js:165408:18)\n    at Promise._settlePromise0 (http://localhost:37519/__cypress/runner/cypress_runner.js:165453:10)\n    at Promise._settlePromises (http://localhost:37519/__cypress/runner/cypress_runner.js:165528:18)\n    at Async../node_modules/bluebird/js/release/async.js.Async._drainQueue (http://localhost:37519/__cypress/runner/cypress_runner.js:162140:16)\n    at Async../node_modules/bluebird/js/release/async.js.Async._drainQueues (http://localhost:37519/__cypress/runner/cypress_runner.js:162150:10)\n    at Async.drainQueues (http://localhost:37519/__cypress/runner/cypress_runner.js:162024:14)",
                "diff": null
              },
              "uuid": "11a0e85f-eafd-40f3-9d96-bb6e4e9ca2d3",
              "parentUUID": "14488661-6157-49c3-8e68-191aab02bddb",
              "isHook": false,
              "skipped": false
            },
            {
              "title": "Verifica se a altura do board é 50 quando um valor maior é colocado no input",
              "fullTitle": "11 - Limite o tamanho mínimo e máximo do board. Verifica se a altura do board é 50 quando um valor maior é colocado no input",
              "timedOut": null,
              "duration": 4240,
              "state": "failed",
              "speed": null,
              "pass": false,
              "fail": true,
              "pending": false,
              "context": null,
              "code": "cy.get('#board-size').clear().type(51);\ncy.get('#generate-board').click();\ncy.get('.pixel').should('have.length', 2500);",
              "err": {
                "message": "CypressError: Timed out retrying: Expected to find element: '#board-size', but never found it.",
                "estack": "CypressError: Timed out retrying: Expected to find element: '#board-size', but never found it.\n    at cypressErr (http://localhost:37519/__cypress/runner/cypress_runner.js:149934:9)\n    at throwErr (http://localhost:37519/__cypress/runner/cypress_runner.js:149867:11)\n    at Object.throwErrByPath (http://localhost:37519/__cypress/runner/cypress_runner.js:149915:3)\n    at retry (http://localhost:37519/__cypress/runner/cypress_runner.js:144197:19)\n    at onFailFn (http://localhost:37519/__cypress/runner/cypress_runner.js:132448:16)\n    at tryCatcher (http://localhost:37519/__cypress/runner/cypress_runner.js:167415:23)\n    at Promise._settlePromiseFromHandler (http://localhost:37519/__cypress/runner/cypress_runner.js:165351:31)\n    at Promise._settlePromise (http://localhost:37519/__cypress/runner/cypress_runner.js:165408:18)\n    at Promise._settlePromise0 (http://localhost:37519/__cypress/runner/cypress_runner.js:165453:10)\n    at Promise._settlePromises (http://localhost:37519/__cypress/runner/cypress_runner.js:165528:18)\n    at Async../node_modules/bluebird/js/release/async.js.Async._drainQueue (http://localhost:37519/__cypress/runner/cypress_runner.js:162140:16)\n    at Async../node_modules/bluebird/js/release/async.js.Async._drainQueues (http://localhost:37519/__cypress/runner/cypress_runner.js:162150:10)\n    at Async.drainQueues (http://localhost:37519/__cypress/runner/cypress_runner.js:162024:14)",
                "diff": null
              },
              "uuid": "95cd8e27-4954-428a-b00f-4fb8282cbc43",
              "parentUUID": "14488661-6157-49c3-8e68-191aab02bddb",
              "isHook": false,
              "skipped": false
            }
          ],
          "suites": [],
          "passes": [],
          "failures": [
            "74be3e8a-1909-4d32-b872-f37b819b19ec",
            "11a0e85f-eafd-40f3-9d96-bb6e4e9ca2d3",
            "95cd8e27-4954-428a-b00f-4fb8282cbc43"
          ],
          "pending": [],
          "skipped": [],
          "duration": 12788,
          "root": false,
          "rootEmpty": false,
          "_timeout": 2000
        },
        {
          "uuid": "9b1dff71-7d65-4405-bd7d-f3ef82bffa22",
          "title": "12 - Faça com que as cores da paleta sejam geradas aleatoriamente ao carregar a página.",
          "fullFile": "",
          "file": "",
          "beforeHooks": [],
          "afterHooks": [],
          "tests": [
            {
              "title": "Verifica se as cores geradas na paleta são diferentes a cada carregamento da página",
              "fullTitle": "12 - Faça com que as cores da paleta sejam geradas aleatoriamente ao carregar a página. Verifica se as cores geradas na paleta são diferentes a cada carregamento da página",
              "timedOut": null,
              "duration": 366,
              "state": "failed",
              "speed": null,
              "pass": false,
              "fail": true,
              "pending": false,
              "context": null,
              "code": "cy.get('.color').then(function (colors) {\n  var currentColors;\n  var previousColors;\n  previousColors = Array.from(colors).map(function (color) {\n    return Cypress.$(color).css('background-color');\n  });\n  for (var i = 0; i < 5; i += 1) {\n    cy.reload();\n    cy.get('.color').then(function (colors) {\n      currentColors = Array.from(colors).map(function (color) {\n        return Cypress.$(color).css('background-color');\n      });\n      expect(currentColors).not.to.deep.equal(previousColors);\n      previousColors = currentColors;\n    });\n  }\n});",
              "err": {
                "message": "AssertionError: expected [ Array(4) ] to not deeply equal [ Array(4) ]",
                "estack": "AssertionError: expected [ Array(4) ] to not deeply equal [ Array(4) ]\n    at getRet (http://localhost:37519/__cypress/runner/cypress_runner.js:136585:16)\n    at tryCatcher (http://localhost:37519/__cypress/runner/cypress_runner.js:167415:23)\n    at Function.Promise.attempt.Promise.try (http://localhost:37519/__cypress/runner/cypress_runner.js:164690:29)\n    at Context.thenFn (http://localhost:37519/__cypress/runner/cypress_runner.js:136599:23)\n    at Context.then (http://localhost:37519/__cypress/runner/cypress_runner.js:136971:21)\n    at Context.<anonymous> (http://localhost:37519/__cypress/runner/cypress_runner.js:148875:21)\n    at http://localhost:37519/__cypress/runner/cypress_runner.js:148351:33\n    at tryCatcher (http://localhost:37519/__cypress/runner/cypress_runner.js:167415:23)\n    at Promise._settlePromiseFromHandler (http://localhost:37519/__cypress/runner/cypress_runner.js:165351:31)\n    at Promise._settlePromise (http://localhost:37519/__cypress/runner/cypress_runner.js:165408:18)\n    at Promise._settlePromiseCtx (http://localhost:37519/__cypress/runner/cypress_runner.js:165445:10)\n    at Async../node_modules/bluebird/js/release/async.js.Async._drainQueue (http://localhost:37519/__cypress/runner/cypress_runner.js:162145:12)\n    at Async../node_modules/bluebird/js/release/async.js.Async._drainQueues (http://localhost:37519/__cypress/runner/cypress_runner.js:162150:10)\n    at Async.drainQueues (http://localhost:37519/__cypress/runner/cypress_runner.js:162024:14)",
                "diff": ""
              },
              "uuid": "b0771621-5541-483b-8afc-0332513d6fa1",
              "parentUUID": "9b1dff71-7d65-4405-bd7d-f3ef82bffa22",
              "isHook": false,
              "skipped": false
            },
            {
              "title": "Verifica se a cor preta ainda está presente e é a primeira na sua paleta de cores",
              "fullTitle": "12 - Faça com que as cores da paleta sejam geradas aleatoriamente ao carregar a página. Verifica se a cor preta ainda está presente e é a primeira na sua paleta de cores",
              "timedOut": null,
              "duration": 314,
              "state": "failed",
              "speed": null,
              "pass": false,
              "fail": true,
              "pending": false,
              "context": null,
              "code": "cy.get('.color').then(function (colors) {\n  var currentColors;\n  var previousColors;\n  previousColors = Array.from(colors).map(function (color) {\n    return Cypress.$(color).css('background-color');\n  });\n  expect(previousColors[0]).to.eq(BLACK);\n  for (var i = 0; i < 5; i += 1) {\n    cy.reload();\n    cy.get('.color').then(function (colors) {\n      currentColors = Array.from(colors).map(function (color) {\n        return Cypress.$(color).css('background-color');\n      });\n      expect(currentColors[0]).to.eq(BLACK);\n      expect(currentColors).not.to.deep.equal(previousColors);\n      previousColors = currentColors;\n    });\n  }\n});",
              "err": {
                "message": "AssertionError: expected [ Array(4) ] to not deeply equal [ Array(4) ]",
                "estack": "AssertionError: expected [ Array(4) ] to not deeply equal [ Array(4) ]\n    at getRet (http://localhost:37519/__cypress/runner/cypress_runner.js:136585:16)\n    at tryCatcher (http://localhost:37519/__cypress/runner/cypress_runner.js:167415:23)\n    at Function.Promise.attempt.Promise.try (http://localhost:37519/__cypress/runner/cypress_runner.js:164690:29)\n    at Context.thenFn (http://localhost:37519/__cypress/runner/cypress_runner.js:136599:23)\n    at Context.then (http://localhost:37519/__cypress/runner/cypress_runner.js:136971:21)\n    at Context.<anonymous> (http://localhost:37519/__cypress/runner/cypress_runner.js:148875:21)\n    at http://localhost:37519/__cypress/runner/cypress_runner.js:148351:33\n    at tryCatcher (http://localhost:37519/__cypress/runner/cypress_runner.js:167415:23)\n    at Promise._settlePromiseFromHandler (http://localhost:37519/__cypress/runner/cypress_runner.js:165351:31)\n    at Promise._settlePromise (http://localhost:37519/__cypress/runner/cypress_runner.js:165408:18)\n    at Promise._settlePromiseCtx (http://localhost:37519/__cypress/runner/cypress_runner.js:165445:10)\n    at Async../node_modules/bluebird/js/release/async.js.Async._drainQueue (http://localhost:37519/__cypress/runner/cypress_runner.js:162145:12)\n    at Async../node_modules/bluebird/js/release/async.js.Async._drainQueues (http://localhost:37519/__cypress/runner/cypress_runner.js:162150:10)\n    at Async.drainQueues (http://localhost:37519/__cypress/runner/cypress_runner.js:162024:14)",
                "diff": ""
              },
              "uuid": "bd44c2ad-9450-4f25-b53c-855d99263308",
              "parentUUID": "9b1dff71-7d65-4405-bd7d-f3ef82bffa22",
              "isHook": false,
              "skipped": false
            }
          ],
          "suites": [],
          "passes": [],
          "failures": [
            "b0771621-5541-483b-8afc-0332513d6fa1",
            "bd44c2ad-9450-4f25-b53c-855d99263308"
          ],
          "pending": [],
          "skipped": [],
          "duration": 680,
          "root": false,
          "rootEmpty": false,
          "_timeout": 2000
        }
      ],
      "passes": [],
      "failures": [],
      "pending": [],
      "skipped": [],
      "duration": 0,
      "root": true,
      "rootEmpty": true,
      "_timeout": 2000
    }
  ],
  "meta": {
    "mocha": {
      "version": "7.0.1"
    },
    "mochawesome": {
      "options": {
        "quiet": false,
        "reportFilename": "mochawesome",
        "saveHtml": false,
        "saveJson": true,
        "consoleReporter": "spec",
        "useInlineDiffs": false
      },
      "version": "4.1.0"
    },
    "marge": {
      "options": {
        "id": "default",
        "reportDir": "cypress/reports",
        "overwrite": true,
        "html": false,
        "json": true
      },
      "version": "4.1.0"
    }
  }
}