{
  "stats": {
    "suites": 12,
    "tests": 41,
    "passes": 24,
    "pending": 0,
    "failures": 17,
    "start": "2021-08-24T11:47:44.658Z",
    "end": "2021-08-24T11:50:59.525Z",
    "duration": 194867,
    "testsRegistered": 41,
    "passPercent": 58.536585365853654,
    "pendingPercent": 0,
    "other": 0,
    "hasOther": false,
    "skipped": 0,
    "hasSkipped": false
  },
  "results": [
    {
      "uuid": "ef4f3aae-cddf-43d0-95c5-cd6567bea5b5",
      "title": "",
      "fullFile": "cypress/integration/project.spec.js",
      "file": "cypress/integration/project.spec.js",
      "beforeHooks": [],
      "afterHooks": [],
      "tests": [],
      "suites": [
        {
          "uuid": "c7340e3f-02b3-418b-bdd5-aa2cd4742e68",
          "title": "1 - Adicione à página o título \"Paleta de Cores\".",
          "fullFile": "",
          "file": "",
          "beforeHooks": [],
          "afterHooks": [],
          "tests": [
            {
              "title": "Verifica se contém um elemento `h1` com o id `title` com o título correto",
              "fullTitle": "1 - Adicione à página o título \"Paleta de Cores\". Verifica se contém um elemento `h1` com o id `title` com o título correto",
              "timedOut": null,
              "duration": 5035,
              "state": "passed",
              "speed": "slow",
              "pass": true,
              "fail": false,
              "pending": false,
              "context": null,
              "code": "cy.get('h1#title').should('contain.text', 'Paleta de Cores');",
              "err": {},
              "uuid": "0706433d-b764-4bbd-8d66-89549144ece2",
              "parentUUID": "c7340e3f-02b3-418b-bdd5-aa2cd4742e68",
              "isHook": false,
              "skipped": false
            }
          ],
          "suites": [],
          "passes": [
            "0706433d-b764-4bbd-8d66-89549144ece2"
          ],
          "failures": [],
          "pending": [],
          "skipped": [],
          "duration": 5035,
          "root": false,
          "rootEmpty": false,
          "_timeout": 2000
        },
        {
          "uuid": "aae228d5-0373-4031-9c99-73958c4637fb",
          "title": "2 - Adicione à página uma paleta de quatro cores distintas.",
          "fullFile": "",
          "file": "",
          "beforeHooks": [],
          "afterHooks": [],
          "tests": [
            {
              "title": "A paleta de cores deve ser um elemento com `id` denominado `color-palette`",
              "fullTitle": "2 - Adicione à página uma paleta de quatro cores distintas. A paleta de cores deve ser um elemento com `id` denominado `color-palette`",
              "timedOut": null,
              "duration": 3073,
              "state": "passed",
              "speed": "slow",
              "pass": true,
              "fail": false,
              "pending": false,
              "context": null,
              "code": "cy.get('#color-palette').should('be.visible');",
              "err": {},
              "uuid": "d2155561-d0fb-4b18-9e11-1be26f022cee",
              "parentUUID": "aae228d5-0373-4031-9c99-73958c4637fb",
              "isHook": false,
              "skipped": false
            },
            {
              "title": "Verifica se cada cor individual da paleta de cores possui a `classe` chamada `color`.",
              "fullTitle": "2 - Adicione à página uma paleta de quatro cores distintas. Verifica se cada cor individual da paleta de cores possui a `classe` chamada `color`.",
              "timedOut": null,
              "duration": 3463,
              "state": "passed",
              "speed": "slow",
              "pass": true,
              "fail": false,
              "pending": false,
              "context": null,
              "code": "cy.get('.color').should('have.length', 4).then(function (colors) {\n  for (var i = 0; i < colors.length; i++) {\n    cy.wrap(colors[i]).should('be.visible');\n  }\n});",
              "err": {},
              "uuid": "eaffe75c-d77b-4dbd-8e0c-3b7543ee6fe4",
              "parentUUID": "aae228d5-0373-4031-9c99-73958c4637fb",
              "isHook": false,
              "skipped": false
            },
            {
              "title": "Verifica se a cor de fundo de cada elemento da paleta é a cor que o elemento representa. **A única cor não permitida na paleta é a cor branca.**",
              "fullTitle": "2 - Adicione à página uma paleta de quatro cores distintas. Verifica se a cor de fundo de cada elemento da paleta é a cor que o elemento representa. **A única cor não permitida na paleta é a cor branca.**",
              "timedOut": null,
              "duration": 1880,
              "state": "passed",
              "speed": "slow",
              "pass": true,
              "fail": false,
              "pending": false,
              "context": null,
              "code": "cy.get('.color').each(function (color) {\n  cy.wrap(color).should('have.class', 'color').and('not.have.css', 'background-color', WHITE);\n  cy.wrap(color).should('have.css', 'background-color');\n});",
              "err": {},
              "uuid": "32031f24-ffd4-4c1f-966b-5dc90f3f40ba",
              "parentUUID": "aae228d5-0373-4031-9c99-73958c4637fb",
              "isHook": false,
              "skipped": false
            },
            {
              "title": "Verifica se cada elemento da paleta de cores tem uma borda preta, sólida e com 1 pixel de largura;",
              "fullTitle": "2 - Adicione à página uma paleta de quatro cores distintas. Verifica se cada elemento da paleta de cores tem uma borda preta, sólida e com 1 pixel de largura;",
              "timedOut": null,
              "duration": 3629,
              "state": "passed",
              "speed": "slow",
              "pass": true,
              "fail": false,
              "pending": false,
              "context": null,
              "code": "cy.get('.color').each(function (color) {\n  cy.wrap(color).and('have.css', 'border', \"1px solid \".concat(BLACK)).and('have.class', 'color');\n});",
              "err": {},
              "uuid": "7e1907c7-36e3-49b1-887d-dc9539d8869e",
              "parentUUID": "aae228d5-0373-4031-9c99-73958c4637fb",
              "isHook": false,
              "skipped": false
            },
            {
              "title": "Verifica se a paleta lista todas as cores disponíveis para utilização, lado a lado.",
              "fullTitle": "2 - Adicione à página uma paleta de quatro cores distintas. Verifica se a paleta lista todas as cores disponíveis para utilização, lado a lado.",
              "timedOut": null,
              "duration": 2875,
              "state": "passed",
              "speed": "slow",
              "pass": true,
              "fail": false,
              "pending": false,
              "context": null,
              "code": "cy.get('.color').then(function (colors) {\n  for (var index = 1; index < colors.length; index += 1) {\n    var currentColor = colors[index];\n    var previousColor = colors[index - 1];\n    cy.wrap(currentColor).should('be.onTheRightOf', previousColor).and('be.horizontallyAlignedWith', previousColor);\n  }\n});",
              "err": {},
              "uuid": "c7a41846-3871-4a2c-ac4d-03d41e816ccb",
              "parentUUID": "aae228d5-0373-4031-9c99-73958c4637fb",
              "isHook": false,
              "skipped": false
            },
            {
              "title": "Verifica se a paleta de cores está posicionada abaixo do título 'Paleta de Cores'",
              "fullTitle": "2 - Adicione à página uma paleta de quatro cores distintas. Verifica se a paleta de cores está posicionada abaixo do título 'Paleta de Cores'",
              "timedOut": null,
              "duration": 3168,
              "state": "passed",
              "speed": "slow",
              "pass": true,
              "fail": false,
              "pending": false,
              "context": null,
              "code": "cy.get('h1#title').then(function (title) {\n  cy.get('#color-palette').should('be.belowOf', title);\n});",
              "err": {},
              "uuid": "4042e3e5-b506-47f5-ac9b-f546b2122ac6",
              "parentUUID": "aae228d5-0373-4031-9c99-73958c4637fb",
              "isHook": false,
              "skipped": false
            },
            {
              "title": "Verifica se a paleta de cores não contém cores repetidas.",
              "fullTitle": "2 - Adicione à página uma paleta de quatro cores distintas. Verifica se a paleta de cores não contém cores repetidas.",
              "timedOut": null,
              "duration": 2547,
              "state": "passed",
              "speed": "slow",
              "pass": true,
              "fail": false,
              "pending": false,
              "context": null,
              "code": "cy.get('.color').then(function (colors) {\n  var allColors = Array.from(colors).map(function (color) {\n    return Cypress.$(color).css('background-color');\n  });\n  cy.log(allColors);\n  var uniqColors = (0, _toConsumableArray2[\"default\"])(new Set(allColors));\n  cy.log(uniqColors);\n  expect(allColors.length).to.eq(uniqColors.length);\n});",
              "err": {},
              "uuid": "a243f47f-4f28-4ecd-b61b-b8a1f36783b2",
              "parentUUID": "aae228d5-0373-4031-9c99-73958c4637fb",
              "isHook": false,
              "skipped": false
            }
          ],
          "suites": [],
          "passes": [
            "d2155561-d0fb-4b18-9e11-1be26f022cee",
            "eaffe75c-d77b-4dbd-8e0c-3b7543ee6fe4",
            "32031f24-ffd4-4c1f-966b-5dc90f3f40ba",
            "7e1907c7-36e3-49b1-887d-dc9539d8869e",
            "c7a41846-3871-4a2c-ac4d-03d41e816ccb",
            "4042e3e5-b506-47f5-ac9b-f546b2122ac6",
            "a243f47f-4f28-4ecd-b61b-b8a1f36783b2"
          ],
          "failures": [],
          "pending": [],
          "skipped": [],
          "duration": 20635,
          "root": false,
          "rootEmpty": false,
          "_timeout": 2000
        },
        {
          "uuid": "2bd563ed-40b6-4522-8a7e-a4c987aec5c3",
          "title": "3 - Adicione a cor **preta** como a primeira cor da paleta de cores.",
          "fullFile": "",
          "file": "",
          "beforeHooks": [],
          "afterHooks": [],
          "tests": [
            {
              "title": "Verifica se a primeira cor da paleta é preta",
              "fullTitle": "3 - Adicione a cor **preta** como a primeira cor da paleta de cores. Verifica se a primeira cor da paleta é preta",
              "timedOut": null,
              "duration": 2150,
              "state": "passed",
              "speed": "slow",
              "pass": true,
              "fail": false,
              "pending": false,
              "context": null,
              "code": "cy.get('.color').first().should('have.css', 'background-color', BLACK);",
              "err": {},
              "uuid": "f996b2e0-daa9-4615-a17c-3b465376f3f7",
              "parentUUID": "2bd563ed-40b6-4522-8a7e-a4c987aec5c3",
              "isHook": false,
              "skipped": false
            },
            {
              "title": "Verifica se as demais cores podem ser escolhidas livremente.",
              "fullTitle": "3 - Adicione a cor **preta** como a primeira cor da paleta de cores. Verifica se as demais cores podem ser escolhidas livremente.",
              "timedOut": null,
              "duration": 2409,
              "state": "passed",
              "speed": "slow",
              "pass": true,
              "fail": false,
              "pending": false,
              "context": null,
              "code": "cy.get('.color').eq(1).should('not.have.css', 'background-color', BLACK);\ncy.get('.color').eq(1).should('not.have.css', 'background-color', WHITE);\ncy.get('.color').eq(1).should('not.have.css', 'background-color', 'rgba(0, 0, 0, 0)');\ncy.get('.color').eq(1).should('have.css', 'background-color');\ncy.get('.color').eq(2).should('not.have.css', 'background-color', BLACK);\ncy.get('.color').eq(2).should('not.have.css', 'background-color', WHITE);\ncy.get('.color').eq(2).should('not.have.css', 'background-color', 'rgba(0, 0, 0, 0)');\ncy.get('.color').eq(2).should('have.css', 'background-color');\ncy.get('.color').eq(3).should('not.have.css', 'background-color', BLACK);\ncy.get('.color').eq(3).should('not.have.css', 'background-color', WHITE);\ncy.get('.color').eq(3).should('not.have.css', 'background-color', 'rgba(0, 0, 0, 0)');\ncy.get('.color').eq(3).should('have.css', 'background-color');",
              "err": {},
              "uuid": "a91c25de-8236-4c48-a4ff-24c50975d2a8",
              "parentUUID": "2bd563ed-40b6-4522-8a7e-a4c987aec5c3",
              "isHook": false,
              "skipped": false
            }
          ],
          "suites": [],
          "passes": [
            "f996b2e0-daa9-4615-a17c-3b465376f3f7",
            "a91c25de-8236-4c48-a4ff-24c50975d2a8"
          ],
          "failures": [],
          "pending": [],
          "skipped": [],
          "duration": 4559,
          "root": false,
          "rootEmpty": false,
          "_timeout": 2000
        },
        {
          "uuid": "b818fc93-da0a-409c-9a04-619923f697f6",
          "title": "4 - Adicione à página um quadro de pixels, com 25 pixels.",
          "fullFile": "",
          "file": "",
          "beforeHooks": [],
          "afterHooks": [],
          "tests": [
            {
              "title": "Verifica se o quadro de pixels possui o `id` denominado `pixel-board`",
              "fullTitle": "4 - Adicione à página um quadro de pixels, com 25 pixels. Verifica se o quadro de pixels possui o `id` denominado `pixel-board`",
              "timedOut": null,
              "duration": 2084,
              "state": "passed",
              "speed": "slow",
              "pass": true,
              "fail": false,
              "pending": false,
              "context": null,
              "code": "cy.get('#pixel-board').should('be.visible');",
              "err": {},
              "uuid": "ed1fa7f1-6a54-4bfc-ae08-eb3f41779257",
              "parentUUID": "b818fc93-da0a-409c-9a04-619923f697f6",
              "isHook": false,
              "skipped": false
            },
            {
              "title": "Verifica se cada pixel individual dentro do quadro possui a `classe` denominada `pixel`.",
              "fullTitle": "4 - Adicione à página um quadro de pixels, com 25 pixels. Verifica se cada pixel individual dentro do quadro possui a `classe` denominada `pixel`.",
              "timedOut": null,
              "duration": 3009,
              "state": "passed",
              "speed": "slow",
              "pass": true,
              "fail": false,
              "pending": false,
              "context": null,
              "code": "cy.get('.pixel').should('have.length', 25);",
              "err": {},
              "uuid": "f89c08bb-c307-4e90-8e5c-560c8a8f9d98",
              "parentUUID": "b818fc93-da0a-409c-9a04-619923f697f6",
              "isHook": false,
              "skipped": false
            },
            {
              "title": "Verifica se a cor inicial dos pixels dentro do quadro, ao abrir a página, é branca.",
              "fullTitle": "4 - Adicione à página um quadro de pixels, com 25 pixels. Verifica se a cor inicial dos pixels dentro do quadro, ao abrir a página, é branca.",
              "timedOut": null,
              "duration": 2696,
              "state": "passed",
              "speed": "slow",
              "pass": true,
              "fail": false,
              "pending": false,
              "context": null,
              "code": "cy.get('.pixel').should('have.length', 25).each(function (pixel) {\n  expect(pixel).to.have.css('background-color', WHITE);\n});",
              "err": {},
              "uuid": "0f53dcf9-c8ac-4c14-a1fb-c849900c2fd8",
              "parentUUID": "b818fc93-da0a-409c-9a04-619923f697f6",
              "isHook": false,
              "skipped": false
            },
            {
              "title": "Verifica se o quadro de pixels aparece abaixo da paleta de cores",
              "fullTitle": "4 - Adicione à página um quadro de pixels, com 25 pixels. Verifica se o quadro de pixels aparece abaixo da paleta de cores",
              "timedOut": null,
              "duration": 1062,
              "state": "passed",
              "speed": "slow",
              "pass": true,
              "fail": false,
              "pending": false,
              "context": null,
              "code": "cy.get('#color-palette').then(function (palette) {\n  cy.get('#pixel-board').should('be.belowOf', palette);\n});",
              "err": {},
              "uuid": "9407d6da-ac2b-4787-95ca-c9f5739c8912",
              "parentUUID": "b818fc93-da0a-409c-9a04-619923f697f6",
              "isHook": false,
              "skipped": false
            }
          ],
          "suites": [],
          "passes": [
            "ed1fa7f1-6a54-4bfc-ae08-eb3f41779257",
            "f89c08bb-c307-4e90-8e5c-560c8a8f9d98",
            "0f53dcf9-c8ac-4c14-a1fb-c849900c2fd8",
            "9407d6da-ac2b-4787-95ca-c9f5739c8912"
          ],
          "failures": [],
          "pending": [],
          "skipped": [],
          "duration": 8851,
          "root": false,
          "rootEmpty": false,
          "_timeout": 2000
        },
        {
          "uuid": "cf4e97c9-4417-486c-9616-892a4ae0fb2a",
          "title": "5 - Faça com que cada elemento do quadro de pixels possua 40 pixels de largura, 40 pixels de altura e seja delimitado por uma borda preta de 1 pixel.",
          "fullFile": "",
          "file": "",
          "beforeHooks": [],
          "afterHooks": [],
          "tests": [
            {
              "title": "Verifica se o quadro de pixels tem altura e comprimento de 5 elementos",
              "fullTitle": "5 - Faça com que cada elemento do quadro de pixels possua 40 pixels de largura, 40 pixels de altura e seja delimitado por uma borda preta de 1 pixel. Verifica se o quadro de pixels tem altura e comprimento de 5 elementos",
              "timedOut": null,
              "duration": 27352,
              "state": "passed",
              "speed": "slow",
              "pass": true,
              "fail": false,
              "pending": false,
              "context": null,
              "code": "cy.get('.pixel').should('have.length', 25).each(function (pixel) {\n  expect(pixel).to.have.css('background-color', WHITE);\n}).and(function (pixels) {\n  var rows = chunk(pixels, 5);\n  rows.forEach(function (row) {\n    for (var index = 1; index < row.length; index += 1) {\n      var current = pixels[index];\n      var previous = pixels[index - 1];\n      cy.wrap(current).should('be.onTheRightOf', previous).and('be.horizontallyAlignedWith', previous);\n    }\n  });\n  for (var index = 1; index < 5; index += 1) {\n    expect(pixels[index * 5]).to.be.belowOf(pixels[(index - 1) * 5]);\n  }\n});",
              "err": {},
              "uuid": "3dc78d9e-bbdb-477e-8485-790937ff0381",
              "parentUUID": "cf4e97c9-4417-486c-9616-892a4ae0fb2a",
              "isHook": false,
              "skipped": false
            },
            {
              "title": "Verifica se 40 pixels é o tamanho total do elemento, incluindo seu conteúdo e excluindo a borda preta, que deve ser criada à parte.",
              "fullTitle": "5 - Faça com que cada elemento do quadro de pixels possua 40 pixels de largura, 40 pixels de altura e seja delimitado por uma borda preta de 1 pixel. Verifica se 40 pixels é o tamanho total do elemento, incluindo seu conteúdo e excluindo a borda preta, que deve ser criada à parte.",
              "timedOut": null,
              "duration": 2455,
              "state": "passed",
              "speed": "slow",
              "pass": true,
              "fail": false,
              "pending": false,
              "context": null,
              "code": "cy.get('.pixel').each(function (pixel) {\n  cy.wrap(pixel).should('have.css', 'height', '40px').and('have.css', 'width', '40px').and('have.css', 'border', \"1px solid \".concat(BLACK));\n});",
              "err": {},
              "uuid": "5ca73fb4-3505-4366-be79-40b0770319de",
              "parentUUID": "cf4e97c9-4417-486c-9616-892a4ae0fb2a",
              "isHook": false,
              "skipped": false
            }
          ],
          "suites": [],
          "passes": [
            "3dc78d9e-bbdb-477e-8485-790937ff0381",
            "5ca73fb4-3505-4366-be79-40b0770319de"
          ],
          "failures": [],
          "pending": [],
          "skipped": [],
          "duration": 29807,
          "root": false,
          "rootEmpty": false,
          "_timeout": 2000
        },
        {
          "uuid": "944465f0-b578-4026-ada5-2cb7a922d400",
          "title": "6 - Defina a cor preta como cor inicial. Ao carregar a página a cor preta já deve estar selecionada para pintar os pixels",
          "fullFile": "",
          "file": "",
          "beforeHooks": [],
          "afterHooks": [],
          "tests": [
            {
              "title": "Verifica se o elemento da cor preta possui, inicialmente, a `classe` `selected`",
              "fullTitle": "6 - Defina a cor preta como cor inicial. Ao carregar a página a cor preta já deve estar selecionada para pintar os pixels Verifica se o elemento da cor preta possui, inicialmente, a `classe` `selected`",
              "timedOut": null,
              "duration": 551,
              "state": "passed",
              "speed": "slow",
              "pass": true,
              "fail": false,
              "pending": false,
              "context": null,
              "code": "cy.get('.selected').first().should('have.css', 'background-color', BLACK);",
              "err": {},
              "uuid": "7c0e7440-9fe9-4db9-b7e1-cea22cf658eb",
              "parentUUID": "944465f0-b578-4026-ada5-2cb7a922d400",
              "isHook": false,
              "skipped": false
            },
            {
              "title": "Verifica se nenhuma outra cor da paleta tem a `classe` `selected`",
              "fullTitle": "6 - Defina a cor preta como cor inicial. Ao carregar a página a cor preta já deve estar selecionada para pintar os pixels Verifica se nenhuma outra cor da paleta tem a `classe` `selected`",
              "timedOut": null,
              "duration": 834,
              "state": "passed",
              "speed": "slow",
              "pass": true,
              "fail": false,
              "pending": false,
              "context": null,
              "code": "cy.get('.color:not(:first-child)').each(function (color) {\n  cy.wrap(color).should('not.have.class', 'selected');\n});",
              "err": {},
              "uuid": "cd6d3360-946e-49b5-a72a-c0b3c3dc99b9",
              "parentUUID": "944465f0-b578-4026-ada5-2cb7a922d400",
              "isHook": false,
              "skipped": false
            }
          ],
          "suites": [],
          "passes": [
            "7c0e7440-9fe9-4db9-b7e1-cea22cf658eb",
            "cd6d3360-946e-49b5-a72a-c0b3c3dc99b9"
          ],
          "failures": [],
          "pending": [],
          "skipped": [],
          "duration": 1385,
          "root": false,
          "rootEmpty": false,
          "_timeout": 2000
        },
        {
          "uuid": "9bd64dd2-66b7-4dfd-ab16-ffdd44797e19",
          "title": "7 - Clicar em uma das cores da paleta, faz com que ela seja selecionada e utilizada para preencher os pixels no quadro.",
          "fullFile": "",
          "file": "",
          "beforeHooks": [],
          "afterHooks": [],
          "tests": [
            {
              "title": "Verifica se somente uma cor da paleta de cores tem a classe `selected` de cada vez",
              "fullTitle": "7 - Clicar em uma das cores da paleta, faz com que ela seja selecionada e utilizada para preencher os pixels no quadro. Verifica se somente uma cor da paleta de cores tem a classe `selected` de cada vez",
              "timedOut": null,
              "duration": 1971,
              "state": "passed",
              "speed": "slow",
              "pass": true,
              "fail": false,
              "pending": false,
              "context": null,
              "code": "cy.get('.color').each(function (selectedColor, selectedColorIndex) {\n  cy.wrap(selectedColor).click();\n  cy.get('.color').each(function (color, colorIndex) {\n    if (colorIndex === selectedColorIndex) {\n      expect(color).to.have[\"class\"]('selected');\n    } else {\n      expect(color).not.to.have[\"class\"]('selected');\n    }\n  });\n});",
              "err": {},
              "uuid": "4c56cfd6-60ea-4cb8-af19-bd1071a7b927",
              "parentUUID": "9bd64dd2-66b7-4dfd-ab16-ffdd44797e19",
              "isHook": false,
              "skipped": false
            },
            {
              "title": "Verifica se os pixels dentro do quadro não têm a classe `selected` quando são clicados",
              "fullTitle": "7 - Clicar em uma das cores da paleta, faz com que ela seja selecionada e utilizada para preencher os pixels no quadro. Verifica se os pixels dentro do quadro não têm a classe `selected` quando são clicados",
              "timedOut": null,
              "duration": 13699,
              "state": "passed",
              "speed": "slow",
              "pass": true,
              "fail": false,
              "pending": false,
              "context": null,
              "code": "cy.get('.color').each(function (color) {\n  var backgroundColor = color.css('background-color');\n  cy.wrap(color).click();\n  cy.get('.pixel').each(function (pixel) {\n    cy.wrap(pixel).click().should('not.have.class', 'selected');\n  });\n});",
              "err": {},
              "uuid": "7777b440-a2e6-48aa-8b8a-3bc94ec7d627",
              "parentUUID": "9bd64dd2-66b7-4dfd-ab16-ffdd44797e19",
              "isHook": false,
              "skipped": false
            }
          ],
          "suites": [],
          "passes": [
            "4c56cfd6-60ea-4cb8-af19-bd1071a7b927",
            "7777b440-a2e6-48aa-8b8a-3bc94ec7d627"
          ],
          "failures": [],
          "pending": [],
          "skipped": [],
          "duration": 15670,
          "root": false,
          "rootEmpty": false,
          "_timeout": 2000
        },
        {
          "uuid": "e2296ed3-98f9-41ce-b458-d8098b0925f7",
          "title": "8 - Clicar em um pixel dentro do quadro após selecionar uma cor na paleta, faz com que o pixel seja preenchido com a cor selecionada.",
          "fullFile": "",
          "file": "",
          "beforeHooks": [],
          "afterHooks": [],
          "tests": [
            {
              "title": "Verifica se ao carregar a página deve ser possível pintar os pixels de preto",
              "fullTitle": "8 - Clicar em um pixel dentro do quadro após selecionar uma cor na paleta, faz com que o pixel seja preenchido com a cor selecionada. Verifica se ao carregar a página deve ser possível pintar os pixels de preto",
              "timedOut": null,
              "duration": 5674,
              "state": "failed",
              "speed": null,
              "pass": false,
              "fail": true,
              "pending": false,
              "context": null,
              "code": "cy.get('.pixel').each(function (pixel) {\n  cy.wrap(pixel).click().should('have.css', 'background-color', BLACK);\n});",
              "err": {
                "message": "CypressError: Timed out retrying: expected '<div.pixel>' to have CSS property 'background-color' with the value 'rgb(0, 0, 0)', but the value was 'rgb(255, 255, 255)'",
                "estack": "CypressError: Timed out retrying: expected '<div.pixel>' to have CSS property 'background-color' with the value 'rgb(0, 0, 0)', but the value was 'rgb(255, 255, 255)'\n    at cypressErr (http://localhost:46581/__cypress/runner/cypress_runner.js:149934:9)\n    at throwErr (http://localhost:46581/__cypress/runner/cypress_runner.js:149867:11)\n    at Object.throwErrByPath (http://localhost:46581/__cypress/runner/cypress_runner.js:149915:3)\n    at retry (http://localhost:46581/__cypress/runner/cypress_runner.js:144197:19)\n    at onFailFn (http://localhost:46581/__cypress/runner/cypress_runner.js:132448:16)\n    at tryCatcher (http://localhost:46581/__cypress/runner/cypress_runner.js:167415:23)\n    at Promise._settlePromiseFromHandler (http://localhost:46581/__cypress/runner/cypress_runner.js:165351:31)\n    at Promise._settlePromise (http://localhost:46581/__cypress/runner/cypress_runner.js:165408:18)\n    at Promise._settlePromise0 (http://localhost:46581/__cypress/runner/cypress_runner.js:165453:10)\n    at Promise._settlePromises (http://localhost:46581/__cypress/runner/cypress_runner.js:165528:18)\n    at Async../node_modules/bluebird/js/release/async.js.Async._drainQueue (http://localhost:46581/__cypress/runner/cypress_runner.js:162140:16)\n    at Async../node_modules/bluebird/js/release/async.js.Async._drainQueues (http://localhost:46581/__cypress/runner/cypress_runner.js:162150:10)\n    at Async.drainQueues (http://localhost:46581/__cypress/runner/cypress_runner.js:162024:14)",
                "diff": null
              },
              "uuid": "c3de2643-0f62-4aff-8542-f638fdd843ba",
              "parentUUID": "e2296ed3-98f9-41ce-b458-d8098b0925f7",
              "isHook": false,
              "skipped": false
            },
            {
              "title": "Verifica se após selecionar uma outra cor na paleta, é possível pintar os pixels com essa cor",
              "fullTitle": "8 - Clicar em um pixel dentro do quadro após selecionar uma cor na paleta, faz com que o pixel seja preenchido com a cor selecionada. Verifica se após selecionar uma outra cor na paleta, é possível pintar os pixels com essa cor",
              "timedOut": null,
              "duration": 5689,
              "state": "failed",
              "speed": null,
              "pass": false,
              "fail": true,
              "pending": false,
              "context": null,
              "code": "cy.get('.color').each(function (color) {\n  var backgroundColor = color.css('background-color');\n  cy.wrap(color).click();\n  cy.get('.pixel').each(function (pixel) {\n    cy.wrap(pixel).click().should('have.css', 'background-color', backgroundColor);\n  });\n});",
              "err": {
                "message": "CypressError: Timed out retrying: expected '<div.pixel>' to have CSS property 'background-color' with the value 'rgb(0, 0, 0)', but the value was 'rgb(255, 255, 255)'",
                "estack": "CypressError: Timed out retrying: expected '<div.pixel>' to have CSS property 'background-color' with the value 'rgb(0, 0, 0)', but the value was 'rgb(255, 255, 255)'\n    at cypressErr (http://localhost:46581/__cypress/runner/cypress_runner.js:149934:9)\n    at throwErr (http://localhost:46581/__cypress/runner/cypress_runner.js:149867:11)\n    at Object.throwErrByPath (http://localhost:46581/__cypress/runner/cypress_runner.js:149915:3)\n    at retry (http://localhost:46581/__cypress/runner/cypress_runner.js:144197:19)\n    at onFailFn (http://localhost:46581/__cypress/runner/cypress_runner.js:132448:16)\n    at tryCatcher (http://localhost:46581/__cypress/runner/cypress_runner.js:167415:23)\n    at Promise._settlePromiseFromHandler (http://localhost:46581/__cypress/runner/cypress_runner.js:165351:31)\n    at Promise._settlePromise (http://localhost:46581/__cypress/runner/cypress_runner.js:165408:18)\n    at Promise._settlePromise0 (http://localhost:46581/__cypress/runner/cypress_runner.js:165453:10)\n    at Promise._settlePromises (http://localhost:46581/__cypress/runner/cypress_runner.js:165528:18)\n    at Async../node_modules/bluebird/js/release/async.js.Async._drainQueue (http://localhost:46581/__cypress/runner/cypress_runner.js:162140:16)\n    at Async../node_modules/bluebird/js/release/async.js.Async._drainQueues (http://localhost:46581/__cypress/runner/cypress_runner.js:162150:10)\n    at Async.drainQueues (http://localhost:46581/__cypress/runner/cypress_runner.js:162024:14)",
                "diff": null
              },
              "uuid": "96bb793a-c948-41a9-98c9-d950b1c73b86",
              "parentUUID": "e2296ed3-98f9-41ce-b458-d8098b0925f7",
              "isHook": false,
              "skipped": false
            },
            {
              "title": "Verifica se somente o pixel que foi clicado foi preenchido com a cor selecionada, sem influenciar na cor dos demais pixels.",
              "fullTitle": "8 - Clicar em um pixel dentro do quadro após selecionar uma cor na paleta, faz com que o pixel seja preenchido com a cor selecionada. Verifica se somente o pixel que foi clicado foi preenchido com a cor selecionada, sem influenciar na cor dos demais pixels.",
              "timedOut": null,
              "duration": 6724,
              "state": "passed",
              "speed": "slow",
              "pass": true,
              "fail": false,
              "pending": false,
              "context": null,
              "code": "var colorToPixelIndexMap = {\n  0: 6,\n  1: 8,\n  2: 16,\n  3: 18\n};\ncy.get('.color').each(function (color, index) {\n  cy.wrap(color).click();\n  var backgroundColor = color.css('background-color');\n  var clickedPixelIndex = colorToPixelIndexMap[index];\n  cy.get('.pixel').eq(clickedPixelIndex).click();\n  cy.get('.pixel').eq(clickedPixelIndex - 1).should('not.have.css', 'background-color', backgroundColor);\n  cy.get('.pixel').eq(clickedPixelIndex + 1).should('not.have.css', 'background-color', backgroundColor);\n  cy.get('.pixel').eq(clickedPixelIndex - 5).should('not.have.css', 'background-color', backgroundColor);\n  cy.get('.pixel').eq(clickedPixelIndex + 5).should('not.have.css', 'background-color', backgroundColor);\n  cy.get('.pixel').eq(clickedPixelIndex - 6).should('not.have.css', 'background-color', backgroundColor);\n  cy.get('.pixel').eq(clickedPixelIndex - 4).should('not.have.css', 'background-color', backgroundColor);\n  cy.get('.pixel').eq(clickedPixelIndex + 4).should('not.have.css', 'background-color', backgroundColor);\n  cy.get('.pixel').eq(clickedPixelIndex + 6).should('not.have.css', 'background-color', backgroundColor);\n});",
              "err": {},
              "uuid": "daeea451-3d48-44a7-a9c7-04ce712f3288",
              "parentUUID": "e2296ed3-98f9-41ce-b458-d8098b0925f7",
              "isHook": false,
              "skipped": false
            }
          ],
          "suites": [],
          "passes": [
            "daeea451-3d48-44a7-a9c7-04ce712f3288"
          ],
          "failures": [
            "c3de2643-0f62-4aff-8542-f638fdd843ba",
            "96bb793a-c948-41a9-98c9-d950b1c73b86"
          ],
          "pending": [],
          "skipped": [],
          "duration": 18087,
          "root": false,
          "rootEmpty": false,
          "_timeout": 2000
        },
        {
          "uuid": "cdf26d2b-c16b-464d-bd52-4e40d7ded85a",
          "title": "9 - Crie um botão que, ao ser clicado, limpa o quadro preenchendo a cor de todos seus pixels com branco.",
          "fullFile": "",
          "file": "",
          "beforeHooks": [],
          "afterHooks": [],
          "tests": [
            {
              "title": "Verifica se o botão tem o `id` denominado `clear-board`",
              "fullTitle": "9 - Crie um botão que, ao ser clicado, limpa o quadro preenchendo a cor de todos seus pixels com branco. Verifica se o botão tem o `id` denominado `clear-board`",
              "timedOut": null,
              "duration": 705,
              "state": "passed",
              "speed": "slow",
              "pass": true,
              "fail": false,
              "pending": false,
              "context": null,
              "code": "cy.get('#clear-board').should('be.visible');",
              "err": {},
              "uuid": "33c28c07-62bf-4f8c-b2a4-9b9697f938c8",
              "parentUUID": "cdf26d2b-c16b-464d-bd52-4e40d7ded85a",
              "isHook": false,
              "skipped": false
            },
            {
              "title": "Verifica se o botão está posicionado entre a paleta de cores e o quadro de pixels",
              "fullTitle": "9 - Crie um botão que, ao ser clicado, limpa o quadro preenchendo a cor de todos seus pixels com branco. Verifica se o botão está posicionado entre a paleta de cores e o quadro de pixels",
              "timedOut": null,
              "duration": 711,
              "state": "passed",
              "speed": "slow",
              "pass": true,
              "fail": false,
              "pending": false,
              "context": null,
              "code": "cy.get('#color-palette').then(function (palette) {\n  cy.get('#clear-board').should('be.belowOf', palette);\n});\ncy.get('#clear-board').then(function (clearBtn) {\n  cy.get('#pixel-board').should('be.belowOf', clearBtn);\n});",
              "err": {},
              "uuid": "6fef2391-22f3-4e2f-bf45-96ebd39b5afe",
              "parentUUID": "cdf26d2b-c16b-464d-bd52-4e40d7ded85a",
              "isHook": false,
              "skipped": false
            },
            {
              "title": "Verifica se o texto do botão é 'Limpar'",
              "fullTitle": "9 - Crie um botão que, ao ser clicado, limpa o quadro preenchendo a cor de todos seus pixels com branco. Verifica se o texto do botão é 'Limpar'",
              "timedOut": null,
              "duration": 1012,
              "state": "passed",
              "speed": "slow",
              "pass": true,
              "fail": false,
              "pending": false,
              "context": null,
              "code": "cy.get('#clear-board').should('contain.text', 'Limpar');",
              "err": {},
              "uuid": "c77b5e11-4459-416b-a9a6-79140af40da0",
              "parentUUID": "cdf26d2b-c16b-464d-bd52-4e40d7ded85a",
              "isHook": false,
              "skipped": false
            },
            {
              "title": "Verifica se ao clicar no botão, o quadro de pixels é totalmente preenchido de branco",
              "fullTitle": "9 - Crie um botão que, ao ser clicado, limpa o quadro preenchendo a cor de todos seus pixels com branco. Verifica se ao clicar no botão, o quadro de pixels é totalmente preenchido de branco",
              "timedOut": null,
              "duration": 5210,
              "state": "failed",
              "speed": null,
              "pass": false,
              "fail": true,
              "pending": false,
              "context": null,
              "code": "cy.get('.color').eq(1).then(function (color) {\n  var backgroundColor = color.css('background-color');\n  cy.wrap(color).click();\n  cy.get('.pixel').each(function (pixel) {\n    cy.wrap(pixel).click().should('have.css', 'background-color', backgroundColor);\n  });\n});\ncy.get('#clear-board').click();\ncy.get('.pixel').each(function (pixel) {\n  cy.wrap(pixel).should('have.css', 'background-color', WHITE);\n});",
              "err": {
                "message": "CypressError: Timed out retrying: expected '<div.pixel>' to have CSS property 'background-color' with the value 'rgb(255, 0, 0)', but the value was 'rgb(255, 255, 255)'",
                "estack": "CypressError: Timed out retrying: expected '<div.pixel>' to have CSS property 'background-color' with the value 'rgb(255, 0, 0)', but the value was 'rgb(255, 255, 255)'\n    at cypressErr (http://localhost:46581/__cypress/runner/cypress_runner.js:149934:9)\n    at throwErr (http://localhost:46581/__cypress/runner/cypress_runner.js:149867:11)\n    at Object.throwErrByPath (http://localhost:46581/__cypress/runner/cypress_runner.js:149915:3)\n    at retry (http://localhost:46581/__cypress/runner/cypress_runner.js:144197:19)\n    at onFailFn (http://localhost:46581/__cypress/runner/cypress_runner.js:132448:16)\n    at tryCatcher (http://localhost:46581/__cypress/runner/cypress_runner.js:167415:23)\n    at Promise._settlePromiseFromHandler (http://localhost:46581/__cypress/runner/cypress_runner.js:165351:31)\n    at Promise._settlePromise (http://localhost:46581/__cypress/runner/cypress_runner.js:165408:18)\n    at Promise._settlePromise0 (http://localhost:46581/__cypress/runner/cypress_runner.js:165453:10)\n    at Promise._settlePromises (http://localhost:46581/__cypress/runner/cypress_runner.js:165528:18)\n    at Async../node_modules/bluebird/js/release/async.js.Async._drainQueue (http://localhost:46581/__cypress/runner/cypress_runner.js:162140:16)\n    at Async../node_modules/bluebird/js/release/async.js.Async._drainQueues (http://localhost:46581/__cypress/runner/cypress_runner.js:162150:10)\n    at Async.drainQueues (http://localhost:46581/__cypress/runner/cypress_runner.js:162024:14)",
                "diff": null
              },
              "uuid": "c426ee05-1316-48b4-ae9f-cc72887854a9",
              "parentUUID": "cdf26d2b-c16b-464d-bd52-4e40d7ded85a",
              "isHook": false,
              "skipped": false
            }
          ],
          "suites": [],
          "passes": [
            "33c28c07-62bf-4f8c-b2a4-9b9697f938c8",
            "6fef2391-22f3-4e2f-bf45-96ebd39b5afe",
            "c77b5e11-4459-416b-a9a6-79140af40da0"
          ],
          "failures": [
            "c426ee05-1316-48b4-ae9f-cc72887854a9"
          ],
          "pending": [],
          "skipped": [],
          "duration": 7638,
          "root": false,
          "rootEmpty": false,
          "_timeout": 2000
        },
        {
          "uuid": "3d575bd0-6e40-46e8-a933-33ef09e62c70",
          "title": "10 - Faça o quadro de pixels ter seu tamanho definido pelo usuário.",
          "fullFile": "",
          "file": "",
          "beforeHooks": [],
          "afterHooks": [],
          "tests": [
            {
              "title": "Verifica se existe um input com o id `board-size`",
              "fullTitle": "10 - Faça o quadro de pixels ter seu tamanho definido pelo usuário. Verifica se existe um input com o id `board-size`",
              "timedOut": null,
              "duration": 5518,
              "state": "failed",
              "speed": null,
              "pass": false,
              "fail": true,
              "pending": false,
              "context": null,
              "code": "cy.get('#board-size').should('be.visible');",
              "err": {
                "message": "CypressError: Timed out retrying: Expected to find element: '#board-size', but never found it.",
                "estack": "CypressError: Timed out retrying: Expected to find element: '#board-size', but never found it.\n    at cypressErr (http://localhost:46581/__cypress/runner/cypress_runner.js:149934:9)\n    at throwErr (http://localhost:46581/__cypress/runner/cypress_runner.js:149867:11)\n    at Object.throwErrByPath (http://localhost:46581/__cypress/runner/cypress_runner.js:149915:3)\n    at retry (http://localhost:46581/__cypress/runner/cypress_runner.js:144197:19)\n    at onFailFn (http://localhost:46581/__cypress/runner/cypress_runner.js:132448:16)\n    at tryCatcher (http://localhost:46581/__cypress/runner/cypress_runner.js:167415:23)\n    at Promise._settlePromiseFromHandler (http://localhost:46581/__cypress/runner/cypress_runner.js:165351:31)\n    at Promise._settlePromise (http://localhost:46581/__cypress/runner/cypress_runner.js:165408:18)\n    at Promise._settlePromise0 (http://localhost:46581/__cypress/runner/cypress_runner.js:165453:10)\n    at Promise._settlePromises (http://localhost:46581/__cypress/runner/cypress_runner.js:165528:18)\n    at Async../node_modules/bluebird/js/release/async.js.Async._drainQueue (http://localhost:46581/__cypress/runner/cypress_runner.js:162140:16)\n    at Async../node_modules/bluebird/js/release/async.js.Async._drainQueues (http://localhost:46581/__cypress/runner/cypress_runner.js:162150:10)\n    at Async.drainQueues (http://localhost:46581/__cypress/runner/cypress_runner.js:162024:14)",
                "diff": null
              },
              "uuid": "dcfb1037-5d35-49b0-bbf4-4b6be6551a87",
              "parentUUID": "3d575bd0-6e40-46e8-a933-33ef09e62c70",
              "isHook": false,
              "skipped": false
            },
            {
              "title": "Verifica se existe um botão com o id `generate-board`",
              "fullTitle": "10 - Faça o quadro de pixels ter seu tamanho definido pelo usuário. Verifica se existe um botão com o id `generate-board`",
              "timedOut": null,
              "duration": 5337,
              "state": "failed",
              "speed": null,
              "pass": false,
              "fail": true,
              "pending": false,
              "context": null,
              "code": "cy.get('#generate-board').should('be.visible');",
              "err": {
                "message": "CypressError: Timed out retrying: Expected to find element: '#generate-board', but never found it.",
                "estack": "CypressError: Timed out retrying: Expected to find element: '#generate-board', but never found it.\n    at cypressErr (http://localhost:46581/__cypress/runner/cypress_runner.js:149934:9)\n    at throwErr (http://localhost:46581/__cypress/runner/cypress_runner.js:149867:11)\n    at Object.throwErrByPath (http://localhost:46581/__cypress/runner/cypress_runner.js:149915:3)\n    at retry (http://localhost:46581/__cypress/runner/cypress_runner.js:144197:19)\n    at onFailFn (http://localhost:46581/__cypress/runner/cypress_runner.js:132448:16)\n    at tryCatcher (http://localhost:46581/__cypress/runner/cypress_runner.js:167415:23)\n    at Promise._settlePromiseFromHandler (http://localhost:46581/__cypress/runner/cypress_runner.js:165351:31)\n    at Promise._settlePromise (http://localhost:46581/__cypress/runner/cypress_runner.js:165408:18)\n    at Promise._settlePromise0 (http://localhost:46581/__cypress/runner/cypress_runner.js:165453:10)\n    at Promise._settlePromises (http://localhost:46581/__cypress/runner/cypress_runner.js:165528:18)\n    at Async../node_modules/bluebird/js/release/async.js.Async._drainQueue (http://localhost:46581/__cypress/runner/cypress_runner.js:162140:16)\n    at Async../node_modules/bluebird/js/release/async.js.Async._drainQueues (http://localhost:46581/__cypress/runner/cypress_runner.js:162150:10)\n    at Async.drainQueues (http://localhost:46581/__cypress/runner/cypress_runner.js:162024:14)",
                "diff": null
              },
              "uuid": "b51bd65b-7cc9-4732-b910-d74d923bf0d0",
              "parentUUID": "3d575bd0-6e40-46e8-a933-33ef09e62c70",
              "isHook": false,
              "skipped": false
            },
            {
              "title": "Verifica se o input só aceita número maiores que zero. Essa restrição deve ser feita usando os atributos do elemento `input`",
              "fullTitle": "10 - Faça o quadro de pixels ter seu tamanho definido pelo usuário. Verifica se o input só aceita número maiores que zero. Essa restrição deve ser feita usando os atributos do elemento `input`",
              "timedOut": null,
              "duration": 5087,
              "state": "failed",
              "speed": null,
              "pass": false,
              "fail": true,
              "pending": false,
              "context": null,
              "code": "cy.get('#board-size[type=\\'number\\'][min=\\'1\\']');",
              "err": {
                "message": "CypressError: Timed out retrying: Expected to find element: '#board-size[type='number'][min='1']', but never found it.",
                "estack": "CypressError: Timed out retrying: Expected to find element: '#board-size[type='number'][min='1']', but never found it.\n    at cypressErr (http://localhost:46581/__cypress/runner/cypress_runner.js:149934:9)\n    at throwErr (http://localhost:46581/__cypress/runner/cypress_runner.js:149867:11)\n    at Object.throwErrByPath (http://localhost:46581/__cypress/runner/cypress_runner.js:149915:3)\n    at retry (http://localhost:46581/__cypress/runner/cypress_runner.js:144197:19)\n    at onFailFn (http://localhost:46581/__cypress/runner/cypress_runner.js:132448:16)\n    at tryCatcher (http://localhost:46581/__cypress/runner/cypress_runner.js:167415:23)\n    at Promise._settlePromiseFromHandler (http://localhost:46581/__cypress/runner/cypress_runner.js:165351:31)\n    at Promise._settlePromise (http://localhost:46581/__cypress/runner/cypress_runner.js:165408:18)\n    at Promise._settlePromise0 (http://localhost:46581/__cypress/runner/cypress_runner.js:165453:10)\n    at Promise._settlePromises (http://localhost:46581/__cypress/runner/cypress_runner.js:165528:18)\n    at Async../node_modules/bluebird/js/release/async.js.Async._drainQueue (http://localhost:46581/__cypress/runner/cypress_runner.js:162140:16)\n    at Async../node_modules/bluebird/js/release/async.js.Async._drainQueues (http://localhost:46581/__cypress/runner/cypress_runner.js:162150:10)\n    at Async.drainQueues (http://localhost:46581/__cypress/runner/cypress_runner.js:162024:14)",
                "diff": null
              },
              "uuid": "63ffad7e-fe7b-46f9-938d-3cac94464345",
              "parentUUID": "3d575bd0-6e40-46e8-a933-33ef09e62c70",
              "isHook": false,
              "skipped": false
            },
            {
              "title": "Verifica se o botão contém o texto 'VQV'",
              "fullTitle": "10 - Faça o quadro de pixels ter seu tamanho definido pelo usuário. Verifica se o botão contém o texto 'VQV'",
              "timedOut": null,
              "duration": 5141,
              "state": "failed",
              "speed": null,
              "pass": false,
              "fail": true,
              "pending": false,
              "context": null,
              "code": "cy.get('#generate-board').contains(/vqv/i);",
              "err": {
                "message": "CypressError: Timed out retrying: Expected to find element: '#generate-board', but never found it.",
                "estack": "CypressError: Timed out retrying: Expected to find element: '#generate-board', but never found it.\n    at cypressErr (http://localhost:46581/__cypress/runner/cypress_runner.js:149934:9)\n    at throwErr (http://localhost:46581/__cypress/runner/cypress_runner.js:149867:11)\n    at Object.throwErrByPath (http://localhost:46581/__cypress/runner/cypress_runner.js:149915:3)\n    at retry (http://localhost:46581/__cypress/runner/cypress_runner.js:144197:19)\n    at onFailFn (http://localhost:46581/__cypress/runner/cypress_runner.js:132448:16)\n    at tryCatcher (http://localhost:46581/__cypress/runner/cypress_runner.js:167415:23)\n    at Promise._settlePromiseFromHandler (http://localhost:46581/__cypress/runner/cypress_runner.js:165351:31)\n    at Promise._settlePromise (http://localhost:46581/__cypress/runner/cypress_runner.js:165408:18)\n    at Promise._settlePromise0 (http://localhost:46581/__cypress/runner/cypress_runner.js:165453:10)\n    at Promise._settlePromises (http://localhost:46581/__cypress/runner/cypress_runner.js:165528:18)\n    at Async../node_modules/bluebird/js/release/async.js.Async._drainQueue (http://localhost:46581/__cypress/runner/cypress_runner.js:162140:16)\n    at Async../node_modules/bluebird/js/release/async.js.Async._drainQueues (http://localhost:46581/__cypress/runner/cypress_runner.js:162150:10)\n    at Async.drainQueues (http://localhost:46581/__cypress/runner/cypress_runner.js:162024:14)",
                "diff": null
              },
              "uuid": "8d9c93c4-15e4-4076-9ba8-d082e733eb9d",
              "parentUUID": "3d575bd0-6e40-46e8-a933-33ef09e62c70",
              "isHook": false,
              "skipped": false
            },
            {
              "title": "Verifica se o input está posicionado entre a paleta de cores e o quadro de pixels",
              "fullTitle": "10 - Faça o quadro de pixels ter seu tamanho definido pelo usuário. Verifica se o input está posicionado entre a paleta de cores e o quadro de pixels",
              "timedOut": null,
              "duration": 6723,
              "state": "failed",
              "speed": null,
              "pass": false,
              "fail": true,
              "pending": false,
              "context": null,
              "code": "cy.get('#color-palette').then(function (palette) {\n  cy.get('#board-size').should('be.belowOf', palette);\n});\ncy.get('#board-size').then(function (palette) {\n  cy.get('#pixel-board').should('be.belowOf', palette);\n});",
              "err": {
                "message": "CypressError: Timed out retrying: Expected to find element: '#board-size', but never found it.",
                "estack": "CypressError: Timed out retrying: Expected to find element: '#board-size', but never found it.\n    at cypressErr (http://localhost:46581/__cypress/runner/cypress_runner.js:149934:9)\n    at throwErr (http://localhost:46581/__cypress/runner/cypress_runner.js:149867:11)\n    at Object.throwErrByPath (http://localhost:46581/__cypress/runner/cypress_runner.js:149915:3)\n    at retry (http://localhost:46581/__cypress/runner/cypress_runner.js:144197:19)\n    at onFailFn (http://localhost:46581/__cypress/runner/cypress_runner.js:132448:16)\n    at tryCatcher (http://localhost:46581/__cypress/runner/cypress_runner.js:167415:23)\n    at Promise._settlePromiseFromHandler (http://localhost:46581/__cypress/runner/cypress_runner.js:165351:31)\n    at Promise._settlePromise (http://localhost:46581/__cypress/runner/cypress_runner.js:165408:18)\n    at Promise._settlePromise0 (http://localhost:46581/__cypress/runner/cypress_runner.js:165453:10)\n    at Promise._settlePromises (http://localhost:46581/__cypress/runner/cypress_runner.js:165528:18)\n    at Async../node_modules/bluebird/js/release/async.js.Async._drainQueue (http://localhost:46581/__cypress/runner/cypress_runner.js:162140:16)\n    at Async../node_modules/bluebird/js/release/async.js.Async._drainQueues (http://localhost:46581/__cypress/runner/cypress_runner.js:162150:10)\n    at Async.drainQueues (http://localhost:46581/__cypress/runner/cypress_runner.js:162024:14)",
                "diff": null
              },
              "uuid": "d99776e1-d923-45c0-add3-0b4c422bbd03",
              "parentUUID": "3d575bd0-6e40-46e8-a933-33ef09e62c70",
              "isHook": false,
              "skipped": false
            },
            {
              "title": "Verifica se o botão está posicionado ao lado do input",
              "fullTitle": "10 - Faça o quadro de pixels ter seu tamanho definido pelo usuário. Verifica se o botão está posicionado ao lado do input",
              "timedOut": null,
              "duration": 5274,
              "state": "failed",
              "speed": null,
              "pass": false,
              "fail": true,
              "pending": false,
              "context": null,
              "code": "cy.get('#board-size').then(function (board) {\n  cy.get('#generate-board').should('be.onTheRightOf', board);\n});",
              "err": {
                "message": "CypressError: Timed out retrying: Expected to find element: '#board-size', but never found it.",
                "estack": "CypressError: Timed out retrying: Expected to find element: '#board-size', but never found it.\n    at cypressErr (http://localhost:46581/__cypress/runner/cypress_runner.js:149934:9)\n    at throwErr (http://localhost:46581/__cypress/runner/cypress_runner.js:149867:11)\n    at Object.throwErrByPath (http://localhost:46581/__cypress/runner/cypress_runner.js:149915:3)\n    at retry (http://localhost:46581/__cypress/runner/cypress_runner.js:144197:19)\n    at onFailFn (http://localhost:46581/__cypress/runner/cypress_runner.js:132448:16)\n    at tryCatcher (http://localhost:46581/__cypress/runner/cypress_runner.js:167415:23)\n    at Promise._settlePromiseFromHandler (http://localhost:46581/__cypress/runner/cypress_runner.js:165351:31)\n    at Promise._settlePromise (http://localhost:46581/__cypress/runner/cypress_runner.js:165408:18)\n    at Promise._settlePromise0 (http://localhost:46581/__cypress/runner/cypress_runner.js:165453:10)\n    at Promise._settlePromises (http://localhost:46581/__cypress/runner/cypress_runner.js:165528:18)\n    at Async../node_modules/bluebird/js/release/async.js.Async._drainQueue (http://localhost:46581/__cypress/runner/cypress_runner.js:162140:16)\n    at Async../node_modules/bluebird/js/release/async.js.Async._drainQueues (http://localhost:46581/__cypress/runner/cypress_runner.js:162150:10)\n    at Async.drainQueues (http://localhost:46581/__cypress/runner/cypress_runner.js:162024:14)",
                "diff": null
              },
              "uuid": "3697fe01-997e-4ccb-8d19-f415aebb9f8b",
              "parentUUID": "3d575bd0-6e40-46e8-a933-33ef09e62c70",
              "isHook": false,
              "skipped": false
            },
            {
              "title": "Verifica se nenhum valor for colocado no input ao clicar no botão, um `alert` é exibido com o texto: 'Board inválido!'",
              "fullTitle": "10 - Faça o quadro de pixels ter seu tamanho definido pelo usuário. Verifica se nenhum valor for colocado no input ao clicar no botão, um `alert` é exibido com o texto: 'Board inválido!'",
              "timedOut": null,
              "duration": 5660,
              "state": "failed",
              "speed": null,
              "pass": false,
              "fail": true,
              "pending": false,
              "context": null,
              "code": "var alerted = false;\ncy.on('window:alert', function (msg) {\n  return alerted = msg;\n});\ncy.get('#generate-board').click().then(function () {\n  return expect(alerted).to.match(/Board inválido!/i);\n});",
              "err": {
                "message": "CypressError: Timed out retrying: Expected to find element: '#generate-board', but never found it.",
                "estack": "CypressError: Timed out retrying: Expected to find element: '#generate-board', but never found it.\n    at cypressErr (http://localhost:46581/__cypress/runner/cypress_runner.js:149934:9)\n    at throwErr (http://localhost:46581/__cypress/runner/cypress_runner.js:149867:11)\n    at Object.throwErrByPath (http://localhost:46581/__cypress/runner/cypress_runner.js:149915:3)\n    at retry (http://localhost:46581/__cypress/runner/cypress_runner.js:144197:19)\n    at onFailFn (http://localhost:46581/__cypress/runner/cypress_runner.js:132448:16)\n    at tryCatcher (http://localhost:46581/__cypress/runner/cypress_runner.js:167415:23)\n    at Promise._settlePromiseFromHandler (http://localhost:46581/__cypress/runner/cypress_runner.js:165351:31)\n    at Promise._settlePromise (http://localhost:46581/__cypress/runner/cypress_runner.js:165408:18)\n    at Promise._settlePromise0 (http://localhost:46581/__cypress/runner/cypress_runner.js:165453:10)\n    at Promise._settlePromises (http://localhost:46581/__cypress/runner/cypress_runner.js:165528:18)\n    at Async../node_modules/bluebird/js/release/async.js.Async._drainQueue (http://localhost:46581/__cypress/runner/cypress_runner.js:162140:16)\n    at Async../node_modules/bluebird/js/release/async.js.Async._drainQueues (http://localhost:46581/__cypress/runner/cypress_runner.js:162150:10)\n    at Async.drainQueues (http://localhost:46581/__cypress/runner/cypress_runner.js:162024:14)",
                "diff": null
              },
              "uuid": "7724ea19-c76c-475d-9706-f8e87c6fb900",
              "parentUUID": "3d575bd0-6e40-46e8-a933-33ef09e62c70",
              "isHook": false,
              "skipped": false
            },
            {
              "title": "Verifica se ao clicar no botão com um valor preenchido, o tamanho do board muda.",
              "fullTitle": "10 - Faça o quadro de pixels ter seu tamanho definido pelo usuário. Verifica se ao clicar no botão com um valor preenchido, o tamanho do board muda.",
              "timedOut": null,
              "duration": 5290,
              "state": "failed",
              "speed": null,
              "pass": false,
              "fail": true,
              "pending": false,
              "context": null,
              "code": "cy.get('#board-size').clear().type(10);\ncy.get('#generate-board').click();\ncy.get('.pixel').should('have.length', 100);",
              "err": {
                "message": "CypressError: Timed out retrying: Expected to find element: '#board-size', but never found it.",
                "estack": "CypressError: Timed out retrying: Expected to find element: '#board-size', but never found it.\n    at cypressErr (http://localhost:46581/__cypress/runner/cypress_runner.js:149934:9)\n    at throwErr (http://localhost:46581/__cypress/runner/cypress_runner.js:149867:11)\n    at Object.throwErrByPath (http://localhost:46581/__cypress/runner/cypress_runner.js:149915:3)\n    at retry (http://localhost:46581/__cypress/runner/cypress_runner.js:144197:19)\n    at onFailFn (http://localhost:46581/__cypress/runner/cypress_runner.js:132448:16)\n    at tryCatcher (http://localhost:46581/__cypress/runner/cypress_runner.js:167415:23)\n    at Promise._settlePromiseFromHandler (http://localhost:46581/__cypress/runner/cypress_runner.js:165351:31)\n    at Promise._settlePromise (http://localhost:46581/__cypress/runner/cypress_runner.js:165408:18)\n    at Promise._settlePromise0 (http://localhost:46581/__cypress/runner/cypress_runner.js:165453:10)\n    at Promise._settlePromises (http://localhost:46581/__cypress/runner/cypress_runner.js:165528:18)\n    at Async../node_modules/bluebird/js/release/async.js.Async._drainQueue (http://localhost:46581/__cypress/runner/cypress_runner.js:162140:16)\n    at Async../node_modules/bluebird/js/release/async.js.Async._drainQueues (http://localhost:46581/__cypress/runner/cypress_runner.js:162150:10)\n    at Async.drainQueues (http://localhost:46581/__cypress/runner/cypress_runner.js:162024:14)",
                "diff": null
              },
              "uuid": "0b7d56d9-37af-4b17-8ad6-eb81bab19f89",
              "parentUUID": "3d575bd0-6e40-46e8-a933-33ef09e62c70",
              "isHook": false,
              "skipped": false
            },
            {
              "title": "Verifica se o novo quadro tem todos os pixels preenchidos com a cor branca",
              "fullTitle": "10 - Faça o quadro de pixels ter seu tamanho definido pelo usuário. Verifica se o novo quadro tem todos os pixels preenchidos com a cor branca",
              "timedOut": null,
              "duration": 5137,
              "state": "failed",
              "speed": null,
              "pass": false,
              "fail": true,
              "pending": false,
              "context": null,
              "code": "cy.get('#board-size').clear().type(6);\ncy.get('#generate-board').click();\ncy.get('.pixel').should('have.length', 36).each(function (pixel) {\n  expect(pixel).to.have.css('background-color', WHITE);\n});",
              "err": {
                "message": "CypressError: Timed out retrying: Expected to find element: '#board-size', but never found it.",
                "estack": "CypressError: Timed out retrying: Expected to find element: '#board-size', but never found it.\n    at cypressErr (http://localhost:46581/__cypress/runner/cypress_runner.js:149934:9)\n    at throwErr (http://localhost:46581/__cypress/runner/cypress_runner.js:149867:11)\n    at Object.throwErrByPath (http://localhost:46581/__cypress/runner/cypress_runner.js:149915:3)\n    at retry (http://localhost:46581/__cypress/runner/cypress_runner.js:144197:19)\n    at onFailFn (http://localhost:46581/__cypress/runner/cypress_runner.js:132448:16)\n    at tryCatcher (http://localhost:46581/__cypress/runner/cypress_runner.js:167415:23)\n    at Promise._settlePromiseFromHandler (http://localhost:46581/__cypress/runner/cypress_runner.js:165351:31)\n    at Promise._settlePromise (http://localhost:46581/__cypress/runner/cypress_runner.js:165408:18)\n    at Promise._settlePromise0 (http://localhost:46581/__cypress/runner/cypress_runner.js:165453:10)\n    at Promise._settlePromises (http://localhost:46581/__cypress/runner/cypress_runner.js:165528:18)\n    at Async../node_modules/bluebird/js/release/async.js.Async._drainQueue (http://localhost:46581/__cypress/runner/cypress_runner.js:162140:16)\n    at Async../node_modules/bluebird/js/release/async.js.Async._drainQueues (http://localhost:46581/__cypress/runner/cypress_runner.js:162150:10)\n    at Async.drainQueues (http://localhost:46581/__cypress/runner/cypress_runner.js:162024:14)",
                "diff": null
              },
              "uuid": "71555f51-e90f-4f60-9e55-eac2a5f9e54e",
              "parentUUID": "3d575bd0-6e40-46e8-a933-33ef09e62c70",
              "isHook": false,
              "skipped": false
            }
          ],
          "suites": [],
          "passes": [],
          "failures": [
            "dcfb1037-5d35-49b0-bbf4-4b6be6551a87",
            "b51bd65b-7cc9-4732-b910-d74d923bf0d0",
            "63ffad7e-fe7b-46f9-938d-3cac94464345",
            "8d9c93c4-15e4-4076-9ba8-d082e733eb9d",
            "d99776e1-d923-45c0-add3-0b4c422bbd03",
            "3697fe01-997e-4ccb-8d19-f415aebb9f8b",
            "7724ea19-c76c-475d-9706-f8e87c6fb900",
            "0b7d56d9-37af-4b17-8ad6-eb81bab19f89",
            "71555f51-e90f-4f60-9e55-eac2a5f9e54e"
          ],
          "pending": [],
          "skipped": [],
          "duration": 49167,
          "root": false,
          "rootEmpty": false,
          "_timeout": 2000
        },
        {
          "uuid": "166c784c-deee-4c3a-937a-cc14ba48f9af",
          "title": "11 - Limite o tamanho mínimo e máximo do board.",
          "fullFile": "",
          "file": "",
          "beforeHooks": [],
          "afterHooks": [],
          "tests": [
            {
              "title": "Verifica se a altura máxima do board é 50",
              "fullTitle": "11 - Limite o tamanho mínimo e máximo do board. Verifica se a altura máxima do board é 50",
              "timedOut": null,
              "duration": 5579,
              "state": "failed",
              "speed": null,
              "pass": false,
              "fail": true,
              "pending": false,
              "context": null,
              "code": "cy.get('#board-size').clear().type(50);\ncy.get('#generate-board').click();\ncy.get('.pixel').should('have.length', 2500);",
              "err": {
                "message": "CypressError: Timed out retrying: Expected to find element: '#board-size', but never found it.",
                "estack": "CypressError: Timed out retrying: Expected to find element: '#board-size', but never found it.\n    at cypressErr (http://localhost:46581/__cypress/runner/cypress_runner.js:149934:9)\n    at throwErr (http://localhost:46581/__cypress/runner/cypress_runner.js:149867:11)\n    at Object.throwErrByPath (http://localhost:46581/__cypress/runner/cypress_runner.js:149915:3)\n    at retry (http://localhost:46581/__cypress/runner/cypress_runner.js:144197:19)\n    at onFailFn (http://localhost:46581/__cypress/runner/cypress_runner.js:132448:16)\n    at tryCatcher (http://localhost:46581/__cypress/runner/cypress_runner.js:167415:23)\n    at Promise._settlePromiseFromHandler (http://localhost:46581/__cypress/runner/cypress_runner.js:165351:31)\n    at Promise._settlePromise (http://localhost:46581/__cypress/runner/cypress_runner.js:165408:18)\n    at Promise._settlePromise0 (http://localhost:46581/__cypress/runner/cypress_runner.js:165453:10)\n    at Promise._settlePromises (http://localhost:46581/__cypress/runner/cypress_runner.js:165528:18)\n    at Async../node_modules/bluebird/js/release/async.js.Async._drainQueue (http://localhost:46581/__cypress/runner/cypress_runner.js:162140:16)\n    at Async../node_modules/bluebird/js/release/async.js.Async._drainQueues (http://localhost:46581/__cypress/runner/cypress_runner.js:162150:10)\n    at Async.drainQueues (http://localhost:46581/__cypress/runner/cypress_runner.js:162024:14)",
                "diff": null
              },
              "uuid": "a4aab422-5cec-4726-95cd-ef70f965c92c",
              "parentUUID": "166c784c-deee-4c3a-937a-cc14ba48f9af",
              "isHook": false,
              "skipped": false
            },
            {
              "title": "Verifica se a altura do board é 5 quando um valor menor é colocado no input",
              "fullTitle": "11 - Limite o tamanho mínimo e máximo do board. Verifica se a altura do board é 5 quando um valor menor é colocado no input",
              "timedOut": null,
              "duration": 5308,
              "state": "failed",
              "speed": null,
              "pass": false,
              "fail": true,
              "pending": false,
              "context": null,
              "code": "cy.get('#board-size').clear().type(4);\ncy.get('#generate-board').click();\ncy.get('.pixel').should('have.length', 25);",
              "err": {
                "message": "CypressError: Timed out retrying: Expected to find element: '#board-size', but never found it.",
                "estack": "CypressError: Timed out retrying: Expected to find element: '#board-size', but never found it.\n    at cypressErr (http://localhost:46581/__cypress/runner/cypress_runner.js:149934:9)\n    at throwErr (http://localhost:46581/__cypress/runner/cypress_runner.js:149867:11)\n    at Object.throwErrByPath (http://localhost:46581/__cypress/runner/cypress_runner.js:149915:3)\n    at retry (http://localhost:46581/__cypress/runner/cypress_runner.js:144197:19)\n    at onFailFn (http://localhost:46581/__cypress/runner/cypress_runner.js:132448:16)\n    at tryCatcher (http://localhost:46581/__cypress/runner/cypress_runner.js:167415:23)\n    at Promise._settlePromiseFromHandler (http://localhost:46581/__cypress/runner/cypress_runner.js:165351:31)\n    at Promise._settlePromise (http://localhost:46581/__cypress/runner/cypress_runner.js:165408:18)\n    at Promise._settlePromise0 (http://localhost:46581/__cypress/runner/cypress_runner.js:165453:10)\n    at Promise._settlePromises (http://localhost:46581/__cypress/runner/cypress_runner.js:165528:18)\n    at Async../node_modules/bluebird/js/release/async.js.Async._drainQueue (http://localhost:46581/__cypress/runner/cypress_runner.js:162140:16)\n    at Async../node_modules/bluebird/js/release/async.js.Async._drainQueues (http://localhost:46581/__cypress/runner/cypress_runner.js:162150:10)\n    at Async.drainQueues (http://localhost:46581/__cypress/runner/cypress_runner.js:162024:14)",
                "diff": null
              },
              "uuid": "ef7ef4f4-2ece-419f-b192-2eba857ffdfa",
              "parentUUID": "166c784c-deee-4c3a-937a-cc14ba48f9af",
              "isHook": false,
              "skipped": false
            },
            {
              "title": "Verifica se a altura do board é 50 quando um valor maior é colocado no input",
              "fullTitle": "11 - Limite o tamanho mínimo e máximo do board. Verifica se a altura do board é 50 quando um valor maior é colocado no input",
              "timedOut": null,
              "duration": 5255,
              "state": "failed",
              "speed": null,
              "pass": false,
              "fail": true,
              "pending": false,
              "context": null,
              "code": "cy.get('#board-size').clear().type(51);\ncy.get('#generate-board').click();\ncy.get('.pixel').should('have.length', 2500);",
              "err": {
                "message": "CypressError: Timed out retrying: Expected to find element: '#board-size', but never found it.",
                "estack": "CypressError: Timed out retrying: Expected to find element: '#board-size', but never found it.\n    at cypressErr (http://localhost:46581/__cypress/runner/cypress_runner.js:149934:9)\n    at throwErr (http://localhost:46581/__cypress/runner/cypress_runner.js:149867:11)\n    at Object.throwErrByPath (http://localhost:46581/__cypress/runner/cypress_runner.js:149915:3)\n    at retry (http://localhost:46581/__cypress/runner/cypress_runner.js:144197:19)\n    at onFailFn (http://localhost:46581/__cypress/runner/cypress_runner.js:132448:16)\n    at tryCatcher (http://localhost:46581/__cypress/runner/cypress_runner.js:167415:23)\n    at Promise._settlePromiseFromHandler (http://localhost:46581/__cypress/runner/cypress_runner.js:165351:31)\n    at Promise._settlePromise (http://localhost:46581/__cypress/runner/cypress_runner.js:165408:18)\n    at Promise._settlePromise0 (http://localhost:46581/__cypress/runner/cypress_runner.js:165453:10)\n    at Promise._settlePromises (http://localhost:46581/__cypress/runner/cypress_runner.js:165528:18)\n    at Async../node_modules/bluebird/js/release/async.js.Async._drainQueue (http://localhost:46581/__cypress/runner/cypress_runner.js:162140:16)\n    at Async../node_modules/bluebird/js/release/async.js.Async._drainQueues (http://localhost:46581/__cypress/runner/cypress_runner.js:162150:10)\n    at Async.drainQueues (http://localhost:46581/__cypress/runner/cypress_runner.js:162024:14)",
                "diff": null
              },
              "uuid": "45e1de61-4617-4c36-923d-8853a9ddc000",
              "parentUUID": "166c784c-deee-4c3a-937a-cc14ba48f9af",
              "isHook": false,
              "skipped": false
            }
          ],
          "suites": [],
          "passes": [],
          "failures": [
            "a4aab422-5cec-4726-95cd-ef70f965c92c",
            "ef7ef4f4-2ece-419f-b192-2eba857ffdfa",
            "45e1de61-4617-4c36-923d-8853a9ddc000"
          ],
          "pending": [],
          "skipped": [],
          "duration": 16142,
          "root": false,
          "rootEmpty": false,
          "_timeout": 2000
        },
        {
          "uuid": "6bf1a8de-e8c2-416d-ad82-a783e650dac6",
          "title": "12 - Faça com que as cores da paleta sejam geradas aleatoriamente ao carregar a página.",
          "fullFile": "",
          "file": "",
          "beforeHooks": [],
          "afterHooks": [],
          "tests": [
            {
              "title": "Verifica se as cores geradas na paleta são diferentes a cada carregamento da página",
              "fullTitle": "12 - Faça com que as cores da paleta sejam geradas aleatoriamente ao carregar a página. Verifica se as cores geradas na paleta são diferentes a cada carregamento da página",
              "timedOut": null,
              "duration": 1879,
              "state": "failed",
              "speed": null,
              "pass": false,
              "fail": true,
              "pending": false,
              "context": null,
              "code": "cy.get('.color').then(function (colors) {\n  var currentColors;\n  var previousColors;\n  previousColors = Array.from(colors).map(function (color) {\n    return Cypress.$(color).css('background-color');\n  });\n  for (var i = 0; i < 5; i += 1) {\n    cy.reload();\n    cy.get('.color').then(function (colors) {\n      currentColors = Array.from(colors).map(function (color) {\n        return Cypress.$(color).css('background-color');\n      });\n      expect(currentColors).not.to.deep.equal(previousColors);\n      previousColors = currentColors;\n    });\n  }\n});",
              "err": {
                "message": "AssertionError: expected [ Array(4) ] to not deeply equal [ Array(4) ]",
                "estack": "AssertionError: expected [ Array(4) ] to not deeply equal [ Array(4) ]\n    at getRet (http://localhost:46581/__cypress/runner/cypress_runner.js:136585:16)\n    at tryCatcher (http://localhost:46581/__cypress/runner/cypress_runner.js:167415:23)\n    at Function.Promise.attempt.Promise.try (http://localhost:46581/__cypress/runner/cypress_runner.js:164690:29)\n    at Context.thenFn (http://localhost:46581/__cypress/runner/cypress_runner.js:136599:23)\n    at Context.then (http://localhost:46581/__cypress/runner/cypress_runner.js:136971:21)\n    at Context.<anonymous> (http://localhost:46581/__cypress/runner/cypress_runner.js:148875:21)\n    at http://localhost:46581/__cypress/runner/cypress_runner.js:148351:33\n    at tryCatcher (http://localhost:46581/__cypress/runner/cypress_runner.js:167415:23)\n    at Promise._settlePromiseFromHandler (http://localhost:46581/__cypress/runner/cypress_runner.js:165351:31)\n    at Promise._settlePromise (http://localhost:46581/__cypress/runner/cypress_runner.js:165408:18)\n    at Promise._settlePromiseCtx (http://localhost:46581/__cypress/runner/cypress_runner.js:165445:10)\n    at Async../node_modules/bluebird/js/release/async.js.Async._drainQueue (http://localhost:46581/__cypress/runner/cypress_runner.js:162145:12)\n    at Async../node_modules/bluebird/js/release/async.js.Async._drainQueues (http://localhost:46581/__cypress/runner/cypress_runner.js:162150:10)\n    at Async.drainQueues (http://localhost:46581/__cypress/runner/cypress_runner.js:162024:14)",
                "diff": ""
              },
              "uuid": "42b94c0b-7d2c-4739-a32e-ec421f6a606f",
              "parentUUID": "6bf1a8de-e8c2-416d-ad82-a783e650dac6",
              "isHook": false,
              "skipped": false
            },
            {
              "title": "Verifica se a cor preta ainda está presente e é a primeira na sua paleta de cores",
              "fullTitle": "12 - Faça com que as cores da paleta sejam geradas aleatoriamente ao carregar a página. Verifica se a cor preta ainda está presente e é a primeira na sua paleta de cores",
              "timedOut": null,
              "duration": 2272,
              "state": "failed",
              "speed": null,
              "pass": false,
              "fail": true,
              "pending": false,
              "context": null,
              "code": "cy.get('.color').then(function (colors) {\n  var currentColors;\n  var previousColors;\n  previousColors = Array.from(colors).map(function (color) {\n    return Cypress.$(color).css('background-color');\n  });\n  expect(previousColors[0]).to.eq(BLACK);\n  for (var i = 0; i < 5; i += 1) {\n    cy.reload();\n    cy.get('.color').then(function (colors) {\n      currentColors = Array.from(colors).map(function (color) {\n        return Cypress.$(color).css('background-color');\n      });\n      expect(currentColors[0]).to.eq(BLACK);\n      expect(currentColors).not.to.deep.equal(previousColors);\n      previousColors = currentColors;\n    });\n  }\n});",
              "err": {
                "message": "AssertionError: expected [ Array(4) ] to not deeply equal [ Array(4) ]",
                "estack": "AssertionError: expected [ Array(4) ] to not deeply equal [ Array(4) ]\n    at getRet (http://localhost:46581/__cypress/runner/cypress_runner.js:136585:16)\n    at tryCatcher (http://localhost:46581/__cypress/runner/cypress_runner.js:167415:23)\n    at Function.Promise.attempt.Promise.try (http://localhost:46581/__cypress/runner/cypress_runner.js:164690:29)\n    at Context.thenFn (http://localhost:46581/__cypress/runner/cypress_runner.js:136599:23)\n    at Context.then (http://localhost:46581/__cypress/runner/cypress_runner.js:136971:21)\n    at Context.<anonymous> (http://localhost:46581/__cypress/runner/cypress_runner.js:148875:21)\n    at http://localhost:46581/__cypress/runner/cypress_runner.js:148351:33\n    at tryCatcher (http://localhost:46581/__cypress/runner/cypress_runner.js:167415:23)\n    at Promise._settlePromiseFromHandler (http://localhost:46581/__cypress/runner/cypress_runner.js:165351:31)\n    at Promise._settlePromise (http://localhost:46581/__cypress/runner/cypress_runner.js:165408:18)\n    at Promise._settlePromiseCtx (http://localhost:46581/__cypress/runner/cypress_runner.js:165445:10)\n    at Async../node_modules/bluebird/js/release/async.js.Async._drainQueue (http://localhost:46581/__cypress/runner/cypress_runner.js:162145:12)\n    at Async../node_modules/bluebird/js/release/async.js.Async._drainQueues (http://localhost:46581/__cypress/runner/cypress_runner.js:162150:10)\n    at Async.drainQueues (http://localhost:46581/__cypress/runner/cypress_runner.js:162024:14)",
                "diff": ""
              },
              "uuid": "dfaed63c-a6aa-4fe8-afd4-7454509ef98a",
              "parentUUID": "6bf1a8de-e8c2-416d-ad82-a783e650dac6",
              "isHook": false,
              "skipped": false
            }
          ],
          "suites": [],
          "passes": [],
          "failures": [
            "42b94c0b-7d2c-4739-a32e-ec421f6a606f",
            "dfaed63c-a6aa-4fe8-afd4-7454509ef98a"
          ],
          "pending": [],
          "skipped": [],
          "duration": 4151,
          "root": false,
          "rootEmpty": false,
          "_timeout": 2000
        }
      ],
      "passes": [],
      "failures": [],
      "pending": [],
      "skipped": [],
      "duration": 0,
      "root": true,
      "rootEmpty": true,
      "_timeout": 2000
    }
  ],
  "meta": {
    "mocha": {
      "version": "7.0.1"
    },
    "mochawesome": {
      "options": {
        "quiet": false,
        "reportFilename": "mochawesome",
        "saveHtml": false,
        "saveJson": true,
        "consoleReporter": "spec",
        "useInlineDiffs": false
      },
      "version": "4.1.0"
    },
    "marge": {
      "options": {
        "id": "default",
        "reportDir": "cypress/reports",
        "overwrite": true,
        "html": false,
        "json": true
      },
      "version": "4.1.0"
    }
  }
}