{
  "stats": {
    "suites": 12,
    "tests": 41,
    "passes": 26,
    "pending": 0,
    "failures": 15,
    "start": "2021-08-24T12:33:39.939Z",
    "end": "2021-08-24T12:36:42.378Z",
    "duration": 182439,
    "testsRegistered": 41,
    "passPercent": 63.41463414634146,
    "pendingPercent": 0,
    "other": 0,
    "hasOther": false,
    "skipped": 0,
    "hasSkipped": false
  },
  "results": [
    {
      "uuid": "693c29e4-743e-43a5-8f9f-d05bb16dab3b",
      "title": "",
      "fullFile": "cypress/integration/project.spec.js",
      "file": "cypress/integration/project.spec.js",
      "beforeHooks": [],
      "afterHooks": [],
      "tests": [],
      "suites": [
        {
          "uuid": "c277bfe4-15d0-4ce3-8fc6-6052e927c0e9",
          "title": "1 - Adicione à página o título \"Paleta de Cores\".",
          "fullFile": "",
          "file": "",
          "beforeHooks": [],
          "afterHooks": [],
          "tests": [
            {
              "title": "Verifica se contém um elemento `h1` com o id `title` com o título correto",
              "fullTitle": "1 - Adicione à página o título \"Paleta de Cores\". Verifica se contém um elemento `h1` com o id `title` com o título correto",
              "timedOut": null,
              "duration": 1527,
              "state": "passed",
              "speed": "slow",
              "pass": true,
              "fail": false,
              "pending": false,
              "context": null,
              "code": "cy.get('h1#title').should('contain.text', 'Paleta de Cores');",
              "err": {},
              "uuid": "28e75674-2264-4d85-8b7b-ac92c0bea898",
              "parentUUID": "c277bfe4-15d0-4ce3-8fc6-6052e927c0e9",
              "isHook": false,
              "skipped": false
            }
          ],
          "suites": [],
          "passes": [
            "28e75674-2264-4d85-8b7b-ac92c0bea898"
          ],
          "failures": [],
          "pending": [],
          "skipped": [],
          "duration": 1527,
          "root": false,
          "rootEmpty": false,
          "_timeout": 2000
        },
        {
          "uuid": "6cef12f0-1da2-46bf-a270-f95e973085d0",
          "title": "2 - Adicione à página uma paleta de quatro cores distintas.",
          "fullFile": "",
          "file": "",
          "beforeHooks": [],
          "afterHooks": [],
          "tests": [
            {
              "title": "A paleta de cores deve ser um elemento com `id` denominado `color-palette`",
              "fullTitle": "2 - Adicione à página uma paleta de quatro cores distintas. A paleta de cores deve ser um elemento com `id` denominado `color-palette`",
              "timedOut": null,
              "duration": 2088,
              "state": "passed",
              "speed": "slow",
              "pass": true,
              "fail": false,
              "pending": false,
              "context": null,
              "code": "cy.get('#color-palette').should('be.visible');",
              "err": {},
              "uuid": "ecfcb196-b6c1-4176-a6f8-da26effd6a57",
              "parentUUID": "6cef12f0-1da2-46bf-a270-f95e973085d0",
              "isHook": false,
              "skipped": false
            },
            {
              "title": "Verifica se cada cor individual da paleta de cores possui a `classe` chamada `color`.",
              "fullTitle": "2 - Adicione à página uma paleta de quatro cores distintas. Verifica se cada cor individual da paleta de cores possui a `classe` chamada `color`.",
              "timedOut": null,
              "duration": 1147,
              "state": "passed",
              "speed": "slow",
              "pass": true,
              "fail": false,
              "pending": false,
              "context": null,
              "code": "cy.get('.color').should('have.length', 4).then(function (colors) {\n  for (var i = 0; i < colors.length; i++) {\n    cy.wrap(colors[i]).should('be.visible');\n  }\n});",
              "err": {},
              "uuid": "a7d1ec4a-1a22-4f18-8f2b-dc6839585f62",
              "parentUUID": "6cef12f0-1da2-46bf-a270-f95e973085d0",
              "isHook": false,
              "skipped": false
            },
            {
              "title": "Verifica se a cor de fundo de cada elemento da paleta é a cor que o elemento representa. **A única cor não permitida na paleta é a cor branca.**",
              "fullTitle": "2 - Adicione à página uma paleta de quatro cores distintas. Verifica se a cor de fundo de cada elemento da paleta é a cor que o elemento representa. **A única cor não permitida na paleta é a cor branca.**",
              "timedOut": null,
              "duration": 954,
              "state": "passed",
              "speed": "slow",
              "pass": true,
              "fail": false,
              "pending": false,
              "context": null,
              "code": "cy.get('.color').each(function (color) {\n  cy.wrap(color).should('have.class', 'color').and('not.have.css', 'background-color', WHITE);\n  cy.wrap(color).should('have.css', 'background-color');\n});",
              "err": {},
              "uuid": "d1adc496-3599-46ff-bcc2-4e8ceaf9e30d",
              "parentUUID": "6cef12f0-1da2-46bf-a270-f95e973085d0",
              "isHook": false,
              "skipped": false
            },
            {
              "title": "Verifica se cada elemento da paleta de cores tem uma borda preta, sólida e com 1 pixel de largura;",
              "fullTitle": "2 - Adicione à página uma paleta de quatro cores distintas. Verifica se cada elemento da paleta de cores tem uma borda preta, sólida e com 1 pixel de largura;",
              "timedOut": null,
              "duration": 856,
              "state": "passed",
              "speed": "slow",
              "pass": true,
              "fail": false,
              "pending": false,
              "context": null,
              "code": "cy.get('.color').each(function (color) {\n  cy.wrap(color).and('have.css', 'border', \"1px solid \".concat(BLACK)).and('have.class', 'color');\n});",
              "err": {},
              "uuid": "7223ccb0-3d6f-4f97-9c85-3f050765a149",
              "parentUUID": "6cef12f0-1da2-46bf-a270-f95e973085d0",
              "isHook": false,
              "skipped": false
            },
            {
              "title": "Verifica se a paleta lista todas as cores disponíveis para utilização, lado a lado.",
              "fullTitle": "2 - Adicione à página uma paleta de quatro cores distintas. Verifica se a paleta lista todas as cores disponíveis para utilização, lado a lado.",
              "timedOut": null,
              "duration": 840,
              "state": "passed",
              "speed": "slow",
              "pass": true,
              "fail": false,
              "pending": false,
              "context": null,
              "code": "cy.get('.color').then(function (colors) {\n  for (var index = 1; index < colors.length; index += 1) {\n    var currentColor = colors[index];\n    var previousColor = colors[index - 1];\n    cy.wrap(currentColor).should('be.onTheRightOf', previousColor).and('be.horizontallyAlignedWith', previousColor);\n  }\n});",
              "err": {},
              "uuid": "5f0e263c-475c-41be-b652-0372e97c747f",
              "parentUUID": "6cef12f0-1da2-46bf-a270-f95e973085d0",
              "isHook": false,
              "skipped": false
            },
            {
              "title": "Verifica se a paleta de cores está posicionada abaixo do título 'Paleta de Cores'",
              "fullTitle": "2 - Adicione à página uma paleta de quatro cores distintas. Verifica se a paleta de cores está posicionada abaixo do título 'Paleta de Cores'",
              "timedOut": null,
              "duration": 789,
              "state": "passed",
              "speed": "slow",
              "pass": true,
              "fail": false,
              "pending": false,
              "context": null,
              "code": "cy.get('h1#title').then(function (title) {\n  cy.get('#color-palette').should('be.belowOf', title);\n});",
              "err": {},
              "uuid": "1c52a237-de19-4884-a4f7-63811e8b6d4b",
              "parentUUID": "6cef12f0-1da2-46bf-a270-f95e973085d0",
              "isHook": false,
              "skipped": false
            },
            {
              "title": "Verifica se a paleta de cores não contém cores repetidas.",
              "fullTitle": "2 - Adicione à página uma paleta de quatro cores distintas. Verifica se a paleta de cores não contém cores repetidas.",
              "timedOut": null,
              "duration": 759,
              "state": "passed",
              "speed": "slow",
              "pass": true,
              "fail": false,
              "pending": false,
              "context": null,
              "code": "cy.get('.color').then(function (colors) {\n  var allColors = Array.from(colors).map(function (color) {\n    return Cypress.$(color).css('background-color');\n  });\n  cy.log(allColors);\n  var uniqColors = (0, _toConsumableArray2[\"default\"])(new Set(allColors));\n  cy.log(uniqColors);\n  expect(allColors.length).to.eq(uniqColors.length);\n});",
              "err": {},
              "uuid": "a4930e42-12a3-4885-ba04-56004af62ed8",
              "parentUUID": "6cef12f0-1da2-46bf-a270-f95e973085d0",
              "isHook": false,
              "skipped": false
            }
          ],
          "suites": [],
          "passes": [
            "ecfcb196-b6c1-4176-a6f8-da26effd6a57",
            "a7d1ec4a-1a22-4f18-8f2b-dc6839585f62",
            "d1adc496-3599-46ff-bcc2-4e8ceaf9e30d",
            "7223ccb0-3d6f-4f97-9c85-3f050765a149",
            "5f0e263c-475c-41be-b652-0372e97c747f",
            "1c52a237-de19-4884-a4f7-63811e8b6d4b",
            "a4930e42-12a3-4885-ba04-56004af62ed8"
          ],
          "failures": [],
          "pending": [],
          "skipped": [],
          "duration": 7433,
          "root": false,
          "rootEmpty": false,
          "_timeout": 2000
        },
        {
          "uuid": "a6d0ba6f-97df-4c2d-8f7a-23c834db88b9",
          "title": "3 - Adicione a cor **preta** como a primeira cor da paleta de cores.",
          "fullFile": "",
          "file": "",
          "beforeHooks": [],
          "afterHooks": [],
          "tests": [
            {
              "title": "Verifica se a primeira cor da paleta é preta",
              "fullTitle": "3 - Adicione a cor **preta** como a primeira cor da paleta de cores. Verifica se a primeira cor da paleta é preta",
              "timedOut": null,
              "duration": 817,
              "state": "passed",
              "speed": "slow",
              "pass": true,
              "fail": false,
              "pending": false,
              "context": null,
              "code": "cy.get('.color').first().should('have.css', 'background-color', BLACK);",
              "err": {},
              "uuid": "5a0e5c06-0d92-4f7e-aa36-6dd559ce1c59",
              "parentUUID": "a6d0ba6f-97df-4c2d-8f7a-23c834db88b9",
              "isHook": false,
              "skipped": false
            },
            {
              "title": "Verifica se as demais cores podem ser escolhidas livremente.",
              "fullTitle": "3 - Adicione a cor **preta** como a primeira cor da paleta de cores. Verifica se as demais cores podem ser escolhidas livremente.",
              "timedOut": null,
              "duration": 1212,
              "state": "passed",
              "speed": "slow",
              "pass": true,
              "fail": false,
              "pending": false,
              "context": null,
              "code": "cy.get('.color').eq(1).should('not.have.css', 'background-color', BLACK);\ncy.get('.color').eq(1).should('not.have.css', 'background-color', WHITE);\ncy.get('.color').eq(1).should('not.have.css', 'background-color', 'rgba(0, 0, 0, 0)');\ncy.get('.color').eq(1).should('have.css', 'background-color');\ncy.get('.color').eq(2).should('not.have.css', 'background-color', BLACK);\ncy.get('.color').eq(2).should('not.have.css', 'background-color', WHITE);\ncy.get('.color').eq(2).should('not.have.css', 'background-color', 'rgba(0, 0, 0, 0)');\ncy.get('.color').eq(2).should('have.css', 'background-color');\ncy.get('.color').eq(3).should('not.have.css', 'background-color', BLACK);\ncy.get('.color').eq(3).should('not.have.css', 'background-color', WHITE);\ncy.get('.color').eq(3).should('not.have.css', 'background-color', 'rgba(0, 0, 0, 0)');\ncy.get('.color').eq(3).should('have.css', 'background-color');",
              "err": {},
              "uuid": "3d14d7d7-ad82-46dc-b440-a50a472c6212",
              "parentUUID": "a6d0ba6f-97df-4c2d-8f7a-23c834db88b9",
              "isHook": false,
              "skipped": false
            }
          ],
          "suites": [],
          "passes": [
            "5a0e5c06-0d92-4f7e-aa36-6dd559ce1c59",
            "3d14d7d7-ad82-46dc-b440-a50a472c6212"
          ],
          "failures": [],
          "pending": [],
          "skipped": [],
          "duration": 2029,
          "root": false,
          "rootEmpty": false,
          "_timeout": 2000
        },
        {
          "uuid": "79572a20-87a7-419a-bc3d-59a0eddcf661",
          "title": "4 - Adicione à página um quadro de pixels, com 25 pixels.",
          "fullFile": "",
          "file": "",
          "beforeHooks": [],
          "afterHooks": [],
          "tests": [
            {
              "title": "Verifica se o quadro de pixels possui o `id` denominado `pixel-board`",
              "fullTitle": "4 - Adicione à página um quadro de pixels, com 25 pixels. Verifica se o quadro de pixels possui o `id` denominado `pixel-board`",
              "timedOut": null,
              "duration": 725,
              "state": "passed",
              "speed": "slow",
              "pass": true,
              "fail": false,
              "pending": false,
              "context": null,
              "code": "cy.get('#pixel-board').should('be.visible');",
              "err": {},
              "uuid": "3535669a-1dcf-4ec2-94fa-1a59b1a10803",
              "parentUUID": "79572a20-87a7-419a-bc3d-59a0eddcf661",
              "isHook": false,
              "skipped": false
            },
            {
              "title": "Verifica se cada pixel individual dentro do quadro possui a `classe` denominada `pixel`.",
              "fullTitle": "4 - Adicione à página um quadro de pixels, com 25 pixels. Verifica se cada pixel individual dentro do quadro possui a `classe` denominada `pixel`.",
              "timedOut": null,
              "duration": 884,
              "state": "passed",
              "speed": "slow",
              "pass": true,
              "fail": false,
              "pending": false,
              "context": null,
              "code": "cy.get('.pixel').should('have.length', 25);",
              "err": {},
              "uuid": "b0405c2d-7d78-47ec-bc12-20bfa722b65e",
              "parentUUID": "79572a20-87a7-419a-bc3d-59a0eddcf661",
              "isHook": false,
              "skipped": false
            },
            {
              "title": "Verifica se a cor inicial dos pixels dentro do quadro, ao abrir a página, é branca.",
              "fullTitle": "4 - Adicione à página um quadro de pixels, com 25 pixels. Verifica se a cor inicial dos pixels dentro do quadro, ao abrir a página, é branca.",
              "timedOut": null,
              "duration": 1210,
              "state": "passed",
              "speed": "slow",
              "pass": true,
              "fail": false,
              "pending": false,
              "context": null,
              "code": "cy.get('.pixel').should('have.length', 25).each(function (pixel) {\n  expect(pixel).to.have.css('background-color', WHITE);\n});",
              "err": {},
              "uuid": "8fc539db-9d5d-427f-ab27-02e86a0fc485",
              "parentUUID": "79572a20-87a7-419a-bc3d-59a0eddcf661",
              "isHook": false,
              "skipped": false
            },
            {
              "title": "Verifica se o quadro de pixels aparece abaixo da paleta de cores",
              "fullTitle": "4 - Adicione à página um quadro de pixels, com 25 pixels. Verifica se o quadro de pixels aparece abaixo da paleta de cores",
              "timedOut": null,
              "duration": 762,
              "state": "passed",
              "speed": "slow",
              "pass": true,
              "fail": false,
              "pending": false,
              "context": null,
              "code": "cy.get('#color-palette').then(function (palette) {\n  cy.get('#pixel-board').should('be.belowOf', palette);\n});",
              "err": {},
              "uuid": "99b287c9-0397-4c93-a2e5-9509878ce6e7",
              "parentUUID": "79572a20-87a7-419a-bc3d-59a0eddcf661",
              "isHook": false,
              "skipped": false
            }
          ],
          "suites": [],
          "passes": [
            "3535669a-1dcf-4ec2-94fa-1a59b1a10803",
            "b0405c2d-7d78-47ec-bc12-20bfa722b65e",
            "8fc539db-9d5d-427f-ab27-02e86a0fc485",
            "99b287c9-0397-4c93-a2e5-9509878ce6e7"
          ],
          "failures": [],
          "pending": [],
          "skipped": [],
          "duration": 3581,
          "root": false,
          "rootEmpty": false,
          "_timeout": 2000
        },
        {
          "uuid": "77789ce3-02c3-4561-aaec-034388a230bf",
          "title": "5 - Faça com que cada elemento do quadro de pixels possua 40 pixels de largura, 40 pixels de altura e seja delimitado por uma borda preta de 1 pixel.",
          "fullFile": "",
          "file": "",
          "beforeHooks": [],
          "afterHooks": [],
          "tests": [
            {
              "title": "Verifica se o quadro de pixels tem altura e comprimento de 5 elementos",
              "fullTitle": "5 - Faça com que cada elemento do quadro de pixels possua 40 pixels de largura, 40 pixels de altura e seja delimitado por uma borda preta de 1 pixel. Verifica se o quadro de pixels tem altura e comprimento de 5 elementos",
              "timedOut": null,
              "duration": 1769,
              "state": "passed",
              "speed": "slow",
              "pass": true,
              "fail": false,
              "pending": false,
              "context": null,
              "code": "cy.get('.pixel').should('have.length', 25).each(function (pixel) {\n  expect(pixel).to.have.css('background-color', WHITE);\n}).and(function (pixels) {\n  var rows = chunk(pixels, 5);\n  rows.forEach(function (row) {\n    for (var index = 1; index < row.length; index += 1) {\n      var current = pixels[index];\n      var previous = pixels[index - 1];\n      cy.wrap(current).should('be.onTheRightOf', previous).and('be.horizontallyAlignedWith', previous);\n    }\n  });\n  for (var index = 1; index < 5; index += 1) {\n    expect(pixels[index * 5]).to.be.belowOf(pixels[(index - 1) * 5]);\n  }\n});",
              "err": {},
              "uuid": "e678e35c-678a-4218-82fe-f79ef6482931",
              "parentUUID": "77789ce3-02c3-4561-aaec-034388a230bf",
              "isHook": false,
              "skipped": false
            },
            {
              "title": "Verifica se 40 pixels é o tamanho total do elemento, incluindo seu conteúdo e excluindo a borda preta, que deve ser criada à parte.",
              "fullTitle": "5 - Faça com que cada elemento do quadro de pixels possua 40 pixels de largura, 40 pixels de altura e seja delimitado por uma borda preta de 1 pixel. Verifica se 40 pixels é o tamanho total do elemento, incluindo seu conteúdo e excluindo a borda preta, que deve ser criada à parte.",
              "timedOut": null,
              "duration": 1867,
              "state": "passed",
              "speed": "slow",
              "pass": true,
              "fail": false,
              "pending": false,
              "context": null,
              "code": "cy.get('.pixel').each(function (pixel) {\n  cy.wrap(pixel).should('have.css', 'height', '40px').and('have.css', 'width', '40px').and('have.css', 'border', \"1px solid \".concat(BLACK));\n});",
              "err": {},
              "uuid": "72b8468f-2952-4051-b339-e94e181a8988",
              "parentUUID": "77789ce3-02c3-4561-aaec-034388a230bf",
              "isHook": false,
              "skipped": false
            }
          ],
          "suites": [],
          "passes": [
            "e678e35c-678a-4218-82fe-f79ef6482931",
            "72b8468f-2952-4051-b339-e94e181a8988"
          ],
          "failures": [],
          "pending": [],
          "skipped": [],
          "duration": 3636,
          "root": false,
          "rootEmpty": false,
          "_timeout": 2000
        },
        {
          "uuid": "930d7bcb-d7ee-4af0-a9fa-3477ddacdaf5",
          "title": "6 - Defina a cor preta como cor inicial. Ao carregar a página a cor preta já deve estar selecionada para pintar os pixels",
          "fullFile": "",
          "file": "",
          "beforeHooks": [],
          "afterHooks": [],
          "tests": [
            {
              "title": "Verifica se o elemento da cor preta possui, inicialmente, a `classe` `selected`",
              "fullTitle": "6 - Defina a cor preta como cor inicial. Ao carregar a página a cor preta já deve estar selecionada para pintar os pixels Verifica se o elemento da cor preta possui, inicialmente, a `classe` `selected`",
              "timedOut": null,
              "duration": 2783,
              "state": "passed",
              "speed": "slow",
              "pass": true,
              "fail": false,
              "pending": false,
              "context": null,
              "code": "cy.get('.selected').first().should('have.css', 'background-color', BLACK);",
              "err": {},
              "uuid": "a627a518-bf16-4760-a750-96fdeb4bef3e",
              "parentUUID": "930d7bcb-d7ee-4af0-a9fa-3477ddacdaf5",
              "isHook": false,
              "skipped": false
            },
            {
              "title": "Verifica se nenhuma outra cor da paleta tem a `classe` `selected`",
              "fullTitle": "6 - Defina a cor preta como cor inicial. Ao carregar a página a cor preta já deve estar selecionada para pintar os pixels Verifica se nenhuma outra cor da paleta tem a `classe` `selected`",
              "timedOut": null,
              "duration": 1157,
              "state": "passed",
              "speed": "slow",
              "pass": true,
              "fail": false,
              "pending": false,
              "context": null,
              "code": "cy.get('.color:not(:first-child)').each(function (color) {\n  cy.wrap(color).should('not.have.class', 'selected');\n});",
              "err": {},
              "uuid": "1769488e-e6e7-4d2a-98bf-99c4da8530de",
              "parentUUID": "930d7bcb-d7ee-4af0-a9fa-3477ddacdaf5",
              "isHook": false,
              "skipped": false
            }
          ],
          "suites": [],
          "passes": [
            "a627a518-bf16-4760-a750-96fdeb4bef3e",
            "1769488e-e6e7-4d2a-98bf-99c4da8530de"
          ],
          "failures": [],
          "pending": [],
          "skipped": [],
          "duration": 3940,
          "root": false,
          "rootEmpty": false,
          "_timeout": 2000
        },
        {
          "uuid": "70be4fe3-2aae-46e0-9605-11774da63fb6",
          "title": "7 - Clicar em uma das cores da paleta, faz com que ela seja selecionada e utilizada para preencher os pixels no quadro.",
          "fullFile": "",
          "file": "",
          "beforeHooks": [],
          "afterHooks": [],
          "tests": [
            {
              "title": "Verifica se somente uma cor da paleta de cores tem a classe `selected` de cada vez",
              "fullTitle": "7 - Clicar em uma das cores da paleta, faz com que ela seja selecionada e utilizada para preencher os pixels no quadro. Verifica se somente uma cor da paleta de cores tem a classe `selected` de cada vez",
              "timedOut": null,
              "duration": 2280,
              "state": "passed",
              "speed": "slow",
              "pass": true,
              "fail": false,
              "pending": false,
              "context": null,
              "code": "cy.get('.color').each(function (selectedColor, selectedColorIndex) {\n  cy.wrap(selectedColor).click();\n  cy.get('.color').each(function (color, colorIndex) {\n    if (colorIndex === selectedColorIndex) {\n      expect(color).to.have[\"class\"]('selected');\n    } else {\n      expect(color).not.to.have[\"class\"]('selected');\n    }\n  });\n});",
              "err": {},
              "uuid": "21cd9385-47b9-413c-9d51-47791e0417d2",
              "parentUUID": "70be4fe3-2aae-46e0-9605-11774da63fb6",
              "isHook": false,
              "skipped": false
            },
            {
              "title": "Verifica se os pixels dentro do quadro não têm a classe `selected` quando são clicados",
              "fullTitle": "7 - Clicar em uma das cores da paleta, faz com que ela seja selecionada e utilizada para preencher os pixels no quadro. Verifica se os pixels dentro do quadro não têm a classe `selected` quando são clicados",
              "timedOut": null,
              "duration": 24733,
              "state": "passed",
              "speed": "slow",
              "pass": true,
              "fail": false,
              "pending": false,
              "context": null,
              "code": "cy.get('.color').each(function (color) {\n  var backgroundColor = color.css('background-color');\n  cy.wrap(color).click();\n  cy.get('.pixel').each(function (pixel) {\n    cy.wrap(pixel).click().should('not.have.class', 'selected');\n  });\n});",
              "err": {},
              "uuid": "1599e032-5416-4100-b628-55022f5b43b9",
              "parentUUID": "70be4fe3-2aae-46e0-9605-11774da63fb6",
              "isHook": false,
              "skipped": false
            }
          ],
          "suites": [],
          "passes": [
            "21cd9385-47b9-413c-9d51-47791e0417d2",
            "1599e032-5416-4100-b628-55022f5b43b9"
          ],
          "failures": [],
          "pending": [],
          "skipped": [],
          "duration": 27013,
          "root": false,
          "rootEmpty": false,
          "_timeout": 2000
        },
        {
          "uuid": "36056712-fbfa-40d1-9d68-30ba15cb0015",
          "title": "8 - Clicar em um pixel dentro do quadro após selecionar uma cor na paleta, faz com que o pixel seja preenchido com a cor selecionada.",
          "fullFile": "",
          "file": "",
          "beforeHooks": [],
          "afterHooks": [],
          "tests": [
            {
              "title": "Verifica se ao carregar a página deve ser possível pintar os pixels de preto",
              "fullTitle": "8 - Clicar em um pixel dentro do quadro após selecionar uma cor na paleta, faz com que o pixel seja preenchido com a cor selecionada. Verifica se ao carregar a página deve ser possível pintar os pixels de preto",
              "timedOut": null,
              "duration": 7398,
              "state": "failed",
              "speed": null,
              "pass": false,
              "fail": true,
              "pending": false,
              "context": null,
              "code": "cy.get('.pixel').each(function (pixel) {\n  cy.wrap(pixel).click().should('have.css', 'background-color', BLACK);\n});",
              "err": {
                "message": "CypressError: Timed out retrying: expected '<div.pixel>' to have CSS property 'background-color' with the value 'rgb(0, 0, 0)', but the value was 'rgb(255, 255, 255)'",
                "estack": "CypressError: Timed out retrying: expected '<div.pixel>' to have CSS property 'background-color' with the value 'rgb(0, 0, 0)', but the value was 'rgb(255, 255, 255)'\n    at cypressErr (http://localhost:34563/__cypress/runner/cypress_runner.js:149934:9)\n    at throwErr (http://localhost:34563/__cypress/runner/cypress_runner.js:149867:11)\n    at Object.throwErrByPath (http://localhost:34563/__cypress/runner/cypress_runner.js:149915:3)\n    at retry (http://localhost:34563/__cypress/runner/cypress_runner.js:144197:19)\n    at onFailFn (http://localhost:34563/__cypress/runner/cypress_runner.js:132448:16)\n    at tryCatcher (http://localhost:34563/__cypress/runner/cypress_runner.js:167415:23)\n    at Promise._settlePromiseFromHandler (http://localhost:34563/__cypress/runner/cypress_runner.js:165351:31)\n    at Promise._settlePromise (http://localhost:34563/__cypress/runner/cypress_runner.js:165408:18)\n    at Promise._settlePromise0 (http://localhost:34563/__cypress/runner/cypress_runner.js:165453:10)\n    at Promise._settlePromises (http://localhost:34563/__cypress/runner/cypress_runner.js:165528:18)\n    at Async../node_modules/bluebird/js/release/async.js.Async._drainQueue (http://localhost:34563/__cypress/runner/cypress_runner.js:162140:16)\n    at Async../node_modules/bluebird/js/release/async.js.Async._drainQueues (http://localhost:34563/__cypress/runner/cypress_runner.js:162150:10)\n    at Async.drainQueues (http://localhost:34563/__cypress/runner/cypress_runner.js:162024:14)",
                "diff": null
              },
              "uuid": "2638fb7f-ef4e-4022-8111-7e4ef6474846",
              "parentUUID": "36056712-fbfa-40d1-9d68-30ba15cb0015",
              "isHook": false,
              "skipped": false
            },
            {
              "title": "Verifica se após selecionar uma outra cor na paleta, é possível pintar os pixels com essa cor",
              "fullTitle": "8 - Clicar em um pixel dentro do quadro após selecionar uma cor na paleta, faz com que o pixel seja preenchido com a cor selecionada. Verifica se após selecionar uma outra cor na paleta, é possível pintar os pixels com essa cor",
              "timedOut": null,
              "duration": 8387,
              "state": "failed",
              "speed": null,
              "pass": false,
              "fail": true,
              "pending": false,
              "context": null,
              "code": "cy.get('.color').each(function (color) {\n  var backgroundColor = color.css('background-color');\n  cy.wrap(color).click();\n  cy.get('.pixel').each(function (pixel) {\n    cy.wrap(pixel).click().should('have.css', 'background-color', backgroundColor);\n  });\n});",
              "err": {
                "message": "CypressError: Timed out retrying: expected '<div.pixel>' to have CSS property 'background-color' with the value 'rgb(0, 0, 0)', but the value was 'rgb(255, 255, 255)'",
                "estack": "CypressError: Timed out retrying: expected '<div.pixel>' to have CSS property 'background-color' with the value 'rgb(0, 0, 0)', but the value was 'rgb(255, 255, 255)'\n    at cypressErr (http://localhost:34563/__cypress/runner/cypress_runner.js:149934:9)\n    at throwErr (http://localhost:34563/__cypress/runner/cypress_runner.js:149867:11)\n    at Object.throwErrByPath (http://localhost:34563/__cypress/runner/cypress_runner.js:149915:3)\n    at retry (http://localhost:34563/__cypress/runner/cypress_runner.js:144197:19)\n    at onFailFn (http://localhost:34563/__cypress/runner/cypress_runner.js:132448:16)\n    at tryCatcher (http://localhost:34563/__cypress/runner/cypress_runner.js:167415:23)\n    at Promise._settlePromiseFromHandler (http://localhost:34563/__cypress/runner/cypress_runner.js:165351:31)\n    at Promise._settlePromise (http://localhost:34563/__cypress/runner/cypress_runner.js:165408:18)\n    at Promise._settlePromise0 (http://localhost:34563/__cypress/runner/cypress_runner.js:165453:10)\n    at Promise._settlePromises (http://localhost:34563/__cypress/runner/cypress_runner.js:165528:18)\n    at Async../node_modules/bluebird/js/release/async.js.Async._drainQueue (http://localhost:34563/__cypress/runner/cypress_runner.js:162140:16)\n    at Async../node_modules/bluebird/js/release/async.js.Async._drainQueues (http://localhost:34563/__cypress/runner/cypress_runner.js:162150:10)\n    at Async.drainQueues (http://localhost:34563/__cypress/runner/cypress_runner.js:162024:14)",
                "diff": null
              },
              "uuid": "c822708d-7ec4-4dbd-bf7c-b6af43636c48",
              "parentUUID": "36056712-fbfa-40d1-9d68-30ba15cb0015",
              "isHook": false,
              "skipped": false
            },
            {
              "title": "Verifica se somente o pixel que foi clicado foi preenchido com a cor selecionada, sem influenciar na cor dos demais pixels.",
              "fullTitle": "8 - Clicar em um pixel dentro do quadro após selecionar uma cor na paleta, faz com que o pixel seja preenchido com a cor selecionada. Verifica se somente o pixel que foi clicado foi preenchido com a cor selecionada, sem influenciar na cor dos demais pixels.",
              "timedOut": null,
              "duration": 29802,
              "state": "passed",
              "speed": "slow",
              "pass": true,
              "fail": false,
              "pending": false,
              "context": null,
              "code": "var colorToPixelIndexMap = {\n  0: 6,\n  1: 8,\n  2: 16,\n  3: 18\n};\ncy.get('.color').each(function (color, index) {\n  cy.wrap(color).click();\n  var backgroundColor = color.css('background-color');\n  var clickedPixelIndex = colorToPixelIndexMap[index];\n  cy.get('.pixel').eq(clickedPixelIndex).click();\n  cy.get('.pixel').eq(clickedPixelIndex - 1).should('not.have.css', 'background-color', backgroundColor);\n  cy.get('.pixel').eq(clickedPixelIndex + 1).should('not.have.css', 'background-color', backgroundColor);\n  cy.get('.pixel').eq(clickedPixelIndex - 5).should('not.have.css', 'background-color', backgroundColor);\n  cy.get('.pixel').eq(clickedPixelIndex + 5).should('not.have.css', 'background-color', backgroundColor);\n  cy.get('.pixel').eq(clickedPixelIndex - 6).should('not.have.css', 'background-color', backgroundColor);\n  cy.get('.pixel').eq(clickedPixelIndex - 4).should('not.have.css', 'background-color', backgroundColor);\n  cy.get('.pixel').eq(clickedPixelIndex + 4).should('not.have.css', 'background-color', backgroundColor);\n  cy.get('.pixel').eq(clickedPixelIndex + 6).should('not.have.css', 'background-color', backgroundColor);\n});",
              "err": {},
              "uuid": "b7f98a23-cf61-4e08-88c2-f573271078b4",
              "parentUUID": "36056712-fbfa-40d1-9d68-30ba15cb0015",
              "isHook": false,
              "skipped": false
            }
          ],
          "suites": [],
          "passes": [
            "b7f98a23-cf61-4e08-88c2-f573271078b4"
          ],
          "failures": [
            "2638fb7f-ef4e-4022-8111-7e4ef6474846",
            "c822708d-7ec4-4dbd-bf7c-b6af43636c48"
          ],
          "pending": [],
          "skipped": [],
          "duration": 45587,
          "root": false,
          "rootEmpty": false,
          "_timeout": 2000
        },
        {
          "uuid": "12a15ccb-0cb7-4421-b1e7-0af4d6233345",
          "title": "9 - Crie um botão que, ao ser clicado, limpa o quadro preenchendo a cor de todos seus pixels com branco.",
          "fullFile": "",
          "file": "",
          "beforeHooks": [],
          "afterHooks": [],
          "tests": [
            {
              "title": "Verifica se o botão tem o `id` denominado `clear-board`",
              "fullTitle": "9 - Crie um botão que, ao ser clicado, limpa o quadro preenchendo a cor de todos seus pixels com branco. Verifica se o botão tem o `id` denominado `clear-board`",
              "timedOut": null,
              "duration": 668,
              "state": "passed",
              "speed": "slow",
              "pass": true,
              "fail": false,
              "pending": false,
              "context": null,
              "code": "cy.get('#clear-board').should('be.visible');",
              "err": {},
              "uuid": "fd793c6e-27e0-45fa-ae81-6e65d81b4865",
              "parentUUID": "12a15ccb-0cb7-4421-b1e7-0af4d6233345",
              "isHook": false,
              "skipped": false
            },
            {
              "title": "Verifica se o botão está posicionado entre a paleta de cores e o quadro de pixels",
              "fullTitle": "9 - Crie um botão que, ao ser clicado, limpa o quadro preenchendo a cor de todos seus pixels com branco. Verifica se o botão está posicionado entre a paleta de cores e o quadro de pixels",
              "timedOut": null,
              "duration": 840,
              "state": "passed",
              "speed": "slow",
              "pass": true,
              "fail": false,
              "pending": false,
              "context": null,
              "code": "cy.get('#color-palette').then(function (palette) {\n  cy.get('#clear-board').should('be.belowOf', palette);\n});\ncy.get('#clear-board').then(function (clearBtn) {\n  cy.get('#pixel-board').should('be.belowOf', clearBtn);\n});",
              "err": {},
              "uuid": "63c304f2-360d-4b7d-b95b-4a46adf9aaf1",
              "parentUUID": "12a15ccb-0cb7-4421-b1e7-0af4d6233345",
              "isHook": false,
              "skipped": false
            },
            {
              "title": "Verifica se o texto do botão é 'Limpar'",
              "fullTitle": "9 - Crie um botão que, ao ser clicado, limpa o quadro preenchendo a cor de todos seus pixels com branco. Verifica se o texto do botão é 'Limpar'",
              "timedOut": null,
              "duration": 841,
              "state": "passed",
              "speed": "slow",
              "pass": true,
              "fail": false,
              "pending": false,
              "context": null,
              "code": "cy.get('#clear-board').should('contain.text', 'Limpar');",
              "err": {},
              "uuid": "edd04439-7e6c-4839-bfb7-794b378297e5",
              "parentUUID": "12a15ccb-0cb7-4421-b1e7-0af4d6233345",
              "isHook": false,
              "skipped": false
            },
            {
              "title": "Verifica se ao clicar no botão, o quadro de pixels é totalmente preenchido de branco",
              "fullTitle": "9 - Crie um botão que, ao ser clicado, limpa o quadro preenchendo a cor de todos seus pixels com branco. Verifica se ao clicar no botão, o quadro de pixels é totalmente preenchido de branco",
              "timedOut": null,
              "duration": 5732,
              "state": "failed",
              "speed": null,
              "pass": false,
              "fail": true,
              "pending": false,
              "context": null,
              "code": "cy.get('.color').eq(1).then(function (color) {\n  var backgroundColor = color.css('background-color');\n  cy.wrap(color).click();\n  cy.get('.pixel').each(function (pixel) {\n    cy.wrap(pixel).click().should('have.css', 'background-color', backgroundColor);\n  });\n});\ncy.get('#clear-board').click();\ncy.get('.pixel').each(function (pixel) {\n  cy.wrap(pixel).should('have.css', 'background-color', WHITE);\n});",
              "err": {
                "message": "CypressError: Timed out retrying: expected '<div.pixel>' to have CSS property 'background-color' with the value 'rgb(67, 193, 98)', but the value was 'rgb(255, 255, 255)'",
                "estack": "CypressError: Timed out retrying: expected '<div.pixel>' to have CSS property 'background-color' with the value 'rgb(67, 193, 98)', but the value was 'rgb(255, 255, 255)'\n    at cypressErr (http://localhost:34563/__cypress/runner/cypress_runner.js:149934:9)\n    at throwErr (http://localhost:34563/__cypress/runner/cypress_runner.js:149867:11)\n    at Object.throwErrByPath (http://localhost:34563/__cypress/runner/cypress_runner.js:149915:3)\n    at retry (http://localhost:34563/__cypress/runner/cypress_runner.js:144197:19)\n    at onFailFn (http://localhost:34563/__cypress/runner/cypress_runner.js:132448:16)\n    at tryCatcher (http://localhost:34563/__cypress/runner/cypress_runner.js:167415:23)\n    at Promise._settlePromiseFromHandler (http://localhost:34563/__cypress/runner/cypress_runner.js:165351:31)\n    at Promise._settlePromise (http://localhost:34563/__cypress/runner/cypress_runner.js:165408:18)\n    at Promise._settlePromise0 (http://localhost:34563/__cypress/runner/cypress_runner.js:165453:10)\n    at Promise._settlePromises (http://localhost:34563/__cypress/runner/cypress_runner.js:165528:18)\n    at Async../node_modules/bluebird/js/release/async.js.Async._drainQueue (http://localhost:34563/__cypress/runner/cypress_runner.js:162140:16)\n    at Async../node_modules/bluebird/js/release/async.js.Async._drainQueues (http://localhost:34563/__cypress/runner/cypress_runner.js:162150:10)\n    at Async.drainQueues (http://localhost:34563/__cypress/runner/cypress_runner.js:162024:14)",
                "diff": null
              },
              "uuid": "3058ad93-2302-4f28-a3b1-fc85d5f293d9",
              "parentUUID": "12a15ccb-0cb7-4421-b1e7-0af4d6233345",
              "isHook": false,
              "skipped": false
            }
          ],
          "suites": [],
          "passes": [
            "fd793c6e-27e0-45fa-ae81-6e65d81b4865",
            "63c304f2-360d-4b7d-b95b-4a46adf9aaf1",
            "edd04439-7e6c-4839-bfb7-794b378297e5"
          ],
          "failures": [
            "3058ad93-2302-4f28-a3b1-fc85d5f293d9"
          ],
          "pending": [],
          "skipped": [],
          "duration": 8081,
          "root": false,
          "rootEmpty": false,
          "_timeout": 2000
        },
        {
          "uuid": "dccfcbc2-9550-48a9-826b-de3a5851c1d2",
          "title": "10 - Faça o quadro de pixels ter seu tamanho definido pelo usuário.",
          "fullFile": "",
          "file": "",
          "beforeHooks": [],
          "afterHooks": [],
          "tests": [
            {
              "title": "Verifica se existe um input com o id `board-size`",
              "fullTitle": "10 - Faça o quadro de pixels ter seu tamanho definido pelo usuário. Verifica se existe um input com o id `board-size`",
              "timedOut": null,
              "duration": 5842,
              "state": "failed",
              "speed": null,
              "pass": false,
              "fail": true,
              "pending": false,
              "context": null,
              "code": "cy.get('#board-size').should('be.visible');",
              "err": {
                "message": "CypressError: Timed out retrying: Expected to find element: '#board-size', but never found it.",
                "estack": "CypressError: Timed out retrying: Expected to find element: '#board-size', but never found it.\n    at cypressErr (http://localhost:34563/__cypress/runner/cypress_runner.js:149934:9)\n    at throwErr (http://localhost:34563/__cypress/runner/cypress_runner.js:149867:11)\n    at Object.throwErrByPath (http://localhost:34563/__cypress/runner/cypress_runner.js:149915:3)\n    at retry (http://localhost:34563/__cypress/runner/cypress_runner.js:144197:19)\n    at onFailFn (http://localhost:34563/__cypress/runner/cypress_runner.js:132448:16)\n    at tryCatcher (http://localhost:34563/__cypress/runner/cypress_runner.js:167415:23)\n    at Promise._settlePromiseFromHandler (http://localhost:34563/__cypress/runner/cypress_runner.js:165351:31)\n    at Promise._settlePromise (http://localhost:34563/__cypress/runner/cypress_runner.js:165408:18)\n    at Promise._settlePromise0 (http://localhost:34563/__cypress/runner/cypress_runner.js:165453:10)\n    at Promise._settlePromises (http://localhost:34563/__cypress/runner/cypress_runner.js:165528:18)\n    at Async../node_modules/bluebird/js/release/async.js.Async._drainQueue (http://localhost:34563/__cypress/runner/cypress_runner.js:162140:16)\n    at Async../node_modules/bluebird/js/release/async.js.Async._drainQueues (http://localhost:34563/__cypress/runner/cypress_runner.js:162150:10)\n    at Async.drainQueues (http://localhost:34563/__cypress/runner/cypress_runner.js:162024:14)",
                "diff": null
              },
              "uuid": "10f490ae-b569-48b1-80b1-0c518da4b201",
              "parentUUID": "dccfcbc2-9550-48a9-826b-de3a5851c1d2",
              "isHook": false,
              "skipped": false
            },
            {
              "title": "Verifica se existe um botão com o id `generate-board`",
              "fullTitle": "10 - Faça o quadro de pixels ter seu tamanho definido pelo usuário. Verifica se existe um botão com o id `generate-board`",
              "timedOut": null,
              "duration": 5151,
              "state": "failed",
              "speed": null,
              "pass": false,
              "fail": true,
              "pending": false,
              "context": null,
              "code": "cy.get('#generate-board').should('be.visible');",
              "err": {
                "message": "CypressError: Timed out retrying: Expected to find element: '#generate-board', but never found it.",
                "estack": "CypressError: Timed out retrying: Expected to find element: '#generate-board', but never found it.\n    at cypressErr (http://localhost:34563/__cypress/runner/cypress_runner.js:149934:9)\n    at throwErr (http://localhost:34563/__cypress/runner/cypress_runner.js:149867:11)\n    at Object.throwErrByPath (http://localhost:34563/__cypress/runner/cypress_runner.js:149915:3)\n    at retry (http://localhost:34563/__cypress/runner/cypress_runner.js:144197:19)\n    at onFailFn (http://localhost:34563/__cypress/runner/cypress_runner.js:132448:16)\n    at tryCatcher (http://localhost:34563/__cypress/runner/cypress_runner.js:167415:23)\n    at Promise._settlePromiseFromHandler (http://localhost:34563/__cypress/runner/cypress_runner.js:165351:31)\n    at Promise._settlePromise (http://localhost:34563/__cypress/runner/cypress_runner.js:165408:18)\n    at Promise._settlePromise0 (http://localhost:34563/__cypress/runner/cypress_runner.js:165453:10)\n    at Promise._settlePromises (http://localhost:34563/__cypress/runner/cypress_runner.js:165528:18)\n    at Async../node_modules/bluebird/js/release/async.js.Async._drainQueue (http://localhost:34563/__cypress/runner/cypress_runner.js:162140:16)\n    at Async../node_modules/bluebird/js/release/async.js.Async._drainQueues (http://localhost:34563/__cypress/runner/cypress_runner.js:162150:10)\n    at Async.drainQueues (http://localhost:34563/__cypress/runner/cypress_runner.js:162024:14)",
                "diff": null
              },
              "uuid": "5225175c-4990-420e-bd9e-8c8a13286879",
              "parentUUID": "dccfcbc2-9550-48a9-826b-de3a5851c1d2",
              "isHook": false,
              "skipped": false
            },
            {
              "title": "Verifica se o input só aceita número maiores que zero. Essa restrição deve ser feita usando os atributos do elemento `input`",
              "fullTitle": "10 - Faça o quadro de pixels ter seu tamanho definido pelo usuário. Verifica se o input só aceita número maiores que zero. Essa restrição deve ser feita usando os atributos do elemento `input`",
              "timedOut": null,
              "duration": 5183,
              "state": "failed",
              "speed": null,
              "pass": false,
              "fail": true,
              "pending": false,
              "context": null,
              "code": "cy.get('#board-size[type=\\'number\\'][min=\\'1\\']');",
              "err": {
                "message": "CypressError: Timed out retrying: Expected to find element: '#board-size[type='number'][min='1']', but never found it.",
                "estack": "CypressError: Timed out retrying: Expected to find element: '#board-size[type='number'][min='1']', but never found it.\n    at cypressErr (http://localhost:34563/__cypress/runner/cypress_runner.js:149934:9)\n    at throwErr (http://localhost:34563/__cypress/runner/cypress_runner.js:149867:11)\n    at Object.throwErrByPath (http://localhost:34563/__cypress/runner/cypress_runner.js:149915:3)\n    at retry (http://localhost:34563/__cypress/runner/cypress_runner.js:144197:19)\n    at onFailFn (http://localhost:34563/__cypress/runner/cypress_runner.js:132448:16)\n    at tryCatcher (http://localhost:34563/__cypress/runner/cypress_runner.js:167415:23)\n    at Promise._settlePromiseFromHandler (http://localhost:34563/__cypress/runner/cypress_runner.js:165351:31)\n    at Promise._settlePromise (http://localhost:34563/__cypress/runner/cypress_runner.js:165408:18)\n    at Promise._settlePromise0 (http://localhost:34563/__cypress/runner/cypress_runner.js:165453:10)\n    at Promise._settlePromises (http://localhost:34563/__cypress/runner/cypress_runner.js:165528:18)\n    at Async../node_modules/bluebird/js/release/async.js.Async._drainQueue (http://localhost:34563/__cypress/runner/cypress_runner.js:162140:16)\n    at Async../node_modules/bluebird/js/release/async.js.Async._drainQueues (http://localhost:34563/__cypress/runner/cypress_runner.js:162150:10)\n    at Async.drainQueues (http://localhost:34563/__cypress/runner/cypress_runner.js:162024:14)",
                "diff": null
              },
              "uuid": "cd8f3824-988d-4420-be2a-ee5334d8ef33",
              "parentUUID": "dccfcbc2-9550-48a9-826b-de3a5851c1d2",
              "isHook": false,
              "skipped": false
            },
            {
              "title": "Verifica se o botão contém o texto 'VQV'",
              "fullTitle": "10 - Faça o quadro de pixels ter seu tamanho definido pelo usuário. Verifica se o botão contém o texto 'VQV'",
              "timedOut": null,
              "duration": 5256,
              "state": "failed",
              "speed": null,
              "pass": false,
              "fail": true,
              "pending": false,
              "context": null,
              "code": "cy.get('#generate-board').contains(/vqv/i);",
              "err": {
                "message": "CypressError: Timed out retrying: Expected to find element: '#generate-board', but never found it.",
                "estack": "CypressError: Timed out retrying: Expected to find element: '#generate-board', but never found it.\n    at cypressErr (http://localhost:34563/__cypress/runner/cypress_runner.js:149934:9)\n    at throwErr (http://localhost:34563/__cypress/runner/cypress_runner.js:149867:11)\n    at Object.throwErrByPath (http://localhost:34563/__cypress/runner/cypress_runner.js:149915:3)\n    at retry (http://localhost:34563/__cypress/runner/cypress_runner.js:144197:19)\n    at onFailFn (http://localhost:34563/__cypress/runner/cypress_runner.js:132448:16)\n    at tryCatcher (http://localhost:34563/__cypress/runner/cypress_runner.js:167415:23)\n    at Promise._settlePromiseFromHandler (http://localhost:34563/__cypress/runner/cypress_runner.js:165351:31)\n    at Promise._settlePromise (http://localhost:34563/__cypress/runner/cypress_runner.js:165408:18)\n    at Promise._settlePromise0 (http://localhost:34563/__cypress/runner/cypress_runner.js:165453:10)\n    at Promise._settlePromises (http://localhost:34563/__cypress/runner/cypress_runner.js:165528:18)\n    at Async../node_modules/bluebird/js/release/async.js.Async._drainQueue (http://localhost:34563/__cypress/runner/cypress_runner.js:162140:16)\n    at Async../node_modules/bluebird/js/release/async.js.Async._drainQueues (http://localhost:34563/__cypress/runner/cypress_runner.js:162150:10)\n    at Async.drainQueues (http://localhost:34563/__cypress/runner/cypress_runner.js:162024:14)",
                "diff": null
              },
              "uuid": "7059b7be-fce8-423c-8472-4641ee6ac05e",
              "parentUUID": "dccfcbc2-9550-48a9-826b-de3a5851c1d2",
              "isHook": false,
              "skipped": false
            },
            {
              "title": "Verifica se o input está posicionado entre a paleta de cores e o quadro de pixels",
              "fullTitle": "10 - Faça o quadro de pixels ter seu tamanho definido pelo usuário. Verifica se o input está posicionado entre a paleta de cores e o quadro de pixels",
              "timedOut": null,
              "duration": 5695,
              "state": "failed",
              "speed": null,
              "pass": false,
              "fail": true,
              "pending": false,
              "context": null,
              "code": "cy.get('#color-palette').then(function (palette) {\n  cy.get('#board-size').should('be.belowOf', palette);\n});\ncy.get('#board-size').then(function (palette) {\n  cy.get('#pixel-board').should('be.belowOf', palette);\n});",
              "err": {
                "message": "CypressError: Timed out retrying: Expected to find element: '#board-size', but never found it.",
                "estack": "CypressError: Timed out retrying: Expected to find element: '#board-size', but never found it.\n    at cypressErr (http://localhost:34563/__cypress/runner/cypress_runner.js:149934:9)\n    at throwErr (http://localhost:34563/__cypress/runner/cypress_runner.js:149867:11)\n    at Object.throwErrByPath (http://localhost:34563/__cypress/runner/cypress_runner.js:149915:3)\n    at retry (http://localhost:34563/__cypress/runner/cypress_runner.js:144197:19)\n    at onFailFn (http://localhost:34563/__cypress/runner/cypress_runner.js:132448:16)\n    at tryCatcher (http://localhost:34563/__cypress/runner/cypress_runner.js:167415:23)\n    at Promise._settlePromiseFromHandler (http://localhost:34563/__cypress/runner/cypress_runner.js:165351:31)\n    at Promise._settlePromise (http://localhost:34563/__cypress/runner/cypress_runner.js:165408:18)\n    at Promise._settlePromise0 (http://localhost:34563/__cypress/runner/cypress_runner.js:165453:10)\n    at Promise._settlePromises (http://localhost:34563/__cypress/runner/cypress_runner.js:165528:18)\n    at Async../node_modules/bluebird/js/release/async.js.Async._drainQueue (http://localhost:34563/__cypress/runner/cypress_runner.js:162140:16)\n    at Async../node_modules/bluebird/js/release/async.js.Async._drainQueues (http://localhost:34563/__cypress/runner/cypress_runner.js:162150:10)\n    at Async.drainQueues (http://localhost:34563/__cypress/runner/cypress_runner.js:162024:14)",
                "diff": null
              },
              "uuid": "8e9d4408-33dc-4614-98a1-808ff10cad0f",
              "parentUUID": "dccfcbc2-9550-48a9-826b-de3a5851c1d2",
              "isHook": false,
              "skipped": false
            },
            {
              "title": "Verifica se o botão está posicionado ao lado do input",
              "fullTitle": "10 - Faça o quadro de pixels ter seu tamanho definido pelo usuário. Verifica se o botão está posicionado ao lado do input",
              "timedOut": null,
              "duration": 7153,
              "state": "failed",
              "speed": null,
              "pass": false,
              "fail": true,
              "pending": false,
              "context": null,
              "code": "cy.get('#board-size').then(function (board) {\n  cy.get('#generate-board').should('be.onTheRightOf', board);\n});",
              "err": {
                "message": "CypressError: Timed out retrying: Expected to find element: '#board-size', but never found it.",
                "estack": "CypressError: Timed out retrying: Expected to find element: '#board-size', but never found it.\n    at cypressErr (http://localhost:34563/__cypress/runner/cypress_runner.js:149934:9)\n    at throwErr (http://localhost:34563/__cypress/runner/cypress_runner.js:149867:11)\n    at Object.throwErrByPath (http://localhost:34563/__cypress/runner/cypress_runner.js:149915:3)\n    at retry (http://localhost:34563/__cypress/runner/cypress_runner.js:144197:19)\n    at onFailFn (http://localhost:34563/__cypress/runner/cypress_runner.js:132448:16)\n    at tryCatcher (http://localhost:34563/__cypress/runner/cypress_runner.js:167415:23)\n    at Promise._settlePromiseFromHandler (http://localhost:34563/__cypress/runner/cypress_runner.js:165351:31)\n    at Promise._settlePromise (http://localhost:34563/__cypress/runner/cypress_runner.js:165408:18)\n    at Promise._settlePromise0 (http://localhost:34563/__cypress/runner/cypress_runner.js:165453:10)\n    at Promise._settlePromises (http://localhost:34563/__cypress/runner/cypress_runner.js:165528:18)\n    at Async../node_modules/bluebird/js/release/async.js.Async._drainQueue (http://localhost:34563/__cypress/runner/cypress_runner.js:162140:16)\n    at Async../node_modules/bluebird/js/release/async.js.Async._drainQueues (http://localhost:34563/__cypress/runner/cypress_runner.js:162150:10)\n    at Async.drainQueues (http://localhost:34563/__cypress/runner/cypress_runner.js:162024:14)",
                "diff": null
              },
              "uuid": "937e2ad0-6ee3-4f8a-8166-2792c9b4ad1f",
              "parentUUID": "dccfcbc2-9550-48a9-826b-de3a5851c1d2",
              "isHook": false,
              "skipped": false
            },
            {
              "title": "Verifica se nenhum valor for colocado no input ao clicar no botão, um `alert` é exibido com o texto: 'Board inválido!'",
              "fullTitle": "10 - Faça o quadro de pixels ter seu tamanho definido pelo usuário. Verifica se nenhum valor for colocado no input ao clicar no botão, um `alert` é exibido com o texto: 'Board inválido!'",
              "timedOut": null,
              "duration": 5222,
              "state": "failed",
              "speed": null,
              "pass": false,
              "fail": true,
              "pending": false,
              "context": null,
              "code": "var alerted = false;\ncy.on('window:alert', function (msg) {\n  return alerted = msg;\n});\ncy.get('#generate-board').click().then(function () {\n  return expect(alerted).to.match(/Board inválido!/i);\n});",
              "err": {
                "message": "CypressError: Timed out retrying: Expected to find element: '#generate-board', but never found it.",
                "estack": "CypressError: Timed out retrying: Expected to find element: '#generate-board', but never found it.\n    at cypressErr (http://localhost:34563/__cypress/runner/cypress_runner.js:149934:9)\n    at throwErr (http://localhost:34563/__cypress/runner/cypress_runner.js:149867:11)\n    at Object.throwErrByPath (http://localhost:34563/__cypress/runner/cypress_runner.js:149915:3)\n    at retry (http://localhost:34563/__cypress/runner/cypress_runner.js:144197:19)\n    at onFailFn (http://localhost:34563/__cypress/runner/cypress_runner.js:132448:16)\n    at tryCatcher (http://localhost:34563/__cypress/runner/cypress_runner.js:167415:23)\n    at Promise._settlePromiseFromHandler (http://localhost:34563/__cypress/runner/cypress_runner.js:165351:31)\n    at Promise._settlePromise (http://localhost:34563/__cypress/runner/cypress_runner.js:165408:18)\n    at Promise._settlePromise0 (http://localhost:34563/__cypress/runner/cypress_runner.js:165453:10)\n    at Promise._settlePromises (http://localhost:34563/__cypress/runner/cypress_runner.js:165528:18)\n    at Async../node_modules/bluebird/js/release/async.js.Async._drainQueue (http://localhost:34563/__cypress/runner/cypress_runner.js:162140:16)\n    at Async../node_modules/bluebird/js/release/async.js.Async._drainQueues (http://localhost:34563/__cypress/runner/cypress_runner.js:162150:10)\n    at Async.drainQueues (http://localhost:34563/__cypress/runner/cypress_runner.js:162024:14)",
                "diff": null
              },
              "uuid": "d63ee006-4800-45dc-aa78-a9e59e860f05",
              "parentUUID": "dccfcbc2-9550-48a9-826b-de3a5851c1d2",
              "isHook": false,
              "skipped": false
            },
            {
              "title": "Verifica se ao clicar no botão com um valor preenchido, o tamanho do board muda.",
              "fullTitle": "10 - Faça o quadro de pixels ter seu tamanho definido pelo usuário. Verifica se ao clicar no botão com um valor preenchido, o tamanho do board muda.",
              "timedOut": null,
              "duration": 5374,
              "state": "failed",
              "speed": null,
              "pass": false,
              "fail": true,
              "pending": false,
              "context": null,
              "code": "cy.get('#board-size').clear().type(10);\ncy.get('#generate-board').click();\ncy.get('.pixel').should('have.length', 100);",
              "err": {
                "message": "CypressError: Timed out retrying: Expected to find element: '#board-size', but never found it.",
                "estack": "CypressError: Timed out retrying: Expected to find element: '#board-size', but never found it.\n    at cypressErr (http://localhost:34563/__cypress/runner/cypress_runner.js:149934:9)\n    at throwErr (http://localhost:34563/__cypress/runner/cypress_runner.js:149867:11)\n    at Object.throwErrByPath (http://localhost:34563/__cypress/runner/cypress_runner.js:149915:3)\n    at retry (http://localhost:34563/__cypress/runner/cypress_runner.js:144197:19)\n    at onFailFn (http://localhost:34563/__cypress/runner/cypress_runner.js:132448:16)\n    at tryCatcher (http://localhost:34563/__cypress/runner/cypress_runner.js:167415:23)\n    at Promise._settlePromiseFromHandler (http://localhost:34563/__cypress/runner/cypress_runner.js:165351:31)\n    at Promise._settlePromise (http://localhost:34563/__cypress/runner/cypress_runner.js:165408:18)\n    at Promise._settlePromise0 (http://localhost:34563/__cypress/runner/cypress_runner.js:165453:10)\n    at Promise._settlePromises (http://localhost:34563/__cypress/runner/cypress_runner.js:165528:18)\n    at Async../node_modules/bluebird/js/release/async.js.Async._drainQueue (http://localhost:34563/__cypress/runner/cypress_runner.js:162140:16)\n    at Async../node_modules/bluebird/js/release/async.js.Async._drainQueues (http://localhost:34563/__cypress/runner/cypress_runner.js:162150:10)\n    at Async.drainQueues (http://localhost:34563/__cypress/runner/cypress_runner.js:162024:14)",
                "diff": null
              },
              "uuid": "0da207e2-ba82-487e-96e0-473608f9f384",
              "parentUUID": "dccfcbc2-9550-48a9-826b-de3a5851c1d2",
              "isHook": false,
              "skipped": false
            },
            {
              "title": "Verifica se o novo quadro tem todos os pixels preenchidos com a cor branca",
              "fullTitle": "10 - Faça o quadro de pixels ter seu tamanho definido pelo usuário. Verifica se o novo quadro tem todos os pixels preenchidos com a cor branca",
              "timedOut": null,
              "duration": 5300,
              "state": "failed",
              "speed": null,
              "pass": false,
              "fail": true,
              "pending": false,
              "context": null,
              "code": "cy.get('#board-size').clear().type(6);\ncy.get('#generate-board').click();\ncy.get('.pixel').should('have.length', 36).each(function (pixel) {\n  expect(pixel).to.have.css('background-color', WHITE);\n});",
              "err": {
                "message": "CypressError: Timed out retrying: Expected to find element: '#board-size', but never found it.",
                "estack": "CypressError: Timed out retrying: Expected to find element: '#board-size', but never found it.\n    at cypressErr (http://localhost:34563/__cypress/runner/cypress_runner.js:149934:9)\n    at throwErr (http://localhost:34563/__cypress/runner/cypress_runner.js:149867:11)\n    at Object.throwErrByPath (http://localhost:34563/__cypress/runner/cypress_runner.js:149915:3)\n    at retry (http://localhost:34563/__cypress/runner/cypress_runner.js:144197:19)\n    at onFailFn (http://localhost:34563/__cypress/runner/cypress_runner.js:132448:16)\n    at tryCatcher (http://localhost:34563/__cypress/runner/cypress_runner.js:167415:23)\n    at Promise._settlePromiseFromHandler (http://localhost:34563/__cypress/runner/cypress_runner.js:165351:31)\n    at Promise._settlePromise (http://localhost:34563/__cypress/runner/cypress_runner.js:165408:18)\n    at Promise._settlePromise0 (http://localhost:34563/__cypress/runner/cypress_runner.js:165453:10)\n    at Promise._settlePromises (http://localhost:34563/__cypress/runner/cypress_runner.js:165528:18)\n    at Async../node_modules/bluebird/js/release/async.js.Async._drainQueue (http://localhost:34563/__cypress/runner/cypress_runner.js:162140:16)\n    at Async../node_modules/bluebird/js/release/async.js.Async._drainQueues (http://localhost:34563/__cypress/runner/cypress_runner.js:162150:10)\n    at Async.drainQueues (http://localhost:34563/__cypress/runner/cypress_runner.js:162024:14)",
                "diff": null
              },
              "uuid": "d8ccec3c-cdbe-4ab5-9c7f-4231d73fde42",
              "parentUUID": "dccfcbc2-9550-48a9-826b-de3a5851c1d2",
              "isHook": false,
              "skipped": false
            }
          ],
          "suites": [],
          "passes": [],
          "failures": [
            "10f490ae-b569-48b1-80b1-0c518da4b201",
            "5225175c-4990-420e-bd9e-8c8a13286879",
            "cd8f3824-988d-4420-be2a-ee5334d8ef33",
            "7059b7be-fce8-423c-8472-4641ee6ac05e",
            "8e9d4408-33dc-4614-98a1-808ff10cad0f",
            "937e2ad0-6ee3-4f8a-8166-2792c9b4ad1f",
            "d63ee006-4800-45dc-aa78-a9e59e860f05",
            "0da207e2-ba82-487e-96e0-473608f9f384",
            "d8ccec3c-cdbe-4ab5-9c7f-4231d73fde42"
          ],
          "pending": [],
          "skipped": [],
          "duration": 50176,
          "root": false,
          "rootEmpty": false,
          "_timeout": 2000
        },
        {
          "uuid": "dbba8dcf-37a3-4f1f-938f-e33b18852607",
          "title": "11 - Limite o tamanho mínimo e máximo do board.",
          "fullFile": "",
          "file": "",
          "beforeHooks": [],
          "afterHooks": [],
          "tests": [
            {
              "title": "Verifica se a altura máxima do board é 50",
              "fullTitle": "11 - Limite o tamanho mínimo e máximo do board. Verifica se a altura máxima do board é 50",
              "timedOut": null,
              "duration": 5538,
              "state": "failed",
              "speed": null,
              "pass": false,
              "fail": true,
              "pending": false,
              "context": null,
              "code": "cy.get('#board-size').clear().type(50);\ncy.get('#generate-board').click();\ncy.get('.pixel').should('have.length', 2500);",
              "err": {
                "message": "CypressError: Timed out retrying: Expected to find element: '#board-size', but never found it.",
                "estack": "CypressError: Timed out retrying: Expected to find element: '#board-size', but never found it.\n    at cypressErr (http://localhost:34563/__cypress/runner/cypress_runner.js:149934:9)\n    at throwErr (http://localhost:34563/__cypress/runner/cypress_runner.js:149867:11)\n    at Object.throwErrByPath (http://localhost:34563/__cypress/runner/cypress_runner.js:149915:3)\n    at retry (http://localhost:34563/__cypress/runner/cypress_runner.js:144197:19)\n    at onFailFn (http://localhost:34563/__cypress/runner/cypress_runner.js:132448:16)\n    at tryCatcher (http://localhost:34563/__cypress/runner/cypress_runner.js:167415:23)\n    at Promise._settlePromiseFromHandler (http://localhost:34563/__cypress/runner/cypress_runner.js:165351:31)\n    at Promise._settlePromise (http://localhost:34563/__cypress/runner/cypress_runner.js:165408:18)\n    at Promise._settlePromise0 (http://localhost:34563/__cypress/runner/cypress_runner.js:165453:10)\n    at Promise._settlePromises (http://localhost:34563/__cypress/runner/cypress_runner.js:165528:18)\n    at Async../node_modules/bluebird/js/release/async.js.Async._drainQueue (http://localhost:34563/__cypress/runner/cypress_runner.js:162140:16)\n    at Async../node_modules/bluebird/js/release/async.js.Async._drainQueues (http://localhost:34563/__cypress/runner/cypress_runner.js:162150:10)\n    at Async.drainQueues (http://localhost:34563/__cypress/runner/cypress_runner.js:162024:14)",
                "diff": null
              },
              "uuid": "e4b0ebc9-7747-4548-b70c-c143803e8acc",
              "parentUUID": "dbba8dcf-37a3-4f1f-938f-e33b18852607",
              "isHook": false,
              "skipped": false
            },
            {
              "title": "Verifica se a altura do board é 5 quando um valor menor é colocado no input",
              "fullTitle": "11 - Limite o tamanho mínimo e máximo do board. Verifica se a altura do board é 5 quando um valor menor é colocado no input",
              "timedOut": null,
              "duration": 5323,
              "state": "failed",
              "speed": null,
              "pass": false,
              "fail": true,
              "pending": false,
              "context": null,
              "code": "cy.get('#board-size').clear().type(4);\ncy.get('#generate-board').click();\ncy.get('.pixel').should('have.length', 25);",
              "err": {
                "message": "CypressError: Timed out retrying: Expected to find element: '#board-size', but never found it.",
                "estack": "CypressError: Timed out retrying: Expected to find element: '#board-size', but never found it.\n    at cypressErr (http://localhost:34563/__cypress/runner/cypress_runner.js:149934:9)\n    at throwErr (http://localhost:34563/__cypress/runner/cypress_runner.js:149867:11)\n    at Object.throwErrByPath (http://localhost:34563/__cypress/runner/cypress_runner.js:149915:3)\n    at retry (http://localhost:34563/__cypress/runner/cypress_runner.js:144197:19)\n    at onFailFn (http://localhost:34563/__cypress/runner/cypress_runner.js:132448:16)\n    at tryCatcher (http://localhost:34563/__cypress/runner/cypress_runner.js:167415:23)\n    at Promise._settlePromiseFromHandler (http://localhost:34563/__cypress/runner/cypress_runner.js:165351:31)\n    at Promise._settlePromise (http://localhost:34563/__cypress/runner/cypress_runner.js:165408:18)\n    at Promise._settlePromise0 (http://localhost:34563/__cypress/runner/cypress_runner.js:165453:10)\n    at Promise._settlePromises (http://localhost:34563/__cypress/runner/cypress_runner.js:165528:18)\n    at Async../node_modules/bluebird/js/release/async.js.Async._drainQueue (http://localhost:34563/__cypress/runner/cypress_runner.js:162140:16)\n    at Async../node_modules/bluebird/js/release/async.js.Async._drainQueues (http://localhost:34563/__cypress/runner/cypress_runner.js:162150:10)\n    at Async.drainQueues (http://localhost:34563/__cypress/runner/cypress_runner.js:162024:14)",
                "diff": null
              },
              "uuid": "0eeab665-29af-4feb-911c-372be344783a",
              "parentUUID": "dbba8dcf-37a3-4f1f-938f-e33b18852607",
              "isHook": false,
              "skipped": false
            },
            {
              "title": "Verifica se a altura do board é 50 quando um valor maior é colocado no input",
              "fullTitle": "11 - Limite o tamanho mínimo e máximo do board. Verifica se a altura do board é 50 quando um valor maior é colocado no input",
              "timedOut": null,
              "duration": 6404,
              "state": "failed",
              "speed": null,
              "pass": false,
              "fail": true,
              "pending": false,
              "context": null,
              "code": "cy.get('#board-size').clear().type(51);\ncy.get('#generate-board').click();\ncy.get('.pixel').should('have.length', 2500);",
              "err": {
                "message": "CypressError: Timed out retrying: Expected to find element: '#board-size', but never found it.",
                "estack": "CypressError: Timed out retrying: Expected to find element: '#board-size', but never found it.\n    at cypressErr (http://localhost:34563/__cypress/runner/cypress_runner.js:149934:9)\n    at throwErr (http://localhost:34563/__cypress/runner/cypress_runner.js:149867:11)\n    at Object.throwErrByPath (http://localhost:34563/__cypress/runner/cypress_runner.js:149915:3)\n    at retry (http://localhost:34563/__cypress/runner/cypress_runner.js:144197:19)\n    at onFailFn (http://localhost:34563/__cypress/runner/cypress_runner.js:132448:16)\n    at tryCatcher (http://localhost:34563/__cypress/runner/cypress_runner.js:167415:23)\n    at Promise._settlePromiseFromHandler (http://localhost:34563/__cypress/runner/cypress_runner.js:165351:31)\n    at Promise._settlePromise (http://localhost:34563/__cypress/runner/cypress_runner.js:165408:18)\n    at Promise._settlePromise0 (http://localhost:34563/__cypress/runner/cypress_runner.js:165453:10)\n    at Promise._settlePromises (http://localhost:34563/__cypress/runner/cypress_runner.js:165528:18)\n    at Async../node_modules/bluebird/js/release/async.js.Async._drainQueue (http://localhost:34563/__cypress/runner/cypress_runner.js:162140:16)\n    at Async../node_modules/bluebird/js/release/async.js.Async._drainQueues (http://localhost:34563/__cypress/runner/cypress_runner.js:162150:10)\n    at Async.drainQueues (http://localhost:34563/__cypress/runner/cypress_runner.js:162024:14)",
                "diff": null
              },
              "uuid": "5f632507-9870-4a1e-a04e-657204b3491f",
              "parentUUID": "dbba8dcf-37a3-4f1f-938f-e33b18852607",
              "isHook": false,
              "skipped": false
            }
          ],
          "suites": [],
          "passes": [],
          "failures": [
            "e4b0ebc9-7747-4548-b70c-c143803e8acc",
            "0eeab665-29af-4feb-911c-372be344783a",
            "5f632507-9870-4a1e-a04e-657204b3491f"
          ],
          "pending": [],
          "skipped": [],
          "duration": 17265,
          "root": false,
          "rootEmpty": false,
          "_timeout": 2000
        },
        {
          "uuid": "da11dd7b-810b-4be5-8a9c-61108a8621b7",
          "title": "12 - Faça com que as cores da paleta sejam geradas aleatoriamente ao carregar a página.",
          "fullFile": "",
          "file": "",
          "beforeHooks": [],
          "afterHooks": [],
          "tests": [
            {
              "title": "Verifica se as cores geradas na paleta são diferentes a cada carregamento da página",
              "fullTitle": "12 - Faça com que as cores da paleta sejam geradas aleatoriamente ao carregar a página. Verifica se as cores geradas na paleta são diferentes a cada carregamento da página",
              "timedOut": null,
              "duration": 2358,
              "state": "passed",
              "speed": "slow",
              "pass": true,
              "fail": false,
              "pending": false,
              "context": null,
              "code": "cy.get('.color').then(function (colors) {\n  var currentColors;\n  var previousColors;\n  previousColors = Array.from(colors).map(function (color) {\n    return Cypress.$(color).css('background-color');\n  });\n  for (var i = 0; i < 5; i += 1) {\n    cy.reload();\n    cy.get('.color').then(function (colors) {\n      currentColors = Array.from(colors).map(function (color) {\n        return Cypress.$(color).css('background-color');\n      });\n      expect(currentColors).not.to.deep.equal(previousColors);\n      previousColors = currentColors;\n    });\n  }\n});",
              "err": {},
              "uuid": "aea98a76-2448-4f1b-9e47-5ea5677f328a",
              "parentUUID": "da11dd7b-810b-4be5-8a9c-61108a8621b7",
              "isHook": false,
              "skipped": false
            },
            {
              "title": "Verifica se a cor preta ainda está presente e é a primeira na sua paleta de cores",
              "fullTitle": "12 - Faça com que as cores da paleta sejam geradas aleatoriamente ao carregar a página. Verifica se a cor preta ainda está presente e é a primeira na sua paleta de cores",
              "timedOut": null,
              "duration": 1978,
              "state": "passed",
              "speed": "slow",
              "pass": true,
              "fail": false,
              "pending": false,
              "context": null,
              "code": "cy.get('.color').then(function (colors) {\n  var currentColors;\n  var previousColors;\n  previousColors = Array.from(colors).map(function (color) {\n    return Cypress.$(color).css('background-color');\n  });\n  expect(previousColors[0]).to.eq(BLACK);\n  for (var i = 0; i < 5; i += 1) {\n    cy.reload();\n    cy.get('.color').then(function (colors) {\n      currentColors = Array.from(colors).map(function (color) {\n        return Cypress.$(color).css('background-color');\n      });\n      expect(currentColors[0]).to.eq(BLACK);\n      expect(currentColors).not.to.deep.equal(previousColors);\n      previousColors = currentColors;\n    });\n  }\n});",
              "err": {},
              "uuid": "8573f55a-73cb-4eab-b1fa-33ae88dbc116",
              "parentUUID": "da11dd7b-810b-4be5-8a9c-61108a8621b7",
              "isHook": false,
              "skipped": false
            }
          ],
          "suites": [],
          "passes": [
            "aea98a76-2448-4f1b-9e47-5ea5677f328a",
            "8573f55a-73cb-4eab-b1fa-33ae88dbc116"
          ],
          "failures": [],
          "pending": [],
          "skipped": [],
          "duration": 4336,
          "root": false,
          "rootEmpty": false,
          "_timeout": 2000
        }
      ],
      "passes": [],
      "failures": [],
      "pending": [],
      "skipped": [],
      "duration": 0,
      "root": true,
      "rootEmpty": true,
      "_timeout": 2000
    }
  ],
  "meta": {
    "mocha": {
      "version": "7.0.1"
    },
    "mochawesome": {
      "options": {
        "quiet": false,
        "reportFilename": "mochawesome",
        "saveHtml": false,
        "saveJson": true,
        "consoleReporter": "spec",
        "useInlineDiffs": false
      },
      "version": "4.1.0"
    },
    "marge": {
      "options": {
        "id": "default",
        "reportDir": "cypress/reports",
        "overwrite": true,
        "html": false,
        "json": true
      },
      "version": "4.1.0"
    }
  }
}