{
  "stats": {
    "suites": 12,
    "tests": 41,
    "passes": 24,
    "pending": 0,
    "failures": 17,
    "start": "2021-08-13T23:48:45.036Z",
    "end": "2021-08-13T23:50:34.343Z",
    "duration": 109307,
    "testsRegistered": 41,
    "passPercent": 58.536585365853654,
    "pendingPercent": 0,
    "other": 0,
    "hasOther": false,
    "skipped": 0,
    "hasSkipped": false
  },
  "results": [
    {
      "uuid": "7edb94de-ce57-4c59-bc0e-b8244fd9cd0f",
      "title": "",
      "fullFile": "cypress/integration/project.spec.js",
      "file": "cypress/integration/project.spec.js",
      "beforeHooks": [],
      "afterHooks": [],
      "tests": [],
      "suites": [
        {
          "uuid": "e8b916a6-0242-4d8e-9ff7-6da09989dc05",
          "title": "1 - Adicione à página o título \"Paleta de Cores\".",
          "fullFile": "",
          "file": "",
          "beforeHooks": [],
          "afterHooks": [],
          "tests": [
            {
              "title": "Verifica se contém um elemento `h1` com o id `title` com o título correto",
              "fullTitle": "1 - Adicione à página o título \"Paleta de Cores\". Verifica se contém um elemento `h1` com o id `title` com o título correto",
              "timedOut": null,
              "duration": 1097,
              "state": "passed",
              "speed": "slow",
              "pass": true,
              "fail": false,
              "pending": false,
              "context": null,
              "code": "cy.get('h1#title').should('contain.text', 'Paleta de Cores');",
              "err": {},
              "uuid": "9741ef05-068a-4870-bdcb-c6f8ccdca7ff",
              "parentUUID": "e8b916a6-0242-4d8e-9ff7-6da09989dc05",
              "isHook": false,
              "skipped": false
            }
          ],
          "suites": [],
          "passes": [
            "9741ef05-068a-4870-bdcb-c6f8ccdca7ff"
          ],
          "failures": [],
          "pending": [],
          "skipped": [],
          "duration": 1097,
          "root": false,
          "rootEmpty": false,
          "_timeout": 2000
        },
        {
          "uuid": "2254a74e-09ea-4115-b2f7-d498de33a01f",
          "title": "2 - Adicione à página uma paleta de quatro cores distintas.",
          "fullFile": "",
          "file": "",
          "beforeHooks": [],
          "afterHooks": [],
          "tests": [
            {
              "title": "A paleta de cores deve ser um elemento com `id` denominado `color-palette`",
              "fullTitle": "2 - Adicione à página uma paleta de quatro cores distintas. A paleta de cores deve ser um elemento com `id` denominado `color-palette`",
              "timedOut": null,
              "duration": 793,
              "state": "passed",
              "speed": "slow",
              "pass": true,
              "fail": false,
              "pending": false,
              "context": null,
              "code": "cy.get('#color-palette').should('be.visible');",
              "err": {},
              "uuid": "f92e9f42-e4c3-44de-b340-851b482bcc5f",
              "parentUUID": "2254a74e-09ea-4115-b2f7-d498de33a01f",
              "isHook": false,
              "skipped": false
            },
            {
              "title": "Verifica se cada cor individual da paleta de cores possui a `classe` chamada `color`.",
              "fullTitle": "2 - Adicione à página uma paleta de quatro cores distintas. Verifica se cada cor individual da paleta de cores possui a `classe` chamada `color`.",
              "timedOut": null,
              "duration": 642,
              "state": "passed",
              "speed": "slow",
              "pass": true,
              "fail": false,
              "pending": false,
              "context": null,
              "code": "cy.get('.color').should('have.length', 4).then(function (colors) {\n  for (var i = 0; i < colors.length; i++) {\n    cy.wrap(colors[i]).should('be.visible');\n  }\n});",
              "err": {},
              "uuid": "384243e7-27d5-42cf-8658-5365a9e8dab1",
              "parentUUID": "2254a74e-09ea-4115-b2f7-d498de33a01f",
              "isHook": false,
              "skipped": false
            },
            {
              "title": "Verifica se a cor de fundo de cada elemento da paleta é a cor que o elemento representa. **A única cor não permitida na paleta é a cor branca.**",
              "fullTitle": "2 - Adicione à página uma paleta de quatro cores distintas. Verifica se a cor de fundo de cada elemento da paleta é a cor que o elemento representa. **A única cor não permitida na paleta é a cor branca.**",
              "timedOut": null,
              "duration": 664,
              "state": "passed",
              "speed": "slow",
              "pass": true,
              "fail": false,
              "pending": false,
              "context": null,
              "code": "cy.get('.color').each(function (color) {\n  cy.wrap(color).should('have.class', 'color').and('not.have.css', 'background-color', WHITE);\n  cy.wrap(color).should('have.css', 'background-color');\n});",
              "err": {},
              "uuid": "8017ce8d-6474-481f-99ad-ea47d1becaf0",
              "parentUUID": "2254a74e-09ea-4115-b2f7-d498de33a01f",
              "isHook": false,
              "skipped": false
            },
            {
              "title": "Verifica se cada elemento da paleta de cores tem uma borda preta, sólida e com 1 pixel de largura;",
              "fullTitle": "2 - Adicione à página uma paleta de quatro cores distintas. Verifica se cada elemento da paleta de cores tem uma borda preta, sólida e com 1 pixel de largura;",
              "timedOut": null,
              "duration": 288,
              "state": "passed",
              "speed": "slow",
              "pass": true,
              "fail": false,
              "pending": false,
              "context": null,
              "code": "cy.get('.color').each(function (color) {\n  cy.wrap(color).and('have.css', 'border', \"1px solid \".concat(BLACK)).and('have.class', 'color');\n});",
              "err": {},
              "uuid": "879cc18a-749d-435a-a99c-13f73d568bbc",
              "parentUUID": "2254a74e-09ea-4115-b2f7-d498de33a01f",
              "isHook": false,
              "skipped": false
            },
            {
              "title": "Verifica se a paleta lista todas as cores disponíveis para utilização, lado a lado.",
              "fullTitle": "2 - Adicione à página uma paleta de quatro cores distintas. Verifica se a paleta lista todas as cores disponíveis para utilização, lado a lado.",
              "timedOut": null,
              "duration": 417,
              "state": "passed",
              "speed": "slow",
              "pass": true,
              "fail": false,
              "pending": false,
              "context": null,
              "code": "cy.get('.color').then(function (colors) {\n  for (var index = 1; index < colors.length; index += 1) {\n    var currentColor = colors[index];\n    var previousColor = colors[index - 1];\n    cy.wrap(currentColor).should('be.onTheRightOf', previousColor).and('be.horizontallyAlignedWith', previousColor);\n  }\n});",
              "err": {},
              "uuid": "48015834-a00f-489e-a5a8-a8492db2a7b6",
              "parentUUID": "2254a74e-09ea-4115-b2f7-d498de33a01f",
              "isHook": false,
              "skipped": false
            },
            {
              "title": "Verifica se a paleta de cores está posicionada abaixo do título 'Paleta de Cores'",
              "fullTitle": "2 - Adicione à página uma paleta de quatro cores distintas. Verifica se a paleta de cores está posicionada abaixo do título 'Paleta de Cores'",
              "timedOut": null,
              "duration": 189,
              "state": "passed",
              "speed": "slow",
              "pass": true,
              "fail": false,
              "pending": false,
              "context": null,
              "code": "cy.get('h1#title').then(function (title) {\n  cy.get('#color-palette').should('be.belowOf', title);\n});",
              "err": {},
              "uuid": "9fd06e9b-7f00-4e53-b21d-72189994704c",
              "parentUUID": "2254a74e-09ea-4115-b2f7-d498de33a01f",
              "isHook": false,
              "skipped": false
            },
            {
              "title": "Verifica se a paleta de cores não contém cores repetidas.",
              "fullTitle": "2 - Adicione à página uma paleta de quatro cores distintas. Verifica se a paleta de cores não contém cores repetidas.",
              "timedOut": null,
              "duration": 199,
              "state": "passed",
              "speed": "slow",
              "pass": true,
              "fail": false,
              "pending": false,
              "context": null,
              "code": "cy.get('.color').then(function (colors) {\n  var allColors = Array.from(colors).map(function (color) {\n    return Cypress.$(color).css('background-color');\n  });\n  cy.log(allColors);\n  var uniqColors = (0, _toConsumableArray2[\"default\"])(new Set(allColors));\n  cy.log(uniqColors);\n  expect(allColors.length).to.eq(uniqColors.length);\n});",
              "err": {},
              "uuid": "6d33f95b-7d0f-44a7-99ee-8880764df34b",
              "parentUUID": "2254a74e-09ea-4115-b2f7-d498de33a01f",
              "isHook": false,
              "skipped": false
            }
          ],
          "suites": [],
          "passes": [
            "f92e9f42-e4c3-44de-b340-851b482bcc5f",
            "384243e7-27d5-42cf-8658-5365a9e8dab1",
            "8017ce8d-6474-481f-99ad-ea47d1becaf0",
            "879cc18a-749d-435a-a99c-13f73d568bbc",
            "48015834-a00f-489e-a5a8-a8492db2a7b6",
            "9fd06e9b-7f00-4e53-b21d-72189994704c",
            "6d33f95b-7d0f-44a7-99ee-8880764df34b"
          ],
          "failures": [],
          "pending": [],
          "skipped": [],
          "duration": 3192,
          "root": false,
          "rootEmpty": false,
          "_timeout": 2000
        },
        {
          "uuid": "231b0cd3-b5b2-4f30-927b-51f144e702f9",
          "title": "3 - Adicione a cor **preta** como a primeira cor da paleta de cores.",
          "fullFile": "",
          "file": "",
          "beforeHooks": [],
          "afterHooks": [],
          "tests": [
            {
              "title": "Verifica se a primeira cor da paleta é preta",
              "fullTitle": "3 - Adicione a cor **preta** como a primeira cor da paleta de cores. Verifica se a primeira cor da paleta é preta",
              "timedOut": null,
              "duration": 279,
              "state": "passed",
              "speed": "slow",
              "pass": true,
              "fail": false,
              "pending": false,
              "context": null,
              "code": "cy.get('.color').first().should('have.css', 'background-color', BLACK);",
              "err": {},
              "uuid": "7b9725c3-c1d4-4694-92a9-a06e53d6c7d8",
              "parentUUID": "231b0cd3-b5b2-4f30-927b-51f144e702f9",
              "isHook": false,
              "skipped": false
            },
            {
              "title": "Verifica se as demais cores podem ser escolhidas livremente.",
              "fullTitle": "3 - Adicione a cor **preta** como a primeira cor da paleta de cores. Verifica se as demais cores podem ser escolhidas livremente.",
              "timedOut": null,
              "duration": 603,
              "state": "passed",
              "speed": "slow",
              "pass": true,
              "fail": false,
              "pending": false,
              "context": null,
              "code": "cy.get('.color').eq(1).should('not.have.css', 'background-color', BLACK);\ncy.get('.color').eq(1).should('not.have.css', 'background-color', WHITE);\ncy.get('.color').eq(1).should('not.have.css', 'background-color', 'rgba(0, 0, 0, 0)');\ncy.get('.color').eq(1).should('have.css', 'background-color');\ncy.get('.color').eq(2).should('not.have.css', 'background-color', BLACK);\ncy.get('.color').eq(2).should('not.have.css', 'background-color', WHITE);\ncy.get('.color').eq(2).should('not.have.css', 'background-color', 'rgba(0, 0, 0, 0)');\ncy.get('.color').eq(2).should('have.css', 'background-color');\ncy.get('.color').eq(3).should('not.have.css', 'background-color', BLACK);\ncy.get('.color').eq(3).should('not.have.css', 'background-color', WHITE);\ncy.get('.color').eq(3).should('not.have.css', 'background-color', 'rgba(0, 0, 0, 0)');\ncy.get('.color').eq(3).should('have.css', 'background-color');",
              "err": {},
              "uuid": "5f3b684d-8ee0-4a38-9374-ab29ffc89ac3",
              "parentUUID": "231b0cd3-b5b2-4f30-927b-51f144e702f9",
              "isHook": false,
              "skipped": false
            }
          ],
          "suites": [],
          "passes": [
            "7b9725c3-c1d4-4694-92a9-a06e53d6c7d8",
            "5f3b684d-8ee0-4a38-9374-ab29ffc89ac3"
          ],
          "failures": [],
          "pending": [],
          "skipped": [],
          "duration": 882,
          "root": false,
          "rootEmpty": false,
          "_timeout": 2000
        },
        {
          "uuid": "80dd00c3-794d-4a3e-b875-87032315145a",
          "title": "4 - Adicione à página um quadro de pixels, com 25 pixels.",
          "fullFile": "",
          "file": "",
          "beforeHooks": [],
          "afterHooks": [],
          "tests": [
            {
              "title": "Verifica se o quadro de pixels possui o `id` denominado `pixel-board`",
              "fullTitle": "4 - Adicione à página um quadro de pixels, com 25 pixels. Verifica se o quadro de pixels possui o `id` denominado `pixel-board`",
              "timedOut": null,
              "duration": 282,
              "state": "passed",
              "speed": "slow",
              "pass": true,
              "fail": false,
              "pending": false,
              "context": null,
              "code": "cy.get('#pixel-board').should('be.visible');",
              "err": {},
              "uuid": "f1e2180e-50b2-4c54-86d6-cb9f4081a751",
              "parentUUID": "80dd00c3-794d-4a3e-b875-87032315145a",
              "isHook": false,
              "skipped": false
            },
            {
              "title": "Verifica se cada pixel individual dentro do quadro possui a `classe` denominada `pixel`.",
              "fullTitle": "4 - Adicione à página um quadro de pixels, com 25 pixels. Verifica se cada pixel individual dentro do quadro possui a `classe` denominada `pixel`.",
              "timedOut": null,
              "duration": 319,
              "state": "passed",
              "speed": "slow",
              "pass": true,
              "fail": false,
              "pending": false,
              "context": null,
              "code": "cy.get('.pixel').should('have.length', 25);",
              "err": {},
              "uuid": "dd7aa059-1924-4ee0-9ef2-82a2c1f32010",
              "parentUUID": "80dd00c3-794d-4a3e-b875-87032315145a",
              "isHook": false,
              "skipped": false
            },
            {
              "title": "Verifica se a cor inicial dos pixels dentro do quadro, ao abrir a página, é branca.",
              "fullTitle": "4 - Adicione à página um quadro de pixels, com 25 pixels. Verifica se a cor inicial dos pixels dentro do quadro, ao abrir a página, é branca.",
              "timedOut": null,
              "duration": 506,
              "state": "passed",
              "speed": "slow",
              "pass": true,
              "fail": false,
              "pending": false,
              "context": null,
              "code": "cy.get('.pixel').should('have.length', 25).each(function (pixel) {\n  expect(pixel).to.have.css('background-color', WHITE);\n});",
              "err": {},
              "uuid": "5deaea21-04da-4f00-a13c-b7a1ef6116a8",
              "parentUUID": "80dd00c3-794d-4a3e-b875-87032315145a",
              "isHook": false,
              "skipped": false
            },
            {
              "title": "Verifica se o quadro de pixels aparece abaixo da paleta de cores",
              "fullTitle": "4 - Adicione à página um quadro de pixels, com 25 pixels. Verifica se o quadro de pixels aparece abaixo da paleta de cores",
              "timedOut": null,
              "duration": 262,
              "state": "passed",
              "speed": "slow",
              "pass": true,
              "fail": false,
              "pending": false,
              "context": null,
              "code": "cy.get('#color-palette').then(function (palette) {\n  cy.get('#pixel-board').should('be.belowOf', palette);\n});",
              "err": {},
              "uuid": "bfc9acde-9028-4898-8f24-c1e0bf4b44ad",
              "parentUUID": "80dd00c3-794d-4a3e-b875-87032315145a",
              "isHook": false,
              "skipped": false
            }
          ],
          "suites": [],
          "passes": [
            "f1e2180e-50b2-4c54-86d6-cb9f4081a751",
            "dd7aa059-1924-4ee0-9ef2-82a2c1f32010",
            "5deaea21-04da-4f00-a13c-b7a1ef6116a8",
            "bfc9acde-9028-4898-8f24-c1e0bf4b44ad"
          ],
          "failures": [],
          "pending": [],
          "skipped": [],
          "duration": 1369,
          "root": false,
          "rootEmpty": false,
          "_timeout": 2000
        },
        {
          "uuid": "24742c9f-5568-4915-ae35-636e1d678fce",
          "title": "5 - Faça com que cada elemento do quadro de pixels possua 40 pixels de largura, 40 pixels de altura e seja delimitado por uma borda preta de 1 pixel.",
          "fullFile": "",
          "file": "",
          "beforeHooks": [],
          "afterHooks": [],
          "tests": [
            {
              "title": "Verifica se o quadro de pixels tem altura e comprimento de 5 elementos",
              "fullTitle": "5 - Faça com que cada elemento do quadro de pixels possua 40 pixels de largura, 40 pixels de altura e seja delimitado por uma borda preta de 1 pixel. Verifica se o quadro de pixels tem altura e comprimento de 5 elementos",
              "timedOut": null,
              "duration": 741,
              "state": "passed",
              "speed": "slow",
              "pass": true,
              "fail": false,
              "pending": false,
              "context": null,
              "code": "cy.get('.pixel').should('have.length', 25).each(function (pixel) {\n  expect(pixel).to.have.css('background-color', WHITE);\n}).and(function (pixels) {\n  var rows = chunk(pixels, 5);\n  rows.forEach(function (row) {\n    for (var index = 1; index < row.length; index += 1) {\n      var current = pixels[index];\n      var previous = pixels[index - 1];\n      cy.wrap(current).should('be.onTheRightOf', previous).and('be.horizontallyAlignedWith', previous);\n    }\n  });\n  for (var index = 1; index < 5; index += 1) {\n    expect(pixels[index * 5]).to.be.belowOf(pixels[(index - 1) * 5]);\n  }\n});",
              "err": {},
              "uuid": "0d1fb16d-c781-4568-bdaa-2720e6035a48",
              "parentUUID": "24742c9f-5568-4915-ae35-636e1d678fce",
              "isHook": false,
              "skipped": false
            },
            {
              "title": "Verifica se 40 pixels é o tamanho total do elemento, incluindo seu conteúdo e excluindo a borda preta, que deve ser criada à parte.",
              "fullTitle": "5 - Faça com que cada elemento do quadro de pixels possua 40 pixels de largura, 40 pixels de altura e seja delimitado por uma borda preta de 1 pixel. Verifica se 40 pixels é o tamanho total do elemento, incluindo seu conteúdo e excluindo a borda preta, que deve ser criada à parte.",
              "timedOut": null,
              "duration": 815,
              "state": "passed",
              "speed": "slow",
              "pass": true,
              "fail": false,
              "pending": false,
              "context": null,
              "code": "cy.get('.pixel').each(function (pixel) {\n  cy.wrap(pixel).should('have.css', 'height', '40px').and('have.css', 'width', '40px').and('have.css', 'border', \"1px solid \".concat(BLACK));\n});",
              "err": {},
              "uuid": "0aae0644-23d3-4267-b206-1ffb74646932",
              "parentUUID": "24742c9f-5568-4915-ae35-636e1d678fce",
              "isHook": false,
              "skipped": false
            }
          ],
          "suites": [],
          "passes": [
            "0d1fb16d-c781-4568-bdaa-2720e6035a48",
            "0aae0644-23d3-4267-b206-1ffb74646932"
          ],
          "failures": [],
          "pending": [],
          "skipped": [],
          "duration": 1556,
          "root": false,
          "rootEmpty": false,
          "_timeout": 2000
        },
        {
          "uuid": "1b951ebf-c5f6-47b5-8336-fa747cc63cca",
          "title": "6 - Defina a cor preta como cor inicial. Ao carregar a página a cor preta já deve estar selecionada para pintar os pixels",
          "fullFile": "",
          "file": "",
          "beforeHooks": [],
          "afterHooks": [],
          "tests": [
            {
              "title": "Verifica se o elemento da cor preta possui, inicialmente, a `classe` `selected`",
              "fullTitle": "6 - Defina a cor preta como cor inicial. Ao carregar a página a cor preta já deve estar selecionada para pintar os pixels Verifica se o elemento da cor preta possui, inicialmente, a `classe` `selected`",
              "timedOut": null,
              "duration": 335,
              "state": "passed",
              "speed": "slow",
              "pass": true,
              "fail": false,
              "pending": false,
              "context": null,
              "code": "cy.get('.selected').first().should('have.css', 'background-color', BLACK);",
              "err": {},
              "uuid": "f05f9ff4-8549-4523-8d8a-b68e1a9dd63d",
              "parentUUID": "1b951ebf-c5f6-47b5-8336-fa747cc63cca",
              "isHook": false,
              "skipped": false
            },
            {
              "title": "Verifica se nenhuma outra cor da paleta tem a `classe` `selected`",
              "fullTitle": "6 - Defina a cor preta como cor inicial. Ao carregar a página a cor preta já deve estar selecionada para pintar os pixels Verifica se nenhuma outra cor da paleta tem a `classe` `selected`",
              "timedOut": null,
              "duration": 288,
              "state": "passed",
              "speed": "slow",
              "pass": true,
              "fail": false,
              "pending": false,
              "context": null,
              "code": "cy.get('.color:not(:first-child)').each(function (color) {\n  cy.wrap(color).should('not.have.class', 'selected');\n});",
              "err": {},
              "uuid": "c34e420e-1cfa-482d-9eff-9e34270011c4",
              "parentUUID": "1b951ebf-c5f6-47b5-8336-fa747cc63cca",
              "isHook": false,
              "skipped": false
            }
          ],
          "suites": [],
          "passes": [
            "f05f9ff4-8549-4523-8d8a-b68e1a9dd63d",
            "c34e420e-1cfa-482d-9eff-9e34270011c4"
          ],
          "failures": [],
          "pending": [],
          "skipped": [],
          "duration": 623,
          "root": false,
          "rootEmpty": false,
          "_timeout": 2000
        },
        {
          "uuid": "05577c4a-3def-4309-93ed-ef677f6a6dec",
          "title": "7 - Clicar em uma das cores da paleta, faz com que ela seja selecionada e utilizada para preencher os pixels no quadro.",
          "fullFile": "",
          "file": "",
          "beforeHooks": [],
          "afterHooks": [],
          "tests": [
            {
              "title": "Verifica se somente uma cor da paleta de cores tem a classe `selected` de cada vez",
              "fullTitle": "7 - Clicar em uma das cores da paleta, faz com que ela seja selecionada e utilizada para preencher os pixels no quadro. Verifica se somente uma cor da paleta de cores tem a classe `selected` de cada vez",
              "timedOut": null,
              "duration": 883,
              "state": "passed",
              "speed": "slow",
              "pass": true,
              "fail": false,
              "pending": false,
              "context": null,
              "code": "cy.get('.color').each(function (selectedColor, selectedColorIndex) {\n  cy.wrap(selectedColor).click();\n  cy.get('.color').each(function (color, colorIndex) {\n    if (colorIndex === selectedColorIndex) {\n      expect(color).to.have[\"class\"]('selected');\n    } else {\n      expect(color).not.to.have[\"class\"]('selected');\n    }\n  });\n});",
              "err": {},
              "uuid": "22b7ee50-43f6-47ee-b871-7ea124876716",
              "parentUUID": "05577c4a-3def-4309-93ed-ef677f6a6dec",
              "isHook": false,
              "skipped": false
            },
            {
              "title": "Verifica se os pixels dentro do quadro não têm a classe `selected` quando são clicados",
              "fullTitle": "7 - Clicar em uma das cores da paleta, faz com que ela seja selecionada e utilizada para preencher os pixels no quadro. Verifica se os pixels dentro do quadro não têm a classe `selected` quando são clicados",
              "timedOut": null,
              "duration": 9159,
              "state": "passed",
              "speed": "slow",
              "pass": true,
              "fail": false,
              "pending": false,
              "context": null,
              "code": "cy.get('.color').each(function (color) {\n  var backgroundColor = color.css('background-color');\n  cy.wrap(color).click();\n  cy.get('.pixel').each(function (pixel) {\n    cy.wrap(pixel).click().should('not.have.class', 'selected');\n  });\n});",
              "err": {},
              "uuid": "960d94ff-653a-40e2-9d4e-baf2122b49f3",
              "parentUUID": "05577c4a-3def-4309-93ed-ef677f6a6dec",
              "isHook": false,
              "skipped": false
            }
          ],
          "suites": [],
          "passes": [
            "22b7ee50-43f6-47ee-b871-7ea124876716",
            "960d94ff-653a-40e2-9d4e-baf2122b49f3"
          ],
          "failures": [],
          "pending": [],
          "skipped": [],
          "duration": 10042,
          "root": false,
          "rootEmpty": false,
          "_timeout": 2000
        },
        {
          "uuid": "f46a5dba-ac98-4809-8e71-b1b933e05366",
          "title": "8 - Clicar em um pixel dentro do quadro após selecionar uma cor na paleta, faz com que o pixel seja preenchido com a cor selecionada.",
          "fullFile": "",
          "file": "",
          "beforeHooks": [],
          "afterHooks": [],
          "tests": [
            {
              "title": "Verifica se ao carregar a página deve ser possível pintar os pixels de preto",
              "fullTitle": "8 - Clicar em um pixel dentro do quadro após selecionar uma cor na paleta, faz com que o pixel seja preenchido com a cor selecionada. Verifica se ao carregar a página deve ser possível pintar os pixels de preto",
              "timedOut": null,
              "duration": 5379,
              "state": "failed",
              "speed": null,
              "pass": false,
              "fail": true,
              "pending": false,
              "context": null,
              "code": "cy.get('.pixel').each(function (pixel) {\n  cy.wrap(pixel).click().should('have.css', 'background-color', BLACK);\n});",
              "err": {
                "message": "CypressError: Timed out retrying: expected '<div.pixel>' to have CSS property 'background-color' with the value 'rgb(0, 0, 0)', but the value was 'rgb(255, 255, 255)'",
                "estack": "CypressError: Timed out retrying: expected '<div.pixel>' to have CSS property 'background-color' with the value 'rgb(0, 0, 0)', but the value was 'rgb(255, 255, 255)'\n    at cypressErr (http://localhost:64114/__cypress/runner/cypress_runner.js:149934:9)\n    at throwErr (http://localhost:64114/__cypress/runner/cypress_runner.js:149867:11)\n    at Object.throwErrByPath (http://localhost:64114/__cypress/runner/cypress_runner.js:149915:3)\n    at retry (http://localhost:64114/__cypress/runner/cypress_runner.js:144197:19)\n    at onFailFn (http://localhost:64114/__cypress/runner/cypress_runner.js:132448:16)\n    at tryCatcher (http://localhost:64114/__cypress/runner/cypress_runner.js:167415:23)\n    at Promise._settlePromiseFromHandler (http://localhost:64114/__cypress/runner/cypress_runner.js:165351:31)\n    at Promise._settlePromise (http://localhost:64114/__cypress/runner/cypress_runner.js:165408:18)\n    at Promise._settlePromise0 (http://localhost:64114/__cypress/runner/cypress_runner.js:165453:10)\n    at Promise._settlePromises (http://localhost:64114/__cypress/runner/cypress_runner.js:165528:18)\n    at Async../node_modules/bluebird/js/release/async.js.Async._drainQueue (http://localhost:64114/__cypress/runner/cypress_runner.js:162140:16)\n    at Async../node_modules/bluebird/js/release/async.js.Async._drainQueues (http://localhost:64114/__cypress/runner/cypress_runner.js:162150:10)\n    at Async.drainQueues (http://localhost:64114/__cypress/runner/cypress_runner.js:162024:14)",
                "diff": null
              },
              "uuid": "e6cded03-8e0a-47fc-b339-5a90df1b6b2d",
              "parentUUID": "f46a5dba-ac98-4809-8e71-b1b933e05366",
              "isHook": false,
              "skipped": false
            },
            {
              "title": "Verifica se após selecionar uma outra cor na paleta, é possível pintar os pixels com essa cor",
              "fullTitle": "8 - Clicar em um pixel dentro do quadro após selecionar uma cor na paleta, faz com que o pixel seja preenchido com a cor selecionada. Verifica se após selecionar uma outra cor na paleta, é possível pintar os pixels com essa cor",
              "timedOut": null,
              "duration": 5135,
              "state": "failed",
              "speed": null,
              "pass": false,
              "fail": true,
              "pending": false,
              "context": null,
              "code": "cy.get('.color').each(function (color) {\n  var backgroundColor = color.css('background-color');\n  cy.wrap(color).click();\n  cy.get('.pixel').each(function (pixel) {\n    cy.wrap(pixel).click().should('have.css', 'background-color', backgroundColor);\n  });\n});",
              "err": {
                "message": "CypressError: Timed out retrying: expected '<div.pixel>' to have CSS property 'background-color' with the value 'rgb(0, 0, 0)', but the value was 'rgb(255, 255, 255)'",
                "estack": "CypressError: Timed out retrying: expected '<div.pixel>' to have CSS property 'background-color' with the value 'rgb(0, 0, 0)', but the value was 'rgb(255, 255, 255)'\n    at cypressErr (http://localhost:64114/__cypress/runner/cypress_runner.js:149934:9)\n    at throwErr (http://localhost:64114/__cypress/runner/cypress_runner.js:149867:11)\n    at Object.throwErrByPath (http://localhost:64114/__cypress/runner/cypress_runner.js:149915:3)\n    at retry (http://localhost:64114/__cypress/runner/cypress_runner.js:144197:19)\n    at onFailFn (http://localhost:64114/__cypress/runner/cypress_runner.js:132448:16)\n    at tryCatcher (http://localhost:64114/__cypress/runner/cypress_runner.js:167415:23)\n    at Promise._settlePromiseFromHandler (http://localhost:64114/__cypress/runner/cypress_runner.js:165351:31)\n    at Promise._settlePromise (http://localhost:64114/__cypress/runner/cypress_runner.js:165408:18)\n    at Promise._settlePromise0 (http://localhost:64114/__cypress/runner/cypress_runner.js:165453:10)\n    at Promise._settlePromises (http://localhost:64114/__cypress/runner/cypress_runner.js:165528:18)\n    at Async../node_modules/bluebird/js/release/async.js.Async._drainQueue (http://localhost:64114/__cypress/runner/cypress_runner.js:162140:16)\n    at Async../node_modules/bluebird/js/release/async.js.Async._drainQueues (http://localhost:64114/__cypress/runner/cypress_runner.js:162150:10)\n    at Async.drainQueues (http://localhost:64114/__cypress/runner/cypress_runner.js:162024:14)",
                "diff": null
              },
              "uuid": "cf68a1fc-c8e8-4872-b1bd-d117bfb4e85c",
              "parentUUID": "f46a5dba-ac98-4809-8e71-b1b933e05366",
              "isHook": false,
              "skipped": false
            },
            {
              "title": "Verifica se somente o pixel que foi clicado foi preenchido com a cor selecionada, sem influenciar na cor dos demais pixels.",
              "fullTitle": "8 - Clicar em um pixel dentro do quadro após selecionar uma cor na paleta, faz com que o pixel seja preenchido com a cor selecionada. Verifica se somente o pixel que foi clicado foi preenchido com a cor selecionada, sem influenciar na cor dos demais pixels.",
              "timedOut": null,
              "duration": 2674,
              "state": "passed",
              "speed": "slow",
              "pass": true,
              "fail": false,
              "pending": false,
              "context": null,
              "code": "var colorToPixelIndexMap = {\n  0: 6,\n  1: 8,\n  2: 16,\n  3: 18\n};\ncy.get('.color').each(function (color, index) {\n  cy.wrap(color).click();\n  var backgroundColor = color.css('background-color');\n  var clickedPixelIndex = colorToPixelIndexMap[index];\n  cy.get('.pixel').eq(clickedPixelIndex).click();\n  cy.get('.pixel').eq(clickedPixelIndex - 1).should('not.have.css', 'background-color', backgroundColor);\n  cy.get('.pixel').eq(clickedPixelIndex + 1).should('not.have.css', 'background-color', backgroundColor);\n  cy.get('.pixel').eq(clickedPixelIndex - 5).should('not.have.css', 'background-color', backgroundColor);\n  cy.get('.pixel').eq(clickedPixelIndex + 5).should('not.have.css', 'background-color', backgroundColor);\n  cy.get('.pixel').eq(clickedPixelIndex - 6).should('not.have.css', 'background-color', backgroundColor);\n  cy.get('.pixel').eq(clickedPixelIndex - 4).should('not.have.css', 'background-color', backgroundColor);\n  cy.get('.pixel').eq(clickedPixelIndex + 4).should('not.have.css', 'background-color', backgroundColor);\n  cy.get('.pixel').eq(clickedPixelIndex + 6).should('not.have.css', 'background-color', backgroundColor);\n});",
              "err": {},
              "uuid": "d0d904e3-7781-4502-acfd-9ee57ae80210",
              "parentUUID": "f46a5dba-ac98-4809-8e71-b1b933e05366",
              "isHook": false,
              "skipped": false
            }
          ],
          "suites": [],
          "passes": [
            "d0d904e3-7781-4502-acfd-9ee57ae80210"
          ],
          "failures": [
            "e6cded03-8e0a-47fc-b339-5a90df1b6b2d",
            "cf68a1fc-c8e8-4872-b1bd-d117bfb4e85c"
          ],
          "pending": [],
          "skipped": [],
          "duration": 13188,
          "root": false,
          "rootEmpty": false,
          "_timeout": 2000
        },
        {
          "uuid": "aec56fab-0576-45a2-95ef-512c81e5389c",
          "title": "9 - Crie um botão que, ao ser clicado, limpa o quadro preenchendo a cor de todos seus pixels com branco.",
          "fullFile": "",
          "file": "",
          "beforeHooks": [],
          "afterHooks": [],
          "tests": [
            {
              "title": "Verifica se o botão tem o `id` denominado `clear-board`",
              "fullTitle": "9 - Crie um botão que, ao ser clicado, limpa o quadro preenchendo a cor de todos seus pixels com branco. Verifica se o botão tem o `id` denominado `clear-board`",
              "timedOut": null,
              "duration": 400,
              "state": "passed",
              "speed": "slow",
              "pass": true,
              "fail": false,
              "pending": false,
              "context": null,
              "code": "cy.get('#clear-board').should('be.visible');",
              "err": {},
              "uuid": "bf8ebb60-e5d7-44af-abcc-8a1e197cf8e6",
              "parentUUID": "aec56fab-0576-45a2-95ef-512c81e5389c",
              "isHook": false,
              "skipped": false
            },
            {
              "title": "Verifica se o botão está posicionado entre a paleta de cores e o quadro de pixels",
              "fullTitle": "9 - Crie um botão que, ao ser clicado, limpa o quadro preenchendo a cor de todos seus pixels com branco. Verifica se o botão está posicionado entre a paleta de cores e o quadro de pixels",
              "timedOut": null,
              "duration": 290,
              "state": "passed",
              "speed": "slow",
              "pass": true,
              "fail": false,
              "pending": false,
              "context": null,
              "code": "cy.get('#color-palette').then(function (palette) {\n  cy.get('#clear-board').should('be.belowOf', palette);\n});\ncy.get('#clear-board').then(function (clearBtn) {\n  cy.get('#pixel-board').should('be.belowOf', clearBtn);\n});",
              "err": {},
              "uuid": "6ec4bbb4-3045-49ef-a6ff-4d0d1f8c94a1",
              "parentUUID": "aec56fab-0576-45a2-95ef-512c81e5389c",
              "isHook": false,
              "skipped": false
            },
            {
              "title": "Verifica se o texto do botão é 'Limpar'",
              "fullTitle": "9 - Crie um botão que, ao ser clicado, limpa o quadro preenchendo a cor de todos seus pixels com branco. Verifica se o texto do botão é 'Limpar'",
              "timedOut": null,
              "duration": 283,
              "state": "passed",
              "speed": "slow",
              "pass": true,
              "fail": false,
              "pending": false,
              "context": null,
              "code": "cy.get('#clear-board').should('contain.text', 'Limpar');",
              "err": {},
              "uuid": "366c941b-8051-4fbf-a18d-865748abedc7",
              "parentUUID": "aec56fab-0576-45a2-95ef-512c81e5389c",
              "isHook": false,
              "skipped": false
            },
            {
              "title": "Verifica se ao clicar no botão, o quadro de pixels é totalmente preenchido de branco",
              "fullTitle": "9 - Crie um botão que, ao ser clicado, limpa o quadro preenchendo a cor de todos seus pixels com branco. Verifica se ao clicar no botão, o quadro de pixels é totalmente preenchido de branco",
              "timedOut": null,
              "duration": 4897,
              "state": "failed",
              "speed": null,
              "pass": false,
              "fail": true,
              "pending": false,
              "context": null,
              "code": "cy.get('.color').eq(1).then(function (color) {\n  var backgroundColor = color.css('background-color');\n  cy.wrap(color).click();\n  cy.get('.pixel').each(function (pixel) {\n    cy.wrap(pixel).click().should('have.css', 'background-color', backgroundColor);\n  });\n});\ncy.get('#clear-board').click();\ncy.get('.pixel').each(function (pixel) {\n  cy.wrap(pixel).should('have.css', 'background-color', WHITE);\n});",
              "err": {
                "message": "CypressError: Timed out retrying: expected '<div.pixel>' to have CSS property 'background-color' with the value 'rgb(12, 114, 142)', but the value was 'rgb(255, 255, 255)'",
                "estack": "CypressError: Timed out retrying: expected '<div.pixel>' to have CSS property 'background-color' with the value 'rgb(12, 114, 142)', but the value was 'rgb(255, 255, 255)'\n    at cypressErr (http://localhost:64114/__cypress/runner/cypress_runner.js:149934:9)\n    at throwErr (http://localhost:64114/__cypress/runner/cypress_runner.js:149867:11)\n    at Object.throwErrByPath (http://localhost:64114/__cypress/runner/cypress_runner.js:149915:3)\n    at retry (http://localhost:64114/__cypress/runner/cypress_runner.js:144197:19)\n    at onFailFn (http://localhost:64114/__cypress/runner/cypress_runner.js:132448:16)\n    at tryCatcher (http://localhost:64114/__cypress/runner/cypress_runner.js:167415:23)\n    at Promise._settlePromiseFromHandler (http://localhost:64114/__cypress/runner/cypress_runner.js:165351:31)\n    at Promise._settlePromise (http://localhost:64114/__cypress/runner/cypress_runner.js:165408:18)\n    at Promise._settlePromise0 (http://localhost:64114/__cypress/runner/cypress_runner.js:165453:10)\n    at Promise._settlePromises (http://localhost:64114/__cypress/runner/cypress_runner.js:165528:18)\n    at Async../node_modules/bluebird/js/release/async.js.Async._drainQueue (http://localhost:64114/__cypress/runner/cypress_runner.js:162140:16)\n    at Async../node_modules/bluebird/js/release/async.js.Async._drainQueues (http://localhost:64114/__cypress/runner/cypress_runner.js:162150:10)\n    at Async.drainQueues (http://localhost:64114/__cypress/runner/cypress_runner.js:162024:14)",
                "diff": null
              },
              "uuid": "76dd7495-1d4d-42bd-985d-3152d3bca400",
              "parentUUID": "aec56fab-0576-45a2-95ef-512c81e5389c",
              "isHook": false,
              "skipped": false
            }
          ],
          "suites": [],
          "passes": [
            "bf8ebb60-e5d7-44af-abcc-8a1e197cf8e6",
            "6ec4bbb4-3045-49ef-a6ff-4d0d1f8c94a1",
            "366c941b-8051-4fbf-a18d-865748abedc7"
          ],
          "failures": [
            "76dd7495-1d4d-42bd-985d-3152d3bca400"
          ],
          "pending": [],
          "skipped": [],
          "duration": 5870,
          "root": false,
          "rootEmpty": false,
          "_timeout": 2000
        },
        {
          "uuid": "0cfd64e9-f70a-4881-97aa-b11f53e73d56",
          "title": "10 - Faça o quadro de pixels ter seu tamanho definido pelo usuário.",
          "fullFile": "",
          "file": "",
          "beforeHooks": [],
          "afterHooks": [],
          "tests": [
            {
              "title": "Verifica se existe um input com o id `board-size`",
              "fullTitle": "10 - Faça o quadro de pixels ter seu tamanho definido pelo usuário. Verifica se existe um input com o id `board-size`",
              "timedOut": null,
              "duration": 5320,
              "state": "failed",
              "speed": null,
              "pass": false,
              "fail": true,
              "pending": false,
              "context": null,
              "code": "cy.get('#board-size').should('be.visible');",
              "err": {
                "message": "CypressError: Timed out retrying: Expected to find element: '#board-size', but never found it.",
                "estack": "CypressError: Timed out retrying: Expected to find element: '#board-size', but never found it.\n    at cypressErr (http://localhost:64114/__cypress/runner/cypress_runner.js:149934:9)\n    at throwErr (http://localhost:64114/__cypress/runner/cypress_runner.js:149867:11)\n    at Object.throwErrByPath (http://localhost:64114/__cypress/runner/cypress_runner.js:149915:3)\n    at retry (http://localhost:64114/__cypress/runner/cypress_runner.js:144197:19)\n    at onFailFn (http://localhost:64114/__cypress/runner/cypress_runner.js:132448:16)\n    at tryCatcher (http://localhost:64114/__cypress/runner/cypress_runner.js:167415:23)\n    at Promise._settlePromiseFromHandler (http://localhost:64114/__cypress/runner/cypress_runner.js:165351:31)\n    at Promise._settlePromise (http://localhost:64114/__cypress/runner/cypress_runner.js:165408:18)\n    at Promise._settlePromise0 (http://localhost:64114/__cypress/runner/cypress_runner.js:165453:10)\n    at Promise._settlePromises (http://localhost:64114/__cypress/runner/cypress_runner.js:165528:18)\n    at Async../node_modules/bluebird/js/release/async.js.Async._drainQueue (http://localhost:64114/__cypress/runner/cypress_runner.js:162140:16)\n    at Async../node_modules/bluebird/js/release/async.js.Async._drainQueues (http://localhost:64114/__cypress/runner/cypress_runner.js:162150:10)\n    at Async.drainQueues (http://localhost:64114/__cypress/runner/cypress_runner.js:162024:14)",
                "diff": null
              },
              "uuid": "f8b9c59a-9c38-46f4-ba32-27df31f0f56b",
              "parentUUID": "0cfd64e9-f70a-4881-97aa-b11f53e73d56",
              "isHook": false,
              "skipped": false
            },
            {
              "title": "Verifica se existe um botão com o id `generate-board`",
              "fullTitle": "10 - Faça o quadro de pixels ter seu tamanho definido pelo usuário. Verifica se existe um botão com o id `generate-board`",
              "timedOut": null,
              "duration": 5752,
              "state": "failed",
              "speed": null,
              "pass": false,
              "fail": true,
              "pending": false,
              "context": null,
              "code": "cy.get('#generate-board').should('be.visible');",
              "err": {
                "message": "CypressError: Timed out retrying: Expected to find element: '#generate-board', but never found it.",
                "estack": "CypressError: Timed out retrying: Expected to find element: '#generate-board', but never found it.\n    at cypressErr (http://localhost:64114/__cypress/runner/cypress_runner.js:149934:9)\n    at throwErr (http://localhost:64114/__cypress/runner/cypress_runner.js:149867:11)\n    at Object.throwErrByPath (http://localhost:64114/__cypress/runner/cypress_runner.js:149915:3)\n    at retry (http://localhost:64114/__cypress/runner/cypress_runner.js:144197:19)\n    at onFailFn (http://localhost:64114/__cypress/runner/cypress_runner.js:132448:16)\n    at tryCatcher (http://localhost:64114/__cypress/runner/cypress_runner.js:167415:23)\n    at Promise._settlePromiseFromHandler (http://localhost:64114/__cypress/runner/cypress_runner.js:165351:31)\n    at Promise._settlePromise (http://localhost:64114/__cypress/runner/cypress_runner.js:165408:18)\n    at Promise._settlePromise0 (http://localhost:64114/__cypress/runner/cypress_runner.js:165453:10)\n    at Promise._settlePromises (http://localhost:64114/__cypress/runner/cypress_runner.js:165528:18)\n    at Async../node_modules/bluebird/js/release/async.js.Async._drainQueue (http://localhost:64114/__cypress/runner/cypress_runner.js:162140:16)\n    at Async../node_modules/bluebird/js/release/async.js.Async._drainQueues (http://localhost:64114/__cypress/runner/cypress_runner.js:162150:10)\n    at Async.drainQueues (http://localhost:64114/__cypress/runner/cypress_runner.js:162024:14)",
                "diff": null
              },
              "uuid": "21adabb8-f458-4c9a-b64f-f514bcb9ed6a",
              "parentUUID": "0cfd64e9-f70a-4881-97aa-b11f53e73d56",
              "isHook": false,
              "skipped": false
            },
            {
              "title": "Verifica se o input só aceita número maiores que zero. Essa restrição deve ser feita usando os atributos do elemento `input`",
              "fullTitle": "10 - Faça o quadro de pixels ter seu tamanho definido pelo usuário. Verifica se o input só aceita número maiores que zero. Essa restrição deve ser feita usando os atributos do elemento `input`",
              "timedOut": null,
              "duration": 4968,
              "state": "failed",
              "speed": null,
              "pass": false,
              "fail": true,
              "pending": false,
              "context": null,
              "code": "cy.get('#board-size[type=\\'number\\'][min=\\'1\\']');",
              "err": {
                "message": "CypressError: Timed out retrying: Expected to find element: '#board-size[type='number'][min='1']', but never found it.",
                "estack": "CypressError: Timed out retrying: Expected to find element: '#board-size[type='number'][min='1']', but never found it.\n    at cypressErr (http://localhost:64114/__cypress/runner/cypress_runner.js:149934:9)\n    at throwErr (http://localhost:64114/__cypress/runner/cypress_runner.js:149867:11)\n    at Object.throwErrByPath (http://localhost:64114/__cypress/runner/cypress_runner.js:149915:3)\n    at retry (http://localhost:64114/__cypress/runner/cypress_runner.js:144197:19)\n    at onFailFn (http://localhost:64114/__cypress/runner/cypress_runner.js:132448:16)\n    at tryCatcher (http://localhost:64114/__cypress/runner/cypress_runner.js:167415:23)\n    at Promise._settlePromiseFromHandler (http://localhost:64114/__cypress/runner/cypress_runner.js:165351:31)\n    at Promise._settlePromise (http://localhost:64114/__cypress/runner/cypress_runner.js:165408:18)\n    at Promise._settlePromise0 (http://localhost:64114/__cypress/runner/cypress_runner.js:165453:10)\n    at Promise._settlePromises (http://localhost:64114/__cypress/runner/cypress_runner.js:165528:18)\n    at Async../node_modules/bluebird/js/release/async.js.Async._drainQueue (http://localhost:64114/__cypress/runner/cypress_runner.js:162140:16)\n    at Async../node_modules/bluebird/js/release/async.js.Async._drainQueues (http://localhost:64114/__cypress/runner/cypress_runner.js:162150:10)\n    at Async.drainQueues (http://localhost:64114/__cypress/runner/cypress_runner.js:162024:14)",
                "diff": null
              },
              "uuid": "f5fe5d29-e6a2-4bc4-ba0f-d030ec9867a8",
              "parentUUID": "0cfd64e9-f70a-4881-97aa-b11f53e73d56",
              "isHook": false,
              "skipped": false
            },
            {
              "title": "Verifica se o botão contém o texto 'VQV'",
              "fullTitle": "10 - Faça o quadro de pixels ter seu tamanho definido pelo usuário. Verifica se o botão contém o texto 'VQV'",
              "timedOut": null,
              "duration": 6103,
              "state": "failed",
              "speed": null,
              "pass": false,
              "fail": true,
              "pending": false,
              "context": null,
              "code": "cy.get('#generate-board').contains(/vqv/i);",
              "err": {
                "message": "CypressError: Timed out retrying: Expected to find element: '#generate-board', but never found it.",
                "estack": "CypressError: Timed out retrying: Expected to find element: '#generate-board', but never found it.\n    at cypressErr (http://localhost:64114/__cypress/runner/cypress_runner.js:149934:9)\n    at throwErr (http://localhost:64114/__cypress/runner/cypress_runner.js:149867:11)\n    at Object.throwErrByPath (http://localhost:64114/__cypress/runner/cypress_runner.js:149915:3)\n    at retry (http://localhost:64114/__cypress/runner/cypress_runner.js:144197:19)\n    at onFailFn (http://localhost:64114/__cypress/runner/cypress_runner.js:132448:16)\n    at tryCatcher (http://localhost:64114/__cypress/runner/cypress_runner.js:167415:23)\n    at Promise._settlePromiseFromHandler (http://localhost:64114/__cypress/runner/cypress_runner.js:165351:31)\n    at Promise._settlePromise (http://localhost:64114/__cypress/runner/cypress_runner.js:165408:18)\n    at Promise._settlePromise0 (http://localhost:64114/__cypress/runner/cypress_runner.js:165453:10)\n    at Promise._settlePromises (http://localhost:64114/__cypress/runner/cypress_runner.js:165528:18)\n    at Async../node_modules/bluebird/js/release/async.js.Async._drainQueue (http://localhost:64114/__cypress/runner/cypress_runner.js:162140:16)\n    at Async../node_modules/bluebird/js/release/async.js.Async._drainQueues (http://localhost:64114/__cypress/runner/cypress_runner.js:162150:10)\n    at Async.drainQueues (http://localhost:64114/__cypress/runner/cypress_runner.js:162024:14)",
                "diff": null
              },
              "uuid": "a5cd679d-73a4-4b26-b444-2e9875097e4c",
              "parentUUID": "0cfd64e9-f70a-4881-97aa-b11f53e73d56",
              "isHook": false,
              "skipped": false
            },
            {
              "title": "Verifica se o input está posicionado entre a paleta de cores e o quadro de pixels",
              "fullTitle": "10 - Faça o quadro de pixels ter seu tamanho definido pelo usuário. Verifica se o input está posicionado entre a paleta de cores e o quadro de pixels",
              "timedOut": null,
              "duration": 5583,
              "state": "failed",
              "speed": null,
              "pass": false,
              "fail": true,
              "pending": false,
              "context": null,
              "code": "cy.get('#color-palette').then(function (palette) {\n  cy.get('#board-size').should('be.belowOf', palette);\n});\ncy.get('#board-size').then(function (palette) {\n  cy.get('#pixel-board').should('be.belowOf', palette);\n});",
              "err": {
                "message": "CypressError: Timed out retrying: Expected to find element: '#board-size', but never found it.",
                "estack": "CypressError: Timed out retrying: Expected to find element: '#board-size', but never found it.\n    at cypressErr (http://localhost:64114/__cypress/runner/cypress_runner.js:149934:9)\n    at throwErr (http://localhost:64114/__cypress/runner/cypress_runner.js:149867:11)\n    at Object.throwErrByPath (http://localhost:64114/__cypress/runner/cypress_runner.js:149915:3)\n    at retry (http://localhost:64114/__cypress/runner/cypress_runner.js:144197:19)\n    at onFailFn (http://localhost:64114/__cypress/runner/cypress_runner.js:132448:16)\n    at tryCatcher (http://localhost:64114/__cypress/runner/cypress_runner.js:167415:23)\n    at Promise._settlePromiseFromHandler (http://localhost:64114/__cypress/runner/cypress_runner.js:165351:31)\n    at Promise._settlePromise (http://localhost:64114/__cypress/runner/cypress_runner.js:165408:18)\n    at Promise._settlePromise0 (http://localhost:64114/__cypress/runner/cypress_runner.js:165453:10)\n    at Promise._settlePromises (http://localhost:64114/__cypress/runner/cypress_runner.js:165528:18)\n    at Async../node_modules/bluebird/js/release/async.js.Async._drainQueue (http://localhost:64114/__cypress/runner/cypress_runner.js:162140:16)\n    at Async../node_modules/bluebird/js/release/async.js.Async._drainQueues (http://localhost:64114/__cypress/runner/cypress_runner.js:162150:10)\n    at Async.drainQueues (http://localhost:64114/__cypress/runner/cypress_runner.js:162024:14)",
                "diff": null
              },
              "uuid": "7eb30f3a-64ee-487e-b433-79a0f444fd9e",
              "parentUUID": "0cfd64e9-f70a-4881-97aa-b11f53e73d56",
              "isHook": false,
              "skipped": false
            },
            {
              "title": "Verifica se o botão está posicionado ao lado do input",
              "fullTitle": "10 - Faça o quadro de pixels ter seu tamanho definido pelo usuário. Verifica se o botão está posicionado ao lado do input",
              "timedOut": null,
              "duration": 5513,
              "state": "failed",
              "speed": null,
              "pass": false,
              "fail": true,
              "pending": false,
              "context": null,
              "code": "cy.get('#board-size').then(function (board) {\n  cy.get('#generate-board').should('be.onTheRightOf', board);\n});",
              "err": {
                "message": "CypressError: Timed out retrying: Expected to find element: '#board-size', but never found it.",
                "estack": "CypressError: Timed out retrying: Expected to find element: '#board-size', but never found it.\n    at cypressErr (http://localhost:64114/__cypress/runner/cypress_runner.js:149934:9)\n    at throwErr (http://localhost:64114/__cypress/runner/cypress_runner.js:149867:11)\n    at Object.throwErrByPath (http://localhost:64114/__cypress/runner/cypress_runner.js:149915:3)\n    at retry (http://localhost:64114/__cypress/runner/cypress_runner.js:144197:19)\n    at onFailFn (http://localhost:64114/__cypress/runner/cypress_runner.js:132448:16)\n    at tryCatcher (http://localhost:64114/__cypress/runner/cypress_runner.js:167415:23)\n    at Promise._settlePromiseFromHandler (http://localhost:64114/__cypress/runner/cypress_runner.js:165351:31)\n    at Promise._settlePromise (http://localhost:64114/__cypress/runner/cypress_runner.js:165408:18)\n    at Promise._settlePromise0 (http://localhost:64114/__cypress/runner/cypress_runner.js:165453:10)\n    at Promise._settlePromises (http://localhost:64114/__cypress/runner/cypress_runner.js:165528:18)\n    at Async../node_modules/bluebird/js/release/async.js.Async._drainQueue (http://localhost:64114/__cypress/runner/cypress_runner.js:162140:16)\n    at Async../node_modules/bluebird/js/release/async.js.Async._drainQueues (http://localhost:64114/__cypress/runner/cypress_runner.js:162150:10)\n    at Async.drainQueues (http://localhost:64114/__cypress/runner/cypress_runner.js:162024:14)",
                "diff": null
              },
              "uuid": "cd7be367-14b7-41ae-a556-7a1593401ce3",
              "parentUUID": "0cfd64e9-f70a-4881-97aa-b11f53e73d56",
              "isHook": false,
              "skipped": false
            },
            {
              "title": "Verifica se nenhum valor for colocado no input ao clicar no botão, um `alert` é exibido com o texto: 'Board inválido!'",
              "fullTitle": "10 - Faça o quadro de pixels ter seu tamanho definido pelo usuário. Verifica se nenhum valor for colocado no input ao clicar no botão, um `alert` é exibido com o texto: 'Board inválido!'",
              "timedOut": null,
              "duration": 5660,
              "state": "failed",
              "speed": null,
              "pass": false,
              "fail": true,
              "pending": false,
              "context": null,
              "code": "var alerted = false;\ncy.on('window:alert', function (msg) {\n  return alerted = msg;\n});\ncy.get('#generate-board').click().then(function () {\n  return expect(alerted).to.match(/Board inválido!/i);\n});",
              "err": {
                "message": "CypressError: Timed out retrying: Expected to find element: '#generate-board', but never found it.",
                "estack": "CypressError: Timed out retrying: Expected to find element: '#generate-board', but never found it.\n    at cypressErr (http://localhost:64114/__cypress/runner/cypress_runner.js:149934:9)\n    at throwErr (http://localhost:64114/__cypress/runner/cypress_runner.js:149867:11)\n    at Object.throwErrByPath (http://localhost:64114/__cypress/runner/cypress_runner.js:149915:3)\n    at retry (http://localhost:64114/__cypress/runner/cypress_runner.js:144197:19)\n    at onFailFn (http://localhost:64114/__cypress/runner/cypress_runner.js:132448:16)\n    at tryCatcher (http://localhost:64114/__cypress/runner/cypress_runner.js:167415:23)\n    at Promise._settlePromiseFromHandler (http://localhost:64114/__cypress/runner/cypress_runner.js:165351:31)\n    at Promise._settlePromise (http://localhost:64114/__cypress/runner/cypress_runner.js:165408:18)\n    at Promise._settlePromise0 (http://localhost:64114/__cypress/runner/cypress_runner.js:165453:10)\n    at Promise._settlePromises (http://localhost:64114/__cypress/runner/cypress_runner.js:165528:18)\n    at Async../node_modules/bluebird/js/release/async.js.Async._drainQueue (http://localhost:64114/__cypress/runner/cypress_runner.js:162140:16)\n    at Async../node_modules/bluebird/js/release/async.js.Async._drainQueues (http://localhost:64114/__cypress/runner/cypress_runner.js:162150:10)\n    at Async.drainQueues (http://localhost:64114/__cypress/runner/cypress_runner.js:162024:14)",
                "diff": null
              },
              "uuid": "ece218eb-3564-4914-9772-6ac154cdc1e2",
              "parentUUID": "0cfd64e9-f70a-4881-97aa-b11f53e73d56",
              "isHook": false,
              "skipped": false
            },
            {
              "title": "Verifica se ao clicar no botão com um valor preenchido, o tamanho do board muda.",
              "fullTitle": "10 - Faça o quadro de pixels ter seu tamanho definido pelo usuário. Verifica se ao clicar no botão com um valor preenchido, o tamanho do board muda.",
              "timedOut": null,
              "duration": 4887,
              "state": "failed",
              "speed": null,
              "pass": false,
              "fail": true,
              "pending": false,
              "context": null,
              "code": "cy.get('#board-size').clear().type(10);\ncy.get('#generate-board').click();\ncy.get('.pixel').should('have.length', 100);",
              "err": {
                "message": "CypressError: Timed out retrying: Expected to find element: '#board-size', but never found it.",
                "estack": "CypressError: Timed out retrying: Expected to find element: '#board-size', but never found it.\n    at cypressErr (http://localhost:64114/__cypress/runner/cypress_runner.js:149934:9)\n    at throwErr (http://localhost:64114/__cypress/runner/cypress_runner.js:149867:11)\n    at Object.throwErrByPath (http://localhost:64114/__cypress/runner/cypress_runner.js:149915:3)\n    at retry (http://localhost:64114/__cypress/runner/cypress_runner.js:144197:19)\n    at onFailFn (http://localhost:64114/__cypress/runner/cypress_runner.js:132448:16)\n    at tryCatcher (http://localhost:64114/__cypress/runner/cypress_runner.js:167415:23)\n    at Promise._settlePromiseFromHandler (http://localhost:64114/__cypress/runner/cypress_runner.js:165351:31)\n    at Promise._settlePromise (http://localhost:64114/__cypress/runner/cypress_runner.js:165408:18)\n    at Promise._settlePromise0 (http://localhost:64114/__cypress/runner/cypress_runner.js:165453:10)\n    at Promise._settlePromises (http://localhost:64114/__cypress/runner/cypress_runner.js:165528:18)\n    at Async../node_modules/bluebird/js/release/async.js.Async._drainQueue (http://localhost:64114/__cypress/runner/cypress_runner.js:162140:16)\n    at Async../node_modules/bluebird/js/release/async.js.Async._drainQueues (http://localhost:64114/__cypress/runner/cypress_runner.js:162150:10)\n    at Async.drainQueues (http://localhost:64114/__cypress/runner/cypress_runner.js:162024:14)",
                "diff": null
              },
              "uuid": "5d34a01b-5628-41c0-9f33-6449f0fa58b5",
              "parentUUID": "0cfd64e9-f70a-4881-97aa-b11f53e73d56",
              "isHook": false,
              "skipped": false
            },
            {
              "title": "Verifica se o novo quadro tem todos os pixels preenchidos com a cor branca",
              "fullTitle": "10 - Faça o quadro de pixels ter seu tamanho definido pelo usuário. Verifica se o novo quadro tem todos os pixels preenchidos com a cor branca",
              "timedOut": null,
              "duration": 5361,
              "state": "failed",
              "speed": null,
              "pass": false,
              "fail": true,
              "pending": false,
              "context": null,
              "code": "cy.get('#board-size').clear().type(6);\ncy.get('#generate-board').click();\ncy.get('.pixel').should('have.length', 36).each(function (pixel) {\n  expect(pixel).to.have.css('background-color', WHITE);\n});",
              "err": {
                "message": "CypressError: Timed out retrying: Expected to find element: '#board-size', but never found it.",
                "estack": "CypressError: Timed out retrying: Expected to find element: '#board-size', but never found it.\n    at cypressErr (http://localhost:64114/__cypress/runner/cypress_runner.js:149934:9)\n    at throwErr (http://localhost:64114/__cypress/runner/cypress_runner.js:149867:11)\n    at Object.throwErrByPath (http://localhost:64114/__cypress/runner/cypress_runner.js:149915:3)\n    at retry (http://localhost:64114/__cypress/runner/cypress_runner.js:144197:19)\n    at onFailFn (http://localhost:64114/__cypress/runner/cypress_runner.js:132448:16)\n    at tryCatcher (http://localhost:64114/__cypress/runner/cypress_runner.js:167415:23)\n    at Promise._settlePromiseFromHandler (http://localhost:64114/__cypress/runner/cypress_runner.js:165351:31)\n    at Promise._settlePromise (http://localhost:64114/__cypress/runner/cypress_runner.js:165408:18)\n    at Promise._settlePromise0 (http://localhost:64114/__cypress/runner/cypress_runner.js:165453:10)\n    at Promise._settlePromises (http://localhost:64114/__cypress/runner/cypress_runner.js:165528:18)\n    at Async../node_modules/bluebird/js/release/async.js.Async._drainQueue (http://localhost:64114/__cypress/runner/cypress_runner.js:162140:16)\n    at Async../node_modules/bluebird/js/release/async.js.Async._drainQueues (http://localhost:64114/__cypress/runner/cypress_runner.js:162150:10)\n    at Async.drainQueues (http://localhost:64114/__cypress/runner/cypress_runner.js:162024:14)",
                "diff": null
              },
              "uuid": "0dd72041-d071-4f6e-8b96-0d4ecbd68c52",
              "parentUUID": "0cfd64e9-f70a-4881-97aa-b11f53e73d56",
              "isHook": false,
              "skipped": false
            }
          ],
          "suites": [],
          "passes": [],
          "failures": [
            "f8b9c59a-9c38-46f4-ba32-27df31f0f56b",
            "21adabb8-f458-4c9a-b64f-f514bcb9ed6a",
            "f5fe5d29-e6a2-4bc4-ba0f-d030ec9867a8",
            "a5cd679d-73a4-4b26-b444-2e9875097e4c",
            "7eb30f3a-64ee-487e-b433-79a0f444fd9e",
            "cd7be367-14b7-41ae-a556-7a1593401ce3",
            "ece218eb-3564-4914-9772-6ac154cdc1e2",
            "5d34a01b-5628-41c0-9f33-6449f0fa58b5",
            "0dd72041-d071-4f6e-8b96-0d4ecbd68c52"
          ],
          "pending": [],
          "skipped": [],
          "duration": 49147,
          "root": false,
          "rootEmpty": false,
          "_timeout": 2000
        },
        {
          "uuid": "66ea117b-8425-40e7-9cad-69855fffc7bb",
          "title": "11 - Limite o tamanho mínimo e máximo do board.",
          "fullFile": "",
          "file": "",
          "beforeHooks": [],
          "afterHooks": [],
          "tests": [
            {
              "title": "Verifica se a altura máxima do board é 50",
              "fullTitle": "11 - Limite o tamanho mínimo e máximo do board. Verifica se a altura máxima do board é 50",
              "timedOut": null,
              "duration": 5412,
              "state": "failed",
              "speed": null,
              "pass": false,
              "fail": true,
              "pending": false,
              "context": null,
              "code": "cy.get('#board-size').clear().type(50);\ncy.get('#generate-board').click();\ncy.get('.pixel').should('have.length', 2500);",
              "err": {
                "message": "CypressError: Timed out retrying: Expected to find element: '#board-size', but never found it.",
                "estack": "CypressError: Timed out retrying: Expected to find element: '#board-size', but never found it.\n    at cypressErr (http://localhost:64114/__cypress/runner/cypress_runner.js:149934:9)\n    at throwErr (http://localhost:64114/__cypress/runner/cypress_runner.js:149867:11)\n    at Object.throwErrByPath (http://localhost:64114/__cypress/runner/cypress_runner.js:149915:3)\n    at retry (http://localhost:64114/__cypress/runner/cypress_runner.js:144197:19)\n    at onFailFn (http://localhost:64114/__cypress/runner/cypress_runner.js:132448:16)\n    at tryCatcher (http://localhost:64114/__cypress/runner/cypress_runner.js:167415:23)\n    at Promise._settlePromiseFromHandler (http://localhost:64114/__cypress/runner/cypress_runner.js:165351:31)\n    at Promise._settlePromise (http://localhost:64114/__cypress/runner/cypress_runner.js:165408:18)\n    at Promise._settlePromise0 (http://localhost:64114/__cypress/runner/cypress_runner.js:165453:10)\n    at Promise._settlePromises (http://localhost:64114/__cypress/runner/cypress_runner.js:165528:18)\n    at Async../node_modules/bluebird/js/release/async.js.Async._drainQueue (http://localhost:64114/__cypress/runner/cypress_runner.js:162140:16)\n    at Async../node_modules/bluebird/js/release/async.js.Async._drainQueues (http://localhost:64114/__cypress/runner/cypress_runner.js:162150:10)\n    at Async.drainQueues (http://localhost:64114/__cypress/runner/cypress_runner.js:162024:14)",
                "diff": null
              },
              "uuid": "322500a0-6ae8-4e3e-bf6a-11fa269e2795",
              "parentUUID": "66ea117b-8425-40e7-9cad-69855fffc7bb",
              "isHook": false,
              "skipped": false
            },
            {
              "title": "Verifica se a altura do board é 5 quando um valor menor é colocado no input",
              "fullTitle": "11 - Limite o tamanho mínimo e máximo do board. Verifica se a altura do board é 5 quando um valor menor é colocado no input",
              "timedOut": null,
              "duration": 5722,
              "state": "failed",
              "speed": null,
              "pass": false,
              "fail": true,
              "pending": false,
              "context": null,
              "code": "cy.get('#board-size').clear().type(4);\ncy.get('#generate-board').click();\ncy.get('.pixel').should('have.length', 25);",
              "err": {
                "message": "CypressError: Timed out retrying: Expected to find element: '#board-size', but never found it.",
                "estack": "CypressError: Timed out retrying: Expected to find element: '#board-size', but never found it.\n    at cypressErr (http://localhost:64114/__cypress/runner/cypress_runner.js:149934:9)\n    at throwErr (http://localhost:64114/__cypress/runner/cypress_runner.js:149867:11)\n    at Object.throwErrByPath (http://localhost:64114/__cypress/runner/cypress_runner.js:149915:3)\n    at retry (http://localhost:64114/__cypress/runner/cypress_runner.js:144197:19)\n    at onFailFn (http://localhost:64114/__cypress/runner/cypress_runner.js:132448:16)\n    at tryCatcher (http://localhost:64114/__cypress/runner/cypress_runner.js:167415:23)\n    at Promise._settlePromiseFromHandler (http://localhost:64114/__cypress/runner/cypress_runner.js:165351:31)\n    at Promise._settlePromise (http://localhost:64114/__cypress/runner/cypress_runner.js:165408:18)\n    at Promise._settlePromise0 (http://localhost:64114/__cypress/runner/cypress_runner.js:165453:10)\n    at Promise._settlePromises (http://localhost:64114/__cypress/runner/cypress_runner.js:165528:18)\n    at Async../node_modules/bluebird/js/release/async.js.Async._drainQueue (http://localhost:64114/__cypress/runner/cypress_runner.js:162140:16)\n    at Async../node_modules/bluebird/js/release/async.js.Async._drainQueues (http://localhost:64114/__cypress/runner/cypress_runner.js:162150:10)\n    at Async.drainQueues (http://localhost:64114/__cypress/runner/cypress_runner.js:162024:14)",
                "diff": null
              },
              "uuid": "05984461-0e85-405c-847b-ea53f5479e98",
              "parentUUID": "66ea117b-8425-40e7-9cad-69855fffc7bb",
              "isHook": false,
              "skipped": false
            },
            {
              "title": "Verifica se a altura do board é 50 quando um valor maior é colocado no input",
              "fullTitle": "11 - Limite o tamanho mínimo e máximo do board. Verifica se a altura do board é 50 quando um valor maior é colocado no input",
              "timedOut": null,
              "duration": 6069,
              "state": "failed",
              "speed": null,
              "pass": false,
              "fail": true,
              "pending": false,
              "context": null,
              "code": "cy.get('#board-size').clear().type(51);\ncy.get('#generate-board').click();\ncy.get('.pixel').should('have.length', 2500);",
              "err": {
                "message": "CypressError: Timed out retrying: Expected to find element: '#board-size', but never found it.",
                "estack": "CypressError: Timed out retrying: Expected to find element: '#board-size', but never found it.\n    at cypressErr (http://localhost:64114/__cypress/runner/cypress_runner.js:149934:9)\n    at throwErr (http://localhost:64114/__cypress/runner/cypress_runner.js:149867:11)\n    at Object.throwErrByPath (http://localhost:64114/__cypress/runner/cypress_runner.js:149915:3)\n    at retry (http://localhost:64114/__cypress/runner/cypress_runner.js:144197:19)\n    at onFailFn (http://localhost:64114/__cypress/runner/cypress_runner.js:132448:16)\n    at tryCatcher (http://localhost:64114/__cypress/runner/cypress_runner.js:167415:23)\n    at Promise._settlePromiseFromHandler (http://localhost:64114/__cypress/runner/cypress_runner.js:165351:31)\n    at Promise._settlePromise (http://localhost:64114/__cypress/runner/cypress_runner.js:165408:18)\n    at Promise._settlePromise0 (http://localhost:64114/__cypress/runner/cypress_runner.js:165453:10)\n    at Promise._settlePromises (http://localhost:64114/__cypress/runner/cypress_runner.js:165528:18)\n    at Async../node_modules/bluebird/js/release/async.js.Async._drainQueue (http://localhost:64114/__cypress/runner/cypress_runner.js:162140:16)\n    at Async../node_modules/bluebird/js/release/async.js.Async._drainQueues (http://localhost:64114/__cypress/runner/cypress_runner.js:162150:10)\n    at Async.drainQueues (http://localhost:64114/__cypress/runner/cypress_runner.js:162024:14)",
                "diff": null
              },
              "uuid": "58c4b03c-9d55-4852-bf20-8f765b56a72d",
              "parentUUID": "66ea117b-8425-40e7-9cad-69855fffc7bb",
              "isHook": false,
              "skipped": false
            }
          ],
          "suites": [],
          "passes": [],
          "failures": [
            "322500a0-6ae8-4e3e-bf6a-11fa269e2795",
            "05984461-0e85-405c-847b-ea53f5479e98",
            "58c4b03c-9d55-4852-bf20-8f765b56a72d"
          ],
          "pending": [],
          "skipped": [],
          "duration": 17203,
          "root": false,
          "rootEmpty": false,
          "_timeout": 2000
        },
        {
          "uuid": "7072a8d5-4bbc-41d4-9d52-ddc9fa647e72",
          "title": "12 - Faça com que as cores da paleta sejam geradas aleatoriamente ao carregar a página.",
          "fullFile": "",
          "file": "",
          "beforeHooks": [],
          "afterHooks": [],
          "tests": [
            {
              "title": "Verifica se as cores geradas na paleta são diferentes a cada carregamento da página",
              "fullTitle": "12 - Faça com que as cores da paleta sejam geradas aleatoriamente ao carregar a página. Verifica se as cores geradas na paleta são diferentes a cada carregamento da página",
              "timedOut": null,
              "duration": 1657,
              "state": "failed",
              "speed": null,
              "pass": false,
              "fail": true,
              "pending": false,
              "context": null,
              "code": "cy.get('.color').then(function (colors) {\n  var currentColors;\n  var previousColors;\n  previousColors = Array.from(colors).map(function (color) {\n    return Cypress.$(color).css('background-color');\n  });\n  for (var i = 0; i < 5; i += 1) {\n    cy.reload();\n    cy.get('.color').then(function (colors) {\n      currentColors = Array.from(colors).map(function (color) {\n        return Cypress.$(color).css('background-color');\n      });\n      expect(currentColors).not.to.deep.equal(previousColors);\n      previousColors = currentColors;\n    });\n  }\n});",
              "err": {
                "message": "AssertionError: expected [ Array(4) ] to not deeply equal [ Array(4) ]",
                "estack": "AssertionError: expected [ Array(4) ] to not deeply equal [ Array(4) ]\n    at getRet (http://localhost:64114/__cypress/runner/cypress_runner.js:136585:16)\n    at tryCatcher (http://localhost:64114/__cypress/runner/cypress_runner.js:167415:23)\n    at Function.Promise.attempt.Promise.try (http://localhost:64114/__cypress/runner/cypress_runner.js:164690:29)\n    at Context.thenFn (http://localhost:64114/__cypress/runner/cypress_runner.js:136599:23)\n    at Context.then (http://localhost:64114/__cypress/runner/cypress_runner.js:136971:21)\n    at Context.<anonymous> (http://localhost:64114/__cypress/runner/cypress_runner.js:148875:21)\n    at http://localhost:64114/__cypress/runner/cypress_runner.js:148351:33\n    at tryCatcher (http://localhost:64114/__cypress/runner/cypress_runner.js:167415:23)\n    at Promise._settlePromiseFromHandler (http://localhost:64114/__cypress/runner/cypress_runner.js:165351:31)\n    at Promise._settlePromise (http://localhost:64114/__cypress/runner/cypress_runner.js:165408:18)\n    at Promise._settlePromiseCtx (http://localhost:64114/__cypress/runner/cypress_runner.js:165445:10)\n    at Async../node_modules/bluebird/js/release/async.js.Async._drainQueue (http://localhost:64114/__cypress/runner/cypress_runner.js:162145:12)\n    at Async../node_modules/bluebird/js/release/async.js.Async._drainQueues (http://localhost:64114/__cypress/runner/cypress_runner.js:162150:10)\n    at Async.drainQueues (http://localhost:64114/__cypress/runner/cypress_runner.js:162024:14)",
                "diff": ""
              },
              "uuid": "13b6dbe0-3622-49b9-bb1d-cadcc4cea7e0",
              "parentUUID": "7072a8d5-4bbc-41d4-9d52-ddc9fa647e72",
              "isHook": false,
              "skipped": false
            },
            {
              "title": "Verifica se a cor preta ainda está presente e é a primeira na sua paleta de cores",
              "fullTitle": "12 - Faça com que as cores da paleta sejam geradas aleatoriamente ao carregar a página. Verifica se a cor preta ainda está presente e é a primeira na sua paleta de cores",
              "timedOut": null,
              "duration": 1318,
              "state": "failed",
              "speed": null,
              "pass": false,
              "fail": true,
              "pending": false,
              "context": null,
              "code": "cy.get('.color').then(function (colors) {\n  var currentColors;\n  var previousColors;\n  previousColors = Array.from(colors).map(function (color) {\n    return Cypress.$(color).css('background-color');\n  });\n  expect(previousColors[0]).to.eq(BLACK);\n  for (var i = 0; i < 5; i += 1) {\n    cy.reload();\n    cy.get('.color').then(function (colors) {\n      currentColors = Array.from(colors).map(function (color) {\n        return Cypress.$(color).css('background-color');\n      });\n      expect(currentColors[0]).to.eq(BLACK);\n      expect(currentColors).not.to.deep.equal(previousColors);\n      previousColors = currentColors;\n    });\n  }\n});",
              "err": {
                "message": "AssertionError: expected [ Array(4) ] to not deeply equal [ Array(4) ]",
                "estack": "AssertionError: expected [ Array(4) ] to not deeply equal [ Array(4) ]\n    at getRet (http://localhost:64114/__cypress/runner/cypress_runner.js:136585:16)\n    at tryCatcher (http://localhost:64114/__cypress/runner/cypress_runner.js:167415:23)\n    at Function.Promise.attempt.Promise.try (http://localhost:64114/__cypress/runner/cypress_runner.js:164690:29)\n    at Context.thenFn (http://localhost:64114/__cypress/runner/cypress_runner.js:136599:23)\n    at Context.then (http://localhost:64114/__cypress/runner/cypress_runner.js:136971:21)\n    at Context.<anonymous> (http://localhost:64114/__cypress/runner/cypress_runner.js:148875:21)\n    at http://localhost:64114/__cypress/runner/cypress_runner.js:148351:33\n    at tryCatcher (http://localhost:64114/__cypress/runner/cypress_runner.js:167415:23)\n    at Promise._settlePromiseFromHandler (http://localhost:64114/__cypress/runner/cypress_runner.js:165351:31)\n    at Promise._settlePromise (http://localhost:64114/__cypress/runner/cypress_runner.js:165408:18)\n    at Promise._settlePromiseCtx (http://localhost:64114/__cypress/runner/cypress_runner.js:165445:10)\n    at Async../node_modules/bluebird/js/release/async.js.Async._drainQueue (http://localhost:64114/__cypress/runner/cypress_runner.js:162145:12)\n    at Async../node_modules/bluebird/js/release/async.js.Async._drainQueues (http://localhost:64114/__cypress/runner/cypress_runner.js:162150:10)\n    at Async.drainQueues (http://localhost:64114/__cypress/runner/cypress_runner.js:162024:14)",
                "diff": ""
              },
              "uuid": "6d5e4ab1-ed23-4c20-b96c-e595ae50789d",
              "parentUUID": "7072a8d5-4bbc-41d4-9d52-ddc9fa647e72",
              "isHook": false,
              "skipped": false
            }
          ],
          "suites": [],
          "passes": [],
          "failures": [
            "13b6dbe0-3622-49b9-bb1d-cadcc4cea7e0",
            "6d5e4ab1-ed23-4c20-b96c-e595ae50789d"
          ],
          "pending": [],
          "skipped": [],
          "duration": 2975,
          "root": false,
          "rootEmpty": false,
          "_timeout": 2000
        }
      ],
      "passes": [],
      "failures": [],
      "pending": [],
      "skipped": [],
      "duration": 0,
      "root": true,
      "rootEmpty": true,
      "_timeout": 2000
    }
  ],
  "meta": {
    "mocha": {
      "version": "7.0.1"
    },
    "mochawesome": {
      "options": {
        "quiet": false,
        "reportFilename": "mochawesome",
        "saveHtml": false,
        "saveJson": true,
        "consoleReporter": "spec",
        "useInlineDiffs": false
      },
      "version": "4.1.0"
    },
    "marge": {
      "options": {
        "id": "default",
        "reportDir": "cypress/reports",
        "overwrite": true,
        "html": false,
        "json": true
      },
      "version": "4.1.0"
    }
  }
}