{
  "stats": {
    "suites": 12,
    "tests": 41,
    "passes": 27,
    "pending": 0,
    "failures": 14,
    "start": "2021-08-16T15:20:30.065Z",
    "end": "2021-08-16T15:21:57.117Z",
    "duration": 87052,
    "testsRegistered": 41,
    "passPercent": 65.85365853658537,
    "pendingPercent": 0,
    "other": 0,
    "hasOther": false,
    "skipped": 0,
    "hasSkipped": false
  },
  "results": [
    {
      "uuid": "1aadd97d-ec7a-40e5-aa53-006d62fbc515",
      "title": "",
      "fullFile": "cypress/integration/project.spec.js",
      "file": "cypress/integration/project.spec.js",
      "beforeHooks": [],
      "afterHooks": [],
      "tests": [],
      "suites": [
        {
          "uuid": "284293f9-63dd-422f-ad09-2e9e5ce59a9a",
          "title": "1 - Adicione à página o título \"Paleta de Cores\".",
          "fullFile": "",
          "file": "",
          "beforeHooks": [],
          "afterHooks": [],
          "tests": [
            {
              "title": "Verifica se contém um elemento `h1` com o id `title` com o título correto",
              "fullTitle": "1 - Adicione à página o título \"Paleta de Cores\". Verifica se contém um elemento `h1` com o id `title` com o título correto",
              "timedOut": null,
              "duration": 388,
              "state": "passed",
              "speed": "slow",
              "pass": true,
              "fail": false,
              "pending": false,
              "context": null,
              "code": "cy.get('h1#title').should('contain.text', 'Paleta de Cores');",
              "err": {},
              "uuid": "df6dc5cc-7c21-4328-ae56-fd7e9d4788b6",
              "parentUUID": "284293f9-63dd-422f-ad09-2e9e5ce59a9a",
              "isHook": false,
              "skipped": false
            }
          ],
          "suites": [],
          "passes": [
            "df6dc5cc-7c21-4328-ae56-fd7e9d4788b6"
          ],
          "failures": [],
          "pending": [],
          "skipped": [],
          "duration": 388,
          "root": false,
          "rootEmpty": false,
          "_timeout": 2000
        },
        {
          "uuid": "a94e25b3-ba58-459e-9409-71159b390315",
          "title": "2 - Adicione à página uma paleta de quatro cores distintas.",
          "fullFile": "",
          "file": "",
          "beforeHooks": [],
          "afterHooks": [],
          "tests": [
            {
              "title": "A paleta de cores deve ser um elemento com `id` denominado `color-palette`",
              "fullTitle": "2 - Adicione à página uma paleta de quatro cores distintas. A paleta de cores deve ser um elemento com `id` denominado `color-palette`",
              "timedOut": null,
              "duration": 263,
              "state": "passed",
              "speed": "slow",
              "pass": true,
              "fail": false,
              "pending": false,
              "context": null,
              "code": "cy.get('#color-palette').should('be.visible');",
              "err": {},
              "uuid": "24af1ad7-a5ee-43b5-9eb4-cd268b1265d2",
              "parentUUID": "a94e25b3-ba58-459e-9409-71159b390315",
              "isHook": false,
              "skipped": false
            },
            {
              "title": "Verifica se cada cor individual da paleta de cores possui a `classe` chamada `color`.",
              "fullTitle": "2 - Adicione à página uma paleta de quatro cores distintas. Verifica se cada cor individual da paleta de cores possui a `classe` chamada `color`.",
              "timedOut": null,
              "duration": 211,
              "state": "passed",
              "speed": "slow",
              "pass": true,
              "fail": false,
              "pending": false,
              "context": null,
              "code": "cy.get('.color').should('have.length', 4).then(function (colors) {\n  for (var i = 0; i < colors.length; i++) {\n    cy.wrap(colors[i]).should('be.visible');\n  }\n});",
              "err": {},
              "uuid": "93a93002-0765-43f5-a761-4774c13e65d1",
              "parentUUID": "a94e25b3-ba58-459e-9409-71159b390315",
              "isHook": false,
              "skipped": false
            },
            {
              "title": "Verifica se a cor de fundo de cada elemento da paleta é a cor que o elemento representa. **A única cor não permitida na paleta é a cor branca.**",
              "fullTitle": "2 - Adicione à página uma paleta de quatro cores distintas. Verifica se a cor de fundo de cada elemento da paleta é a cor que o elemento representa. **A única cor não permitida na paleta é a cor branca.**",
              "timedOut": null,
              "duration": 247,
              "state": "passed",
              "speed": "slow",
              "pass": true,
              "fail": false,
              "pending": false,
              "context": null,
              "code": "cy.get('.color').each(function (color) {\n  cy.wrap(color).should('have.class', 'color').and('not.have.css', 'background-color', WHITE);\n  cy.wrap(color).should('have.css', 'background-color');\n});",
              "err": {},
              "uuid": "c762be7c-f99e-46ae-ac4b-d074dde47e5b",
              "parentUUID": "a94e25b3-ba58-459e-9409-71159b390315",
              "isHook": false,
              "skipped": false
            },
            {
              "title": "Verifica se cada elemento da paleta de cores tem uma borda preta, sólida e com 1 pixel de largura;",
              "fullTitle": "2 - Adicione à página uma paleta de quatro cores distintas. Verifica se cada elemento da paleta de cores tem uma borda preta, sólida e com 1 pixel de largura;",
              "timedOut": null,
              "duration": 150,
              "state": "passed",
              "speed": "slow",
              "pass": true,
              "fail": false,
              "pending": false,
              "context": null,
              "code": "cy.get('.color').each(function (color) {\n  cy.wrap(color).and('have.css', 'border', \"1px solid \".concat(BLACK)).and('have.class', 'color');\n});",
              "err": {},
              "uuid": "b19dfcc5-28f2-46f6-a7fd-490cd29412df",
              "parentUUID": "a94e25b3-ba58-459e-9409-71159b390315",
              "isHook": false,
              "skipped": false
            },
            {
              "title": "Verifica se a paleta lista todas as cores disponíveis para utilização, lado a lado.",
              "fullTitle": "2 - Adicione à página uma paleta de quatro cores distintas. Verifica se a paleta lista todas as cores disponíveis para utilização, lado a lado.",
              "timedOut": null,
              "duration": 313,
              "state": "passed",
              "speed": "slow",
              "pass": true,
              "fail": false,
              "pending": false,
              "context": null,
              "code": "cy.get('.color').then(function (colors) {\n  for (var index = 1; index < colors.length; index += 1) {\n    var currentColor = colors[index];\n    var previousColor = colors[index - 1];\n    cy.wrap(currentColor).should('be.onTheRightOf', previousColor).and('be.horizontallyAlignedWith', previousColor);\n  }\n});",
              "err": {},
              "uuid": "2d62cef5-0022-41f6-a419-f95b21fe1491",
              "parentUUID": "a94e25b3-ba58-459e-9409-71159b390315",
              "isHook": false,
              "skipped": false
            },
            {
              "title": "Verifica se a paleta de cores está posicionada abaixo do título 'Paleta de Cores'",
              "fullTitle": "2 - Adicione à página uma paleta de quatro cores distintas. Verifica se a paleta de cores está posicionada abaixo do título 'Paleta de Cores'",
              "timedOut": null,
              "duration": 247,
              "state": "passed",
              "speed": "slow",
              "pass": true,
              "fail": false,
              "pending": false,
              "context": null,
              "code": "cy.get('h1#title').then(function (title) {\n  cy.get('#color-palette').should('be.belowOf', title);\n});",
              "err": {},
              "uuid": "7f12ed52-dff6-45d6-bf66-de27b732a1f9",
              "parentUUID": "a94e25b3-ba58-459e-9409-71159b390315",
              "isHook": false,
              "skipped": false
            },
            {
              "title": "Verifica se a paleta de cores não contém cores repetidas.",
              "fullTitle": "2 - Adicione à página uma paleta de quatro cores distintas. Verifica se a paleta de cores não contém cores repetidas.",
              "timedOut": null,
              "duration": 138,
              "state": "passed",
              "speed": "slow",
              "pass": true,
              "fail": false,
              "pending": false,
              "context": null,
              "code": "cy.get('.color').then(function (colors) {\n  var allColors = Array.from(colors).map(function (color) {\n    return Cypress.$(color).css('background-color');\n  });\n  cy.log(allColors);\n  var uniqColors = (0, _toConsumableArray2[\"default\"])(new Set(allColors));\n  cy.log(uniqColors);\n  expect(allColors.length).to.eq(uniqColors.length);\n});",
              "err": {},
              "uuid": "97573892-33e1-4988-ae80-d1439bfdcdea",
              "parentUUID": "a94e25b3-ba58-459e-9409-71159b390315",
              "isHook": false,
              "skipped": false
            }
          ],
          "suites": [],
          "passes": [
            "24af1ad7-a5ee-43b5-9eb4-cd268b1265d2",
            "93a93002-0765-43f5-a761-4774c13e65d1",
            "c762be7c-f99e-46ae-ac4b-d074dde47e5b",
            "b19dfcc5-28f2-46f6-a7fd-490cd29412df",
            "2d62cef5-0022-41f6-a419-f95b21fe1491",
            "7f12ed52-dff6-45d6-bf66-de27b732a1f9",
            "97573892-33e1-4988-ae80-d1439bfdcdea"
          ],
          "failures": [],
          "pending": [],
          "skipped": [],
          "duration": 1569,
          "root": false,
          "rootEmpty": false,
          "_timeout": 2000
        },
        {
          "uuid": "9b24333a-7ba0-4a52-8ffc-da91a893aed6",
          "title": "3 - Adicione a cor **preta** como a primeira cor da paleta de cores.",
          "fullFile": "",
          "file": "",
          "beforeHooks": [],
          "afterHooks": [],
          "tests": [
            {
              "title": "Verifica se a primeira cor da paleta é preta",
              "fullTitle": "3 - Adicione a cor **preta** como a primeira cor da paleta de cores. Verifica se a primeira cor da paleta é preta",
              "timedOut": null,
              "duration": 254,
              "state": "passed",
              "speed": "slow",
              "pass": true,
              "fail": false,
              "pending": false,
              "context": null,
              "code": "cy.get('.color').first().should('have.css', 'background-color', BLACK);",
              "err": {},
              "uuid": "347e6a16-2d20-4b69-9d07-b1a7fe477e1a",
              "parentUUID": "9b24333a-7ba0-4a52-8ffc-da91a893aed6",
              "isHook": false,
              "skipped": false
            },
            {
              "title": "Verifica se as demais cores podem ser escolhidas livremente.",
              "fullTitle": "3 - Adicione a cor **preta** como a primeira cor da paleta de cores. Verifica se as demais cores podem ser escolhidas livremente.",
              "timedOut": null,
              "duration": 234,
              "state": "passed",
              "speed": "slow",
              "pass": true,
              "fail": false,
              "pending": false,
              "context": null,
              "code": "cy.get('.color').eq(1).should('not.have.css', 'background-color', BLACK);\ncy.get('.color').eq(1).should('not.have.css', 'background-color', WHITE);\ncy.get('.color').eq(1).should('not.have.css', 'background-color', 'rgba(0, 0, 0, 0)');\ncy.get('.color').eq(1).should('have.css', 'background-color');\ncy.get('.color').eq(2).should('not.have.css', 'background-color', BLACK);\ncy.get('.color').eq(2).should('not.have.css', 'background-color', WHITE);\ncy.get('.color').eq(2).should('not.have.css', 'background-color', 'rgba(0, 0, 0, 0)');\ncy.get('.color').eq(2).should('have.css', 'background-color');\ncy.get('.color').eq(3).should('not.have.css', 'background-color', BLACK);\ncy.get('.color').eq(3).should('not.have.css', 'background-color', WHITE);\ncy.get('.color').eq(3).should('not.have.css', 'background-color', 'rgba(0, 0, 0, 0)');\ncy.get('.color').eq(3).should('have.css', 'background-color');",
              "err": {},
              "uuid": "1677a095-5d0a-453e-9fb9-bf8552b38ec2",
              "parentUUID": "9b24333a-7ba0-4a52-8ffc-da91a893aed6",
              "isHook": false,
              "skipped": false
            }
          ],
          "suites": [],
          "passes": [
            "347e6a16-2d20-4b69-9d07-b1a7fe477e1a",
            "1677a095-5d0a-453e-9fb9-bf8552b38ec2"
          ],
          "failures": [],
          "pending": [],
          "skipped": [],
          "duration": 488,
          "root": false,
          "rootEmpty": false,
          "_timeout": 2000
        },
        {
          "uuid": "9fb425db-7256-4c9c-adc9-d40a743af225",
          "title": "4 - Adicione à página um quadro de pixels, com 25 pixels.",
          "fullFile": "",
          "file": "",
          "beforeHooks": [],
          "afterHooks": [],
          "tests": [
            {
              "title": "Verifica se o quadro de pixels possui o `id` denominado `pixel-board`",
              "fullTitle": "4 - Adicione à página um quadro de pixels, com 25 pixels. Verifica se o quadro de pixels possui o `id` denominado `pixel-board`",
              "timedOut": null,
              "duration": 117,
              "state": "passed",
              "speed": "slow",
              "pass": true,
              "fail": false,
              "pending": false,
              "context": null,
              "code": "cy.get('#pixel-board').should('be.visible');",
              "err": {},
              "uuid": "b2418f88-ffc0-461b-8c21-9ff512e4bc3e",
              "parentUUID": "9fb425db-7256-4c9c-adc9-d40a743af225",
              "isHook": false,
              "skipped": false
            },
            {
              "title": "Verifica se cada pixel individual dentro do quadro possui a `classe` denominada `pixel`.",
              "fullTitle": "4 - Adicione à página um quadro de pixels, com 25 pixels. Verifica se cada pixel individual dentro do quadro possui a `classe` denominada `pixel`.",
              "timedOut": null,
              "duration": 250,
              "state": "passed",
              "speed": "slow",
              "pass": true,
              "fail": false,
              "pending": false,
              "context": null,
              "code": "cy.get('.pixel').should('have.length', 25);",
              "err": {},
              "uuid": "619418c6-7bd4-438f-b5cd-4200a9d895f2",
              "parentUUID": "9fb425db-7256-4c9c-adc9-d40a743af225",
              "isHook": false,
              "skipped": false
            },
            {
              "title": "Verifica se a cor inicial dos pixels dentro do quadro, ao abrir a página, é branca.",
              "fullTitle": "4 - Adicione à página um quadro de pixels, com 25 pixels. Verifica se a cor inicial dos pixels dentro do quadro, ao abrir a página, é branca.",
              "timedOut": null,
              "duration": 195,
              "state": "passed",
              "speed": "slow",
              "pass": true,
              "fail": false,
              "pending": false,
              "context": null,
              "code": "cy.get('.pixel').should('have.length', 25).each(function (pixel) {\n  expect(pixel).to.have.css('background-color', WHITE);\n});",
              "err": {},
              "uuid": "727942f4-3bda-456f-a4fd-9f19c4a20474",
              "parentUUID": "9fb425db-7256-4c9c-adc9-d40a743af225",
              "isHook": false,
              "skipped": false
            },
            {
              "title": "Verifica se o quadro de pixels aparece abaixo da paleta de cores",
              "fullTitle": "4 - Adicione à página um quadro de pixels, com 25 pixels. Verifica se o quadro de pixels aparece abaixo da paleta de cores",
              "timedOut": null,
              "duration": 149,
              "state": "passed",
              "speed": "slow",
              "pass": true,
              "fail": false,
              "pending": false,
              "context": null,
              "code": "cy.get('#color-palette').then(function (palette) {\n  cy.get('#pixel-board').should('be.belowOf', palette);\n});",
              "err": {},
              "uuid": "8d1e8a8b-d087-430e-926c-0912e7052f9d",
              "parentUUID": "9fb425db-7256-4c9c-adc9-d40a743af225",
              "isHook": false,
              "skipped": false
            }
          ],
          "suites": [],
          "passes": [
            "b2418f88-ffc0-461b-8c21-9ff512e4bc3e",
            "619418c6-7bd4-438f-b5cd-4200a9d895f2",
            "727942f4-3bda-456f-a4fd-9f19c4a20474",
            "8d1e8a8b-d087-430e-926c-0912e7052f9d"
          ],
          "failures": [],
          "pending": [],
          "skipped": [],
          "duration": 711,
          "root": false,
          "rootEmpty": false,
          "_timeout": 2000
        },
        {
          "uuid": "11221230-b1b9-454c-8e04-5d86f79cf193",
          "title": "5 - Faça com que cada elemento do quadro de pixels possua 40 pixels de largura, 40 pixels de altura e seja delimitado por uma borda preta de 1 pixel.",
          "fullFile": "",
          "file": "",
          "beforeHooks": [],
          "afterHooks": [],
          "tests": [
            {
              "title": "Verifica se o quadro de pixels tem altura e comprimento de 5 elementos",
              "fullTitle": "5 - Faça com que cada elemento do quadro de pixels possua 40 pixels de largura, 40 pixels de altura e seja delimitado por uma borda preta de 1 pixel. Verifica se o quadro de pixels tem altura e comprimento de 5 elementos",
              "timedOut": null,
              "duration": 314,
              "state": "passed",
              "speed": "slow",
              "pass": true,
              "fail": false,
              "pending": false,
              "context": null,
              "code": "cy.get('.pixel').should('have.length', 25).each(function (pixel) {\n  expect(pixel).to.have.css('background-color', WHITE);\n}).and(function (pixels) {\n  var rows = chunk(pixels, 5);\n  rows.forEach(function (row) {\n    for (var index = 1; index < row.length; index += 1) {\n      var current = pixels[index];\n      var previous = pixels[index - 1];\n      cy.wrap(current).should('be.onTheRightOf', previous).and('be.horizontallyAlignedWith', previous);\n    }\n  });\n  for (var index = 1; index < 5; index += 1) {\n    expect(pixels[index * 5]).to.be.belowOf(pixels[(index - 1) * 5]);\n  }\n});",
              "err": {},
              "uuid": "995eb631-96cc-400d-ae97-fb0272227259",
              "parentUUID": "11221230-b1b9-454c-8e04-5d86f79cf193",
              "isHook": false,
              "skipped": false
            },
            {
              "title": "Verifica se 40 pixels é o tamanho total do elemento, incluindo seu conteúdo e excluindo a borda preta, que deve ser criada à parte.",
              "fullTitle": "5 - Faça com que cada elemento do quadro de pixels possua 40 pixels de largura, 40 pixels de altura e seja delimitado por uma borda preta de 1 pixel. Verifica se 40 pixels é o tamanho total do elemento, incluindo seu conteúdo e excluindo a borda preta, que deve ser criada à parte.",
              "timedOut": null,
              "duration": 281,
              "state": "passed",
              "speed": "slow",
              "pass": true,
              "fail": false,
              "pending": false,
              "context": null,
              "code": "cy.get('.pixel').each(function (pixel) {\n  cy.wrap(pixel).should('have.css', 'height', '40px').and('have.css', 'width', '40px').and('have.css', 'border', \"1px solid \".concat(BLACK));\n});",
              "err": {},
              "uuid": "50c0fcf5-4f10-44f7-a835-2ecda4193fe4",
              "parentUUID": "11221230-b1b9-454c-8e04-5d86f79cf193",
              "isHook": false,
              "skipped": false
            }
          ],
          "suites": [],
          "passes": [
            "995eb631-96cc-400d-ae97-fb0272227259",
            "50c0fcf5-4f10-44f7-a835-2ecda4193fe4"
          ],
          "failures": [],
          "pending": [],
          "skipped": [],
          "duration": 595,
          "root": false,
          "rootEmpty": false,
          "_timeout": 2000
        },
        {
          "uuid": "32e3e12f-2dde-4a9b-a82a-848dbf823f1b",
          "title": "6 - Defina a cor preta como cor inicial. Ao carregar a página a cor preta já deve estar selecionada para pintar os pixels",
          "fullFile": "",
          "file": "",
          "beforeHooks": [],
          "afterHooks": [],
          "tests": [
            {
              "title": "Verifica se o elemento da cor preta possui, inicialmente, a `classe` `selected`",
              "fullTitle": "6 - Defina a cor preta como cor inicial. Ao carregar a página a cor preta já deve estar selecionada para pintar os pixels Verifica se o elemento da cor preta possui, inicialmente, a `classe` `selected`",
              "timedOut": null,
              "duration": 383,
              "state": "passed",
              "speed": "slow",
              "pass": true,
              "fail": false,
              "pending": false,
              "context": null,
              "code": "cy.get('.selected').first().should('have.css', 'background-color', BLACK);",
              "err": {},
              "uuid": "7ff93367-6a7f-4e81-8de8-6eef1611b30d",
              "parentUUID": "32e3e12f-2dde-4a9b-a82a-848dbf823f1b",
              "isHook": false,
              "skipped": false
            },
            {
              "title": "Verifica se nenhuma outra cor da paleta tem a `classe` `selected`",
              "fullTitle": "6 - Defina a cor preta como cor inicial. Ao carregar a página a cor preta já deve estar selecionada para pintar os pixels Verifica se nenhuma outra cor da paleta tem a `classe` `selected`",
              "timedOut": null,
              "duration": 184,
              "state": "passed",
              "speed": "slow",
              "pass": true,
              "fail": false,
              "pending": false,
              "context": null,
              "code": "cy.get('.color:not(:first-child)').each(function (color) {\n  cy.wrap(color).should('not.have.class', 'selected');\n});",
              "err": {},
              "uuid": "e68766fa-f599-4a95-abd6-9f12b8383296",
              "parentUUID": "32e3e12f-2dde-4a9b-a82a-848dbf823f1b",
              "isHook": false,
              "skipped": false
            }
          ],
          "suites": [],
          "passes": [
            "7ff93367-6a7f-4e81-8de8-6eef1611b30d",
            "e68766fa-f599-4a95-abd6-9f12b8383296"
          ],
          "failures": [],
          "pending": [],
          "skipped": [],
          "duration": 567,
          "root": false,
          "rootEmpty": false,
          "_timeout": 2000
        },
        {
          "uuid": "b9366031-73b1-42dc-8870-4bab4c77a2a7",
          "title": "7 - Clicar em uma das cores da paleta, faz com que ela seja selecionada e utilizada para preencher os pixels no quadro.",
          "fullFile": "",
          "file": "",
          "beforeHooks": [],
          "afterHooks": [],
          "tests": [
            {
              "title": "Verifica se somente uma cor da paleta de cores tem a classe `selected` de cada vez",
              "fullTitle": "7 - Clicar em uma das cores da paleta, faz com que ela seja selecionada e utilizada para preencher os pixels no quadro. Verifica se somente uma cor da paleta de cores tem a classe `selected` de cada vez",
              "timedOut": null,
              "duration": 748,
              "state": "passed",
              "speed": "slow",
              "pass": true,
              "fail": false,
              "pending": false,
              "context": null,
              "code": "cy.get('.color').each(function (selectedColor, selectedColorIndex) {\n  cy.wrap(selectedColor).click();\n  cy.get('.color').each(function (color, colorIndex) {\n    if (colorIndex === selectedColorIndex) {\n      expect(color).to.have[\"class\"]('selected');\n    } else {\n      expect(color).not.to.have[\"class\"]('selected');\n    }\n  });\n});",
              "err": {},
              "uuid": "1e17fffa-d7f9-4845-ad08-2cd93260d3f2",
              "parentUUID": "b9366031-73b1-42dc-8870-4bab4c77a2a7",
              "isHook": false,
              "skipped": false
            },
            {
              "title": "Verifica se os pixels dentro do quadro não têm a classe `selected` quando são clicados",
              "fullTitle": "7 - Clicar em uma das cores da paleta, faz com que ela seja selecionada e utilizada para preencher os pixels no quadro. Verifica se os pixels dentro do quadro não têm a classe `selected` quando são clicados",
              "timedOut": null,
              "duration": 8957,
              "state": "passed",
              "speed": "slow",
              "pass": true,
              "fail": false,
              "pending": false,
              "context": null,
              "code": "cy.get('.color').each(function (color) {\n  var backgroundColor = color.css('background-color');\n  cy.wrap(color).click();\n  cy.get('.pixel').each(function (pixel) {\n    cy.wrap(pixel).click().should('not.have.class', 'selected');\n  });\n});",
              "err": {},
              "uuid": "c68d9f9a-b330-42b7-8044-dfbe874cab7b",
              "parentUUID": "b9366031-73b1-42dc-8870-4bab4c77a2a7",
              "isHook": false,
              "skipped": false
            }
          ],
          "suites": [],
          "passes": [
            "1e17fffa-d7f9-4845-ad08-2cd93260d3f2",
            "c68d9f9a-b330-42b7-8044-dfbe874cab7b"
          ],
          "failures": [],
          "pending": [],
          "skipped": [],
          "duration": 9705,
          "root": false,
          "rootEmpty": false,
          "_timeout": 2000
        },
        {
          "uuid": "84bf7f7b-9d01-4850-9d84-5092e4e05887",
          "title": "8 - Clicar em um pixel dentro do quadro após selecionar uma cor na paleta, faz com que o pixel seja preenchido com a cor selecionada.",
          "fullFile": "",
          "file": "",
          "beforeHooks": [],
          "afterHooks": [],
          "tests": [
            {
              "title": "Verifica se ao carregar a página deve ser possível pintar os pixels de preto",
              "fullTitle": "8 - Clicar em um pixel dentro do quadro após selecionar uma cor na paleta, faz com que o pixel seja preenchido com a cor selecionada. Verifica se ao carregar a página deve ser possível pintar os pixels de preto",
              "timedOut": null,
              "duration": 2178,
              "state": "passed",
              "speed": "slow",
              "pass": true,
              "fail": false,
              "pending": false,
              "context": null,
              "code": "cy.get('.pixel').each(function (pixel) {\n  cy.wrap(pixel).click().should('have.css', 'background-color', BLACK);\n});",
              "err": {},
              "uuid": "5ba6e718-7801-4413-a00c-137db4738548",
              "parentUUID": "84bf7f7b-9d01-4850-9d84-5092e4e05887",
              "isHook": false,
              "skipped": false
            },
            {
              "title": "Verifica se após selecionar uma outra cor na paleta, é possível pintar os pixels com essa cor",
              "fullTitle": "8 - Clicar em um pixel dentro do quadro após selecionar uma cor na paleta, faz com que o pixel seja preenchido com a cor selecionada. Verifica se após selecionar uma outra cor na paleta, é possível pintar os pixels com essa cor",
              "timedOut": null,
              "duration": 8337,
              "state": "passed",
              "speed": "slow",
              "pass": true,
              "fail": false,
              "pending": false,
              "context": null,
              "code": "cy.get('.color').each(function (color) {\n  var backgroundColor = color.css('background-color');\n  cy.wrap(color).click();\n  cy.get('.pixel').each(function (pixel) {\n    cy.wrap(pixel).click().should('have.css', 'background-color', backgroundColor);\n  });\n});",
              "err": {},
              "uuid": "7c185af1-b669-45b4-9d24-c62d9fe2943e",
              "parentUUID": "84bf7f7b-9d01-4850-9d84-5092e4e05887",
              "isHook": false,
              "skipped": false
            },
            {
              "title": "Verifica se somente o pixel que foi clicado foi preenchido com a cor selecionada, sem influenciar na cor dos demais pixels.",
              "fullTitle": "8 - Clicar em um pixel dentro do quadro após selecionar uma cor na paleta, faz com que o pixel seja preenchido com a cor selecionada. Verifica se somente o pixel que foi clicado foi preenchido com a cor selecionada, sem influenciar na cor dos demais pixels.",
              "timedOut": null,
              "duration": 1288,
              "state": "passed",
              "speed": "slow",
              "pass": true,
              "fail": false,
              "pending": false,
              "context": null,
              "code": "var colorToPixelIndexMap = {\n  0: 6,\n  1: 8,\n  2: 16,\n  3: 18\n};\ncy.get('.color').each(function (color, index) {\n  cy.wrap(color).click();\n  var backgroundColor = color.css('background-color');\n  var clickedPixelIndex = colorToPixelIndexMap[index];\n  cy.get('.pixel').eq(clickedPixelIndex).click();\n  cy.get('.pixel').eq(clickedPixelIndex - 1).should('not.have.css', 'background-color', backgroundColor);\n  cy.get('.pixel').eq(clickedPixelIndex + 1).should('not.have.css', 'background-color', backgroundColor);\n  cy.get('.pixel').eq(clickedPixelIndex - 5).should('not.have.css', 'background-color', backgroundColor);\n  cy.get('.pixel').eq(clickedPixelIndex + 5).should('not.have.css', 'background-color', backgroundColor);\n  cy.get('.pixel').eq(clickedPixelIndex - 6).should('not.have.css', 'background-color', backgroundColor);\n  cy.get('.pixel').eq(clickedPixelIndex - 4).should('not.have.css', 'background-color', backgroundColor);\n  cy.get('.pixel').eq(clickedPixelIndex + 4).should('not.have.css', 'background-color', backgroundColor);\n  cy.get('.pixel').eq(clickedPixelIndex + 6).should('not.have.css', 'background-color', backgroundColor);\n});",
              "err": {},
              "uuid": "61c2934f-6242-4888-a08b-b94b631972f7",
              "parentUUID": "84bf7f7b-9d01-4850-9d84-5092e4e05887",
              "isHook": false,
              "skipped": false
            }
          ],
          "suites": [],
          "passes": [
            "5ba6e718-7801-4413-a00c-137db4738548",
            "7c185af1-b669-45b4-9d24-c62d9fe2943e",
            "61c2934f-6242-4888-a08b-b94b631972f7"
          ],
          "failures": [],
          "pending": [],
          "skipped": [],
          "duration": 11803,
          "root": false,
          "rootEmpty": false,
          "_timeout": 2000
        },
        {
          "uuid": "af6fccff-9530-4904-897c-09d2eb68f691",
          "title": "9 - Crie um botão que, ao ser clicado, limpa o quadro preenchendo a cor de todos seus pixels com branco.",
          "fullFile": "",
          "file": "",
          "beforeHooks": [],
          "afterHooks": [],
          "tests": [
            {
              "title": "Verifica se o botão tem o `id` denominado `clear-board`",
              "fullTitle": "9 - Crie um botão que, ao ser clicado, limpa o quadro preenchendo a cor de todos seus pixels com branco. Verifica se o botão tem o `id` denominado `clear-board`",
              "timedOut": null,
              "duration": 185,
              "state": "passed",
              "speed": "slow",
              "pass": true,
              "fail": false,
              "pending": false,
              "context": null,
              "code": "cy.get('#clear-board').should('be.visible');",
              "err": {},
              "uuid": "d9d76d12-6cd4-4b63-a68e-55086c64a3fa",
              "parentUUID": "af6fccff-9530-4904-897c-09d2eb68f691",
              "isHook": false,
              "skipped": false
            },
            {
              "title": "Verifica se o botão está posicionado entre a paleta de cores e o quadro de pixels",
              "fullTitle": "9 - Crie um botão que, ao ser clicado, limpa o quadro preenchendo a cor de todos seus pixels com branco. Verifica se o botão está posicionado entre a paleta de cores e o quadro de pixels",
              "timedOut": null,
              "duration": 163,
              "state": "passed",
              "speed": "slow",
              "pass": true,
              "fail": false,
              "pending": false,
              "context": null,
              "code": "cy.get('#color-palette').then(function (palette) {\n  cy.get('#clear-board').should('be.belowOf', palette);\n});\ncy.get('#clear-board').then(function (clearBtn) {\n  cy.get('#pixel-board').should('be.belowOf', clearBtn);\n});",
              "err": {},
              "uuid": "916adb8b-c7bb-4ee6-bcd5-258c2980259b",
              "parentUUID": "af6fccff-9530-4904-897c-09d2eb68f691",
              "isHook": false,
              "skipped": false
            },
            {
              "title": "Verifica se o texto do botão é 'Limpar'",
              "fullTitle": "9 - Crie um botão que, ao ser clicado, limpa o quadro preenchendo a cor de todos seus pixels com branco. Verifica se o texto do botão é 'Limpar'",
              "timedOut": null,
              "duration": 113,
              "state": "passed",
              "speed": "slow",
              "pass": true,
              "fail": false,
              "pending": false,
              "context": null,
              "code": "cy.get('#clear-board').should('contain.text', 'Limpar');",
              "err": {},
              "uuid": "62344c25-9c2e-48af-aa39-a7f6d43d669f",
              "parentUUID": "af6fccff-9530-4904-897c-09d2eb68f691",
              "isHook": false,
              "skipped": false
            },
            {
              "title": "Verifica se ao clicar no botão, o quadro de pixels é totalmente preenchido de branco",
              "fullTitle": "9 - Crie um botão que, ao ser clicado, limpa o quadro preenchendo a cor de todos seus pixels com branco. Verifica se ao clicar no botão, o quadro de pixels é totalmente preenchido de branco",
              "timedOut": null,
              "duration": 2340,
              "state": "passed",
              "speed": "slow",
              "pass": true,
              "fail": false,
              "pending": false,
              "context": null,
              "code": "cy.get('.color').eq(1).then(function (color) {\n  var backgroundColor = color.css('background-color');\n  cy.wrap(color).click();\n  cy.get('.pixel').each(function (pixel) {\n    cy.wrap(pixel).click().should('have.css', 'background-color', backgroundColor);\n  });\n});\ncy.get('#clear-board').click();\ncy.get('.pixel').each(function (pixel) {\n  cy.wrap(pixel).should('have.css', 'background-color', WHITE);\n});",
              "err": {},
              "uuid": "da7a0855-4970-4be7-a5dc-04829dfb0123",
              "parentUUID": "af6fccff-9530-4904-897c-09d2eb68f691",
              "isHook": false,
              "skipped": false
            }
          ],
          "suites": [],
          "passes": [
            "d9d76d12-6cd4-4b63-a68e-55086c64a3fa",
            "916adb8b-c7bb-4ee6-bcd5-258c2980259b",
            "62344c25-9c2e-48af-aa39-a7f6d43d669f",
            "da7a0855-4970-4be7-a5dc-04829dfb0123"
          ],
          "failures": [],
          "pending": [],
          "skipped": [],
          "duration": 2801,
          "root": false,
          "rootEmpty": false,
          "_timeout": 2000
        },
        {
          "uuid": "214f4b98-0a9d-426c-9927-d58c81e7d610",
          "title": "10 - Faça o quadro de pixels ter seu tamanho definido pelo usuário.",
          "fullFile": "",
          "file": "",
          "beforeHooks": [],
          "afterHooks": [],
          "tests": [
            {
              "title": "Verifica se existe um input com o id `board-size`",
              "fullTitle": "10 - Faça o quadro de pixels ter seu tamanho definido pelo usuário. Verifica se existe um input com o id `board-size`",
              "timedOut": null,
              "duration": 4595,
              "state": "failed",
              "speed": null,
              "pass": false,
              "fail": true,
              "pending": false,
              "context": null,
              "code": "cy.get('#board-size').should('be.visible');",
              "err": {
                "message": "CypressError: Timed out retrying: Expected to find element: '#board-size', but never found it.",
                "estack": "CypressError: Timed out retrying: Expected to find element: '#board-size', but never found it.\n    at cypressErr (http://localhost:57445/__cypress/runner/cypress_runner.js:149934:9)\n    at throwErr (http://localhost:57445/__cypress/runner/cypress_runner.js:149867:11)\n    at Object.throwErrByPath (http://localhost:57445/__cypress/runner/cypress_runner.js:149915:3)\n    at retry (http://localhost:57445/__cypress/runner/cypress_runner.js:144197:19)\n    at onFailFn (http://localhost:57445/__cypress/runner/cypress_runner.js:132448:16)\n    at tryCatcher (http://localhost:57445/__cypress/runner/cypress_runner.js:167415:23)\n    at Promise._settlePromiseFromHandler (http://localhost:57445/__cypress/runner/cypress_runner.js:165351:31)\n    at Promise._settlePromise (http://localhost:57445/__cypress/runner/cypress_runner.js:165408:18)\n    at Promise._settlePromise0 (http://localhost:57445/__cypress/runner/cypress_runner.js:165453:10)\n    at Promise._settlePromises (http://localhost:57445/__cypress/runner/cypress_runner.js:165528:18)\n    at Async../node_modules/bluebird/js/release/async.js.Async._drainQueue (http://localhost:57445/__cypress/runner/cypress_runner.js:162140:16)\n    at Async../node_modules/bluebird/js/release/async.js.Async._drainQueues (http://localhost:57445/__cypress/runner/cypress_runner.js:162150:10)\n    at Async.drainQueues (http://localhost:57445/__cypress/runner/cypress_runner.js:162024:14)",
                "diff": null
              },
              "uuid": "d76e50b8-404c-4892-bd67-737a4bcb865b",
              "parentUUID": "214f4b98-0a9d-426c-9927-d58c81e7d610",
              "isHook": false,
              "skipped": false
            },
            {
              "title": "Verifica se existe um botão com o id `generate-board`",
              "fullTitle": "10 - Faça o quadro de pixels ter seu tamanho definido pelo usuário. Verifica se existe um botão com o id `generate-board`",
              "timedOut": null,
              "duration": 4563,
              "state": "failed",
              "speed": null,
              "pass": false,
              "fail": true,
              "pending": false,
              "context": null,
              "code": "cy.get('#generate-board').should('be.visible');",
              "err": {
                "message": "CypressError: Timed out retrying: Expected to find element: '#generate-board', but never found it.",
                "estack": "CypressError: Timed out retrying: Expected to find element: '#generate-board', but never found it.\n    at cypressErr (http://localhost:57445/__cypress/runner/cypress_runner.js:149934:9)\n    at throwErr (http://localhost:57445/__cypress/runner/cypress_runner.js:149867:11)\n    at Object.throwErrByPath (http://localhost:57445/__cypress/runner/cypress_runner.js:149915:3)\n    at retry (http://localhost:57445/__cypress/runner/cypress_runner.js:144197:19)\n    at onFailFn (http://localhost:57445/__cypress/runner/cypress_runner.js:132448:16)\n    at tryCatcher (http://localhost:57445/__cypress/runner/cypress_runner.js:167415:23)\n    at Promise._settlePromiseFromHandler (http://localhost:57445/__cypress/runner/cypress_runner.js:165351:31)\n    at Promise._settlePromise (http://localhost:57445/__cypress/runner/cypress_runner.js:165408:18)\n    at Promise._settlePromise0 (http://localhost:57445/__cypress/runner/cypress_runner.js:165453:10)\n    at Promise._settlePromises (http://localhost:57445/__cypress/runner/cypress_runner.js:165528:18)\n    at Async../node_modules/bluebird/js/release/async.js.Async._drainQueue (http://localhost:57445/__cypress/runner/cypress_runner.js:162140:16)\n    at Async../node_modules/bluebird/js/release/async.js.Async._drainQueues (http://localhost:57445/__cypress/runner/cypress_runner.js:162150:10)\n    at Async.drainQueues (http://localhost:57445/__cypress/runner/cypress_runner.js:162024:14)",
                "diff": null
              },
              "uuid": "ad866513-0da7-4e7d-8c0f-32c1e6ba4832",
              "parentUUID": "214f4b98-0a9d-426c-9927-d58c81e7d610",
              "isHook": false,
              "skipped": false
            },
            {
              "title": "Verifica se o input só aceita número maiores que zero. Essa restrição deve ser feita usando os atributos do elemento `input`",
              "fullTitle": "10 - Faça o quadro de pixels ter seu tamanho definido pelo usuário. Verifica se o input só aceita número maiores que zero. Essa restrição deve ser feita usando os atributos do elemento `input`",
              "timedOut": null,
              "duration": 4510,
              "state": "failed",
              "speed": null,
              "pass": false,
              "fail": true,
              "pending": false,
              "context": null,
              "code": "cy.get('#board-size[type=\\'number\\'][min=\\'1\\']');",
              "err": {
                "message": "CypressError: Timed out retrying: Expected to find element: '#board-size[type='number'][min='1']', but never found it.",
                "estack": "CypressError: Timed out retrying: Expected to find element: '#board-size[type='number'][min='1']', but never found it.\n    at cypressErr (http://localhost:57445/__cypress/runner/cypress_runner.js:149934:9)\n    at throwErr (http://localhost:57445/__cypress/runner/cypress_runner.js:149867:11)\n    at Object.throwErrByPath (http://localhost:57445/__cypress/runner/cypress_runner.js:149915:3)\n    at retry (http://localhost:57445/__cypress/runner/cypress_runner.js:144197:19)\n    at onFailFn (http://localhost:57445/__cypress/runner/cypress_runner.js:132448:16)\n    at tryCatcher (http://localhost:57445/__cypress/runner/cypress_runner.js:167415:23)\n    at Promise._settlePromiseFromHandler (http://localhost:57445/__cypress/runner/cypress_runner.js:165351:31)\n    at Promise._settlePromise (http://localhost:57445/__cypress/runner/cypress_runner.js:165408:18)\n    at Promise._settlePromise0 (http://localhost:57445/__cypress/runner/cypress_runner.js:165453:10)\n    at Promise._settlePromises (http://localhost:57445/__cypress/runner/cypress_runner.js:165528:18)\n    at Async../node_modules/bluebird/js/release/async.js.Async._drainQueue (http://localhost:57445/__cypress/runner/cypress_runner.js:162140:16)\n    at Async../node_modules/bluebird/js/release/async.js.Async._drainQueues (http://localhost:57445/__cypress/runner/cypress_runner.js:162150:10)\n    at Async.drainQueues (http://localhost:57445/__cypress/runner/cypress_runner.js:162024:14)",
                "diff": null
              },
              "uuid": "5443c983-d03a-4647-94b4-19a60c9462d7",
              "parentUUID": "214f4b98-0a9d-426c-9927-d58c81e7d610",
              "isHook": false,
              "skipped": false
            },
            {
              "title": "Verifica se o botão contém o texto 'VQV'",
              "fullTitle": "10 - Faça o quadro de pixels ter seu tamanho definido pelo usuário. Verifica se o botão contém o texto 'VQV'",
              "timedOut": null,
              "duration": 4557,
              "state": "failed",
              "speed": null,
              "pass": false,
              "fail": true,
              "pending": false,
              "context": null,
              "code": "cy.get('#generate-board').contains(/vqv/i);",
              "err": {
                "message": "CypressError: Timed out retrying: Expected to find element: '#generate-board', but never found it.",
                "estack": "CypressError: Timed out retrying: Expected to find element: '#generate-board', but never found it.\n    at cypressErr (http://localhost:57445/__cypress/runner/cypress_runner.js:149934:9)\n    at throwErr (http://localhost:57445/__cypress/runner/cypress_runner.js:149867:11)\n    at Object.throwErrByPath (http://localhost:57445/__cypress/runner/cypress_runner.js:149915:3)\n    at retry (http://localhost:57445/__cypress/runner/cypress_runner.js:144197:19)\n    at onFailFn (http://localhost:57445/__cypress/runner/cypress_runner.js:132448:16)\n    at tryCatcher (http://localhost:57445/__cypress/runner/cypress_runner.js:167415:23)\n    at Promise._settlePromiseFromHandler (http://localhost:57445/__cypress/runner/cypress_runner.js:165351:31)\n    at Promise._settlePromise (http://localhost:57445/__cypress/runner/cypress_runner.js:165408:18)\n    at Promise._settlePromise0 (http://localhost:57445/__cypress/runner/cypress_runner.js:165453:10)\n    at Promise._settlePromises (http://localhost:57445/__cypress/runner/cypress_runner.js:165528:18)\n    at Async../node_modules/bluebird/js/release/async.js.Async._drainQueue (http://localhost:57445/__cypress/runner/cypress_runner.js:162140:16)\n    at Async../node_modules/bluebird/js/release/async.js.Async._drainQueues (http://localhost:57445/__cypress/runner/cypress_runner.js:162150:10)\n    at Async.drainQueues (http://localhost:57445/__cypress/runner/cypress_runner.js:162024:14)",
                "diff": null
              },
              "uuid": "08ca9ad8-6f2e-4b29-85c3-f1d1c87bc399",
              "parentUUID": "214f4b98-0a9d-426c-9927-d58c81e7d610",
              "isHook": false,
              "skipped": false
            },
            {
              "title": "Verifica se o input está posicionado entre a paleta de cores e o quadro de pixels",
              "fullTitle": "10 - Faça o quadro de pixels ter seu tamanho definido pelo usuário. Verifica se o input está posicionado entre a paleta de cores e o quadro de pixels",
              "timedOut": null,
              "duration": 4468,
              "state": "failed",
              "speed": null,
              "pass": false,
              "fail": true,
              "pending": false,
              "context": null,
              "code": "cy.get('#color-palette').then(function (palette) {\n  cy.get('#board-size').should('be.belowOf', palette);\n});\ncy.get('#board-size').then(function (palette) {\n  cy.get('#pixel-board').should('be.belowOf', palette);\n});",
              "err": {
                "message": "CypressError: Timed out retrying: Expected to find element: '#board-size', but never found it.",
                "estack": "CypressError: Timed out retrying: Expected to find element: '#board-size', but never found it.\n    at cypressErr (http://localhost:57445/__cypress/runner/cypress_runner.js:149934:9)\n    at throwErr (http://localhost:57445/__cypress/runner/cypress_runner.js:149867:11)\n    at Object.throwErrByPath (http://localhost:57445/__cypress/runner/cypress_runner.js:149915:3)\n    at retry (http://localhost:57445/__cypress/runner/cypress_runner.js:144197:19)\n    at onFailFn (http://localhost:57445/__cypress/runner/cypress_runner.js:132448:16)\n    at tryCatcher (http://localhost:57445/__cypress/runner/cypress_runner.js:167415:23)\n    at Promise._settlePromiseFromHandler (http://localhost:57445/__cypress/runner/cypress_runner.js:165351:31)\n    at Promise._settlePromise (http://localhost:57445/__cypress/runner/cypress_runner.js:165408:18)\n    at Promise._settlePromise0 (http://localhost:57445/__cypress/runner/cypress_runner.js:165453:10)\n    at Promise._settlePromises (http://localhost:57445/__cypress/runner/cypress_runner.js:165528:18)\n    at Async../node_modules/bluebird/js/release/async.js.Async._drainQueue (http://localhost:57445/__cypress/runner/cypress_runner.js:162140:16)\n    at Async../node_modules/bluebird/js/release/async.js.Async._drainQueues (http://localhost:57445/__cypress/runner/cypress_runner.js:162150:10)\n    at Async.drainQueues (http://localhost:57445/__cypress/runner/cypress_runner.js:162024:14)",
                "diff": null
              },
              "uuid": "79929062-0b93-4ba1-8dd9-3b7e4b43cba4",
              "parentUUID": "214f4b98-0a9d-426c-9927-d58c81e7d610",
              "isHook": false,
              "skipped": false
            },
            {
              "title": "Verifica se o botão está posicionado ao lado do input",
              "fullTitle": "10 - Faça o quadro de pixels ter seu tamanho definido pelo usuário. Verifica se o botão está posicionado ao lado do input",
              "timedOut": null,
              "duration": 4506,
              "state": "failed",
              "speed": null,
              "pass": false,
              "fail": true,
              "pending": false,
              "context": null,
              "code": "cy.get('#board-size').then(function (board) {\n  cy.get('#generate-board').should('be.onTheRightOf', board);\n});",
              "err": {
                "message": "CypressError: Timed out retrying: Expected to find element: '#board-size', but never found it.",
                "estack": "CypressError: Timed out retrying: Expected to find element: '#board-size', but never found it.\n    at cypressErr (http://localhost:57445/__cypress/runner/cypress_runner.js:149934:9)\n    at throwErr (http://localhost:57445/__cypress/runner/cypress_runner.js:149867:11)\n    at Object.throwErrByPath (http://localhost:57445/__cypress/runner/cypress_runner.js:149915:3)\n    at retry (http://localhost:57445/__cypress/runner/cypress_runner.js:144197:19)\n    at onFailFn (http://localhost:57445/__cypress/runner/cypress_runner.js:132448:16)\n    at tryCatcher (http://localhost:57445/__cypress/runner/cypress_runner.js:167415:23)\n    at Promise._settlePromiseFromHandler (http://localhost:57445/__cypress/runner/cypress_runner.js:165351:31)\n    at Promise._settlePromise (http://localhost:57445/__cypress/runner/cypress_runner.js:165408:18)\n    at Promise._settlePromise0 (http://localhost:57445/__cypress/runner/cypress_runner.js:165453:10)\n    at Promise._settlePromises (http://localhost:57445/__cypress/runner/cypress_runner.js:165528:18)\n    at Async../node_modules/bluebird/js/release/async.js.Async._drainQueue (http://localhost:57445/__cypress/runner/cypress_runner.js:162140:16)\n    at Async../node_modules/bluebird/js/release/async.js.Async._drainQueues (http://localhost:57445/__cypress/runner/cypress_runner.js:162150:10)\n    at Async.drainQueues (http://localhost:57445/__cypress/runner/cypress_runner.js:162024:14)",
                "diff": null
              },
              "uuid": "4f4e9ae7-c87e-4dcb-bcb2-2cf2ae70363c",
              "parentUUID": "214f4b98-0a9d-426c-9927-d58c81e7d610",
              "isHook": false,
              "skipped": false
            },
            {
              "title": "Verifica se nenhum valor for colocado no input ao clicar no botão, um `alert` é exibido com o texto: 'Board inválido!'",
              "fullTitle": "10 - Faça o quadro de pixels ter seu tamanho definido pelo usuário. Verifica se nenhum valor for colocado no input ao clicar no botão, um `alert` é exibido com o texto: 'Board inválido!'",
              "timedOut": null,
              "duration": 4539,
              "state": "failed",
              "speed": null,
              "pass": false,
              "fail": true,
              "pending": false,
              "context": null,
              "code": "var alerted = false;\ncy.on('window:alert', function (msg) {\n  return alerted = msg;\n});\ncy.get('#generate-board').click().then(function () {\n  return expect(alerted).to.match(/Board inválido!/i);\n});",
              "err": {
                "message": "CypressError: Timed out retrying: Expected to find element: '#generate-board', but never found it.",
                "estack": "CypressError: Timed out retrying: Expected to find element: '#generate-board', but never found it.\n    at cypressErr (http://localhost:57445/__cypress/runner/cypress_runner.js:149934:9)\n    at throwErr (http://localhost:57445/__cypress/runner/cypress_runner.js:149867:11)\n    at Object.throwErrByPath (http://localhost:57445/__cypress/runner/cypress_runner.js:149915:3)\n    at retry (http://localhost:57445/__cypress/runner/cypress_runner.js:144197:19)\n    at onFailFn (http://localhost:57445/__cypress/runner/cypress_runner.js:132448:16)\n    at tryCatcher (http://localhost:57445/__cypress/runner/cypress_runner.js:167415:23)\n    at Promise._settlePromiseFromHandler (http://localhost:57445/__cypress/runner/cypress_runner.js:165351:31)\n    at Promise._settlePromise (http://localhost:57445/__cypress/runner/cypress_runner.js:165408:18)\n    at Promise._settlePromise0 (http://localhost:57445/__cypress/runner/cypress_runner.js:165453:10)\n    at Promise._settlePromises (http://localhost:57445/__cypress/runner/cypress_runner.js:165528:18)\n    at Async../node_modules/bluebird/js/release/async.js.Async._drainQueue (http://localhost:57445/__cypress/runner/cypress_runner.js:162140:16)\n    at Async../node_modules/bluebird/js/release/async.js.Async._drainQueues (http://localhost:57445/__cypress/runner/cypress_runner.js:162150:10)\n    at Async.drainQueues (http://localhost:57445/__cypress/runner/cypress_runner.js:162024:14)",
                "diff": null
              },
              "uuid": "c5c622a4-5a44-4cf4-affd-ab52db4445a6",
              "parentUUID": "214f4b98-0a9d-426c-9927-d58c81e7d610",
              "isHook": false,
              "skipped": false
            },
            {
              "title": "Verifica se ao clicar no botão com um valor preenchido, o tamanho do board muda.",
              "fullTitle": "10 - Faça o quadro de pixels ter seu tamanho definido pelo usuário. Verifica se ao clicar no botão com um valor preenchido, o tamanho do board muda.",
              "timedOut": null,
              "duration": 4536,
              "state": "failed",
              "speed": null,
              "pass": false,
              "fail": true,
              "pending": false,
              "context": null,
              "code": "cy.get('#board-size').clear().type(10);\ncy.get('#generate-board').click();\ncy.get('.pixel').should('have.length', 100);",
              "err": {
                "message": "CypressError: Timed out retrying: Expected to find element: '#board-size', but never found it.",
                "estack": "CypressError: Timed out retrying: Expected to find element: '#board-size', but never found it.\n    at cypressErr (http://localhost:57445/__cypress/runner/cypress_runner.js:149934:9)\n    at throwErr (http://localhost:57445/__cypress/runner/cypress_runner.js:149867:11)\n    at Object.throwErrByPath (http://localhost:57445/__cypress/runner/cypress_runner.js:149915:3)\n    at retry (http://localhost:57445/__cypress/runner/cypress_runner.js:144197:19)\n    at onFailFn (http://localhost:57445/__cypress/runner/cypress_runner.js:132448:16)\n    at tryCatcher (http://localhost:57445/__cypress/runner/cypress_runner.js:167415:23)\n    at Promise._settlePromiseFromHandler (http://localhost:57445/__cypress/runner/cypress_runner.js:165351:31)\n    at Promise._settlePromise (http://localhost:57445/__cypress/runner/cypress_runner.js:165408:18)\n    at Promise._settlePromise0 (http://localhost:57445/__cypress/runner/cypress_runner.js:165453:10)\n    at Promise._settlePromises (http://localhost:57445/__cypress/runner/cypress_runner.js:165528:18)\n    at Async../node_modules/bluebird/js/release/async.js.Async._drainQueue (http://localhost:57445/__cypress/runner/cypress_runner.js:162140:16)\n    at Async../node_modules/bluebird/js/release/async.js.Async._drainQueues (http://localhost:57445/__cypress/runner/cypress_runner.js:162150:10)\n    at Async.drainQueues (http://localhost:57445/__cypress/runner/cypress_runner.js:162024:14)",
                "diff": null
              },
              "uuid": "b638ff29-2a35-4938-a461-902accb6b4e7",
              "parentUUID": "214f4b98-0a9d-426c-9927-d58c81e7d610",
              "isHook": false,
              "skipped": false
            },
            {
              "title": "Verifica se o novo quadro tem todos os pixels preenchidos com a cor branca",
              "fullTitle": "10 - Faça o quadro de pixels ter seu tamanho definido pelo usuário. Verifica se o novo quadro tem todos os pixels preenchidos com a cor branca",
              "timedOut": null,
              "duration": 4963,
              "state": "failed",
              "speed": null,
              "pass": false,
              "fail": true,
              "pending": false,
              "context": null,
              "code": "cy.get('#board-size').clear().type(6);\ncy.get('#generate-board').click();\ncy.get('.pixel').should('have.length', 36).each(function (pixel) {\n  expect(pixel).to.have.css('background-color', WHITE);\n});",
              "err": {
                "message": "CypressError: Timed out retrying: Expected to find element: '#board-size', but never found it.",
                "estack": "CypressError: Timed out retrying: Expected to find element: '#board-size', but never found it.\n    at cypressErr (http://localhost:57445/__cypress/runner/cypress_runner.js:149934:9)\n    at throwErr (http://localhost:57445/__cypress/runner/cypress_runner.js:149867:11)\n    at Object.throwErrByPath (http://localhost:57445/__cypress/runner/cypress_runner.js:149915:3)\n    at retry (http://localhost:57445/__cypress/runner/cypress_runner.js:144197:19)\n    at onFailFn (http://localhost:57445/__cypress/runner/cypress_runner.js:132448:16)\n    at tryCatcher (http://localhost:57445/__cypress/runner/cypress_runner.js:167415:23)\n    at Promise._settlePromiseFromHandler (http://localhost:57445/__cypress/runner/cypress_runner.js:165351:31)\n    at Promise._settlePromise (http://localhost:57445/__cypress/runner/cypress_runner.js:165408:18)\n    at Promise._settlePromise0 (http://localhost:57445/__cypress/runner/cypress_runner.js:165453:10)\n    at Promise._settlePromises (http://localhost:57445/__cypress/runner/cypress_runner.js:165528:18)\n    at Async../node_modules/bluebird/js/release/async.js.Async._drainQueue (http://localhost:57445/__cypress/runner/cypress_runner.js:162140:16)\n    at Async../node_modules/bluebird/js/release/async.js.Async._drainQueues (http://localhost:57445/__cypress/runner/cypress_runner.js:162150:10)\n    at Async.drainQueues (http://localhost:57445/__cypress/runner/cypress_runner.js:162024:14)",
                "diff": null
              },
              "uuid": "1e49adcf-39ff-46ba-95ad-b9b9164eda57",
              "parentUUID": "214f4b98-0a9d-426c-9927-d58c81e7d610",
              "isHook": false,
              "skipped": false
            }
          ],
          "suites": [],
          "passes": [],
          "failures": [
            "d76e50b8-404c-4892-bd67-737a4bcb865b",
            "ad866513-0da7-4e7d-8c0f-32c1e6ba4832",
            "5443c983-d03a-4647-94b4-19a60c9462d7",
            "08ca9ad8-6f2e-4b29-85c3-f1d1c87bc399",
            "79929062-0b93-4ba1-8dd9-3b7e4b43cba4",
            "4f4e9ae7-c87e-4dcb-bcb2-2cf2ae70363c",
            "c5c622a4-5a44-4cf4-affd-ab52db4445a6",
            "b638ff29-2a35-4938-a461-902accb6b4e7",
            "1e49adcf-39ff-46ba-95ad-b9b9164eda57"
          ],
          "pending": [],
          "skipped": [],
          "duration": 41237,
          "root": false,
          "rootEmpty": false,
          "_timeout": 2000
        },
        {
          "uuid": "0be29cd9-2fc5-4f8e-be80-11c36fa4b676",
          "title": "11 - Limite o tamanho mínimo e máximo do board.",
          "fullFile": "",
          "file": "",
          "beforeHooks": [],
          "afterHooks": [],
          "tests": [
            {
              "title": "Verifica se a altura máxima do board é 50",
              "fullTitle": "11 - Limite o tamanho mínimo e máximo do board. Verifica se a altura máxima do board é 50",
              "timedOut": null,
              "duration": 4982,
              "state": "failed",
              "speed": null,
              "pass": false,
              "fail": true,
              "pending": false,
              "context": null,
              "code": "cy.get('#board-size').clear().type(50);\ncy.get('#generate-board').click();\ncy.get('.pixel').should('have.length', 2500);",
              "err": {
                "message": "CypressError: Timed out retrying: Expected to find element: '#board-size', but never found it.",
                "estack": "CypressError: Timed out retrying: Expected to find element: '#board-size', but never found it.\n    at cypressErr (http://localhost:57445/__cypress/runner/cypress_runner.js:149934:9)\n    at throwErr (http://localhost:57445/__cypress/runner/cypress_runner.js:149867:11)\n    at Object.throwErrByPath (http://localhost:57445/__cypress/runner/cypress_runner.js:149915:3)\n    at retry (http://localhost:57445/__cypress/runner/cypress_runner.js:144197:19)\n    at onFailFn (http://localhost:57445/__cypress/runner/cypress_runner.js:132448:16)\n    at tryCatcher (http://localhost:57445/__cypress/runner/cypress_runner.js:167415:23)\n    at Promise._settlePromiseFromHandler (http://localhost:57445/__cypress/runner/cypress_runner.js:165351:31)\n    at Promise._settlePromise (http://localhost:57445/__cypress/runner/cypress_runner.js:165408:18)\n    at Promise._settlePromise0 (http://localhost:57445/__cypress/runner/cypress_runner.js:165453:10)\n    at Promise._settlePromises (http://localhost:57445/__cypress/runner/cypress_runner.js:165528:18)\n    at Async../node_modules/bluebird/js/release/async.js.Async._drainQueue (http://localhost:57445/__cypress/runner/cypress_runner.js:162140:16)\n    at Async../node_modules/bluebird/js/release/async.js.Async._drainQueues (http://localhost:57445/__cypress/runner/cypress_runner.js:162150:10)\n    at Async.drainQueues (http://localhost:57445/__cypress/runner/cypress_runner.js:162024:14)",
                "diff": null
              },
              "uuid": "a15676b6-447e-4103-995a-8f32d587ca24",
              "parentUUID": "0be29cd9-2fc5-4f8e-be80-11c36fa4b676",
              "isHook": false,
              "skipped": false
            },
            {
              "title": "Verifica se a altura do board é 5 quando um valor menor é colocado no input",
              "fullTitle": "11 - Limite o tamanho mínimo e máximo do board. Verifica se a altura do board é 5 quando um valor menor é colocado no input",
              "timedOut": null,
              "duration": 4931,
              "state": "failed",
              "speed": null,
              "pass": false,
              "fail": true,
              "pending": false,
              "context": null,
              "code": "cy.get('#board-size').clear().type(4);\ncy.get('#generate-board').click();\ncy.get('.pixel').should('have.length', 25);",
              "err": {
                "message": "CypressError: Timed out retrying: Expected to find element: '#board-size', but never found it.",
                "estack": "CypressError: Timed out retrying: Expected to find element: '#board-size', but never found it.\n    at cypressErr (http://localhost:57445/__cypress/runner/cypress_runner.js:149934:9)\n    at throwErr (http://localhost:57445/__cypress/runner/cypress_runner.js:149867:11)\n    at Object.throwErrByPath (http://localhost:57445/__cypress/runner/cypress_runner.js:149915:3)\n    at retry (http://localhost:57445/__cypress/runner/cypress_runner.js:144197:19)\n    at onFailFn (http://localhost:57445/__cypress/runner/cypress_runner.js:132448:16)\n    at tryCatcher (http://localhost:57445/__cypress/runner/cypress_runner.js:167415:23)\n    at Promise._settlePromiseFromHandler (http://localhost:57445/__cypress/runner/cypress_runner.js:165351:31)\n    at Promise._settlePromise (http://localhost:57445/__cypress/runner/cypress_runner.js:165408:18)\n    at Promise._settlePromise0 (http://localhost:57445/__cypress/runner/cypress_runner.js:165453:10)\n    at Promise._settlePromises (http://localhost:57445/__cypress/runner/cypress_runner.js:165528:18)\n    at Async../node_modules/bluebird/js/release/async.js.Async._drainQueue (http://localhost:57445/__cypress/runner/cypress_runner.js:162140:16)\n    at Async../node_modules/bluebird/js/release/async.js.Async._drainQueues (http://localhost:57445/__cypress/runner/cypress_runner.js:162150:10)\n    at Async.drainQueues (http://localhost:57445/__cypress/runner/cypress_runner.js:162024:14)",
                "diff": null
              },
              "uuid": "64fb7448-6000-40a5-a2e3-8180207801ee",
              "parentUUID": "0be29cd9-2fc5-4f8e-be80-11c36fa4b676",
              "isHook": false,
              "skipped": false
            },
            {
              "title": "Verifica se a altura do board é 50 quando um valor maior é colocado no input",
              "fullTitle": "11 - Limite o tamanho mínimo e máximo do board. Verifica se a altura do board é 50 quando um valor maior é colocado no input",
              "timedOut": null,
              "duration": 4585,
              "state": "failed",
              "speed": null,
              "pass": false,
              "fail": true,
              "pending": false,
              "context": null,
              "code": "cy.get('#board-size').clear().type(51);\ncy.get('#generate-board').click();\ncy.get('.pixel').should('have.length', 2500);",
              "err": {
                "message": "CypressError: Timed out retrying: Expected to find element: '#board-size', but never found it.",
                "estack": "CypressError: Timed out retrying: Expected to find element: '#board-size', but never found it.\n    at cypressErr (http://localhost:57445/__cypress/runner/cypress_runner.js:149934:9)\n    at throwErr (http://localhost:57445/__cypress/runner/cypress_runner.js:149867:11)\n    at Object.throwErrByPath (http://localhost:57445/__cypress/runner/cypress_runner.js:149915:3)\n    at retry (http://localhost:57445/__cypress/runner/cypress_runner.js:144197:19)\n    at onFailFn (http://localhost:57445/__cypress/runner/cypress_runner.js:132448:16)\n    at tryCatcher (http://localhost:57445/__cypress/runner/cypress_runner.js:167415:23)\n    at Promise._settlePromiseFromHandler (http://localhost:57445/__cypress/runner/cypress_runner.js:165351:31)\n    at Promise._settlePromise (http://localhost:57445/__cypress/runner/cypress_runner.js:165408:18)\n    at Promise._settlePromise0 (http://localhost:57445/__cypress/runner/cypress_runner.js:165453:10)\n    at Promise._settlePromises (http://localhost:57445/__cypress/runner/cypress_runner.js:165528:18)\n    at Async../node_modules/bluebird/js/release/async.js.Async._drainQueue (http://localhost:57445/__cypress/runner/cypress_runner.js:162140:16)\n    at Async../node_modules/bluebird/js/release/async.js.Async._drainQueues (http://localhost:57445/__cypress/runner/cypress_runner.js:162150:10)\n    at Async.drainQueues (http://localhost:57445/__cypress/runner/cypress_runner.js:162024:14)",
                "diff": null
              },
              "uuid": "d39cb211-94aa-4f95-867c-e32c9ca1347d",
              "parentUUID": "0be29cd9-2fc5-4f8e-be80-11c36fa4b676",
              "isHook": false,
              "skipped": false
            }
          ],
          "suites": [],
          "passes": [],
          "failures": [
            "a15676b6-447e-4103-995a-8f32d587ca24",
            "64fb7448-6000-40a5-a2e3-8180207801ee",
            "d39cb211-94aa-4f95-867c-e32c9ca1347d"
          ],
          "pending": [],
          "skipped": [],
          "duration": 14498,
          "root": false,
          "rootEmpty": false,
          "_timeout": 2000
        },
        {
          "uuid": "28d0a5a7-2e64-4bdb-a601-16011c4f5607",
          "title": "12 - Faça com que as cores da paleta sejam geradas aleatoriamente ao carregar a página.",
          "fullFile": "",
          "file": "",
          "beforeHooks": [],
          "afterHooks": [],
          "tests": [
            {
              "title": "Verifica se as cores geradas na paleta são diferentes a cada carregamento da página",
              "fullTitle": "12 - Faça com que as cores da paleta sejam geradas aleatoriamente ao carregar a página. Verifica se as cores geradas na paleta são diferentes a cada carregamento da página",
              "timedOut": null,
              "duration": 836,
              "state": "failed",
              "speed": null,
              "pass": false,
              "fail": true,
              "pending": false,
              "context": null,
              "code": "cy.get('.color').then(function (colors) {\n  var currentColors;\n  var previousColors;\n  previousColors = Array.from(colors).map(function (color) {\n    return Cypress.$(color).css('background-color');\n  });\n  for (var i = 0; i < 5; i += 1) {\n    cy.reload();\n    cy.get('.color').then(function (colors) {\n      currentColors = Array.from(colors).map(function (color) {\n        return Cypress.$(color).css('background-color');\n      });\n      expect(currentColors).not.to.deep.equal(previousColors);\n      previousColors = currentColors;\n    });\n  }\n});",
              "err": {
                "message": "AssertionError: expected [ Array(4) ] to not deeply equal [ Array(4) ]",
                "estack": "AssertionError: expected [ Array(4) ] to not deeply equal [ Array(4) ]\n    at getRet (http://localhost:57445/__cypress/runner/cypress_runner.js:136585:16)\n    at tryCatcher (http://localhost:57445/__cypress/runner/cypress_runner.js:167415:23)\n    at Function.Promise.attempt.Promise.try (http://localhost:57445/__cypress/runner/cypress_runner.js:164690:29)\n    at Context.thenFn (http://localhost:57445/__cypress/runner/cypress_runner.js:136599:23)\n    at Context.then (http://localhost:57445/__cypress/runner/cypress_runner.js:136971:21)\n    at Context.<anonymous> (http://localhost:57445/__cypress/runner/cypress_runner.js:148875:21)\n    at http://localhost:57445/__cypress/runner/cypress_runner.js:148351:33\n    at tryCatcher (http://localhost:57445/__cypress/runner/cypress_runner.js:167415:23)\n    at Promise._settlePromiseFromHandler (http://localhost:57445/__cypress/runner/cypress_runner.js:165351:31)\n    at Promise._settlePromise (http://localhost:57445/__cypress/runner/cypress_runner.js:165408:18)\n    at Promise._settlePromiseCtx (http://localhost:57445/__cypress/runner/cypress_runner.js:165445:10)\n    at Async../node_modules/bluebird/js/release/async.js.Async._drainQueue (http://localhost:57445/__cypress/runner/cypress_runner.js:162145:12)\n    at Async../node_modules/bluebird/js/release/async.js.Async._drainQueues (http://localhost:57445/__cypress/runner/cypress_runner.js:162150:10)\n    at Async.drainQueues (http://localhost:57445/__cypress/runner/cypress_runner.js:162024:14)",
                "diff": ""
              },
              "uuid": "953ca8e7-1db2-481f-911b-705c2670ea1d",
              "parentUUID": "28d0a5a7-2e64-4bdb-a601-16011c4f5607",
              "isHook": false,
              "skipped": false
            },
            {
              "title": "Verifica se a cor preta ainda está presente e é a primeira na sua paleta de cores",
              "fullTitle": "12 - Faça com que as cores da paleta sejam geradas aleatoriamente ao carregar a página. Verifica se a cor preta ainda está presente e é a primeira na sua paleta de cores",
              "timedOut": null,
              "duration": 834,
              "state": "failed",
              "speed": null,
              "pass": false,
              "fail": true,
              "pending": false,
              "context": null,
              "code": "cy.get('.color').then(function (colors) {\n  var currentColors;\n  var previousColors;\n  previousColors = Array.from(colors).map(function (color) {\n    return Cypress.$(color).css('background-color');\n  });\n  expect(previousColors[0]).to.eq(BLACK);\n  for (var i = 0; i < 5; i += 1) {\n    cy.reload();\n    cy.get('.color').then(function (colors) {\n      currentColors = Array.from(colors).map(function (color) {\n        return Cypress.$(color).css('background-color');\n      });\n      expect(currentColors[0]).to.eq(BLACK);\n      expect(currentColors).not.to.deep.equal(previousColors);\n      previousColors = currentColors;\n    });\n  }\n});",
              "err": {
                "message": "AssertionError: expected [ Array(4) ] to not deeply equal [ Array(4) ]",
                "estack": "AssertionError: expected [ Array(4) ] to not deeply equal [ Array(4) ]\n    at getRet (http://localhost:57445/__cypress/runner/cypress_runner.js:136585:16)\n    at tryCatcher (http://localhost:57445/__cypress/runner/cypress_runner.js:167415:23)\n    at Function.Promise.attempt.Promise.try (http://localhost:57445/__cypress/runner/cypress_runner.js:164690:29)\n    at Context.thenFn (http://localhost:57445/__cypress/runner/cypress_runner.js:136599:23)\n    at Context.then (http://localhost:57445/__cypress/runner/cypress_runner.js:136971:21)\n    at Context.<anonymous> (http://localhost:57445/__cypress/runner/cypress_runner.js:148875:21)\n    at http://localhost:57445/__cypress/runner/cypress_runner.js:148351:33\n    at tryCatcher (http://localhost:57445/__cypress/runner/cypress_runner.js:167415:23)\n    at Promise._settlePromiseFromHandler (http://localhost:57445/__cypress/runner/cypress_runner.js:165351:31)\n    at Promise._settlePromise (http://localhost:57445/__cypress/runner/cypress_runner.js:165408:18)\n    at Promise._settlePromiseCtx (http://localhost:57445/__cypress/runner/cypress_runner.js:165445:10)\n    at Async../node_modules/bluebird/js/release/async.js.Async._drainQueue (http://localhost:57445/__cypress/runner/cypress_runner.js:162145:12)\n    at Async../node_modules/bluebird/js/release/async.js.Async._drainQueues (http://localhost:57445/__cypress/runner/cypress_runner.js:162150:10)\n    at Async.drainQueues (http://localhost:57445/__cypress/runner/cypress_runner.js:162024:14)",
                "diff": ""
              },
              "uuid": "65c1686f-3b71-4036-891c-648fe1a37223",
              "parentUUID": "28d0a5a7-2e64-4bdb-a601-16011c4f5607",
              "isHook": false,
              "skipped": false
            }
          ],
          "suites": [],
          "passes": [],
          "failures": [
            "953ca8e7-1db2-481f-911b-705c2670ea1d",
            "65c1686f-3b71-4036-891c-648fe1a37223"
          ],
          "pending": [],
          "skipped": [],
          "duration": 1670,
          "root": false,
          "rootEmpty": false,
          "_timeout": 2000
        }
      ],
      "passes": [],
      "failures": [],
      "pending": [],
      "skipped": [],
      "duration": 0,
      "root": true,
      "rootEmpty": true,
      "_timeout": 2000
    }
  ],
  "meta": {
    "mocha": {
      "version": "7.0.1"
    },
    "mochawesome": {
      "options": {
        "quiet": false,
        "reportFilename": "mochawesome",
        "saveHtml": false,
        "saveJson": true,
        "consoleReporter": "spec",
        "useInlineDiffs": false
      },
      "version": "4.1.0"
    },
    "marge": {
      "options": {
        "id": "default",
        "reportDir": "cypress/reports",
        "overwrite": true,
        "html": false,
        "json": true
      },
      "version": "4.1.0"
    }
  }
}