{
  "stats": {
    "suites": 12,
    "tests": 41,
    "passes": 23,
    "pending": 0,
    "failures": 18,
    "start": "2021-08-14T01:14:44.774Z",
    "end": "2021-08-14T01:17:35.719Z",
    "duration": 170945,
    "testsRegistered": 41,
    "passPercent": 56.09756097560976,
    "pendingPercent": 0,
    "other": 0,
    "hasOther": false,
    "skipped": 0,
    "hasSkipped": false
  },
  "results": [
    {
      "uuid": "8e004b2e-b94c-454d-988f-4226d6fdfc6f",
      "title": "",
      "fullFile": "cypress/integration/project.spec.js",
      "file": "cypress/integration/project.spec.js",
      "beforeHooks": [],
      "afterHooks": [],
      "tests": [],
      "suites": [
        {
          "uuid": "31238695-694b-48c6-bcb9-34b2c974f8ca",
          "title": "1 - Adicione à página o título \"Paleta de Cores\".",
          "fullFile": "",
          "file": "",
          "beforeHooks": [],
          "afterHooks": [],
          "tests": [
            {
              "title": "Verifica se contém um elemento `h1` com o id `title` com o título correto",
              "fullTitle": "1 - Adicione à página o título \"Paleta de Cores\". Verifica se contém um elemento `h1` com o id `title` com o título correto",
              "timedOut": null,
              "duration": 828,
              "state": "passed",
              "speed": "slow",
              "pass": true,
              "fail": false,
              "pending": false,
              "context": null,
              "code": "cy.get('h1#title').should('contain.text', 'Paleta de Cores');",
              "err": {},
              "uuid": "3a913ce7-fa6f-47a7-a415-483184a8873c",
              "parentUUID": "31238695-694b-48c6-bcb9-34b2c974f8ca",
              "isHook": false,
              "skipped": false
            }
          ],
          "suites": [],
          "passes": [
            "3a913ce7-fa6f-47a7-a415-483184a8873c"
          ],
          "failures": [],
          "pending": [],
          "skipped": [],
          "duration": 828,
          "root": false,
          "rootEmpty": false,
          "_timeout": 2000
        },
        {
          "uuid": "39e055c0-aacc-48ca-8f0f-8c476838e28f",
          "title": "2 - Adicione à página uma paleta de quatro cores distintas.",
          "fullFile": "",
          "file": "",
          "beforeHooks": [],
          "afterHooks": [],
          "tests": [
            {
              "title": "A paleta de cores deve ser um elemento com `id` denominado `color-palette`",
              "fullTitle": "2 - Adicione à página uma paleta de quatro cores distintas. A paleta de cores deve ser um elemento com `id` denominado `color-palette`",
              "timedOut": null,
              "duration": 354,
              "state": "passed",
              "speed": "slow",
              "pass": true,
              "fail": false,
              "pending": false,
              "context": null,
              "code": "cy.get('#color-palette').should('be.visible');",
              "err": {},
              "uuid": "68bb4ba2-e2f5-4df7-9b9a-3dd5c35b4883",
              "parentUUID": "39e055c0-aacc-48ca-8f0f-8c476838e28f",
              "isHook": false,
              "skipped": false
            },
            {
              "title": "Verifica se cada cor individual da paleta de cores possui a `classe` chamada `color`.",
              "fullTitle": "2 - Adicione à página uma paleta de quatro cores distintas. Verifica se cada cor individual da paleta de cores possui a `classe` chamada `color`.",
              "timedOut": null,
              "duration": 699,
              "state": "passed",
              "speed": "slow",
              "pass": true,
              "fail": false,
              "pending": false,
              "context": null,
              "code": "cy.get('.color').should('have.length', 4).then(function (colors) {\n  for (var i = 0; i < colors.length; i++) {\n    cy.wrap(colors[i]).should('be.visible');\n  }\n});",
              "err": {},
              "uuid": "9cad894f-c18e-4d7e-8034-9fcbc4a7c158",
              "parentUUID": "39e055c0-aacc-48ca-8f0f-8c476838e28f",
              "isHook": false,
              "skipped": false
            },
            {
              "title": "Verifica se a cor de fundo de cada elemento da paleta é a cor que o elemento representa. **A única cor não permitida na paleta é a cor branca.**",
              "fullTitle": "2 - Adicione à página uma paleta de quatro cores distintas. Verifica se a cor de fundo de cada elemento da paleta é a cor que o elemento representa. **A única cor não permitida na paleta é a cor branca.**",
              "timedOut": null,
              "duration": 564,
              "state": "passed",
              "speed": "slow",
              "pass": true,
              "fail": false,
              "pending": false,
              "context": null,
              "code": "cy.get('.color').each(function (color) {\n  cy.wrap(color).should('have.class', 'color').and('not.have.css', 'background-color', WHITE);\n  cy.wrap(color).should('have.css', 'background-color');\n});",
              "err": {},
              "uuid": "9ac1ffbe-ac67-4c0e-85c5-d427691bca40",
              "parentUUID": "39e055c0-aacc-48ca-8f0f-8c476838e28f",
              "isHook": false,
              "skipped": false
            },
            {
              "title": "Verifica se cada elemento da paleta de cores tem uma borda preta, sólida e com 1 pixel de largura;",
              "fullTitle": "2 - Adicione à página uma paleta de quatro cores distintas. Verifica se cada elemento da paleta de cores tem uma borda preta, sólida e com 1 pixel de largura;",
              "timedOut": null,
              "duration": 513,
              "state": "passed",
              "speed": "slow",
              "pass": true,
              "fail": false,
              "pending": false,
              "context": null,
              "code": "cy.get('.color').each(function (color) {\n  cy.wrap(color).and('have.css', 'border', \"1px solid \".concat(BLACK)).and('have.class', 'color');\n});",
              "err": {},
              "uuid": "bc9d3424-556a-4fd5-b0e5-5b5ae1f474f3",
              "parentUUID": "39e055c0-aacc-48ca-8f0f-8c476838e28f",
              "isHook": false,
              "skipped": false
            },
            {
              "title": "Verifica se a paleta lista todas as cores disponíveis para utilização, lado a lado.",
              "fullTitle": "2 - Adicione à página uma paleta de quatro cores distintas. Verifica se a paleta lista todas as cores disponíveis para utilização, lado a lado.",
              "timedOut": null,
              "duration": 686,
              "state": "passed",
              "speed": "slow",
              "pass": true,
              "fail": false,
              "pending": false,
              "context": null,
              "code": "cy.get('.color').then(function (colors) {\n  for (var index = 1; index < colors.length; index += 1) {\n    var currentColor = colors[index];\n    var previousColor = colors[index - 1];\n    cy.wrap(currentColor).should('be.onTheRightOf', previousColor).and('be.horizontallyAlignedWith', previousColor);\n  }\n});",
              "err": {},
              "uuid": "0f470b75-288a-42fb-bf63-09d67a1b495e",
              "parentUUID": "39e055c0-aacc-48ca-8f0f-8c476838e28f",
              "isHook": false,
              "skipped": false
            },
            {
              "title": "Verifica se a paleta de cores está posicionada abaixo do título 'Paleta de Cores'",
              "fullTitle": "2 - Adicione à página uma paleta de quatro cores distintas. Verifica se a paleta de cores está posicionada abaixo do título 'Paleta de Cores'",
              "timedOut": null,
              "duration": 1291,
              "state": "passed",
              "speed": "slow",
              "pass": true,
              "fail": false,
              "pending": false,
              "context": null,
              "code": "cy.get('h1#title').then(function (title) {\n  cy.get('#color-palette').should('be.belowOf', title);\n});",
              "err": {},
              "uuid": "baa3419d-6d00-4ccd-a064-e2a9a2f8465e",
              "parentUUID": "39e055c0-aacc-48ca-8f0f-8c476838e28f",
              "isHook": false,
              "skipped": false
            },
            {
              "title": "Verifica se a paleta de cores não contém cores repetidas.",
              "fullTitle": "2 - Adicione à página uma paleta de quatro cores distintas. Verifica se a paleta de cores não contém cores repetidas.",
              "timedOut": null,
              "duration": 697,
              "state": "passed",
              "speed": "slow",
              "pass": true,
              "fail": false,
              "pending": false,
              "context": null,
              "code": "cy.get('.color').then(function (colors) {\n  var allColors = Array.from(colors).map(function (color) {\n    return Cypress.$(color).css('background-color');\n  });\n  cy.log(allColors);\n  var uniqColors = (0, _toConsumableArray2[\"default\"])(new Set(allColors));\n  cy.log(uniqColors);\n  expect(allColors.length).to.eq(uniqColors.length);\n});",
              "err": {},
              "uuid": "914d0fda-85c9-4a80-897c-2a23c3123661",
              "parentUUID": "39e055c0-aacc-48ca-8f0f-8c476838e28f",
              "isHook": false,
              "skipped": false
            }
          ],
          "suites": [],
          "passes": [
            "68bb4ba2-e2f5-4df7-9b9a-3dd5c35b4883",
            "9cad894f-c18e-4d7e-8034-9fcbc4a7c158",
            "9ac1ffbe-ac67-4c0e-85c5-d427691bca40",
            "bc9d3424-556a-4fd5-b0e5-5b5ae1f474f3",
            "0f470b75-288a-42fb-bf63-09d67a1b495e",
            "baa3419d-6d00-4ccd-a064-e2a9a2f8465e",
            "914d0fda-85c9-4a80-897c-2a23c3123661"
          ],
          "failures": [],
          "pending": [],
          "skipped": [],
          "duration": 4804,
          "root": false,
          "rootEmpty": false,
          "_timeout": 2000
        },
        {
          "uuid": "35b45f9f-f20e-49fa-ba7e-1ae658d32073",
          "title": "3 - Adicione a cor **preta** como a primeira cor da paleta de cores.",
          "fullFile": "",
          "file": "",
          "beforeHooks": [],
          "afterHooks": [],
          "tests": [
            {
              "title": "Verifica se a primeira cor da paleta é preta",
              "fullTitle": "3 - Adicione a cor **preta** como a primeira cor da paleta de cores. Verifica se a primeira cor da paleta é preta",
              "timedOut": null,
              "duration": 418,
              "state": "passed",
              "speed": "slow",
              "pass": true,
              "fail": false,
              "pending": false,
              "context": null,
              "code": "cy.get('.color').first().should('have.css', 'background-color', BLACK);",
              "err": {},
              "uuid": "f0507e06-3350-4e59-adcc-346271a62580",
              "parentUUID": "35b45f9f-f20e-49fa-ba7e-1ae658d32073",
              "isHook": false,
              "skipped": false
            },
            {
              "title": "Verifica se as demais cores podem ser escolhidas livremente.",
              "fullTitle": "3 - Adicione a cor **preta** como a primeira cor da paleta de cores. Verifica se as demais cores podem ser escolhidas livremente.",
              "timedOut": null,
              "duration": 846,
              "state": "passed",
              "speed": "slow",
              "pass": true,
              "fail": false,
              "pending": false,
              "context": null,
              "code": "cy.get('.color').eq(1).should('not.have.css', 'background-color', BLACK);\ncy.get('.color').eq(1).should('not.have.css', 'background-color', WHITE);\ncy.get('.color').eq(1).should('not.have.css', 'background-color', 'rgba(0, 0, 0, 0)');\ncy.get('.color').eq(1).should('have.css', 'background-color');\ncy.get('.color').eq(2).should('not.have.css', 'background-color', BLACK);\ncy.get('.color').eq(2).should('not.have.css', 'background-color', WHITE);\ncy.get('.color').eq(2).should('not.have.css', 'background-color', 'rgba(0, 0, 0, 0)');\ncy.get('.color').eq(2).should('have.css', 'background-color');\ncy.get('.color').eq(3).should('not.have.css', 'background-color', BLACK);\ncy.get('.color').eq(3).should('not.have.css', 'background-color', WHITE);\ncy.get('.color').eq(3).should('not.have.css', 'background-color', 'rgba(0, 0, 0, 0)');\ncy.get('.color').eq(3).should('have.css', 'background-color');",
              "err": {},
              "uuid": "d7881e55-3e3e-4f11-9691-3426cd70f751",
              "parentUUID": "35b45f9f-f20e-49fa-ba7e-1ae658d32073",
              "isHook": false,
              "skipped": false
            }
          ],
          "suites": [],
          "passes": [
            "f0507e06-3350-4e59-adcc-346271a62580",
            "d7881e55-3e3e-4f11-9691-3426cd70f751"
          ],
          "failures": [],
          "pending": [],
          "skipped": [],
          "duration": 1264,
          "root": false,
          "rootEmpty": false,
          "_timeout": 2000
        },
        {
          "uuid": "67dbc122-d6b0-4158-9e3d-2ec587cd8f10",
          "title": "4 - Adicione à página um quadro de pixels, com 25 pixels.",
          "fullFile": "",
          "file": "",
          "beforeHooks": [],
          "afterHooks": [],
          "tests": [
            {
              "title": "Verifica se o quadro de pixels possui o `id` denominado `pixel-board`",
              "fullTitle": "4 - Adicione à página um quadro de pixels, com 25 pixels. Verifica se o quadro de pixels possui o `id` denominado `pixel-board`",
              "timedOut": null,
              "duration": 388,
              "state": "passed",
              "speed": "slow",
              "pass": true,
              "fail": false,
              "pending": false,
              "context": null,
              "code": "cy.get('#pixel-board').should('be.visible');",
              "err": {},
              "uuid": "266beba8-67ee-4076-84b0-4bcbafcf1ef0",
              "parentUUID": "67dbc122-d6b0-4158-9e3d-2ec587cd8f10",
              "isHook": false,
              "skipped": false
            },
            {
              "title": "Verifica se cada pixel individual dentro do quadro possui a `classe` denominada `pixel`.",
              "fullTitle": "4 - Adicione à página um quadro de pixels, com 25 pixels. Verifica se cada pixel individual dentro do quadro possui a `classe` denominada `pixel`.",
              "timedOut": null,
              "duration": 731,
              "state": "passed",
              "speed": "slow",
              "pass": true,
              "fail": false,
              "pending": false,
              "context": null,
              "code": "cy.get('.pixel').should('have.length', 25);",
              "err": {},
              "uuid": "c4b2db4b-f1bf-4c06-9160-fea0655cb145",
              "parentUUID": "67dbc122-d6b0-4158-9e3d-2ec587cd8f10",
              "isHook": false,
              "skipped": false
            },
            {
              "title": "Verifica se a cor inicial dos pixels dentro do quadro, ao abrir a página, é branca.",
              "fullTitle": "4 - Adicione à página um quadro de pixels, com 25 pixels. Verifica se a cor inicial dos pixels dentro do quadro, ao abrir a página, é branca.",
              "timedOut": null,
              "duration": 1356,
              "state": "passed",
              "speed": "slow",
              "pass": true,
              "fail": false,
              "pending": false,
              "context": null,
              "code": "cy.get('.pixel').should('have.length', 25).each(function (pixel) {\n  expect(pixel).to.have.css('background-color', WHITE);\n});",
              "err": {},
              "uuid": "a760b67f-1f11-4482-bf98-568788eb8ef6",
              "parentUUID": "67dbc122-d6b0-4158-9e3d-2ec587cd8f10",
              "isHook": false,
              "skipped": false
            },
            {
              "title": "Verifica se o quadro de pixels aparece abaixo da paleta de cores",
              "fullTitle": "4 - Adicione à página um quadro de pixels, com 25 pixels. Verifica se o quadro de pixels aparece abaixo da paleta de cores",
              "timedOut": null,
              "duration": 349,
              "state": "passed",
              "speed": "slow",
              "pass": true,
              "fail": false,
              "pending": false,
              "context": null,
              "code": "cy.get('#color-palette').then(function (palette) {\n  cy.get('#pixel-board').should('be.belowOf', palette);\n});",
              "err": {},
              "uuid": "cb28ec8e-04da-4dbc-a8bb-da0caf2bd157",
              "parentUUID": "67dbc122-d6b0-4158-9e3d-2ec587cd8f10",
              "isHook": false,
              "skipped": false
            }
          ],
          "suites": [],
          "passes": [
            "266beba8-67ee-4076-84b0-4bcbafcf1ef0",
            "c4b2db4b-f1bf-4c06-9160-fea0655cb145",
            "a760b67f-1f11-4482-bf98-568788eb8ef6",
            "cb28ec8e-04da-4dbc-a8bb-da0caf2bd157"
          ],
          "failures": [],
          "pending": [],
          "skipped": [],
          "duration": 2824,
          "root": false,
          "rootEmpty": false,
          "_timeout": 2000
        },
        {
          "uuid": "8a5f2b7d-d615-411f-b031-54a73ca3a830",
          "title": "5 - Faça com que cada elemento do quadro de pixels possua 40 pixels de largura, 40 pixels de altura e seja delimitado por uma borda preta de 1 pixel.",
          "fullFile": "",
          "file": "",
          "beforeHooks": [],
          "afterHooks": [],
          "tests": [
            {
              "title": "Verifica se o quadro de pixels tem altura e comprimento de 5 elementos",
              "fullTitle": "5 - Faça com que cada elemento do quadro de pixels possua 40 pixels de largura, 40 pixels de altura e seja delimitado por uma borda preta de 1 pixel. Verifica se o quadro de pixels tem altura e comprimento de 5 elementos",
              "timedOut": null,
              "duration": 1124,
              "state": "passed",
              "speed": "slow",
              "pass": true,
              "fail": false,
              "pending": false,
              "context": null,
              "code": "cy.get('.pixel').should('have.length', 25).each(function (pixel) {\n  expect(pixel).to.have.css('background-color', WHITE);\n}).and(function (pixels) {\n  var rows = chunk(pixels, 5);\n  rows.forEach(function (row) {\n    for (var index = 1; index < row.length; index += 1) {\n      var current = pixels[index];\n      var previous = pixels[index - 1];\n      cy.wrap(current).should('be.onTheRightOf', previous).and('be.horizontallyAlignedWith', previous);\n    }\n  });\n  for (var index = 1; index < 5; index += 1) {\n    expect(pixels[index * 5]).to.be.belowOf(pixels[(index - 1) * 5]);\n  }\n});",
              "err": {},
              "uuid": "c416b40b-8ee1-4c87-8811-9a4bc87d6776",
              "parentUUID": "8a5f2b7d-d615-411f-b031-54a73ca3a830",
              "isHook": false,
              "skipped": false
            },
            {
              "title": "Verifica se 40 pixels é o tamanho total do elemento, incluindo seu conteúdo e excluindo a borda preta, que deve ser criada à parte.",
              "fullTitle": "5 - Faça com que cada elemento do quadro de pixels possua 40 pixels de largura, 40 pixels de altura e seja delimitado por uma borda preta de 1 pixel. Verifica se 40 pixels é o tamanho total do elemento, incluindo seu conteúdo e excluindo a borda preta, que deve ser criada à parte.",
              "timedOut": null,
              "duration": 1850,
              "state": "passed",
              "speed": "slow",
              "pass": true,
              "fail": false,
              "pending": false,
              "context": null,
              "code": "cy.get('.pixel').each(function (pixel) {\n  cy.wrap(pixel).should('have.css', 'height', '40px').and('have.css', 'width', '40px').and('have.css', 'border', \"1px solid \".concat(BLACK));\n});",
              "err": {},
              "uuid": "6bb4b47a-d21d-46bd-94fa-670febbba6b3",
              "parentUUID": "8a5f2b7d-d615-411f-b031-54a73ca3a830",
              "isHook": false,
              "skipped": false
            }
          ],
          "suites": [],
          "passes": [
            "c416b40b-8ee1-4c87-8811-9a4bc87d6776",
            "6bb4b47a-d21d-46bd-94fa-670febbba6b3"
          ],
          "failures": [],
          "pending": [],
          "skipped": [],
          "duration": 2974,
          "root": false,
          "rootEmpty": false,
          "_timeout": 2000
        },
        {
          "uuid": "f51ed871-098f-4a2f-bf56-fc2f6bfb75b4",
          "title": "6 - Defina a cor preta como cor inicial. Ao carregar a página a cor preta já deve estar selecionada para pintar os pixels",
          "fullFile": "",
          "file": "",
          "beforeHooks": [],
          "afterHooks": [],
          "tests": [
            {
              "title": "Verifica se o elemento da cor preta possui, inicialmente, a `classe` `selected`",
              "fullTitle": "6 - Defina a cor preta como cor inicial. Ao carregar a página a cor preta já deve estar selecionada para pintar os pixels Verifica se o elemento da cor preta possui, inicialmente, a `classe` `selected`",
              "timedOut": null,
              "duration": 375,
              "state": "passed",
              "speed": "slow",
              "pass": true,
              "fail": false,
              "pending": false,
              "context": null,
              "code": "cy.get('.selected').first().should('have.css', 'background-color', BLACK);",
              "err": {},
              "uuid": "5fbdc2fe-b31d-4a1c-8238-f99f78d085a6",
              "parentUUID": "f51ed871-098f-4a2f-bf56-fc2f6bfb75b4",
              "isHook": false,
              "skipped": false
            },
            {
              "title": "Verifica se nenhuma outra cor da paleta tem a `classe` `selected`",
              "fullTitle": "6 - Defina a cor preta como cor inicial. Ao carregar a página a cor preta já deve estar selecionada para pintar os pixels Verifica se nenhuma outra cor da paleta tem a `classe` `selected`",
              "timedOut": null,
              "duration": 341,
              "state": "passed",
              "speed": "slow",
              "pass": true,
              "fail": false,
              "pending": false,
              "context": null,
              "code": "cy.get('.color:not(:first-child)').each(function (color) {\n  cy.wrap(color).should('not.have.class', 'selected');\n});",
              "err": {},
              "uuid": "c0447ae3-fe36-49d9-baa7-fc72a3a24343",
              "parentUUID": "f51ed871-098f-4a2f-bf56-fc2f6bfb75b4",
              "isHook": false,
              "skipped": false
            }
          ],
          "suites": [],
          "passes": [
            "5fbdc2fe-b31d-4a1c-8238-f99f78d085a6",
            "c0447ae3-fe36-49d9-baa7-fc72a3a24343"
          ],
          "failures": [],
          "pending": [],
          "skipped": [],
          "duration": 716,
          "root": false,
          "rootEmpty": false,
          "_timeout": 2000
        },
        {
          "uuid": "91cbf507-c322-4cb2-a79b-441df6719884",
          "title": "7 - Clicar em uma das cores da paleta, faz com que ela seja selecionada e utilizada para preencher os pixels no quadro.",
          "fullFile": "",
          "file": "",
          "beforeHooks": [],
          "afterHooks": [],
          "tests": [
            {
              "title": "Verifica se somente uma cor da paleta de cores tem a classe `selected` de cada vez",
              "fullTitle": "7 - Clicar em uma das cores da paleta, faz com que ela seja selecionada e utilizada para preencher os pixels no quadro. Verifica se somente uma cor da paleta de cores tem a classe `selected` de cada vez",
              "timedOut": null,
              "duration": 928,
              "state": "passed",
              "speed": "slow",
              "pass": true,
              "fail": false,
              "pending": false,
              "context": null,
              "code": "cy.get('.color').each(function (selectedColor, selectedColorIndex) {\n  cy.wrap(selectedColor).click();\n  cy.get('.color').each(function (color, colorIndex) {\n    if (colorIndex === selectedColorIndex) {\n      expect(color).to.have[\"class\"]('selected');\n    } else {\n      expect(color).not.to.have[\"class\"]('selected');\n    }\n  });\n});",
              "err": {},
              "uuid": "9eb68052-13da-4239-b566-ed80f440cd01",
              "parentUUID": "91cbf507-c322-4cb2-a79b-441df6719884",
              "isHook": false,
              "skipped": false
            },
            {
              "title": "Verifica se os pixels dentro do quadro não têm a classe `selected` quando são clicados",
              "fullTitle": "7 - Clicar em uma das cores da paleta, faz com que ela seja selecionada e utilizada para preencher os pixels no quadro. Verifica se os pixels dentro do quadro não têm a classe `selected` quando são clicados",
              "timedOut": null,
              "duration": 16308,
              "state": "passed",
              "speed": "slow",
              "pass": true,
              "fail": false,
              "pending": false,
              "context": null,
              "code": "cy.get('.color').each(function (color) {\n  var backgroundColor = color.css('background-color');\n  cy.wrap(color).click();\n  cy.get('.pixel').each(function (pixel) {\n    cy.wrap(pixel).click().should('not.have.class', 'selected');\n  });\n});",
              "err": {},
              "uuid": "72b5298e-699a-4c76-a308-c25cafcb1824",
              "parentUUID": "91cbf507-c322-4cb2-a79b-441df6719884",
              "isHook": false,
              "skipped": false
            }
          ],
          "suites": [],
          "passes": [
            "9eb68052-13da-4239-b566-ed80f440cd01",
            "72b5298e-699a-4c76-a308-c25cafcb1824"
          ],
          "failures": [],
          "pending": [],
          "skipped": [],
          "duration": 17236,
          "root": false,
          "rootEmpty": false,
          "_timeout": 2000
        },
        {
          "uuid": "729a7dd4-1612-4b24-b052-f42638bdeeb2",
          "title": "8 - Clicar em um pixel dentro do quadro após selecionar uma cor na paleta, faz com que o pixel seja preenchido com a cor selecionada.",
          "fullFile": "",
          "file": "",
          "beforeHooks": [],
          "afterHooks": [],
          "tests": [
            {
              "title": "Verifica se ao carregar a página deve ser possível pintar os pixels de preto",
              "fullTitle": "8 - Clicar em um pixel dentro do quadro após selecionar uma cor na paleta, faz com que o pixel seja preenchido com a cor selecionada. Verifica se ao carregar a página deve ser possível pintar os pixels de preto",
              "timedOut": null,
              "duration": 3481,
              "state": "passed",
              "speed": "slow",
              "pass": true,
              "fail": false,
              "pending": false,
              "context": null,
              "code": "cy.get('.pixel').each(function (pixel) {\n  cy.wrap(pixel).click().should('have.css', 'background-color', BLACK);\n});",
              "err": {},
              "uuid": "0768bbeb-1cfa-4181-8e80-5d063aa942b6",
              "parentUUID": "729a7dd4-1612-4b24-b052-f42638bdeeb2",
              "isHook": false,
              "skipped": false
            },
            {
              "title": "Verifica se após selecionar uma outra cor na paleta, é possível pintar os pixels com essa cor",
              "fullTitle": "8 - Clicar em um pixel dentro do quadro após selecionar uma cor na paleta, faz com que o pixel seja preenchido com a cor selecionada. Verifica se após selecionar uma outra cor na paleta, é possível pintar os pixels com essa cor",
              "timedOut": null,
              "duration": 15827,
              "state": "passed",
              "speed": "slow",
              "pass": true,
              "fail": false,
              "pending": false,
              "context": null,
              "code": "cy.get('.color').each(function (color) {\n  var backgroundColor = color.css('background-color');\n  cy.wrap(color).click();\n  cy.get('.pixel').each(function (pixel) {\n    cy.wrap(pixel).click().should('have.css', 'background-color', backgroundColor);\n  });\n});",
              "err": {},
              "uuid": "7c61132a-6c73-44a3-a7c9-5174a42b8ac8",
              "parentUUID": "729a7dd4-1612-4b24-b052-f42638bdeeb2",
              "isHook": false,
              "skipped": false
            },
            {
              "title": "Verifica se somente o pixel que foi clicado foi preenchido com a cor selecionada, sem influenciar na cor dos demais pixels.",
              "fullTitle": "8 - Clicar em um pixel dentro do quadro após selecionar uma cor na paleta, faz com que o pixel seja preenchido com a cor selecionada. Verifica se somente o pixel que foi clicado foi preenchido com a cor selecionada, sem influenciar na cor dos demais pixels.",
              "timedOut": null,
              "duration": 4854,
              "state": "passed",
              "speed": "slow",
              "pass": true,
              "fail": false,
              "pending": false,
              "context": null,
              "code": "var colorToPixelIndexMap = {\n  0: 6,\n  1: 8,\n  2: 16,\n  3: 18\n};\ncy.get('.color').each(function (color, index) {\n  cy.wrap(color).click();\n  var backgroundColor = color.css('background-color');\n  var clickedPixelIndex = colorToPixelIndexMap[index];\n  cy.get('.pixel').eq(clickedPixelIndex).click();\n  cy.get('.pixel').eq(clickedPixelIndex - 1).should('not.have.css', 'background-color', backgroundColor);\n  cy.get('.pixel').eq(clickedPixelIndex + 1).should('not.have.css', 'background-color', backgroundColor);\n  cy.get('.pixel').eq(clickedPixelIndex - 5).should('not.have.css', 'background-color', backgroundColor);\n  cy.get('.pixel').eq(clickedPixelIndex + 5).should('not.have.css', 'background-color', backgroundColor);\n  cy.get('.pixel').eq(clickedPixelIndex - 6).should('not.have.css', 'background-color', backgroundColor);\n  cy.get('.pixel').eq(clickedPixelIndex - 4).should('not.have.css', 'background-color', backgroundColor);\n  cy.get('.pixel').eq(clickedPixelIndex + 4).should('not.have.css', 'background-color', backgroundColor);\n  cy.get('.pixel').eq(clickedPixelIndex + 6).should('not.have.css', 'background-color', backgroundColor);\n});",
              "err": {},
              "uuid": "6d1cbbd3-d814-425e-a982-ac53525dd696",
              "parentUUID": "729a7dd4-1612-4b24-b052-f42638bdeeb2",
              "isHook": false,
              "skipped": false
            }
          ],
          "suites": [],
          "passes": [
            "0768bbeb-1cfa-4181-8e80-5d063aa942b6",
            "7c61132a-6c73-44a3-a7c9-5174a42b8ac8",
            "6d1cbbd3-d814-425e-a982-ac53525dd696"
          ],
          "failures": [],
          "pending": [],
          "skipped": [],
          "duration": 24162,
          "root": false,
          "rootEmpty": false,
          "_timeout": 2000
        },
        {
          "uuid": "f68e8958-1171-43dd-adc5-9d4062853023",
          "title": "9 - Crie um botão que, ao ser clicado, limpa o quadro preenchendo a cor de todos seus pixels com branco.",
          "fullFile": "",
          "file": "",
          "beforeHooks": [],
          "afterHooks": [],
          "tests": [
            {
              "title": "Verifica se o botão tem o `id` denominado `clear-board`",
              "fullTitle": "9 - Crie um botão que, ao ser clicado, limpa o quadro preenchendo a cor de todos seus pixels com branco. Verifica se o botão tem o `id` denominado `clear-board`",
              "timedOut": null,
              "duration": 5334,
              "state": "failed",
              "speed": null,
              "pass": false,
              "fail": true,
              "pending": false,
              "context": null,
              "code": "cy.get('#clear-board').should('be.visible');",
              "err": {
                "message": "CypressError: Timed out retrying: Expected to find element: '#clear-board', but never found it.",
                "estack": "CypressError: Timed out retrying: Expected to find element: '#clear-board', but never found it.\n    at cypressErr (http://localhost:51955/__cypress/runner/cypress_runner.js:149934:9)\n    at throwErr (http://localhost:51955/__cypress/runner/cypress_runner.js:149867:11)\n    at Object.throwErrByPath (http://localhost:51955/__cypress/runner/cypress_runner.js:149915:3)\n    at retry (http://localhost:51955/__cypress/runner/cypress_runner.js:144197:19)\n    at onFailFn (http://localhost:51955/__cypress/runner/cypress_runner.js:132448:16)\n    at tryCatcher (http://localhost:51955/__cypress/runner/cypress_runner.js:167415:23)\n    at Promise._settlePromiseFromHandler (http://localhost:51955/__cypress/runner/cypress_runner.js:165351:31)\n    at Promise._settlePromise (http://localhost:51955/__cypress/runner/cypress_runner.js:165408:18)\n    at Promise._settlePromise0 (http://localhost:51955/__cypress/runner/cypress_runner.js:165453:10)\n    at Promise._settlePromises (http://localhost:51955/__cypress/runner/cypress_runner.js:165528:18)\n    at Async../node_modules/bluebird/js/release/async.js.Async._drainQueue (http://localhost:51955/__cypress/runner/cypress_runner.js:162140:16)\n    at Async../node_modules/bluebird/js/release/async.js.Async._drainQueues (http://localhost:51955/__cypress/runner/cypress_runner.js:162150:10)\n    at Async.drainQueues (http://localhost:51955/__cypress/runner/cypress_runner.js:162024:14)",
                "diff": null
              },
              "uuid": "b98b3feb-858c-4018-9579-739ace0ad556",
              "parentUUID": "f68e8958-1171-43dd-adc5-9d4062853023",
              "isHook": false,
              "skipped": false
            },
            {
              "title": "Verifica se o botão está posicionado entre a paleta de cores e o quadro de pixels",
              "fullTitle": "9 - Crie um botão que, ao ser clicado, limpa o quadro preenchendo a cor de todos seus pixels com branco. Verifica se o botão está posicionado entre a paleta de cores e o quadro de pixels",
              "timedOut": null,
              "duration": 6452,
              "state": "failed",
              "speed": null,
              "pass": false,
              "fail": true,
              "pending": false,
              "context": null,
              "code": "cy.get('#color-palette').then(function (palette) {\n  cy.get('#clear-board').should('be.belowOf', palette);\n});\ncy.get('#clear-board').then(function (clearBtn) {\n  cy.get('#pixel-board').should('be.belowOf', clearBtn);\n});",
              "err": {
                "message": "CypressError: Timed out retrying: Expected to find element: '#clear-board', but never found it.",
                "estack": "CypressError: Timed out retrying: Expected to find element: '#clear-board', but never found it.\n    at cypressErr (http://localhost:51955/__cypress/runner/cypress_runner.js:149934:9)\n    at throwErr (http://localhost:51955/__cypress/runner/cypress_runner.js:149867:11)\n    at Object.throwErrByPath (http://localhost:51955/__cypress/runner/cypress_runner.js:149915:3)\n    at retry (http://localhost:51955/__cypress/runner/cypress_runner.js:144197:19)\n    at onFailFn (http://localhost:51955/__cypress/runner/cypress_runner.js:132448:16)\n    at tryCatcher (http://localhost:51955/__cypress/runner/cypress_runner.js:167415:23)\n    at Promise._settlePromiseFromHandler (http://localhost:51955/__cypress/runner/cypress_runner.js:165351:31)\n    at Promise._settlePromise (http://localhost:51955/__cypress/runner/cypress_runner.js:165408:18)\n    at Promise._settlePromise0 (http://localhost:51955/__cypress/runner/cypress_runner.js:165453:10)\n    at Promise._settlePromises (http://localhost:51955/__cypress/runner/cypress_runner.js:165528:18)\n    at Async../node_modules/bluebird/js/release/async.js.Async._drainQueue (http://localhost:51955/__cypress/runner/cypress_runner.js:162140:16)\n    at Async../node_modules/bluebird/js/release/async.js.Async._drainQueues (http://localhost:51955/__cypress/runner/cypress_runner.js:162150:10)\n    at Async.drainQueues (http://localhost:51955/__cypress/runner/cypress_runner.js:162024:14)",
                "diff": null
              },
              "uuid": "1ec73041-b6bd-4ce4-8f80-fb5c9b2cc394",
              "parentUUID": "f68e8958-1171-43dd-adc5-9d4062853023",
              "isHook": false,
              "skipped": false
            },
            {
              "title": "Verifica se o texto do botão é 'Limpar'",
              "fullTitle": "9 - Crie um botão que, ao ser clicado, limpa o quadro preenchendo a cor de todos seus pixels com branco. Verifica se o texto do botão é 'Limpar'",
              "timedOut": null,
              "duration": 5785,
              "state": "failed",
              "speed": null,
              "pass": false,
              "fail": true,
              "pending": false,
              "context": null,
              "code": "cy.get('#clear-board').should('contain.text', 'Limpar');",
              "err": {
                "message": "CypressError: Timed out retrying: Expected to find element: '#clear-board', but never found it.",
                "estack": "CypressError: Timed out retrying: Expected to find element: '#clear-board', but never found it.\n    at cypressErr (http://localhost:51955/__cypress/runner/cypress_runner.js:149934:9)\n    at throwErr (http://localhost:51955/__cypress/runner/cypress_runner.js:149867:11)\n    at Object.throwErrByPath (http://localhost:51955/__cypress/runner/cypress_runner.js:149915:3)\n    at retry (http://localhost:51955/__cypress/runner/cypress_runner.js:144197:19)\n    at onFailFn (http://localhost:51955/__cypress/runner/cypress_runner.js:132448:16)\n    at tryCatcher (http://localhost:51955/__cypress/runner/cypress_runner.js:167415:23)\n    at Promise._settlePromiseFromHandler (http://localhost:51955/__cypress/runner/cypress_runner.js:165351:31)\n    at Promise._settlePromise (http://localhost:51955/__cypress/runner/cypress_runner.js:165408:18)\n    at Promise._settlePromise0 (http://localhost:51955/__cypress/runner/cypress_runner.js:165453:10)\n    at Promise._settlePromises (http://localhost:51955/__cypress/runner/cypress_runner.js:165528:18)\n    at Async../node_modules/bluebird/js/release/async.js.Async._drainQueue (http://localhost:51955/__cypress/runner/cypress_runner.js:162140:16)\n    at Async../node_modules/bluebird/js/release/async.js.Async._drainQueues (http://localhost:51955/__cypress/runner/cypress_runner.js:162150:10)\n    at Async.drainQueues (http://localhost:51955/__cypress/runner/cypress_runner.js:162024:14)",
                "diff": null
              },
              "uuid": "7428b9c3-e229-4497-b44f-9b22ff0c095d",
              "parentUUID": "f68e8958-1171-43dd-adc5-9d4062853023",
              "isHook": false,
              "skipped": false
            },
            {
              "title": "Verifica se ao clicar no botão, o quadro de pixels é totalmente preenchido de branco",
              "fullTitle": "9 - Crie um botão que, ao ser clicado, limpa o quadro preenchendo a cor de todos seus pixels com branco. Verifica se ao clicar no botão, o quadro de pixels é totalmente preenchido de branco",
              "timedOut": null,
              "duration": 8300,
              "state": "failed",
              "speed": null,
              "pass": false,
              "fail": true,
              "pending": false,
              "context": null,
              "code": "cy.get('.color').eq(1).then(function (color) {\n  var backgroundColor = color.css('background-color');\n  cy.wrap(color).click();\n  cy.get('.pixel').each(function (pixel) {\n    cy.wrap(pixel).click().should('have.css', 'background-color', backgroundColor);\n  });\n});\ncy.get('#clear-board').click();\ncy.get('.pixel').each(function (pixel) {\n  cy.wrap(pixel).should('have.css', 'background-color', WHITE);\n});",
              "err": {
                "message": "CypressError: Timed out retrying: Expected to find element: '#clear-board', but never found it.",
                "estack": "CypressError: Timed out retrying: Expected to find element: '#clear-board', but never found it.\n    at cypressErr (http://localhost:51955/__cypress/runner/cypress_runner.js:149934:9)\n    at throwErr (http://localhost:51955/__cypress/runner/cypress_runner.js:149867:11)\n    at Object.throwErrByPath (http://localhost:51955/__cypress/runner/cypress_runner.js:149915:3)\n    at retry (http://localhost:51955/__cypress/runner/cypress_runner.js:144197:19)\n    at onFailFn (http://localhost:51955/__cypress/runner/cypress_runner.js:132448:16)\n    at tryCatcher (http://localhost:51955/__cypress/runner/cypress_runner.js:167415:23)\n    at Promise._settlePromiseFromHandler (http://localhost:51955/__cypress/runner/cypress_runner.js:165351:31)\n    at Promise._settlePromise (http://localhost:51955/__cypress/runner/cypress_runner.js:165408:18)\n    at Promise._settlePromise0 (http://localhost:51955/__cypress/runner/cypress_runner.js:165453:10)\n    at Promise._settlePromises (http://localhost:51955/__cypress/runner/cypress_runner.js:165528:18)\n    at Async../node_modules/bluebird/js/release/async.js.Async._drainQueue (http://localhost:51955/__cypress/runner/cypress_runner.js:162140:16)\n    at Async../node_modules/bluebird/js/release/async.js.Async._drainQueues (http://localhost:51955/__cypress/runner/cypress_runner.js:162150:10)\n    at Async.drainQueues (http://localhost:51955/__cypress/runner/cypress_runner.js:162024:14)",
                "diff": null
              },
              "uuid": "f7508227-dc32-4f8b-a5a3-dae0d080f065",
              "parentUUID": "f68e8958-1171-43dd-adc5-9d4062853023",
              "isHook": false,
              "skipped": false
            }
          ],
          "suites": [],
          "passes": [],
          "failures": [
            "b98b3feb-858c-4018-9579-739ace0ad556",
            "1ec73041-b6bd-4ce4-8f80-fb5c9b2cc394",
            "7428b9c3-e229-4497-b44f-9b22ff0c095d",
            "f7508227-dc32-4f8b-a5a3-dae0d080f065"
          ],
          "pending": [],
          "skipped": [],
          "duration": 25871,
          "root": false,
          "rootEmpty": false,
          "_timeout": 2000
        },
        {
          "uuid": "0829f712-9045-4d59-bd05-d8239e082025",
          "title": "10 - Faça o quadro de pixels ter seu tamanho definido pelo usuário.",
          "fullFile": "",
          "file": "",
          "beforeHooks": [],
          "afterHooks": [],
          "tests": [
            {
              "title": "Verifica se existe um input com o id `board-size`",
              "fullTitle": "10 - Faça o quadro de pixels ter seu tamanho definido pelo usuário. Verifica se existe um input com o id `board-size`",
              "timedOut": null,
              "duration": 6111,
              "state": "failed",
              "speed": null,
              "pass": false,
              "fail": true,
              "pending": false,
              "context": null,
              "code": "cy.get('#board-size').should('be.visible');",
              "err": {
                "message": "CypressError: Timed out retrying: Expected to find element: '#board-size', but never found it.",
                "estack": "CypressError: Timed out retrying: Expected to find element: '#board-size', but never found it.\n    at cypressErr (http://localhost:51955/__cypress/runner/cypress_runner.js:149934:9)\n    at throwErr (http://localhost:51955/__cypress/runner/cypress_runner.js:149867:11)\n    at Object.throwErrByPath (http://localhost:51955/__cypress/runner/cypress_runner.js:149915:3)\n    at retry (http://localhost:51955/__cypress/runner/cypress_runner.js:144197:19)\n    at onFailFn (http://localhost:51955/__cypress/runner/cypress_runner.js:132448:16)\n    at tryCatcher (http://localhost:51955/__cypress/runner/cypress_runner.js:167415:23)\n    at Promise._settlePromiseFromHandler (http://localhost:51955/__cypress/runner/cypress_runner.js:165351:31)\n    at Promise._settlePromise (http://localhost:51955/__cypress/runner/cypress_runner.js:165408:18)\n    at Promise._settlePromise0 (http://localhost:51955/__cypress/runner/cypress_runner.js:165453:10)\n    at Promise._settlePromises (http://localhost:51955/__cypress/runner/cypress_runner.js:165528:18)\n    at Async../node_modules/bluebird/js/release/async.js.Async._drainQueue (http://localhost:51955/__cypress/runner/cypress_runner.js:162140:16)\n    at Async../node_modules/bluebird/js/release/async.js.Async._drainQueues (http://localhost:51955/__cypress/runner/cypress_runner.js:162150:10)\n    at Async.drainQueues (http://localhost:51955/__cypress/runner/cypress_runner.js:162024:14)",
                "diff": null
              },
              "uuid": "d1107351-a917-4c03-88f6-bd652017a4fe",
              "parentUUID": "0829f712-9045-4d59-bd05-d8239e082025",
              "isHook": false,
              "skipped": false
            },
            {
              "title": "Verifica se existe um botão com o id `generate-board`",
              "fullTitle": "10 - Faça o quadro de pixels ter seu tamanho definido pelo usuário. Verifica se existe um botão com o id `generate-board`",
              "timedOut": null,
              "duration": 7278,
              "state": "failed",
              "speed": null,
              "pass": false,
              "fail": true,
              "pending": false,
              "context": null,
              "code": "cy.get('#generate-board').should('be.visible');",
              "err": {
                "message": "CypressError: Timed out retrying: Expected to find element: '#generate-board', but never found it.",
                "estack": "CypressError: Timed out retrying: Expected to find element: '#generate-board', but never found it.\n    at cypressErr (http://localhost:51955/__cypress/runner/cypress_runner.js:149934:9)\n    at throwErr (http://localhost:51955/__cypress/runner/cypress_runner.js:149867:11)\n    at Object.throwErrByPath (http://localhost:51955/__cypress/runner/cypress_runner.js:149915:3)\n    at retry (http://localhost:51955/__cypress/runner/cypress_runner.js:144197:19)\n    at onFailFn (http://localhost:51955/__cypress/runner/cypress_runner.js:132448:16)\n    at tryCatcher (http://localhost:51955/__cypress/runner/cypress_runner.js:167415:23)\n    at Promise._settlePromiseFromHandler (http://localhost:51955/__cypress/runner/cypress_runner.js:165351:31)\n    at Promise._settlePromise (http://localhost:51955/__cypress/runner/cypress_runner.js:165408:18)\n    at Promise._settlePromise0 (http://localhost:51955/__cypress/runner/cypress_runner.js:165453:10)\n    at Promise._settlePromises (http://localhost:51955/__cypress/runner/cypress_runner.js:165528:18)\n    at Async../node_modules/bluebird/js/release/async.js.Async._drainQueue (http://localhost:51955/__cypress/runner/cypress_runner.js:162140:16)\n    at Async../node_modules/bluebird/js/release/async.js.Async._drainQueues (http://localhost:51955/__cypress/runner/cypress_runner.js:162150:10)\n    at Async.drainQueues (http://localhost:51955/__cypress/runner/cypress_runner.js:162024:14)",
                "diff": null
              },
              "uuid": "de4306b6-cb05-4e85-9237-46e3c2ee41aa",
              "parentUUID": "0829f712-9045-4d59-bd05-d8239e082025",
              "isHook": false,
              "skipped": false
            },
            {
              "title": "Verifica se o input só aceita número maiores que zero. Essa restrição deve ser feita usando os atributos do elemento `input`",
              "fullTitle": "10 - Faça o quadro de pixels ter seu tamanho definido pelo usuário. Verifica se o input só aceita número maiores que zero. Essa restrição deve ser feita usando os atributos do elemento `input`",
              "timedOut": null,
              "duration": 5734,
              "state": "failed",
              "speed": null,
              "pass": false,
              "fail": true,
              "pending": false,
              "context": null,
              "code": "cy.get('#board-size[type=\\'number\\'][min=\\'1\\']');",
              "err": {
                "message": "CypressError: Timed out retrying: Expected to find element: '#board-size[type='number'][min='1']', but never found it.",
                "estack": "CypressError: Timed out retrying: Expected to find element: '#board-size[type='number'][min='1']', but never found it.\n    at cypressErr (http://localhost:51955/__cypress/runner/cypress_runner.js:149934:9)\n    at throwErr (http://localhost:51955/__cypress/runner/cypress_runner.js:149867:11)\n    at Object.throwErrByPath (http://localhost:51955/__cypress/runner/cypress_runner.js:149915:3)\n    at retry (http://localhost:51955/__cypress/runner/cypress_runner.js:144197:19)\n    at onFailFn (http://localhost:51955/__cypress/runner/cypress_runner.js:132448:16)\n    at tryCatcher (http://localhost:51955/__cypress/runner/cypress_runner.js:167415:23)\n    at Promise._settlePromiseFromHandler (http://localhost:51955/__cypress/runner/cypress_runner.js:165351:31)\n    at Promise._settlePromise (http://localhost:51955/__cypress/runner/cypress_runner.js:165408:18)\n    at Promise._settlePromise0 (http://localhost:51955/__cypress/runner/cypress_runner.js:165453:10)\n    at Promise._settlePromises (http://localhost:51955/__cypress/runner/cypress_runner.js:165528:18)\n    at Async../node_modules/bluebird/js/release/async.js.Async._drainQueue (http://localhost:51955/__cypress/runner/cypress_runner.js:162140:16)\n    at Async../node_modules/bluebird/js/release/async.js.Async._drainQueues (http://localhost:51955/__cypress/runner/cypress_runner.js:162150:10)\n    at Async.drainQueues (http://localhost:51955/__cypress/runner/cypress_runner.js:162024:14)",
                "diff": null
              },
              "uuid": "38ed2c59-54c5-4f11-a4f3-df860915f475",
              "parentUUID": "0829f712-9045-4d59-bd05-d8239e082025",
              "isHook": false,
              "skipped": false
            },
            {
              "title": "Verifica se o botão contém o texto 'VQV'",
              "fullTitle": "10 - Faça o quadro de pixels ter seu tamanho definido pelo usuário. Verifica se o botão contém o texto 'VQV'",
              "timedOut": null,
              "duration": 5599,
              "state": "failed",
              "speed": null,
              "pass": false,
              "fail": true,
              "pending": false,
              "context": null,
              "code": "cy.get('#generate-board').contains(/vqv/i);",
              "err": {
                "message": "CypressError: Timed out retrying: Expected to find element: '#generate-board', but never found it.",
                "estack": "CypressError: Timed out retrying: Expected to find element: '#generate-board', but never found it.\n    at cypressErr (http://localhost:51955/__cypress/runner/cypress_runner.js:149934:9)\n    at throwErr (http://localhost:51955/__cypress/runner/cypress_runner.js:149867:11)\n    at Object.throwErrByPath (http://localhost:51955/__cypress/runner/cypress_runner.js:149915:3)\n    at retry (http://localhost:51955/__cypress/runner/cypress_runner.js:144197:19)\n    at onFailFn (http://localhost:51955/__cypress/runner/cypress_runner.js:132448:16)\n    at tryCatcher (http://localhost:51955/__cypress/runner/cypress_runner.js:167415:23)\n    at Promise._settlePromiseFromHandler (http://localhost:51955/__cypress/runner/cypress_runner.js:165351:31)\n    at Promise._settlePromise (http://localhost:51955/__cypress/runner/cypress_runner.js:165408:18)\n    at Promise._settlePromise0 (http://localhost:51955/__cypress/runner/cypress_runner.js:165453:10)\n    at Promise._settlePromises (http://localhost:51955/__cypress/runner/cypress_runner.js:165528:18)\n    at Async../node_modules/bluebird/js/release/async.js.Async._drainQueue (http://localhost:51955/__cypress/runner/cypress_runner.js:162140:16)\n    at Async../node_modules/bluebird/js/release/async.js.Async._drainQueues (http://localhost:51955/__cypress/runner/cypress_runner.js:162150:10)\n    at Async.drainQueues (http://localhost:51955/__cypress/runner/cypress_runner.js:162024:14)",
                "diff": null
              },
              "uuid": "f90fa21c-ca55-4520-b0a8-ca71c736e34d",
              "parentUUID": "0829f712-9045-4d59-bd05-d8239e082025",
              "isHook": false,
              "skipped": false
            },
            {
              "title": "Verifica se o input está posicionado entre a paleta de cores e o quadro de pixels",
              "fullTitle": "10 - Faça o quadro de pixels ter seu tamanho definido pelo usuário. Verifica se o input está posicionado entre a paleta de cores e o quadro de pixels",
              "timedOut": null,
              "duration": 5890,
              "state": "failed",
              "speed": null,
              "pass": false,
              "fail": true,
              "pending": false,
              "context": null,
              "code": "cy.get('#color-palette').then(function (palette) {\n  cy.get('#board-size').should('be.belowOf', palette);\n});\ncy.get('#board-size').then(function (palette) {\n  cy.get('#pixel-board').should('be.belowOf', palette);\n});",
              "err": {
                "message": "CypressError: Timed out retrying: Expected to find element: '#board-size', but never found it.",
                "estack": "CypressError: Timed out retrying: Expected to find element: '#board-size', but never found it.\n    at cypressErr (http://localhost:51955/__cypress/runner/cypress_runner.js:149934:9)\n    at throwErr (http://localhost:51955/__cypress/runner/cypress_runner.js:149867:11)\n    at Object.throwErrByPath (http://localhost:51955/__cypress/runner/cypress_runner.js:149915:3)\n    at retry (http://localhost:51955/__cypress/runner/cypress_runner.js:144197:19)\n    at onFailFn (http://localhost:51955/__cypress/runner/cypress_runner.js:132448:16)\n    at tryCatcher (http://localhost:51955/__cypress/runner/cypress_runner.js:167415:23)\n    at Promise._settlePromiseFromHandler (http://localhost:51955/__cypress/runner/cypress_runner.js:165351:31)\n    at Promise._settlePromise (http://localhost:51955/__cypress/runner/cypress_runner.js:165408:18)\n    at Promise._settlePromise0 (http://localhost:51955/__cypress/runner/cypress_runner.js:165453:10)\n    at Promise._settlePromises (http://localhost:51955/__cypress/runner/cypress_runner.js:165528:18)\n    at Async../node_modules/bluebird/js/release/async.js.Async._drainQueue (http://localhost:51955/__cypress/runner/cypress_runner.js:162140:16)\n    at Async../node_modules/bluebird/js/release/async.js.Async._drainQueues (http://localhost:51955/__cypress/runner/cypress_runner.js:162150:10)\n    at Async.drainQueues (http://localhost:51955/__cypress/runner/cypress_runner.js:162024:14)",
                "diff": null
              },
              "uuid": "a536e6b5-ad38-4bd4-af64-275948245bf0",
              "parentUUID": "0829f712-9045-4d59-bd05-d8239e082025",
              "isHook": false,
              "skipped": false
            },
            {
              "title": "Verifica se o botão está posicionado ao lado do input",
              "fullTitle": "10 - Faça o quadro de pixels ter seu tamanho definido pelo usuário. Verifica se o botão está posicionado ao lado do input",
              "timedOut": null,
              "duration": 7540,
              "state": "failed",
              "speed": null,
              "pass": false,
              "fail": true,
              "pending": false,
              "context": null,
              "code": "cy.get('#board-size').then(function (board) {\n  cy.get('#generate-board').should('be.onTheRightOf', board);\n});",
              "err": {
                "message": "CypressError: Timed out retrying: Expected to find element: '#board-size', but never found it.",
                "estack": "CypressError: Timed out retrying: Expected to find element: '#board-size', but never found it.\n    at cypressErr (http://localhost:51955/__cypress/runner/cypress_runner.js:149934:9)\n    at throwErr (http://localhost:51955/__cypress/runner/cypress_runner.js:149867:11)\n    at Object.throwErrByPath (http://localhost:51955/__cypress/runner/cypress_runner.js:149915:3)\n    at retry (http://localhost:51955/__cypress/runner/cypress_runner.js:144197:19)\n    at onFailFn (http://localhost:51955/__cypress/runner/cypress_runner.js:132448:16)\n    at tryCatcher (http://localhost:51955/__cypress/runner/cypress_runner.js:167415:23)\n    at Promise._settlePromiseFromHandler (http://localhost:51955/__cypress/runner/cypress_runner.js:165351:31)\n    at Promise._settlePromise (http://localhost:51955/__cypress/runner/cypress_runner.js:165408:18)\n    at Promise._settlePromise0 (http://localhost:51955/__cypress/runner/cypress_runner.js:165453:10)\n    at Promise._settlePromises (http://localhost:51955/__cypress/runner/cypress_runner.js:165528:18)\n    at Async../node_modules/bluebird/js/release/async.js.Async._drainQueue (http://localhost:51955/__cypress/runner/cypress_runner.js:162140:16)\n    at Async../node_modules/bluebird/js/release/async.js.Async._drainQueues (http://localhost:51955/__cypress/runner/cypress_runner.js:162150:10)\n    at Async.drainQueues (http://localhost:51955/__cypress/runner/cypress_runner.js:162024:14)",
                "diff": null
              },
              "uuid": "2545de61-2d23-4cf7-a8d1-1a7982fa5ae2",
              "parentUUID": "0829f712-9045-4d59-bd05-d8239e082025",
              "isHook": false,
              "skipped": false
            },
            {
              "title": "Verifica se nenhum valor for colocado no input ao clicar no botão, um `alert` é exibido com o texto: 'Board inválido!'",
              "fullTitle": "10 - Faça o quadro de pixels ter seu tamanho definido pelo usuário. Verifica se nenhum valor for colocado no input ao clicar no botão, um `alert` é exibido com o texto: 'Board inválido!'",
              "timedOut": null,
              "duration": 6036,
              "state": "failed",
              "speed": null,
              "pass": false,
              "fail": true,
              "pending": false,
              "context": null,
              "code": "var alerted = false;\ncy.on('window:alert', function (msg) {\n  return alerted = msg;\n});\ncy.get('#generate-board').click().then(function () {\n  return expect(alerted).to.match(/Board inválido!/i);\n});",
              "err": {
                "message": "CypressError: Timed out retrying: Expected to find element: '#generate-board', but never found it.",
                "estack": "CypressError: Timed out retrying: Expected to find element: '#generate-board', but never found it.\n    at cypressErr (http://localhost:51955/__cypress/runner/cypress_runner.js:149934:9)\n    at throwErr (http://localhost:51955/__cypress/runner/cypress_runner.js:149867:11)\n    at Object.throwErrByPath (http://localhost:51955/__cypress/runner/cypress_runner.js:149915:3)\n    at retry (http://localhost:51955/__cypress/runner/cypress_runner.js:144197:19)\n    at onFailFn (http://localhost:51955/__cypress/runner/cypress_runner.js:132448:16)\n    at tryCatcher (http://localhost:51955/__cypress/runner/cypress_runner.js:167415:23)\n    at Promise._settlePromiseFromHandler (http://localhost:51955/__cypress/runner/cypress_runner.js:165351:31)\n    at Promise._settlePromise (http://localhost:51955/__cypress/runner/cypress_runner.js:165408:18)\n    at Promise._settlePromise0 (http://localhost:51955/__cypress/runner/cypress_runner.js:165453:10)\n    at Promise._settlePromises (http://localhost:51955/__cypress/runner/cypress_runner.js:165528:18)\n    at Async../node_modules/bluebird/js/release/async.js.Async._drainQueue (http://localhost:51955/__cypress/runner/cypress_runner.js:162140:16)\n    at Async../node_modules/bluebird/js/release/async.js.Async._drainQueues (http://localhost:51955/__cypress/runner/cypress_runner.js:162150:10)\n    at Async.drainQueues (http://localhost:51955/__cypress/runner/cypress_runner.js:162024:14)",
                "diff": null
              },
              "uuid": "53076f53-ee65-4de6-a9a4-01a34b6518a4",
              "parentUUID": "0829f712-9045-4d59-bd05-d8239e082025",
              "isHook": false,
              "skipped": false
            },
            {
              "title": "Verifica se ao clicar no botão com um valor preenchido, o tamanho do board muda.",
              "fullTitle": "10 - Faça o quadro de pixels ter seu tamanho definido pelo usuário. Verifica se ao clicar no botão com um valor preenchido, o tamanho do board muda.",
              "timedOut": null,
              "duration": 5894,
              "state": "failed",
              "speed": null,
              "pass": false,
              "fail": true,
              "pending": false,
              "context": null,
              "code": "cy.get('#board-size').clear().type(10);\ncy.get('#generate-board').click();\ncy.get('.pixel').should('have.length', 100);",
              "err": {
                "message": "CypressError: Timed out retrying: Expected to find element: '#board-size', but never found it.",
                "estack": "CypressError: Timed out retrying: Expected to find element: '#board-size', but never found it.\n    at cypressErr (http://localhost:51955/__cypress/runner/cypress_runner.js:149934:9)\n    at throwErr (http://localhost:51955/__cypress/runner/cypress_runner.js:149867:11)\n    at Object.throwErrByPath (http://localhost:51955/__cypress/runner/cypress_runner.js:149915:3)\n    at retry (http://localhost:51955/__cypress/runner/cypress_runner.js:144197:19)\n    at onFailFn (http://localhost:51955/__cypress/runner/cypress_runner.js:132448:16)\n    at tryCatcher (http://localhost:51955/__cypress/runner/cypress_runner.js:167415:23)\n    at Promise._settlePromiseFromHandler (http://localhost:51955/__cypress/runner/cypress_runner.js:165351:31)\n    at Promise._settlePromise (http://localhost:51955/__cypress/runner/cypress_runner.js:165408:18)\n    at Promise._settlePromise0 (http://localhost:51955/__cypress/runner/cypress_runner.js:165453:10)\n    at Promise._settlePromises (http://localhost:51955/__cypress/runner/cypress_runner.js:165528:18)\n    at Async../node_modules/bluebird/js/release/async.js.Async._drainQueue (http://localhost:51955/__cypress/runner/cypress_runner.js:162140:16)\n    at Async../node_modules/bluebird/js/release/async.js.Async._drainQueues (http://localhost:51955/__cypress/runner/cypress_runner.js:162150:10)\n    at Async.drainQueues (http://localhost:51955/__cypress/runner/cypress_runner.js:162024:14)",
                "diff": null
              },
              "uuid": "ecabebfc-e1f8-4e07-8228-d61c15cf0924",
              "parentUUID": "0829f712-9045-4d59-bd05-d8239e082025",
              "isHook": false,
              "skipped": false
            },
            {
              "title": "Verifica se o novo quadro tem todos os pixels preenchidos com a cor branca",
              "fullTitle": "10 - Faça o quadro de pixels ter seu tamanho definido pelo usuário. Verifica se o novo quadro tem todos os pixels preenchidos com a cor branca",
              "timedOut": null,
              "duration": 5466,
              "state": "failed",
              "speed": null,
              "pass": false,
              "fail": true,
              "pending": false,
              "context": null,
              "code": "cy.get('#board-size').clear().type(6);\ncy.get('#generate-board').click();\ncy.get('.pixel').should('have.length', 36).each(function (pixel) {\n  expect(pixel).to.have.css('background-color', WHITE);\n});",
              "err": {
                "message": "CypressError: Timed out retrying: Expected to find element: '#board-size', but never found it.",
                "estack": "CypressError: Timed out retrying: Expected to find element: '#board-size', but never found it.\n    at cypressErr (http://localhost:51955/__cypress/runner/cypress_runner.js:149934:9)\n    at throwErr (http://localhost:51955/__cypress/runner/cypress_runner.js:149867:11)\n    at Object.throwErrByPath (http://localhost:51955/__cypress/runner/cypress_runner.js:149915:3)\n    at retry (http://localhost:51955/__cypress/runner/cypress_runner.js:144197:19)\n    at onFailFn (http://localhost:51955/__cypress/runner/cypress_runner.js:132448:16)\n    at tryCatcher (http://localhost:51955/__cypress/runner/cypress_runner.js:167415:23)\n    at Promise._settlePromiseFromHandler (http://localhost:51955/__cypress/runner/cypress_runner.js:165351:31)\n    at Promise._settlePromise (http://localhost:51955/__cypress/runner/cypress_runner.js:165408:18)\n    at Promise._settlePromise0 (http://localhost:51955/__cypress/runner/cypress_runner.js:165453:10)\n    at Promise._settlePromises (http://localhost:51955/__cypress/runner/cypress_runner.js:165528:18)\n    at Async../node_modules/bluebird/js/release/async.js.Async._drainQueue (http://localhost:51955/__cypress/runner/cypress_runner.js:162140:16)\n    at Async../node_modules/bluebird/js/release/async.js.Async._drainQueues (http://localhost:51955/__cypress/runner/cypress_runner.js:162150:10)\n    at Async.drainQueues (http://localhost:51955/__cypress/runner/cypress_runner.js:162024:14)",
                "diff": null
              },
              "uuid": "8b45fa8e-91c7-4407-ac56-0abe6172ae0e",
              "parentUUID": "0829f712-9045-4d59-bd05-d8239e082025",
              "isHook": false,
              "skipped": false
            }
          ],
          "suites": [],
          "passes": [],
          "failures": [
            "d1107351-a917-4c03-88f6-bd652017a4fe",
            "de4306b6-cb05-4e85-9237-46e3c2ee41aa",
            "38ed2c59-54c5-4f11-a4f3-df860915f475",
            "f90fa21c-ca55-4520-b0a8-ca71c736e34d",
            "a536e6b5-ad38-4bd4-af64-275948245bf0",
            "2545de61-2d23-4cf7-a8d1-1a7982fa5ae2",
            "53076f53-ee65-4de6-a9a4-01a34b6518a4",
            "ecabebfc-e1f8-4e07-8228-d61c15cf0924",
            "8b45fa8e-91c7-4407-ac56-0abe6172ae0e"
          ],
          "pending": [],
          "skipped": [],
          "duration": 55548,
          "root": false,
          "rootEmpty": false,
          "_timeout": 2000
        },
        {
          "uuid": "f85241c9-4636-4ef5-819d-6a412501d309",
          "title": "11 - Limite o tamanho mínimo e máximo do board.",
          "fullFile": "",
          "file": "",
          "beforeHooks": [],
          "afterHooks": [],
          "tests": [
            {
              "title": "Verifica se a altura máxima do board é 50",
              "fullTitle": "11 - Limite o tamanho mínimo e máximo do board. Verifica se a altura máxima do board é 50",
              "timedOut": null,
              "duration": 5487,
              "state": "failed",
              "speed": null,
              "pass": false,
              "fail": true,
              "pending": false,
              "context": null,
              "code": "cy.get('#board-size').clear().type(50);\ncy.get('#generate-board').click();\ncy.get('.pixel').should('have.length', 2500);",
              "err": {
                "message": "CypressError: Timed out retrying: Expected to find element: '#board-size', but never found it.",
                "estack": "CypressError: Timed out retrying: Expected to find element: '#board-size', but never found it.\n    at cypressErr (http://localhost:51955/__cypress/runner/cypress_runner.js:149934:9)\n    at throwErr (http://localhost:51955/__cypress/runner/cypress_runner.js:149867:11)\n    at Object.throwErrByPath (http://localhost:51955/__cypress/runner/cypress_runner.js:149915:3)\n    at retry (http://localhost:51955/__cypress/runner/cypress_runner.js:144197:19)\n    at onFailFn (http://localhost:51955/__cypress/runner/cypress_runner.js:132448:16)\n    at tryCatcher (http://localhost:51955/__cypress/runner/cypress_runner.js:167415:23)\n    at Promise._settlePromiseFromHandler (http://localhost:51955/__cypress/runner/cypress_runner.js:165351:31)\n    at Promise._settlePromise (http://localhost:51955/__cypress/runner/cypress_runner.js:165408:18)\n    at Promise._settlePromise0 (http://localhost:51955/__cypress/runner/cypress_runner.js:165453:10)\n    at Promise._settlePromises (http://localhost:51955/__cypress/runner/cypress_runner.js:165528:18)\n    at Async../node_modules/bluebird/js/release/async.js.Async._drainQueue (http://localhost:51955/__cypress/runner/cypress_runner.js:162140:16)\n    at Async../node_modules/bluebird/js/release/async.js.Async._drainQueues (http://localhost:51955/__cypress/runner/cypress_runner.js:162150:10)\n    at Async.drainQueues (http://localhost:51955/__cypress/runner/cypress_runner.js:162024:14)",
                "diff": null
              },
              "uuid": "4329ba7a-eb2a-4e03-922a-1a5b96d1e4fe",
              "parentUUID": "f85241c9-4636-4ef5-819d-6a412501d309",
              "isHook": false,
              "skipped": false
            },
            {
              "title": "Verifica se a altura do board é 5 quando um valor menor é colocado no input",
              "fullTitle": "11 - Limite o tamanho mínimo e máximo do board. Verifica se a altura do board é 5 quando um valor menor é colocado no input",
              "timedOut": null,
              "duration": 5289,
              "state": "failed",
              "speed": null,
              "pass": false,
              "fail": true,
              "pending": false,
              "context": null,
              "code": "cy.get('#board-size').clear().type(4);\ncy.get('#generate-board').click();\ncy.get('.pixel').should('have.length', 25);",
              "err": {
                "message": "CypressError: Timed out retrying: Expected to find element: '#board-size', but never found it.",
                "estack": "CypressError: Timed out retrying: Expected to find element: '#board-size', but never found it.\n    at cypressErr (http://localhost:51955/__cypress/runner/cypress_runner.js:149934:9)\n    at throwErr (http://localhost:51955/__cypress/runner/cypress_runner.js:149867:11)\n    at Object.throwErrByPath (http://localhost:51955/__cypress/runner/cypress_runner.js:149915:3)\n    at retry (http://localhost:51955/__cypress/runner/cypress_runner.js:144197:19)\n    at onFailFn (http://localhost:51955/__cypress/runner/cypress_runner.js:132448:16)\n    at tryCatcher (http://localhost:51955/__cypress/runner/cypress_runner.js:167415:23)\n    at Promise._settlePromiseFromHandler (http://localhost:51955/__cypress/runner/cypress_runner.js:165351:31)\n    at Promise._settlePromise (http://localhost:51955/__cypress/runner/cypress_runner.js:165408:18)\n    at Promise._settlePromise0 (http://localhost:51955/__cypress/runner/cypress_runner.js:165453:10)\n    at Promise._settlePromises (http://localhost:51955/__cypress/runner/cypress_runner.js:165528:18)\n    at Async../node_modules/bluebird/js/release/async.js.Async._drainQueue (http://localhost:51955/__cypress/runner/cypress_runner.js:162140:16)\n    at Async../node_modules/bluebird/js/release/async.js.Async._drainQueues (http://localhost:51955/__cypress/runner/cypress_runner.js:162150:10)\n    at Async.drainQueues (http://localhost:51955/__cypress/runner/cypress_runner.js:162024:14)",
                "diff": null
              },
              "uuid": "d13d7f3b-d8c0-46cc-94f7-4669360ddb3f",
              "parentUUID": "f85241c9-4636-4ef5-819d-6a412501d309",
              "isHook": false,
              "skipped": false
            },
            {
              "title": "Verifica se a altura do board é 50 quando um valor maior é colocado no input",
              "fullTitle": "11 - Limite o tamanho mínimo e máximo do board. Verifica se a altura do board é 50 quando um valor maior é colocado no input",
              "timedOut": null,
              "duration": 5680,
              "state": "failed",
              "speed": null,
              "pass": false,
              "fail": true,
              "pending": false,
              "context": null,
              "code": "cy.get('#board-size').clear().type(51);\ncy.get('#generate-board').click();\ncy.get('.pixel').should('have.length', 2500);",
              "err": {
                "message": "CypressError: Timed out retrying: Expected to find element: '#board-size', but never found it.",
                "estack": "CypressError: Timed out retrying: Expected to find element: '#board-size', but never found it.\n    at cypressErr (http://localhost:51955/__cypress/runner/cypress_runner.js:149934:9)\n    at throwErr (http://localhost:51955/__cypress/runner/cypress_runner.js:149867:11)\n    at Object.throwErrByPath (http://localhost:51955/__cypress/runner/cypress_runner.js:149915:3)\n    at retry (http://localhost:51955/__cypress/runner/cypress_runner.js:144197:19)\n    at onFailFn (http://localhost:51955/__cypress/runner/cypress_runner.js:132448:16)\n    at tryCatcher (http://localhost:51955/__cypress/runner/cypress_runner.js:167415:23)\n    at Promise._settlePromiseFromHandler (http://localhost:51955/__cypress/runner/cypress_runner.js:165351:31)\n    at Promise._settlePromise (http://localhost:51955/__cypress/runner/cypress_runner.js:165408:18)\n    at Promise._settlePromise0 (http://localhost:51955/__cypress/runner/cypress_runner.js:165453:10)\n    at Promise._settlePromises (http://localhost:51955/__cypress/runner/cypress_runner.js:165528:18)\n    at Async../node_modules/bluebird/js/release/async.js.Async._drainQueue (http://localhost:51955/__cypress/runner/cypress_runner.js:162140:16)\n    at Async../node_modules/bluebird/js/release/async.js.Async._drainQueues (http://localhost:51955/__cypress/runner/cypress_runner.js:162150:10)\n    at Async.drainQueues (http://localhost:51955/__cypress/runner/cypress_runner.js:162024:14)",
                "diff": null
              },
              "uuid": "b6a63608-d5c4-4768-b5fd-c2d97aaf273e",
              "parentUUID": "f85241c9-4636-4ef5-819d-6a412501d309",
              "isHook": false,
              "skipped": false
            }
          ],
          "suites": [],
          "passes": [],
          "failures": [
            "4329ba7a-eb2a-4e03-922a-1a5b96d1e4fe",
            "d13d7f3b-d8c0-46cc-94f7-4669360ddb3f",
            "b6a63608-d5c4-4768-b5fd-c2d97aaf273e"
          ],
          "pending": [],
          "skipped": [],
          "duration": 16456,
          "root": false,
          "rootEmpty": false,
          "_timeout": 2000
        },
        {
          "uuid": "ab366cc8-197f-4943-9315-69f679b4f1d7",
          "title": "12 - Faça com que as cores da paleta sejam geradas aleatoriamente ao carregar a página.",
          "fullFile": "",
          "file": "",
          "beforeHooks": [],
          "afterHooks": [],
          "tests": [
            {
              "title": "Verifica se as cores geradas na paleta são diferentes a cada carregamento da página",
              "fullTitle": "12 - Faça com que as cores da paleta sejam geradas aleatoriamente ao carregar a página. Verifica se as cores geradas na paleta são diferentes a cada carregamento da página",
              "timedOut": null,
              "duration": 2452,
              "state": "failed",
              "speed": null,
              "pass": false,
              "fail": true,
              "pending": false,
              "context": null,
              "code": "cy.get('.color').then(function (colors) {\n  var currentColors;\n  var previousColors;\n  previousColors = Array.from(colors).map(function (color) {\n    return Cypress.$(color).css('background-color');\n  });\n  for (var i = 0; i < 5; i += 1) {\n    cy.reload();\n    cy.get('.color').then(function (colors) {\n      currentColors = Array.from(colors).map(function (color) {\n        return Cypress.$(color).css('background-color');\n      });\n      expect(currentColors).not.to.deep.equal(previousColors);\n      previousColors = currentColors;\n    });\n  }\n});",
              "err": {
                "message": "AssertionError: expected [ Array(4) ] to not deeply equal [ Array(4) ]",
                "estack": "AssertionError: expected [ Array(4) ] to not deeply equal [ Array(4) ]\n    at getRet (http://localhost:51955/__cypress/runner/cypress_runner.js:136585:16)\n    at tryCatcher (http://localhost:51955/__cypress/runner/cypress_runner.js:167415:23)\n    at Function.Promise.attempt.Promise.try (http://localhost:51955/__cypress/runner/cypress_runner.js:164690:29)\n    at Context.thenFn (http://localhost:51955/__cypress/runner/cypress_runner.js:136599:23)\n    at Context.then (http://localhost:51955/__cypress/runner/cypress_runner.js:136971:21)\n    at Context.<anonymous> (http://localhost:51955/__cypress/runner/cypress_runner.js:148875:21)\n    at http://localhost:51955/__cypress/runner/cypress_runner.js:148351:33\n    at tryCatcher (http://localhost:51955/__cypress/runner/cypress_runner.js:167415:23)\n    at Promise._settlePromiseFromHandler (http://localhost:51955/__cypress/runner/cypress_runner.js:165351:31)\n    at Promise._settlePromise (http://localhost:51955/__cypress/runner/cypress_runner.js:165408:18)\n    at Promise._settlePromiseCtx (http://localhost:51955/__cypress/runner/cypress_runner.js:165445:10)\n    at Async../node_modules/bluebird/js/release/async.js.Async._drainQueue (http://localhost:51955/__cypress/runner/cypress_runner.js:162145:12)\n    at Async../node_modules/bluebird/js/release/async.js.Async._drainQueues (http://localhost:51955/__cypress/runner/cypress_runner.js:162150:10)\n    at Async.drainQueues (http://localhost:51955/__cypress/runner/cypress_runner.js:162024:14)",
                "diff": ""
              },
              "uuid": "73fce771-3339-4d45-b690-08a287d27660",
              "parentUUID": "ab366cc8-197f-4943-9315-69f679b4f1d7",
              "isHook": false,
              "skipped": false
            },
            {
              "title": "Verifica se a cor preta ainda está presente e é a primeira na sua paleta de cores",
              "fullTitle": "12 - Faça com que as cores da paleta sejam geradas aleatoriamente ao carregar a página. Verifica se a cor preta ainda está presente e é a primeira na sua paleta de cores",
              "timedOut": null,
              "duration": 1595,
              "state": "failed",
              "speed": null,
              "pass": false,
              "fail": true,
              "pending": false,
              "context": null,
              "code": "cy.get('.color').then(function (colors) {\n  var currentColors;\n  var previousColors;\n  previousColors = Array.from(colors).map(function (color) {\n    return Cypress.$(color).css('background-color');\n  });\n  expect(previousColors[0]).to.eq(BLACK);\n  for (var i = 0; i < 5; i += 1) {\n    cy.reload();\n    cy.get('.color').then(function (colors) {\n      currentColors = Array.from(colors).map(function (color) {\n        return Cypress.$(color).css('background-color');\n      });\n      expect(currentColors[0]).to.eq(BLACK);\n      expect(currentColors).not.to.deep.equal(previousColors);\n      previousColors = currentColors;\n    });\n  }\n});",
              "err": {
                "message": "AssertionError: expected [ Array(4) ] to not deeply equal [ Array(4) ]",
                "estack": "AssertionError: expected [ Array(4) ] to not deeply equal [ Array(4) ]\n    at getRet (http://localhost:51955/__cypress/runner/cypress_runner.js:136585:16)\n    at tryCatcher (http://localhost:51955/__cypress/runner/cypress_runner.js:167415:23)\n    at Function.Promise.attempt.Promise.try (http://localhost:51955/__cypress/runner/cypress_runner.js:164690:29)\n    at Context.thenFn (http://localhost:51955/__cypress/runner/cypress_runner.js:136599:23)\n    at Context.then (http://localhost:51955/__cypress/runner/cypress_runner.js:136971:21)\n    at Context.<anonymous> (http://localhost:51955/__cypress/runner/cypress_runner.js:148875:21)\n    at http://localhost:51955/__cypress/runner/cypress_runner.js:148351:33\n    at tryCatcher (http://localhost:51955/__cypress/runner/cypress_runner.js:167415:23)\n    at Promise._settlePromiseFromHandler (http://localhost:51955/__cypress/runner/cypress_runner.js:165351:31)\n    at Promise._settlePromise (http://localhost:51955/__cypress/runner/cypress_runner.js:165408:18)\n    at Promise._settlePromiseCtx (http://localhost:51955/__cypress/runner/cypress_runner.js:165445:10)\n    at Async../node_modules/bluebird/js/release/async.js.Async._drainQueue (http://localhost:51955/__cypress/runner/cypress_runner.js:162145:12)\n    at Async../node_modules/bluebird/js/release/async.js.Async._drainQueues (http://localhost:51955/__cypress/runner/cypress_runner.js:162150:10)\n    at Async.drainQueues (http://localhost:51955/__cypress/runner/cypress_runner.js:162024:14)",
                "diff": ""
              },
              "uuid": "06408f45-7f50-4c1a-8c29-aa78a94d4bb2",
              "parentUUID": "ab366cc8-197f-4943-9315-69f679b4f1d7",
              "isHook": false,
              "skipped": false
            }
          ],
          "suites": [],
          "passes": [],
          "failures": [
            "73fce771-3339-4d45-b690-08a287d27660",
            "06408f45-7f50-4c1a-8c29-aa78a94d4bb2"
          ],
          "pending": [],
          "skipped": [],
          "duration": 4047,
          "root": false,
          "rootEmpty": false,
          "_timeout": 2000
        }
      ],
      "passes": [],
      "failures": [],
      "pending": [],
      "skipped": [],
      "duration": 0,
      "root": true,
      "rootEmpty": true,
      "_timeout": 2000
    }
  ],
  "meta": {
    "mocha": {
      "version": "7.0.1"
    },
    "mochawesome": {
      "options": {
        "quiet": false,
        "reportFilename": "mochawesome",
        "saveHtml": false,
        "saveJson": true,
        "consoleReporter": "spec",
        "useInlineDiffs": false
      },
      "version": "4.1.0"
    },
    "marge": {
      "options": {
        "id": "default",
        "reportDir": "cypress/reports",
        "overwrite": true,
        "html": false,
        "json": true
      },
      "version": "4.1.0"
    }
  }
}