{
  "stats": {
    "suites": 12,
    "tests": 41,
    "passes": 25,
    "pending": 0,
    "failures": 16,
    "start": "2021-08-16T23:23:31.414Z",
    "end": "2021-08-16T23:25:02.185Z",
    "duration": 90771,
    "testsRegistered": 41,
    "passPercent": 60.97560975609756,
    "pendingPercent": 0,
    "other": 0,
    "hasOther": false,
    "skipped": 0,
    "hasSkipped": false
  },
  "results": [
    {
      "uuid": "07098790-cff9-4363-ab88-300707cd4a6f",
      "title": "",
      "fullFile": "cypress/integration/project.spec.js",
      "file": "cypress/integration/project.spec.js",
      "beforeHooks": [],
      "afterHooks": [],
      "tests": [],
      "suites": [
        {
          "uuid": "d6412c6f-47e8-4e7d-9e7a-4f4392569f6f",
          "title": "1 - Adicione à página o título \"Paleta de Cores\".",
          "fullFile": "",
          "file": "",
          "beforeHooks": [],
          "afterHooks": [],
          "tests": [
            {
              "title": "Verifica se contém um elemento `h1` com o id `title` com o título correto",
              "fullTitle": "1 - Adicione à página o título \"Paleta de Cores\". Verifica se contém um elemento `h1` com o id `title` com o título correto",
              "timedOut": null,
              "duration": 366,
              "state": "passed",
              "speed": "slow",
              "pass": true,
              "fail": false,
              "pending": false,
              "context": null,
              "code": "cy.get('h1#title').should('contain.text', 'Paleta de Cores');",
              "err": {},
              "uuid": "00187652-0da5-4a82-b2d6-1afa28453088",
              "parentUUID": "d6412c6f-47e8-4e7d-9e7a-4f4392569f6f",
              "isHook": false,
              "skipped": false
            }
          ],
          "suites": [],
          "passes": [
            "00187652-0da5-4a82-b2d6-1afa28453088"
          ],
          "failures": [],
          "pending": [],
          "skipped": [],
          "duration": 366,
          "root": false,
          "rootEmpty": false,
          "_timeout": 2000
        },
        {
          "uuid": "c3ea5eae-f81b-450b-a5d9-149520d64338",
          "title": "2 - Adicione à página uma paleta de quatro cores distintas.",
          "fullFile": "",
          "file": "",
          "beforeHooks": [],
          "afterHooks": [],
          "tests": [
            {
              "title": "A paleta de cores deve ser um elemento com `id` denominado `color-palette`",
              "fullTitle": "2 - Adicione à página uma paleta de quatro cores distintas. A paleta de cores deve ser um elemento com `id` denominado `color-palette`",
              "timedOut": null,
              "duration": 173,
              "state": "passed",
              "speed": "slow",
              "pass": true,
              "fail": false,
              "pending": false,
              "context": null,
              "code": "cy.get('#color-palette').should('be.visible');",
              "err": {},
              "uuid": "f9198fc3-6829-4ec5-964c-f0bbd47a2a4f",
              "parentUUID": "c3ea5eae-f81b-450b-a5d9-149520d64338",
              "isHook": false,
              "skipped": false
            },
            {
              "title": "Verifica se cada cor individual da paleta de cores possui a `classe` chamada `color`.",
              "fullTitle": "2 - Adicione à página uma paleta de quatro cores distintas. Verifica se cada cor individual da paleta de cores possui a `classe` chamada `color`.",
              "timedOut": null,
              "duration": 242,
              "state": "passed",
              "speed": "slow",
              "pass": true,
              "fail": false,
              "pending": false,
              "context": null,
              "code": "cy.get('.color').should('have.length', 4).then(function (colors) {\n  for (var i = 0; i < colors.length; i++) {\n    cy.wrap(colors[i]).should('be.visible');\n  }\n});",
              "err": {},
              "uuid": "9d176366-ac7b-414f-ad6b-5a099ed16cc8",
              "parentUUID": "c3ea5eae-f81b-450b-a5d9-149520d64338",
              "isHook": false,
              "skipped": false
            },
            {
              "title": "Verifica se a cor de fundo de cada elemento da paleta é a cor que o elemento representa. **A única cor não permitida na paleta é a cor branca.**",
              "fullTitle": "2 - Adicione à página uma paleta de quatro cores distintas. Verifica se a cor de fundo de cada elemento da paleta é a cor que o elemento representa. **A única cor não permitida na paleta é a cor branca.**",
              "timedOut": null,
              "duration": 250,
              "state": "passed",
              "speed": "slow",
              "pass": true,
              "fail": false,
              "pending": false,
              "context": null,
              "code": "cy.get('.color').each(function (color) {\n  cy.wrap(color).should('have.class', 'color').and('not.have.css', 'background-color', WHITE);\n  cy.wrap(color).should('have.css', 'background-color');\n});",
              "err": {},
              "uuid": "9bdd25d6-4750-437e-82cf-5e96742cb6a0",
              "parentUUID": "c3ea5eae-f81b-450b-a5d9-149520d64338",
              "isHook": false,
              "skipped": false
            },
            {
              "title": "Verifica se cada elemento da paleta de cores tem uma borda preta, sólida e com 1 pixel de largura;",
              "fullTitle": "2 - Adicione à página uma paleta de quatro cores distintas. Verifica se cada elemento da paleta de cores tem uma borda preta, sólida e com 1 pixel de largura;",
              "timedOut": null,
              "duration": 154,
              "state": "passed",
              "speed": "slow",
              "pass": true,
              "fail": false,
              "pending": false,
              "context": null,
              "code": "cy.get('.color').each(function (color) {\n  cy.wrap(color).and('have.css', 'border', \"1px solid \".concat(BLACK)).and('have.class', 'color');\n});",
              "err": {},
              "uuid": "683daf8b-903d-4025-8326-55cc30aa3fcc",
              "parentUUID": "c3ea5eae-f81b-450b-a5d9-149520d64338",
              "isHook": false,
              "skipped": false
            },
            {
              "title": "Verifica se a paleta lista todas as cores disponíveis para utilização, lado a lado.",
              "fullTitle": "2 - Adicione à página uma paleta de quatro cores distintas. Verifica se a paleta lista todas as cores disponíveis para utilização, lado a lado.",
              "timedOut": null,
              "duration": 181,
              "state": "passed",
              "speed": "slow",
              "pass": true,
              "fail": false,
              "pending": false,
              "context": null,
              "code": "cy.get('.color').then(function (colors) {\n  for (var index = 1; index < colors.length; index += 1) {\n    var currentColor = colors[index];\n    var previousColor = colors[index - 1];\n    cy.wrap(currentColor).should('be.onTheRightOf', previousColor).and('be.horizontallyAlignedWith', previousColor);\n  }\n});",
              "err": {},
              "uuid": "35502243-f343-46be-8cb3-2e637e1a3fbb",
              "parentUUID": "c3ea5eae-f81b-450b-a5d9-149520d64338",
              "isHook": false,
              "skipped": false
            },
            {
              "title": "Verifica se a paleta de cores está posicionada abaixo do título 'Paleta de Cores'",
              "fullTitle": "2 - Adicione à página uma paleta de quatro cores distintas. Verifica se a paleta de cores está posicionada abaixo do título 'Paleta de Cores'",
              "timedOut": null,
              "duration": 120,
              "state": "passed",
              "speed": "slow",
              "pass": true,
              "fail": false,
              "pending": false,
              "context": null,
              "code": "cy.get('h1#title').then(function (title) {\n  cy.get('#color-palette').should('be.belowOf', title);\n});",
              "err": {},
              "uuid": "7067bd03-9a38-4021-acf5-03d580aae5b6",
              "parentUUID": "c3ea5eae-f81b-450b-a5d9-149520d64338",
              "isHook": false,
              "skipped": false
            },
            {
              "title": "Verifica se a paleta de cores não contém cores repetidas.",
              "fullTitle": "2 - Adicione à página uma paleta de quatro cores distintas. Verifica se a paleta de cores não contém cores repetidas.",
              "timedOut": null,
              "duration": 172,
              "state": "passed",
              "speed": "slow",
              "pass": true,
              "fail": false,
              "pending": false,
              "context": null,
              "code": "cy.get('.color').then(function (colors) {\n  var allColors = Array.from(colors).map(function (color) {\n    return Cypress.$(color).css('background-color');\n  });\n  cy.log(allColors);\n  var uniqColors = (0, _toConsumableArray2[\"default\"])(new Set(allColors));\n  cy.log(uniqColors);\n  expect(allColors.length).to.eq(uniqColors.length);\n});",
              "err": {},
              "uuid": "8b2c53a2-5d61-4b36-bf48-85c26ce37c5c",
              "parentUUID": "c3ea5eae-f81b-450b-a5d9-149520d64338",
              "isHook": false,
              "skipped": false
            }
          ],
          "suites": [],
          "passes": [
            "f9198fc3-6829-4ec5-964c-f0bbd47a2a4f",
            "9d176366-ac7b-414f-ad6b-5a099ed16cc8",
            "9bdd25d6-4750-437e-82cf-5e96742cb6a0",
            "683daf8b-903d-4025-8326-55cc30aa3fcc",
            "35502243-f343-46be-8cb3-2e637e1a3fbb",
            "7067bd03-9a38-4021-acf5-03d580aae5b6",
            "8b2c53a2-5d61-4b36-bf48-85c26ce37c5c"
          ],
          "failures": [],
          "pending": [],
          "skipped": [],
          "duration": 1292,
          "root": false,
          "rootEmpty": false,
          "_timeout": 2000
        },
        {
          "uuid": "0205b957-93f3-49c8-975c-ebd005a7b700",
          "title": "3 - Adicione a cor **preta** como a primeira cor da paleta de cores.",
          "fullFile": "",
          "file": "",
          "beforeHooks": [],
          "afterHooks": [],
          "tests": [
            {
              "title": "Verifica se a primeira cor da paleta é preta",
              "fullTitle": "3 - Adicione a cor **preta** como a primeira cor da paleta de cores. Verifica se a primeira cor da paleta é preta",
              "timedOut": null,
              "duration": 115,
              "state": "passed",
              "speed": "slow",
              "pass": true,
              "fail": false,
              "pending": false,
              "context": null,
              "code": "cy.get('.color').first().should('have.css', 'background-color', BLACK);",
              "err": {},
              "uuid": "d86cdd87-4112-4ff6-a926-f27d17330c5d",
              "parentUUID": "0205b957-93f3-49c8-975c-ebd005a7b700",
              "isHook": false,
              "skipped": false
            },
            {
              "title": "Verifica se as demais cores podem ser escolhidas livremente.",
              "fullTitle": "3 - Adicione a cor **preta** como a primeira cor da paleta de cores. Verifica se as demais cores podem ser escolhidas livremente.",
              "timedOut": null,
              "duration": 269,
              "state": "passed",
              "speed": "slow",
              "pass": true,
              "fail": false,
              "pending": false,
              "context": null,
              "code": "cy.get('.color').eq(1).should('not.have.css', 'background-color', BLACK);\ncy.get('.color').eq(1).should('not.have.css', 'background-color', WHITE);\ncy.get('.color').eq(1).should('not.have.css', 'background-color', 'rgba(0, 0, 0, 0)');\ncy.get('.color').eq(1).should('have.css', 'background-color');\ncy.get('.color').eq(2).should('not.have.css', 'background-color', BLACK);\ncy.get('.color').eq(2).should('not.have.css', 'background-color', WHITE);\ncy.get('.color').eq(2).should('not.have.css', 'background-color', 'rgba(0, 0, 0, 0)');\ncy.get('.color').eq(2).should('have.css', 'background-color');\ncy.get('.color').eq(3).should('not.have.css', 'background-color', BLACK);\ncy.get('.color').eq(3).should('not.have.css', 'background-color', WHITE);\ncy.get('.color').eq(3).should('not.have.css', 'background-color', 'rgba(0, 0, 0, 0)');\ncy.get('.color').eq(3).should('have.css', 'background-color');",
              "err": {},
              "uuid": "c09013bf-b9eb-46a0-b418-0a6c5e0f9ad9",
              "parentUUID": "0205b957-93f3-49c8-975c-ebd005a7b700",
              "isHook": false,
              "skipped": false
            }
          ],
          "suites": [],
          "passes": [
            "d86cdd87-4112-4ff6-a926-f27d17330c5d",
            "c09013bf-b9eb-46a0-b418-0a6c5e0f9ad9"
          ],
          "failures": [],
          "pending": [],
          "skipped": [],
          "duration": 384,
          "root": false,
          "rootEmpty": false,
          "_timeout": 2000
        },
        {
          "uuid": "2af6c13f-b4ee-46ec-b953-3be15f544eaf",
          "title": "4 - Adicione à página um quadro de pixels, com 25 pixels.",
          "fullFile": "",
          "file": "",
          "beforeHooks": [],
          "afterHooks": [],
          "tests": [
            {
              "title": "Verifica se o quadro de pixels possui o `id` denominado `pixel-board`",
              "fullTitle": "4 - Adicione à página um quadro de pixels, com 25 pixels. Verifica se o quadro de pixels possui o `id` denominado `pixel-board`",
              "timedOut": null,
              "duration": 129,
              "state": "passed",
              "speed": "slow",
              "pass": true,
              "fail": false,
              "pending": false,
              "context": null,
              "code": "cy.get('#pixel-board').should('be.visible');",
              "err": {},
              "uuid": "85f55af4-68de-4732-8d4c-cea79660c4b5",
              "parentUUID": "2af6c13f-b4ee-46ec-b953-3be15f544eaf",
              "isHook": false,
              "skipped": false
            },
            {
              "title": "Verifica se cada pixel individual dentro do quadro possui a `classe` denominada `pixel`.",
              "fullTitle": "4 - Adicione à página um quadro de pixels, com 25 pixels. Verifica se cada pixel individual dentro do quadro possui a `classe` denominada `pixel`.",
              "timedOut": null,
              "duration": 159,
              "state": "passed",
              "speed": "slow",
              "pass": true,
              "fail": false,
              "pending": false,
              "context": null,
              "code": "cy.get('.pixel').should('have.length', 25);",
              "err": {},
              "uuid": "a77a7592-52cf-42ab-a449-03e8e3217454",
              "parentUUID": "2af6c13f-b4ee-46ec-b953-3be15f544eaf",
              "isHook": false,
              "skipped": false
            },
            {
              "title": "Verifica se a cor inicial dos pixels dentro do quadro, ao abrir a página, é branca.",
              "fullTitle": "4 - Adicione à página um quadro de pixels, com 25 pixels. Verifica se a cor inicial dos pixels dentro do quadro, ao abrir a página, é branca.",
              "timedOut": null,
              "duration": 257,
              "state": "passed",
              "speed": "slow",
              "pass": true,
              "fail": false,
              "pending": false,
              "context": null,
              "code": "cy.get('.pixel').should('have.length', 25).each(function (pixel) {\n  expect(pixel).to.have.css('background-color', WHITE);\n});",
              "err": {},
              "uuid": "a0a14aac-4b6c-4e82-9b15-21a74bba77b1",
              "parentUUID": "2af6c13f-b4ee-46ec-b953-3be15f544eaf",
              "isHook": false,
              "skipped": false
            },
            {
              "title": "Verifica se o quadro de pixels aparece abaixo da paleta de cores",
              "fullTitle": "4 - Adicione à página um quadro de pixels, com 25 pixels. Verifica se o quadro de pixels aparece abaixo da paleta de cores",
              "timedOut": null,
              "duration": 109,
              "state": "passed",
              "speed": "slow",
              "pass": true,
              "fail": false,
              "pending": false,
              "context": null,
              "code": "cy.get('#color-palette').then(function (palette) {\n  cy.get('#pixel-board').should('be.belowOf', palette);\n});",
              "err": {},
              "uuid": "d92bf134-9ad6-4cb9-a2c3-6c18228269dc",
              "parentUUID": "2af6c13f-b4ee-46ec-b953-3be15f544eaf",
              "isHook": false,
              "skipped": false
            }
          ],
          "suites": [],
          "passes": [
            "85f55af4-68de-4732-8d4c-cea79660c4b5",
            "a77a7592-52cf-42ab-a449-03e8e3217454",
            "a0a14aac-4b6c-4e82-9b15-21a74bba77b1",
            "d92bf134-9ad6-4cb9-a2c3-6c18228269dc"
          ],
          "failures": [],
          "pending": [],
          "skipped": [],
          "duration": 654,
          "root": false,
          "rootEmpty": false,
          "_timeout": 2000
        },
        {
          "uuid": "d865fc6f-4018-49c5-9338-c6cec273653a",
          "title": "5 - Faça com que cada elemento do quadro de pixels possua 40 pixels de largura, 40 pixels de altura e seja delimitado por uma borda preta de 1 pixel.",
          "fullFile": "",
          "file": "",
          "beforeHooks": [],
          "afterHooks": [],
          "tests": [
            {
              "title": "Verifica se o quadro de pixels tem altura e comprimento de 5 elementos",
              "fullTitle": "5 - Faça com que cada elemento do quadro de pixels possua 40 pixels de largura, 40 pixels de altura e seja delimitado por uma borda preta de 1 pixel. Verifica se o quadro de pixels tem altura e comprimento de 5 elementos",
              "timedOut": null,
              "duration": 341,
              "state": "passed",
              "speed": "slow",
              "pass": true,
              "fail": false,
              "pending": false,
              "context": null,
              "code": "cy.get('.pixel').should('have.length', 25).each(function (pixel) {\n  expect(pixel).to.have.css('background-color', WHITE);\n}).and(function (pixels) {\n  var rows = chunk(pixels, 5);\n  rows.forEach(function (row) {\n    for (var index = 1; index < row.length; index += 1) {\n      var current = pixels[index];\n      var previous = pixels[index - 1];\n      cy.wrap(current).should('be.onTheRightOf', previous).and('be.horizontallyAlignedWith', previous);\n    }\n  });\n  for (var index = 1; index < 5; index += 1) {\n    expect(pixels[index * 5]).to.be.belowOf(pixels[(index - 1) * 5]);\n  }\n});",
              "err": {},
              "uuid": "9698da6d-7ea1-47c4-bf1e-ca8c03833992",
              "parentUUID": "d865fc6f-4018-49c5-9338-c6cec273653a",
              "isHook": false,
              "skipped": false
            },
            {
              "title": "Verifica se 40 pixels é o tamanho total do elemento, incluindo seu conteúdo e excluindo a borda preta, que deve ser criada à parte.",
              "fullTitle": "5 - Faça com que cada elemento do quadro de pixels possua 40 pixels de largura, 40 pixels de altura e seja delimitado por uma borda preta de 1 pixel. Verifica se 40 pixels é o tamanho total do elemento, incluindo seu conteúdo e excluindo a borda preta, que deve ser criada à parte.",
              "timedOut": null,
              "duration": 274,
              "state": "passed",
              "speed": "slow",
              "pass": true,
              "fail": false,
              "pending": false,
              "context": null,
              "code": "cy.get('.pixel').each(function (pixel) {\n  cy.wrap(pixel).should('have.css', 'height', '40px').and('have.css', 'width', '40px').and('have.css', 'border', \"1px solid \".concat(BLACK));\n});",
              "err": {},
              "uuid": "fcc67e3a-1503-4b82-9d13-ae7531f585d2",
              "parentUUID": "d865fc6f-4018-49c5-9338-c6cec273653a",
              "isHook": false,
              "skipped": false
            }
          ],
          "suites": [],
          "passes": [
            "9698da6d-7ea1-47c4-bf1e-ca8c03833992",
            "fcc67e3a-1503-4b82-9d13-ae7531f585d2"
          ],
          "failures": [],
          "pending": [],
          "skipped": [],
          "duration": 615,
          "root": false,
          "rootEmpty": false,
          "_timeout": 2000
        },
        {
          "uuid": "ca087eda-2643-4f57-98b6-0844a72bba72",
          "title": "6 - Defina a cor preta como cor inicial. Ao carregar a página a cor preta já deve estar selecionada para pintar os pixels",
          "fullFile": "",
          "file": "",
          "beforeHooks": [],
          "afterHooks": [],
          "tests": [
            {
              "title": "Verifica se o elemento da cor preta possui, inicialmente, a `classe` `selected`",
              "fullTitle": "6 - Defina a cor preta como cor inicial. Ao carregar a página a cor preta já deve estar selecionada para pintar os pixels Verifica se o elemento da cor preta possui, inicialmente, a `classe` `selected`",
              "timedOut": null,
              "duration": 229,
              "state": "passed",
              "speed": "slow",
              "pass": true,
              "fail": false,
              "pending": false,
              "context": null,
              "code": "cy.get('.selected').first().should('have.css', 'background-color', BLACK);",
              "err": {},
              "uuid": "5ab46148-8edd-43a3-9d70-2acd6ff88696",
              "parentUUID": "ca087eda-2643-4f57-98b6-0844a72bba72",
              "isHook": false,
              "skipped": false
            },
            {
              "title": "Verifica se nenhuma outra cor da paleta tem a `classe` `selected`",
              "fullTitle": "6 - Defina a cor preta como cor inicial. Ao carregar a página a cor preta já deve estar selecionada para pintar os pixels Verifica se nenhuma outra cor da paleta tem a `classe` `selected`",
              "timedOut": null,
              "duration": 90,
              "state": "passed",
              "speed": "slow",
              "pass": true,
              "fail": false,
              "pending": false,
              "context": null,
              "code": "cy.get('.color:not(:first-child)').each(function (color) {\n  cy.wrap(color).should('not.have.class', 'selected');\n});",
              "err": {},
              "uuid": "95adbf75-be1f-4ae8-969a-5da5907c2df6",
              "parentUUID": "ca087eda-2643-4f57-98b6-0844a72bba72",
              "isHook": false,
              "skipped": false
            }
          ],
          "suites": [],
          "passes": [
            "5ab46148-8edd-43a3-9d70-2acd6ff88696",
            "95adbf75-be1f-4ae8-969a-5da5907c2df6"
          ],
          "failures": [],
          "pending": [],
          "skipped": [],
          "duration": 319,
          "root": false,
          "rootEmpty": false,
          "_timeout": 2000
        },
        {
          "uuid": "3e2d6d1f-e6f5-4aba-bb62-5faf7521be61",
          "title": "7 - Clicar em uma das cores da paleta, faz com que ela seja selecionada e utilizada para preencher os pixels no quadro.",
          "fullFile": "",
          "file": "",
          "beforeHooks": [],
          "afterHooks": [],
          "tests": [
            {
              "title": "Verifica se somente uma cor da paleta de cores tem a classe `selected` de cada vez",
              "fullTitle": "7 - Clicar em uma das cores da paleta, faz com que ela seja selecionada e utilizada para preencher os pixels no quadro. Verifica se somente uma cor da paleta de cores tem a classe `selected` de cada vez",
              "timedOut": null,
              "duration": 550,
              "state": "passed",
              "speed": "slow",
              "pass": true,
              "fail": false,
              "pending": false,
              "context": null,
              "code": "cy.get('.color').each(function (selectedColor, selectedColorIndex) {\n  cy.wrap(selectedColor).click();\n  cy.get('.color').each(function (color, colorIndex) {\n    if (colorIndex === selectedColorIndex) {\n      expect(color).to.have[\"class\"]('selected');\n    } else {\n      expect(color).not.to.have[\"class\"]('selected');\n    }\n  });\n});",
              "err": {},
              "uuid": "f349c9a5-9938-4fe1-89f8-ea7b72d0cc68",
              "parentUUID": "3e2d6d1f-e6f5-4aba-bb62-5faf7521be61",
              "isHook": false,
              "skipped": false
            },
            {
              "title": "Verifica se os pixels dentro do quadro não têm a classe `selected` quando são clicados",
              "fullTitle": "7 - Clicar em uma das cores da paleta, faz com que ela seja selecionada e utilizada para preencher os pixels no quadro. Verifica se os pixels dentro do quadro não têm a classe `selected` quando são clicados",
              "timedOut": null,
              "duration": 8990,
              "state": "passed",
              "speed": "slow",
              "pass": true,
              "fail": false,
              "pending": false,
              "context": null,
              "code": "cy.get('.color').each(function (color) {\n  var backgroundColor = color.css('background-color');\n  cy.wrap(color).click();\n  cy.get('.pixel').each(function (pixel) {\n    cy.wrap(pixel).click().should('not.have.class', 'selected');\n  });\n});",
              "err": {},
              "uuid": "9fbc1153-2b5c-4a13-be3a-ff4630f463a6",
              "parentUUID": "3e2d6d1f-e6f5-4aba-bb62-5faf7521be61",
              "isHook": false,
              "skipped": false
            }
          ],
          "suites": [],
          "passes": [
            "f349c9a5-9938-4fe1-89f8-ea7b72d0cc68",
            "9fbc1153-2b5c-4a13-be3a-ff4630f463a6"
          ],
          "failures": [],
          "pending": [],
          "skipped": [],
          "duration": 9540,
          "root": false,
          "rootEmpty": false,
          "_timeout": 2000
        },
        {
          "uuid": "a1519f2a-426a-45bd-916a-4997de926547",
          "title": "8 - Clicar em um pixel dentro do quadro após selecionar uma cor na paleta, faz com que o pixel seja preenchido com a cor selecionada.",
          "fullFile": "",
          "file": "",
          "beforeHooks": [],
          "afterHooks": [],
          "tests": [
            {
              "title": "Verifica se ao carregar a página deve ser possível pintar os pixels de preto",
              "fullTitle": "8 - Clicar em um pixel dentro do quadro após selecionar uma cor na paleta, faz com que o pixel seja preenchido com a cor selecionada. Verifica se ao carregar a página deve ser possível pintar os pixels de preto",
              "timedOut": null,
              "duration": 4520,
              "state": "failed",
              "speed": null,
              "pass": false,
              "fail": true,
              "pending": false,
              "context": null,
              "code": "cy.get('.pixel').each(function (pixel) {\n  cy.wrap(pixel).click().should('have.css', 'background-color', BLACK);\n});",
              "err": {
                "message": "CypressError: Timed out retrying: expected '<div.pixel>' to have CSS property 'background-color' with the value 'rgb(0, 0, 0)', but the value was 'rgb(255, 255, 255)'",
                "estack": "CypressError: Timed out retrying: expected '<div.pixel>' to have CSS property 'background-color' with the value 'rgb(0, 0, 0)', but the value was 'rgb(255, 255, 255)'\n    at cypressErr (http://localhost:39073/__cypress/runner/cypress_runner.js:149934:9)\n    at throwErr (http://localhost:39073/__cypress/runner/cypress_runner.js:149867:11)\n    at Object.throwErrByPath (http://localhost:39073/__cypress/runner/cypress_runner.js:149915:3)\n    at retry (http://localhost:39073/__cypress/runner/cypress_runner.js:144197:19)\n    at onFailFn (http://localhost:39073/__cypress/runner/cypress_runner.js:132448:16)\n    at tryCatcher (http://localhost:39073/__cypress/runner/cypress_runner.js:167415:23)\n    at Promise._settlePromiseFromHandler (http://localhost:39073/__cypress/runner/cypress_runner.js:165351:31)\n    at Promise._settlePromise (http://localhost:39073/__cypress/runner/cypress_runner.js:165408:18)\n    at Promise._settlePromise0 (http://localhost:39073/__cypress/runner/cypress_runner.js:165453:10)\n    at Promise._settlePromises (http://localhost:39073/__cypress/runner/cypress_runner.js:165528:18)\n    at Async../node_modules/bluebird/js/release/async.js.Async._drainQueue (http://localhost:39073/__cypress/runner/cypress_runner.js:162140:16)\n    at Async../node_modules/bluebird/js/release/async.js.Async._drainQueues (http://localhost:39073/__cypress/runner/cypress_runner.js:162150:10)\n    at Async.drainQueues (http://localhost:39073/__cypress/runner/cypress_runner.js:162024:14)",
                "diff": null
              },
              "uuid": "683ea191-8725-4c3f-9b56-40a8c294860c",
              "parentUUID": "a1519f2a-426a-45bd-916a-4997de926547",
              "isHook": false,
              "skipped": false
            },
            {
              "title": "Verifica se após selecionar uma outra cor na paleta, é possível pintar os pixels com essa cor",
              "fullTitle": "8 - Clicar em um pixel dentro do quadro após selecionar uma cor na paleta, faz com que o pixel seja preenchido com a cor selecionada. Verifica se após selecionar uma outra cor na paleta, é possível pintar os pixels com essa cor",
              "timedOut": null,
              "duration": 8926,
              "state": "passed",
              "speed": "slow",
              "pass": true,
              "fail": false,
              "pending": false,
              "context": null,
              "code": "cy.get('.color').each(function (color) {\n  var backgroundColor = color.css('background-color');\n  cy.wrap(color).click();\n  cy.get('.pixel').each(function (pixel) {\n    cy.wrap(pixel).click().should('have.css', 'background-color', backgroundColor);\n  });\n});",
              "err": {},
              "uuid": "ce588f5a-0a2a-47da-a100-f81f33580503",
              "parentUUID": "a1519f2a-426a-45bd-916a-4997de926547",
              "isHook": false,
              "skipped": false
            },
            {
              "title": "Verifica se somente o pixel que foi clicado foi preenchido com a cor selecionada, sem influenciar na cor dos demais pixels.",
              "fullTitle": "8 - Clicar em um pixel dentro do quadro após selecionar uma cor na paleta, faz com que o pixel seja preenchido com a cor selecionada. Verifica se somente o pixel que foi clicado foi preenchido com a cor selecionada, sem influenciar na cor dos demais pixels.",
              "timedOut": null,
              "duration": 1444,
              "state": "passed",
              "speed": "slow",
              "pass": true,
              "fail": false,
              "pending": false,
              "context": null,
              "code": "var colorToPixelIndexMap = {\n  0: 6,\n  1: 8,\n  2: 16,\n  3: 18\n};\ncy.get('.color').each(function (color, index) {\n  cy.wrap(color).click();\n  var backgroundColor = color.css('background-color');\n  var clickedPixelIndex = colorToPixelIndexMap[index];\n  cy.get('.pixel').eq(clickedPixelIndex).click();\n  cy.get('.pixel').eq(clickedPixelIndex - 1).should('not.have.css', 'background-color', backgroundColor);\n  cy.get('.pixel').eq(clickedPixelIndex + 1).should('not.have.css', 'background-color', backgroundColor);\n  cy.get('.pixel').eq(clickedPixelIndex - 5).should('not.have.css', 'background-color', backgroundColor);\n  cy.get('.pixel').eq(clickedPixelIndex + 5).should('not.have.css', 'background-color', backgroundColor);\n  cy.get('.pixel').eq(clickedPixelIndex - 6).should('not.have.css', 'background-color', backgroundColor);\n  cy.get('.pixel').eq(clickedPixelIndex - 4).should('not.have.css', 'background-color', backgroundColor);\n  cy.get('.pixel').eq(clickedPixelIndex + 4).should('not.have.css', 'background-color', backgroundColor);\n  cy.get('.pixel').eq(clickedPixelIndex + 6).should('not.have.css', 'background-color', backgroundColor);\n});",
              "err": {},
              "uuid": "2b7771e2-c3a9-47b3-8397-2e0c887f5999",
              "parentUUID": "a1519f2a-426a-45bd-916a-4997de926547",
              "isHook": false,
              "skipped": false
            }
          ],
          "suites": [],
          "passes": [
            "ce588f5a-0a2a-47da-a100-f81f33580503",
            "2b7771e2-c3a9-47b3-8397-2e0c887f5999"
          ],
          "failures": [
            "683ea191-8725-4c3f-9b56-40a8c294860c"
          ],
          "pending": [],
          "skipped": [],
          "duration": 14890,
          "root": false,
          "rootEmpty": false,
          "_timeout": 2000
        },
        {
          "uuid": "4b1594fb-57ff-49c6-8e39-9affaf7a1c57",
          "title": "9 - Crie um botão que, ao ser clicado, limpa o quadro preenchendo a cor de todos seus pixels com branco.",
          "fullFile": "",
          "file": "",
          "beforeHooks": [],
          "afterHooks": [],
          "tests": [
            {
              "title": "Verifica se o botão tem o `id` denominado `clear-board`",
              "fullTitle": "9 - Crie um botão que, ao ser clicado, limpa o quadro preenchendo a cor de todos seus pixels com branco. Verifica se o botão tem o `id` denominado `clear-board`",
              "timedOut": null,
              "duration": 186,
              "state": "passed",
              "speed": "slow",
              "pass": true,
              "fail": false,
              "pending": false,
              "context": null,
              "code": "cy.get('#clear-board').should('be.visible');",
              "err": {},
              "uuid": "ca31640d-edcc-4524-bae0-fa7207afe32b",
              "parentUUID": "4b1594fb-57ff-49c6-8e39-9affaf7a1c57",
              "isHook": false,
              "skipped": false
            },
            {
              "title": "Verifica se o botão está posicionado entre a paleta de cores e o quadro de pixels",
              "fullTitle": "9 - Crie um botão que, ao ser clicado, limpa o quadro preenchendo a cor de todos seus pixels com branco. Verifica se o botão está posicionado entre a paleta de cores e o quadro de pixels",
              "timedOut": null,
              "duration": 158,
              "state": "passed",
              "speed": "slow",
              "pass": true,
              "fail": false,
              "pending": false,
              "context": null,
              "code": "cy.get('#color-palette').then(function (palette) {\n  cy.get('#clear-board').should('be.belowOf', palette);\n});\ncy.get('#clear-board').then(function (clearBtn) {\n  cy.get('#pixel-board').should('be.belowOf', clearBtn);\n});",
              "err": {},
              "uuid": "802f4fb1-0c3f-4577-85be-6314f9506a2b",
              "parentUUID": "4b1594fb-57ff-49c6-8e39-9affaf7a1c57",
              "isHook": false,
              "skipped": false
            },
            {
              "title": "Verifica se o texto do botão é 'Limpar'",
              "fullTitle": "9 - Crie um botão que, ao ser clicado, limpa o quadro preenchendo a cor de todos seus pixels com branco. Verifica se o texto do botão é 'Limpar'",
              "timedOut": null,
              "duration": 93,
              "state": "passed",
              "speed": "slow",
              "pass": true,
              "fail": false,
              "pending": false,
              "context": null,
              "code": "cy.get('#clear-board').should('contain.text', 'Limpar');",
              "err": {},
              "uuid": "d9658218-4ae9-4913-a463-08fc7e407917",
              "parentUUID": "4b1594fb-57ff-49c6-8e39-9affaf7a1c57",
              "isHook": false,
              "skipped": false
            },
            {
              "title": "Verifica se ao clicar no botão, o quadro de pixels é totalmente preenchido de branco",
              "fullTitle": "9 - Crie um botão que, ao ser clicado, limpa o quadro preenchendo a cor de todos seus pixels com branco. Verifica se ao clicar no botão, o quadro de pixels é totalmente preenchido de branco",
              "timedOut": null,
              "duration": 6635,
              "state": "failed",
              "speed": null,
              "pass": false,
              "fail": true,
              "pending": false,
              "context": null,
              "code": "cy.get('.color').eq(1).then(function (color) {\n  var backgroundColor = color.css('background-color');\n  cy.wrap(color).click();\n  cy.get('.pixel').each(function (pixel) {\n    cy.wrap(pixel).click().should('have.css', 'background-color', backgroundColor);\n  });\n});\ncy.get('#clear-board').click();\ncy.get('.pixel').each(function (pixel) {\n  cy.wrap(pixel).should('have.css', 'background-color', WHITE);\n});",
              "err": {
                "message": "CypressError: Timed out retrying: expected '<div.pixel>' to have CSS property 'background-color' with the value 'rgb(255, 255, 255)', but the value was 'rgb(255, 255, 0)'",
                "estack": "CypressError: Timed out retrying: expected '<div.pixel>' to have CSS property 'background-color' with the value 'rgb(255, 255, 255)', but the value was 'rgb(255, 255, 0)'\n    at cypressErr (http://localhost:39073/__cypress/runner/cypress_runner.js:149934:9)\n    at throwErr (http://localhost:39073/__cypress/runner/cypress_runner.js:149867:11)\n    at Object.throwErrByPath (http://localhost:39073/__cypress/runner/cypress_runner.js:149915:3)\n    at retry (http://localhost:39073/__cypress/runner/cypress_runner.js:144197:19)\n    at onFailFn (http://localhost:39073/__cypress/runner/cypress_runner.js:132448:16)\n    at tryCatcher (http://localhost:39073/__cypress/runner/cypress_runner.js:167415:23)\n    at Promise._settlePromiseFromHandler (http://localhost:39073/__cypress/runner/cypress_runner.js:165351:31)\n    at Promise._settlePromise (http://localhost:39073/__cypress/runner/cypress_runner.js:165408:18)\n    at Promise._settlePromise0 (http://localhost:39073/__cypress/runner/cypress_runner.js:165453:10)\n    at Promise._settlePromises (http://localhost:39073/__cypress/runner/cypress_runner.js:165528:18)\n    at Async../node_modules/bluebird/js/release/async.js.Async._drainQueue (http://localhost:39073/__cypress/runner/cypress_runner.js:162140:16)\n    at Async../node_modules/bluebird/js/release/async.js.Async._drainQueues (http://localhost:39073/__cypress/runner/cypress_runner.js:162150:10)\n    at Async.drainQueues (http://localhost:39073/__cypress/runner/cypress_runner.js:162024:14)",
                "diff": null
              },
              "uuid": "1a1cc414-e119-476d-9360-ea895a98d89d",
              "parentUUID": "4b1594fb-57ff-49c6-8e39-9affaf7a1c57",
              "isHook": false,
              "skipped": false
            }
          ],
          "suites": [],
          "passes": [
            "ca31640d-edcc-4524-bae0-fa7207afe32b",
            "802f4fb1-0c3f-4577-85be-6314f9506a2b",
            "d9658218-4ae9-4913-a463-08fc7e407917"
          ],
          "failures": [
            "1a1cc414-e119-476d-9360-ea895a98d89d"
          ],
          "pending": [],
          "skipped": [],
          "duration": 7072,
          "root": false,
          "rootEmpty": false,
          "_timeout": 2000
        },
        {
          "uuid": "9dfd5182-5f65-438a-9f5d-6f8aaca8ba2e",
          "title": "10 - Faça o quadro de pixels ter seu tamanho definido pelo usuário.",
          "fullFile": "",
          "file": "",
          "beforeHooks": [],
          "afterHooks": [],
          "tests": [
            {
              "title": "Verifica se existe um input com o id `board-size`",
              "fullTitle": "10 - Faça o quadro de pixels ter seu tamanho definido pelo usuário. Verifica se existe um input com o id `board-size`",
              "timedOut": null,
              "duration": 4401,
              "state": "failed",
              "speed": null,
              "pass": false,
              "fail": true,
              "pending": false,
              "context": null,
              "code": "cy.get('#board-size').should('be.visible');",
              "err": {
                "message": "CypressError: Timed out retrying: Expected to find element: '#board-size', but never found it.",
                "estack": "CypressError: Timed out retrying: Expected to find element: '#board-size', but never found it.\n    at cypressErr (http://localhost:39073/__cypress/runner/cypress_runner.js:149934:9)\n    at throwErr (http://localhost:39073/__cypress/runner/cypress_runner.js:149867:11)\n    at Object.throwErrByPath (http://localhost:39073/__cypress/runner/cypress_runner.js:149915:3)\n    at retry (http://localhost:39073/__cypress/runner/cypress_runner.js:144197:19)\n    at onFailFn (http://localhost:39073/__cypress/runner/cypress_runner.js:132448:16)\n    at tryCatcher (http://localhost:39073/__cypress/runner/cypress_runner.js:167415:23)\n    at Promise._settlePromiseFromHandler (http://localhost:39073/__cypress/runner/cypress_runner.js:165351:31)\n    at Promise._settlePromise (http://localhost:39073/__cypress/runner/cypress_runner.js:165408:18)\n    at Promise._settlePromise0 (http://localhost:39073/__cypress/runner/cypress_runner.js:165453:10)\n    at Promise._settlePromises (http://localhost:39073/__cypress/runner/cypress_runner.js:165528:18)\n    at Async../node_modules/bluebird/js/release/async.js.Async._drainQueue (http://localhost:39073/__cypress/runner/cypress_runner.js:162140:16)\n    at Async../node_modules/bluebird/js/release/async.js.Async._drainQueues (http://localhost:39073/__cypress/runner/cypress_runner.js:162150:10)\n    at Async.drainQueues (http://localhost:39073/__cypress/runner/cypress_runner.js:162024:14)",
                "diff": null
              },
              "uuid": "2bee0908-0d80-4544-81ea-a773b47bcf98",
              "parentUUID": "9dfd5182-5f65-438a-9f5d-6f8aaca8ba2e",
              "isHook": false,
              "skipped": false
            },
            {
              "title": "Verifica se existe um botão com o id `generate-board`",
              "fullTitle": "10 - Faça o quadro de pixels ter seu tamanho definido pelo usuário. Verifica se existe um botão com o id `generate-board`",
              "timedOut": null,
              "duration": 4433,
              "state": "failed",
              "speed": null,
              "pass": false,
              "fail": true,
              "pending": false,
              "context": null,
              "code": "cy.get('#generate-board').should('be.visible');",
              "err": {
                "message": "CypressError: Timed out retrying: Expected to find element: '#generate-board', but never found it.",
                "estack": "CypressError: Timed out retrying: Expected to find element: '#generate-board', but never found it.\n    at cypressErr (http://localhost:39073/__cypress/runner/cypress_runner.js:149934:9)\n    at throwErr (http://localhost:39073/__cypress/runner/cypress_runner.js:149867:11)\n    at Object.throwErrByPath (http://localhost:39073/__cypress/runner/cypress_runner.js:149915:3)\n    at retry (http://localhost:39073/__cypress/runner/cypress_runner.js:144197:19)\n    at onFailFn (http://localhost:39073/__cypress/runner/cypress_runner.js:132448:16)\n    at tryCatcher (http://localhost:39073/__cypress/runner/cypress_runner.js:167415:23)\n    at Promise._settlePromiseFromHandler (http://localhost:39073/__cypress/runner/cypress_runner.js:165351:31)\n    at Promise._settlePromise (http://localhost:39073/__cypress/runner/cypress_runner.js:165408:18)\n    at Promise._settlePromise0 (http://localhost:39073/__cypress/runner/cypress_runner.js:165453:10)\n    at Promise._settlePromises (http://localhost:39073/__cypress/runner/cypress_runner.js:165528:18)\n    at Async../node_modules/bluebird/js/release/async.js.Async._drainQueue (http://localhost:39073/__cypress/runner/cypress_runner.js:162140:16)\n    at Async../node_modules/bluebird/js/release/async.js.Async._drainQueues (http://localhost:39073/__cypress/runner/cypress_runner.js:162150:10)\n    at Async.drainQueues (http://localhost:39073/__cypress/runner/cypress_runner.js:162024:14)",
                "diff": null
              },
              "uuid": "44d5ccf3-3246-4b18-b253-44874ced6a9b",
              "parentUUID": "9dfd5182-5f65-438a-9f5d-6f8aaca8ba2e",
              "isHook": false,
              "skipped": false
            },
            {
              "title": "Verifica se o input só aceita número maiores que zero. Essa restrição deve ser feita usando os atributos do elemento `input`",
              "fullTitle": "10 - Faça o quadro de pixels ter seu tamanho definido pelo usuário. Verifica se o input só aceita número maiores que zero. Essa restrição deve ser feita usando os atributos do elemento `input`",
              "timedOut": null,
              "duration": 4415,
              "state": "failed",
              "speed": null,
              "pass": false,
              "fail": true,
              "pending": false,
              "context": null,
              "code": "cy.get('#board-size[type=\\'number\\'][min=\\'1\\']');",
              "err": {
                "message": "CypressError: Timed out retrying: Expected to find element: '#board-size[type='number'][min='1']', but never found it.",
                "estack": "CypressError: Timed out retrying: Expected to find element: '#board-size[type='number'][min='1']', but never found it.\n    at cypressErr (http://localhost:39073/__cypress/runner/cypress_runner.js:149934:9)\n    at throwErr (http://localhost:39073/__cypress/runner/cypress_runner.js:149867:11)\n    at Object.throwErrByPath (http://localhost:39073/__cypress/runner/cypress_runner.js:149915:3)\n    at retry (http://localhost:39073/__cypress/runner/cypress_runner.js:144197:19)\n    at onFailFn (http://localhost:39073/__cypress/runner/cypress_runner.js:132448:16)\n    at tryCatcher (http://localhost:39073/__cypress/runner/cypress_runner.js:167415:23)\n    at Promise._settlePromiseFromHandler (http://localhost:39073/__cypress/runner/cypress_runner.js:165351:31)\n    at Promise._settlePromise (http://localhost:39073/__cypress/runner/cypress_runner.js:165408:18)\n    at Promise._settlePromise0 (http://localhost:39073/__cypress/runner/cypress_runner.js:165453:10)\n    at Promise._settlePromises (http://localhost:39073/__cypress/runner/cypress_runner.js:165528:18)\n    at Async../node_modules/bluebird/js/release/async.js.Async._drainQueue (http://localhost:39073/__cypress/runner/cypress_runner.js:162140:16)\n    at Async../node_modules/bluebird/js/release/async.js.Async._drainQueues (http://localhost:39073/__cypress/runner/cypress_runner.js:162150:10)\n    at Async.drainQueues (http://localhost:39073/__cypress/runner/cypress_runner.js:162024:14)",
                "diff": null
              },
              "uuid": "3c20b5e5-ea89-4d55-b87b-4b1ff77297a8",
              "parentUUID": "9dfd5182-5f65-438a-9f5d-6f8aaca8ba2e",
              "isHook": false,
              "skipped": false
            },
            {
              "title": "Verifica se o botão contém o texto 'VQV'",
              "fullTitle": "10 - Faça o quadro de pixels ter seu tamanho definido pelo usuário. Verifica se o botão contém o texto 'VQV'",
              "timedOut": null,
              "duration": 4479,
              "state": "failed",
              "speed": null,
              "pass": false,
              "fail": true,
              "pending": false,
              "context": null,
              "code": "cy.get('#generate-board').contains(/vqv/i);",
              "err": {
                "message": "CypressError: Timed out retrying: Expected to find element: '#generate-board', but never found it.",
                "estack": "CypressError: Timed out retrying: Expected to find element: '#generate-board', but never found it.\n    at cypressErr (http://localhost:39073/__cypress/runner/cypress_runner.js:149934:9)\n    at throwErr (http://localhost:39073/__cypress/runner/cypress_runner.js:149867:11)\n    at Object.throwErrByPath (http://localhost:39073/__cypress/runner/cypress_runner.js:149915:3)\n    at retry (http://localhost:39073/__cypress/runner/cypress_runner.js:144197:19)\n    at onFailFn (http://localhost:39073/__cypress/runner/cypress_runner.js:132448:16)\n    at tryCatcher (http://localhost:39073/__cypress/runner/cypress_runner.js:167415:23)\n    at Promise._settlePromiseFromHandler (http://localhost:39073/__cypress/runner/cypress_runner.js:165351:31)\n    at Promise._settlePromise (http://localhost:39073/__cypress/runner/cypress_runner.js:165408:18)\n    at Promise._settlePromise0 (http://localhost:39073/__cypress/runner/cypress_runner.js:165453:10)\n    at Promise._settlePromises (http://localhost:39073/__cypress/runner/cypress_runner.js:165528:18)\n    at Async../node_modules/bluebird/js/release/async.js.Async._drainQueue (http://localhost:39073/__cypress/runner/cypress_runner.js:162140:16)\n    at Async../node_modules/bluebird/js/release/async.js.Async._drainQueues (http://localhost:39073/__cypress/runner/cypress_runner.js:162150:10)\n    at Async.drainQueues (http://localhost:39073/__cypress/runner/cypress_runner.js:162024:14)",
                "diff": null
              },
              "uuid": "be488e53-5a82-4cee-81cf-1cb1174b94a7",
              "parentUUID": "9dfd5182-5f65-438a-9f5d-6f8aaca8ba2e",
              "isHook": false,
              "skipped": false
            },
            {
              "title": "Verifica se o input está posicionado entre a paleta de cores e o quadro de pixels",
              "fullTitle": "10 - Faça o quadro de pixels ter seu tamanho definido pelo usuário. Verifica se o input está posicionado entre a paleta de cores e o quadro de pixels",
              "timedOut": null,
              "duration": 4463,
              "state": "failed",
              "speed": null,
              "pass": false,
              "fail": true,
              "pending": false,
              "context": null,
              "code": "cy.get('#color-palette').then(function (palette) {\n  cy.get('#board-size').should('be.belowOf', palette);\n});\ncy.get('#board-size').then(function (palette) {\n  cy.get('#pixel-board').should('be.belowOf', palette);\n});",
              "err": {
                "message": "CypressError: Timed out retrying: Expected to find element: '#board-size', but never found it.",
                "estack": "CypressError: Timed out retrying: Expected to find element: '#board-size', but never found it.\n    at cypressErr (http://localhost:39073/__cypress/runner/cypress_runner.js:149934:9)\n    at throwErr (http://localhost:39073/__cypress/runner/cypress_runner.js:149867:11)\n    at Object.throwErrByPath (http://localhost:39073/__cypress/runner/cypress_runner.js:149915:3)\n    at retry (http://localhost:39073/__cypress/runner/cypress_runner.js:144197:19)\n    at onFailFn (http://localhost:39073/__cypress/runner/cypress_runner.js:132448:16)\n    at tryCatcher (http://localhost:39073/__cypress/runner/cypress_runner.js:167415:23)\n    at Promise._settlePromiseFromHandler (http://localhost:39073/__cypress/runner/cypress_runner.js:165351:31)\n    at Promise._settlePromise (http://localhost:39073/__cypress/runner/cypress_runner.js:165408:18)\n    at Promise._settlePromise0 (http://localhost:39073/__cypress/runner/cypress_runner.js:165453:10)\n    at Promise._settlePromises (http://localhost:39073/__cypress/runner/cypress_runner.js:165528:18)\n    at Async../node_modules/bluebird/js/release/async.js.Async._drainQueue (http://localhost:39073/__cypress/runner/cypress_runner.js:162140:16)\n    at Async../node_modules/bluebird/js/release/async.js.Async._drainQueues (http://localhost:39073/__cypress/runner/cypress_runner.js:162150:10)\n    at Async.drainQueues (http://localhost:39073/__cypress/runner/cypress_runner.js:162024:14)",
                "diff": null
              },
              "uuid": "040f46cd-4256-4beb-967e-a3fb3ed618a5",
              "parentUUID": "9dfd5182-5f65-438a-9f5d-6f8aaca8ba2e",
              "isHook": false,
              "skipped": false
            },
            {
              "title": "Verifica se o botão está posicionado ao lado do input",
              "fullTitle": "10 - Faça o quadro de pixels ter seu tamanho definido pelo usuário. Verifica se o botão está posicionado ao lado do input",
              "timedOut": null,
              "duration": 4472,
              "state": "failed",
              "speed": null,
              "pass": false,
              "fail": true,
              "pending": false,
              "context": null,
              "code": "cy.get('#board-size').then(function (board) {\n  cy.get('#generate-board').should('be.onTheRightOf', board);\n});",
              "err": {
                "message": "CypressError: Timed out retrying: Expected to find element: '#board-size', but never found it.",
                "estack": "CypressError: Timed out retrying: Expected to find element: '#board-size', but never found it.\n    at cypressErr (http://localhost:39073/__cypress/runner/cypress_runner.js:149934:9)\n    at throwErr (http://localhost:39073/__cypress/runner/cypress_runner.js:149867:11)\n    at Object.throwErrByPath (http://localhost:39073/__cypress/runner/cypress_runner.js:149915:3)\n    at retry (http://localhost:39073/__cypress/runner/cypress_runner.js:144197:19)\n    at onFailFn (http://localhost:39073/__cypress/runner/cypress_runner.js:132448:16)\n    at tryCatcher (http://localhost:39073/__cypress/runner/cypress_runner.js:167415:23)\n    at Promise._settlePromiseFromHandler (http://localhost:39073/__cypress/runner/cypress_runner.js:165351:31)\n    at Promise._settlePromise (http://localhost:39073/__cypress/runner/cypress_runner.js:165408:18)\n    at Promise._settlePromise0 (http://localhost:39073/__cypress/runner/cypress_runner.js:165453:10)\n    at Promise._settlePromises (http://localhost:39073/__cypress/runner/cypress_runner.js:165528:18)\n    at Async../node_modules/bluebird/js/release/async.js.Async._drainQueue (http://localhost:39073/__cypress/runner/cypress_runner.js:162140:16)\n    at Async../node_modules/bluebird/js/release/async.js.Async._drainQueues (http://localhost:39073/__cypress/runner/cypress_runner.js:162150:10)\n    at Async.drainQueues (http://localhost:39073/__cypress/runner/cypress_runner.js:162024:14)",
                "diff": null
              },
              "uuid": "89f39228-e7a0-4531-a95c-c344ed5db16a",
              "parentUUID": "9dfd5182-5f65-438a-9f5d-6f8aaca8ba2e",
              "isHook": false,
              "skipped": false
            },
            {
              "title": "Verifica se nenhum valor for colocado no input ao clicar no botão, um `alert` é exibido com o texto: 'Board inválido!'",
              "fullTitle": "10 - Faça o quadro de pixels ter seu tamanho definido pelo usuário. Verifica se nenhum valor for colocado no input ao clicar no botão, um `alert` é exibido com o texto: 'Board inválido!'",
              "timedOut": null,
              "duration": 4448,
              "state": "failed",
              "speed": null,
              "pass": false,
              "fail": true,
              "pending": false,
              "context": null,
              "code": "var alerted = false;\ncy.on('window:alert', function (msg) {\n  return alerted = msg;\n});\ncy.get('#generate-board').click().then(function () {\n  return expect(alerted).to.match(/Board inválido!/i);\n});",
              "err": {
                "message": "CypressError: Timed out retrying: Expected to find element: '#generate-board', but never found it.",
                "estack": "CypressError: Timed out retrying: Expected to find element: '#generate-board', but never found it.\n    at cypressErr (http://localhost:39073/__cypress/runner/cypress_runner.js:149934:9)\n    at throwErr (http://localhost:39073/__cypress/runner/cypress_runner.js:149867:11)\n    at Object.throwErrByPath (http://localhost:39073/__cypress/runner/cypress_runner.js:149915:3)\n    at retry (http://localhost:39073/__cypress/runner/cypress_runner.js:144197:19)\n    at onFailFn (http://localhost:39073/__cypress/runner/cypress_runner.js:132448:16)\n    at tryCatcher (http://localhost:39073/__cypress/runner/cypress_runner.js:167415:23)\n    at Promise._settlePromiseFromHandler (http://localhost:39073/__cypress/runner/cypress_runner.js:165351:31)\n    at Promise._settlePromise (http://localhost:39073/__cypress/runner/cypress_runner.js:165408:18)\n    at Promise._settlePromise0 (http://localhost:39073/__cypress/runner/cypress_runner.js:165453:10)\n    at Promise._settlePromises (http://localhost:39073/__cypress/runner/cypress_runner.js:165528:18)\n    at Async../node_modules/bluebird/js/release/async.js.Async._drainQueue (http://localhost:39073/__cypress/runner/cypress_runner.js:162140:16)\n    at Async../node_modules/bluebird/js/release/async.js.Async._drainQueues (http://localhost:39073/__cypress/runner/cypress_runner.js:162150:10)\n    at Async.drainQueues (http://localhost:39073/__cypress/runner/cypress_runner.js:162024:14)",
                "diff": null
              },
              "uuid": "1da3ecc9-81a7-40ea-93cf-1a0cd4c854e6",
              "parentUUID": "9dfd5182-5f65-438a-9f5d-6f8aaca8ba2e",
              "isHook": false,
              "skipped": false
            },
            {
              "title": "Verifica se ao clicar no botão com um valor preenchido, o tamanho do board muda.",
              "fullTitle": "10 - Faça o quadro de pixels ter seu tamanho definido pelo usuário. Verifica se ao clicar no botão com um valor preenchido, o tamanho do board muda.",
              "timedOut": null,
              "duration": 4471,
              "state": "failed",
              "speed": null,
              "pass": false,
              "fail": true,
              "pending": false,
              "context": null,
              "code": "cy.get('#board-size').clear().type(10);\ncy.get('#generate-board').click();\ncy.get('.pixel').should('have.length', 100);",
              "err": {
                "message": "CypressError: Timed out retrying: Expected to find element: '#board-size', but never found it.",
                "estack": "CypressError: Timed out retrying: Expected to find element: '#board-size', but never found it.\n    at cypressErr (http://localhost:39073/__cypress/runner/cypress_runner.js:149934:9)\n    at throwErr (http://localhost:39073/__cypress/runner/cypress_runner.js:149867:11)\n    at Object.throwErrByPath (http://localhost:39073/__cypress/runner/cypress_runner.js:149915:3)\n    at retry (http://localhost:39073/__cypress/runner/cypress_runner.js:144197:19)\n    at onFailFn (http://localhost:39073/__cypress/runner/cypress_runner.js:132448:16)\n    at tryCatcher (http://localhost:39073/__cypress/runner/cypress_runner.js:167415:23)\n    at Promise._settlePromiseFromHandler (http://localhost:39073/__cypress/runner/cypress_runner.js:165351:31)\n    at Promise._settlePromise (http://localhost:39073/__cypress/runner/cypress_runner.js:165408:18)\n    at Promise._settlePromise0 (http://localhost:39073/__cypress/runner/cypress_runner.js:165453:10)\n    at Promise._settlePromises (http://localhost:39073/__cypress/runner/cypress_runner.js:165528:18)\n    at Async../node_modules/bluebird/js/release/async.js.Async._drainQueue (http://localhost:39073/__cypress/runner/cypress_runner.js:162140:16)\n    at Async../node_modules/bluebird/js/release/async.js.Async._drainQueues (http://localhost:39073/__cypress/runner/cypress_runner.js:162150:10)\n    at Async.drainQueues (http://localhost:39073/__cypress/runner/cypress_runner.js:162024:14)",
                "diff": null
              },
              "uuid": "88c7d239-f9ab-4b78-88ad-3762a08cf724",
              "parentUUID": "9dfd5182-5f65-438a-9f5d-6f8aaca8ba2e",
              "isHook": false,
              "skipped": false
            },
            {
              "title": "Verifica se o novo quadro tem todos os pixels preenchidos com a cor branca",
              "fullTitle": "10 - Faça o quadro de pixels ter seu tamanho definido pelo usuário. Verifica se o novo quadro tem todos os pixels preenchidos com a cor branca",
              "timedOut": null,
              "duration": 4433,
              "state": "failed",
              "speed": null,
              "pass": false,
              "fail": true,
              "pending": false,
              "context": null,
              "code": "cy.get('#board-size').clear().type(6);\ncy.get('#generate-board').click();\ncy.get('.pixel').should('have.length', 36).each(function (pixel) {\n  expect(pixel).to.have.css('background-color', WHITE);\n});",
              "err": {
                "message": "CypressError: Timed out retrying: Expected to find element: '#board-size', but never found it.",
                "estack": "CypressError: Timed out retrying: Expected to find element: '#board-size', but never found it.\n    at cypressErr (http://localhost:39073/__cypress/runner/cypress_runner.js:149934:9)\n    at throwErr (http://localhost:39073/__cypress/runner/cypress_runner.js:149867:11)\n    at Object.throwErrByPath (http://localhost:39073/__cypress/runner/cypress_runner.js:149915:3)\n    at retry (http://localhost:39073/__cypress/runner/cypress_runner.js:144197:19)\n    at onFailFn (http://localhost:39073/__cypress/runner/cypress_runner.js:132448:16)\n    at tryCatcher (http://localhost:39073/__cypress/runner/cypress_runner.js:167415:23)\n    at Promise._settlePromiseFromHandler (http://localhost:39073/__cypress/runner/cypress_runner.js:165351:31)\n    at Promise._settlePromise (http://localhost:39073/__cypress/runner/cypress_runner.js:165408:18)\n    at Promise._settlePromise0 (http://localhost:39073/__cypress/runner/cypress_runner.js:165453:10)\n    at Promise._settlePromises (http://localhost:39073/__cypress/runner/cypress_runner.js:165528:18)\n    at Async../node_modules/bluebird/js/release/async.js.Async._drainQueue (http://localhost:39073/__cypress/runner/cypress_runner.js:162140:16)\n    at Async../node_modules/bluebird/js/release/async.js.Async._drainQueues (http://localhost:39073/__cypress/runner/cypress_runner.js:162150:10)\n    at Async.drainQueues (http://localhost:39073/__cypress/runner/cypress_runner.js:162024:14)",
                "diff": null
              },
              "uuid": "84341c3a-0ab3-4d31-8802-51aa1731459e",
              "parentUUID": "9dfd5182-5f65-438a-9f5d-6f8aaca8ba2e",
              "isHook": false,
              "skipped": false
            }
          ],
          "suites": [],
          "passes": [],
          "failures": [
            "2bee0908-0d80-4544-81ea-a773b47bcf98",
            "44d5ccf3-3246-4b18-b253-44874ced6a9b",
            "3c20b5e5-ea89-4d55-b87b-4b1ff77297a8",
            "be488e53-5a82-4cee-81cf-1cb1174b94a7",
            "040f46cd-4256-4beb-967e-a3fb3ed618a5",
            "89f39228-e7a0-4531-a95c-c344ed5db16a",
            "1da3ecc9-81a7-40ea-93cf-1a0cd4c854e6",
            "88c7d239-f9ab-4b78-88ad-3762a08cf724",
            "84341c3a-0ab3-4d31-8802-51aa1731459e"
          ],
          "pending": [],
          "skipped": [],
          "duration": 40015,
          "root": false,
          "rootEmpty": false,
          "_timeout": 2000
        },
        {
          "uuid": "64616bd0-a2b9-4c57-8c8d-8b6fbcb84ef6",
          "title": "11 - Limite o tamanho mínimo e máximo do board.",
          "fullFile": "",
          "file": "",
          "beforeHooks": [],
          "afterHooks": [],
          "tests": [
            {
              "title": "Verifica se a altura máxima do board é 50",
              "fullTitle": "11 - Limite o tamanho mínimo e máximo do board. Verifica se a altura máxima do board é 50",
              "timedOut": null,
              "duration": 4517,
              "state": "failed",
              "speed": null,
              "pass": false,
              "fail": true,
              "pending": false,
              "context": null,
              "code": "cy.get('#board-size').clear().type(50);\ncy.get('#generate-board').click();\ncy.get('.pixel').should('have.length', 2500);",
              "err": {
                "message": "CypressError: Timed out retrying: Expected to find element: '#board-size', but never found it.",
                "estack": "CypressError: Timed out retrying: Expected to find element: '#board-size', but never found it.\n    at cypressErr (http://localhost:39073/__cypress/runner/cypress_runner.js:149934:9)\n    at throwErr (http://localhost:39073/__cypress/runner/cypress_runner.js:149867:11)\n    at Object.throwErrByPath (http://localhost:39073/__cypress/runner/cypress_runner.js:149915:3)\n    at retry (http://localhost:39073/__cypress/runner/cypress_runner.js:144197:19)\n    at onFailFn (http://localhost:39073/__cypress/runner/cypress_runner.js:132448:16)\n    at tryCatcher (http://localhost:39073/__cypress/runner/cypress_runner.js:167415:23)\n    at Promise._settlePromiseFromHandler (http://localhost:39073/__cypress/runner/cypress_runner.js:165351:31)\n    at Promise._settlePromise (http://localhost:39073/__cypress/runner/cypress_runner.js:165408:18)\n    at Promise._settlePromise0 (http://localhost:39073/__cypress/runner/cypress_runner.js:165453:10)\n    at Promise._settlePromises (http://localhost:39073/__cypress/runner/cypress_runner.js:165528:18)\n    at Async../node_modules/bluebird/js/release/async.js.Async._drainQueue (http://localhost:39073/__cypress/runner/cypress_runner.js:162140:16)\n    at Async../node_modules/bluebird/js/release/async.js.Async._drainQueues (http://localhost:39073/__cypress/runner/cypress_runner.js:162150:10)\n    at Async.drainQueues (http://localhost:39073/__cypress/runner/cypress_runner.js:162024:14)",
                "diff": null
              },
              "uuid": "4ae20303-4c4e-4832-a055-85b091ca37c8",
              "parentUUID": "64616bd0-a2b9-4c57-8c8d-8b6fbcb84ef6",
              "isHook": false,
              "skipped": false
            },
            {
              "title": "Verifica se a altura do board é 5 quando um valor menor é colocado no input",
              "fullTitle": "11 - Limite o tamanho mínimo e máximo do board. Verifica se a altura do board é 5 quando um valor menor é colocado no input",
              "timedOut": null,
              "duration": 4430,
              "state": "failed",
              "speed": null,
              "pass": false,
              "fail": true,
              "pending": false,
              "context": null,
              "code": "cy.get('#board-size').clear().type(4);\ncy.get('#generate-board').click();\ncy.get('.pixel').should('have.length', 25);",
              "err": {
                "message": "CypressError: Timed out retrying: Expected to find element: '#board-size', but never found it.",
                "estack": "CypressError: Timed out retrying: Expected to find element: '#board-size', but never found it.\n    at cypressErr (http://localhost:39073/__cypress/runner/cypress_runner.js:149934:9)\n    at throwErr (http://localhost:39073/__cypress/runner/cypress_runner.js:149867:11)\n    at Object.throwErrByPath (http://localhost:39073/__cypress/runner/cypress_runner.js:149915:3)\n    at retry (http://localhost:39073/__cypress/runner/cypress_runner.js:144197:19)\n    at onFailFn (http://localhost:39073/__cypress/runner/cypress_runner.js:132448:16)\n    at tryCatcher (http://localhost:39073/__cypress/runner/cypress_runner.js:167415:23)\n    at Promise._settlePromiseFromHandler (http://localhost:39073/__cypress/runner/cypress_runner.js:165351:31)\n    at Promise._settlePromise (http://localhost:39073/__cypress/runner/cypress_runner.js:165408:18)\n    at Promise._settlePromise0 (http://localhost:39073/__cypress/runner/cypress_runner.js:165453:10)\n    at Promise._settlePromises (http://localhost:39073/__cypress/runner/cypress_runner.js:165528:18)\n    at Async../node_modules/bluebird/js/release/async.js.Async._drainQueue (http://localhost:39073/__cypress/runner/cypress_runner.js:162140:16)\n    at Async../node_modules/bluebird/js/release/async.js.Async._drainQueues (http://localhost:39073/__cypress/runner/cypress_runner.js:162150:10)\n    at Async.drainQueues (http://localhost:39073/__cypress/runner/cypress_runner.js:162024:14)",
                "diff": null
              },
              "uuid": "2a7ed051-dc9d-48e4-9d29-021f3fc784f8",
              "parentUUID": "64616bd0-a2b9-4c57-8c8d-8b6fbcb84ef6",
              "isHook": false,
              "skipped": false
            },
            {
              "title": "Verifica se a altura do board é 50 quando um valor maior é colocado no input",
              "fullTitle": "11 - Limite o tamanho mínimo e máximo do board. Verifica se a altura do board é 50 quando um valor maior é colocado no input",
              "timedOut": null,
              "duration": 4462,
              "state": "failed",
              "speed": null,
              "pass": false,
              "fail": true,
              "pending": false,
              "context": null,
              "code": "cy.get('#board-size').clear().type(51);\ncy.get('#generate-board').click();\ncy.get('.pixel').should('have.length', 2500);",
              "err": {
                "message": "CypressError: Timed out retrying: Expected to find element: '#board-size', but never found it.",
                "estack": "CypressError: Timed out retrying: Expected to find element: '#board-size', but never found it.\n    at cypressErr (http://localhost:39073/__cypress/runner/cypress_runner.js:149934:9)\n    at throwErr (http://localhost:39073/__cypress/runner/cypress_runner.js:149867:11)\n    at Object.throwErrByPath (http://localhost:39073/__cypress/runner/cypress_runner.js:149915:3)\n    at retry (http://localhost:39073/__cypress/runner/cypress_runner.js:144197:19)\n    at onFailFn (http://localhost:39073/__cypress/runner/cypress_runner.js:132448:16)\n    at tryCatcher (http://localhost:39073/__cypress/runner/cypress_runner.js:167415:23)\n    at Promise._settlePromiseFromHandler (http://localhost:39073/__cypress/runner/cypress_runner.js:165351:31)\n    at Promise._settlePromise (http://localhost:39073/__cypress/runner/cypress_runner.js:165408:18)\n    at Promise._settlePromise0 (http://localhost:39073/__cypress/runner/cypress_runner.js:165453:10)\n    at Promise._settlePromises (http://localhost:39073/__cypress/runner/cypress_runner.js:165528:18)\n    at Async../node_modules/bluebird/js/release/async.js.Async._drainQueue (http://localhost:39073/__cypress/runner/cypress_runner.js:162140:16)\n    at Async../node_modules/bluebird/js/release/async.js.Async._drainQueues (http://localhost:39073/__cypress/runner/cypress_runner.js:162150:10)\n    at Async.drainQueues (http://localhost:39073/__cypress/runner/cypress_runner.js:162024:14)",
                "diff": null
              },
              "uuid": "2308a93a-61b0-41d9-b315-b99122ca8beb",
              "parentUUID": "64616bd0-a2b9-4c57-8c8d-8b6fbcb84ef6",
              "isHook": false,
              "skipped": false
            }
          ],
          "suites": [],
          "passes": [],
          "failures": [
            "4ae20303-4c4e-4832-a055-85b091ca37c8",
            "2a7ed051-dc9d-48e4-9d29-021f3fc784f8",
            "2308a93a-61b0-41d9-b315-b99122ca8beb"
          ],
          "pending": [],
          "skipped": [],
          "duration": 13409,
          "root": false,
          "rootEmpty": false,
          "_timeout": 2000
        },
        {
          "uuid": "4ea86d71-8007-423f-8bc9-1b482809917f",
          "title": "12 - Faça com que as cores da paleta sejam geradas aleatoriamente ao carregar a página.",
          "fullFile": "",
          "file": "",
          "beforeHooks": [],
          "afterHooks": [],
          "tests": [
            {
              "title": "Verifica se as cores geradas na paleta são diferentes a cada carregamento da página",
              "fullTitle": "12 - Faça com que as cores da paleta sejam geradas aleatoriamente ao carregar a página. Verifica se as cores geradas na paleta são diferentes a cada carregamento da página",
              "timedOut": null,
              "duration": 468,
              "state": "failed",
              "speed": null,
              "pass": false,
              "fail": true,
              "pending": false,
              "context": null,
              "code": "cy.get('.color').then(function (colors) {\n  var currentColors;\n  var previousColors;\n  previousColors = Array.from(colors).map(function (color) {\n    return Cypress.$(color).css('background-color');\n  });\n  for (var i = 0; i < 5; i += 1) {\n    cy.reload();\n    cy.get('.color').then(function (colors) {\n      currentColors = Array.from(colors).map(function (color) {\n        return Cypress.$(color).css('background-color');\n      });\n      expect(currentColors).not.to.deep.equal(previousColors);\n      previousColors = currentColors;\n    });\n  }\n});",
              "err": {
                "message": "AssertionError: expected [ Array(4) ] to not deeply equal [ Array(4) ]",
                "estack": "AssertionError: expected [ Array(4) ] to not deeply equal [ Array(4) ]\n    at getRet (http://localhost:39073/__cypress/runner/cypress_runner.js:136585:16)\n    at tryCatcher (http://localhost:39073/__cypress/runner/cypress_runner.js:167415:23)\n    at Function.Promise.attempt.Promise.try (http://localhost:39073/__cypress/runner/cypress_runner.js:164690:29)\n    at Context.thenFn (http://localhost:39073/__cypress/runner/cypress_runner.js:136599:23)\n    at Context.then (http://localhost:39073/__cypress/runner/cypress_runner.js:136971:21)\n    at Context.<anonymous> (http://localhost:39073/__cypress/runner/cypress_runner.js:148875:21)\n    at http://localhost:39073/__cypress/runner/cypress_runner.js:148351:33\n    at tryCatcher (http://localhost:39073/__cypress/runner/cypress_runner.js:167415:23)\n    at Promise._settlePromiseFromHandler (http://localhost:39073/__cypress/runner/cypress_runner.js:165351:31)\n    at Promise._settlePromise (http://localhost:39073/__cypress/runner/cypress_runner.js:165408:18)\n    at Promise._settlePromiseCtx (http://localhost:39073/__cypress/runner/cypress_runner.js:165445:10)\n    at Async../node_modules/bluebird/js/release/async.js.Async._drainQueue (http://localhost:39073/__cypress/runner/cypress_runner.js:162145:12)\n    at Async../node_modules/bluebird/js/release/async.js.Async._drainQueues (http://localhost:39073/__cypress/runner/cypress_runner.js:162150:10)\n    at Async.drainQueues (http://localhost:39073/__cypress/runner/cypress_runner.js:162024:14)",
                "diff": ""
              },
              "uuid": "a1f9d218-257d-47c5-9fbe-714b1df1cb35",
              "parentUUID": "4ea86d71-8007-423f-8bc9-1b482809917f",
              "isHook": false,
              "skipped": false
            },
            {
              "title": "Verifica se a cor preta ainda está presente e é a primeira na sua paleta de cores",
              "fullTitle": "12 - Faça com que as cores da paleta sejam geradas aleatoriamente ao carregar a página. Verifica se a cor preta ainda está presente e é a primeira na sua paleta de cores",
              "timedOut": null,
              "duration": 450,
              "state": "failed",
              "speed": null,
              "pass": false,
              "fail": true,
              "pending": false,
              "context": null,
              "code": "cy.get('.color').then(function (colors) {\n  var currentColors;\n  var previousColors;\n  previousColors = Array.from(colors).map(function (color) {\n    return Cypress.$(color).css('background-color');\n  });\n  expect(previousColors[0]).to.eq(BLACK);\n  for (var i = 0; i < 5; i += 1) {\n    cy.reload();\n    cy.get('.color').then(function (colors) {\n      currentColors = Array.from(colors).map(function (color) {\n        return Cypress.$(color).css('background-color');\n      });\n      expect(currentColors[0]).to.eq(BLACK);\n      expect(currentColors).not.to.deep.equal(previousColors);\n      previousColors = currentColors;\n    });\n  }\n});",
              "err": {
                "message": "AssertionError: expected [ Array(4) ] to not deeply equal [ Array(4) ]",
                "estack": "AssertionError: expected [ Array(4) ] to not deeply equal [ Array(4) ]\n    at getRet (http://localhost:39073/__cypress/runner/cypress_runner.js:136585:16)\n    at tryCatcher (http://localhost:39073/__cypress/runner/cypress_runner.js:167415:23)\n    at Function.Promise.attempt.Promise.try (http://localhost:39073/__cypress/runner/cypress_runner.js:164690:29)\n    at Context.thenFn (http://localhost:39073/__cypress/runner/cypress_runner.js:136599:23)\n    at Context.then (http://localhost:39073/__cypress/runner/cypress_runner.js:136971:21)\n    at Context.<anonymous> (http://localhost:39073/__cypress/runner/cypress_runner.js:148875:21)\n    at http://localhost:39073/__cypress/runner/cypress_runner.js:148351:33\n    at tryCatcher (http://localhost:39073/__cypress/runner/cypress_runner.js:167415:23)\n    at Promise._settlePromiseFromHandler (http://localhost:39073/__cypress/runner/cypress_runner.js:165351:31)\n    at Promise._settlePromise (http://localhost:39073/__cypress/runner/cypress_runner.js:165408:18)\n    at Promise._settlePromiseCtx (http://localhost:39073/__cypress/runner/cypress_runner.js:165445:10)\n    at Async../node_modules/bluebird/js/release/async.js.Async._drainQueue (http://localhost:39073/__cypress/runner/cypress_runner.js:162145:12)\n    at Async../node_modules/bluebird/js/release/async.js.Async._drainQueues (http://localhost:39073/__cypress/runner/cypress_runner.js:162150:10)\n    at Async.drainQueues (http://localhost:39073/__cypress/runner/cypress_runner.js:162024:14)",
                "diff": ""
              },
              "uuid": "47a5b8b5-a7cd-44b7-9373-7bfdb306d76a",
              "parentUUID": "4ea86d71-8007-423f-8bc9-1b482809917f",
              "isHook": false,
              "skipped": false
            }
          ],
          "suites": [],
          "passes": [],
          "failures": [
            "a1f9d218-257d-47c5-9fbe-714b1df1cb35",
            "47a5b8b5-a7cd-44b7-9373-7bfdb306d76a"
          ],
          "pending": [],
          "skipped": [],
          "duration": 918,
          "root": false,
          "rootEmpty": false,
          "_timeout": 2000
        }
      ],
      "passes": [],
      "failures": [],
      "pending": [],
      "skipped": [],
      "duration": 0,
      "root": true,
      "rootEmpty": true,
      "_timeout": 2000
    }
  ],
  "meta": {
    "mocha": {
      "version": "7.0.1"
    },
    "mochawesome": {
      "options": {
        "quiet": false,
        "reportFilename": "mochawesome",
        "saveHtml": false,
        "saveJson": true,
        "consoleReporter": "spec",
        "useInlineDiffs": false
      },
      "version": "4.1.0"
    },
    "marge": {
      "options": {
        "id": "default",
        "reportDir": "cypress/reports",
        "overwrite": true,
        "html": false,
        "json": true
      },
      "version": "4.1.0"
    }
  }
}