{
  "stats": {
    "suites": 12,
    "tests": 41,
    "passes": 1,
    "pending": 0,
    "failures": 40,
    "start": "2021-08-13T18:28:17.899Z",
    "end": "2021-08-13T18:31:10.542Z",
    "duration": 172643,
    "testsRegistered": 41,
    "passPercent": 2.4390243902439024,
    "pendingPercent": 0,
    "other": 0,
    "hasOther": false,
    "skipped": 0,
    "hasSkipped": false
  },
  "results": [
    {
      "uuid": "c0694143-c780-4b1a-b3a8-486972f2648b",
      "title": "",
      "fullFile": "cypress/integration/project.spec.js",
      "file": "cypress/integration/project.spec.js",
      "beforeHooks": [],
      "afterHooks": [],
      "tests": [],
      "suites": [
        {
          "uuid": "33803f5b-ba34-42ff-8b1e-1252aa9e3cbd",
          "title": "1 - Adicione à página o título \"Paleta de Cores\".",
          "fullFile": "",
          "file": "",
          "beforeHooks": [],
          "afterHooks": [],
          "tests": [
            {
              "title": "Verifica se contém um elemento `h1` com o id `title` com o título correto",
              "fullTitle": "1 - Adicione à página o título \"Paleta de Cores\". Verifica se contém um elemento `h1` com o id `title` com o título correto",
              "timedOut": null,
              "duration": 129,
              "state": "passed",
              "speed": "slow",
              "pass": true,
              "fail": false,
              "pending": false,
              "context": null,
              "code": "cy.get('h1#title').should('contain.text', 'Paleta de Cores');",
              "err": {},
              "uuid": "d2bead1f-5d0d-4937-bb5f-73ea632544c3",
              "parentUUID": "33803f5b-ba34-42ff-8b1e-1252aa9e3cbd",
              "isHook": false,
              "skipped": false
            }
          ],
          "suites": [],
          "passes": [
            "d2bead1f-5d0d-4937-bb5f-73ea632544c3"
          ],
          "failures": [],
          "pending": [],
          "skipped": [],
          "duration": 129,
          "root": false,
          "rootEmpty": false,
          "_timeout": 2000
        },
        {
          "uuid": "1d93e88f-045c-4968-875c-6d522fa70c6c",
          "title": "2 - Adicione à página uma paleta de quatro cores distintas.",
          "fullFile": "",
          "file": "",
          "beforeHooks": [],
          "afterHooks": [],
          "tests": [
            {
              "title": "A paleta de cores deve ser um elemento com `id` denominado `color-palette`",
              "fullTitle": "2 - Adicione à página uma paleta de quatro cores distintas. A paleta de cores deve ser um elemento com `id` denominado `color-palette`",
              "timedOut": null,
              "duration": 4279,
              "state": "failed",
              "speed": null,
              "pass": false,
              "fail": true,
              "pending": false,
              "context": null,
              "code": "cy.get('#color-palette').should('be.visible');",
              "err": {
                "message": "CypressError: Timed out retrying: Expected to find element: '#color-palette', but never found it.",
                "estack": "CypressError: Timed out retrying: Expected to find element: '#color-palette', but never found it.\n    at cypressErr (http://localhost:37777/__cypress/runner/cypress_runner.js:149934:9)\n    at throwErr (http://localhost:37777/__cypress/runner/cypress_runner.js:149867:11)\n    at Object.throwErrByPath (http://localhost:37777/__cypress/runner/cypress_runner.js:149915:3)\n    at retry (http://localhost:37777/__cypress/runner/cypress_runner.js:144197:19)\n    at onFailFn (http://localhost:37777/__cypress/runner/cypress_runner.js:132448:16)\n    at tryCatcher (http://localhost:37777/__cypress/runner/cypress_runner.js:167415:23)\n    at Promise._settlePromiseFromHandler (http://localhost:37777/__cypress/runner/cypress_runner.js:165351:31)\n    at Promise._settlePromise (http://localhost:37777/__cypress/runner/cypress_runner.js:165408:18)\n    at Promise._settlePromise0 (http://localhost:37777/__cypress/runner/cypress_runner.js:165453:10)\n    at Promise._settlePromises (http://localhost:37777/__cypress/runner/cypress_runner.js:165528:18)\n    at Async../node_modules/bluebird/js/release/async.js.Async._drainQueue (http://localhost:37777/__cypress/runner/cypress_runner.js:162140:16)\n    at Async../node_modules/bluebird/js/release/async.js.Async._drainQueues (http://localhost:37777/__cypress/runner/cypress_runner.js:162150:10)\n    at Async.drainQueues (http://localhost:37777/__cypress/runner/cypress_runner.js:162024:14)",
                "diff": null
              },
              "uuid": "f04e1bfe-3179-47dc-a740-6094f413a372",
              "parentUUID": "1d93e88f-045c-4968-875c-6d522fa70c6c",
              "isHook": false,
              "skipped": false
            },
            {
              "title": "Verifica se cada cor individual da paleta de cores possui a `classe` chamada `color`.",
              "fullTitle": "2 - Adicione à página uma paleta de quatro cores distintas. Verifica se cada cor individual da paleta de cores possui a `classe` chamada `color`.",
              "timedOut": null,
              "duration": 4255,
              "state": "failed",
              "speed": null,
              "pass": false,
              "fail": true,
              "pending": false,
              "context": null,
              "code": "cy.get('.color').should('have.length', 4).then(function (colors) {\n  for (var i = 0; i < colors.length; i++) {\n    cy.wrap(colors[i]).should('be.visible');\n  }\n});",
              "err": {
                "message": "CypressError: Timed out retrying: Expected to find element: '.color', but never found it.",
                "estack": "CypressError: Timed out retrying: Expected to find element: '.color', but never found it.\n    at cypressErr (http://localhost:37777/__cypress/runner/cypress_runner.js:149934:9)\n    at throwErr (http://localhost:37777/__cypress/runner/cypress_runner.js:149867:11)\n    at Object.throwErrByPath (http://localhost:37777/__cypress/runner/cypress_runner.js:149915:3)\n    at retry (http://localhost:37777/__cypress/runner/cypress_runner.js:144197:19)\n    at onFailFn (http://localhost:37777/__cypress/runner/cypress_runner.js:132448:16)\n    at tryCatcher (http://localhost:37777/__cypress/runner/cypress_runner.js:167415:23)\n    at Promise._settlePromiseFromHandler (http://localhost:37777/__cypress/runner/cypress_runner.js:165351:31)\n    at Promise._settlePromise (http://localhost:37777/__cypress/runner/cypress_runner.js:165408:18)\n    at Promise._settlePromise0 (http://localhost:37777/__cypress/runner/cypress_runner.js:165453:10)\n    at Promise._settlePromises (http://localhost:37777/__cypress/runner/cypress_runner.js:165528:18)\n    at Async../node_modules/bluebird/js/release/async.js.Async._drainQueue (http://localhost:37777/__cypress/runner/cypress_runner.js:162140:16)\n    at Async../node_modules/bluebird/js/release/async.js.Async._drainQueues (http://localhost:37777/__cypress/runner/cypress_runner.js:162150:10)\n    at Async.drainQueues (http://localhost:37777/__cypress/runner/cypress_runner.js:162024:14)",
                "diff": null
              },
              "uuid": "87145c56-dca1-49c3-a81a-fc062c14b379",
              "parentUUID": "1d93e88f-045c-4968-875c-6d522fa70c6c",
              "isHook": false,
              "skipped": false
            },
            {
              "title": "Verifica se a cor de fundo de cada elemento da paleta é a cor que o elemento representa. **A única cor não permitida na paleta é a cor branca.**",
              "fullTitle": "2 - Adicione à página uma paleta de quatro cores distintas. Verifica se a cor de fundo de cada elemento da paleta é a cor que o elemento representa. **A única cor não permitida na paleta é a cor branca.**",
              "timedOut": null,
              "duration": 4243,
              "state": "failed",
              "speed": null,
              "pass": false,
              "fail": true,
              "pending": false,
              "context": null,
              "code": "cy.get('.color').each(function (color) {\n  cy.wrap(color).should('have.class', 'color').and('not.have.css', 'background-color', WHITE);\n  cy.wrap(color).should('have.css', 'background-color');\n});",
              "err": {
                "message": "CypressError: Timed out retrying: Expected to find element: '.color', but never found it.",
                "estack": "CypressError: Timed out retrying: Expected to find element: '.color', but never found it.\n    at cypressErr (http://localhost:37777/__cypress/runner/cypress_runner.js:149934:9)\n    at throwErr (http://localhost:37777/__cypress/runner/cypress_runner.js:149867:11)\n    at Object.throwErrByPath (http://localhost:37777/__cypress/runner/cypress_runner.js:149915:3)\n    at retry (http://localhost:37777/__cypress/runner/cypress_runner.js:144197:19)\n    at onFailFn (http://localhost:37777/__cypress/runner/cypress_runner.js:132448:16)\n    at tryCatcher (http://localhost:37777/__cypress/runner/cypress_runner.js:167415:23)\n    at Promise._settlePromiseFromHandler (http://localhost:37777/__cypress/runner/cypress_runner.js:165351:31)\n    at Promise._settlePromise (http://localhost:37777/__cypress/runner/cypress_runner.js:165408:18)\n    at Promise._settlePromise0 (http://localhost:37777/__cypress/runner/cypress_runner.js:165453:10)\n    at Promise._settlePromises (http://localhost:37777/__cypress/runner/cypress_runner.js:165528:18)\n    at Async../node_modules/bluebird/js/release/async.js.Async._drainQueue (http://localhost:37777/__cypress/runner/cypress_runner.js:162140:16)\n    at Async../node_modules/bluebird/js/release/async.js.Async._drainQueues (http://localhost:37777/__cypress/runner/cypress_runner.js:162150:10)\n    at Async.drainQueues (http://localhost:37777/__cypress/runner/cypress_runner.js:162024:14)",
                "diff": null
              },
              "uuid": "674e6420-a5fe-44a7-928f-d798335092a5",
              "parentUUID": "1d93e88f-045c-4968-875c-6d522fa70c6c",
              "isHook": false,
              "skipped": false
            },
            {
              "title": "Verifica se cada elemento da paleta de cores tem uma borda preta, sólida e com 1 pixel de largura;",
              "fullTitle": "2 - Adicione à página uma paleta de quatro cores distintas. Verifica se cada elemento da paleta de cores tem uma borda preta, sólida e com 1 pixel de largura;",
              "timedOut": null,
              "duration": 4283,
              "state": "failed",
              "speed": null,
              "pass": false,
              "fail": true,
              "pending": false,
              "context": null,
              "code": "cy.get('.color').each(function (color) {\n  cy.wrap(color).and('have.css', 'border', \"1px solid \".concat(BLACK)).and('have.class', 'color');\n});",
              "err": {
                "message": "CypressError: Timed out retrying: Expected to find element: '.color', but never found it.",
                "estack": "CypressError: Timed out retrying: Expected to find element: '.color', but never found it.\n    at cypressErr (http://localhost:37777/__cypress/runner/cypress_runner.js:149934:9)\n    at throwErr (http://localhost:37777/__cypress/runner/cypress_runner.js:149867:11)\n    at Object.throwErrByPath (http://localhost:37777/__cypress/runner/cypress_runner.js:149915:3)\n    at retry (http://localhost:37777/__cypress/runner/cypress_runner.js:144197:19)\n    at onFailFn (http://localhost:37777/__cypress/runner/cypress_runner.js:132448:16)\n    at tryCatcher (http://localhost:37777/__cypress/runner/cypress_runner.js:167415:23)\n    at Promise._settlePromiseFromHandler (http://localhost:37777/__cypress/runner/cypress_runner.js:165351:31)\n    at Promise._settlePromise (http://localhost:37777/__cypress/runner/cypress_runner.js:165408:18)\n    at Promise._settlePromise0 (http://localhost:37777/__cypress/runner/cypress_runner.js:165453:10)\n    at Promise._settlePromises (http://localhost:37777/__cypress/runner/cypress_runner.js:165528:18)\n    at Async../node_modules/bluebird/js/release/async.js.Async._drainQueue (http://localhost:37777/__cypress/runner/cypress_runner.js:162140:16)\n    at Async../node_modules/bluebird/js/release/async.js.Async._drainQueues (http://localhost:37777/__cypress/runner/cypress_runner.js:162150:10)\n    at Async.drainQueues (http://localhost:37777/__cypress/runner/cypress_runner.js:162024:14)",
                "diff": null
              },
              "uuid": "8cc2289d-06f7-4fd1-83fc-38cbbc6e6dbd",
              "parentUUID": "1d93e88f-045c-4968-875c-6d522fa70c6c",
              "isHook": false,
              "skipped": false
            },
            {
              "title": "Verifica se a paleta lista todas as cores disponíveis para utilização, lado a lado.",
              "fullTitle": "2 - Adicione à página uma paleta de quatro cores distintas. Verifica se a paleta lista todas as cores disponíveis para utilização, lado a lado.",
              "timedOut": null,
              "duration": 4258,
              "state": "failed",
              "speed": null,
              "pass": false,
              "fail": true,
              "pending": false,
              "context": null,
              "code": "cy.get('.color').then(function (colors) {\n  for (var index = 1; index < colors.length; index += 1) {\n    var currentColor = colors[index];\n    var previousColor = colors[index - 1];\n    cy.wrap(currentColor).should('be.onTheRightOf', previousColor).and('be.horizontallyAlignedWith', previousColor);\n  }\n});",
              "err": {
                "message": "CypressError: Timed out retrying: Expected to find element: '.color', but never found it.",
                "estack": "CypressError: Timed out retrying: Expected to find element: '.color', but never found it.\n    at cypressErr (http://localhost:37777/__cypress/runner/cypress_runner.js:149934:9)\n    at throwErr (http://localhost:37777/__cypress/runner/cypress_runner.js:149867:11)\n    at Object.throwErrByPath (http://localhost:37777/__cypress/runner/cypress_runner.js:149915:3)\n    at retry (http://localhost:37777/__cypress/runner/cypress_runner.js:144197:19)\n    at onFailFn (http://localhost:37777/__cypress/runner/cypress_runner.js:132448:16)\n    at tryCatcher (http://localhost:37777/__cypress/runner/cypress_runner.js:167415:23)\n    at Promise._settlePromiseFromHandler (http://localhost:37777/__cypress/runner/cypress_runner.js:165351:31)\n    at Promise._settlePromise (http://localhost:37777/__cypress/runner/cypress_runner.js:165408:18)\n    at Promise._settlePromise0 (http://localhost:37777/__cypress/runner/cypress_runner.js:165453:10)\n    at Promise._settlePromises (http://localhost:37777/__cypress/runner/cypress_runner.js:165528:18)\n    at Async../node_modules/bluebird/js/release/async.js.Async._drainQueue (http://localhost:37777/__cypress/runner/cypress_runner.js:162140:16)\n    at Async../node_modules/bluebird/js/release/async.js.Async._drainQueues (http://localhost:37777/__cypress/runner/cypress_runner.js:162150:10)\n    at Async.drainQueues (http://localhost:37777/__cypress/runner/cypress_runner.js:162024:14)",
                "diff": null
              },
              "uuid": "0ad70ac9-cc55-43ba-b85f-88bbcb1c4a05",
              "parentUUID": "1d93e88f-045c-4968-875c-6d522fa70c6c",
              "isHook": false,
              "skipped": false
            },
            {
              "title": "Verifica se a paleta de cores está posicionada abaixo do título 'Paleta de Cores'",
              "fullTitle": "2 - Adicione à página uma paleta de quatro cores distintas. Verifica se a paleta de cores está posicionada abaixo do título 'Paleta de Cores'",
              "timedOut": null,
              "duration": 4272,
              "state": "failed",
              "speed": null,
              "pass": false,
              "fail": true,
              "pending": false,
              "context": null,
              "code": "cy.get('h1#title').then(function (title) {\n  cy.get('#color-palette').should('be.belowOf', title);\n});",
              "err": {
                "message": "CypressError: Timed out retrying: Expected to find element: '#color-palette', but never found it.",
                "estack": "CypressError: Timed out retrying: Expected to find element: '#color-palette', but never found it.\n    at cypressErr (http://localhost:37777/__cypress/runner/cypress_runner.js:149934:9)\n    at throwErr (http://localhost:37777/__cypress/runner/cypress_runner.js:149867:11)\n    at Object.throwErrByPath (http://localhost:37777/__cypress/runner/cypress_runner.js:149915:3)\n    at retry (http://localhost:37777/__cypress/runner/cypress_runner.js:144197:19)\n    at onFailFn (http://localhost:37777/__cypress/runner/cypress_runner.js:132448:16)\n    at tryCatcher (http://localhost:37777/__cypress/runner/cypress_runner.js:167415:23)\n    at Promise._settlePromiseFromHandler (http://localhost:37777/__cypress/runner/cypress_runner.js:165351:31)\n    at Promise._settlePromise (http://localhost:37777/__cypress/runner/cypress_runner.js:165408:18)\n    at Promise._settlePromise0 (http://localhost:37777/__cypress/runner/cypress_runner.js:165453:10)\n    at Promise._settlePromises (http://localhost:37777/__cypress/runner/cypress_runner.js:165528:18)\n    at Async../node_modules/bluebird/js/release/async.js.Async._drainQueue (http://localhost:37777/__cypress/runner/cypress_runner.js:162140:16)\n    at Async../node_modules/bluebird/js/release/async.js.Async._drainQueues (http://localhost:37777/__cypress/runner/cypress_runner.js:162150:10)\n    at Async.drainQueues (http://localhost:37777/__cypress/runner/cypress_runner.js:162024:14)",
                "diff": null
              },
              "uuid": "f5efae7e-5387-4658-ad0b-b1997dcd6ed7",
              "parentUUID": "1d93e88f-045c-4968-875c-6d522fa70c6c",
              "isHook": false,
              "skipped": false
            },
            {
              "title": "Verifica se a paleta de cores não contém cores repetidas.",
              "fullTitle": "2 - Adicione à página uma paleta de quatro cores distintas. Verifica se a paleta de cores não contém cores repetidas.",
              "timedOut": null,
              "duration": 4274,
              "state": "failed",
              "speed": null,
              "pass": false,
              "fail": true,
              "pending": false,
              "context": null,
              "code": "cy.get('.color').then(function (colors) {\n  var allColors = Array.from(colors).map(function (color) {\n    return Cypress.$(color).css('background-color');\n  });\n  cy.log(allColors);\n  var uniqColors = (0, _toConsumableArray2[\"default\"])(new Set(allColors));\n  cy.log(uniqColors);\n  expect(allColors.length).to.eq(uniqColors.length);\n});",
              "err": {
                "message": "CypressError: Timed out retrying: Expected to find element: '.color', but never found it.",
                "estack": "CypressError: Timed out retrying: Expected to find element: '.color', but never found it.\n    at cypressErr (http://localhost:37777/__cypress/runner/cypress_runner.js:149934:9)\n    at throwErr (http://localhost:37777/__cypress/runner/cypress_runner.js:149867:11)\n    at Object.throwErrByPath (http://localhost:37777/__cypress/runner/cypress_runner.js:149915:3)\n    at retry (http://localhost:37777/__cypress/runner/cypress_runner.js:144197:19)\n    at onFailFn (http://localhost:37777/__cypress/runner/cypress_runner.js:132448:16)\n    at tryCatcher (http://localhost:37777/__cypress/runner/cypress_runner.js:167415:23)\n    at Promise._settlePromiseFromHandler (http://localhost:37777/__cypress/runner/cypress_runner.js:165351:31)\n    at Promise._settlePromise (http://localhost:37777/__cypress/runner/cypress_runner.js:165408:18)\n    at Promise._settlePromise0 (http://localhost:37777/__cypress/runner/cypress_runner.js:165453:10)\n    at Promise._settlePromises (http://localhost:37777/__cypress/runner/cypress_runner.js:165528:18)\n    at Async../node_modules/bluebird/js/release/async.js.Async._drainQueue (http://localhost:37777/__cypress/runner/cypress_runner.js:162140:16)\n    at Async../node_modules/bluebird/js/release/async.js.Async._drainQueues (http://localhost:37777/__cypress/runner/cypress_runner.js:162150:10)\n    at Async.drainQueues (http://localhost:37777/__cypress/runner/cypress_runner.js:162024:14)",
                "diff": null
              },
              "uuid": "9f42b5f9-aea4-407a-b81d-25cd49bfbe11",
              "parentUUID": "1d93e88f-045c-4968-875c-6d522fa70c6c",
              "isHook": false,
              "skipped": false
            }
          ],
          "suites": [],
          "passes": [],
          "failures": [
            "f04e1bfe-3179-47dc-a740-6094f413a372",
            "87145c56-dca1-49c3-a81a-fc062c14b379",
            "674e6420-a5fe-44a7-928f-d798335092a5",
            "8cc2289d-06f7-4fd1-83fc-38cbbc6e6dbd",
            "0ad70ac9-cc55-43ba-b85f-88bbcb1c4a05",
            "f5efae7e-5387-4658-ad0b-b1997dcd6ed7",
            "9f42b5f9-aea4-407a-b81d-25cd49bfbe11"
          ],
          "pending": [],
          "skipped": [],
          "duration": 29864,
          "root": false,
          "rootEmpty": false,
          "_timeout": 2000
        },
        {
          "uuid": "5ddd96a3-0d79-4258-a827-e51c935f943b",
          "title": "3 - Adicione a cor **preta** como a primeira cor da paleta de cores.",
          "fullFile": "",
          "file": "",
          "beforeHooks": [],
          "afterHooks": [],
          "tests": [
            {
              "title": "Verifica se a primeira cor da paleta é preta",
              "fullTitle": "3 - Adicione a cor **preta** como a primeira cor da paleta de cores. Verifica se a primeira cor da paleta é preta",
              "timedOut": null,
              "duration": 4302,
              "state": "failed",
              "speed": null,
              "pass": false,
              "fail": true,
              "pending": false,
              "context": null,
              "code": "cy.get('.color').first().should('have.css', 'background-color', BLACK);",
              "err": {
                "message": "CypressError: Timed out retrying: Expected to find element: '.color', but never found it.",
                "estack": "CypressError: Timed out retrying: Expected to find element: '.color', but never found it.\n    at cypressErr (http://localhost:37777/__cypress/runner/cypress_runner.js:149934:9)\n    at throwErr (http://localhost:37777/__cypress/runner/cypress_runner.js:149867:11)\n    at Object.throwErrByPath (http://localhost:37777/__cypress/runner/cypress_runner.js:149915:3)\n    at retry (http://localhost:37777/__cypress/runner/cypress_runner.js:144197:19)\n    at onFailFn (http://localhost:37777/__cypress/runner/cypress_runner.js:132448:16)\n    at tryCatcher (http://localhost:37777/__cypress/runner/cypress_runner.js:167415:23)\n    at Promise._settlePromiseFromHandler (http://localhost:37777/__cypress/runner/cypress_runner.js:165351:31)\n    at Promise._settlePromise (http://localhost:37777/__cypress/runner/cypress_runner.js:165408:18)\n    at Promise._settlePromise0 (http://localhost:37777/__cypress/runner/cypress_runner.js:165453:10)\n    at Promise._settlePromises (http://localhost:37777/__cypress/runner/cypress_runner.js:165528:18)\n    at Async../node_modules/bluebird/js/release/async.js.Async._drainQueue (http://localhost:37777/__cypress/runner/cypress_runner.js:162140:16)\n    at Async../node_modules/bluebird/js/release/async.js.Async._drainQueues (http://localhost:37777/__cypress/runner/cypress_runner.js:162150:10)\n    at Async.drainQueues (http://localhost:37777/__cypress/runner/cypress_runner.js:162024:14)",
                "diff": null
              },
              "uuid": "e962577c-68d9-444e-817f-88118ba89986",
              "parentUUID": "5ddd96a3-0d79-4258-a827-e51c935f943b",
              "isHook": false,
              "skipped": false
            },
            {
              "title": "Verifica se as demais cores podem ser escolhidas livremente.",
              "fullTitle": "3 - Adicione a cor **preta** como a primeira cor da paleta de cores. Verifica se as demais cores podem ser escolhidas livremente.",
              "timedOut": null,
              "duration": 4235,
              "state": "failed",
              "speed": null,
              "pass": false,
              "fail": true,
              "pending": false,
              "context": null,
              "code": "cy.get('.color').eq(1).should('not.have.css', 'background-color', BLACK);\ncy.get('.color').eq(1).should('not.have.css', 'background-color', WHITE);\ncy.get('.color').eq(1).should('not.have.css', 'background-color', 'rgba(0, 0, 0, 0)');\ncy.get('.color').eq(1).should('have.css', 'background-color');\ncy.get('.color').eq(2).should('not.have.css', 'background-color', BLACK);\ncy.get('.color').eq(2).should('not.have.css', 'background-color', WHITE);\ncy.get('.color').eq(2).should('not.have.css', 'background-color', 'rgba(0, 0, 0, 0)');\ncy.get('.color').eq(2).should('have.css', 'background-color');\ncy.get('.color').eq(3).should('not.have.css', 'background-color', BLACK);\ncy.get('.color').eq(3).should('not.have.css', 'background-color', WHITE);\ncy.get('.color').eq(3).should('not.have.css', 'background-color', 'rgba(0, 0, 0, 0)');\ncy.get('.color').eq(3).should('have.css', 'background-color');",
              "err": {
                "message": "CypressError: Timed out retrying: Expected to find element: '.color', but never found it.",
                "estack": "CypressError: Timed out retrying: Expected to find element: '.color', but never found it.\n    at cypressErr (http://localhost:37777/__cypress/runner/cypress_runner.js:149934:9)\n    at throwErr (http://localhost:37777/__cypress/runner/cypress_runner.js:149867:11)\n    at Object.throwErrByPath (http://localhost:37777/__cypress/runner/cypress_runner.js:149915:3)\n    at retry (http://localhost:37777/__cypress/runner/cypress_runner.js:144197:19)\n    at onFailFn (http://localhost:37777/__cypress/runner/cypress_runner.js:132448:16)\n    at tryCatcher (http://localhost:37777/__cypress/runner/cypress_runner.js:167415:23)\n    at Promise._settlePromiseFromHandler (http://localhost:37777/__cypress/runner/cypress_runner.js:165351:31)\n    at Promise._settlePromise (http://localhost:37777/__cypress/runner/cypress_runner.js:165408:18)\n    at Promise._settlePromise0 (http://localhost:37777/__cypress/runner/cypress_runner.js:165453:10)\n    at Promise._settlePromises (http://localhost:37777/__cypress/runner/cypress_runner.js:165528:18)\n    at Async../node_modules/bluebird/js/release/async.js.Async._drainQueue (http://localhost:37777/__cypress/runner/cypress_runner.js:162140:16)\n    at Async../node_modules/bluebird/js/release/async.js.Async._drainQueues (http://localhost:37777/__cypress/runner/cypress_runner.js:162150:10)\n    at Async.drainQueues (http://localhost:37777/__cypress/runner/cypress_runner.js:162024:14)",
                "diff": null
              },
              "uuid": "eaf0d3cc-ff08-4e5c-9136-bf80697328c0",
              "parentUUID": "5ddd96a3-0d79-4258-a827-e51c935f943b",
              "isHook": false,
              "skipped": false
            }
          ],
          "suites": [],
          "passes": [],
          "failures": [
            "e962577c-68d9-444e-817f-88118ba89986",
            "eaf0d3cc-ff08-4e5c-9136-bf80697328c0"
          ],
          "pending": [],
          "skipped": [],
          "duration": 8537,
          "root": false,
          "rootEmpty": false,
          "_timeout": 2000
        },
        {
          "uuid": "ae504521-02b7-4986-b6c8-de7142296801",
          "title": "4 - Adicione à página um quadro de pixels, com 25 pixels.",
          "fullFile": "",
          "file": "",
          "beforeHooks": [],
          "afterHooks": [],
          "tests": [
            {
              "title": "Verifica se o quadro de pixels possui o `id` denominado `pixel-board`",
              "fullTitle": "4 - Adicione à página um quadro de pixels, com 25 pixels. Verifica se o quadro de pixels possui o `id` denominado `pixel-board`",
              "timedOut": null,
              "duration": 4298,
              "state": "failed",
              "speed": null,
              "pass": false,
              "fail": true,
              "pending": false,
              "context": null,
              "code": "cy.get('#pixel-board').should('be.visible');",
              "err": {
                "message": "CypressError: Timed out retrying: Expected to find element: '#pixel-board', but never found it.",
                "estack": "CypressError: Timed out retrying: Expected to find element: '#pixel-board', but never found it.\n    at cypressErr (http://localhost:37777/__cypress/runner/cypress_runner.js:149934:9)\n    at throwErr (http://localhost:37777/__cypress/runner/cypress_runner.js:149867:11)\n    at Object.throwErrByPath (http://localhost:37777/__cypress/runner/cypress_runner.js:149915:3)\n    at retry (http://localhost:37777/__cypress/runner/cypress_runner.js:144197:19)\n    at onFailFn (http://localhost:37777/__cypress/runner/cypress_runner.js:132448:16)\n    at tryCatcher (http://localhost:37777/__cypress/runner/cypress_runner.js:167415:23)\n    at Promise._settlePromiseFromHandler (http://localhost:37777/__cypress/runner/cypress_runner.js:165351:31)\n    at Promise._settlePromise (http://localhost:37777/__cypress/runner/cypress_runner.js:165408:18)\n    at Promise._settlePromise0 (http://localhost:37777/__cypress/runner/cypress_runner.js:165453:10)\n    at Promise._settlePromises (http://localhost:37777/__cypress/runner/cypress_runner.js:165528:18)\n    at Async../node_modules/bluebird/js/release/async.js.Async._drainQueue (http://localhost:37777/__cypress/runner/cypress_runner.js:162140:16)\n    at Async../node_modules/bluebird/js/release/async.js.Async._drainQueues (http://localhost:37777/__cypress/runner/cypress_runner.js:162150:10)\n    at Async.drainQueues (http://localhost:37777/__cypress/runner/cypress_runner.js:162024:14)",
                "diff": null
              },
              "uuid": "bbad6eeb-3cb6-4d5f-826b-3903f8d7ec50",
              "parentUUID": "ae504521-02b7-4986-b6c8-de7142296801",
              "isHook": false,
              "skipped": false
            },
            {
              "title": "Verifica se cada pixel individual dentro do quadro possui a `classe` denominada `pixel`.",
              "fullTitle": "4 - Adicione à página um quadro de pixels, com 25 pixels. Verifica se cada pixel individual dentro do quadro possui a `classe` denominada `pixel`.",
              "timedOut": null,
              "duration": 4266,
              "state": "failed",
              "speed": null,
              "pass": false,
              "fail": true,
              "pending": false,
              "context": null,
              "code": "cy.get('.pixel').should('have.length', 25);",
              "err": {
                "message": "CypressError: Timed out retrying: Expected to find element: '.pixel', but never found it.",
                "estack": "CypressError: Timed out retrying: Expected to find element: '.pixel', but never found it.\n    at cypressErr (http://localhost:37777/__cypress/runner/cypress_runner.js:149934:9)\n    at throwErr (http://localhost:37777/__cypress/runner/cypress_runner.js:149867:11)\n    at Object.throwErrByPath (http://localhost:37777/__cypress/runner/cypress_runner.js:149915:3)\n    at retry (http://localhost:37777/__cypress/runner/cypress_runner.js:144197:19)\n    at onFailFn (http://localhost:37777/__cypress/runner/cypress_runner.js:132448:16)\n    at tryCatcher (http://localhost:37777/__cypress/runner/cypress_runner.js:167415:23)\n    at Promise._settlePromiseFromHandler (http://localhost:37777/__cypress/runner/cypress_runner.js:165351:31)\n    at Promise._settlePromise (http://localhost:37777/__cypress/runner/cypress_runner.js:165408:18)\n    at Promise._settlePromise0 (http://localhost:37777/__cypress/runner/cypress_runner.js:165453:10)\n    at Promise._settlePromises (http://localhost:37777/__cypress/runner/cypress_runner.js:165528:18)\n    at Async../node_modules/bluebird/js/release/async.js.Async._drainQueue (http://localhost:37777/__cypress/runner/cypress_runner.js:162140:16)\n    at Async../node_modules/bluebird/js/release/async.js.Async._drainQueues (http://localhost:37777/__cypress/runner/cypress_runner.js:162150:10)\n    at Async.drainQueues (http://localhost:37777/__cypress/runner/cypress_runner.js:162024:14)",
                "diff": null
              },
              "uuid": "9c7e6d34-177b-464b-8c48-3a2084258f83",
              "parentUUID": "ae504521-02b7-4986-b6c8-de7142296801",
              "isHook": false,
              "skipped": false
            },
            {
              "title": "Verifica se a cor inicial dos pixels dentro do quadro, ao abrir a página, é branca.",
              "fullTitle": "4 - Adicione à página um quadro de pixels, com 25 pixels. Verifica se a cor inicial dos pixels dentro do quadro, ao abrir a página, é branca.",
              "timedOut": null,
              "duration": 4326,
              "state": "failed",
              "speed": null,
              "pass": false,
              "fail": true,
              "pending": false,
              "context": null,
              "code": "cy.get('.pixel').should('have.length', 25).each(function (pixel) {\n  expect(pixel).to.have.css('background-color', WHITE);\n});",
              "err": {
                "message": "CypressError: Timed out retrying: Expected to find element: '.pixel', but never found it.",
                "estack": "CypressError: Timed out retrying: Expected to find element: '.pixel', but never found it.\n    at cypressErr (http://localhost:37777/__cypress/runner/cypress_runner.js:149934:9)\n    at throwErr (http://localhost:37777/__cypress/runner/cypress_runner.js:149867:11)\n    at Object.throwErrByPath (http://localhost:37777/__cypress/runner/cypress_runner.js:149915:3)\n    at retry (http://localhost:37777/__cypress/runner/cypress_runner.js:144197:19)\n    at onFailFn (http://localhost:37777/__cypress/runner/cypress_runner.js:132448:16)\n    at tryCatcher (http://localhost:37777/__cypress/runner/cypress_runner.js:167415:23)\n    at Promise._settlePromiseFromHandler (http://localhost:37777/__cypress/runner/cypress_runner.js:165351:31)\n    at Promise._settlePromise (http://localhost:37777/__cypress/runner/cypress_runner.js:165408:18)\n    at Promise._settlePromise0 (http://localhost:37777/__cypress/runner/cypress_runner.js:165453:10)\n    at Promise._settlePromises (http://localhost:37777/__cypress/runner/cypress_runner.js:165528:18)\n    at Async../node_modules/bluebird/js/release/async.js.Async._drainQueue (http://localhost:37777/__cypress/runner/cypress_runner.js:162140:16)\n    at Async../node_modules/bluebird/js/release/async.js.Async._drainQueues (http://localhost:37777/__cypress/runner/cypress_runner.js:162150:10)\n    at Async.drainQueues (http://localhost:37777/__cypress/runner/cypress_runner.js:162024:14)",
                "diff": null
              },
              "uuid": "7b86ac4c-4a53-47cf-8a58-73c535f0be6a",
              "parentUUID": "ae504521-02b7-4986-b6c8-de7142296801",
              "isHook": false,
              "skipped": false
            },
            {
              "title": "Verifica se o quadro de pixels aparece abaixo da paleta de cores",
              "fullTitle": "4 - Adicione à página um quadro de pixels, com 25 pixels. Verifica se o quadro de pixels aparece abaixo da paleta de cores",
              "timedOut": null,
              "duration": 4261,
              "state": "failed",
              "speed": null,
              "pass": false,
              "fail": true,
              "pending": false,
              "context": null,
              "code": "cy.get('#color-palette').then(function (palette) {\n  cy.get('#pixel-board').should('be.belowOf', palette);\n});",
              "err": {
                "message": "CypressError: Timed out retrying: Expected to find element: '#color-palette', but never found it.",
                "estack": "CypressError: Timed out retrying: Expected to find element: '#color-palette', but never found it.\n    at cypressErr (http://localhost:37777/__cypress/runner/cypress_runner.js:149934:9)\n    at throwErr (http://localhost:37777/__cypress/runner/cypress_runner.js:149867:11)\n    at Object.throwErrByPath (http://localhost:37777/__cypress/runner/cypress_runner.js:149915:3)\n    at retry (http://localhost:37777/__cypress/runner/cypress_runner.js:144197:19)\n    at onFailFn (http://localhost:37777/__cypress/runner/cypress_runner.js:132448:16)\n    at tryCatcher (http://localhost:37777/__cypress/runner/cypress_runner.js:167415:23)\n    at Promise._settlePromiseFromHandler (http://localhost:37777/__cypress/runner/cypress_runner.js:165351:31)\n    at Promise._settlePromise (http://localhost:37777/__cypress/runner/cypress_runner.js:165408:18)\n    at Promise._settlePromise0 (http://localhost:37777/__cypress/runner/cypress_runner.js:165453:10)\n    at Promise._settlePromises (http://localhost:37777/__cypress/runner/cypress_runner.js:165528:18)\n    at Async../node_modules/bluebird/js/release/async.js.Async._drainQueue (http://localhost:37777/__cypress/runner/cypress_runner.js:162140:16)\n    at Async../node_modules/bluebird/js/release/async.js.Async._drainQueues (http://localhost:37777/__cypress/runner/cypress_runner.js:162150:10)\n    at Async.drainQueues (http://localhost:37777/__cypress/runner/cypress_runner.js:162024:14)",
                "diff": null
              },
              "uuid": "f8e415d6-0680-4e2f-8f8f-f380158e0c5a",
              "parentUUID": "ae504521-02b7-4986-b6c8-de7142296801",
              "isHook": false,
              "skipped": false
            }
          ],
          "suites": [],
          "passes": [],
          "failures": [
            "bbad6eeb-3cb6-4d5f-826b-3903f8d7ec50",
            "9c7e6d34-177b-464b-8c48-3a2084258f83",
            "7b86ac4c-4a53-47cf-8a58-73c535f0be6a",
            "f8e415d6-0680-4e2f-8f8f-f380158e0c5a"
          ],
          "pending": [],
          "skipped": [],
          "duration": 17151,
          "root": false,
          "rootEmpty": false,
          "_timeout": 2000
        },
        {
          "uuid": "a221cf3f-7fb5-4d63-84e9-fa96c4471a9d",
          "title": "5 - Faça com que cada elemento do quadro de pixels possua 40 pixels de largura, 40 pixels de altura e seja delimitado por uma borda preta de 1 pixel.",
          "fullFile": "",
          "file": "",
          "beforeHooks": [],
          "afterHooks": [],
          "tests": [
            {
              "title": "Verifica se o quadro de pixels tem altura e comprimento de 5 elementos",
              "fullTitle": "5 - Faça com que cada elemento do quadro de pixels possua 40 pixels de largura, 40 pixels de altura e seja delimitado por uma borda preta de 1 pixel. Verifica se o quadro de pixels tem altura e comprimento de 5 elementos",
              "timedOut": null,
              "duration": 4265,
              "state": "failed",
              "speed": null,
              "pass": false,
              "fail": true,
              "pending": false,
              "context": null,
              "code": "cy.get('.pixel').should('have.length', 25).each(function (pixel) {\n  expect(pixel).to.have.css('background-color', WHITE);\n}).and(function (pixels) {\n  var rows = chunk(pixels, 5);\n  rows.forEach(function (row) {\n    for (var index = 1; index < row.length; index += 1) {\n      var current = pixels[index];\n      var previous = pixels[index - 1];\n      cy.wrap(current).should('be.onTheRightOf', previous).and('be.horizontallyAlignedWith', previous);\n    }\n  });\n  for (var index = 1; index < 5; index += 1) {\n    expect(pixels[index * 5]).to.be.belowOf(pixels[(index - 1) * 5]);\n  }\n});",
              "err": {
                "message": "CypressError: Timed out retrying: Expected to find element: '.pixel', but never found it.",
                "estack": "CypressError: Timed out retrying: Expected to find element: '.pixel', but never found it.\n    at cypressErr (http://localhost:37777/__cypress/runner/cypress_runner.js:149934:9)\n    at throwErr (http://localhost:37777/__cypress/runner/cypress_runner.js:149867:11)\n    at Object.throwErrByPath (http://localhost:37777/__cypress/runner/cypress_runner.js:149915:3)\n    at retry (http://localhost:37777/__cypress/runner/cypress_runner.js:144197:19)\n    at onFailFn (http://localhost:37777/__cypress/runner/cypress_runner.js:132448:16)\n    at tryCatcher (http://localhost:37777/__cypress/runner/cypress_runner.js:167415:23)\n    at Promise._settlePromiseFromHandler (http://localhost:37777/__cypress/runner/cypress_runner.js:165351:31)\n    at Promise._settlePromise (http://localhost:37777/__cypress/runner/cypress_runner.js:165408:18)\n    at Promise._settlePromise0 (http://localhost:37777/__cypress/runner/cypress_runner.js:165453:10)\n    at Promise._settlePromises (http://localhost:37777/__cypress/runner/cypress_runner.js:165528:18)\n    at Async../node_modules/bluebird/js/release/async.js.Async._drainQueue (http://localhost:37777/__cypress/runner/cypress_runner.js:162140:16)\n    at Async../node_modules/bluebird/js/release/async.js.Async._drainQueues (http://localhost:37777/__cypress/runner/cypress_runner.js:162150:10)\n    at Async.drainQueues (http://localhost:37777/__cypress/runner/cypress_runner.js:162024:14)",
                "diff": null
              },
              "uuid": "4541d4ed-c794-4eb7-8e69-0511b7d2da91",
              "parentUUID": "a221cf3f-7fb5-4d63-84e9-fa96c4471a9d",
              "isHook": false,
              "skipped": false
            },
            {
              "title": "Verifica se 40 pixels é o tamanho total do elemento, incluindo seu conteúdo e excluindo a borda preta, que deve ser criada à parte.",
              "fullTitle": "5 - Faça com que cada elemento do quadro de pixels possua 40 pixels de largura, 40 pixels de altura e seja delimitado por uma borda preta de 1 pixel. Verifica se 40 pixels é o tamanho total do elemento, incluindo seu conteúdo e excluindo a borda preta, que deve ser criada à parte.",
              "timedOut": null,
              "duration": 4301,
              "state": "failed",
              "speed": null,
              "pass": false,
              "fail": true,
              "pending": false,
              "context": null,
              "code": "cy.get('.pixel').each(function (pixel) {\n  cy.wrap(pixel).should('have.css', 'height', '40px').and('have.css', 'width', '40px').and('have.css', 'border', \"1px solid \".concat(BLACK));\n});",
              "err": {
                "message": "CypressError: Timed out retrying: Expected to find element: '.pixel', but never found it.",
                "estack": "CypressError: Timed out retrying: Expected to find element: '.pixel', but never found it.\n    at cypressErr (http://localhost:37777/__cypress/runner/cypress_runner.js:149934:9)\n    at throwErr (http://localhost:37777/__cypress/runner/cypress_runner.js:149867:11)\n    at Object.throwErrByPath (http://localhost:37777/__cypress/runner/cypress_runner.js:149915:3)\n    at retry (http://localhost:37777/__cypress/runner/cypress_runner.js:144197:19)\n    at onFailFn (http://localhost:37777/__cypress/runner/cypress_runner.js:132448:16)\n    at tryCatcher (http://localhost:37777/__cypress/runner/cypress_runner.js:167415:23)\n    at Promise._settlePromiseFromHandler (http://localhost:37777/__cypress/runner/cypress_runner.js:165351:31)\n    at Promise._settlePromise (http://localhost:37777/__cypress/runner/cypress_runner.js:165408:18)\n    at Promise._settlePromise0 (http://localhost:37777/__cypress/runner/cypress_runner.js:165453:10)\n    at Promise._settlePromises (http://localhost:37777/__cypress/runner/cypress_runner.js:165528:18)\n    at Async../node_modules/bluebird/js/release/async.js.Async._drainQueue (http://localhost:37777/__cypress/runner/cypress_runner.js:162140:16)\n    at Async../node_modules/bluebird/js/release/async.js.Async._drainQueues (http://localhost:37777/__cypress/runner/cypress_runner.js:162150:10)\n    at Async.drainQueues (http://localhost:37777/__cypress/runner/cypress_runner.js:162024:14)",
                "diff": null
              },
              "uuid": "d3891fe5-2bde-411f-9515-b30854c11dc1",
              "parentUUID": "a221cf3f-7fb5-4d63-84e9-fa96c4471a9d",
              "isHook": false,
              "skipped": false
            }
          ],
          "suites": [],
          "passes": [],
          "failures": [
            "4541d4ed-c794-4eb7-8e69-0511b7d2da91",
            "d3891fe5-2bde-411f-9515-b30854c11dc1"
          ],
          "pending": [],
          "skipped": [],
          "duration": 8566,
          "root": false,
          "rootEmpty": false,
          "_timeout": 2000
        },
        {
          "uuid": "561b527b-ca91-4bbf-9c45-562d0286e899",
          "title": "6 - Defina a cor preta como cor inicial. Ao carregar a página a cor preta já deve estar selecionada para pintar os pixels",
          "fullFile": "",
          "file": "",
          "beforeHooks": [],
          "afterHooks": [],
          "tests": [
            {
              "title": "Verifica se o elemento da cor preta possui, inicialmente, a `classe` `selected`",
              "fullTitle": "6 - Defina a cor preta como cor inicial. Ao carregar a página a cor preta já deve estar selecionada para pintar os pixels Verifica se o elemento da cor preta possui, inicialmente, a `classe` `selected`",
              "timedOut": null,
              "duration": 4324,
              "state": "failed",
              "speed": null,
              "pass": false,
              "fail": true,
              "pending": false,
              "context": null,
              "code": "cy.get('.selected').first().should('have.css', 'background-color', BLACK);",
              "err": {
                "message": "CypressError: Timed out retrying: Expected to find element: '.selected', but never found it.",
                "estack": "CypressError: Timed out retrying: Expected to find element: '.selected', but never found it.\n    at cypressErr (http://localhost:37777/__cypress/runner/cypress_runner.js:149934:9)\n    at throwErr (http://localhost:37777/__cypress/runner/cypress_runner.js:149867:11)\n    at Object.throwErrByPath (http://localhost:37777/__cypress/runner/cypress_runner.js:149915:3)\n    at retry (http://localhost:37777/__cypress/runner/cypress_runner.js:144197:19)\n    at onFailFn (http://localhost:37777/__cypress/runner/cypress_runner.js:132448:16)\n    at tryCatcher (http://localhost:37777/__cypress/runner/cypress_runner.js:167415:23)\n    at Promise._settlePromiseFromHandler (http://localhost:37777/__cypress/runner/cypress_runner.js:165351:31)\n    at Promise._settlePromise (http://localhost:37777/__cypress/runner/cypress_runner.js:165408:18)\n    at Promise._settlePromise0 (http://localhost:37777/__cypress/runner/cypress_runner.js:165453:10)\n    at Promise._settlePromises (http://localhost:37777/__cypress/runner/cypress_runner.js:165528:18)\n    at Async../node_modules/bluebird/js/release/async.js.Async._drainQueue (http://localhost:37777/__cypress/runner/cypress_runner.js:162140:16)\n    at Async../node_modules/bluebird/js/release/async.js.Async._drainQueues (http://localhost:37777/__cypress/runner/cypress_runner.js:162150:10)\n    at Async.drainQueues (http://localhost:37777/__cypress/runner/cypress_runner.js:162024:14)",
                "diff": null
              },
              "uuid": "8f879ad9-c251-4fea-bef0-ac83f59992e8",
              "parentUUID": "561b527b-ca91-4bbf-9c45-562d0286e899",
              "isHook": false,
              "skipped": false
            },
            {
              "title": "Verifica se nenhuma outra cor da paleta tem a `classe` `selected`",
              "fullTitle": "6 - Defina a cor preta como cor inicial. Ao carregar a página a cor preta já deve estar selecionada para pintar os pixels Verifica se nenhuma outra cor da paleta tem a `classe` `selected`",
              "timedOut": null,
              "duration": 4273,
              "state": "failed",
              "speed": null,
              "pass": false,
              "fail": true,
              "pending": false,
              "context": null,
              "code": "cy.get('.color:not(:first-child)').each(function (color) {\n  cy.wrap(color).should('not.have.class', 'selected');\n});",
              "err": {
                "message": "CypressError: Timed out retrying: Expected to find element: '.color:not(:first-child)', but never found it.",
                "estack": "CypressError: Timed out retrying: Expected to find element: '.color:not(:first-child)', but never found it.\n    at cypressErr (http://localhost:37777/__cypress/runner/cypress_runner.js:149934:9)\n    at throwErr (http://localhost:37777/__cypress/runner/cypress_runner.js:149867:11)\n    at Object.throwErrByPath (http://localhost:37777/__cypress/runner/cypress_runner.js:149915:3)\n    at retry (http://localhost:37777/__cypress/runner/cypress_runner.js:144197:19)\n    at onFailFn (http://localhost:37777/__cypress/runner/cypress_runner.js:132448:16)\n    at tryCatcher (http://localhost:37777/__cypress/runner/cypress_runner.js:167415:23)\n    at Promise._settlePromiseFromHandler (http://localhost:37777/__cypress/runner/cypress_runner.js:165351:31)\n    at Promise._settlePromise (http://localhost:37777/__cypress/runner/cypress_runner.js:165408:18)\n    at Promise._settlePromise0 (http://localhost:37777/__cypress/runner/cypress_runner.js:165453:10)\n    at Promise._settlePromises (http://localhost:37777/__cypress/runner/cypress_runner.js:165528:18)\n    at Async../node_modules/bluebird/js/release/async.js.Async._drainQueue (http://localhost:37777/__cypress/runner/cypress_runner.js:162140:16)\n    at Async../node_modules/bluebird/js/release/async.js.Async._drainQueues (http://localhost:37777/__cypress/runner/cypress_runner.js:162150:10)\n    at Async.drainQueues (http://localhost:37777/__cypress/runner/cypress_runner.js:162024:14)",
                "diff": null
              },
              "uuid": "b7fecad6-48a2-4235-9835-278081a3cd5b",
              "parentUUID": "561b527b-ca91-4bbf-9c45-562d0286e899",
              "isHook": false,
              "skipped": false
            }
          ],
          "suites": [],
          "passes": [],
          "failures": [
            "8f879ad9-c251-4fea-bef0-ac83f59992e8",
            "b7fecad6-48a2-4235-9835-278081a3cd5b"
          ],
          "pending": [],
          "skipped": [],
          "duration": 8597,
          "root": false,
          "rootEmpty": false,
          "_timeout": 2000
        },
        {
          "uuid": "139a82cc-8878-4264-866f-3b98cc6b47b0",
          "title": "7 - Clicar em uma das cores da paleta, faz com que ela seja selecionada e utilizada para preencher os pixels no quadro.",
          "fullFile": "",
          "file": "",
          "beforeHooks": [],
          "afterHooks": [],
          "tests": [
            {
              "title": "Verifica se somente uma cor da paleta de cores tem a classe `selected` de cada vez",
              "fullTitle": "7 - Clicar em uma das cores da paleta, faz com que ela seja selecionada e utilizada para preencher os pixels no quadro. Verifica se somente uma cor da paleta de cores tem a classe `selected` de cada vez",
              "timedOut": null,
              "duration": 4279,
              "state": "failed",
              "speed": null,
              "pass": false,
              "fail": true,
              "pending": false,
              "context": null,
              "code": "cy.get('.color').each(function (selectedColor, selectedColorIndex) {\n  cy.wrap(selectedColor).click();\n  cy.get('.color').each(function (color, colorIndex) {\n    if (colorIndex === selectedColorIndex) {\n      expect(color).to.have[\"class\"]('selected');\n    } else {\n      expect(color).not.to.have[\"class\"]('selected');\n    }\n  });\n});",
              "err": {
                "message": "CypressError: Timed out retrying: Expected to find element: '.color', but never found it.",
                "estack": "CypressError: Timed out retrying: Expected to find element: '.color', but never found it.\n    at cypressErr (http://localhost:37777/__cypress/runner/cypress_runner.js:149934:9)\n    at throwErr (http://localhost:37777/__cypress/runner/cypress_runner.js:149867:11)\n    at Object.throwErrByPath (http://localhost:37777/__cypress/runner/cypress_runner.js:149915:3)\n    at retry (http://localhost:37777/__cypress/runner/cypress_runner.js:144197:19)\n    at onFailFn (http://localhost:37777/__cypress/runner/cypress_runner.js:132448:16)\n    at tryCatcher (http://localhost:37777/__cypress/runner/cypress_runner.js:167415:23)\n    at Promise._settlePromiseFromHandler (http://localhost:37777/__cypress/runner/cypress_runner.js:165351:31)\n    at Promise._settlePromise (http://localhost:37777/__cypress/runner/cypress_runner.js:165408:18)\n    at Promise._settlePromise0 (http://localhost:37777/__cypress/runner/cypress_runner.js:165453:10)\n    at Promise._settlePromises (http://localhost:37777/__cypress/runner/cypress_runner.js:165528:18)\n    at Async../node_modules/bluebird/js/release/async.js.Async._drainQueue (http://localhost:37777/__cypress/runner/cypress_runner.js:162140:16)\n    at Async../node_modules/bluebird/js/release/async.js.Async._drainQueues (http://localhost:37777/__cypress/runner/cypress_runner.js:162150:10)\n    at Async.drainQueues (http://localhost:37777/__cypress/runner/cypress_runner.js:162024:14)",
                "diff": null
              },
              "uuid": "e9a351bc-ec05-42bc-89f6-37e9e29a49a7",
              "parentUUID": "139a82cc-8878-4264-866f-3b98cc6b47b0",
              "isHook": false,
              "skipped": false
            },
            {
              "title": "Verifica se os pixels dentro do quadro não têm a classe `selected` quando são clicados",
              "fullTitle": "7 - Clicar em uma das cores da paleta, faz com que ela seja selecionada e utilizada para preencher os pixels no quadro. Verifica se os pixels dentro do quadro não têm a classe `selected` quando são clicados",
              "timedOut": null,
              "duration": 4290,
              "state": "failed",
              "speed": null,
              "pass": false,
              "fail": true,
              "pending": false,
              "context": null,
              "code": "cy.get('.color').each(function (color) {\n  var backgroundColor = color.css('background-color');\n  cy.wrap(color).click();\n  cy.get('.pixel').each(function (pixel) {\n    cy.wrap(pixel).click().should('not.have.class', 'selected');\n  });\n});",
              "err": {
                "message": "CypressError: Timed out retrying: Expected to find element: '.color', but never found it.",
                "estack": "CypressError: Timed out retrying: Expected to find element: '.color', but never found it.\n    at cypressErr (http://localhost:37777/__cypress/runner/cypress_runner.js:149934:9)\n    at throwErr (http://localhost:37777/__cypress/runner/cypress_runner.js:149867:11)\n    at Object.throwErrByPath (http://localhost:37777/__cypress/runner/cypress_runner.js:149915:3)\n    at retry (http://localhost:37777/__cypress/runner/cypress_runner.js:144197:19)\n    at onFailFn (http://localhost:37777/__cypress/runner/cypress_runner.js:132448:16)\n    at tryCatcher (http://localhost:37777/__cypress/runner/cypress_runner.js:167415:23)\n    at Promise._settlePromiseFromHandler (http://localhost:37777/__cypress/runner/cypress_runner.js:165351:31)\n    at Promise._settlePromise (http://localhost:37777/__cypress/runner/cypress_runner.js:165408:18)\n    at Promise._settlePromise0 (http://localhost:37777/__cypress/runner/cypress_runner.js:165453:10)\n    at Promise._settlePromises (http://localhost:37777/__cypress/runner/cypress_runner.js:165528:18)\n    at Async../node_modules/bluebird/js/release/async.js.Async._drainQueue (http://localhost:37777/__cypress/runner/cypress_runner.js:162140:16)\n    at Async../node_modules/bluebird/js/release/async.js.Async._drainQueues (http://localhost:37777/__cypress/runner/cypress_runner.js:162150:10)\n    at Async.drainQueues (http://localhost:37777/__cypress/runner/cypress_runner.js:162024:14)",
                "diff": null
              },
              "uuid": "49c5fa02-4aed-4d87-9d69-639a8e0f91f8",
              "parentUUID": "139a82cc-8878-4264-866f-3b98cc6b47b0",
              "isHook": false,
              "skipped": false
            }
          ],
          "suites": [],
          "passes": [],
          "failures": [
            "e9a351bc-ec05-42bc-89f6-37e9e29a49a7",
            "49c5fa02-4aed-4d87-9d69-639a8e0f91f8"
          ],
          "pending": [],
          "skipped": [],
          "duration": 8569,
          "root": false,
          "rootEmpty": false,
          "_timeout": 2000
        },
        {
          "uuid": "c087a505-fc59-4105-8196-378f5111ad9b",
          "title": "8 - Clicar em um pixel dentro do quadro após selecionar uma cor na paleta, faz com que o pixel seja preenchido com a cor selecionada.",
          "fullFile": "",
          "file": "",
          "beforeHooks": [],
          "afterHooks": [],
          "tests": [
            {
              "title": "Verifica se ao carregar a página deve ser possível pintar os pixels de preto",
              "fullTitle": "8 - Clicar em um pixel dentro do quadro após selecionar uma cor na paleta, faz com que o pixel seja preenchido com a cor selecionada. Verifica se ao carregar a página deve ser possível pintar os pixels de preto",
              "timedOut": null,
              "duration": 4237,
              "state": "failed",
              "speed": null,
              "pass": false,
              "fail": true,
              "pending": false,
              "context": null,
              "code": "cy.get('.pixel').each(function (pixel) {\n  cy.wrap(pixel).click().should('have.css', 'background-color', BLACK);\n});",
              "err": {
                "message": "CypressError: Timed out retrying: Expected to find element: '.pixel', but never found it.",
                "estack": "CypressError: Timed out retrying: Expected to find element: '.pixel', but never found it.\n    at cypressErr (http://localhost:37777/__cypress/runner/cypress_runner.js:149934:9)\n    at throwErr (http://localhost:37777/__cypress/runner/cypress_runner.js:149867:11)\n    at Object.throwErrByPath (http://localhost:37777/__cypress/runner/cypress_runner.js:149915:3)\n    at retry (http://localhost:37777/__cypress/runner/cypress_runner.js:144197:19)\n    at onFailFn (http://localhost:37777/__cypress/runner/cypress_runner.js:132448:16)\n    at tryCatcher (http://localhost:37777/__cypress/runner/cypress_runner.js:167415:23)\n    at Promise._settlePromiseFromHandler (http://localhost:37777/__cypress/runner/cypress_runner.js:165351:31)\n    at Promise._settlePromise (http://localhost:37777/__cypress/runner/cypress_runner.js:165408:18)\n    at Promise._settlePromise0 (http://localhost:37777/__cypress/runner/cypress_runner.js:165453:10)\n    at Promise._settlePromises (http://localhost:37777/__cypress/runner/cypress_runner.js:165528:18)\n    at Async../node_modules/bluebird/js/release/async.js.Async._drainQueue (http://localhost:37777/__cypress/runner/cypress_runner.js:162140:16)\n    at Async../node_modules/bluebird/js/release/async.js.Async._drainQueues (http://localhost:37777/__cypress/runner/cypress_runner.js:162150:10)\n    at Async.drainQueues (http://localhost:37777/__cypress/runner/cypress_runner.js:162024:14)",
                "diff": null
              },
              "uuid": "2117b6f6-5993-42c0-8baa-92df5076513d",
              "parentUUID": "c087a505-fc59-4105-8196-378f5111ad9b",
              "isHook": false,
              "skipped": false
            },
            {
              "title": "Verifica se após selecionar uma outra cor na paleta, é possível pintar os pixels com essa cor",
              "fullTitle": "8 - Clicar em um pixel dentro do quadro após selecionar uma cor na paleta, faz com que o pixel seja preenchido com a cor selecionada. Verifica se após selecionar uma outra cor na paleta, é possível pintar os pixels com essa cor",
              "timedOut": null,
              "duration": 4264,
              "state": "failed",
              "speed": null,
              "pass": false,
              "fail": true,
              "pending": false,
              "context": null,
              "code": "cy.get('.color').each(function (color) {\n  var backgroundColor = color.css('background-color');\n  cy.wrap(color).click();\n  cy.get('.pixel').each(function (pixel) {\n    cy.wrap(pixel).click().should('have.css', 'background-color', backgroundColor);\n  });\n});",
              "err": {
                "message": "CypressError: Timed out retrying: Expected to find element: '.color', but never found it.",
                "estack": "CypressError: Timed out retrying: Expected to find element: '.color', but never found it.\n    at cypressErr (http://localhost:37777/__cypress/runner/cypress_runner.js:149934:9)\n    at throwErr (http://localhost:37777/__cypress/runner/cypress_runner.js:149867:11)\n    at Object.throwErrByPath (http://localhost:37777/__cypress/runner/cypress_runner.js:149915:3)\n    at retry (http://localhost:37777/__cypress/runner/cypress_runner.js:144197:19)\n    at onFailFn (http://localhost:37777/__cypress/runner/cypress_runner.js:132448:16)\n    at tryCatcher (http://localhost:37777/__cypress/runner/cypress_runner.js:167415:23)\n    at Promise._settlePromiseFromHandler (http://localhost:37777/__cypress/runner/cypress_runner.js:165351:31)\n    at Promise._settlePromise (http://localhost:37777/__cypress/runner/cypress_runner.js:165408:18)\n    at Promise._settlePromise0 (http://localhost:37777/__cypress/runner/cypress_runner.js:165453:10)\n    at Promise._settlePromises (http://localhost:37777/__cypress/runner/cypress_runner.js:165528:18)\n    at Async../node_modules/bluebird/js/release/async.js.Async._drainQueue (http://localhost:37777/__cypress/runner/cypress_runner.js:162140:16)\n    at Async../node_modules/bluebird/js/release/async.js.Async._drainQueues (http://localhost:37777/__cypress/runner/cypress_runner.js:162150:10)\n    at Async.drainQueues (http://localhost:37777/__cypress/runner/cypress_runner.js:162024:14)",
                "diff": null
              },
              "uuid": "271a6df7-9490-47e3-b3c3-faef354f017b",
              "parentUUID": "c087a505-fc59-4105-8196-378f5111ad9b",
              "isHook": false,
              "skipped": false
            },
            {
              "title": "Verifica se somente o pixel que foi clicado foi preenchido com a cor selecionada, sem influenciar na cor dos demais pixels.",
              "fullTitle": "8 - Clicar em um pixel dentro do quadro após selecionar uma cor na paleta, faz com que o pixel seja preenchido com a cor selecionada. Verifica se somente o pixel que foi clicado foi preenchido com a cor selecionada, sem influenciar na cor dos demais pixels.",
              "timedOut": null,
              "duration": 4295,
              "state": "failed",
              "speed": null,
              "pass": false,
              "fail": true,
              "pending": false,
              "context": null,
              "code": "var colorToPixelIndexMap = {\n  0: 6,\n  1: 8,\n  2: 16,\n  3: 18\n};\ncy.get('.color').each(function (color, index) {\n  cy.wrap(color).click();\n  var backgroundColor = color.css('background-color');\n  var clickedPixelIndex = colorToPixelIndexMap[index];\n  cy.get('.pixel').eq(clickedPixelIndex).click();\n  cy.get('.pixel').eq(clickedPixelIndex - 1).should('not.have.css', 'background-color', backgroundColor);\n  cy.get('.pixel').eq(clickedPixelIndex + 1).should('not.have.css', 'background-color', backgroundColor);\n  cy.get('.pixel').eq(clickedPixelIndex - 5).should('not.have.css', 'background-color', backgroundColor);\n  cy.get('.pixel').eq(clickedPixelIndex + 5).should('not.have.css', 'background-color', backgroundColor);\n  cy.get('.pixel').eq(clickedPixelIndex - 6).should('not.have.css', 'background-color', backgroundColor);\n  cy.get('.pixel').eq(clickedPixelIndex - 4).should('not.have.css', 'background-color', backgroundColor);\n  cy.get('.pixel').eq(clickedPixelIndex + 4).should('not.have.css', 'background-color', backgroundColor);\n  cy.get('.pixel').eq(clickedPixelIndex + 6).should('not.have.css', 'background-color', backgroundColor);\n});",
              "err": {
                "message": "CypressError: Timed out retrying: Expected to find element: '.color', but never found it.",
                "estack": "CypressError: Timed out retrying: Expected to find element: '.color', but never found it.\n    at cypressErr (http://localhost:37777/__cypress/runner/cypress_runner.js:149934:9)\n    at throwErr (http://localhost:37777/__cypress/runner/cypress_runner.js:149867:11)\n    at Object.throwErrByPath (http://localhost:37777/__cypress/runner/cypress_runner.js:149915:3)\n    at retry (http://localhost:37777/__cypress/runner/cypress_runner.js:144197:19)\n    at onFailFn (http://localhost:37777/__cypress/runner/cypress_runner.js:132448:16)\n    at tryCatcher (http://localhost:37777/__cypress/runner/cypress_runner.js:167415:23)\n    at Promise._settlePromiseFromHandler (http://localhost:37777/__cypress/runner/cypress_runner.js:165351:31)\n    at Promise._settlePromise (http://localhost:37777/__cypress/runner/cypress_runner.js:165408:18)\n    at Promise._settlePromise0 (http://localhost:37777/__cypress/runner/cypress_runner.js:165453:10)\n    at Promise._settlePromises (http://localhost:37777/__cypress/runner/cypress_runner.js:165528:18)\n    at Async../node_modules/bluebird/js/release/async.js.Async._drainQueue (http://localhost:37777/__cypress/runner/cypress_runner.js:162140:16)\n    at Async../node_modules/bluebird/js/release/async.js.Async._drainQueues (http://localhost:37777/__cypress/runner/cypress_runner.js:162150:10)\n    at Async.drainQueues (http://localhost:37777/__cypress/runner/cypress_runner.js:162024:14)",
                "diff": null
              },
              "uuid": "752ebc2e-5d3f-4e55-8277-76c79b159a17",
              "parentUUID": "c087a505-fc59-4105-8196-378f5111ad9b",
              "isHook": false,
              "skipped": false
            }
          ],
          "suites": [],
          "passes": [],
          "failures": [
            "2117b6f6-5993-42c0-8baa-92df5076513d",
            "271a6df7-9490-47e3-b3c3-faef354f017b",
            "752ebc2e-5d3f-4e55-8277-76c79b159a17"
          ],
          "pending": [],
          "skipped": [],
          "duration": 12796,
          "root": false,
          "rootEmpty": false,
          "_timeout": 2000
        },
        {
          "uuid": "6ddccfd0-a38e-442b-afda-4c4d3b4dd9fd",
          "title": "9 - Crie um botão que, ao ser clicado, limpa o quadro preenchendo a cor de todos seus pixels com branco.",
          "fullFile": "",
          "file": "",
          "beforeHooks": [],
          "afterHooks": [],
          "tests": [
            {
              "title": "Verifica se o botão tem o `id` denominado `clear-board`",
              "fullTitle": "9 - Crie um botão que, ao ser clicado, limpa o quadro preenchendo a cor de todos seus pixels com branco. Verifica se o botão tem o `id` denominado `clear-board`",
              "timedOut": null,
              "duration": 4323,
              "state": "failed",
              "speed": null,
              "pass": false,
              "fail": true,
              "pending": false,
              "context": null,
              "code": "cy.get('#clear-board').should('be.visible');",
              "err": {
                "message": "CypressError: Timed out retrying: Expected to find element: '#clear-board', but never found it.",
                "estack": "CypressError: Timed out retrying: Expected to find element: '#clear-board', but never found it.\n    at cypressErr (http://localhost:37777/__cypress/runner/cypress_runner.js:149934:9)\n    at throwErr (http://localhost:37777/__cypress/runner/cypress_runner.js:149867:11)\n    at Object.throwErrByPath (http://localhost:37777/__cypress/runner/cypress_runner.js:149915:3)\n    at retry (http://localhost:37777/__cypress/runner/cypress_runner.js:144197:19)\n    at onFailFn (http://localhost:37777/__cypress/runner/cypress_runner.js:132448:16)\n    at tryCatcher (http://localhost:37777/__cypress/runner/cypress_runner.js:167415:23)\n    at Promise._settlePromiseFromHandler (http://localhost:37777/__cypress/runner/cypress_runner.js:165351:31)\n    at Promise._settlePromise (http://localhost:37777/__cypress/runner/cypress_runner.js:165408:18)\n    at Promise._settlePromise0 (http://localhost:37777/__cypress/runner/cypress_runner.js:165453:10)\n    at Promise._settlePromises (http://localhost:37777/__cypress/runner/cypress_runner.js:165528:18)\n    at Async../node_modules/bluebird/js/release/async.js.Async._drainQueue (http://localhost:37777/__cypress/runner/cypress_runner.js:162140:16)\n    at Async../node_modules/bluebird/js/release/async.js.Async._drainQueues (http://localhost:37777/__cypress/runner/cypress_runner.js:162150:10)\n    at Async.drainQueues (http://localhost:37777/__cypress/runner/cypress_runner.js:162024:14)",
                "diff": null
              },
              "uuid": "942cb389-cff6-47b0-a9a1-fc1adcac7326",
              "parentUUID": "6ddccfd0-a38e-442b-afda-4c4d3b4dd9fd",
              "isHook": false,
              "skipped": false
            },
            {
              "title": "Verifica se o botão está posicionado entre a paleta de cores e o quadro de pixels",
              "fullTitle": "9 - Crie um botão que, ao ser clicado, limpa o quadro preenchendo a cor de todos seus pixels com branco. Verifica se o botão está posicionado entre a paleta de cores e o quadro de pixels",
              "timedOut": null,
              "duration": 4289,
              "state": "failed",
              "speed": null,
              "pass": false,
              "fail": true,
              "pending": false,
              "context": null,
              "code": "cy.get('#color-palette').then(function (palette) {\n  cy.get('#clear-board').should('be.belowOf', palette);\n});\ncy.get('#clear-board').then(function (clearBtn) {\n  cy.get('#pixel-board').should('be.belowOf', clearBtn);\n});",
              "err": {
                "message": "CypressError: Timed out retrying: Expected to find element: '#color-palette', but never found it.",
                "estack": "CypressError: Timed out retrying: Expected to find element: '#color-palette', but never found it.\n    at cypressErr (http://localhost:37777/__cypress/runner/cypress_runner.js:149934:9)\n    at throwErr (http://localhost:37777/__cypress/runner/cypress_runner.js:149867:11)\n    at Object.throwErrByPath (http://localhost:37777/__cypress/runner/cypress_runner.js:149915:3)\n    at retry (http://localhost:37777/__cypress/runner/cypress_runner.js:144197:19)\n    at onFailFn (http://localhost:37777/__cypress/runner/cypress_runner.js:132448:16)\n    at tryCatcher (http://localhost:37777/__cypress/runner/cypress_runner.js:167415:23)\n    at Promise._settlePromiseFromHandler (http://localhost:37777/__cypress/runner/cypress_runner.js:165351:31)\n    at Promise._settlePromise (http://localhost:37777/__cypress/runner/cypress_runner.js:165408:18)\n    at Promise._settlePromise0 (http://localhost:37777/__cypress/runner/cypress_runner.js:165453:10)\n    at Promise._settlePromises (http://localhost:37777/__cypress/runner/cypress_runner.js:165528:18)\n    at Async../node_modules/bluebird/js/release/async.js.Async._drainQueue (http://localhost:37777/__cypress/runner/cypress_runner.js:162140:16)\n    at Async../node_modules/bluebird/js/release/async.js.Async._drainQueues (http://localhost:37777/__cypress/runner/cypress_runner.js:162150:10)\n    at Async.drainQueues (http://localhost:37777/__cypress/runner/cypress_runner.js:162024:14)",
                "diff": null
              },
              "uuid": "b8e39f38-5551-4bb7-8982-f4d96b710491",
              "parentUUID": "6ddccfd0-a38e-442b-afda-4c4d3b4dd9fd",
              "isHook": false,
              "skipped": false
            },
            {
              "title": "Verifica se o texto do botão é 'Limpar'",
              "fullTitle": "9 - Crie um botão que, ao ser clicado, limpa o quadro preenchendo a cor de todos seus pixels com branco. Verifica se o texto do botão é 'Limpar'",
              "timedOut": null,
              "duration": 4291,
              "state": "failed",
              "speed": null,
              "pass": false,
              "fail": true,
              "pending": false,
              "context": null,
              "code": "cy.get('#clear-board').should('contain.text', 'Limpar');",
              "err": {
                "message": "CypressError: Timed out retrying: Expected to find element: '#clear-board', but never found it.",
                "estack": "CypressError: Timed out retrying: Expected to find element: '#clear-board', but never found it.\n    at cypressErr (http://localhost:37777/__cypress/runner/cypress_runner.js:149934:9)\n    at throwErr (http://localhost:37777/__cypress/runner/cypress_runner.js:149867:11)\n    at Object.throwErrByPath (http://localhost:37777/__cypress/runner/cypress_runner.js:149915:3)\n    at retry (http://localhost:37777/__cypress/runner/cypress_runner.js:144197:19)\n    at onFailFn (http://localhost:37777/__cypress/runner/cypress_runner.js:132448:16)\n    at tryCatcher (http://localhost:37777/__cypress/runner/cypress_runner.js:167415:23)\n    at Promise._settlePromiseFromHandler (http://localhost:37777/__cypress/runner/cypress_runner.js:165351:31)\n    at Promise._settlePromise (http://localhost:37777/__cypress/runner/cypress_runner.js:165408:18)\n    at Promise._settlePromise0 (http://localhost:37777/__cypress/runner/cypress_runner.js:165453:10)\n    at Promise._settlePromises (http://localhost:37777/__cypress/runner/cypress_runner.js:165528:18)\n    at Async../node_modules/bluebird/js/release/async.js.Async._drainQueue (http://localhost:37777/__cypress/runner/cypress_runner.js:162140:16)\n    at Async../node_modules/bluebird/js/release/async.js.Async._drainQueues (http://localhost:37777/__cypress/runner/cypress_runner.js:162150:10)\n    at Async.drainQueues (http://localhost:37777/__cypress/runner/cypress_runner.js:162024:14)",
                "diff": null
              },
              "uuid": "08bbfad1-8819-4045-8bcf-72f6ef85aa39",
              "parentUUID": "6ddccfd0-a38e-442b-afda-4c4d3b4dd9fd",
              "isHook": false,
              "skipped": false
            },
            {
              "title": "Verifica se ao clicar no botão, o quadro de pixels é totalmente preenchido de branco",
              "fullTitle": "9 - Crie um botão que, ao ser clicado, limpa o quadro preenchendo a cor de todos seus pixels com branco. Verifica se ao clicar no botão, o quadro de pixels é totalmente preenchido de branco",
              "timedOut": null,
              "duration": 4320,
              "state": "failed",
              "speed": null,
              "pass": false,
              "fail": true,
              "pending": false,
              "context": null,
              "code": "cy.get('.color').eq(1).then(function (color) {\n  var backgroundColor = color.css('background-color');\n  cy.wrap(color).click();\n  cy.get('.pixel').each(function (pixel) {\n    cy.wrap(pixel).click().should('have.css', 'background-color', backgroundColor);\n  });\n});\ncy.get('#clear-board').click();\ncy.get('.pixel').each(function (pixel) {\n  cy.wrap(pixel).should('have.css', 'background-color', WHITE);\n});",
              "err": {
                "message": "CypressError: Timed out retrying: Expected to find element: '.color', but never found it.",
                "estack": "CypressError: Timed out retrying: Expected to find element: '.color', but never found it.\n    at cypressErr (http://localhost:37777/__cypress/runner/cypress_runner.js:149934:9)\n    at throwErr (http://localhost:37777/__cypress/runner/cypress_runner.js:149867:11)\n    at Object.throwErrByPath (http://localhost:37777/__cypress/runner/cypress_runner.js:149915:3)\n    at retry (http://localhost:37777/__cypress/runner/cypress_runner.js:144197:19)\n    at onFailFn (http://localhost:37777/__cypress/runner/cypress_runner.js:132448:16)\n    at tryCatcher (http://localhost:37777/__cypress/runner/cypress_runner.js:167415:23)\n    at Promise._settlePromiseFromHandler (http://localhost:37777/__cypress/runner/cypress_runner.js:165351:31)\n    at Promise._settlePromise (http://localhost:37777/__cypress/runner/cypress_runner.js:165408:18)\n    at Promise._settlePromise0 (http://localhost:37777/__cypress/runner/cypress_runner.js:165453:10)\n    at Promise._settlePromises (http://localhost:37777/__cypress/runner/cypress_runner.js:165528:18)\n    at Async../node_modules/bluebird/js/release/async.js.Async._drainQueue (http://localhost:37777/__cypress/runner/cypress_runner.js:162140:16)\n    at Async../node_modules/bluebird/js/release/async.js.Async._drainQueues (http://localhost:37777/__cypress/runner/cypress_runner.js:162150:10)\n    at Async.drainQueues (http://localhost:37777/__cypress/runner/cypress_runner.js:162024:14)",
                "diff": null
              },
              "uuid": "94c420c9-b09d-4034-be54-5281ebae0532",
              "parentUUID": "6ddccfd0-a38e-442b-afda-4c4d3b4dd9fd",
              "isHook": false,
              "skipped": false
            }
          ],
          "suites": [],
          "passes": [],
          "failures": [
            "942cb389-cff6-47b0-a9a1-fc1adcac7326",
            "b8e39f38-5551-4bb7-8982-f4d96b710491",
            "08bbfad1-8819-4045-8bcf-72f6ef85aa39",
            "94c420c9-b09d-4034-be54-5281ebae0532"
          ],
          "pending": [],
          "skipped": [],
          "duration": 17223,
          "root": false,
          "rootEmpty": false,
          "_timeout": 2000
        },
        {
          "uuid": "e840ef9b-3c56-46e6-a64e-9509965dd1dc",
          "title": "10 - Faça o quadro de pixels ter seu tamanho definido pelo usuário.",
          "fullFile": "",
          "file": "",
          "beforeHooks": [],
          "afterHooks": [],
          "tests": [
            {
              "title": "Verifica se existe um input com o id `board-size`",
              "fullTitle": "10 - Faça o quadro de pixels ter seu tamanho definido pelo usuário. Verifica se existe um input com o id `board-size`",
              "timedOut": null,
              "duration": 4351,
              "state": "failed",
              "speed": null,
              "pass": false,
              "fail": true,
              "pending": false,
              "context": null,
              "code": "cy.get('#board-size').should('be.visible');",
              "err": {
                "message": "CypressError: Timed out retrying: Expected to find element: '#board-size', but never found it.",
[...]
                "diff": null
              },
              "uuid": "6ded11fe-3e55-4950-9fdd-7acbb7079870",
              "parentUUID": "e840ef9b-3c56-46e6-a64e-9509965dd1dc",
              "isHook": false,
              "skipped": false
            },
            {
              "title": "Verifica se o novo quadro tem todos os pixels preenchidos com a cor branca",
              "fullTitle": "10 - Faça o quadro de pixels ter seu tamanho definido pelo usuário. Verifica se o novo quadro tem todos os pixels preenchidos com a cor branca",
              "timedOut": null,
              "duration": 4290,
              "state": "failed",
              "speed": null,
              "pass": false,
              "fail": true,
              "pending": false,
              "context": null,
              "code": "cy.get('#board-size').clear().type(6);\ncy.get('#generate-board').click();\ncy.get('.pixel').should('have.length', 36).each(function (pixel) {\n  expect(pixel).to.have.css('background-color', WHITE);\n});",
              "err": {
                "message": "CypressError: Timed out retrying: Expected to find element: '#board-size', but never found it.",
                "estack": "CypressError: Timed out retrying: Expected to find element: '#board-size', but never found it.\n    at cypressErr (http://localhost:37777/__cypress/runner/cypress_runner.js:149934:9)\n    at throwErr (http://localhost:37777/__cypress/runner/cypress_runner.js:149867:11)\n    at Object.throwErrByPath (http://localhost:37777/__cypress/runner/cypress_runner.js:149915:3)\n    at retry (http://localhost:37777/__cypress/runner/cypress_runner.js:144197:19)\n    at onFailFn (http://localhost:37777/__cypress/runner/cypress_runner.js:132448:16)\n    at tryCatcher (http://localhost:37777/__cypress/runner/cypress_runner.js:167415:23)\n    at Promise._settlePromiseFromHandler (http://localhost:37777/__cypress/runner/cypress_runner.js:165351:31)\n    at Promise._settlePromise (http://localhost:37777/__cypress/runner/cypress_runner.js:165408:18)\n    at Promise._settlePromise0 (http://localhost:37777/__cypress/runner/cypress_runner.js:165453:10)\n    at Promise._settlePromises (http://localhost:37777/__cypress/runner/cypress_runner.js:165528:18)\n    at Async../node_modules/bluebird/js/release/async.js.Async._drainQueue (http://localhost:37777/__cypress/runner/cypress_runner.js:162140:16)\n    at Async../node_modules/bluebird/js/release/async.js.Async._drainQueues (http://localhost:37777/__cypress/runner/cypress_runner.js:162150:10)\n    at Async.drainQueues (http://localhost:37777/__cypress/runner/cypress_runner.js:162024:14)",
                "diff": null
              },
              "uuid": "6328fa72-3a08-4935-b799-dc1a32eda533",
              "parentUUID": "e840ef9b-3c56-46e6-a64e-9509965dd1dc",
              "isHook": false,
              "skipped": false
            }
          ],
          "suites": [],
          "passes": [],
          "failures": [
            "998aea7f-2a4c-4073-a757-83a205b30758",
            "73161817-14ab-4dc6-8ed8-af5815148ea8",
            "b3cef64e-d0f8-4346-b00f-6ae2889a388e",
            "785bd33f-e313-4974-84ed-c463bde6bd2a",
            "b6af6809-a492-4d89-822e-5f42ecbc6344",
            "16650b2a-c99a-41ac-bd07-be407b9bea4d",
            "fb78ba20-c5ea-4d6b-9ceb-f2c37724e521",
            "6ded11fe-3e55-4950-9fdd-7acbb7079870",
            "6328fa72-3a08-4935-b799-dc1a32eda533"
          ],
          "pending": [],
          "skipped": [],
          "duration": 38859,
          "root": false,
          "rootEmpty": false,
          "_timeout": 2000
        },
        {
          "uuid": "1cdaa86e-f4f2-4158-a61e-01dddbd43d5e",
          "title": "11 - Limite o tamanho mínimo e máximo do board.",
          "fullFile": "",
          "file": "",
          "beforeHooks": [],
          "afterHooks": [],
          "tests": [
            {
              "title": "Verifica se a altura máxima do board é 50",
              "fullTitle": "11 - Limite o tamanho mínimo e máximo do board. Verifica se a altura máxima do board é 50",
              "timedOut": null,
              "duration": 4305,
              "state": "failed",
              "speed": null,
              "pass": false,
              "fail": true,
              "pending": false,
              "context": null,
              "code": "cy.get('#board-size').clear().type(50);\ncy.get('#generate-board').click();\ncy.get('.pixel').should('have.length', 2500);",
              "err": {
                "message": "CypressError: Timed out retrying: Expected to find element: '#board-size', but never found it.",
                "estack": "CypressError: Timed out retrying: Expected to find element: '#board-size', but never found it.\n    at cypressErr (http://localhost:37777/__cypress/runner/cypress_runner.js:149934:9)\n    at throwErr (http://localhost:37777/__cypress/runner/cypress_runner.js:149867:11)\n    at Object.throwErrByPath (http://localhost:37777/__cypress/runner/cypress_runner.js:149915:3)\n    at retry (http://localhost:37777/__cypress/runner/cypress_runner.js:144197:19)\n    at onFailFn (http://localhost:37777/__cypress/runner/cypress_runner.js:132448:16)\n    at tryCatcher (http://localhost:37777/__cypress/runner/cypress_runner.js:167415:23)\n    at Promise._settlePromiseFromHandler (http://localhost:37777/__cypress/runner/cypress_runner.js:165351:31)\n    at Promise._settlePromise (http://localhost:37777/__cypress/runner/cypress_runner.js:165408:18)\n    at Promise._settlePromise0 (http://localhost:37777/__cypress/runner/cypress_runner.js:165453:10)\n    at Promise._settlePromises (http://localhost:37777/__cypress/runner/cypress_runner.js:165528:18)\n    at Async../node_modules/bluebird/js/release/async.js.Async._drainQueue (http://localhost:37777/__cypress/runner/cypress_runner.js:162140:16)\n    at Async../node_modules/bluebird/js/release/async.js.Async._drainQueues (http://localhost:37777/__cypress/runner/cypress_runner.js:162150:10)\n    at Async.drainQueues (http://localhost:37777/__cypress/runner/cypress_runner.js:162024:14)",
                "diff": null
              },
              "uuid": "3acb9d77-d11a-43dc-a595-551c64d5595c",
              "parentUUID": "1cdaa86e-f4f2-4158-a61e-01dddbd43d5e",
              "isHook": false,
              "skipped": false
            },
            {
              "title": "Verifica se a altura do board é 5 quando um valor menor é colocado no input",
              "fullTitle": "11 - Limite o tamanho mínimo e máximo do board. Verifica se a altura do board é 5 quando um valor menor é colocado no input",
              "timedOut": null,
              "duration": 4285,
              "state": "failed",
              "speed": null,
              "pass": false,
              "fail": true,
              "pending": false,
              "context": null,
              "code": "cy.get('#board-size').clear().type(4);\ncy.get('#generate-board').click();\ncy.get('.pixel').should('have.length', 25);",
              "err": {
                "message": "CypressError: Timed out retrying: Expected to find element: '#board-size', but never found it.",
                "estack": "CypressError: Timed out retrying: Expected to find element: '#board-size', but never found it.\n    at cypressErr (http://localhost:37777/__cypress/runner/cypress_runner.js:149934:9)\n    at throwErr (http://localhost:37777/__cypress/runner/cypress_runner.js:149867:11)\n    at Object.throwErrByPath (http://localhost:37777/__cypress/runner/cypress_runner.js:149915:3)\n    at retry (http://localhost:37777/__cypress/runner/cypress_runner.js:144197:19)\n    at onFailFn (http://localhost:37777/__cypress/runner/cypress_runner.js:132448:16)\n    at tryCatcher (http://localhost:37777/__cypress/runner/cypress_runner.js:167415:23)\n    at Promise._settlePromiseFromHandler (http://localhost:37777/__cypress/runner/cypress_runner.js:165351:31)\n    at Promise._settlePromise (http://localhost:37777/__cypress/runner/cypress_runner.js:165408:18)\n    at Promise._settlePromise0 (http://localhost:37777/__cypress/runner/cypress_runner.js:165453:10)\n    at Promise._settlePromises (http://localhost:37777/__cypress/runner/cypress_runner.js:165528:18)\n    at Async../node_modules/bluebird/js/release/async.js.Async._drainQueue (http://localhost:37777/__cypress/runner/cypress_runner.js:162140:16)\n    at Async../node_modules/bluebird/js/release/async.js.Async._drainQueues (http://localhost:37777/__cypress/runner/cypress_runner.js:162150:10)\n    at Async.drainQueues (http://localhost:37777/__cypress/runner/cypress_runner.js:162024:14)",
                "diff": null
              },
              "uuid": "31794ae4-3713-42c0-b1ff-25c5c6c9384d",
              "parentUUID": "1cdaa86e-f4f2-4158-a61e-01dddbd43d5e",
              "isHook": false,
              "skipped": false
            },
            {
              "title": "Verifica se a altura do board é 50 quando um valor maior é colocado no input",
              "fullTitle": "11 - Limite o tamanho mínimo e máximo do board. Verifica se a altura do board é 50 quando um valor maior é colocado no input",
              "timedOut": null,
              "duration": 4298,
              "state": "failed",
              "speed": null,
              "pass": false,
              "fail": true,
              "pending": false,
              "context": null,
              "code": "cy.get('#board-size').clear().type(51);\ncy.get('#generate-board').click();\ncy.get('.pixel').should('have.length', 2500);",
              "err": {
                "message": "CypressError: Timed out retrying: Expected to find element: '#board-size', but never found it.",
                "estack": "CypressError: Timed out retrying: Expected to find element: '#board-size', but never found it.\n    at cypressErr (http://localhost:37777/__cypress/runner/cypress_runner.js:149934:9)\n    at throwErr (http://localhost:37777/__cypress/runner/cypress_runner.js:149867:11)\n    at Object.throwErrByPath (http://localhost:37777/__cypress/runner/cypress_runner.js:149915:3)\n    at retry (http://localhost:37777/__cypress/runner/cypress_runner.js:144197:19)\n    at onFailFn (http://localhost:37777/__cypress/runner/cypress_runner.js:132448:16)\n    at tryCatcher (http://localhost:37777/__cypress/runner/cypress_runner.js:167415:23)\n    at Promise._settlePromiseFromHandler (http://localhost:37777/__cypress/runner/cypress_runner.js:165351:31)\n    at Promise._settlePromise (http://localhost:37777/__cypress/runner/cypress_runner.js:165408:18)\n    at Promise._settlePromise0 (http://localhost:37777/__cypress/runner/cypress_runner.js:165453:10)\n    at Promise._settlePromises (http://localhost:37777/__cypress/runner/cypress_runner.js:165528:18)\n    at Async../node_modules/bluebird/js/release/async.js.Async._drainQueue (http://localhost:37777/__cypress/runner/cypress_runner.js:162140:16)\n    at Async../node_modules/bluebird/js/release/async.js.Async._drainQueues (http://localhost:37777/__cypress/runner/cypress_runner.js:162150:10)\n    at Async.drainQueues (http://localhost:37777/__cypress/runner/cypress_runner.js:162024:14)",
                "diff": null
              },
              "uuid": "c63af21e-da2e-4635-af27-f1ca47a830dd",
              "parentUUID": "1cdaa86e-f4f2-4158-a61e-01dddbd43d5e",
              "isHook": false,
              "skipped": false
            }
          ],
          "suites": [],
          "passes": [],
          "failures": [
            "3acb9d77-d11a-43dc-a595-551c64d5595c",
            "31794ae4-3713-42c0-b1ff-25c5c6c9384d",
            "c63af21e-da2e-4635-af27-f1ca47a830dd"
          ],
          "pending": [],
          "skipped": [],
          "duration": 12888,
          "root": false,
          "rootEmpty": false,
          "_timeout": 2000
        },
        {
          "uuid": "edb34c9c-e3b4-44de-8b5b-a3163659bbb7",
          "title": "12 - Faça com que as cores da paleta sejam geradas aleatoriamente ao carregar a página.",
          "fullFile": "",
          "file": "",
          "beforeHooks": [],
          "afterHooks": [],
          "tests": [
            {
              "title": "Verifica se as cores geradas na paleta são diferentes a cada carregamento da página",
              "fullTitle": "12 - Faça com que as cores da paleta sejam geradas aleatoriamente ao carregar a página. Verifica se as cores geradas na paleta são diferentes a cada carregamento da página",
              "timedOut": null,
              "duration": 4326,
              "state": "failed",
              "speed": null,
              "pass": false,
              "fail": true,
              "pending": false,
              "context": null,
              "code": "cy.get('.color').then(function (colors) {\n  var currentColors;\n  var previousColors;\n  previousColors = Array.from(colors).map(function (color) {\n    return Cypress.$(color).css('background-color');\n  });\n  for (var i = 0; i < 5; i += 1) {\n    cy.reload();\n    cy.get('.color').then(function (colors) {\n      currentColors = Array.from(colors).map(function (color) {\n        return Cypress.$(color).css('background-color');\n      });\n      expect(currentColors).not.to.deep.equal(previousColors);\n      previousColors = currentColors;\n    });\n  }\n});",
              "err": {
                "message": "CypressError: Timed out retrying: Expected to find element: '.color', but never found it.",
                "estack": "CypressError: Timed out retrying: Expected to find element: '.color', but never found it.\n    at cypressErr (http://localhost:37777/__cypress/runner/cypress_runner.js:149934:9)\n    at throwErr (http://localhost:37777/__cypress/runner/cypress_runner.js:149867:11)\n    at Object.throwErrByPath (http://localhost:37777/__cypress/runner/cypress_runner.js:149915:3)\n    at retry (http://localhost:37777/__cypress/runner/cypress_runner.js:144197:19)\n    at onFailFn (http://localhost:37777/__cypress/runner/cypress_runner.js:132448:16)\n    at tryCatcher (http://localhost:37777/__cypress/runner/cypress_runner.js:167415:23)\n    at Promise._settlePromiseFromHandler (http://localhost:37777/__cypress/runner/cypress_runner.js:165351:31)\n    at Promise._settlePromise (http://localhost:37777/__cypress/runner/cypress_runner.js:165408:18)\n    at Promise._settlePromise0 (http://localhost:37777/__cypress/runner/cypress_runner.js:165453:10)\n    at Promise._settlePromises (http://localhost:37777/__cypress/runner/cypress_runner.js:165528:18)\n    at Async../node_modules/bluebird/js/release/async.js.Async._drainQueue (http://localhost:37777/__cypress/runner/cypress_runner.js:162140:16)\n    at Async../node_modules/bluebird/js/release/async.js.Async._drainQueues (http://localhost:37777/__cypress/runner/cypress_runner.js:162150:10)\n    at Async.drainQueues (http://localhost:37777/__cypress/runner/cypress_runner.js:162024:14)",
                "diff": null
              },
              "uuid": "56e42b80-4732-4c4b-b945-7359b6fb5b93",
              "parentUUID": "edb34c9c-e3b4-44de-8b5b-a3163659bbb7",
              "isHook": false,
              "skipped": false
            },
            {
              "title": "Verifica se a cor preta ainda está presente e é a primeira na sua paleta de cores",
              "fullTitle": "12 - Faça com que as cores da paleta sejam geradas aleatoriamente ao carregar a página. Verifica se a cor preta ainda está presente e é a primeira na sua paleta de cores",
              "timedOut": null,
              "duration": 4276,
              "state": "failed",
              "speed": null,
              "pass": false,
              "fail": true,
              "pending": false,
              "context": null,
              "code": "cy.get('.color').then(function (colors) {\n  var currentColors;\n  var previousColors;\n  previousColors = Array.from(colors).map(function (color) {\n    return Cypress.$(color).css('background-color');\n  });\n  expect(previousColors[0]).to.eq(BLACK);\n  for (var i = 0; i < 5; i += 1) {\n    cy.reload();\n    cy.get('.color').then(function (colors) {\n      currentColors = Array.from(colors).map(function (color) {\n        return Cypress.$(color).css('background-color');\n      });\n      expect(currentColors[0]).to.eq(BLACK);\n      expect(currentColors).not.to.deep.equal(previousColors);\n      previousColors = currentColors;\n    });\n  }\n});",
              "err": {
                "message": "CypressError: Timed out retrying: Expected to find element: '.color', but never found it.",
                "estack": "CypressError: Timed out retrying: Expected to find element: '.color', but never found it.\n    at cypressErr (http://localhost:37777/__cypress/runner/cypress_runner.js:149934:9)\n    at throwErr (http://localhost:37777/__cypress/runner/cypress_runner.js:149867:11)\n    at Object.throwErrByPath (http://localhost:37777/__cypress/runner/cypress_runner.js:149915:3)\n    at retry (http://localhost:37777/__cypress/runner/cypress_runner.js:144197:19)\n    at onFailFn (http://localhost:37777/__cypress/runner/cypress_runner.js:132448:16)\n    at tryCatcher (http://localhost:37777/__cypress/runner/cypress_runner.js:167415:23)\n    at Promise._settlePromiseFromHandler (http://localhost:37777/__cypress/runner/cypress_runner.js:165351:31)\n    at Promise._settlePromise (http://localhost:37777/__cypress/runner/cypress_runner.js:165408:18)\n    at Promise._settlePromise0 (http://localhost:37777/__cypress/runner/cypress_runner.js:165453:10)\n    at Promise._settlePromises (http://localhost:37777/__cypress/runner/cypress_runner.js:165528:18)\n    at Async../node_modules/bluebird/js/release/async.js.Async._drainQueue (http://localhost:37777/__cypress/runner/cypress_runner.js:162140:16)\n    at Async../node_modules/bluebird/js/release/async.js.Async._drainQueues (http://localhost:37777/__cypress/runner/cypress_runner.js:162150:10)\n    at Async.drainQueues (http://localhost:37777/__cypress/runner/cypress_runner.js:162024:14)",
                "diff": null
              },
              "uuid": "861a904e-0946-474a-a70d-d98eabd2a1db",
              "parentUUID": "edb34c9c-e3b4-44de-8b5b-a3163659bbb7",
              "isHook": false,
              "skipped": false
            }
          ],
          "suites": [],
          "passes": [],
          "failures": [
            "56e42b80-4732-4c4b-b945-7359b6fb5b93",
            "861a904e-0946-474a-a70d-d98eabd2a1db"
          ],
          "pending": [],
          "skipped": [],
          "duration": 8602,
          "root": false,
          "rootEmpty": false,
          "_timeout": 2000
        }
      ],
      "passes": [],
      "failures": [],
      "pending": [],
      "skipped": [],
      "duration": 0,
      "root": true,
      "rootEmpty": true,
      "_timeout": 2000
    }
  ],
  "meta": {
    "mocha": {
      "version": "7.0.1"
    },
    "mochawesome": {
      "options": {
        "quiet": false,
        "reportFilename": "mochawesome",
        "saveHtml": false,
        "saveJson": true,
        "consoleReporter": "spec",
        "useInlineDiffs": false
      },
      "version": "4.1.0"
    },
    "marge": {
      "options": {
        "id": "default",
        "reportDir": "cypress/reports",
        "overwrite": true,
        "html": false,
        "json": true
      },
      "version": "4.1.0"
    }
  }
}