{
  "stats": {
    "suites": 12,
    "tests": 41,
    "passes": 24,
    "pending": 0,
    "failures": 17,
    "start": "2021-08-22T18:37:13.013Z",
    "end": "2021-08-22T18:38:51.733Z",
    "duration": 98720,
    "testsRegistered": 41,
    "passPercent": 58.536585365853654,
    "pendingPercent": 0,
    "other": 0,
    "hasOther": false,
    "skipped": 0,
    "hasSkipped": false
  },
  "results": [
    {
      "uuid": "3d3c6782-9072-4aa1-a0f5-4cd0a21605bd",
      "title": "",
      "fullFile": "cypress/integration/project.spec.js",
      "file": "cypress/integration/project.spec.js",
      "beforeHooks": [],
      "afterHooks": [],
      "tests": [],
      "suites": [
        {
          "uuid": "513fc2a8-ec7a-4b47-8b69-9496897b18b1",
          "title": "1 - Adicione à página o título \"Paleta de Cores\".",
          "fullFile": "",
          "file": "",
          "beforeHooks": [],
          "afterHooks": [],
          "tests": [
            {
              "title": "Verifica se contém um elemento `h1` com o id `title` com o título correto",
              "fullTitle": "1 - Adicione à página o título \"Paleta de Cores\". Verifica se contém um elemento `h1` com o id `title` com o título correto",
              "timedOut": null,
              "duration": 817,
              "state": "passed",
              "speed": "slow",
              "pass": true,
              "fail": false,
              "pending": false,
              "context": null,
              "code": "cy.get('h1#title').should('contain.text', 'Paleta de Cores');",
              "err": {},
              "uuid": "773117e6-595b-4b79-8ac4-20805da3bde4",
              "parentUUID": "513fc2a8-ec7a-4b47-8b69-9496897b18b1",
              "isHook": false,
              "skipped": false
            }
          ],
          "suites": [],
          "passes": [
            "773117e6-595b-4b79-8ac4-20805da3bde4"
          ],
          "failures": [],
          "pending": [],
          "skipped": [],
          "duration": 817,
          "root": false,
          "rootEmpty": false,
          "_timeout": 2000
        },
        {
          "uuid": "3a88208b-aa64-482f-a8c8-dc4847781006",
          "title": "2 - Adicione à página uma paleta de quatro cores distintas.",
          "fullFile": "",
          "file": "",
          "beforeHooks": [],
          "afterHooks": [],
          "tests": [
            {
              "title": "A paleta de cores deve ser um elemento com `id` denominado `color-palette`",
              "fullTitle": "2 - Adicione à página uma paleta de quatro cores distintas. A paleta de cores deve ser um elemento com `id` denominado `color-palette`",
              "timedOut": null,
              "duration": 464,
              "state": "passed",
              "speed": "slow",
              "pass": true,
              "fail": false,
              "pending": false,
              "context": null,
              "code": "cy.get('#color-palette').should('be.visible');",
              "err": {},
              "uuid": "aabf2cb8-1f02-4794-a31e-2783a91c23a1",
              "parentUUID": "3a88208b-aa64-482f-a8c8-dc4847781006",
              "isHook": false,
              "skipped": false
            },
            {
              "title": "Verifica se cada cor individual da paleta de cores possui a `classe` chamada `color`.",
              "fullTitle": "2 - Adicione à página uma paleta de quatro cores distintas. Verifica se cada cor individual da paleta de cores possui a `classe` chamada `color`.",
              "timedOut": null,
              "duration": 418,
              "state": "passed",
              "speed": "slow",
              "pass": true,
              "fail": false,
              "pending": false,
              "context": null,
              "code": "cy.get('.color').should('have.length', 4).then(function (colors) {\n  for (var i = 0; i < colors.length; i++) {\n    cy.wrap(colors[i]).should('be.visible');\n  }\n});",
              "err": {},
              "uuid": "60b7594f-0a45-4f41-beca-55e27bf57cc4",
              "parentUUID": "3a88208b-aa64-482f-a8c8-dc4847781006",
              "isHook": false,
              "skipped": false
            },
            {
              "title": "Verifica se a cor de fundo de cada elemento da paleta é a cor que o elemento representa. **A única cor não permitida na paleta é a cor branca.**",
              "fullTitle": "2 - Adicione à página uma paleta de quatro cores distintas. Verifica se a cor de fundo de cada elemento da paleta é a cor que o elemento representa. **A única cor não permitida na paleta é a cor branca.**",
              "timedOut": null,
              "duration": 370,
              "state": "passed",
              "speed": "slow",
              "pass": true,
              "fail": false,
              "pending": false,
              "context": null,
              "code": "cy.get('.color').each(function (color) {\n  cy.wrap(color).should('have.class', 'color').and('not.have.css', 'background-color', WHITE);\n  cy.wrap(color).should('have.css', 'background-color');\n});",
              "err": {},
              "uuid": "6f6716cf-28d7-4404-bef9-d155549d4d74",
              "parentUUID": "3a88208b-aa64-482f-a8c8-dc4847781006",
              "isHook": false,
              "skipped": false
            },
            {
              "title": "Verifica se cada elemento da paleta de cores tem uma borda preta, sólida e com 1 pixel de largura;",
              "fullTitle": "2 - Adicione à página uma paleta de quatro cores distintas. Verifica se cada elemento da paleta de cores tem uma borda preta, sólida e com 1 pixel de largura;",
              "timedOut": null,
              "duration": 277,
              "state": "passed",
              "speed": "slow",
              "pass": true,
              "fail": false,
              "pending": false,
              "context": null,
              "code": "cy.get('.color').each(function (color) {\n  cy.wrap(color).and('have.css', 'border', \"1px solid \".concat(BLACK)).and('have.class', 'color');\n});",
              "err": {},
              "uuid": "bbf39155-04f6-4cd2-a3be-57d28c1f4f43",
              "parentUUID": "3a88208b-aa64-482f-a8c8-dc4847781006",
              "isHook": false,
              "skipped": false
            },
            {
              "title": "Verifica se a paleta lista todas as cores disponíveis para utilização, lado a lado.",
              "fullTitle": "2 - Adicione à página uma paleta de quatro cores distintas. Verifica se a paleta lista todas as cores disponíveis para utilização, lado a lado.",
              "timedOut": null,
              "duration": 365,
              "state": "passed",
              "speed": "slow",
              "pass": true,
              "fail": false,
              "pending": false,
              "context": null,
              "code": "cy.get('.color').then(function (colors) {\n  for (var index = 1; index < colors.length; index += 1) {\n    var currentColor = colors[index];\n    var previousColor = colors[index - 1];\n    cy.wrap(currentColor).should('be.onTheRightOf', previousColor).and('be.horizontallyAlignedWith', previousColor);\n  }\n});",
              "err": {},
              "uuid": "99911183-2374-4a92-94b7-ac30ed1d30ae",
              "parentUUID": "3a88208b-aa64-482f-a8c8-dc4847781006",
              "isHook": false,
              "skipped": false
            },
            {
              "title": "Verifica se a paleta de cores está posicionada abaixo do título 'Paleta de Cores'",
              "fullTitle": "2 - Adicione à página uma paleta de quatro cores distintas. Verifica se a paleta de cores está posicionada abaixo do título 'Paleta de Cores'",
              "timedOut": null,
              "duration": 304,
              "state": "passed",
              "speed": "slow",
              "pass": true,
              "fail": false,
              "pending": false,
              "context": null,
              "code": "cy.get('h1#title').then(function (title) {\n  cy.get('#color-palette').should('be.belowOf', title);\n});",
              "err": {},
              "uuid": "92920bdf-3525-46c9-8d06-72c4259055ea",
              "parentUUID": "3a88208b-aa64-482f-a8c8-dc4847781006",
              "isHook": false,
              "skipped": false
            },
            {
              "title": "Verifica se a paleta de cores não contém cores repetidas.",
              "fullTitle": "2 - Adicione à página uma paleta de quatro cores distintas. Verifica se a paleta de cores não contém cores repetidas.",
              "timedOut": null,
              "duration": 274,
              "state": "passed",
              "speed": "slow",
              "pass": true,
              "fail": false,
              "pending": false,
              "context": null,
              "code": "cy.get('.color').then(function (colors) {\n  var allColors = Array.from(colors).map(function (color) {\n    return Cypress.$(color).css('background-color');\n  });\n  cy.log(allColors);\n  var uniqColors = (0, _toConsumableArray2[\"default\"])(new Set(allColors));\n  cy.log(uniqColors);\n  expect(allColors.length).to.eq(uniqColors.length);\n});",
              "err": {},
              "uuid": "697be6c5-8881-4d5e-9441-71d61bc3931c",
              "parentUUID": "3a88208b-aa64-482f-a8c8-dc4847781006",
              "isHook": false,
              "skipped": false
            }
          ],
          "suites": [],
          "passes": [
            "aabf2cb8-1f02-4794-a31e-2783a91c23a1",
            "60b7594f-0a45-4f41-beca-55e27bf57cc4",
            "6f6716cf-28d7-4404-bef9-d155549d4d74",
            "bbf39155-04f6-4cd2-a3be-57d28c1f4f43",
            "99911183-2374-4a92-94b7-ac30ed1d30ae",
            "92920bdf-3525-46c9-8d06-72c4259055ea",
            "697be6c5-8881-4d5e-9441-71d61bc3931c"
          ],
          "failures": [],
          "pending": [],
          "skipped": [],
          "duration": 2472,
          "root": false,
          "rootEmpty": false,
          "_timeout": 2000
        },
        {
          "uuid": "37955c72-c5bb-49c8-8044-212a877ba8ec",
          "title": "3 - Adicione a cor **preta** como a primeira cor da paleta de cores.",
          "fullFile": "",
          "file": "",
          "beforeHooks": [],
          "afterHooks": [],
          "tests": [
            {
              "title": "Verifica se a primeira cor da paleta é preta",
              "fullTitle": "3 - Adicione a cor **preta** como a primeira cor da paleta de cores. Verifica se a primeira cor da paleta é preta",
              "timedOut": null,
              "duration": 294,
              "state": "passed",
              "speed": "slow",
              "pass": true,
              "fail": false,
              "pending": false,
              "context": null,
              "code": "cy.get('.color').first().should('have.css', 'background-color', BLACK);",
              "err": {},
              "uuid": "37614385-df96-40e0-8e02-ac16b0c78156",
              "parentUUID": "37955c72-c5bb-49c8-8044-212a877ba8ec",
              "isHook": false,
              "skipped": false
            },
            {
              "title": "Verifica se as demais cores podem ser escolhidas livremente.",
              "fullTitle": "3 - Adicione a cor **preta** como a primeira cor da paleta de cores. Verifica se as demais cores podem ser escolhidas livremente.",
              "timedOut": null,
              "duration": 451,
              "state": "passed",
              "speed": "slow",
              "pass": true,
              "fail": false,
              "pending": false,
              "context": null,
              "code": "cy.get('.color').eq(1).should('not.have.css', 'background-color', BLACK);\ncy.get('.color').eq(1).should('not.have.css', 'background-color', WHITE);\ncy.get('.color').eq(1).should('not.have.css', 'background-color', 'rgba(0, 0, 0, 0)');\ncy.get('.color').eq(1).should('have.css', 'background-color');\ncy.get('.color').eq(2).should('not.have.css', 'background-color', BLACK);\ncy.get('.color').eq(2).should('not.have.css', 'background-color', WHITE);\ncy.get('.color').eq(2).should('not.have.css', 'background-color', 'rgba(0, 0, 0, 0)');\ncy.get('.color').eq(2).should('have.css', 'background-color');\ncy.get('.color').eq(3).should('not.have.css', 'background-color', BLACK);\ncy.get('.color').eq(3).should('not.have.css', 'background-color', WHITE);\ncy.get('.color').eq(3).should('not.have.css', 'background-color', 'rgba(0, 0, 0, 0)');\ncy.get('.color').eq(3).should('have.css', 'background-color');",
              "err": {},
              "uuid": "0713c70e-fb09-4a4b-b7f1-18ba2638ea4d",
              "parentUUID": "37955c72-c5bb-49c8-8044-212a877ba8ec",
              "isHook": false,
              "skipped": false
            }
          ],
          "suites": [],
          "passes": [
            "37614385-df96-40e0-8e02-ac16b0c78156",
            "0713c70e-fb09-4a4b-b7f1-18ba2638ea4d"
          ],
          "failures": [],
          "pending": [],
          "skipped": [],
          "duration": 745,
          "root": false,
          "rootEmpty": false,
          "_timeout": 2000
        },
        {
          "uuid": "ad41d706-1f2a-425a-b0e0-4b30559183f1",
          "title": "4 - Adicione à página um quadro de pixels, com 25 pixels.",
          "fullFile": "",
          "file": "",
          "beforeHooks": [],
          "afterHooks": [],
          "tests": [
            {
              "title": "Verifica se o quadro de pixels possui o `id` denominado `pixel-board`",
              "fullTitle": "4 - Adicione à página um quadro de pixels, com 25 pixels. Verifica se o quadro de pixels possui o `id` denominado `pixel-board`",
              "timedOut": null,
              "duration": 313,
              "state": "passed",
              "speed": "slow",
              "pass": true,
              "fail": false,
              "pending": false,
              "context": null,
              "code": "cy.get('#pixel-board').should('be.visible');",
              "err": {},
              "uuid": "3b9bafec-0f95-4f77-8aa2-556ddeea00e7",
              "parentUUID": "ad41d706-1f2a-425a-b0e0-4b30559183f1",
              "isHook": false,
              "skipped": false
            },
            {
              "title": "Verifica se cada pixel individual dentro do quadro possui a `classe` denominada `pixel`.",
              "fullTitle": "4 - Adicione à página um quadro de pixels, com 25 pixels. Verifica se cada pixel individual dentro do quadro possui a `classe` denominada `pixel`.",
              "timedOut": null,
              "duration": 334,
              "state": "passed",
              "speed": "slow",
              "pass": true,
              "fail": false,
              "pending": false,
              "context": null,
              "code": "cy.get('.pixel').should('have.length', 25);",
              "err": {},
              "uuid": "85953699-e89f-48a2-ab90-b5e4872a2a23",
              "parentUUID": "ad41d706-1f2a-425a-b0e0-4b30559183f1",
              "isHook": false,
              "skipped": false
            },
            {
              "title": "Verifica se a cor inicial dos pixels dentro do quadro, ao abrir a página, é branca.",
              "fullTitle": "4 - Adicione à página um quadro de pixels, com 25 pixels. Verifica se a cor inicial dos pixels dentro do quadro, ao abrir a página, é branca.",
              "timedOut": null,
              "duration": 418,
              "state": "passed",
              "speed": "slow",
              "pass": true,
              "fail": false,
              "pending": false,
              "context": null,
              "code": "cy.get('.pixel').should('have.length', 25).each(function (pixel) {\n  expect(pixel).to.have.css('background-color', WHITE);\n});",
              "err": {},
              "uuid": "c486ff9a-1488-4612-94a9-f95ce71e3e9c",
              "parentUUID": "ad41d706-1f2a-425a-b0e0-4b30559183f1",
              "isHook": false,
              "skipped": false
            },
            {
              "title": "Verifica se o quadro de pixels aparece abaixo da paleta de cores",
              "fullTitle": "4 - Adicione à página um quadro de pixels, com 25 pixels. Verifica se o quadro de pixels aparece abaixo da paleta de cores",
              "timedOut": null,
              "duration": 353,
              "state": "passed",
              "speed": "slow",
              "pass": true,
              "fail": false,
              "pending": false,
              "context": null,
              "code": "cy.get('#color-palette').then(function (palette) {\n  cy.get('#pixel-board').should('be.belowOf', palette);\n});",
              "err": {},
              "uuid": "b2ef508f-51a4-4046-a332-5185ac320a79",
              "parentUUID": "ad41d706-1f2a-425a-b0e0-4b30559183f1",
              "isHook": false,
              "skipped": false
            }
          ],
          "suites": [],
          "passes": [
            "3b9bafec-0f95-4f77-8aa2-556ddeea00e7",
            "85953699-e89f-48a2-ab90-b5e4872a2a23",
            "c486ff9a-1488-4612-94a9-f95ce71e3e9c",
            "b2ef508f-51a4-4046-a332-5185ac320a79"
          ],
          "failures": [],
          "pending": [],
          "skipped": [],
          "duration": 1418,
          "root": false,
          "rootEmpty": false,
          "_timeout": 2000
        },
        {
          "uuid": "edaef4dc-fb7f-46ce-a9c9-4f5e09aafb7c",
          "title": "5 - Faça com que cada elemento do quadro de pixels possua 40 pixels de largura, 40 pixels de altura e seja delimitado por uma borda preta de 1 pixel.",
          "fullFile": "",
          "file": "",
          "beforeHooks": [],
          "afterHooks": [],
          "tests": [
            {
              "title": "Verifica se o quadro de pixels tem altura e comprimento de 5 elementos",
              "fullTitle": "5 - Faça com que cada elemento do quadro de pixels possua 40 pixels de largura, 40 pixels de altura e seja delimitado por uma borda preta de 1 pixel. Verifica se o quadro de pixels tem altura e comprimento de 5 elementos",
              "timedOut": null,
              "duration": 690,
              "state": "passed",
              "speed": "slow",
              "pass": true,
              "fail": false,
              "pending": false,
              "context": null,
              "code": "cy.get('.pixel').should('have.length', 25).each(function (pixel) {\n  expect(pixel).to.have.css('background-color', WHITE);\n}).and(function (pixels) {\n  var rows = chunk(pixels, 5);\n  rows.forEach(function (row) {\n    for (var index = 1; index < row.length; index += 1) {\n      var current = pixels[index];\n      var previous = pixels[index - 1];\n      cy.wrap(current).should('be.onTheRightOf', previous).and('be.horizontallyAlignedWith', previous);\n    }\n  });\n  for (var index = 1; index < 5; index += 1) {\n    expect(pixels[index * 5]).to.be.belowOf(pixels[(index - 1) * 5]);\n  }\n});",
              "err": {},
              "uuid": "bac564ab-4d65-4742-ba81-18840aabe14e",
              "parentUUID": "edaef4dc-fb7f-46ce-a9c9-4f5e09aafb7c",
              "isHook": false,
              "skipped": false
            },
            {
              "title": "Verifica se 40 pixels é o tamanho total do elemento, incluindo seu conteúdo e excluindo a borda preta, que deve ser criada à parte.",
              "fullTitle": "5 - Faça com que cada elemento do quadro de pixels possua 40 pixels de largura, 40 pixels de altura e seja delimitado por uma borda preta de 1 pixel. Verifica se 40 pixels é o tamanho total do elemento, incluindo seu conteúdo e excluindo a borda preta, que deve ser criada à parte.",
              "timedOut": null,
              "duration": 622,
              "state": "passed",
              "speed": "slow",
              "pass": true,
              "fail": false,
              "pending": false,
              "context": null,
              "code": "cy.get('.pixel').each(function (pixel) {\n  cy.wrap(pixel).should('have.css', 'height', '40px').and('have.css', 'width', '40px').and('have.css', 'border', \"1px solid \".concat(BLACK));\n});",
              "err": {},
              "uuid": "d2435173-2801-4f55-bff7-127f7a6cf604",
              "parentUUID": "edaef4dc-fb7f-46ce-a9c9-4f5e09aafb7c",
              "isHook": false,
              "skipped": false
            }
          ],
          "suites": [],
          "passes": [
            "bac564ab-4d65-4742-ba81-18840aabe14e",
            "d2435173-2801-4f55-bff7-127f7a6cf604"
          ],
          "failures": [],
          "pending": [],
          "skipped": [],
          "duration": 1312,
          "root": false,
          "rootEmpty": false,
          "_timeout": 2000
        },
        {
          "uuid": "8c96775a-de8a-43d1-b947-6396a7d52378",
          "title": "6 - Defina a cor preta como cor inicial. Ao carregar a página a cor preta já deve estar selecionada para pintar os pixels",
          "fullFile": "",
          "file": "",
          "beforeHooks": [],
          "afterHooks": [],
          "tests": [
            {
              "title": "Verifica se o elemento da cor preta possui, inicialmente, a `classe` `selected`",
              "fullTitle": "6 - Defina a cor preta como cor inicial. Ao carregar a página a cor preta já deve estar selecionada para pintar os pixels Verifica se o elemento da cor preta possui, inicialmente, a `classe` `selected`",
              "timedOut": null,
              "duration": 213,
              "state": "passed",
              "speed": "slow",
              "pass": true,
              "fail": false,
              "pending": false,
              "context": null,
              "code": "cy.get('.selected').first().should('have.css', 'background-color', BLACK);",
              "err": {},
              "uuid": "6cd822f0-4aeb-426c-b0f7-8ff350c19462",
              "parentUUID": "8c96775a-de8a-43d1-b947-6396a7d52378",
              "isHook": false,
              "skipped": false
            },
            {
              "title": "Verifica se nenhuma outra cor da paleta tem a `classe` `selected`",
              "fullTitle": "6 - Defina a cor preta como cor inicial. Ao carregar a página a cor preta já deve estar selecionada para pintar os pixels Verifica se nenhuma outra cor da paleta tem a `classe` `selected`",
              "timedOut": null,
              "duration": 307,
              "state": "passed",
              "speed": "slow",
              "pass": true,
              "fail": false,
              "pending": false,
              "context": null,
              "code": "cy.get('.color:not(:first-child)').each(function (color) {\n  cy.wrap(color).should('not.have.class', 'selected');\n});",
              "err": {},
              "uuid": "14162113-fbc2-414c-83c4-bd7ddcce59c8",
              "parentUUID": "8c96775a-de8a-43d1-b947-6396a7d52378",
              "isHook": false,
              "skipped": false
            }
          ],
          "suites": [],
          "passes": [
            "6cd822f0-4aeb-426c-b0f7-8ff350c19462",
            "14162113-fbc2-414c-83c4-bd7ddcce59c8"
          ],
          "failures": [],
          "pending": [],
          "skipped": [],
          "duration": 520,
          "root": false,
          "rootEmpty": false,
          "_timeout": 2000
        },
        {
          "uuid": "5d5e4a0c-2bb5-4eec-9b98-362ec0eee379",
          "title": "7 - Clicar em uma das cores da paleta, faz com que ela seja selecionada e utilizada para preencher os pixels no quadro.",
          "fullFile": "",
          "file": "",
          "beforeHooks": [],
          "afterHooks": [],
          "tests": [
            {
              "title": "Verifica se somente uma cor da paleta de cores tem a classe `selected` de cada vez",
              "fullTitle": "7 - Clicar em uma das cores da paleta, faz com que ela seja selecionada e utilizada para preencher os pixels no quadro. Verifica se somente uma cor da paleta de cores tem a classe `selected` de cada vez",
              "timedOut": null,
              "duration": 761,
              "state": "passed",
              "speed": "slow",
              "pass": true,
              "fail": false,
              "pending": false,
              "context": null,
              "code": "cy.get('.color').each(function (selectedColor, selectedColorIndex) {\n  cy.wrap(selectedColor).click();\n  cy.get('.color').each(function (color, colorIndex) {\n    if (colorIndex === selectedColorIndex) {\n      expect(color).to.have[\"class\"]('selected');\n    } else {\n      expect(color).not.to.have[\"class\"]('selected');\n    }\n  });\n});",
              "err": {},
              "uuid": "39cf5d0d-6fd9-460c-849d-8d35bafdd70a",
              "parentUUID": "5d5e4a0c-2bb5-4eec-9b98-362ec0eee379",
              "isHook": false,
              "skipped": false
            },
            {
              "title": "Verifica se os pixels dentro do quadro não têm a classe `selected` quando são clicados",
              "fullTitle": "7 - Clicar em uma das cores da paleta, faz com que ela seja selecionada e utilizada para preencher os pixels no quadro. Verifica se os pixels dentro do quadro não têm a classe `selected` quando são clicados",
              "timedOut": null,
              "duration": 10045,
              "state": "passed",
              "speed": "slow",
              "pass": true,
              "fail": false,
              "pending": false,
              "context": null,
              "code": "cy.get('.color').each(function (color) {\n  var backgroundColor = color.css('background-color');\n  cy.wrap(color).click();\n  cy.get('.pixel').each(function (pixel) {\n    cy.wrap(pixel).click().should('not.have.class', 'selected');\n  });\n});",
              "err": {},
              "uuid": "d8cdaf0e-b43c-4b02-91a7-129d1ce9cc04",
              "parentUUID": "5d5e4a0c-2bb5-4eec-9b98-362ec0eee379",
              "isHook": false,
              "skipped": false
            }
          ],
          "suites": [],
          "passes": [
            "39cf5d0d-6fd9-460c-849d-8d35bafdd70a",
            "d8cdaf0e-b43c-4b02-91a7-129d1ce9cc04"
          ],
          "failures": [],
          "pending": [],
          "skipped": [],
          "duration": 10806,
          "root": false,
          "rootEmpty": false,
          "_timeout": 2000
        },
        {
          "uuid": "644208ee-7c34-4020-99f2-e96af67e6d23",
          "title": "8 - Clicar em um pixel dentro do quadro após selecionar uma cor na paleta, faz com que o pixel seja preenchido com a cor selecionada.",
          "fullFile": "",
          "file": "",
          "beforeHooks": [],
          "afterHooks": [],
          "tests": [
            {
              "title": "Verifica se ao carregar a página deve ser possível pintar os pixels de preto",
              "fullTitle": "8 - Clicar em um pixel dentro do quadro após selecionar uma cor na paleta, faz com que o pixel seja preenchido com a cor selecionada. Verifica se ao carregar a página deve ser possível pintar os pixels de preto",
              "timedOut": null,
              "duration": 4945,
              "state": "failed",
              "speed": null,
              "pass": false,
              "fail": true,
              "pending": false,
              "context": null,
              "code": "cy.get('.pixel').each(function (pixel) {\n  cy.wrap(pixel).click().should('have.css', 'background-color', BLACK);\n});",
              "err": {
                "message": "CypressError: Timed out retrying: expected '<div.pixel>' to have CSS property 'background-color' with the value 'rgb(0, 0, 0)', but the value was 'rgb(255, 255, 255)'",
                "estack": "CypressError: Timed out retrying: expected '<div.pixel>' to have CSS property 'background-color' with the value 'rgb(0, 0, 0)', but the value was 'rgb(255, 255, 255)'\n    at cypressErr (http://localhost:45623/__cypress/runner/cypress_runner.js:149934:9)\n    at throwErr (http://localhost:45623/__cypress/runner/cypress_runner.js:149867:11)\n    at Object.throwErrByPath (http://localhost:45623/__cypress/runner/cypress_runner.js:149915:3)\n    at retry (http://localhost:45623/__cypress/runner/cypress_runner.js:144197:19)\n    at onFailFn (http://localhost:45623/__cypress/runner/cypress_runner.js:132448:16)\n    at tryCatcher (http://localhost:45623/__cypress/runner/cypress_runner.js:167415:23)\n    at Promise._settlePromiseFromHandler (http://localhost:45623/__cypress/runner/cypress_runner.js:165351:31)\n    at Promise._settlePromise (http://localhost:45623/__cypress/runner/cypress_runner.js:165408:18)\n    at Promise._settlePromise0 (http://localhost:45623/__cypress/runner/cypress_runner.js:165453:10)\n    at Promise._settlePromises (http://localhost:45623/__cypress/runner/cypress_runner.js:165528:18)\n    at Async../node_modules/bluebird/js/release/async.js.Async._drainQueue (http://localhost:45623/__cypress/runner/cypress_runner.js:162140:16)\n    at Async../node_modules/bluebird/js/release/async.js.Async._drainQueues (http://localhost:45623/__cypress/runner/cypress_runner.js:162150:10)\n    at Async.drainQueues (http://localhost:45623/__cypress/runner/cypress_runner.js:162024:14)",
                "diff": null
              },
              "uuid": "61c44321-fca2-49dd-a3d7-735ddfc513e8",
              "parentUUID": "644208ee-7c34-4020-99f2-e96af67e6d23",
              "isHook": false,
              "skipped": false
            },
            {
              "title": "Verifica se após selecionar uma outra cor na paleta, é possível pintar os pixels com essa cor",
              "fullTitle": "8 - Clicar em um pixel dentro do quadro após selecionar uma cor na paleta, faz com que o pixel seja preenchido com a cor selecionada. Verifica se após selecionar uma outra cor na paleta, é possível pintar os pixels com essa cor",
              "timedOut": null,
              "duration": 4979,
              "state": "failed",
              "speed": null,
              "pass": false,
              "fail": true,
              "pending": false,
              "context": null,
              "code": "cy.get('.color').each(function (color) {\n  var backgroundColor = color.css('background-color');\n  cy.wrap(color).click();\n  cy.get('.pixel').each(function (pixel) {\n    cy.wrap(pixel).click().should('have.css', 'background-color', backgroundColor);\n  });\n});",
              "err": {
                "message": "CypressError: Timed out retrying: expected '<div.pixel>' to have CSS property 'background-color' with the value 'rgb(0, 0, 0)', but the value was 'rgb(255, 255, 255)'",
                "estack": "CypressError: Timed out retrying: expected '<div.pixel>' to have CSS property 'background-color' with the value 'rgb(0, 0, 0)', but the value was 'rgb(255, 255, 255)'\n    at cypressErr (http://localhost:45623/__cypress/runner/cypress_runner.js:149934:9)\n    at throwErr (http://localhost:45623/__cypress/runner/cypress_runner.js:149867:11)\n    at Object.throwErrByPath (http://localhost:45623/__cypress/runner/cypress_runner.js:149915:3)\n    at retry (http://localhost:45623/__cypress/runner/cypress_runner.js:144197:19)\n    at onFailFn (http://localhost:45623/__cypress/runner/cypress_runner.js:132448:16)\n    at tryCatcher (http://localhost:45623/__cypress/runner/cypress_runner.js:167415:23)\n    at Promise._settlePromiseFromHandler (http://localhost:45623/__cypress/runner/cypress_runner.js:165351:31)\n    at Promise._settlePromise (http://localhost:45623/__cypress/runner/cypress_runner.js:165408:18)\n    at Promise._settlePromise0 (http://localhost:45623/__cypress/runner/cypress_runner.js:165453:10)\n    at Promise._settlePromises (http://localhost:45623/__cypress/runner/cypress_runner.js:165528:18)\n    at Async../node_modules/bluebird/js/release/async.js.Async._drainQueue (http://localhost:45623/__cypress/runner/cypress_runner.js:162140:16)\n    at Async../node_modules/bluebird/js/release/async.js.Async._drainQueues (http://localhost:45623/__cypress/runner/cypress_runner.js:162150:10)\n    at Async.drainQueues (http://localhost:45623/__cypress/runner/cypress_runner.js:162024:14)",
                "diff": null
              },
              "uuid": "807fe715-1c2d-4b59-a19e-796598c9be5d",
              "parentUUID": "644208ee-7c34-4020-99f2-e96af67e6d23",
              "isHook": false,
              "skipped": false
            },
            {
              "title": "Verifica se somente o pixel que foi clicado foi preenchido com a cor selecionada, sem influenciar na cor dos demais pixels.",
              "fullTitle": "8 - Clicar em um pixel dentro do quadro após selecionar uma cor na paleta, faz com que o pixel seja preenchido com a cor selecionada. Verifica se somente o pixel que foi clicado foi preenchido com a cor selecionada, sem influenciar na cor dos demais pixels.",
              "timedOut": null,
              "duration": 2539,
              "state": "passed",
              "speed": "slow",
              "pass": true,
              "fail": false,
              "pending": false,
              "context": null,
              "code": "var colorToPixelIndexMap = {\n  0: 6,\n  1: 8,\n  2: 16,\n  3: 18\n};\ncy.get('.color').each(function (color, index) {\n  cy.wrap(color).click();\n  var backgroundColor = color.css('background-color');\n  var clickedPixelIndex = colorToPixelIndexMap[index];\n  cy.get('.pixel').eq(clickedPixelIndex).click();\n  cy.get('.pixel').eq(clickedPixelIndex - 1).should('not.have.css', 'background-color', backgroundColor);\n  cy.get('.pixel').eq(clickedPixelIndex + 1).should('not.have.css', 'background-color', backgroundColor);\n  cy.get('.pixel').eq(clickedPixelIndex - 5).should('not.have.css', 'background-color', backgroundColor);\n  cy.get('.pixel').eq(clickedPixelIndex + 5).should('not.have.css', 'background-color', backgroundColor);\n  cy.get('.pixel').eq(clickedPixelIndex - 6).should('not.have.css', 'background-color', backgroundColor);\n  cy.get('.pixel').eq(clickedPixelIndex - 4).should('not.have.css', 'background-color', backgroundColor);\n  cy.get('.pixel').eq(clickedPixelIndex + 4).should('not.have.css', 'background-color', backgroundColor);\n  cy.get('.pixel').eq(clickedPixelIndex + 6).should('not.have.css', 'background-color', backgroundColor);\n});",
              "err": {},
              "uuid": "4fbbf928-3357-4b16-b3b9-61049a45839c",
              "parentUUID": "644208ee-7c34-4020-99f2-e96af67e6d23",
              "isHook": false,
              "skipped": false
            }
          ],
          "suites": [],
          "passes": [
            "4fbbf928-3357-4b16-b3b9-61049a45839c"
          ],
          "failures": [
            "61c44321-fca2-49dd-a3d7-735ddfc513e8",
            "807fe715-1c2d-4b59-a19e-796598c9be5d"
          ],
          "pending": [],
          "skipped": [],
          "duration": 12463,
          "root": false,
          "rootEmpty": false,
          "_timeout": 2000
        },
        {
          "uuid": "3a39f5c1-57b7-4e45-ab0d-4e2174ea42cd",
          "title": "9 - Crie um botão que, ao ser clicado, limpa o quadro preenchendo a cor de todos seus pixels com branco.",
          "fullFile": "",
          "file": "",
          "beforeHooks": [],
          "afterHooks": [],
          "tests": [
            {
              "title": "Verifica se o botão tem o `id` denominado `clear-board`",
              "fullTitle": "9 - Crie um botão que, ao ser clicado, limpa o quadro preenchendo a cor de todos seus pixels com branco. Verifica se o botão tem o `id` denominado `clear-board`",
              "timedOut": null,
              "duration": 419,
              "state": "passed",
              "speed": "slow",
              "pass": true,
              "fail": false,
              "pending": false,
              "context": null,
              "code": "cy.get('#clear-board').should('be.visible');",
              "err": {},
              "uuid": "04323f3e-c592-4115-b468-56665d8ddd3b",
              "parentUUID": "3a39f5c1-57b7-4e45-ab0d-4e2174ea42cd",
              "isHook": false,
              "skipped": false
            },
            {
              "title": "Verifica se o botão está posicionado entre a paleta de cores e o quadro de pixels",
              "fullTitle": "9 - Crie um botão que, ao ser clicado, limpa o quadro preenchendo a cor de todos seus pixels com branco. Verifica se o botão está posicionado entre a paleta de cores e o quadro de pixels",
              "timedOut": null,
              "duration": 523,
              "state": "passed",
              "speed": "slow",
              "pass": true,
              "fail": false,
              "pending": false,
              "context": null,
              "code": "cy.get('#color-palette').then(function (palette) {\n  cy.get('#clear-board').should('be.belowOf', palette);\n});\ncy.get('#clear-board').then(function (clearBtn) {\n  cy.get('#pixel-board').should('be.belowOf', clearBtn);\n});",
              "err": {},
              "uuid": "b508388c-9daf-4ad5-b1e1-5874ee344225",
              "parentUUID": "3a39f5c1-57b7-4e45-ab0d-4e2174ea42cd",
              "isHook": false,
              "skipped": false
            },
            {
              "title": "Verifica se o texto do botão é 'Limpar'",
              "fullTitle": "9 - Crie um botão que, ao ser clicado, limpa o quadro preenchendo a cor de todos seus pixels com branco. Verifica se o texto do botão é 'Limpar'",
              "timedOut": null,
              "duration": 222,
              "state": "passed",
              "speed": "slow",
              "pass": true,
              "fail": false,
              "pending": false,
              "context": null,
              "code": "cy.get('#clear-board').should('contain.text', 'Limpar');",
              "err": {},
              "uuid": "4518f3eb-4183-4eb9-a8e1-1da322ed4b55",
              "parentUUID": "3a39f5c1-57b7-4e45-ab0d-4e2174ea42cd",
              "isHook": false,
              "skipped": false
            },
            {
              "title": "Verifica se ao clicar no botão, o quadro de pixels é totalmente preenchido de branco",
              "fullTitle": "9 - Crie um botão que, ao ser clicado, limpa o quadro preenchendo a cor de todos seus pixels com branco. Verifica se ao clicar no botão, o quadro de pixels é totalmente preenchido de branco",
              "timedOut": null,
              "duration": 4767,
              "state": "failed",
              "speed": null,
              "pass": false,
              "fail": true,
              "pending": false,
              "context": null,
              "code": "cy.get('.color').eq(1).then(function (color) {\n  var backgroundColor = color.css('background-color');\n  cy.wrap(color).click();\n  cy.get('.pixel').each(function (pixel) {\n    cy.wrap(pixel).click().should('have.css', 'background-color', backgroundColor);\n  });\n});\ncy.get('#clear-board').click();\ncy.get('.pixel').each(function (pixel) {\n  cy.wrap(pixel).should('have.css', 'background-color', WHITE);\n});",
              "err": {
                "message": "CypressError: Timed out retrying: expected '<div.pixel>' to have CSS property 'background-color' with the value 'rgb(255, 0, 0)', but the value was 'rgb(255, 255, 255)'",
                "estack": "CypressError: Timed out retrying: expected '<div.pixel>' to have CSS property 'background-color' with the value 'rgb(255, 0, 0)', but the value was 'rgb(255, 255, 255)'\n    at cypressErr (http://localhost:45623/__cypress/runner/cypress_runner.js:149934:9)\n    at throwErr (http://localhost:45623/__cypress/runner/cypress_runner.js:149867:11)\n    at Object.throwErrByPath (http://localhost:45623/__cypress/runner/cypress_runner.js:149915:3)\n    at retry (http://localhost:45623/__cypress/runner/cypress_runner.js:144197:19)\n    at onFailFn (http://localhost:45623/__cypress/runner/cypress_runner.js:132448:16)\n    at tryCatcher (http://localhost:45623/__cypress/runner/cypress_runner.js:167415:23)\n    at Promise._settlePromiseFromHandler (http://localhost:45623/__cypress/runner/cypress_runner.js:165351:31)\n    at Promise._settlePromise (http://localhost:45623/__cypress/runner/cypress_runner.js:165408:18)\n    at Promise._settlePromise0 (http://localhost:45623/__cypress/runner/cypress_runner.js:165453:10)\n    at Promise._settlePromises (http://localhost:45623/__cypress/runner/cypress_runner.js:165528:18)\n    at Async../node_modules/bluebird/js/release/async.js.Async._drainQueue (http://localhost:45623/__cypress/runner/cypress_runner.js:162140:16)\n    at Async../node_modules/bluebird/js/release/async.js.Async._drainQueues (http://localhost:45623/__cypress/runner/cypress_runner.js:162150:10)\n    at Async.drainQueues (http://localhost:45623/__cypress/runner/cypress_runner.js:162024:14)",
                "diff": null
              },
              "uuid": "87f4745e-0312-4f22-b165-5ec8076dec45",
              "parentUUID": "3a39f5c1-57b7-4e45-ab0d-4e2174ea42cd",
              "isHook": false,
              "skipped": false
            }
          ],
          "suites": [],
          "passes": [
            "04323f3e-c592-4115-b468-56665d8ddd3b",
            "b508388c-9daf-4ad5-b1e1-5874ee344225",
            "4518f3eb-4183-4eb9-a8e1-1da322ed4b55"
          ],
          "failures": [
            "87f4745e-0312-4f22-b165-5ec8076dec45"
          ],
          "pending": [],
          "skipped": [],
          "duration": 5931,
          "root": false,
          "rootEmpty": false,
          "_timeout": 2000
        },
        {
          "uuid": "42ab2421-ab4e-4b1c-9d8b-4d23d73bc25f",
          "title": "10 - Faça o quadro de pixels ter seu tamanho definido pelo usuário.",
          "fullFile": "",
          "file": "",
          "beforeHooks": [],
          "afterHooks": [],
          "tests": [
            {
              "title": "Verifica se existe um input com o id `board-size`",
              "fullTitle": "10 - Faça o quadro de pixels ter seu tamanho definido pelo usuário. Verifica se existe um input com o id `board-size`",
              "timedOut": null,
              "duration": 4842,
              "state": "failed",
              "speed": null,
              "pass": false,
              "fail": true,
              "pending": false,
              "context": null,
              "code": "cy.get('#board-size').should('be.visible');",
              "err": {
                "message": "CypressError: Timed out retrying: Expected to find element: '#board-size', but never found it.",
                "estack": "CypressError: Timed out retrying: Expected to find element: '#board-size', but never found it.\n    at cypressErr (http://localhost:45623/__cypress/runner/cypress_runner.js:149934:9)\n    at throwErr (http://localhost:45623/__cypress/runner/cypress_runner.js:149867:11)\n    at Object.throwErrByPath (http://localhost:45623/__cypress/runner/cypress_runner.js:149915:3)\n    at retry (http://localhost:45623/__cypress/runner/cypress_runner.js:144197:19)\n    at onFailFn (http://localhost:45623/__cypress/runner/cypress_runner.js:132448:16)\n    at tryCatcher (http://localhost:45623/__cypress/runner/cypress_runner.js:167415:23)\n    at Promise._settlePromiseFromHandler (http://localhost:45623/__cypress/runner/cypress_runner.js:165351:31)\n    at Promise._settlePromise (http://localhost:45623/__cypress/runner/cypress_runner.js:165408:18)\n    at Promise._settlePromise0 (http://localhost:45623/__cypress/runner/cypress_runner.js:165453:10)\n    at Promise._settlePromises (http://localhost:45623/__cypress/runner/cypress_runner.js:165528:18)\n    at Async../node_modules/bluebird/js/release/async.js.Async._drainQueue (http://localhost:45623/__cypress/runner/cypress_runner.js:162140:16)\n    at Async../node_modules/bluebird/js/release/async.js.Async._drainQueues (http://localhost:45623/__cypress/runner/cypress_runner.js:162150:10)\n    at Async.drainQueues (http://localhost:45623/__cypress/runner/cypress_runner.js:162024:14)",
                "diff": null
              },
              "uuid": "a829b133-0067-4337-b64d-d9b0071988e3",
              "parentUUID": "42ab2421-ab4e-4b1c-9d8b-4d23d73bc25f",
              "isHook": false,
              "skipped": false
            },
            {
              "title": "Verifica se existe um botão com o id `generate-board`",
              "fullTitle": "10 - Faça o quadro de pixels ter seu tamanho definido pelo usuário. Verifica se existe um botão com o id `generate-board`",
              "timedOut": null,
              "duration": 4751,
              "state": "failed",
              "speed": null,
              "pass": false,
              "fail": true,
              "pending": false,
              "context": null,
              "code": "cy.get('#generate-board').should('be.visible');",
              "err": {
                "message": "CypressError: Timed out retrying: Expected to find element: '#generate-board', but never found it.",
                "estack": "CypressError: Timed out retrying: Expected to find element: '#generate-board', but never found it.\n    at cypressErr (http://localhost:45623/__cypress/runner/cypress_runner.js:149934:9)\n    at throwErr (http://localhost:45623/__cypress/runner/cypress_runner.js:149867:11)\n    at Object.throwErrByPath (http://localhost:45623/__cypress/runner/cypress_runner.js:149915:3)\n    at retry (http://localhost:45623/__cypress/runner/cypress_runner.js:144197:19)\n    at onFailFn (http://localhost:45623/__cypress/runner/cypress_runner.js:132448:16)\n    at tryCatcher (http://localhost:45623/__cypress/runner/cypress_runner.js:167415:23)\n    at Promise._settlePromiseFromHandler (http://localhost:45623/__cypress/runner/cypress_runner.js:165351:31)\n    at Promise._settlePromise (http://localhost:45623/__cypress/runner/cypress_runner.js:165408:18)\n    at Promise._settlePromise0 (http://localhost:45623/__cypress/runner/cypress_runner.js:165453:10)\n    at Promise._settlePromises (http://localhost:45623/__cypress/runner/cypress_runner.js:165528:18)\n    at Async../node_modules/bluebird/js/release/async.js.Async._drainQueue (http://localhost:45623/__cypress/runner/cypress_runner.js:162140:16)\n    at Async../node_modules/bluebird/js/release/async.js.Async._drainQueues (http://localhost:45623/__cypress/runner/cypress_runner.js:162150:10)\n    at Async.drainQueues (http://localhost:45623/__cypress/runner/cypress_runner.js:162024:14)",
                "diff": null
              },
              "uuid": "54f9b83a-046f-4c22-b273-621752747dbd",
              "parentUUID": "42ab2421-ab4e-4b1c-9d8b-4d23d73bc25f",
              "isHook": false,
              "skipped": false
            },
            {
              "title": "Verifica se o input só aceita número maiores que zero. Essa restrição deve ser feita usando os atributos do elemento `input`",
              "fullTitle": "10 - Faça o quadro de pixels ter seu tamanho definido pelo usuário. Verifica se o input só aceita número maiores que zero. Essa restrição deve ser feita usando os atributos do elemento `input`",
              "timedOut": null,
              "duration": 4753,
              "state": "failed",
              "speed": null,
              "pass": false,
              "fail": true,
              "pending": false,
              "context": null,
              "code": "cy.get('#board-size[type=\\'number\\'][min=\\'1\\']');",
              "err": {
                "message": "CypressError: Timed out retrying: Expected to find element: '#board-size[type='number'][min='1']', but never found it.",
                "estack": "CypressError: Timed out retrying: Expected to find element: '#board-size[type='number'][min='1']', but never found it.\n    at cypressErr (http://localhost:45623/__cypress/runner/cypress_runner.js:149934:9)\n    at throwErr (http://localhost:45623/__cypress/runner/cypress_runner.js:149867:11)\n    at Object.throwErrByPath (http://localhost:45623/__cypress/runner/cypress_runner.js:149915:3)\n    at retry (http://localhost:45623/__cypress/runner/cypress_runner.js:144197:19)\n    at onFailFn (http://localhost:45623/__cypress/runner/cypress_runner.js:132448:16)\n    at tryCatcher (http://localhost:45623/__cypress/runner/cypress_runner.js:167415:23)\n    at Promise._settlePromiseFromHandler (http://localhost:45623/__cypress/runner/cypress_runner.js:165351:31)\n    at Promise._settlePromise (http://localhost:45623/__cypress/runner/cypress_runner.js:165408:18)\n    at Promise._settlePromise0 (http://localhost:45623/__cypress/runner/cypress_runner.js:165453:10)\n    at Promise._settlePromises (http://localhost:45623/__cypress/runner/cypress_runner.js:165528:18)\n    at Async../node_modules/bluebird/js/release/async.js.Async._drainQueue (http://localhost:45623/__cypress/runner/cypress_runner.js:162140:16)\n    at Async../node_modules/bluebird/js/release/async.js.Async._drainQueues (http://localhost:45623/__cypress/runner/cypress_runner.js:162150:10)\n    at Async.drainQueues (http://localhost:45623/__cypress/runner/cypress_runner.js:162024:14)",
                "diff": null
              },
              "uuid": "8e0cf752-0406-4457-9228-1fb8dcbe8d2a",
              "parentUUID": "42ab2421-ab4e-4b1c-9d8b-4d23d73bc25f",
              "isHook": false,
              "skipped": false
            },
            {
              "title": "Verifica se o botão contém o texto 'VQV'",
              "fullTitle": "10 - Faça o quadro de pixels ter seu tamanho definido pelo usuário. Verifica se o botão contém o texto 'VQV'",
              "timedOut": null,
              "duration": 4823,
              "state": "failed",
              "speed": null,
              "pass": false,
              "fail": true,
              "pending": false,
              "context": null,
              "code": "cy.get('#generate-board').contains(/vqv/i);",
              "err": {
                "message": "CypressError: Timed out retrying: Expected to find element: '#generate-board', but never found it.",
                "estack": "CypressError: Timed out retrying: Expected to find element: '#generate-board', but never found it.\n    at cypressErr (http://localhost:45623/__cypress/runner/cypress_runner.js:149934:9)\n    at throwErr (http://localhost:45623/__cypress/runner/cypress_runner.js:149867:11)\n    at Object.throwErrByPath (http://localhost:45623/__cypress/runner/cypress_runner.js:149915:3)\n    at retry (http://localhost:45623/__cypress/runner/cypress_runner.js:144197:19)\n    at onFailFn (http://localhost:45623/__cypress/runner/cypress_runner.js:132448:16)\n    at tryCatcher (http://localhost:45623/__cypress/runner/cypress_runner.js:167415:23)\n    at Promise._settlePromiseFromHandler (http://localhost:45623/__cypress/runner/cypress_runner.js:165351:31)\n    at Promise._settlePromise (http://localhost:45623/__cypress/runner/cypress_runner.js:165408:18)\n    at Promise._settlePromise0 (http://localhost:45623/__cypress/runner/cypress_runner.js:165453:10)\n    at Promise._settlePromises (http://localhost:45623/__cypress/runner/cypress_runner.js:165528:18)\n    at Async../node_modules/bluebird/js/release/async.js.Async._drainQueue (http://localhost:45623/__cypress/runner/cypress_runner.js:162140:16)\n    at Async../node_modules/bluebird/js/release/async.js.Async._drainQueues (http://localhost:45623/__cypress/runner/cypress_runner.js:162150:10)\n    at Async.drainQueues (http://localhost:45623/__cypress/runner/cypress_runner.js:162024:14)",
                "diff": null
              },
              "uuid": "107cebcb-77f9-4b04-a20c-c53d62a2b717",
              "parentUUID": "42ab2421-ab4e-4b1c-9d8b-4d23d73bc25f",
              "isHook": false,
              "skipped": false
            },
            {
              "title": "Verifica se o input está posicionado entre a paleta de cores e o quadro de pixels",
              "fullTitle": "10 - Faça o quadro de pixels ter seu tamanho definido pelo usuário. Verifica se o input está posicionado entre a paleta de cores e o quadro de pixels",
              "timedOut": null,
              "duration": 4747,
              "state": "failed",
              "speed": null,
              "pass": false,
              "fail": true,
              "pending": false,
              "context": null,
              "code": "cy.get('#color-palette').then(function (palette) {\n  cy.get('#board-size').should('be.belowOf', palette);\n});\ncy.get('#board-size').then(function (palette) {\n  cy.get('#pixel-board').should('be.belowOf', palette);\n});",
              "err": {
                "message": "CypressError: Timed out retrying: Expected to find element: '#board-size', but never found it.",
                "estack": "CypressError: Timed out retrying: Expected to find element: '#board-size', but never found it.\n    at cypressErr (http://localhost:45623/__cypress/runner/cypress_runner.js:149934:9)\n    at throwErr (http://localhost:45623/__cypress/runner/cypress_runner.js:149867:11)\n    at Object.throwErrByPath (http://localhost:45623/__cypress/runner/cypress_runner.js:149915:3)\n    at retry (http://localhost:45623/__cypress/runner/cypress_runner.js:144197:19)\n    at onFailFn (http://localhost:45623/__cypress/runner/cypress_runner.js:132448:16)\n    at tryCatcher (http://localhost:45623/__cypress/runner/cypress_runner.js:167415:23)\n    at Promise._settlePromiseFromHandler (http://localhost:45623/__cypress/runner/cypress_runner.js:165351:31)\n    at Promise._settlePromise (http://localhost:45623/__cypress/runner/cypress_runner.js:165408:18)\n    at Promise._settlePromise0 (http://localhost:45623/__cypress/runner/cypress_runner.js:165453:10)\n    at Promise._settlePromises (http://localhost:45623/__cypress/runner/cypress_runner.js:165528:18)\n    at Async../node_modules/bluebird/js/release/async.js.Async._drainQueue (http://localhost:45623/__cypress/runner/cypress_runner.js:162140:16)\n    at Async../node_modules/bluebird/js/release/async.js.Async._drainQueues (http://localhost:45623/__cypress/runner/cypress_runner.js:162150:10)\n    at Async.drainQueues (http://localhost:45623/__cypress/runner/cypress_runner.js:162024:14)",
                "diff": null
              },
              "uuid": "7b3a005f-6c27-4d9f-badc-e211187c4495",
              "parentUUID": "42ab2421-ab4e-4b1c-9d8b-4d23d73bc25f",
              "isHook": false,
              "skipped": false
            },
            {
              "title": "Verifica se o botão está posicionado ao lado do input",
              "fullTitle": "10 - Faça o quadro de pixels ter seu tamanho definido pelo usuário. Verifica se o botão está posicionado ao lado do input",
              "timedOut": null,
              "duration": 4835,
              "state": "failed",
              "speed": null,
              "pass": false,
              "fail": true,
              "pending": false,
              "context": null,
              "code": "cy.get('#board-size').then(function (board) {\n  cy.get('#generate-board').should('be.onTheRightOf', board);\n});",
              "err": {
                "message": "CypressError: Timed out retrying: Expected to find element: '#board-size', but never found it.",
                "estack": "CypressError: Timed out retrying: Expected to find element: '#board-size', but never found it.\n    at cypressErr (http://localhost:45623/__cypress/runner/cypress_runner.js:149934:9)\n    at throwErr (http://localhost:45623/__cypress/runner/cypress_runner.js:149867:11)\n    at Object.throwErrByPath (http://localhost:45623/__cypress/runner/cypress_runner.js:149915:3)\n    at retry (http://localhost:45623/__cypress/runner/cypress_runner.js:144197:19)\n    at onFailFn (http://localhost:45623/__cypress/runner/cypress_runner.js:132448:16)\n    at tryCatcher (http://localhost:45623/__cypress/runner/cypress_runner.js:167415:23)\n    at Promise._settlePromiseFromHandler (http://localhost:45623/__cypress/runner/cypress_runner.js:165351:31)\n    at Promise._settlePromise (http://localhost:45623/__cypress/runner/cypress_runner.js:165408:18)\n    at Promise._settlePromise0 (http://localhost:45623/__cypress/runner/cypress_runner.js:165453:10)\n    at Promise._settlePromises (http://localhost:45623/__cypress/runner/cypress_runner.js:165528:18)\n    at Async../node_modules/bluebird/js/release/async.js.Async._drainQueue (http://localhost:45623/__cypress/runner/cypress_runner.js:162140:16)\n    at Async../node_modules/bluebird/js/release/async.js.Async._drainQueues (http://localhost:45623/__cypress/runner/cypress_runner.js:162150:10)\n    at Async.drainQueues (http://localhost:45623/__cypress/runner/cypress_runner.js:162024:14)",
                "diff": null
              },
              "uuid": "3a196aa7-d116-4c5d-9d7f-4ab52ad44a54",
              "parentUUID": "42ab2421-ab4e-4b1c-9d8b-4d23d73bc25f",
              "isHook": false,
              "skipped": false
            },
            {
              "title": "Verifica se nenhum valor for colocado no input ao clicar no botão, um `alert` é exibido com o texto: 'Board inválido!'",
              "fullTitle": "10 - Faça o quadro de pixels ter seu tamanho definido pelo usuário. Verifica se nenhum valor for colocado no input ao clicar no botão, um `alert` é exibido com o texto: 'Board inválido!'",
              "timedOut": null,
              "duration": 4755,
              "state": "failed",
              "speed": null,
              "pass": false,
              "fail": true,
              "pending": false,
              "context": null,
              "code": "var alerted = false;\ncy.on('window:alert', function (msg) {\n  return alerted = msg;\n});\ncy.get('#generate-board').click().then(function () {\n  return expect(alerted).to.match(/Board inválido!/i);\n});",
              "err": {
                "message": "CypressError: Timed out retrying: Expected to find element: '#generate-board', but never found it.",
                "estack": "CypressError: Timed out retrying: Expected to find element: '#generate-board', but never found it.\n    at cypressErr (http://localhost:45623/__cypress/runner/cypress_runner.js:149934:9)\n    at throwErr (http://localhost:45623/__cypress/runner/cypress_runner.js:149867:11)\n    at Object.throwErrByPath (http://localhost:45623/__cypress/runner/cypress_runner.js:149915:3)\n    at retry (http://localhost:45623/__cypress/runner/cypress_runner.js:144197:19)\n    at onFailFn (http://localhost:45623/__cypress/runner/cypress_runner.js:132448:16)\n    at tryCatcher (http://localhost:45623/__cypress/runner/cypress_runner.js:167415:23)\n    at Promise._settlePromiseFromHandler (http://localhost:45623/__cypress/runner/cypress_runner.js:165351:31)\n    at Promise._settlePromise (http://localhost:45623/__cypress/runner/cypress_runner.js:165408:18)\n    at Promise._settlePromise0 (http://localhost:45623/__cypress/runner/cypress_runner.js:165453:10)\n    at Promise._settlePromises (http://localhost:45623/__cypress/runner/cypress_runner.js:165528:18)\n    at Async../node_modules/bluebird/js/release/async.js.Async._drainQueue (http://localhost:45623/__cypress/runner/cypress_runner.js:162140:16)\n    at Async../node_modules/bluebird/js/release/async.js.Async._drainQueues (http://localhost:45623/__cypress/runner/cypress_runner.js:162150:10)\n    at Async.drainQueues (http://localhost:45623/__cypress/runner/cypress_runner.js:162024:14)",
                "diff": null
              },
              "uuid": "92c5e10e-7ae4-4ca1-bc51-2ebf142b445f",
              "parentUUID": "42ab2421-ab4e-4b1c-9d8b-4d23d73bc25f",
              "isHook": false,
              "skipped": false
            },
            {
              "title": "Verifica se ao clicar no botão com um valor preenchido, o tamanho do board muda.",
              "fullTitle": "10 - Faça o quadro de pixels ter seu tamanho definido pelo usuário. Verifica se ao clicar no botão com um valor preenchido, o tamanho do board muda.",
              "timedOut": null,
              "duration": 4966,
              "state": "failed",
              "speed": null,
              "pass": false,
              "fail": true,
              "pending": false,
              "context": null,
              "code": "cy.get('#board-size').clear().type(10);\ncy.get('#generate-board').click();\ncy.get('.pixel').should('have.length', 100);",
              "err": {
                "message": "CypressError: Timed out retrying: Expected to find element: '#board-size', but never found it.",
                "estack": "CypressError: Timed out retrying: Expected to find element: '#board-size', but never found it.\n    at cypressErr (http://localhost:45623/__cypress/runner/cypress_runner.js:149934:9)\n    at throwErr (http://localhost:45623/__cypress/runner/cypress_runner.js:149867:11)\n    at Object.throwErrByPath (http://localhost:45623/__cypress/runner/cypress_runner.js:149915:3)\n    at retry (http://localhost:45623/__cypress/runner/cypress_runner.js:144197:19)\n    at onFailFn (http://localhost:45623/__cypress/runner/cypress_runner.js:132448:16)\n    at tryCatcher (http://localhost:45623/__cypress/runner/cypress_runner.js:167415:23)\n    at Promise._settlePromiseFromHandler (http://localhost:45623/__cypress/runner/cypress_runner.js:165351:31)\n    at Promise._settlePromise (http://localhost:45623/__cypress/runner/cypress_runner.js:165408:18)\n    at Promise._settlePromise0 (http://localhost:45623/__cypress/runner/cypress_runner.js:165453:10)\n    at Promise._settlePromises (http://localhost:45623/__cypress/runner/cypress_runner.js:165528:18)\n    at Async../node_modules/bluebird/js/release/async.js.Async._drainQueue (http://localhost:45623/__cypress/runner/cypress_runner.js:162140:16)\n    at Async../node_modules/bluebird/js/release/async.js.Async._drainQueues (http://localhost:45623/__cypress/runner/cypress_runner.js:162150:10)\n    at Async.drainQueues (http://localhost:45623/__cypress/runner/cypress_runner.js:162024:14)",
                "diff": null
              },
              "uuid": "f7d5093a-7194-45f1-b455-b81ef5e1beae",
              "parentUUID": "42ab2421-ab4e-4b1c-9d8b-4d23d73bc25f",
              "isHook": false,
              "skipped": false
            },
            {
              "title": "Verifica se o novo quadro tem todos os pixels preenchidos com a cor branca",
              "fullTitle": "10 - Faça o quadro de pixels ter seu tamanho definido pelo usuário. Verifica se o novo quadro tem todos os pixels preenchidos com a cor branca",
              "timedOut": null,
              "duration": 4884,
              "state": "failed",
              "speed": null,
              "pass": false,
              "fail": true,
              "pending": false,
              "context": null,
              "code": "cy.get('#board-size').clear().type(6);\ncy.get('#generate-board').click();\ncy.get('.pixel').should('have.length', 36).each(function (pixel) {\n  expect(pixel).to.have.css('background-color', WHITE);\n});",
              "err": {
                "message": "CypressError: Timed out retrying: Expected to find element: '#board-size', but never found it.",
                "estack": "CypressError: Timed out retrying: Expected to find element: '#board-size', but never found it.\n    at cypressErr (http://localhost:45623/__cypress/runner/cypress_runner.js:149934:9)\n    at throwErr (http://localhost:45623/__cypress/runner/cypress_runner.js:149867:11)\n    at Object.throwErrByPath (http://localhost:45623/__cypress/runner/cypress_runner.js:149915:3)\n    at retry (http://localhost:45623/__cypress/runner/cypress_runner.js:144197:19)\n    at onFailFn (http://localhost:45623/__cypress/runner/cypress_runner.js:132448:16)\n    at tryCatcher (http://localhost:45623/__cypress/runner/cypress_runner.js:167415:23)\n    at Promise._settlePromiseFromHandler (http://localhost:45623/__cypress/runner/cypress_runner.js:165351:31)\n    at Promise._settlePromise (http://localhost:45623/__cypress/runner/cypress_runner.js:165408:18)\n    at Promise._settlePromise0 (http://localhost:45623/__cypress/runner/cypress_runner.js:165453:10)\n    at Promise._settlePromises (http://localhost:45623/__cypress/runner/cypress_runner.js:165528:18)\n    at Async../node_modules/bluebird/js/release/async.js.Async._drainQueue (http://localhost:45623/__cypress/runner/cypress_runner.js:162140:16)\n    at Async../node_modules/bluebird/js/release/async.js.Async._drainQueues (http://localhost:45623/__cypress/runner/cypress_runner.js:162150:10)\n    at Async.drainQueues (http://localhost:45623/__cypress/runner/cypress_runner.js:162024:14)",
                "diff": null
              },
              "uuid": "85bcda63-78f5-4816-9399-b6a2578f1139",
              "parentUUID": "42ab2421-ab4e-4b1c-9d8b-4d23d73bc25f",
              "isHook": false,
              "skipped": false
            }
          ],
          "suites": [],
          "passes": [],
          "failures": [
            "a829b133-0067-4337-b64d-d9b0071988e3",
            "54f9b83a-046f-4c22-b273-621752747dbd",
            "8e0cf752-0406-4457-9228-1fb8dcbe8d2a",
            "107cebcb-77f9-4b04-a20c-c53d62a2b717",
            "7b3a005f-6c27-4d9f-badc-e211187c4495",
            "3a196aa7-d116-4c5d-9d7f-4ab52ad44a54",
            "92c5e10e-7ae4-4ca1-bc51-2ebf142b445f",
            "f7d5093a-7194-45f1-b455-b81ef5e1beae",
            "85bcda63-78f5-4816-9399-b6a2578f1139"
          ],
          "pending": [],
          "skipped": [],
          "duration": 43356,
          "root": false,
          "rootEmpty": false,
          "_timeout": 2000
        },
        {
          "uuid": "1ac364b4-52d7-42d0-8150-e64cc178cac8",
          "title": "11 - Limite o tamanho mínimo e máximo do board.",
          "fullFile": "",
          "file": "",
          "beforeHooks": [],
          "afterHooks": [],
          "tests": [
            {
              "title": "Verifica se a altura máxima do board é 50",
              "fullTitle": "11 - Limite o tamanho mínimo e máximo do board. Verifica se a altura máxima do board é 50",
              "timedOut": null,
              "duration": 4992,
              "state": "failed",
              "speed": null,
              "pass": false,
              "fail": true,
              "pending": false,
              "context": null,
              "code": "cy.get('#board-size').clear().type(50);\ncy.get('#generate-board').click();\ncy.get('.pixel').should('have.length', 2500);",
              "err": {
                "message": "CypressError: Timed out retrying: Expected to find element: '#board-size', but never found it.",
                "estack": "CypressError: Timed out retrying: Expected to find element: '#board-size', but never found it.\n    at cypressErr (http://localhost:45623/__cypress/runner/cypress_runner.js:149934:9)\n    at throwErr (http://localhost:45623/__cypress/runner/cypress_runner.js:149867:11)\n    at Object.throwErrByPath (http://localhost:45623/__cypress/runner/cypress_runner.js:149915:3)\n    at retry (http://localhost:45623/__cypress/runner/cypress_runner.js:144197:19)\n    at onFailFn (http://localhost:45623/__cypress/runner/cypress_runner.js:132448:16)\n    at tryCatcher (http://localhost:45623/__cypress/runner/cypress_runner.js:167415:23)\n    at Promise._settlePromiseFromHandler (http://localhost:45623/__cypress/runner/cypress_runner.js:165351:31)\n    at Promise._settlePromise (http://localhost:45623/__cypress/runner/cypress_runner.js:165408:18)\n    at Promise._settlePromise0 (http://localhost:45623/__cypress/runner/cypress_runner.js:165453:10)\n    at Promise._settlePromises (http://localhost:45623/__cypress/runner/cypress_runner.js:165528:18)\n    at Async../node_modules/bluebird/js/release/async.js.Async._drainQueue (http://localhost:45623/__cypress/runner/cypress_runner.js:162140:16)\n    at Async../node_modules/bluebird/js/release/async.js.Async._drainQueues (http://localhost:45623/__cypress/runner/cypress_runner.js:162150:10)\n    at Async.drainQueues (http://localhost:45623/__cypress/runner/cypress_runner.js:162024:14)",
                "diff": null
              },
              "uuid": "2c311910-7bdc-4fce-bb0d-78abb280410e",
              "parentUUID": "1ac364b4-52d7-42d0-8150-e64cc178cac8",
              "isHook": false,
              "skipped": false
            },
            {
              "title": "Verifica se a altura do board é 5 quando um valor menor é colocado no input",
              "fullTitle": "11 - Limite o tamanho mínimo e máximo do board. Verifica se a altura do board é 5 quando um valor menor é colocado no input",
              "timedOut": null,
              "duration": 4767,
              "state": "failed",
              "speed": null,
              "pass": false,
              "fail": true,
              "pending": false,
              "context": null,
              "code": "cy.get('#board-size').clear().type(4);\ncy.get('#generate-board').click();\ncy.get('.pixel').should('have.length', 25);",
              "err": {
                "message": "CypressError: Timed out retrying: Expected to find element: '#board-size', but never found it.",
                "estack": "CypressError: Timed out retrying: Expected to find element: '#board-size', but never found it.\n    at cypressErr (http://localhost:45623/__cypress/runner/cypress_runner.js:149934:9)\n    at throwErr (http://localhost:45623/__cypress/runner/cypress_runner.js:149867:11)\n    at Object.throwErrByPath (http://localhost:45623/__cypress/runner/cypress_runner.js:149915:3)\n    at retry (http://localhost:45623/__cypress/runner/cypress_runner.js:144197:19)\n    at onFailFn (http://localhost:45623/__cypress/runner/cypress_runner.js:132448:16)\n    at tryCatcher (http://localhost:45623/__cypress/runner/cypress_runner.js:167415:23)\n    at Promise._settlePromiseFromHandler (http://localhost:45623/__cypress/runner/cypress_runner.js:165351:31)\n    at Promise._settlePromise (http://localhost:45623/__cypress/runner/cypress_runner.js:165408:18)\n    at Promise._settlePromise0 (http://localhost:45623/__cypress/runner/cypress_runner.js:165453:10)\n    at Promise._settlePromises (http://localhost:45623/__cypress/runner/cypress_runner.js:165528:18)\n    at Async../node_modules/bluebird/js/release/async.js.Async._drainQueue (http://localhost:45623/__cypress/runner/cypress_runner.js:162140:16)\n    at Async../node_modules/bluebird/js/release/async.js.Async._drainQueues (http://localhost:45623/__cypress/runner/cypress_runner.js:162150:10)\n    at Async.drainQueues (http://localhost:45623/__cypress/runner/cypress_runner.js:162024:14)",
                "diff": null
              },
              "uuid": "d73a4301-6ee2-42f4-a51e-fd0e58102ecf",
              "parentUUID": "1ac364b4-52d7-42d0-8150-e64cc178cac8",
              "isHook": false,
              "skipped": false
            },
            {
              "title": "Verifica se a altura do board é 50 quando um valor maior é colocado no input",
              "fullTitle": "11 - Limite o tamanho mínimo e máximo do board. Verifica se a altura do board é 50 quando um valor maior é colocado no input",
              "timedOut": null,
              "duration": 4818,
              "state": "failed",
              "speed": null,
              "pass": false,
              "fail": true,
              "pending": false,
              "context": null,
              "code": "cy.get('#board-size').clear().type(51);\ncy.get('#generate-board').click();\ncy.get('.pixel').should('have.length', 2500);",
              "err": {
                "message": "CypressError: Timed out retrying: Expected to find element: '#board-size', but never found it.",
                "estack": "CypressError: Timed out retrying: Expected to find element: '#board-size', but never found it.\n    at cypressErr (http://localhost:45623/__cypress/runner/cypress_runner.js:149934:9)\n    at throwErr (http://localhost:45623/__cypress/runner/cypress_runner.js:149867:11)\n    at Object.throwErrByPath (http://localhost:45623/__cypress/runner/cypress_runner.js:149915:3)\n    at retry (http://localhost:45623/__cypress/runner/cypress_runner.js:144197:19)\n    at onFailFn (http://localhost:45623/__cypress/runner/cypress_runner.js:132448:16)\n    at tryCatcher (http://localhost:45623/__cypress/runner/cypress_runner.js:167415:23)\n    at Promise._settlePromiseFromHandler (http://localhost:45623/__cypress/runner/cypress_runner.js:165351:31)\n    at Promise._settlePromise (http://localhost:45623/__cypress/runner/cypress_runner.js:165408:18)\n    at Promise._settlePromise0 (http://localhost:45623/__cypress/runner/cypress_runner.js:165453:10)\n    at Promise._settlePromises (http://localhost:45623/__cypress/runner/cypress_runner.js:165528:18)\n    at Async../node_modules/bluebird/js/release/async.js.Async._drainQueue (http://localhost:45623/__cypress/runner/cypress_runner.js:162140:16)\n    at Async../node_modules/bluebird/js/release/async.js.Async._drainQueues (http://localhost:45623/__cypress/runner/cypress_runner.js:162150:10)\n    at Async.drainQueues (http://localhost:45623/__cypress/runner/cypress_runner.js:162024:14)",
                "diff": null
              },
              "uuid": "af107e02-c4a9-4913-9ee9-f4b7f931173c",
              "parentUUID": "1ac364b4-52d7-42d0-8150-e64cc178cac8",
              "isHook": false,
              "skipped": false
            }
          ],
          "suites": [],
          "passes": [],
          "failures": [
            "2c311910-7bdc-4fce-bb0d-78abb280410e",
            "d73a4301-6ee2-42f4-a51e-fd0e58102ecf",
            "af107e02-c4a9-4913-9ee9-f4b7f931173c"
          ],
          "pending": [],
          "skipped": [],
          "duration": 14577,
          "root": false,
          "rootEmpty": false,
          "_timeout": 2000
        },
        {
          "uuid": "7a616b62-f17f-4ce8-bcb2-cd0da8dd275c",
          "title": "12 - Faça com que as cores da paleta sejam geradas aleatoriamente ao carregar a página.",
          "fullFile": "",
          "file": "",
          "beforeHooks": [],
          "afterHooks": [],
          "tests": [
            {
              "title": "Verifica se as cores geradas na paleta são diferentes a cada carregamento da página",
              "fullTitle": "12 - Faça com que as cores da paleta sejam geradas aleatoriamente ao carregar a página. Verifica se as cores geradas na paleta são diferentes a cada carregamento da página",
              "timedOut": null,
              "duration": 1235,
              "state": "failed",
              "speed": null,
              "pass": false,
              "fail": true,
              "pending": false,
              "context": null,
              "code": "cy.get('.color').then(function (colors) {\n  var currentColors;\n  var previousColors;\n  previousColors = Array.from(colors).map(function (color) {\n    return Cypress.$(color).css('background-color');\n  });\n  for (var i = 0; i < 5; i += 1) {\n    cy.reload();\n    cy.get('.color').then(function (colors) {\n      currentColors = Array.from(colors).map(function (color) {\n        return Cypress.$(color).css('background-color');\n      });\n      expect(currentColors).not.to.deep.equal(previousColors);\n      previousColors = currentColors;\n    });\n  }\n});",
              "err": {
                "message": "AssertionError: expected [ Array(4) ] to not deeply equal [ Array(4) ]",
                "estack": "AssertionError: expected [ Array(4) ] to not deeply equal [ Array(4) ]\n    at getRet (http://localhost:45623/__cypress/runner/cypress_runner.js:136585:16)\n    at tryCatcher (http://localhost:45623/__cypress/runner/cypress_runner.js:167415:23)\n    at Function.Promise.attempt.Promise.try (http://localhost:45623/__cypress/runner/cypress_runner.js:164690:29)\n    at Context.thenFn (http://localhost:45623/__cypress/runner/cypress_runner.js:136599:23)\n    at Context.then (http://localhost:45623/__cypress/runner/cypress_runner.js:136971:21)\n    at Context.<anonymous> (http://localhost:45623/__cypress/runner/cypress_runner.js:148875:21)\n    at http://localhost:45623/__cypress/runner/cypress_runner.js:148351:33\n    at tryCatcher (http://localhost:45623/__cypress/runner/cypress_runner.js:167415:23)\n    at Promise._settlePromiseFromHandler (http://localhost:45623/__cypress/runner/cypress_runner.js:165351:31)\n    at Promise._settlePromise (http://localhost:45623/__cypress/runner/cypress_runner.js:165408:18)\n    at Promise._settlePromiseCtx (http://localhost:45623/__cypress/runner/cypress_runner.js:165445:10)\n    at Async../node_modules/bluebird/js/release/async.js.Async._drainQueue (http://localhost:45623/__cypress/runner/cypress_runner.js:162145:12)\n    at Async../node_modules/bluebird/js/release/async.js.Async._drainQueues (http://localhost:45623/__cypress/runner/cypress_runner.js:162150:10)\n    at Async.drainQueues (http://localhost:45623/__cypress/runner/cypress_runner.js:162024:14)",
                "diff": ""
              },
              "uuid": "6bbc76ea-19a1-47f1-9722-930152293429",
              "parentUUID": "7a616b62-f17f-4ce8-bcb2-cd0da8dd275c",
              "isHook": false,
              "skipped": false
            },
            {
              "title": "Verifica se a cor preta ainda está presente e é a primeira na sua paleta de cores",
              "fullTitle": "12 - Faça com que as cores da paleta sejam geradas aleatoriamente ao carregar a página. Verifica se a cor preta ainda está presente e é a primeira na sua paleta de cores",
              "timedOut": null,
              "duration": 1041,
              "state": "failed",
              "speed": null,
              "pass": false,
              "fail": true,
              "pending": false,
              "context": null,
              "code": "cy.get('.color').then(function (colors) {\n  var currentColors;\n  var previousColors;\n  previousColors = Array.from(colors).map(function (color) {\n    return Cypress.$(color).css('background-color');\n  });\n  expect(previousColors[0]).to.eq(BLACK);\n  for (var i = 0; i < 5; i += 1) {\n    cy.reload();\n    cy.get('.color').then(function (colors) {\n      currentColors = Array.from(colors).map(function (color) {\n        return Cypress.$(color).css('background-color');\n      });\n      expect(currentColors[0]).to.eq(BLACK);\n      expect(currentColors).not.to.deep.equal(previousColors);\n      previousColors = currentColors;\n    });\n  }\n});",
              "err": {
                "message": "AssertionError: expected [ Array(4) ] to not deeply equal [ Array(4) ]",
                "estack": "AssertionError: expected [ Array(4) ] to not deeply equal [ Array(4) ]\n    at getRet (http://localhost:45623/__cypress/runner/cypress_runner.js:136585:16)\n    at tryCatcher (http://localhost:45623/__cypress/runner/cypress_runner.js:167415:23)\n    at Function.Promise.attempt.Promise.try (http://localhost:45623/__cypress/runner/cypress_runner.js:164690:29)\n    at Context.thenFn (http://localhost:45623/__cypress/runner/cypress_runner.js:136599:23)\n    at Context.then (http://localhost:45623/__cypress/runner/cypress_runner.js:136971:21)\n    at Context.<anonymous> (http://localhost:45623/__cypress/runner/cypress_runner.js:148875:21)\n    at http://localhost:45623/__cypress/runner/cypress_runner.js:148351:33\n    at tryCatcher (http://localhost:45623/__cypress/runner/cypress_runner.js:167415:23)\n    at Promise._settlePromiseFromHandler (http://localhost:45623/__cypress/runner/cypress_runner.js:165351:31)\n    at Promise._settlePromise (http://localhost:45623/__cypress/runner/cypress_runner.js:165408:18)\n    at Promise._settlePromiseCtx (http://localhost:45623/__cypress/runner/cypress_runner.js:165445:10)\n    at Async../node_modules/bluebird/js/release/async.js.Async._drainQueue (http://localhost:45623/__cypress/runner/cypress_runner.js:162145:12)\n    at Async../node_modules/bluebird/js/release/async.js.Async._drainQueues (http://localhost:45623/__cypress/runner/cypress_runner.js:162150:10)\n    at Async.drainQueues (http://localhost:45623/__cypress/runner/cypress_runner.js:162024:14)",
                "diff": ""
              },
              "uuid": "1a7e561f-7b0c-4188-adec-3db58655a494",
              "parentUUID": "7a616b62-f17f-4ce8-bcb2-cd0da8dd275c",
              "isHook": false,
              "skipped": false
            }
          ],
          "suites": [],
          "passes": [],
          "failures": [
            "6bbc76ea-19a1-47f1-9722-930152293429",
            "1a7e561f-7b0c-4188-adec-3db58655a494"
          ],
          "pending": [],
          "skipped": [],
          "duration": 2276,
          "root": false,
          "rootEmpty": false,
          "_timeout": 2000
        }
      ],
      "passes": [],
      "failures": [],
      "pending": [],
      "skipped": [],
      "duration": 0,
      "root": true,
      "rootEmpty": true,
      "_timeout": 2000
    }
  ],
  "meta": {
    "mocha": {
      "version": "7.0.1"
    },
    "mochawesome": {
      "options": {
        "quiet": false,
        "reportFilename": "mochawesome",
        "saveHtml": false,
        "saveJson": true,
        "consoleReporter": "spec",
        "useInlineDiffs": false
      },
      "version": "4.1.0"
    },
    "marge": {
      "options": {
        "id": "default",
        "reportDir": "cypress/reports",
        "overwrite": true,
        "html": false,
        "json": true
      },
      "version": "4.1.0"
    }
  }
}