{
  "stats": {
    "suites": 12,
    "tests": 41,
    "passes": 24,
    "pending": 0,
    "failures": 17,
    "start": "2021-08-15T04:01:29.936Z",
    "end": "2021-08-15T04:02:46.432Z",
    "duration": 76496,
    "testsRegistered": 41,
    "passPercent": 58.536585365853654,
    "pendingPercent": 0,
    "other": 0,
    "hasOther": false,
    "skipped": 0,
    "hasSkipped": false
  },
  "results": [
    {
      "uuid": "d3fcfbd6-d8ff-4bd1-abb4-fc80ed67944a",
      "title": "",
      "fullFile": "cypress/integration/project.spec.js",
      "file": "cypress/integration/project.spec.js",
      "beforeHooks": [],
      "afterHooks": [],
      "tests": [],
      "suites": [
        {
          "uuid": "26d29357-8b37-4e48-9399-aa22b1b119c4",
          "title": "1 - Adicione à página o título \"Paleta de Cores\".",
          "fullFile": "",
          "file": "",
          "beforeHooks": [],
          "afterHooks": [],
          "tests": [
            {
              "title": "Verifica se contém um elemento `h1` com o id `title` com o título correto",
              "fullTitle": "1 - Adicione à página o título \"Paleta de Cores\". Verifica se contém um elemento `h1` com o id `title` com o título correto",
              "timedOut": null,
              "duration": 108,
              "state": "passed",
              "speed": "slow",
              "pass": true,
              "fail": false,
              "pending": false,
              "context": null,
              "code": "cy.get('h1#title').should('contain.text', 'Paleta de Cores');",
              "err": {},
              "uuid": "26ec5be7-c72c-491e-af27-c5fdf724f2d1",
              "parentUUID": "26d29357-8b37-4e48-9399-aa22b1b119c4",
              "isHook": false,
              "skipped": false
            }
          ],
          "suites": [],
          "passes": [
            "26ec5be7-c72c-491e-af27-c5fdf724f2d1"
          ],
          "failures": [],
          "pending": [],
          "skipped": [],
          "duration": 108,
          "root": false,
          "rootEmpty": false,
          "_timeout": 2000
        },
        {
          "uuid": "e1e6bf6b-11e5-4cf1-85fb-d1fd360f93d2",
          "title": "2 - Adicione à página uma paleta de quatro cores distintas.",
          "fullFile": "",
          "file": "",
          "beforeHooks": [],
          "afterHooks": [],
          "tests": [
            {
              "title": "A paleta de cores deve ser um elemento com `id` denominado `color-palette`",
              "fullTitle": "2 - Adicione à página uma paleta de quatro cores distintas. A paleta de cores deve ser um elemento com `id` denominado `color-palette`",
              "timedOut": null,
              "duration": 50,
              "state": "passed",
              "speed": "medium",
              "pass": true,
              "fail": false,
              "pending": false,
              "context": null,
              "code": "cy.get('#color-palette').should('be.visible');",
              "err": {},
              "uuid": "7af263a6-24b2-4637-b17b-d39f1b29f05c",
              "parentUUID": "e1e6bf6b-11e5-4cf1-85fb-d1fd360f93d2",
              "isHook": false,
              "skipped": false
            },
            {
              "title": "Verifica se cada cor individual da paleta de cores possui a `classe` chamada `color`.",
              "fullTitle": "2 - Adicione à página uma paleta de quatro cores distintas. Verifica se cada cor individual da paleta de cores possui a `classe` chamada `color`.",
              "timedOut": null,
              "duration": 109,
              "state": "passed",
              "speed": "slow",
              "pass": true,
              "fail": false,
              "pending": false,
              "context": null,
              "code": "cy.get('.color').should('have.length', 4).then(function (colors) {\n  for (var i = 0; i < colors.length; i++) {\n    cy.wrap(colors[i]).should('be.visible');\n  }\n});",
              "err": {},
              "uuid": "aaa4cc81-9481-4e53-940d-9358cec87482",
              "parentUUID": "e1e6bf6b-11e5-4cf1-85fb-d1fd360f93d2",
              "isHook": false,
              "skipped": false
            },
            {
              "title": "Verifica se a cor de fundo de cada elemento da paleta é a cor que o elemento representa. **A única cor não permitida na paleta é a cor branca.**",
              "fullTitle": "2 - Adicione à página uma paleta de quatro cores distintas. Verifica se a cor de fundo de cada elemento da paleta é a cor que o elemento representa. **A única cor não permitida na paleta é a cor branca.**",
              "timedOut": null,
              "duration": 75,
              "state": "passed",
              "speed": "medium",
              "pass": true,
              "fail": false,
              "pending": false,
              "context": null,
              "code": "cy.get('.color').each(function (color) {\n  cy.wrap(color).should('have.class', 'color').and('not.have.css', 'background-color', WHITE);\n  cy.wrap(color).should('have.css', 'background-color');\n});",
              "err": {},
              "uuid": "36621c3a-4a3a-4019-9c21-69b0c36d6ffa",
              "parentUUID": "e1e6bf6b-11e5-4cf1-85fb-d1fd360f93d2",
              "isHook": false,
              "skipped": false
            },
            {
              "title": "Verifica se cada elemento da paleta de cores tem uma borda preta, sólida e com 1 pixel de largura;",
              "fullTitle": "2 - Adicione à página uma paleta de quatro cores distintas. Verifica se cada elemento da paleta de cores tem uma borda preta, sólida e com 1 pixel de largura;",
              "timedOut": null,
              "duration": 62,
              "state": "passed",
              "speed": "medium",
              "pass": true,
              "fail": false,
              "pending": false,
              "context": null,
              "code": "cy.get('.color').each(function (color) {\n  cy.wrap(color).and('have.css', 'border', \"1px solid \".concat(BLACK)).and('have.class', 'color');\n});",
              "err": {},
              "uuid": "7edfe724-a645-4c61-8d7f-614807dce853",
              "parentUUID": "e1e6bf6b-11e5-4cf1-85fb-d1fd360f93d2",
              "isHook": false,
              "skipped": false
            },
            {
              "title": "Verifica se a paleta lista todas as cores disponíveis para utilização, lado a lado.",
              "fullTitle": "2 - Adicione à página uma paleta de quatro cores distintas. Verifica se a paleta lista todas as cores disponíveis para utilização, lado a lado.",
              "timedOut": null,
              "duration": 71,
              "state": "passed",
              "speed": "medium",
              "pass": true,
              "fail": false,
              "pending": false,
              "context": null,
              "code": "cy.get('.color').then(function (colors) {\n  for (var index = 1; index < colors.length; index += 1) {\n    var currentColor = colors[index];\n    var previousColor = colors[index - 1];\n    cy.wrap(currentColor).should('be.onTheRightOf', previousColor).and('be.horizontallyAlignedWith', previousColor);\n  }\n});",
              "err": {},
              "uuid": "0985c7bd-42e2-4ae9-a621-787b1fc0389d",
              "parentUUID": "e1e6bf6b-11e5-4cf1-85fb-d1fd360f93d2",
              "isHook": false,
              "skipped": false
            },
            {
              "title": "Verifica se a paleta de cores está posicionada abaixo do título 'Paleta de Cores'",
              "fullTitle": "2 - Adicione à página uma paleta de quatro cores distintas. Verifica se a paleta de cores está posicionada abaixo do título 'Paleta de Cores'",
              "timedOut": null,
              "duration": 84,
              "state": "passed",
              "speed": "slow",
              "pass": true,
              "fail": false,
              "pending": false,
              "context": null,
              "code": "cy.get('h1#title').then(function (title) {\n  cy.get('#color-palette').should('be.belowOf', title);\n});",
              "err": {},
              "uuid": "484556b2-c043-4013-b8d1-2dbbc0cac4ea",
              "parentUUID": "e1e6bf6b-11e5-4cf1-85fb-d1fd360f93d2",
              "isHook": false,
              "skipped": false
            },
            {
              "title": "Verifica se a paleta de cores não contém cores repetidas.",
              "fullTitle": "2 - Adicione à página uma paleta de quatro cores distintas. Verifica se a paleta de cores não contém cores repetidas.",
              "timedOut": null,
              "duration": 65,
              "state": "passed",
              "speed": "medium",
              "pass": true,
              "fail": false,
              "pending": false,
              "context": null,
              "code": "cy.get('.color').then(function (colors) {\n  var allColors = Array.from(colors).map(function (color) {\n    return Cypress.$(color).css('background-color');\n  });\n  cy.log(allColors);\n  var uniqColors = (0, _toConsumableArray2[\"default\"])(new Set(allColors));\n  cy.log(uniqColors);\n  expect(allColors.length).to.eq(uniqColors.length);\n});",
              "err": {},
              "uuid": "5139ec3a-96df-47c2-baa8-7484e3c7631e",
              "parentUUID": "e1e6bf6b-11e5-4cf1-85fb-d1fd360f93d2",
              "isHook": false,
              "skipped": false
            }
          ],
          "suites": [],
          "passes": [
            "7af263a6-24b2-4637-b17b-d39f1b29f05c",
            "aaa4cc81-9481-4e53-940d-9358cec87482",
            "36621c3a-4a3a-4019-9c21-69b0c36d6ffa",
            "7edfe724-a645-4c61-8d7f-614807dce853",
            "0985c7bd-42e2-4ae9-a621-787b1fc0389d",
            "484556b2-c043-4013-b8d1-2dbbc0cac4ea",
            "5139ec3a-96df-47c2-baa8-7484e3c7631e"
          ],
          "failures": [],
          "pending": [],
          "skipped": [],
          "duration": 516,
          "root": false,
          "rootEmpty": false,
          "_timeout": 2000
        },
        {
          "uuid": "f6626bcb-7d18-4ca8-a1f5-902fa19f8e42",
          "title": "3 - Adicione a cor **preta** como a primeira cor da paleta de cores.",
          "fullFile": "",
          "file": "",
          "beforeHooks": [],
          "afterHooks": [],
          "tests": [
            {
              "title": "Verifica se a primeira cor da paleta é preta",
              "fullTitle": "3 - Adicione a cor **preta** como a primeira cor da paleta de cores. Verifica se a primeira cor da paleta é preta",
              "timedOut": null,
              "duration": 74,
              "state": "passed",
              "speed": "medium",
              "pass": true,
              "fail": false,
              "pending": false,
              "context": null,
              "code": "cy.get('.color').first().should('have.css', 'background-color', BLACK);",
              "err": {},
              "uuid": "5c2a1a19-f1a8-44f9-85ec-284654652500",
              "parentUUID": "f6626bcb-7d18-4ca8-a1f5-902fa19f8e42",
              "isHook": false,
              "skipped": false
            },
            {
              "title": "Verifica se as demais cores podem ser escolhidas livremente.",
              "fullTitle": "3 - Adicione a cor **preta** como a primeira cor da paleta de cores. Verifica se as demais cores podem ser escolhidas livremente.",
              "timedOut": null,
              "duration": 128,
              "state": "passed",
              "speed": "slow",
              "pass": true,
              "fail": false,
              "pending": false,
              "context": null,
              "code": "cy.get('.color').eq(1).should('not.have.css', 'background-color', BLACK);\ncy.get('.color').eq(1).should('not.have.css', 'background-color', WHITE);\ncy.get('.color').eq(1).should('not.have.css', 'background-color', 'rgba(0, 0, 0, 0)');\ncy.get('.color').eq(1).should('have.css', 'background-color');\ncy.get('.color').eq(2).should('not.have.css', 'background-color', BLACK);\ncy.get('.color').eq(2).should('not.have.css', 'background-color', WHITE);\ncy.get('.color').eq(2).should('not.have.css', 'background-color', 'rgba(0, 0, 0, 0)');\ncy.get('.color').eq(2).should('have.css', 'background-color');\ncy.get('.color').eq(3).should('not.have.css', 'background-color', BLACK);\ncy.get('.color').eq(3).should('not.have.css', 'background-color', WHITE);\ncy.get('.color').eq(3).should('not.have.css', 'background-color', 'rgba(0, 0, 0, 0)');\ncy.get('.color').eq(3).should('have.css', 'background-color');",
              "err": {},
              "uuid": "976d2dd5-5c3d-447f-aa88-7368989eac38",
              "parentUUID": "f6626bcb-7d18-4ca8-a1f5-902fa19f8e42",
              "isHook": false,
              "skipped": false
            }
          ],
          "suites": [],
          "passes": [
            "5c2a1a19-f1a8-44f9-85ec-284654652500",
            "976d2dd5-5c3d-447f-aa88-7368989eac38"
          ],
          "failures": [],
          "pending": [],
          "skipped": [],
          "duration": 202,
          "root": false,
          "rootEmpty": false,
          "_timeout": 2000
        },
        {
          "uuid": "a7ba25c8-5274-43fd-a2ed-c3c881e7d141",
          "title": "4 - Adicione à página um quadro de pixels, com 25 pixels.",
          "fullFile": "",
          "file": "",
          "beforeHooks": [],
          "afterHooks": [],
          "tests": [
            {
              "title": "Verifica se o quadro de pixels possui o `id` denominado `pixel-board`",
              "fullTitle": "4 - Adicione à página um quadro de pixels, com 25 pixels. Verifica se o quadro de pixels possui o `id` denominado `pixel-board`",
              "timedOut": null,
              "duration": 47,
              "state": "passed",
              "speed": "medium",
              "pass": true,
              "fail": false,
              "pending": false,
              "context": null,
              "code": "cy.get('#pixel-board').should('be.visible');",
              "err": {},
              "uuid": "4ffeab85-d5c5-4f51-a3be-b71f4f5c3050",
              "parentUUID": "a7ba25c8-5274-43fd-a2ed-c3c881e7d141",
              "isHook": false,
              "skipped": false
            },
            {
              "title": "Verifica se cada pixel individual dentro do quadro possui a `classe` denominada `pixel`.",
              "fullTitle": "4 - Adicione à página um quadro de pixels, com 25 pixels. Verifica se cada pixel individual dentro do quadro possui a `classe` denominada `pixel`.",
              "timedOut": null,
              "duration": 62,
              "state": "passed",
              "speed": "medium",
              "pass": true,
              "fail": false,
              "pending": false,
              "context": null,
              "code": "cy.get('.pixel').should('have.length', 25);",
              "err": {},
              "uuid": "dd0378c6-d321-41f6-bdd4-36c97279c05c",
              "parentUUID": "a7ba25c8-5274-43fd-a2ed-c3c881e7d141",
              "isHook": false,
              "skipped": false
            },
            {
              "title": "Verifica se a cor inicial dos pixels dentro do quadro, ao abrir a página, é branca.",
              "fullTitle": "4 - Adicione à página um quadro de pixels, com 25 pixels. Verifica se a cor inicial dos pixels dentro do quadro, ao abrir a página, é branca.",
              "timedOut": null,
              "duration": 105,
              "state": "passed",
              "speed": "slow",
              "pass": true,
              "fail": false,
              "pending": false,
              "context": null,
              "code": "cy.get('.pixel').should('have.length', 25).each(function (pixel) {\n  expect(pixel).to.have.css('background-color', WHITE);\n});",
              "err": {},
              "uuid": "3b6387cf-81ee-40a2-b910-9fd061b30385",
              "parentUUID": "a7ba25c8-5274-43fd-a2ed-c3c881e7d141",
              "isHook": false,
              "skipped": false
            },
            {
              "title": "Verifica se o quadro de pixels aparece abaixo da paleta de cores",
              "fullTitle": "4 - Adicione à página um quadro de pixels, com 25 pixels. Verifica se o quadro de pixels aparece abaixo da paleta de cores",
              "timedOut": null,
              "duration": 50,
              "state": "passed",
              "speed": "medium",
              "pass": true,
              "fail": false,
              "pending": false,
              "context": null,
              "code": "cy.get('#color-palette').then(function (palette) {\n  cy.get('#pixel-board').should('be.belowOf', palette);\n});",
              "err": {},
              "uuid": "2d9cec42-6975-4111-8e0e-e53a060c043b",
              "parentUUID": "a7ba25c8-5274-43fd-a2ed-c3c881e7d141",
              "isHook": false,
              "skipped": false
            }
          ],
          "suites": [],
          "passes": [
            "4ffeab85-d5c5-4f51-a3be-b71f4f5c3050",
            "dd0378c6-d321-41f6-bdd4-36c97279c05c",
            "3b6387cf-81ee-40a2-b910-9fd061b30385",
            "2d9cec42-6975-4111-8e0e-e53a060c043b"
          ],
          "failures": [],
          "pending": [],
          "skipped": [],
          "duration": 264,
          "root": false,
          "rootEmpty": false,
          "_timeout": 2000
        },
        {
          "uuid": "184190da-9222-48f3-a267-96ea2b0f2f25",
          "title": "5 - Faça com que cada elemento do quadro de pixels possua 40 pixels de largura, 40 pixels de altura e seja delimitado por uma borda preta de 1 pixel.",
          "fullFile": "",
          "file": "",
          "beforeHooks": [],
          "afterHooks": [],
          "tests": [
            {
              "title": "Verifica se o quadro de pixels tem altura e comprimento de 5 elementos",
              "fullTitle": "5 - Faça com que cada elemento do quadro de pixels possua 40 pixels de largura, 40 pixels de altura e seja delimitado por uma borda preta de 1 pixel. Verifica se o quadro de pixels tem altura e comprimento de 5 elementos",
              "timedOut": null,
              "duration": 158,
              "state": "passed",
              "speed": "slow",
              "pass": true,
              "fail": false,
              "pending": false,
              "context": null,
              "code": "cy.get('.pixel').should('have.length', 25).each(function (pixel) {\n  expect(pixel).to.have.css('background-color', WHITE);\n}).and(function (pixels) {\n  var rows = chunk(pixels, 5);\n  rows.forEach(function (row) {\n    for (var index = 1; index < row.length; index += 1) {\n      var current = pixels[index];\n      var previous = pixels[index - 1];\n      cy.wrap(current).should('be.onTheRightOf', previous).and('be.horizontallyAlignedWith', previous);\n    }\n  });\n  for (var index = 1; index < 5; index += 1) {\n    expect(pixels[index * 5]).to.be.belowOf(pixels[(index - 1) * 5]);\n  }\n});",
              "err": {},
              "uuid": "fa2d443f-6dd9-4134-800c-76570fd59aa0",
              "parentUUID": "184190da-9222-48f3-a267-96ea2b0f2f25",
              "isHook": false,
              "skipped": false
            },
            {
              "title": "Verifica se 40 pixels é o tamanho total do elemento, incluindo seu conteúdo e excluindo a borda preta, que deve ser criada à parte.",
              "fullTitle": "5 - Faça com que cada elemento do quadro de pixels possua 40 pixels de largura, 40 pixels de altura e seja delimitado por uma borda preta de 1 pixel. Verifica se 40 pixels é o tamanho total do elemento, incluindo seu conteúdo e excluindo a borda preta, que deve ser criada à parte.",
              "timedOut": null,
              "duration": 167,
              "state": "passed",
              "speed": "slow",
              "pass": true,
              "fail": false,
              "pending": false,
              "context": null,
              "code": "cy.get('.pixel').each(function (pixel) {\n  cy.wrap(pixel).should('have.css', 'height', '40px').and('have.css', 'width', '40px').and('have.css', 'border', \"1px solid \".concat(BLACK));\n});",
              "err": {},
              "uuid": "5dd7fb17-9bb1-40df-9e91-e9e8df581788",
              "parentUUID": "184190da-9222-48f3-a267-96ea2b0f2f25",
              "isHook": false,
              "skipped": false
            }
          ],
          "suites": [],
          "passes": [
            "fa2d443f-6dd9-4134-800c-76570fd59aa0",
            "5dd7fb17-9bb1-40df-9e91-e9e8df581788"
          ],
          "failures": [],
          "pending": [],
          "skipped": [],
          "duration": 325,
          "root": false,
          "rootEmpty": false,
          "_timeout": 2000
        },
        {
          "uuid": "df7d1dff-ee88-4e41-9e95-f7d58a16c0b2",
          "title": "6 - Defina a cor preta como cor inicial. Ao carregar a página a cor preta já deve estar selecionada para pintar os pixels",
          "fullFile": "",
          "file": "",
          "beforeHooks": [],
          "afterHooks": [],
          "tests": [
            {
              "title": "Verifica se o elemento da cor preta possui, inicialmente, a `classe` `selected`",
              "fullTitle": "6 - Defina a cor preta como cor inicial. Ao carregar a página a cor preta já deve estar selecionada para pintar os pixels Verifica se o elemento da cor preta possui, inicialmente, a `classe` `selected`",
              "timedOut": null,
              "duration": 49,
              "state": "passed",
              "speed": "medium",
              "pass": true,
              "fail": false,
              "pending": false,
              "context": null,
              "code": "cy.get('.selected').first().should('have.css', 'background-color', BLACK);",
              "err": {},
              "uuid": "f574b175-42c1-464e-8295-3817c7d32656",
              "parentUUID": "df7d1dff-ee88-4e41-9e95-f7d58a16c0b2",
              "isHook": false,
              "skipped": false
            },
            {
              "title": "Verifica se nenhuma outra cor da paleta tem a `classe` `selected`",
              "fullTitle": "6 - Defina a cor preta como cor inicial. Ao carregar a página a cor preta já deve estar selecionada para pintar os pixels Verifica se nenhuma outra cor da paleta tem a `classe` `selected`",
              "timedOut": null,
              "duration": 50,
              "state": "passed",
              "speed": "medium",
              "pass": true,
              "fail": false,
              "pending": false,
              "context": null,
              "code": "cy.get('.color:not(:first-child)').each(function (color) {\n  cy.wrap(color).should('not.have.class', 'selected');\n});",
              "err": {},
              "uuid": "05226a29-334d-447f-bbc5-b1b824fb8d0e",
              "parentUUID": "df7d1dff-ee88-4e41-9e95-f7d58a16c0b2",
              "isHook": false,
              "skipped": false
            }
          ],
          "suites": [],
          "passes": [
            "f574b175-42c1-464e-8295-3817c7d32656",
            "05226a29-334d-447f-bbc5-b1b824fb8d0e"
          ],
          "failures": [],
          "pending": [],
          "skipped": [],
          "duration": 99,
          "root": false,
          "rootEmpty": false,
          "_timeout": 2000
        },
        {
          "uuid": "334861bf-1a1b-44dc-aaf2-c1ae4b2ffd5d",
          "title": "7 - Clicar em uma das cores da paleta, faz com que ela seja selecionada e utilizada para preencher os pixels no quadro.",
          "fullFile": "",
          "file": "",
          "beforeHooks": [],
          "afterHooks": [],
          "tests": [
            {
              "title": "Verifica se somente uma cor da paleta de cores tem a classe `selected` de cada vez",
              "fullTitle": "7 - Clicar em uma das cores da paleta, faz com que ela seja selecionada e utilizada para preencher os pixels no quadro. Verifica se somente uma cor da paleta de cores tem a classe `selected` de cada vez",
              "timedOut": null,
              "duration": 441,
              "state": "passed",
              "speed": "slow",
              "pass": true,
              "fail": false,
              "pending": false,
              "context": null,
              "code": "cy.get('.color').each(function (selectedColor, selectedColorIndex) {\n  cy.wrap(selectedColor).click();\n  cy.get('.color').each(function (color, colorIndex) {\n    if (colorIndex === selectedColorIndex) {\n      expect(color).to.have[\"class\"]('selected');\n    } else {\n      expect(color).not.to.have[\"class\"]('selected');\n    }\n  });\n});",
              "err": {},
              "uuid": "3fb373be-1379-4e85-bae2-a8f728cc2b3a",
              "parentUUID": "334861bf-1a1b-44dc-aaf2-c1ae4b2ffd5d",
              "isHook": false,
              "skipped": false
            },
            {
              "title": "Verifica se os pixels dentro do quadro não têm a classe `selected` quando são clicados",
              "fullTitle": "7 - Clicar em uma das cores da paleta, faz com que ela seja selecionada e utilizada para preencher os pixels no quadro. Verifica se os pixels dentro do quadro não têm a classe `selected` quando são clicados",
              "timedOut": null,
              "duration": 8695,
              "state": "passed",
              "speed": "slow",
              "pass": true,
              "fail": false,
              "pending": false,
              "context": null,
              "code": "cy.get('.color').each(function (color) {\n  var backgroundColor = color.css('background-color');\n  cy.wrap(color).click();\n  cy.get('.pixel').each(function (pixel) {\n    cy.wrap(pixel).click().should('not.have.class', 'selected');\n  });\n});",
              "err": {},
              "uuid": "9d935d3a-43d8-477f-91eb-b5a464996fcc",
              "parentUUID": "334861bf-1a1b-44dc-aaf2-c1ae4b2ffd5d",
              "isHook": false,
              "skipped": false
            }
          ],
          "suites": [],
          "passes": [
            "3fb373be-1379-4e85-bae2-a8f728cc2b3a",
            "9d935d3a-43d8-477f-91eb-b5a464996fcc"
          ],
          "failures": [],
          "pending": [],
          "skipped": [],
          "duration": 9136,
          "root": false,
          "rootEmpty": false,
          "_timeout": 2000
        },
        {
          "uuid": "3180005b-3eec-414d-b033-e05d14476f61",
          "title": "8 - Clicar em um pixel dentro do quadro após selecionar uma cor na paleta, faz com que o pixel seja preenchido com a cor selecionada.",
          "fullFile": "",
          "file": "",
          "beforeHooks": [],
          "afterHooks": [],
          "tests": [
            {
              "title": "Verifica se ao carregar a página deve ser possível pintar os pixels de preto",
              "fullTitle": "8 - Clicar em um pixel dentro do quadro após selecionar uma cor na paleta, faz com que o pixel seja preenchido com a cor selecionada. Verifica se ao carregar a página deve ser possível pintar os pixels de preto",
              "timedOut": null,
              "duration": 4276,
              "state": "failed",
              "speed": null,
              "pass": false,
              "fail": true,
              "pending": false,
              "context": null,
              "code": "cy.get('.pixel').each(function (pixel) {\n  cy.wrap(pixel).click().should('have.css', 'background-color', BLACK);\n});",
              "err": {
                "message": "CypressError: Timed out retrying: expected '<li.pixel>' to have CSS property 'background-color' with the value 'rgb(0, 0, 0)', but the value was 'rgb(255, 255, 255)'",
                "estack": "CypressError: Timed out retrying: expected '<li.pixel>' to have CSS property 'background-color' with the value 'rgb(0, 0, 0)', but the value was 'rgb(255, 255, 255)'\n    at cypressErr (http://localhost:33681/__cypress/runner/cypress_runner.js:149934:9)\n    at throwErr (http://localhost:33681/__cypress/runner/cypress_runner.js:149867:11)\n    at Object.throwErrByPath (http://localhost:33681/__cypress/runner/cypress_runner.js:149915:3)\n    at retry (http://localhost:33681/__cypress/runner/cypress_runner.js:144197:19)\n    at onFailFn (http://localhost:33681/__cypress/runner/cypress_runner.js:132448:16)\n    at tryCatcher (http://localhost:33681/__cypress/runner/cypress_runner.js:167415:23)\n    at Promise._settlePromiseFromHandler (http://localhost:33681/__cypress/runner/cypress_runner.js:165351:31)\n    at Promise._settlePromise (http://localhost:33681/__cypress/runner/cypress_runner.js:165408:18)\n    at Promise._settlePromise0 (http://localhost:33681/__cypress/runner/cypress_runner.js:165453:10)\n    at Promise._settlePromises (http://localhost:33681/__cypress/runner/cypress_runner.js:165528:18)\n    at Async../node_modules/bluebird/js/release/async.js.Async._drainQueue (http://localhost:33681/__cypress/runner/cypress_runner.js:162140:16)\n    at Async../node_modules/bluebird/js/release/async.js.Async._drainQueues (http://localhost:33681/__cypress/runner/cypress_runner.js:162150:10)\n    at Async.drainQueues (http://localhost:33681/__cypress/runner/cypress_runner.js:162024:14)",
                "diff": null
              },
              "uuid": "857a6704-4155-4828-93f3-4162dc47a538",
              "parentUUID": "3180005b-3eec-414d-b033-e05d14476f61",
              "isHook": false,
              "skipped": false
            },
            {
              "title": "Verifica se após selecionar uma outra cor na paleta, é possível pintar os pixels com essa cor",
              "fullTitle": "8 - Clicar em um pixel dentro do quadro após selecionar uma cor na paleta, faz com que o pixel seja preenchido com a cor selecionada. Verifica se após selecionar uma outra cor na paleta, é possível pintar os pixels com essa cor",
              "timedOut": null,
              "duration": 4339,
              "state": "failed",
              "speed": null,
              "pass": false,
              "fail": true,
              "pending": false,
              "context": null,
              "code": "cy.get('.color').each(function (color) {\n  var backgroundColor = color.css('background-color');\n  cy.wrap(color).click();\n  cy.get('.pixel').each(function (pixel) {\n    cy.wrap(pixel).click().should('have.css', 'background-color', backgroundColor);\n  });\n});",
              "err": {
                "message": "CypressError: Timed out retrying: expected '<li.pixel>' to have CSS property 'background-color' with the value 'rgb(0, 0, 0)', but the value was 'rgb(255, 255, 255)'",
                "estack": "CypressError: Timed out retrying: expected '<li.pixel>' to have CSS property 'background-color' with the value 'rgb(0, 0, 0)', but the value was 'rgb(255, 255, 255)'\n    at cypressErr (http://localhost:33681/__cypress/runner/cypress_runner.js:149934:9)\n    at throwErr (http://localhost:33681/__cypress/runner/cypress_runner.js:149867:11)\n    at Object.throwErrByPath (http://localhost:33681/__cypress/runner/cypress_runner.js:149915:3)\n    at retry (http://localhost:33681/__cypress/runner/cypress_runner.js:144197:19)\n    at onFailFn (http://localhost:33681/__cypress/runner/cypress_runner.js:132448:16)\n    at tryCatcher (http://localhost:33681/__cypress/runner/cypress_runner.js:167415:23)\n    at Promise._settlePromiseFromHandler (http://localhost:33681/__cypress/runner/cypress_runner.js:165351:31)\n    at Promise._settlePromise (http://localhost:33681/__cypress/runner/cypress_runner.js:165408:18)\n    at Promise._settlePromise0 (http://localhost:33681/__cypress/runner/cypress_runner.js:165453:10)\n    at Promise._settlePromises (http://localhost:33681/__cypress/runner/cypress_runner.js:165528:18)\n    at Async../node_modules/bluebird/js/release/async.js.Async._drainQueue (http://localhost:33681/__cypress/runner/cypress_runner.js:162140:16)\n    at Async../node_modules/bluebird/js/release/async.js.Async._drainQueues (http://localhost:33681/__cypress/runner/cypress_runner.js:162150:10)\n    at Async.drainQueues (http://localhost:33681/__cypress/runner/cypress_runner.js:162024:14)",
                "diff": null
              },
              "uuid": "83b15e6d-866f-481a-9bb0-617f6911ec34",
              "parentUUID": "3180005b-3eec-414d-b033-e05d14476f61",
              "isHook": false,
              "skipped": false
            },
            {
              "title": "Verifica se somente o pixel que foi clicado foi preenchido com a cor selecionada, sem influenciar na cor dos demais pixels.",
              "fullTitle": "8 - Clicar em um pixel dentro do quadro após selecionar uma cor na paleta, faz com que o pixel seja preenchido com a cor selecionada. Verifica se somente o pixel que foi clicado foi preenchido com a cor selecionada, sem influenciar na cor dos demais pixels.",
              "timedOut": null,
              "duration": 1073,
              "state": "passed",
              "speed": "slow",
              "pass": true,
              "fail": false,
              "pending": false,
              "context": null,
              "code": "var colorToPixelIndexMap = {\n  0: 6,\n  1: 8,\n  2: 16,\n  3: 18\n};\ncy.get('.color').each(function (color, index) {\n  cy.wrap(color).click();\n  var backgroundColor = color.css('background-color');\n  var clickedPixelIndex = colorToPixelIndexMap[index];\n  cy.get('.pixel').eq(clickedPixelIndex).click();\n  cy.get('.pixel').eq(clickedPixelIndex - 1).should('not.have.css', 'background-color', backgroundColor);\n  cy.get('.pixel').eq(clickedPixelIndex + 1).should('not.have.css', 'background-color', backgroundColor);\n  cy.get('.pixel').eq(clickedPixelIndex - 5).should('not.have.css', 'background-color', backgroundColor);\n  cy.get('.pixel').eq(clickedPixelIndex + 5).should('not.have.css', 'background-color', backgroundColor);\n  cy.get('.pixel').eq(clickedPixelIndex - 6).should('not.have.css', 'background-color', backgroundColor);\n  cy.get('.pixel').eq(clickedPixelIndex - 4).should('not.have.css', 'background-color', backgroundColor);\n  cy.get('.pixel').eq(clickedPixelIndex + 4).should('not.have.css', 'background-color', backgroundColor);\n  cy.get('.pixel').eq(clickedPixelIndex + 6).should('not.have.css', 'background-color', backgroundColor);\n});",
              "err": {},
              "uuid": "6a1a377b-7aed-438b-820d-97f77bded7fe",
              "parentUUID": "3180005b-3eec-414d-b033-e05d14476f61",
              "isHook": false,
              "skipped": false
            }
          ],
          "suites": [],
          "passes": [
            "6a1a377b-7aed-438b-820d-97f77bded7fe"
          ],
          "failures": [
            "857a6704-4155-4828-93f3-4162dc47a538",
            "83b15e6d-866f-481a-9bb0-617f6911ec34"
          ],
          "pending": [],
          "skipped": [],
          "duration": 9688,
          "root": false,
          "rootEmpty": false,
          "_timeout": 2000
        },
        {
          "uuid": "59b67a41-dd76-48b9-898c-65f0e5a6c716",
          "title": "9 - Crie um botão que, ao ser clicado, limpa o quadro preenchendo a cor de todos seus pixels com branco.",
          "fullFile": "",
          "file": "",
          "beforeHooks": [],
          "afterHooks": [],
          "tests": [
            {
              "title": "Verifica se o botão tem o `id` denominado `clear-board`",
              "fullTitle": "9 - Crie um botão que, ao ser clicado, limpa o quadro preenchendo a cor de todos seus pixels com branco. Verifica se o botão tem o `id` denominado `clear-board`",
              "timedOut": null,
              "duration": 72,
              "state": "passed",
              "speed": "medium",
              "pass": true,
              "fail": false,
              "pending": false,
              "context": null,
              "code": "cy.get('#clear-board').should('be.visible');",
              "err": {},
              "uuid": "e4e35f7c-1ea5-41fd-8af5-f89847f8ef80",
              "parentUUID": "59b67a41-dd76-48b9-898c-65f0e5a6c716",
              "isHook": false,
              "skipped": false
            },
            {
              "title": "Verifica se o botão está posicionado entre a paleta de cores e o quadro de pixels",
              "fullTitle": "9 - Crie um botão que, ao ser clicado, limpa o quadro preenchendo a cor de todos seus pixels com branco. Verifica se o botão está posicionado entre a paleta de cores e o quadro de pixels",
              "timedOut": null,
              "duration": 61,
              "state": "passed",
              "speed": "medium",
              "pass": true,
              "fail": false,
              "pending": false,
              "context": null,
              "code": "cy.get('#color-palette').then(function (palette) {\n  cy.get('#clear-board').should('be.belowOf', palette);\n});\ncy.get('#clear-board').then(function (clearBtn) {\n  cy.get('#pixel-board').should('be.belowOf', clearBtn);\n});",
              "err": {},
              "uuid": "1fb4507d-b9cd-4399-acb5-b3cab9adc8e9",
              "parentUUID": "59b67a41-dd76-48b9-898c-65f0e5a6c716",
              "isHook": false,
              "skipped": false
            },
            {
              "title": "Verifica se o texto do botão é 'Limpar'",
              "fullTitle": "9 - Crie um botão que, ao ser clicado, limpa o quadro preenchendo a cor de todos seus pixels com branco. Verifica se o texto do botão é 'Limpar'",
              "timedOut": null,
              "duration": 52,
              "state": "passed",
              "speed": "medium",
              "pass": true,
              "fail": false,
              "pending": false,
              "context": null,
              "code": "cy.get('#clear-board').should('contain.text', 'Limpar');",
              "err": {},
              "uuid": "0e971d64-1493-4a5d-bfc2-26c5535388b0",
              "parentUUID": "59b67a41-dd76-48b9-898c-65f0e5a6c716",
              "isHook": false,
              "skipped": false
            },
            {
              "title": "Verifica se ao clicar no botão, o quadro de pixels é totalmente preenchido de branco",
              "fullTitle": "9 - Crie um botão que, ao ser clicado, limpa o quadro preenchendo a cor de todos seus pixels com branco. Verifica se ao clicar no botão, o quadro de pixels é totalmente preenchido de branco",
              "timedOut": null,
              "duration": 4300,
              "state": "failed",
              "speed": null,
              "pass": false,
              "fail": true,
              "pending": false,
              "context": null,
              "code": "cy.get('.color').eq(1).then(function (color) {\n  var backgroundColor = color.css('background-color');\n  cy.wrap(color).click();\n  cy.get('.pixel').each(function (pixel) {\n    cy.wrap(pixel).click().should('have.css', 'background-color', backgroundColor);\n  });\n});\ncy.get('#clear-board').click();\ncy.get('.pixel').each(function (pixel) {\n  cy.wrap(pixel).should('have.css', 'background-color', WHITE);\n});",
              "err": {
                "message": "CypressError: Timed out retrying: expected '<li.pixel>' to have CSS property 'background-color' with the value 'rgb(255, 255, 0)', but the value was 'rgb(255, 255, 255)'",
                "estack": "CypressError: Timed out retrying: expected '<li.pixel>' to have CSS property 'background-color' with the value 'rgb(255, 255, 0)', but the value was 'rgb(255, 255, 255)'\n    at cypressErr (http://localhost:33681/__cypress/runner/cypress_runner.js:149934:9)\n    at throwErr (http://localhost:33681/__cypress/runner/cypress_runner.js:149867:11)\n    at Object.throwErrByPath (http://localhost:33681/__cypress/runner/cypress_runner.js:149915:3)\n    at retry (http://localhost:33681/__cypress/runner/cypress_runner.js:144197:19)\n    at onFailFn (http://localhost:33681/__cypress/runner/cypress_runner.js:132448:16)\n    at tryCatcher (http://localhost:33681/__cypress/runner/cypress_runner.js:167415:23)\n    at Promise._settlePromiseFromHandler (http://localhost:33681/__cypress/runner/cypress_runner.js:165351:31)\n    at Promise._settlePromise (http://localhost:33681/__cypress/runner/cypress_runner.js:165408:18)\n    at Promise._settlePromise0 (http://localhost:33681/__cypress/runner/cypress_runner.js:165453:10)\n    at Promise._settlePromises (http://localhost:33681/__cypress/runner/cypress_runner.js:165528:18)\n    at Async../node_modules/bluebird/js/release/async.js.Async._drainQueue (http://localhost:33681/__cypress/runner/cypress_runner.js:162140:16)\n    at Async../node_modules/bluebird/js/release/async.js.Async._drainQueues (http://localhost:33681/__cypress/runner/cypress_runner.js:162150:10)\n    at Async.drainQueues (http://localhost:33681/__cypress/runner/cypress_runner.js:162024:14)",
                "diff": null
              },
              "uuid": "7181b0b2-91ef-4af2-abe1-7ab5f197cda0",
              "parentUUID": "59b67a41-dd76-48b9-898c-65f0e5a6c716",
              "isHook": false,
              "skipped": false
            }
          ],
          "suites": [],
          "passes": [
            "e4e35f7c-1ea5-41fd-8af5-f89847f8ef80",
            "1fb4507d-b9cd-4399-acb5-b3cab9adc8e9",
            "0e971d64-1493-4a5d-bfc2-26c5535388b0"
          ],
          "failures": [
            "7181b0b2-91ef-4af2-abe1-7ab5f197cda0"
          ],
          "pending": [],
          "skipped": [],
          "duration": 4485,
          "root": false,
          "rootEmpty": false,
          "_timeout": 2000
        },
        {
          "uuid": "5e49a6ec-5c49-4a78-a869-b6a486eaad7b",
          "title": "10 - Faça o quadro de pixels ter seu tamanho definido pelo usuário.",
          "fullFile": "",
          "file": "",
          "beforeHooks": [],
          "afterHooks": [],
          "tests": [
            {
              "title": "Verifica se existe um input com o id `board-size`",
              "fullTitle": "10 - Faça o quadro de pixels ter seu tamanho definido pelo usuário. Verifica se existe um input com o id `board-size`",
              "timedOut": null,
              "duration": 4196,
              "state": "failed",
              "speed": null,
              "pass": false,
              "fail": true,
              "pending": false,
              "context": null,
              "code": "cy.get('#board-size').should('be.visible');",
              "err": {
                "message": "CypressError: Timed out retrying: Expected to find element: '#board-size', but never found it.",
                "estack": "CypressError: Timed out retrying: Expected to find element: '#board-size', but never found it.\n    at cypressErr (http://localhost:33681/__cypress/runner/cypress_runner.js:149934:9)\n    at throwErr (http://localhost:33681/__cypress/runner/cypress_runner.js:149867:11)\n    at Object.throwErrByPath (http://localhost:33681/__cypress/runner/cypress_runner.js:149915:3)\n    at retry (http://localhost:33681/__cypress/runner/cypress_runner.js:144197:19)\n    at onFailFn (http://localhost:33681/__cypress/runner/cypress_runner.js:132448:16)\n    at tryCatcher (http://localhost:33681/__cypress/runner/cypress_runner.js:167415:23)\n    at Promise._settlePromiseFromHandler (http://localhost:33681/__cypress/runner/cypress_runner.js:165351:31)\n    at Promise._settlePromise (http://localhost:33681/__cypress/runner/cypress_runner.js:165408:18)\n    at Promise._settlePromise0 (http://localhost:33681/__cypress/runner/cypress_runner.js:165453:10)\n    at Promise._settlePromises (http://localhost:33681/__cypress/runner/cypress_runner.js:165528:18)\n    at Async../node_modules/bluebird/js/release/async.js.Async._drainQueue (http://localhost:33681/__cypress/runner/cypress_runner.js:162140:16)\n    at Async../node_modules/bluebird/js/release/async.js.Async._drainQueues (http://localhost:33681/__cypress/runner/cypress_runner.js:162150:10)\n    at Async.drainQueues (http://localhost:33681/__cypress/runner/cypress_runner.js:162024:14)",
                "diff": null
              },
              "uuid": "dad5ac76-62c3-434c-b824-4c1357fac81c",
              "parentUUID": "5e49a6ec-5c49-4a78-a869-b6a486eaad7b",
              "isHook": false,
              "skipped": false
            },
            {
              "title": "Verifica se existe um botão com o id `generate-board`",
              "fullTitle": "10 - Faça o quadro de pixels ter seu tamanho definido pelo usuário. Verifica se existe um botão com o id `generate-board`",
              "timedOut": null,
              "duration": 4190,
              "state": "failed",
              "speed": null,
              "pass": false,
              "fail": true,
              "pending": false,
              "context": null,
              "code": "cy.get('#generate-board').should('be.visible');",
              "err": {
                "message": "CypressError: Timed out retrying: Expected to find element: '#generate-board', but never found it.",
                "estack": "CypressError: Timed out retrying: Expected to find element: '#generate-board', but never found it.\n    at cypressErr (http://localhost:33681/__cypress/runner/cypress_runner.js:149934:9)\n    at throwErr (http://localhost:33681/__cypress/runner/cypress_runner.js:149867:11)\n    at Object.throwErrByPath (http://localhost:33681/__cypress/runner/cypress_runner.js:149915:3)\n    at retry (http://localhost:33681/__cypress/runner/cypress_runner.js:144197:19)\n    at onFailFn (http://localhost:33681/__cypress/runner/cypress_runner.js:132448:16)\n    at tryCatcher (http://localhost:33681/__cypress/runner/cypress_runner.js:167415:23)\n    at Promise._settlePromiseFromHandler (http://localhost:33681/__cypress/runner/cypress_runner.js:165351:31)\n    at Promise._settlePromise (http://localhost:33681/__cypress/runner/cypress_runner.js:165408:18)\n    at Promise._settlePromise0 (http://localhost:33681/__cypress/runner/cypress_runner.js:165453:10)\n    at Promise._settlePromises (http://localhost:33681/__cypress/runner/cypress_runner.js:165528:18)\n    at Async../node_modules/bluebird/js/release/async.js.Async._drainQueue (http://localhost:33681/__cypress/runner/cypress_runner.js:162140:16)\n    at Async../node_modules/bluebird/js/release/async.js.Async._drainQueues (http://localhost:33681/__cypress/runner/cypress_runner.js:162150:10)\n    at Async.drainQueues (http://localhost:33681/__cypress/runner/cypress_runner.js:162024:14)",
                "diff": null
              },
              "uuid": "f05a930b-55e2-4b70-a066-566f96e1941e",
              "parentUUID": "5e49a6ec-5c49-4a78-a869-b6a486eaad7b",
              "isHook": false,
              "skipped": false
            },
            {
              "title": "Verifica se o input só aceita número maiores que zero. Essa restrição deve ser feita usando os atributos do elemento `input`",
              "fullTitle": "10 - Faça o quadro de pixels ter seu tamanho definido pelo usuário. Verifica se o input só aceita número maiores que zero. Essa restrição deve ser feita usando os atributos do elemento `input`",
              "timedOut": null,
              "duration": 4176,
              "state": "failed",
              "speed": null,
              "pass": false,
              "fail": true,
              "pending": false,
              "context": null,
              "code": "cy.get('#board-size[type=\\'number\\'][min=\\'1\\']');",
              "err": {
                "message": "CypressError: Timed out retrying: Expected to find element: '#board-size[type='number'][min='1']', but never found it.",
                "estack": "CypressError: Timed out retrying: Expected to find element: '#board-size[type='number'][min='1']', but never found it.\n    at cypressErr (http://localhost:33681/__cypress/runner/cypress_runner.js:149934:9)\n    at throwErr (http://localhost:33681/__cypress/runner/cypress_runner.js:149867:11)\n    at Object.throwErrByPath (http://localhost:33681/__cypress/runner/cypress_runner.js:149915:3)\n    at retry (http://localhost:33681/__cypress/runner/cypress_runner.js:144197:19)\n    at onFailFn (http://localhost:33681/__cypress/runner/cypress_runner.js:132448:16)\n    at tryCatcher (http://localhost:33681/__cypress/runner/cypress_runner.js:167415:23)\n    at Promise._settlePromiseFromHandler (http://localhost:33681/__cypress/runner/cypress_runner.js:165351:31)\n    at Promise._settlePromise (http://localhost:33681/__cypress/runner/cypress_runner.js:165408:18)\n    at Promise._settlePromise0 (http://localhost:33681/__cypress/runner/cypress_runner.js:165453:10)\n    at Promise._settlePromises (http://localhost:33681/__cypress/runner/cypress_runner.js:165528:18)\n    at Async../node_modules/bluebird/js/release/async.js.Async._drainQueue (http://localhost:33681/__cypress/runner/cypress_runner.js:162140:16)\n    at Async../node_modules/bluebird/js/release/async.js.Async._drainQueues (http://localhost:33681/__cypress/runner/cypress_runner.js:162150:10)\n    at Async.drainQueues (http://localhost:33681/__cypress/runner/cypress_runner.js:162024:14)",
                "diff": null
              },
              "uuid": "4bd2a370-b1fe-4f20-8985-0099744bbc52",
              "parentUUID": "5e49a6ec-5c49-4a78-a869-b6a486eaad7b",
              "isHook": false,
              "skipped": false
            },
            {
              "title": "Verifica se o botão contém o texto 'VQV'",
              "fullTitle": "10 - Faça o quadro de pixels ter seu tamanho definido pelo usuário. Verifica se o botão contém o texto 'VQV'",
              "timedOut": null,
              "duration": 4188,
              "state": "failed",
              "speed": null,
              "pass": false,
              "fail": true,
              "pending": false,
              "context": null,
              "code": "cy.get('#generate-board').contains(/vqv/i);",
              "err": {
                "message": "CypressError: Timed out retrying: Expected to find element: '#generate-board', but never found it.",
                "estack": "CypressError: Timed out retrying: Expected to find element: '#generate-board', but never found it.\n    at cypressErr (http://localhost:33681/__cypress/runner/cypress_runner.js:149934:9)\n    at throwErr (http://localhost:33681/__cypress/runner/cypress_runner.js:149867:11)\n    at Object.throwErrByPath (http://localhost:33681/__cypress/runner/cypress_runner.js:149915:3)\n    at retry (http://localhost:33681/__cypress/runner/cypress_runner.js:144197:19)\n    at onFailFn (http://localhost:33681/__cypress/runner/cypress_runner.js:132448:16)\n    at tryCatcher (http://localhost:33681/__cypress/runner/cypress_runner.js:167415:23)\n    at Promise._settlePromiseFromHandler (http://localhost:33681/__cypress/runner/cypress_runner.js:165351:31)\n    at Promise._settlePromise (http://localhost:33681/__cypress/runner/cypress_runner.js:165408:18)\n    at Promise._settlePromise0 (http://localhost:33681/__cypress/runner/cypress_runner.js:165453:10)\n    at Promise._settlePromises (http://localhost:33681/__cypress/runner/cypress_runner.js:165528:18)\n    at Async../node_modules/bluebird/js/release/async.js.Async._drainQueue (http://localhost:33681/__cypress/runner/cypress_runner.js:162140:16)\n    at Async../node_modules/bluebird/js/release/async.js.Async._drainQueues (http://localhost:33681/__cypress/runner/cypress_runner.js:162150:10)\n    at Async.drainQueues (http://localhost:33681/__cypress/runner/cypress_runner.js:162024:14)",
                "diff": null
              },
              "uuid": "5ad5f7bc-5569-438d-b0eb-10e4004892be",
              "parentUUID": "5e49a6ec-5c49-4a78-a869-b6a486eaad7b",
              "isHook": false,
              "skipped": false
            },
            {
              "title": "Verifica se o input está posicionado entre a paleta de cores e o quadro de pixels",
              "fullTitle": "10 - Faça o quadro de pixels ter seu tamanho definido pelo usuário. Verifica se o input está posicionado entre a paleta de cores e o quadro de pixels",
              "timedOut": null,
              "duration": 4215,
              "state": "failed",
              "speed": null,
              "pass": false,
              "fail": true,
              "pending": false,
              "context": null,
              "code": "cy.get('#color-palette').then(function (palette) {\n  cy.get('#board-size').should('be.belowOf', palette);\n});\ncy.get('#board-size').then(function (palette) {\n  cy.get('#pixel-board').should('be.belowOf', palette);\n});",
              "err": {
                "message": "CypressError: Timed out retrying: Expected to find element: '#board-size', but never found it.",
                "estack": "CypressError: Timed out retrying: Expected to find element: '#board-size', but never found it.\n    at cypressErr (http://localhost:33681/__cypress/runner/cypress_runner.js:149934:9)\n    at throwErr (http://localhost:33681/__cypress/runner/cypress_runner.js:149867:11)\n    at Object.throwErrByPath (http://localhost:33681/__cypress/runner/cypress_runner.js:149915:3)\n    at retry (http://localhost:33681/__cypress/runner/cypress_runner.js:144197:19)\n    at onFailFn (http://localhost:33681/__cypress/runner/cypress_runner.js:132448:16)\n    at tryCatcher (http://localhost:33681/__cypress/runner/cypress_runner.js:167415:23)\n    at Promise._settlePromiseFromHandler (http://localhost:33681/__cypress/runner/cypress_runner.js:165351:31)\n    at Promise._settlePromise (http://localhost:33681/__cypress/runner/cypress_runner.js:165408:18)\n    at Promise._settlePromise0 (http://localhost:33681/__cypress/runner/cypress_runner.js:165453:10)\n    at Promise._settlePromises (http://localhost:33681/__cypress/runner/cypress_runner.js:165528:18)\n    at Async../node_modules/bluebird/js/release/async.js.Async._drainQueue (http://localhost:33681/__cypress/runner/cypress_runner.js:162140:16)\n    at Async../node_modules/bluebird/js/release/async.js.Async._drainQueues (http://localhost:33681/__cypress/runner/cypress_runner.js:162150:10)\n    at Async.drainQueues (http://localhost:33681/__cypress/runner/cypress_runner.js:162024:14)",
                "diff": null
              },
              "uuid": "93376e99-dc7a-4d79-9d50-1012aebe2ae8",
              "parentUUID": "5e49a6ec-5c49-4a78-a869-b6a486eaad7b",
              "isHook": false,
              "skipped": false
            },
            {
              "title": "Verifica se o botão está posicionado ao lado do input",
              "fullTitle": "10 - Faça o quadro de pixels ter seu tamanho definido pelo usuário. Verifica se o botão está posicionado ao lado do input",
              "timedOut": null,
              "duration": 4199,
              "state": "failed",
              "speed": null,
              "pass": false,
              "fail": true,
              "pending": false,
              "context": null,
              "code": "cy.get('#board-size').then(function (board) {\n  cy.get('#generate-board').should('be.onTheRightOf', board);\n});",
              "err": {
                "message": "CypressError: Timed out retrying: Expected to find element: '#board-size', but never found it.",
                "estack": "CypressError: Timed out retrying: Expected to find element: '#board-size', but never found it.\n    at cypressErr (http://localhost:33681/__cypress/runner/cypress_runner.js:149934:9)\n    at throwErr (http://localhost:33681/__cypress/runner/cypress_runner.js:149867:11)\n    at Object.throwErrByPath (http://localhost:33681/__cypress/runner/cypress_runner.js:149915:3)\n    at retry (http://localhost:33681/__cypress/runner/cypress_runner.js:144197:19)\n    at onFailFn (http://localhost:33681/__cypress/runner/cypress_runner.js:132448:16)\n    at tryCatcher (http://localhost:33681/__cypress/runner/cypress_runner.js:167415:23)\n    at Promise._settlePromiseFromHandler (http://localhost:33681/__cypress/runner/cypress_runner.js:165351:31)\n    at Promise._settlePromise (http://localhost:33681/__cypress/runner/cypress_runner.js:165408:18)\n    at Promise._settlePromise0 (http://localhost:33681/__cypress/runner/cypress_runner.js:165453:10)\n    at Promise._settlePromises (http://localhost:33681/__cypress/runner/cypress_runner.js:165528:18)\n    at Async../node_modules/bluebird/js/release/async.js.Async._drainQueue (http://localhost:33681/__cypress/runner/cypress_runner.js:162140:16)\n    at Async../node_modules/bluebird/js/release/async.js.Async._drainQueues (http://localhost:33681/__cypress/runner/cypress_runner.js:162150:10)\n    at Async.drainQueues (http://localhost:33681/__cypress/runner/cypress_runner.js:162024:14)",
                "diff": null
              },
              "uuid": "0f1c1246-0e7c-43ac-bdaa-a96b44fbf9f7",
              "parentUUID": "5e49a6ec-5c49-4a78-a869-b6a486eaad7b",
              "isHook": false,
              "skipped": false
            },
            {
              "title": "Verifica se nenhum valor for colocado no input ao clicar no botão, um `alert` é exibido com o texto: 'Board inválido!'",
              "fullTitle": "10 - Faça o quadro de pixels ter seu tamanho definido pelo usuário. Verifica se nenhum valor for colocado no input ao clicar no botão, um `alert` é exibido com o texto: 'Board inválido!'",
              "timedOut": null,
              "duration": 4238,
              "state": "failed",
              "speed": null,
              "pass": false,
              "fail": true,
              "pending": false,
              "context": null,
              "code": "var alerted = false;\ncy.on('window:alert', function (msg) {\n  return alerted = msg;\n});\ncy.get('#generate-board').click().then(function () {\n  return expect(alerted).to.match(/Board inválido!/i);\n});",
              "err": {
                "message": "CypressError: Timed out retrying: Expected to find element: '#generate-board', but never found it.",
                "estack": "CypressError: Timed out retrying: Expected to find element: '#generate-board', but never found it.\n    at cypressErr (http://localhost:33681/__cypress/runner/cypress_runner.js:149934:9)\n    at throwErr (http://localhost:33681/__cypress/runner/cypress_runner.js:149867:11)\n    at Object.throwErrByPath (http://localhost:33681/__cypress/runner/cypress_runner.js:149915:3)\n    at retry (http://localhost:33681/__cypress/runner/cypress_runner.js:144197:19)\n    at onFailFn (http://localhost:33681/__cypress/runner/cypress_runner.js:132448:16)\n    at tryCatcher (http://localhost:33681/__cypress/runner/cypress_runner.js:167415:23)\n    at Promise._settlePromiseFromHandler (http://localhost:33681/__cypress/runner/cypress_runner.js:165351:31)\n    at Promise._settlePromise (http://localhost:33681/__cypress/runner/cypress_runner.js:165408:18)\n    at Promise._settlePromise0 (http://localhost:33681/__cypress/runner/cypress_runner.js:165453:10)\n    at Promise._settlePromises (http://localhost:33681/__cypress/runner/cypress_runner.js:165528:18)\n    at Async../node_modules/bluebird/js/release/async.js.Async._drainQueue (http://localhost:33681/__cypress/runner/cypress_runner.js:162140:16)\n    at Async../node_modules/bluebird/js/release/async.js.Async._drainQueues (http://localhost:33681/__cypress/runner/cypress_runner.js:162150:10)\n    at Async.drainQueues (http://localhost:33681/__cypress/runner/cypress_runner.js:162024:14)",
                "diff": null
              },
              "uuid": "1561bfa9-1f97-4a14-bdb9-5d0ffd667c2e",
              "parentUUID": "5e49a6ec-5c49-4a78-a869-b6a486eaad7b",
              "isHook": false,
              "skipped": false
            },
            {
              "title": "Verifica se ao clicar no botão com um valor preenchido, o tamanho do board muda.",
              "fullTitle": "10 - Faça o quadro de pixels ter seu tamanho definido pelo usuário. Verifica se ao clicar no botão com um valor preenchido, o tamanho do board muda.",
              "timedOut": null,
              "duration": 4177,
              "state": "failed",
              "speed": null,
              "pass": false,
              "fail": true,
              "pending": false,
              "context": null,
              "code": "cy.get('#board-size').clear().type(10);\ncy.get('#generate-board').click();\ncy.get('.pixel').should('have.length', 100);",
              "err": {
                "message": "CypressError: Timed out retrying: Expected to find element: '#board-size', but never found it.",
                "estack": "CypressError: Timed out retrying: Expected to find element: '#board-size', but never found it.\n    at cypressErr (http://localhost:33681/__cypress/runner/cypress_runner.js:149934:9)\n    at throwErr (http://localhost:33681/__cypress/runner/cypress_runner.js:149867:11)\n    at Object.throwErrByPath (http://localhost:33681/__cypress/runner/cypress_runner.js:149915:3)\n    at retry (http://localhost:33681/__cypress/runner/cypress_runner.js:144197:19)\n    at onFailFn (http://localhost:33681/__cypress/runner/cypress_runner.js:132448:16)\n    at tryCatcher (http://localhost:33681/__cypress/runner/cypress_runner.js:167415:23)\n    at Promise._settlePromiseFromHandler (http://localhost:33681/__cypress/runner/cypress_runner.js:165351:31)\n    at Promise._settlePromise (http://localhost:33681/__cypress/runner/cypress_runner.js:165408:18)\n    at Promise._settlePromise0 (http://localhost:33681/__cypress/runner/cypress_runner.js:165453:10)\n    at Promise._settlePromises (http://localhost:33681/__cypress/runner/cypress_runner.js:165528:18)\n    at Async../node_modules/bluebird/js/release/async.js.Async._drainQueue (http://localhost:33681/__cypress/runner/cypress_runner.js:162140:16)\n    at Async../node_modules/bluebird/js/release/async.js.Async._drainQueues (http://localhost:33681/__cypress/runner/cypress_runner.js:162150:10)\n    at Async.drainQueues (http://localhost:33681/__cypress/runner/cypress_runner.js:162024:14)",
                "diff": null
              },
              "uuid": "e73d5a9d-494b-40cc-957e-5bbc1556dc9d",
              "parentUUID": "5e49a6ec-5c49-4a78-a869-b6a486eaad7b",
              "isHook": false,
              "skipped": false
            },
            {
              "title": "Verifica se o novo quadro tem todos os pixels preenchidos com a cor branca",
              "fullTitle": "10 - Faça o quadro de pixels ter seu tamanho definido pelo usuário. Verifica se o novo quadro tem todos os pixels preenchidos com a cor branca",
              "timedOut": null,
              "duration": 4248,
              "state": "failed",
              "speed": null,
              "pass": false,
              "fail": true,
              "pending": false,
              "context": null,
              "code": "cy.get('#board-size').clear().type(6);\ncy.get('#generate-board').click();\ncy.get('.pixel').should('have.length', 36).each(function (pixel) {\n  expect(pixel).to.have.css('background-color', WHITE);\n});",
              "err": {
                "message": "CypressError: Timed out retrying: Expected to find element: '#board-size', but never found it.",
                "estack": "CypressError: Timed out retrying: Expected to find element: '#board-size', but never found it.\n    at cypressErr (http://localhost:33681/__cypress/runner/cypress_runner.js:149934:9)\n    at throwErr (http://localhost:33681/__cypress/runner/cypress_runner.js:149867:11)\n    at Object.throwErrByPath (http://localhost:33681/__cypress/runner/cypress_runner.js:149915:3)\n    at retry (http://localhost:33681/__cypress/runner/cypress_runner.js:144197:19)\n    at onFailFn (http://localhost:33681/__cypress/runner/cypress_runner.js:132448:16)\n    at tryCatcher (http://localhost:33681/__cypress/runner/cypress_runner.js:167415:23)\n    at Promise._settlePromiseFromHandler (http://localhost:33681/__cypress/runner/cypress_runner.js:165351:31)\n    at Promise._settlePromise (http://localhost:33681/__cypress/runner/cypress_runner.js:165408:18)\n    at Promise._settlePromise0 (http://localhost:33681/__cypress/runner/cypress_runner.js:165453:10)\n    at Promise._settlePromises (http://localhost:33681/__cypress/runner/cypress_runner.js:165528:18)\n    at Async../node_modules/bluebird/js/release/async.js.Async._drainQueue (http://localhost:33681/__cypress/runner/cypress_runner.js:162140:16)\n    at Async../node_modules/bluebird/js/release/async.js.Async._drainQueues (http://localhost:33681/__cypress/runner/cypress_runner.js:162150:10)\n    at Async.drainQueues (http://localhost:33681/__cypress/runner/cypress_runner.js:162024:14)",
                "diff": null
              },
              "uuid": "dc786a44-ceff-4dc2-a4c7-5b981e6f9673",
              "parentUUID": "5e49a6ec-5c49-4a78-a869-b6a486eaad7b",
              "isHook": false,
              "skipped": false
            }
          ],
          "suites": [],
          "passes": [],
          "failures": [
            "dad5ac76-62c3-434c-b824-4c1357fac81c",
            "f05a930b-55e2-4b70-a066-566f96e1941e",
            "4bd2a370-b1fe-4f20-8985-0099744bbc52",
            "5ad5f7bc-5569-438d-b0eb-10e4004892be",
            "93376e99-dc7a-4d79-9d50-1012aebe2ae8",
            "0f1c1246-0e7c-43ac-bdaa-a96b44fbf9f7",
            "1561bfa9-1f97-4a14-bdb9-5d0ffd667c2e",
            "e73d5a9d-494b-40cc-957e-5bbc1556dc9d",
            "dc786a44-ceff-4dc2-a4c7-5b981e6f9673"
          ],
          "pending": [],
          "skipped": [],
          "duration": 37827,
          "root": false,
          "rootEmpty": false,
          "_timeout": 2000
        },
        {
          "uuid": "0f5b8ca9-e1a3-4a6c-bfb3-98c702f198b2",
          "title": "11 - Limite o tamanho mínimo e máximo do board.",
          "fullFile": "",
          "file": "",
          "beforeHooks": [],
          "afterHooks": [],
          "tests": [
            {
              "title": "Verifica se a altura máxima do board é 50",
              "fullTitle": "11 - Limite o tamanho mínimo e máximo do board. Verifica se a altura máxima do board é 50",
              "timedOut": null,
              "duration": 4248,
              "state": "failed",
              "speed": null,
              "pass": false,
              "fail": true,
              "pending": false,
              "context": null,
              "code": "cy.get('#board-size').clear().type(50);\ncy.get('#generate-board').click();\ncy.get('.pixel').should('have.length', 2500);",
              "err": {
                "message": "CypressError: Timed out retrying: Expected to find element: '#board-size', but never found it.",
                "estack": "CypressError: Timed out retrying: Expected to find element: '#board-size', but never found it.\n    at cypressErr (http://localhost:33681/__cypress/runner/cypress_runner.js:149934:9)\n    at throwErr (http://localhost:33681/__cypress/runner/cypress_runner.js:149867:11)\n    at Object.throwErrByPath (http://localhost:33681/__cypress/runner/cypress_runner.js:149915:3)\n    at retry (http://localhost:33681/__cypress/runner/cypress_runner.js:144197:19)\n    at onFailFn (http://localhost:33681/__cypress/runner/cypress_runner.js:132448:16)\n    at tryCatcher (http://localhost:33681/__cypress/runner/cypress_runner.js:167415:23)\n    at Promise._settlePromiseFromHandler (http://localhost:33681/__cypress/runner/cypress_runner.js:165351:31)\n    at Promise._settlePromise (http://localhost:33681/__cypress/runner/cypress_runner.js:165408:18)\n    at Promise._settlePromise0 (http://localhost:33681/__cypress/runner/cypress_runner.js:165453:10)\n    at Promise._settlePromises (http://localhost:33681/__cypress/runner/cypress_runner.js:165528:18)\n    at Async../node_modules/bluebird/js/release/async.js.Async._drainQueue (http://localhost:33681/__cypress/runner/cypress_runner.js:162140:16)\n    at Async../node_modules/bluebird/js/release/async.js.Async._drainQueues (http://localhost:33681/__cypress/runner/cypress_runner.js:162150:10)\n    at Async.drainQueues (http://localhost:33681/__cypress/runner/cypress_runner.js:162024:14)",
                "diff": null
              },
              "uuid": "c2923a2d-9562-4d9e-b3a9-396a206cff55",
              "parentUUID": "0f5b8ca9-e1a3-4a6c-bfb3-98c702f198b2",
              "isHook": false,
              "skipped": false
            },
            {
              "title": "Verifica se a altura do board é 5 quando um valor menor é colocado no input",
              "fullTitle": "11 - Limite o tamanho mínimo e máximo do board. Verifica se a altura do board é 5 quando um valor menor é colocado no input",
              "timedOut": null,
              "duration": 4219,
              "state": "failed",
              "speed": null,
              "pass": false,
              "fail": true,
              "pending": false,
              "context": null,
              "code": "cy.get('#board-size').clear().type(4);\ncy.get('#generate-board').click();\ncy.get('.pixel').should('have.length', 25);",
              "err": {
                "message": "CypressError: Timed out retrying: Expected to find element: '#board-size', but never found it.",
                "estack": "CypressError: Timed out retrying: Expected to find element: '#board-size', but never found it.\n    at cypressErr (http://localhost:33681/__cypress/runner/cypress_runner.js:149934:9)\n    at throwErr (http://localhost:33681/__cypress/runner/cypress_runner.js:149867:11)\n    at Object.throwErrByPath (http://localhost:33681/__cypress/runner/cypress_runner.js:149915:3)\n    at retry (http://localhost:33681/__cypress/runner/cypress_runner.js:144197:19)\n    at onFailFn (http://localhost:33681/__cypress/runner/cypress_runner.js:132448:16)\n    at tryCatcher (http://localhost:33681/__cypress/runner/cypress_runner.js:167415:23)\n    at Promise._settlePromiseFromHandler (http://localhost:33681/__cypress/runner/cypress_runner.js:165351:31)\n    at Promise._settlePromise (http://localhost:33681/__cypress/runner/cypress_runner.js:165408:18)\n    at Promise._settlePromise0 (http://localhost:33681/__cypress/runner/cypress_runner.js:165453:10)\n    at Promise._settlePromises (http://localhost:33681/__cypress/runner/cypress_runner.js:165528:18)\n    at Async../node_modules/bluebird/js/release/async.js.Async._drainQueue (http://localhost:33681/__cypress/runner/cypress_runner.js:162140:16)\n    at Async../node_modules/bluebird/js/release/async.js.Async._drainQueues (http://localhost:33681/__cypress/runner/cypress_runner.js:162150:10)\n    at Async.drainQueues (http://localhost:33681/__cypress/runner/cypress_runner.js:162024:14)",
                "diff": null
              },
              "uuid": "519872cd-720a-4b0c-a0f4-2ced360c936f",
              "parentUUID": "0f5b8ca9-e1a3-4a6c-bfb3-98c702f198b2",
              "isHook": false,
              "skipped": false
            },
            {
              "title": "Verifica se a altura do board é 50 quando um valor maior é colocado no input",
              "fullTitle": "11 - Limite o tamanho mínimo e máximo do board. Verifica se a altura do board é 50 quando um valor maior é colocado no input",
              "timedOut": null,
              "duration": 4188,
              "state": "failed",
              "speed": null,
              "pass": false,
              "fail": true,
              "pending": false,
              "context": null,
              "code": "cy.get('#board-size').clear().type(51);\ncy.get('#generate-board').click();\ncy.get('.pixel').should('have.length', 2500);",
              "err": {
                "message": "CypressError: Timed out retrying: Expected to find element: '#board-size', but never found it.",
                "estack": "CypressError: Timed out retrying: Expected to find element: '#board-size', but never found it.\n    at cypressErr (http://localhost:33681/__cypress/runner/cypress_runner.js:149934:9)\n    at throwErr (http://localhost:33681/__cypress/runner/cypress_runner.js:149867:11)\n    at Object.throwErrByPath (http://localhost:33681/__cypress/runner/cypress_runner.js:149915:3)\n    at retry (http://localhost:33681/__cypress/runner/cypress_runner.js:144197:19)\n    at onFailFn (http://localhost:33681/__cypress/runner/cypress_runner.js:132448:16)\n    at tryCatcher (http://localhost:33681/__cypress/runner/cypress_runner.js:167415:23)\n    at Promise._settlePromiseFromHandler (http://localhost:33681/__cypress/runner/cypress_runner.js:165351:31)\n    at Promise._settlePromise (http://localhost:33681/__cypress/runner/cypress_runner.js:165408:18)\n    at Promise._settlePromise0 (http://localhost:33681/__cypress/runner/cypress_runner.js:165453:10)\n    at Promise._settlePromises (http://localhost:33681/__cypress/runner/cypress_runner.js:165528:18)\n    at Async../node_modules/bluebird/js/release/async.js.Async._drainQueue (http://localhost:33681/__cypress/runner/cypress_runner.js:162140:16)\n    at Async../node_modules/bluebird/js/release/async.js.Async._drainQueues (http://localhost:33681/__cypress/runner/cypress_runner.js:162150:10)\n    at Async.drainQueues (http://localhost:33681/__cypress/runner/cypress_runner.js:162024:14)",
                "diff": null
              },
              "uuid": "ff76aab3-25b7-4443-953f-5cbdadaf95bf",
              "parentUUID": "0f5b8ca9-e1a3-4a6c-bfb3-98c702f198b2",
              "isHook": false,
              "skipped": false
            }
          ],
          "suites": [],
          "passes": [],
          "failures": [
            "c2923a2d-9562-4d9e-b3a9-396a206cff55",
            "519872cd-720a-4b0c-a0f4-2ced360c936f",
            "ff76aab3-25b7-4443-953f-5cbdadaf95bf"
          ],
          "pending": [],
          "skipped": [],
          "duration": 12655,
          "root": false,
          "rootEmpty": false,
          "_timeout": 2000
        },
        {
          "uuid": "8383667f-b5a6-4eb9-9db5-9e69ff7719bc",
          "title": "12 - Faça com que as cores da paleta sejam geradas aleatoriamente ao carregar a página.",
          "fullFile": "",
          "file": "",
          "beforeHooks": [],
          "afterHooks": [],
          "tests": [
            {
              "title": "Verifica se as cores geradas na paleta são diferentes a cada carregamento da página",
              "fullTitle": "12 - Faça com que as cores da paleta sejam geradas aleatoriamente ao carregar a página. Verifica se as cores geradas na paleta são diferentes a cada carregamento da página",
              "timedOut": null,
              "duration": 254,
              "state": "failed",
              "speed": null,
              "pass": false,
              "fail": true,
              "pending": false,
              "context": null,
              "code": "cy.get('.color').then(function (colors) {\n  var currentColors;\n  var previousColors;\n  previousColors = Array.from(colors).map(function (color) {\n    return Cypress.$(color).css('background-color');\n  });\n  for (var i = 0; i < 5; i += 1) {\n    cy.reload();\n    cy.get('.color').then(function (colors) {\n      currentColors = Array.from(colors).map(function (color) {\n        return Cypress.$(color).css('background-color');\n      });\n      expect(currentColors).not.to.deep.equal(previousColors);\n      previousColors = currentColors;\n    });\n  }\n});",
              "err": {
                "message": "AssertionError: expected [ Array(4) ] to not deeply equal [ Array(4) ]",
                "estack": "AssertionError: expected [ Array(4) ] to not deeply equal [ Array(4) ]\n    at getRet (http://localhost:33681/__cypress/runner/cypress_runner.js:136585:16)\n    at tryCatcher (http://localhost:33681/__cypress/runner/cypress_runner.js:167415:23)\n    at Function.Promise.attempt.Promise.try (http://localhost:33681/__cypress/runner/cypress_runner.js:164690:29)\n    at Context.thenFn (http://localhost:33681/__cypress/runner/cypress_runner.js:136599:23)\n    at Context.then (http://localhost:33681/__cypress/runner/cypress_runner.js:136971:21)\n    at Context.<anonymous> (http://localhost:33681/__cypress/runner/cypress_runner.js:148875:21)\n    at http://localhost:33681/__cypress/runner/cypress_runner.js:148351:33\n    at tryCatcher (http://localhost:33681/__cypress/runner/cypress_runner.js:167415:23)\n    at Promise._settlePromiseFromHandler (http://localhost:33681/__cypress/runner/cypress_runner.js:165351:31)\n    at Promise._settlePromise (http://localhost:33681/__cypress/runner/cypress_runner.js:165408:18)\n    at Promise._settlePromiseCtx (http://localhost:33681/__cypress/runner/cypress_runner.js:165445:10)\n    at Async../node_modules/bluebird/js/release/async.js.Async._drainQueue (http://localhost:33681/__cypress/runner/cypress_runner.js:162145:12)\n    at Async../node_modules/bluebird/js/release/async.js.Async._drainQueues (http://localhost:33681/__cypress/runner/cypress_runner.js:162150:10)\n    at Async.drainQueues (http://localhost:33681/__cypress/runner/cypress_runner.js:162024:14)",
                "diff": ""
              },
              "uuid": "7798cee8-b102-48bc-b1c6-e710e9a2ea65",
              "parentUUID": "8383667f-b5a6-4eb9-9db5-9e69ff7719bc",
              "isHook": false,
              "skipped": false
            },
            {
              "title": "Verifica se a cor preta ainda está presente e é a primeira na sua paleta de cores",
              "fullTitle": "12 - Faça com que as cores da paleta sejam geradas aleatoriamente ao carregar a página. Verifica se a cor preta ainda está presente e é a primeira na sua paleta de cores",
              "timedOut": null,
              "duration": 281,
              "state": "failed",
              "speed": null,
              "pass": false,
              "fail": true,
              "pending": false,
              "context": null,
              "code": "cy.get('.color').then(function (colors) {\n  var currentColors;\n  var previousColors;\n  previousColors = Array.from(colors).map(function (color) {\n    return Cypress.$(color).css('background-color');\n  });\n  expect(previousColors[0]).to.eq(BLACK);\n  for (var i = 0; i < 5; i += 1) {\n    cy.reload();\n    cy.get('.color').then(function (colors) {\n      currentColors = Array.from(colors).map(function (color) {\n        return Cypress.$(color).css('background-color');\n      });\n      expect(currentColors[0]).to.eq(BLACK);\n      expect(currentColors).not.to.deep.equal(previousColors);\n      previousColors = currentColors;\n    });\n  }\n});",
              "err": {
                "message": "AssertionError: expected [ Array(4) ] to not deeply equal [ Array(4) ]",
                "estack": "AssertionError: expected [ Array(4) ] to not deeply equal [ Array(4) ]\n    at getRet (http://localhost:33681/__cypress/runner/cypress_runner.js:136585:16)\n    at tryCatcher (http://localhost:33681/__cypress/runner/cypress_runner.js:167415:23)\n    at Function.Promise.attempt.Promise.try (http://localhost:33681/__cypress/runner/cypress_runner.js:164690:29)\n    at Context.thenFn (http://localhost:33681/__cypress/runner/cypress_runner.js:136599:23)\n    at Context.then (http://localhost:33681/__cypress/runner/cypress_runner.js:136971:21)\n    at Context.<anonymous> (http://localhost:33681/__cypress/runner/cypress_runner.js:148875:21)\n    at http://localhost:33681/__cypress/runner/cypress_runner.js:148351:33\n    at tryCatcher (http://localhost:33681/__cypress/runner/cypress_runner.js:167415:23)\n    at Promise._settlePromiseFromHandler (http://localhost:33681/__cypress/runner/cypress_runner.js:165351:31)\n    at Promise._settlePromise (http://localhost:33681/__cypress/runner/cypress_runner.js:165408:18)\n    at Promise._settlePromiseCtx (http://localhost:33681/__cypress/runner/cypress_runner.js:165445:10)\n    at Async../node_modules/bluebird/js/release/async.js.Async._drainQueue (http://localhost:33681/__cypress/runner/cypress_runner.js:162145:12)\n    at Async../node_modules/bluebird/js/release/async.js.Async._drainQueues (http://localhost:33681/__cypress/runner/cypress_runner.js:162150:10)\n    at Async.drainQueues (http://localhost:33681/__cypress/runner/cypress_runner.js:162024:14)",
                "diff": ""
              },
              "uuid": "4e816c41-7b58-4959-86ee-9991f05c7ae9",
              "parentUUID": "8383667f-b5a6-4eb9-9db5-9e69ff7719bc",
              "isHook": false,
              "skipped": false
            }
          ],
          "suites": [],
          "passes": [],
          "failures": [
            "7798cee8-b102-48bc-b1c6-e710e9a2ea65",
            "4e816c41-7b58-4959-86ee-9991f05c7ae9"
          ],
          "pending": [],
          "skipped": [],
          "duration": 535,
          "root": false,
          "rootEmpty": false,
          "_timeout": 2000
        }
      ],
      "passes": [],
      "failures": [],
      "pending": [],
      "skipped": [],
      "duration": 0,
      "root": true,
      "rootEmpty": true,
      "_timeout": 2000
    }
  ],
  "meta": {
    "mocha": {
      "version": "7.0.1"
    },
    "mochawesome": {
      "options": {
        "quiet": false,
        "reportFilename": "mochawesome",
        "saveHtml": false,
        "saveJson": true,
        "consoleReporter": "spec",
        "useInlineDiffs": false
      },
      "version": "4.1.0"
    },
    "marge": {
      "options": {
        "id": "default",
        "reportDir": "cypress/reports",
        "overwrite": true,
        "html": false,
        "json": true
      },
      "version": "4.1.0"
    }
  }
}