{
  "stats": {
    "suites": 12,
    "tests": 41,
    "passes": 39,
    "pending": 0,
    "failures": 2,
    "start": "2021-08-18T00:45:28.637Z",
    "end": "2021-08-18T00:46:17.865Z",
    "duration": 49228,
    "testsRegistered": 41,
    "passPercent": 95.1219512195122,
    "pendingPercent": 0,
    "other": 0,
    "hasOther": false,
    "skipped": 0,
    "hasSkipped": false
  },
  "results": [
    {
      "uuid": "40071f73-8cd7-45d7-a9af-8676d6b59e66",
      "title": "",
      "fullFile": "cypress/integration/project.spec.js",
      "file": "cypress/integration/project.spec.js",
      "beforeHooks": [],
      "afterHooks": [],
      "tests": [],
      "suites": [
        {
          "uuid": "8101ed11-5964-490e-9251-7fadd5a75f96",
          "title": "1 - Adicione à página o título \"Paleta de Cores\".",
          "fullFile": "",
          "file": "",
          "beforeHooks": [],
          "afterHooks": [],
          "tests": [
            {
              "title": "Verifica se contém um elemento `h1` com o id `title` com o título correto",
              "fullTitle": "1 - Adicione à página o título \"Paleta de Cores\". Verifica se contém um elemento `h1` com o id `title` com o título correto",
              "timedOut": null,
              "duration": 676,
              "state": "passed",
              "speed": "slow",
              "pass": true,
              "fail": false,
              "pending": false,
              "context": null,
              "code": "cy.get('h1#title').should('contain.text', 'Paleta de Cores');",
              "err": {},
              "uuid": "7be0d447-9c6c-4b63-9b4e-57f5cb505033",
              "parentUUID": "8101ed11-5964-490e-9251-7fadd5a75f96",
              "isHook": false,
              "skipped": false
            }
          ],
          "suites": [],
          "passes": [
            "7be0d447-9c6c-4b63-9b4e-57f5cb505033"
          ],
          "failures": [],
          "pending": [],
          "skipped": [],
          "duration": 676,
          "root": false,
          "rootEmpty": false,
          "_timeout": 2000
        },
        {
          "uuid": "5c7fd1d4-306c-4472-a9cc-0f8b7b5d2b57",
          "title": "2 - Adicione à página uma paleta de quatro cores distintas.",
          "fullFile": "",
          "file": "",
          "beforeHooks": [],
          "afterHooks": [],
          "tests": [
            {
              "title": "A paleta de cores deve ser um elemento com `id` denominado `color-palette`",
              "fullTitle": "2 - Adicione à página uma paleta de quatro cores distintas. A paleta de cores deve ser um elemento com `id` denominado `color-palette`",
              "timedOut": null,
              "duration": 463,
              "state": "passed",
              "speed": "slow",
              "pass": true,
              "fail": false,
              "pending": false,
              "context": null,
              "code": "cy.get('#color-palette').should('be.visible');",
              "err": {},
              "uuid": "d371d19d-6925-4ebe-bc9f-dc9a217e44fc",
              "parentUUID": "5c7fd1d4-306c-4472-a9cc-0f8b7b5d2b57",
              "isHook": false,
              "skipped": false
            },
            {
              "title": "Verifica se cada cor individual da paleta de cores possui a `classe` chamada `color`.",
              "fullTitle": "2 - Adicione à página uma paleta de quatro cores distintas. Verifica se cada cor individual da paleta de cores possui a `classe` chamada `color`.",
              "timedOut": null,
              "duration": 415,
              "state": "passed",
              "speed": "slow",
              "pass": true,
              "fail": false,
              "pending": false,
              "context": null,
              "code": "cy.get('.color').should('have.length', 4).then(function (colors) {\n  for (var i = 0; i < colors.length; i++) {\n    cy.wrap(colors[i]).should('be.visible');\n  }\n});",
              "err": {},
              "uuid": "ce04a631-8fa5-4827-87b0-7af832118801",
              "parentUUID": "5c7fd1d4-306c-4472-a9cc-0f8b7b5d2b57",
              "isHook": false,
              "skipped": false
            },
            {
              "title": "Verifica se a cor de fundo de cada elemento da paleta é a cor que o elemento representa. **A única cor não permitida na paleta é a cor branca.**",
              "fullTitle": "2 - Adicione à página uma paleta de quatro cores distintas. Verifica se a cor de fundo de cada elemento da paleta é a cor que o elemento representa. **A única cor não permitida na paleta é a cor branca.**",
              "timedOut": null,
              "duration": 335,
              "state": "passed",
              "speed": "slow",
              "pass": true,
              "fail": false,
              "pending": false,
              "context": null,
              "code": "cy.get('.color').each(function (color) {\n  cy.wrap(color).should('have.class', 'color').and('not.have.css', 'background-color', WHITE);\n  cy.wrap(color).should('have.css', 'background-color');\n});",
              "err": {},
              "uuid": "85373c23-a8ce-4540-8f92-02ffc40100c6",
              "parentUUID": "5c7fd1d4-306c-4472-a9cc-0f8b7b5d2b57",
              "isHook": false,
              "skipped": false
            },
            {
              "title": "Verifica se cada elemento da paleta de cores tem uma borda preta, sólida e com 1 pixel de largura;",
              "fullTitle": "2 - Adicione à página uma paleta de quatro cores distintas. Verifica se cada elemento da paleta de cores tem uma borda preta, sólida e com 1 pixel de largura;",
              "timedOut": null,
              "duration": 196,
              "state": "passed",
              "speed": "slow",
              "pass": true,
              "fail": false,
              "pending": false,
              "context": null,
              "code": "cy.get('.color').each(function (color) {\n  cy.wrap(color).and('have.css', 'border', \"1px solid \".concat(BLACK)).and('have.class', 'color');\n});",
              "err": {},
              "uuid": "d9ba3dd6-fc1d-4cc8-9f42-d794f84815f9",
              "parentUUID": "5c7fd1d4-306c-4472-a9cc-0f8b7b5d2b57",
              "isHook": false,
              "skipped": false
            },
            {
              "title": "Verifica se a paleta lista todas as cores disponíveis para utilização, lado a lado.",
              "fullTitle": "2 - Adicione à página uma paleta de quatro cores distintas. Verifica se a paleta lista todas as cores disponíveis para utilização, lado a lado.",
              "timedOut": null,
              "duration": 255,
              "state": "passed",
              "speed": "slow",
              "pass": true,
              "fail": false,
              "pending": false,
              "context": null,
              "code": "cy.get('.color').then(function (colors) {\n  for (var index = 1; index < colors.length; index += 1) {\n    var currentColor = colors[index];\n    var previousColor = colors[index - 1];\n    cy.wrap(currentColor).should('be.onTheRightOf', previousColor).and('be.horizontallyAlignedWith', previousColor);\n  }\n});",
              "err": {},
              "uuid": "6b85c056-27fd-455c-bb03-6b7e30dbb2b3",
              "parentUUID": "5c7fd1d4-306c-4472-a9cc-0f8b7b5d2b57",
              "isHook": false,
              "skipped": false
            },
            {
              "title": "Verifica se a paleta de cores está posicionada abaixo do título 'Paleta de Cores'",
              "fullTitle": "2 - Adicione à página uma paleta de quatro cores distintas. Verifica se a paleta de cores está posicionada abaixo do título 'Paleta de Cores'",
              "timedOut": null,
              "duration": 101,
              "state": "passed",
              "speed": "slow",
              "pass": true,
              "fail": false,
              "pending": false,
              "context": null,
              "code": "cy.get('h1#title').then(function (title) {\n  cy.get('#color-palette').should('be.belowOf', title);\n});",
              "err": {},
              "uuid": "7deddde8-f051-4408-8af8-96424fa069a5",
              "parentUUID": "5c7fd1d4-306c-4472-a9cc-0f8b7b5d2b57",
              "isHook": false,
              "skipped": false
            },
            {
              "title": "Verifica se a paleta de cores não contém cores repetidas.",
              "fullTitle": "2 - Adicione à página uma paleta de quatro cores distintas. Verifica se a paleta de cores não contém cores repetidas.",
              "timedOut": null,
              "duration": 120,
              "state": "passed",
              "speed": "slow",
              "pass": true,
              "fail": false,
              "pending": false,
              "context": null,
              "code": "cy.get('.color').then(function (colors) {\n  var allColors = Array.from(colors).map(function (color) {\n    return Cypress.$(color).css('background-color');\n  });\n  cy.log(allColors);\n  var uniqColors = (0, _toConsumableArray2[\"default\"])(new Set(allColors));\n  cy.log(uniqColors);\n  expect(allColors.length).to.eq(uniqColors.length);\n});",
              "err": {},
              "uuid": "d21ea7e8-e2af-45ee-b1d9-689074a93942",
              "parentUUID": "5c7fd1d4-306c-4472-a9cc-0f8b7b5d2b57",
              "isHook": false,
              "skipped": false
            }
          ],
          "suites": [],
          "passes": [
            "d371d19d-6925-4ebe-bc9f-dc9a217e44fc",
            "ce04a631-8fa5-4827-87b0-7af832118801",
            "85373c23-a8ce-4540-8f92-02ffc40100c6",
            "d9ba3dd6-fc1d-4cc8-9f42-d794f84815f9",
            "6b85c056-27fd-455c-bb03-6b7e30dbb2b3",
            "7deddde8-f051-4408-8af8-96424fa069a5",
            "d21ea7e8-e2af-45ee-b1d9-689074a93942"
          ],
          "failures": [],
          "pending": [],
          "skipped": [],
          "duration": 1885,
          "root": false,
          "rootEmpty": false,
          "_timeout": 2000
        },
        {
          "uuid": "cc7d3ec2-6676-49e9-b17d-d0b8122f604a",
          "title": "3 - Adicione a cor **preta** como a primeira cor da paleta de cores.",
          "fullFile": "",
          "file": "",
          "beforeHooks": [],
          "afterHooks": [],
          "tests": [
            {
              "title": "Verifica se a primeira cor da paleta é preta",
              "fullTitle": "3 - Adicione a cor **preta** como a primeira cor da paleta de cores. Verifica se a primeira cor da paleta é preta",
              "timedOut": null,
              "duration": 365,
              "state": "passed",
              "speed": "slow",
              "pass": true,
              "fail": false,
              "pending": false,
              "context": null,
              "code": "cy.get('.color').first().should('have.css', 'background-color', BLACK);",
              "err": {},
              "uuid": "d2dee685-3931-4dbf-a8aa-bd3e052856fe",
              "parentUUID": "cc7d3ec2-6676-49e9-b17d-d0b8122f604a",
              "isHook": false,
              "skipped": false
            },
            {
              "title": "Verifica se as demais cores podem ser escolhidas livremente.",
              "fullTitle": "3 - Adicione a cor **preta** como a primeira cor da paleta de cores. Verifica se as demais cores podem ser escolhidas livremente.",
              "timedOut": null,
              "duration": 528,
              "state": "passed",
              "speed": "slow",
              "pass": true,
              "fail": false,
              "pending": false,
              "context": null,
              "code": "cy.get('.color').eq(1).should('not.have.css', 'background-color', BLACK);\ncy.get('.color').eq(1).should('not.have.css', 'background-color', WHITE);\ncy.get('.color').eq(1).should('not.have.css', 'background-color', 'rgba(0, 0, 0, 0)');\ncy.get('.color').eq(1).should('have.css', 'background-color');\ncy.get('.color').eq(2).should('not.have.css', 'background-color', BLACK);\ncy.get('.color').eq(2).should('not.have.css', 'background-color', WHITE);\ncy.get('.color').eq(2).should('not.have.css', 'background-color', 'rgba(0, 0, 0, 0)');\ncy.get('.color').eq(2).should('have.css', 'background-color');\ncy.get('.color').eq(3).should('not.have.css', 'background-color', BLACK);\ncy.get('.color').eq(3).should('not.have.css', 'background-color', WHITE);\ncy.get('.color').eq(3).should('not.have.css', 'background-color', 'rgba(0, 0, 0, 0)');\ncy.get('.color').eq(3).should('have.css', 'background-color');",
              "err": {},
              "uuid": "0814432f-75a1-486d-9d3f-c94076b91f84",
              "parentUUID": "cc7d3ec2-6676-49e9-b17d-d0b8122f604a",
              "isHook": false,
              "skipped": false
            }
          ],
          "suites": [],
          "passes": [
            "d2dee685-3931-4dbf-a8aa-bd3e052856fe",
            "0814432f-75a1-486d-9d3f-c94076b91f84"
          ],
          "failures": [],
          "pending": [],
          "skipped": [],
          "duration": 893,
          "root": false,
          "rootEmpty": false,
          "_timeout": 2000
        },
        {
          "uuid": "b1c70b29-40ee-45da-b1df-a36f7e14de79",
          "title": "4 - Adicione à página um quadro de pixels, com 25 pixels.",
          "fullFile": "",
          "file": "",
          "beforeHooks": [],
          "afterHooks": [],
          "tests": [
            {
              "title": "Verifica se o quadro de pixels possui o `id` denominado `pixel-board`",
              "fullTitle": "4 - Adicione à página um quadro de pixels, com 25 pixels. Verifica se o quadro de pixels possui o `id` denominado `pixel-board`",
              "timedOut": null,
              "duration": 178,
              "state": "passed",
              "speed": "slow",
              "pass": true,
              "fail": false,
              "pending": false,
              "context": null,
              "code": "cy.get('#pixel-board').should('be.visible');",
              "err": {},
              "uuid": "08d1eeb0-e307-4a0d-bb7f-e21b8991be5b",
              "parentUUID": "b1c70b29-40ee-45da-b1df-a36f7e14de79",
              "isHook": false,
              "skipped": false
            },
            {
              "title": "Verifica se cada pixel individual dentro do quadro possui a `classe` denominada `pixel`.",
              "fullTitle": "4 - Adicione à página um quadro de pixels, com 25 pixels. Verifica se cada pixel individual dentro do quadro possui a `classe` denominada `pixel`.",
              "timedOut": null,
              "duration": 248,
              "state": "passed",
              "speed": "slow",
              "pass": true,
              "fail": false,
              "pending": false,
              "context": null,
              "code": "cy.get('.pixel').should('have.length', 25);",
              "err": {},
              "uuid": "331e9269-8e26-4038-b4e6-ef1c3295fbb6",
              "parentUUID": "b1c70b29-40ee-45da-b1df-a36f7e14de79",
              "isHook": false,
              "skipped": false
            },
            {
              "title": "Verifica se a cor inicial dos pixels dentro do quadro, ao abrir a página, é branca.",
              "fullTitle": "4 - Adicione à página um quadro de pixels, com 25 pixels. Verifica se a cor inicial dos pixels dentro do quadro, ao abrir a página, é branca.",
              "timedOut": null,
              "duration": 471,
              "state": "passed",
              "speed": "slow",
              "pass": true,
              "fail": false,
              "pending": false,
              "context": null,
              "code": "cy.get('.pixel').should('have.length', 25).each(function (pixel) {\n  expect(pixel).to.have.css('background-color', WHITE);\n});",
              "err": {},
              "uuid": "79d6fc8b-3cd0-4796-b1b6-0fa63ef6a06d",
              "parentUUID": "b1c70b29-40ee-45da-b1df-a36f7e14de79",
              "isHook": false,
              "skipped": false
            },
            {
              "title": "Verifica se o quadro de pixels aparece abaixo da paleta de cores",
              "fullTitle": "4 - Adicione à página um quadro de pixels, com 25 pixels. Verifica se o quadro de pixels aparece abaixo da paleta de cores",
              "timedOut": null,
              "duration": 287,
              "state": "passed",
              "speed": "slow",
              "pass": true,
              "fail": false,
              "pending": false,
              "context": null,
              "code": "cy.get('#color-palette').then(function (palette) {\n  cy.get('#pixel-board').should('be.belowOf', palette);\n});",
              "err": {},
              "uuid": "335c79f5-0d1c-4ca1-8503-4372dcbc3ca4",
              "parentUUID": "b1c70b29-40ee-45da-b1df-a36f7e14de79",
              "isHook": false,
              "skipped": false
            }
          ],
          "suites": [],
          "passes": [
            "08d1eeb0-e307-4a0d-bb7f-e21b8991be5b",
            "331e9269-8e26-4038-b4e6-ef1c3295fbb6",
            "79d6fc8b-3cd0-4796-b1b6-0fa63ef6a06d",
            "335c79f5-0d1c-4ca1-8503-4372dcbc3ca4"
          ],
          "failures": [],
          "pending": [],
          "skipped": [],
          "duration": 1184,
          "root": false,
          "rootEmpty": false,
          "_timeout": 2000
        },
        {
          "uuid": "c91241de-0f54-474e-a2e1-e9619ea8835f",
          "title": "5 - Faça com que cada elemento do quadro de pixels possua 40 pixels de largura, 40 pixels de altura e seja delimitado por uma borda preta de 1 pixel.",
          "fullFile": "",
          "file": "",
          "beforeHooks": [],
          "afterHooks": [],
          "tests": [
            {
              "title": "Verifica se o quadro de pixels tem altura e comprimento de 5 elementos",
              "fullTitle": "5 - Faça com que cada elemento do quadro de pixels possua 40 pixels de largura, 40 pixels de altura e seja delimitado por uma borda preta de 1 pixel. Verifica se o quadro de pixels tem altura e comprimento de 5 elementos",
              "timedOut": null,
              "duration": 543,
              "state": "passed",
              "speed": "slow",
              "pass": true,
              "fail": false,
              "pending": false,
              "context": null,
              "code": "cy.get('.pixel').should('have.length', 25).each(function (pixel) {\n  expect(pixel).to.have.css('background-color', WHITE);\n}).and(function (pixels) {\n  var rows = chunk(pixels, 5);\n  rows.forEach(function (row) {\n    for (var index = 1; index < row.length; index += 1) {\n      var current = pixels[index];\n      var previous = pixels[index - 1];\n      cy.wrap(current).should('be.onTheRightOf', previous).and('be.horizontallyAlignedWith', previous);\n    }\n  });\n  for (var index = 1; index < 5; index += 1) {\n    expect(pixels[index * 5]).to.be.belowOf(pixels[(index - 1) * 5]);\n  }\n});",
              "err": {},
              "uuid": "2864ae59-2662-400a-8de6-3d9de8d15cc5",
              "parentUUID": "c91241de-0f54-474e-a2e1-e9619ea8835f",
              "isHook": false,
              "skipped": false
            },
            {
              "title": "Verifica se 40 pixels é o tamanho total do elemento, incluindo seu conteúdo e excluindo a borda preta, que deve ser criada à parte.",
              "fullTitle": "5 - Faça com que cada elemento do quadro de pixels possua 40 pixels de largura, 40 pixels de altura e seja delimitado por uma borda preta de 1 pixel. Verifica se 40 pixels é o tamanho total do elemento, incluindo seu conteúdo e excluindo a borda preta, que deve ser criada à parte.",
              "timedOut": null,
              "duration": 761,
              "state": "passed",
              "speed": "slow",
              "pass": true,
              "fail": false,
              "pending": false,
              "context": null,
              "code": "cy.get('.pixel').each(function (pixel) {\n  cy.wrap(pixel).should('have.css', 'height', '40px').and('have.css', 'width', '40px').and('have.css', 'border', \"1px solid \".concat(BLACK));\n});",
              "err": {},
              "uuid": "989c66d3-b4ce-4963-94c8-5a7c7d7d9c28",
              "parentUUID": "c91241de-0f54-474e-a2e1-e9619ea8835f",
              "isHook": false,
              "skipped": false
            }
          ],
          "suites": [],
          "passes": [
            "2864ae59-2662-400a-8de6-3d9de8d15cc5",
            "989c66d3-b4ce-4963-94c8-5a7c7d7d9c28"
          ],
          "failures": [],
          "pending": [],
          "skipped": [],
          "duration": 1304,
          "root": false,
          "rootEmpty": false,
          "_timeout": 2000
        },
        {
          "uuid": "3c762663-1df1-482d-8e17-f342fe5d8f0e",
          "title": "6 - Defina a cor preta como cor inicial. Ao carregar a página a cor preta já deve estar selecionada para pintar os pixels",
          "fullFile": "",
          "file": "",
          "beforeHooks": [],
          "afterHooks": [],
          "tests": [
            {
              "title": "Verifica se o elemento da cor preta possui, inicialmente, a `classe` `selected`",
              "fullTitle": "6 - Defina a cor preta como cor inicial. Ao carregar a página a cor preta já deve estar selecionada para pintar os pixels Verifica se o elemento da cor preta possui, inicialmente, a `classe` `selected`",
              "timedOut": null,
              "duration": 275,
              "state": "passed",
              "speed": "slow",
              "pass": true,
              "fail": false,
              "pending": false,
              "context": null,
              "code": "cy.get('.selected').first().should('have.css', 'background-color', BLACK);",
              "err": {},
              "uuid": "0ebaa96c-47ea-4c2e-bcec-9f312d5f7051",
              "parentUUID": "3c762663-1df1-482d-8e17-f342fe5d8f0e",
              "isHook": false,
              "skipped": false
            },
            {
              "title": "Verifica se nenhuma outra cor da paleta tem a `classe` `selected`",
              "fullTitle": "6 - Defina a cor preta como cor inicial. Ao carregar a página a cor preta já deve estar selecionada para pintar os pixels Verifica se nenhuma outra cor da paleta tem a `classe` `selected`",
              "timedOut": null,
              "duration": 302,
              "state": "passed",
              "speed": "slow",
              "pass": true,
              "fail": false,
              "pending": false,
              "context": null,
              "code": "cy.get('.color:not(:first-child)').each(function (color) {\n  cy.wrap(color).should('not.have.class', 'selected');\n});",
              "err": {},
              "uuid": "40a6e268-c486-4ace-9310-5ba883461faf",
              "parentUUID": "3c762663-1df1-482d-8e17-f342fe5d8f0e",
              "isHook": false,
              "skipped": false
            }
          ],
          "suites": [],
          "passes": [
            "0ebaa96c-47ea-4c2e-bcec-9f312d5f7051",
            "40a6e268-c486-4ace-9310-5ba883461faf"
          ],
          "failures": [],
          "pending": [],
          "skipped": [],
          "duration": 577,
          "root": false,
          "rootEmpty": false,
          "_timeout": 2000
        },
        {
          "uuid": "610c6516-ba61-4e77-939a-f1a4a7095dfa",
          "title": "7 - Clicar em uma das cores da paleta, faz com que ela seja selecionada e utilizada para preencher os pixels no quadro.",
          "fullFile": "",
          "file": "",
          "beforeHooks": [],
          "afterHooks": [],
          "tests": [
            {
              "title": "Verifica se somente uma cor da paleta de cores tem a classe `selected` de cada vez",
              "fullTitle": "7 - Clicar em uma das cores da paleta, faz com que ela seja selecionada e utilizada para preencher os pixels no quadro. Verifica se somente uma cor da paleta de cores tem a classe `selected` de cada vez",
              "timedOut": null,
              "duration": 799,
              "state": "passed",
              "speed": "slow",
              "pass": true,
              "fail": false,
              "pending": false,
              "context": null,
              "code": "cy.get('.color').each(function (selectedColor, selectedColorIndex) {\n  cy.wrap(selectedColor).click();\n  cy.get('.color').each(function (color, colorIndex) {\n    if (colorIndex === selectedColorIndex) {\n      expect(color).to.have[\"class\"]('selected');\n    } else {\n      expect(color).not.to.have[\"class\"]('selected');\n    }\n  });\n});",
              "err": {},
              "uuid": "8fc74af8-b109-45a9-ad26-7df41c2becde",
              "parentUUID": "610c6516-ba61-4e77-939a-f1a4a7095dfa",
              "isHook": false,
              "skipped": false
            },
            {
              "title": "Verifica se os pixels dentro do quadro não têm a classe `selected` quando são clicados",
              "fullTitle": "7 - Clicar em uma das cores da paleta, faz com que ela seja selecionada e utilizada para preencher os pixels no quadro. Verifica se os pixels dentro do quadro não têm a classe `selected` quando são clicados",
              "timedOut": null,
              "duration": 10367,
              "state": "passed",
              "speed": "slow",
              "pass": true,
              "fail": false,
              "pending": false,
              "context": null,
              "code": "cy.get('.color').each(function (color) {\n  var backgroundColor = color.css('background-color');\n  cy.wrap(color).click();\n  cy.get('.pixel').each(function (pixel) {\n    cy.wrap(pixel).click().should('not.have.class', 'selected');\n  });\n});",
              "err": {},
              "uuid": "367781f5-7a59-4d79-9012-133f6705a0b8",
              "parentUUID": "610c6516-ba61-4e77-939a-f1a4a7095dfa",
              "isHook": false,
              "skipped": false
            }
          ],
          "suites": [],
          "passes": [
            "8fc74af8-b109-45a9-ad26-7df41c2becde",
            "367781f5-7a59-4d79-9012-133f6705a0b8"
          ],
          "failures": [],
          "pending": [],
          "skipped": [],
          "duration": 11166,
          "root": false,
          "rootEmpty": false,
          "_timeout": 2000
        },
        {
          "uuid": "1551233a-c68d-4210-9ae2-5a0af985eb1a",
          "title": "8 - Clicar em um pixel dentro do quadro após selecionar uma cor na paleta, faz com que o pixel seja preenchido com a cor selecionada.",
          "fullFile": "",
          "file": "",
          "beforeHooks": [],
          "afterHooks": [],
          "tests": [
            {
              "title": "Verifica se ao carregar a página deve ser possível pintar os pixels de preto",
              "fullTitle": "8 - Clicar em um pixel dentro do quadro após selecionar uma cor na paleta, faz com que o pixel seja preenchido com a cor selecionada. Verifica se ao carregar a página deve ser possível pintar os pixels de preto",
              "timedOut": null,
              "duration": 2832,
              "state": "passed",
              "speed": "slow",
              "pass": true,
              "fail": false,
              "pending": false,
              "context": null,
              "code": "cy.get('.pixel').each(function (pixel) {\n  cy.wrap(pixel).click().should('have.css', 'background-color', BLACK);\n});",
              "err": {},
              "uuid": "0b875a5d-362b-47ae-90ab-4eada1ce6da1",
              "parentUUID": "1551233a-c68d-4210-9ae2-5a0af985eb1a",
              "isHook": false,
              "skipped": false
            },
            {
              "title": "Verifica se após selecionar uma outra cor na paleta, é possível pintar os pixels com essa cor",
              "fullTitle": "8 - Clicar em um pixel dentro do quadro após selecionar uma cor na paleta, faz com que o pixel seja preenchido com a cor selecionada. Verifica se após selecionar uma outra cor na paleta, é possível pintar os pixels com essa cor",
              "timedOut": null,
              "duration": 10070,
              "state": "passed",
              "speed": "slow",
              "pass": true,
              "fail": false,
              "pending": false,
              "context": null,
              "code": "cy.get('.color').each(function (color) {\n  var backgroundColor = color.css('background-color');\n  cy.wrap(color).click();\n  cy.get('.pixel').each(function (pixel) {\n    cy.wrap(pixel).click().should('have.css', 'background-color', backgroundColor);\n  });\n});",
              "err": {},
              "uuid": "bfa12333-1e7d-4b58-82ae-186c3bf7274f",
              "parentUUID": "1551233a-c68d-4210-9ae2-5a0af985eb1a",
              "isHook": false,
              "skipped": false
            },
            {
              "title": "Verifica se somente o pixel que foi clicado foi preenchido com a cor selecionada, sem influenciar na cor dos demais pixels.",
              "fullTitle": "8 - Clicar em um pixel dentro do quadro após selecionar uma cor na paleta, faz com que o pixel seja preenchido com a cor selecionada. Verifica se somente o pixel que foi clicado foi preenchido com a cor selecionada, sem influenciar na cor dos demais pixels.",
              "timedOut": null,
              "duration": 1998,
              "state": "passed",
              "speed": "slow",
              "pass": true,
              "fail": false,
              "pending": false,
              "context": null,
              "code": "var colorToPixelIndexMap = {\n  0: 6,\n  1: 8,\n  2: 16,\n  3: 18\n};\ncy.get('.color').each(function (color, index) {\n  cy.wrap(color).click();\n  var backgroundColor = color.css('background-color');\n  var clickedPixelIndex = colorToPixelIndexMap[index];\n  cy.get('.pixel').eq(clickedPixelIndex).click();\n  cy.get('.pixel').eq(clickedPixelIndex - 1).should('not.have.css', 'background-color', backgroundColor);\n  cy.get('.pixel').eq(clickedPixelIndex + 1).should('not.have.css', 'background-color', backgroundColor);\n  cy.get('.pixel').eq(clickedPixelIndex - 5).should('not.have.css', 'background-color', backgroundColor);\n  cy.get('.pixel').eq(clickedPixelIndex + 5).should('not.have.css', 'background-color', backgroundColor);\n  cy.get('.pixel').eq(clickedPixelIndex - 6).should('not.have.css', 'background-color', backgroundColor);\n  cy.get('.pixel').eq(clickedPixelIndex - 4).should('not.have.css', 'background-color', backgroundColor);\n  cy.get('.pixel').eq(clickedPixelIndex + 4).should('not.have.css', 'background-color', backgroundColor);\n  cy.get('.pixel').eq(clickedPixelIndex + 6).should('not.have.css', 'background-color', backgroundColor);\n});",
              "err": {},
              "uuid": "7c8437a0-af7a-427b-9458-78ea06471766",
              "parentUUID": "1551233a-c68d-4210-9ae2-5a0af985eb1a",
              "isHook": false,
              "skipped": false
            }
          ],
          "suites": [],
          "passes": [
            "0b875a5d-362b-47ae-90ab-4eada1ce6da1",
            "bfa12333-1e7d-4b58-82ae-186c3bf7274f",
            "7c8437a0-af7a-427b-9458-78ea06471766"
          ],
          "failures": [],
          "pending": [],
          "skipped": [],
          "duration": 14900,
          "root": false,
          "rootEmpty": false,
          "_timeout": 2000
        },
        {
          "uuid": "413d2e62-71a7-4e2d-b5a5-501f23b8a8d8",
          "title": "9 - Crie um botão que, ao ser clicado, limpa o quadro preenchendo a cor de todos seus pixels com branco.",
          "fullFile": "",
          "file": "",
          "beforeHooks": [],
          "afterHooks": [],
          "tests": [
            {
              "title": "Verifica se o botão tem o `id` denominado `clear-board`",
              "fullTitle": "9 - Crie um botão que, ao ser clicado, limpa o quadro preenchendo a cor de todos seus pixels com branco. Verifica se o botão tem o `id` denominado `clear-board`",
              "timedOut": null,
              "duration": 369,
              "state": "passed",
              "speed": "slow",
              "pass": true,
              "fail": false,
              "pending": false,
              "context": null,
              "code": "cy.get('#clear-board').should('be.visible');",
              "err": {},
              "uuid": "d5d8b020-3077-4d36-b19f-5d1e48cc95d2",
              "parentUUID": "413d2e62-71a7-4e2d-b5a5-501f23b8a8d8",
              "isHook": false,
              "skipped": false
            },
            {
              "title": "Verifica se o botão está posicionado entre a paleta de cores e o quadro de pixels",
              "fullTitle": "9 - Crie um botão que, ao ser clicado, limpa o quadro preenchendo a cor de todos seus pixels com branco. Verifica se o botão está posicionado entre a paleta de cores e o quadro de pixels",
              "timedOut": null,
              "duration": 193,
              "state": "passed",
              "speed": "slow",
              "pass": true,
              "fail": false,
              "pending": false,
              "context": null,
              "code": "cy.get('#color-palette').then(function (palette) {\n  cy.get('#clear-board').should('be.belowOf', palette);\n});\ncy.get('#clear-board').then(function (clearBtn) {\n  cy.get('#pixel-board').should('be.belowOf', clearBtn);\n});",
              "err": {},
              "uuid": "433703f9-6956-48da-99f8-62d6d51df9ed",
              "parentUUID": "413d2e62-71a7-4e2d-b5a5-501f23b8a8d8",
              "isHook": false,
              "skipped": false
            },
            {
              "title": "Verifica se o texto do botão é 'Limpar'",
              "fullTitle": "9 - Crie um botão que, ao ser clicado, limpa o quadro preenchendo a cor de todos seus pixels com branco. Verifica se o texto do botão é 'Limpar'",
              "timedOut": null,
              "duration": 203,
              "state": "passed",
              "speed": "slow",
              "pass": true,
              "fail": false,
              "pending": false,
              "context": null,
              "code": "cy.get('#clear-board').should('contain.text', 'Limpar');",
              "err": {},
              "uuid": "681db0bc-29f5-44eb-89d5-e5ac5b93ef1d",
              "parentUUID": "413d2e62-71a7-4e2d-b5a5-501f23b8a8d8",
              "isHook": false,
              "skipped": false
            },
            {
              "title": "Verifica se ao clicar no botão, o quadro de pixels é totalmente preenchido de branco",
              "fullTitle": "9 - Crie um botão que, ao ser clicado, limpa o quadro preenchendo a cor de todos seus pixels com branco. Verifica se ao clicar no botão, o quadro de pixels é totalmente preenchido de branco",
              "timedOut": null,
              "duration": 2989,
              "state": "passed",
              "speed": "slow",
              "pass": true,
              "fail": false,
              "pending": false,
              "context": null,
              "code": "cy.get('.color').eq(1).then(function (color) {\n  var backgroundColor = color.css('background-color');\n  cy.wrap(color).click();\n  cy.get('.pixel').each(function (pixel) {\n    cy.wrap(pixel).click().should('have.css', 'background-color', backgroundColor);\n  });\n});\ncy.get('#clear-board').click();\ncy.get('.pixel').each(function (pixel) {\n  cy.wrap(pixel).should('have.css', 'background-color', WHITE);\n});",
              "err": {},
              "uuid": "a9449504-62fd-423a-9d96-d5bbfa83ed99",
              "parentUUID": "413d2e62-71a7-4e2d-b5a5-501f23b8a8d8",
              "isHook": false,
              "skipped": false
            }
          ],
          "suites": [],
          "passes": [
            "d5d8b020-3077-4d36-b19f-5d1e48cc95d2",
            "433703f9-6956-48da-99f8-62d6d51df9ed",
            "681db0bc-29f5-44eb-89d5-e5ac5b93ef1d",
            "a9449504-62fd-423a-9d96-d5bbfa83ed99"
          ],
          "failures": [],
          "pending": [],
          "skipped": [],
          "duration": 3754,
          "root": false,
          "rootEmpty": false,
          "_timeout": 2000
        },
        {
          "uuid": "db8bafcd-6111-4747-a807-a790b98f60ee",
          "title": "10 - Faça o quadro de pixels ter seu tamanho definido pelo usuário.",
          "fullFile": "",
          "file": "",
          "beforeHooks": [],
          "afterHooks": [],
          "tests": [
            {
              "title": "Verifica se existe um input com o id `board-size`",
              "fullTitle": "10 - Faça o quadro de pixels ter seu tamanho definido pelo usuário. Verifica se existe um input com o id `board-size`",
              "timedOut": null,
              "duration": 407,
              "state": "passed",
              "speed": "slow",
              "pass": true,
              "fail": false,
              "pending": false,
              "context": null,
              "code": "cy.get('#board-size').should('be.visible');",
              "err": {},
              "uuid": "e5d7a7dc-424e-433a-9bbc-8a3d30afe8f0",
              "parentUUID": "db8bafcd-6111-4747-a807-a790b98f60ee",
              "isHook": false,
              "skipped": false
            },
            {
              "title": "Verifica se existe um botão com o id `generate-board`",
              "fullTitle": "10 - Faça o quadro de pixels ter seu tamanho definido pelo usuário. Verifica se existe um botão com o id `generate-board`",
              "timedOut": null,
              "duration": 228,
              "state": "passed",
              "speed": "slow",
              "pass": true,
              "fail": false,
              "pending": false,
              "context": null,
              "code": "cy.get('#generate-board').should('be.visible');",
              "err": {},
              "uuid": "3cf756a7-e7dc-4dd9-8ff4-50bd14e30c01",
              "parentUUID": "db8bafcd-6111-4747-a807-a790b98f60ee",
              "isHook": false,
              "skipped": false
            },
            {
              "title": "Verifica se o input só aceita número maiores que zero. Essa restrição deve ser feita usando os atributos do elemento `input`",
              "fullTitle": "10 - Faça o quadro de pixels ter seu tamanho definido pelo usuário. Verifica se o input só aceita número maiores que zero. Essa restrição deve ser feita usando os atributos do elemento `input`",
              "timedOut": null,
              "duration": 102,
              "state": "passed",
              "speed": "slow",
              "pass": true,
              "fail": false,
              "pending": false,
              "context": null,
              "code": "cy.get('#board-size[type=\\'number\\'][min=\\'1\\']');",
              "err": {},
              "uuid": "687d72f6-24f9-4a92-aaff-c622263c0de7",
              "parentUUID": "db8bafcd-6111-4747-a807-a790b98f60ee",
              "isHook": false,
              "skipped": false
            },
            {
              "title": "Verifica se o botão contém o texto 'VQV'",
              "fullTitle": "10 - Faça o quadro de pixels ter seu tamanho definido pelo usuário. Verifica se o botão contém o texto 'VQV'",
              "timedOut": null,
              "duration": 297,
              "state": "passed",
              "speed": "slow",
              "pass": true,
              "fail": false,
              "pending": false,
              "context": null,
              "code": "cy.get('#generate-board').contains(/vqv/i);",
              "err": {},
              "uuid": "76b13b66-45a9-4e78-aa6f-7dbad4ea6690",
              "parentUUID": "db8bafcd-6111-4747-a807-a790b98f60ee",
              "isHook": false,
              "skipped": false
            },
            {
              "title": "Verifica se o input está posicionado entre a paleta de cores e o quadro de pixels",
              "fullTitle": "10 - Faça o quadro de pixels ter seu tamanho definido pelo usuário. Verifica se o input está posicionado entre a paleta de cores e o quadro de pixels",
              "timedOut": null,
              "duration": 318,
              "state": "passed",
              "speed": "slow",
              "pass": true,
              "fail": false,
              "pending": false,
              "context": null,
              "code": "cy.get('#color-palette').then(function (palette) {\n  cy.get('#board-size').should('be.belowOf', palette);\n});\ncy.get('#board-size').then(function (palette) {\n  cy.get('#pixel-board').should('be.belowOf', palette);\n});",
              "err": {},
              "uuid": "7aa31c08-f39f-4aec-ac2e-2d0f8cf75669",
              "parentUUID": "db8bafcd-6111-4747-a807-a790b98f60ee",
              "isHook": false,
              "skipped": false
            },
            {
              "title": "Verifica se o botão está posicionado ao lado do input",
              "fullTitle": "10 - Faça o quadro de pixels ter seu tamanho definido pelo usuário. Verifica se o botão está posicionado ao lado do input",
              "timedOut": null,
              "duration": 120,
              "state": "passed",
              "speed": "slow",
              "pass": true,
              "fail": false,
              "pending": false,
              "context": null,
              "code": "cy.get('#board-size').then(function (board) {\n  cy.get('#generate-board').should('be.onTheRightOf', board);\n});",
              "err": {},
              "uuid": "48d5ac29-7f5e-4ab5-a1ae-d0b71ed95f99",
              "parentUUID": "db8bafcd-6111-4747-a807-a790b98f60ee",
              "isHook": false,
              "skipped": false
            },
            {
              "title": "Verifica se nenhum valor for colocado no input ao clicar no botão, um `alert` é exibido com o texto: 'Board inválido!'",
              "fullTitle": "10 - Faça o quadro de pixels ter seu tamanho definido pelo usuário. Verifica se nenhum valor for colocado no input ao clicar no botão, um `alert` é exibido com o texto: 'Board inválido!'",
              "timedOut": null,
              "duration": 434,
              "state": "passed",
              "speed": "slow",
              "pass": true,
              "fail": false,
              "pending": false,
              "context": null,
              "code": "var alerted = false;\ncy.on('window:alert', function (msg) {\n  return alerted = msg;\n});\ncy.get('#generate-board').click().then(function () {\n  return expect(alerted).to.match(/Board inválido!/i);\n});",
              "err": {},
              "uuid": "81931cb9-e2e2-4525-a369-7baa1257c7ea",
              "parentUUID": "db8bafcd-6111-4747-a807-a790b98f60ee",
              "isHook": false,
              "skipped": false
            },
            {
              "title": "Verifica se ao clicar no botão com um valor preenchido, o tamanho do board muda.",
              "fullTitle": "10 - Faça o quadro de pixels ter seu tamanho definido pelo usuário. Verifica se ao clicar no botão com um valor preenchido, o tamanho do board muda.",
              "timedOut": null,
              "duration": 792,
              "state": "passed",
              "speed": "slow",
              "pass": true,
              "fail": false,
              "pending": false,
              "context": null,
              "code": "cy.get('#board-size').clear().type(10);\ncy.get('#generate-board').click();\ncy.get('.pixel').should('have.length', 100);",
              "err": {},
              "uuid": "45506357-968c-433a-95a1-e4ac821b4792",
              "parentUUID": "db8bafcd-6111-4747-a807-a790b98f60ee",
              "isHook": false,
              "skipped": false
            },
            {
              "title": "Verifica se o novo quadro tem todos os pixels preenchidos com a cor branca",
              "fullTitle": "10 - Faça o quadro de pixels ter seu tamanho definido pelo usuário. Verifica se o novo quadro tem todos os pixels preenchidos com a cor branca",
              "timedOut": null,
              "duration": 692,
              "state": "passed",
              "speed": "slow",
              "pass": true,
              "fail": false,
              "pending": false,
              "context": null,
              "code": "cy.get('#board-size').clear().type(6);\ncy.get('#generate-board').click();\ncy.get('.pixel').should('have.length', 36).each(function (pixel) {\n  expect(pixel).to.have.css('background-color', WHITE);\n});",
              "err": {},
              "uuid": "0a287419-fed9-466b-833b-89bc27ae2443",
              "parentUUID": "db8bafcd-6111-4747-a807-a790b98f60ee",
              "isHook": false,
              "skipped": false
            }
          ],
          "suites": [],
          "passes": [
            "e5d7a7dc-424e-433a-9bbc-8a3d30afe8f0",
            "3cf756a7-e7dc-4dd9-8ff4-50bd14e30c01",
            "687d72f6-24f9-4a92-aaff-c622263c0de7",
            "76b13b66-45a9-4e78-aa6f-7dbad4ea6690",
            "7aa31c08-f39f-4aec-ac2e-2d0f8cf75669",
            "48d5ac29-7f5e-4ab5-a1ae-d0b71ed95f99",
            "81931cb9-e2e2-4525-a369-7baa1257c7ea",
            "45506357-968c-433a-95a1-e4ac821b4792",
            "0a287419-fed9-466b-833b-89bc27ae2443"
          ],
          "failures": [],
          "pending": [],
          "skipped": [],
          "duration": 3390,
          "root": false,
          "rootEmpty": false,
          "_timeout": 2000
        },
        {
          "uuid": "7ed04de6-7156-4d8e-a8f0-97502cd27164",
          "title": "11 - Limite o tamanho mínimo e máximo do board.",
          "fullFile": "",
          "file": "",
          "beforeHooks": [],
          "afterHooks": [],
          "tests": [
            {
              "title": "Verifica se a altura máxima do board é 50",
              "fullTitle": "11 - Limite o tamanho mínimo e máximo do board. Verifica se a altura máxima do board é 50",
              "timedOut": null,
              "duration": 2951,
              "state": "passed",
              "speed": "slow",
              "pass": true,
              "fail": false,
              "pending": false,
              "context": null,
              "code": "cy.get('#board-size').clear().type(50);\ncy.get('#generate-board').click();\ncy.get('.pixel').should('have.length', 2500);",
              "err": {},
              "uuid": "e670af6a-ec0b-4a73-b0dc-a7965a2fd993",
              "parentUUID": "7ed04de6-7156-4d8e-a8f0-97502cd27164",
              "isHook": false,
              "skipped": false
            },
            {
              "title": "Verifica se a altura do board é 5 quando um valor menor é colocado no input",
              "fullTitle": "11 - Limite o tamanho mínimo e máximo do board. Verifica se a altura do board é 5 quando um valor menor é colocado no input",
              "timedOut": null,
              "duration": 590,
              "state": "passed",
              "speed": "slow",
              "pass": true,
              "fail": false,
              "pending": false,
              "context": null,
              "code": "cy.get('#board-size').clear().type(4);\ncy.get('#generate-board').click();\ncy.get('.pixel').should('have.length', 25);",
              "err": {},
              "uuid": "83fc12df-38f6-4993-abfb-d9e6dc0a9623",
              "parentUUID": "7ed04de6-7156-4d8e-a8f0-97502cd27164",
              "isHook": false,
              "skipped": false
            },
            {
              "title": "Verifica se a altura do board é 50 quando um valor maior é colocado no input",
              "fullTitle": "11 - Limite o tamanho mínimo e máximo do board. Verifica se a altura do board é 50 quando um valor maior é colocado no input",
              "timedOut": null,
              "duration": 2497,
              "state": "passed",
              "speed": "slow",
              "pass": true,
              "fail": false,
              "pending": false,
              "context": null,
              "code": "cy.get('#board-size').clear().type(51);\ncy.get('#generate-board').click();\ncy.get('.pixel').should('have.length', 2500);",
              "err": {},
              "uuid": "9996449d-0784-4250-a6e3-65d2bcc21ff9",
              "parentUUID": "7ed04de6-7156-4d8e-a8f0-97502cd27164",
              "isHook": false,
              "skipped": false
            }
          ],
          "suites": [],
          "passes": [
            "e670af6a-ec0b-4a73-b0dc-a7965a2fd993",
            "83fc12df-38f6-4993-abfb-d9e6dc0a9623",
            "9996449d-0784-4250-a6e3-65d2bcc21ff9"
          ],
          "failures": [],
          "pending": [],
          "skipped": [],
          "duration": 6038,
          "root": false,
          "rootEmpty": false,
          "_timeout": 2000
        },
        {
          "uuid": "a0ef8182-e7d2-4965-b912-a533b0a50227",
          "title": "12 - Faça com que as cores da paleta sejam geradas aleatoriamente ao carregar a página.",
          "fullFile": "",
          "file": "",
          "beforeHooks": [],
          "afterHooks": [],
          "tests": [
            {
              "title": "Verifica se as cores geradas na paleta são diferentes a cada carregamento da página",
              "fullTitle": "12 - Faça com que as cores da paleta sejam geradas aleatoriamente ao carregar a página. Verifica se as cores geradas na paleta são diferentes a cada carregamento da página",
              "timedOut": null,
              "duration": 910,
              "state": "failed",
              "speed": null,
              "pass": false,
              "fail": true,
              "pending": false,
              "context": null,
              "code": "cy.get('.color').then(function (colors) {\n  var currentColors;\n  var previousColors;\n  previousColors = Array.from(colors).map(function (color) {\n    return Cypress.$(color).css('background-color');\n  });\n  for (var i = 0; i < 5; i += 1) {\n    cy.reload();\n    cy.get('.color').then(function (colors) {\n      currentColors = Array.from(colors).map(function (color) {\n        return Cypress.$(color).css('background-color');\n      });\n      expect(currentColors).not.to.deep.equal(previousColors);\n      previousColors = currentColors;\n    });\n  }\n});",
              "err": {
                "message": "AssertionError: expected [ Array(4) ] to not deeply equal [ Array(4) ]",
                "estack": "AssertionError: expected [ Array(4) ] to not deeply equal [ Array(4) ]\n    at getRet (http://localhost:41113/__cypress/runner/cypress_runner.js:136585:16)\n    at tryCatcher (http://localhost:41113/__cypress/runner/cypress_runner.js:167415:23)\n    at Function.Promise.attempt.Promise.try (http://localhost:41113/__cypress/runner/cypress_runner.js:164690:29)\n    at Context.thenFn (http://localhost:41113/__cypress/runner/cypress_runner.js:136599:23)\n    at Context.then (http://localhost:41113/__cypress/runner/cypress_runner.js:136971:21)\n    at Context.<anonymous> (http://localhost:41113/__cypress/runner/cypress_runner.js:148875:21)\n    at http://localhost:41113/__cypress/runner/cypress_runner.js:148351:33\n    at tryCatcher (http://localhost:41113/__cypress/runner/cypress_runner.js:167415:23)\n    at Promise._settlePromiseFromHandler (http://localhost:41113/__cypress/runner/cypress_runner.js:165351:31)\n    at Promise._settlePromise (http://localhost:41113/__cypress/runner/cypress_runner.js:165408:18)\n    at Promise._settlePromiseCtx (http://localhost:41113/__cypress/runner/cypress_runner.js:165445:10)\n    at Async../node_modules/bluebird/js/release/async.js.Async._drainQueue (http://localhost:41113/__cypress/runner/cypress_runner.js:162145:12)\n    at Async../node_modules/bluebird/js/release/async.js.Async._drainQueues (http://localhost:41113/__cypress/runner/cypress_runner.js:162150:10)\n    at Async.drainQueues (http://localhost:41113/__cypress/runner/cypress_runner.js:162024:14)",
                "diff": ""
              },
              "uuid": "f78b52c4-9803-4cef-8302-7e8fb0d641ad",
              "parentUUID": "a0ef8182-e7d2-4965-b912-a533b0a50227",
              "isHook": false,
              "skipped": false
            },
            {
              "title": "Verifica se a cor preta ainda está presente e é a primeira na sua paleta de cores",
              "fullTitle": "12 - Faça com que as cores da paleta sejam geradas aleatoriamente ao carregar a página. Verifica se a cor preta ainda está presente e é a primeira na sua paleta de cores",
              "timedOut": null,
              "duration": 992,
              "state": "failed",
              "speed": null,
              "pass": false,
              "fail": true,
              "pending": false,
              "context": null,
              "code": "cy.get('.color').then(function (colors) {\n  var currentColors;\n  var previousColors;\n  previousColors = Array.from(colors).map(function (color) {\n    return Cypress.$(color).css('background-color');\n  });\n  expect(previousColors[0]).to.eq(BLACK);\n  for (var i = 0; i < 5; i += 1) {\n    cy.reload();\n    cy.get('.color').then(function (colors) {\n      currentColors = Array.from(colors).map(function (color) {\n        return Cypress.$(color).css('background-color');\n      });\n      expect(currentColors[0]).to.eq(BLACK);\n      expect(currentColors).not.to.deep.equal(previousColors);\n      previousColors = currentColors;\n    });\n  }\n});",
              "err": {
                "message": "AssertionError: expected [ Array(4) ] to not deeply equal [ Array(4) ]",
                "estack": "AssertionError: expected [ Array(4) ] to not deeply equal [ Array(4) ]\n    at getRet (http://localhost:41113/__cypress/runner/cypress_runner.js:136585:16)\n    at tryCatcher (http://localhost:41113/__cypress/runner/cypress_runner.js:167415:23)\n    at Function.Promise.attempt.Promise.try (http://localhost:41113/__cypress/runner/cypress_runner.js:164690:29)\n    at Context.thenFn (http://localhost:41113/__cypress/runner/cypress_runner.js:136599:23)\n    at Context.then (http://localhost:41113/__cypress/runner/cypress_runner.js:136971:21)\n    at Context.<anonymous> (http://localhost:41113/__cypress/runner/cypress_runner.js:148875:21)\n    at http://localhost:41113/__cypress/runner/cypress_runner.js:148351:33\n    at tryCatcher (http://localhost:41113/__cypress/runner/cypress_runner.js:167415:23)\n    at Promise._settlePromiseFromHandler (http://localhost:41113/__cypress/runner/cypress_runner.js:165351:31)\n    at Promise._settlePromise (http://localhost:41113/__cypress/runner/cypress_runner.js:165408:18)\n    at Promise._settlePromiseCtx (http://localhost:41113/__cypress/runner/cypress_runner.js:165445:10)\n    at Async../node_modules/bluebird/js/release/async.js.Async._drainQueue (http://localhost:41113/__cypress/runner/cypress_runner.js:162145:12)\n    at Async../node_modules/bluebird/js/release/async.js.Async._drainQueues (http://localhost:41113/__cypress/runner/cypress_runner.js:162150:10)\n    at Async.drainQueues (http://localhost:41113/__cypress/runner/cypress_runner.js:162024:14)",
                "diff": ""
              },
              "uuid": "29fe51c3-4df7-4b5e-8df3-74df0261ed3d",
              "parentUUID": "a0ef8182-e7d2-4965-b912-a533b0a50227",
              "isHook": false,
              "skipped": false
            }
          ],
          "suites": [],
          "passes": [],
          "failures": [
            "f78b52c4-9803-4cef-8302-7e8fb0d641ad",
            "29fe51c3-4df7-4b5e-8df3-74df0261ed3d"
          ],
          "pending": [],
          "skipped": [],
          "duration": 1902,
          "root": false,
          "rootEmpty": false,
          "_timeout": 2000
        }
      ],
      "passes": [],
      "failures": [],
      "pending": [],
      "skipped": [],
      "duration": 0,
      "root": true,
      "rootEmpty": true,
      "_timeout": 2000
    }
  ],
  "meta": {
    "mocha": {
      "version": "7.0.1"
    },
    "mochawesome": {
      "options": {
        "quiet": false,
        "reportFilename": "mochawesome",
        "saveHtml": false,
        "saveJson": true,
        "consoleReporter": "spec",
        "useInlineDiffs": false
      },
      "version": "4.1.0"
    },
    "marge": {
      "options": {
        "id": "default",
        "reportDir": "cypress/reports",
        "overwrite": true,
        "html": false,
        "json": true
      },
      "version": "4.1.0"
    }
  }
}