{
  "stats": {
    "suites": 12,
    "tests": 41,
    "passes": 19,
    "pending": 0,
    "failures": 22,
    "start": "2021-08-15T17:59:13.248Z",
    "end": "2021-08-15T18:00:46.742Z",
    "duration": 93494,
    "testsRegistered": 41,
    "passPercent": 46.34146341463415,
    "pendingPercent": 0,
    "other": 0,
    "hasOther": false,
    "skipped": 0,
    "hasSkipped": false
  },
  "results": [
    {
      "uuid": "0d5d25c3-78a0-4175-ad14-f619547cbdbb",
      "title": "",
      "fullFile": "cypress/integration/project.spec.js",
      "file": "cypress/integration/project.spec.js",
      "beforeHooks": [],
      "afterHooks": [],
      "tests": [],
      "suites": [
        {
          "uuid": "c787e3de-9aa2-4eb0-adec-c085b43dea7d",
          "title": "1 - Adicione à página o título \"Paleta de Cores\".",
          "fullFile": "",
          "file": "",
          "beforeHooks": [],
          "afterHooks": [],
          "tests": [
            {
              "title": "Verifica se contém um elemento `h1` com o id `title` com o título correto",
              "fullTitle": "1 - Adicione à página o título \"Paleta de Cores\". Verifica se contém um elemento `h1` com o id `title` com o título correto",
              "timedOut": null,
              "duration": 118,
              "state": "passed",
              "speed": "slow",
              "pass": true,
              "fail": false,
              "pending": false,
              "context": null,
              "code": "cy.get('h1#title').should('contain.text', 'Paleta de Cores');",
              "err": {},
              "uuid": "5acedd94-f76f-4b13-9dd8-362c89f9eb17",
              "parentUUID": "c787e3de-9aa2-4eb0-adec-c085b43dea7d",
              "isHook": false,
              "skipped": false
            }
          ],
          "suites": [],
          "passes": [
            "5acedd94-f76f-4b13-9dd8-362c89f9eb17"
          ],
          "failures": [],
          "pending": [],
          "skipped": [],
          "duration": 118,
          "root": false,
          "rootEmpty": false,
          "_timeout": 2000
        },
        {
          "uuid": "f51e85a6-5a24-4f71-a0a7-3cb7fd1394e0",
          "title": "2 - Adicione à página uma paleta de quatro cores distintas.",
          "fullFile": "",
          "file": "",
          "beforeHooks": [],
          "afterHooks": [],
          "tests": [
            {
              "title": "A paleta de cores deve ser um elemento com `id` denominado `color-palette`",
              "fullTitle": "2 - Adicione à página uma paleta de quatro cores distintas. A paleta de cores deve ser um elemento com `id` denominado `color-palette`",
              "timedOut": null,
              "duration": 58,
              "state": "passed",
              "speed": "medium",
              "pass": true,
              "fail": false,
              "pending": false,
              "context": null,
              "code": "cy.get('#color-palette').should('be.visible');",
              "err": {},
              "uuid": "a3901de3-e3f6-42ef-a22f-32a9260a19a4",
              "parentUUID": "f51e85a6-5a24-4f71-a0a7-3cb7fd1394e0",
              "isHook": false,
              "skipped": false
            },
            {
              "title": "Verifica se cada cor individual da paleta de cores possui a `classe` chamada `color`.",
              "fullTitle": "2 - Adicione à página uma paleta de quatro cores distintas. Verifica se cada cor individual da paleta de cores possui a `classe` chamada `color`.",
              "timedOut": null,
              "duration": 113,
              "state": "passed",
              "speed": "slow",
              "pass": true,
              "fail": false,
              "pending": false,
              "context": null,
              "code": "cy.get('.color').should('have.length', 4).then(function (colors) {\n  for (var i = 0; i < colors.length; i++) {\n    cy.wrap(colors[i]).should('be.visible');\n  }\n});",
              "err": {},
              "uuid": "9cc5d3de-d3dc-45f2-9a25-1d302e96c939",
              "parentUUID": "f51e85a6-5a24-4f71-a0a7-3cb7fd1394e0",
              "isHook": false,
              "skipped": false
            },
            {
              "title": "Verifica se a cor de fundo de cada elemento da paleta é a cor que o elemento representa. **A única cor não permitida na paleta é a cor branca.**",
              "fullTitle": "2 - Adicione à página uma paleta de quatro cores distintas. Verifica se a cor de fundo de cada elemento da paleta é a cor que o elemento representa. **A única cor não permitida na paleta é a cor branca.**",
              "timedOut": null,
              "duration": 87,
              "state": "passed",
              "speed": "slow",
              "pass": true,
              "fail": false,
              "pending": false,
              "context": null,
              "code": "cy.get('.color').each(function (color) {\n  cy.wrap(color).should('have.class', 'color').and('not.have.css', 'background-color', WHITE);\n  cy.wrap(color).should('have.css', 'background-color');\n});",
              "err": {},
              "uuid": "f2f0f7db-97ae-4c9d-b88d-b25998b9edd1",
              "parentUUID": "f51e85a6-5a24-4f71-a0a7-3cb7fd1394e0",
              "isHook": false,
              "skipped": false
            },
            {
              "title": "Verifica se cada elemento da paleta de cores tem uma borda preta, sólida e com 1 pixel de largura;",
              "fullTitle": "2 - Adicione à página uma paleta de quatro cores distintas. Verifica se cada elemento da paleta de cores tem uma borda preta, sólida e com 1 pixel de largura;",
              "timedOut": null,
              "duration": 68,
              "state": "passed",
              "speed": "medium",
              "pass": true,
              "fail": false,
              "pending": false,
              "context": null,
              "code": "cy.get('.color').each(function (color) {\n  cy.wrap(color).and('have.css', 'border', \"1px solid \".concat(BLACK)).and('have.class', 'color');\n});",
              "err": {},
              "uuid": "8d0510e3-afbc-483f-9f1d-485236824afb",
              "parentUUID": "f51e85a6-5a24-4f71-a0a7-3cb7fd1394e0",
              "isHook": false,
              "skipped": false
            },
            {
              "title": "Verifica se a paleta lista todas as cores disponíveis para utilização, lado a lado.",
              "fullTitle": "2 - Adicione à página uma paleta de quatro cores distintas. Verifica se a paleta lista todas as cores disponíveis para utilização, lado a lado.",
              "timedOut": null,
              "duration": 103,
              "state": "passed",
              "speed": "slow",
              "pass": true,
              "fail": false,
              "pending": false,
              "context": null,
              "code": "cy.get('.color').then(function (colors) {\n  for (var index = 1; index < colors.length; index += 1) {\n    var currentColor = colors[index];\n    var previousColor = colors[index - 1];\n    cy.wrap(currentColor).should('be.onTheRightOf', previousColor).and('be.horizontallyAlignedWith', previousColor);\n  }\n});",
              "err": {},
              "uuid": "c99b8b2a-4942-4573-9ce2-0cbaa23a0686",
              "parentUUID": "f51e85a6-5a24-4f71-a0a7-3cb7fd1394e0",
              "isHook": false,
              "skipped": false
            },
            {
              "title": "Verifica se a paleta de cores está posicionada abaixo do título 'Paleta de Cores'",
              "fullTitle": "2 - Adicione à página uma paleta de quatro cores distintas. Verifica se a paleta de cores está posicionada abaixo do título 'Paleta de Cores'",
              "timedOut": null,
              "duration": 88,
              "state": "passed",
              "speed": "slow",
              "pass": true,
              "fail": false,
              "pending": false,
              "context": null,
              "code": "cy.get('h1#title').then(function (title) {\n  cy.get('#color-palette').should('be.belowOf', title);\n});",
              "err": {},
              "uuid": "9ddfae2e-396e-4a66-aa62-8c5320a12e43",
              "parentUUID": "f51e85a6-5a24-4f71-a0a7-3cb7fd1394e0",
              "isHook": false,
              "skipped": false
            },
            {
              "title": "Verifica se a paleta de cores não contém cores repetidas.",
              "fullTitle": "2 - Adicione à página uma paleta de quatro cores distintas. Verifica se a paleta de cores não contém cores repetidas.",
              "timedOut": null,
              "duration": 92,
              "state": "passed",
              "speed": "slow",
              "pass": true,
              "fail": false,
              "pending": false,
              "context": null,
              "code": "cy.get('.color').then(function (colors) {\n  var allColors = Array.from(colors).map(function (color) {\n    return Cypress.$(color).css('background-color');\n  });\n  cy.log(allColors);\n  var uniqColors = (0, _toConsumableArray2[\"default\"])(new Set(allColors));\n  cy.log(uniqColors);\n  expect(allColors.length).to.eq(uniqColors.length);\n});",
              "err": {},
              "uuid": "eb621076-f1fb-43d5-9b70-1724e65c4ad7",
              "parentUUID": "f51e85a6-5a24-4f71-a0a7-3cb7fd1394e0",
              "isHook": false,
              "skipped": false
            }
          ],
          "suites": [],
          "passes": [
            "a3901de3-e3f6-42ef-a22f-32a9260a19a4",
            "9cc5d3de-d3dc-45f2-9a25-1d302e96c939",
            "f2f0f7db-97ae-4c9d-b88d-b25998b9edd1",
            "8d0510e3-afbc-483f-9f1d-485236824afb",
            "c99b8b2a-4942-4573-9ce2-0cbaa23a0686",
            "9ddfae2e-396e-4a66-aa62-8c5320a12e43",
            "eb621076-f1fb-43d5-9b70-1724e65c4ad7"
          ],
          "failures": [],
          "pending": [],
          "skipped": [],
          "duration": 609,
          "root": false,
          "rootEmpty": false,
          "_timeout": 2000
        },
        {
          "uuid": "59b704df-b956-4677-a368-d496b3c21b3a",
          "title": "3 - Adicione a cor **preta** como a primeira cor da paleta de cores.",
          "fullFile": "",
          "file": "",
          "beforeHooks": [],
          "afterHooks": [],
          "tests": [
            {
              "title": "Verifica se a primeira cor da paleta é preta",
              "fullTitle": "3 - Adicione a cor **preta** como a primeira cor da paleta de cores. Verifica se a primeira cor da paleta é preta",
              "timedOut": null,
              "duration": 140,
              "state": "passed",
              "speed": "slow",
              "pass": true,
              "fail": false,
              "pending": false,
              "context": null,
              "code": "cy.get('.color').first().should('have.css', 'background-color', BLACK);",
              "err": {},
              "uuid": "89e387e2-99c5-41e1-b2f6-8c81adfb2686",
              "parentUUID": "59b704df-b956-4677-a368-d496b3c21b3a",
              "isHook": false,
              "skipped": false
            },
            {
              "title": "Verifica se as demais cores podem ser escolhidas livremente.",
              "fullTitle": "3 - Adicione a cor **preta** como a primeira cor da paleta de cores. Verifica se as demais cores podem ser escolhidas livremente.",
              "timedOut": null,
              "duration": 123,
              "state": "passed",
              "speed": "slow",
              "pass": true,
              "fail": false,
              "pending": false,
              "context": null,
              "code": "cy.get('.color').eq(1).should('not.have.css', 'background-color', BLACK);\ncy.get('.color').eq(1).should('not.have.css', 'background-color', WHITE);\ncy.get('.color').eq(1).should('not.have.css', 'background-color', 'rgba(0, 0, 0, 0)');\ncy.get('.color').eq(1).should('have.css', 'background-color');\ncy.get('.color').eq(2).should('not.have.css', 'background-color', BLACK);\ncy.get('.color').eq(2).should('not.have.css', 'background-color', WHITE);\ncy.get('.color').eq(2).should('not.have.css', 'background-color', 'rgba(0, 0, 0, 0)');\ncy.get('.color').eq(2).should('have.css', 'background-color');\ncy.get('.color').eq(3).should('not.have.css', 'background-color', BLACK);\ncy.get('.color').eq(3).should('not.have.css', 'background-color', WHITE);\ncy.get('.color').eq(3).should('not.have.css', 'background-color', 'rgba(0, 0, 0, 0)');\ncy.get('.color').eq(3).should('have.css', 'background-color');",
              "err": {},
              "uuid": "49303f8d-9730-47d5-93d1-3c7ae478c4f5",
              "parentUUID": "59b704df-b956-4677-a368-d496b3c21b3a",
              "isHook": false,
              "skipped": false
            }
          ],
          "suites": [],
          "passes": [
            "89e387e2-99c5-41e1-b2f6-8c81adfb2686",
            "49303f8d-9730-47d5-93d1-3c7ae478c4f5"
          ],
          "failures": [],
          "pending": [],
          "skipped": [],
          "duration": 263,
          "root": false,
          "rootEmpty": false,
          "_timeout": 2000
        },
        {
          "uuid": "e642da61-92f4-4a77-ade5-e7bd138f6ebb",
          "title": "4 - Adicione à página um quadro de pixels, com 25 pixels.",
          "fullFile": "",
          "file": "",
          "beforeHooks": [],
          "afterHooks": [],
          "tests": [
            {
              "title": "Verifica se o quadro de pixels possui o `id` denominado `pixel-board`",
              "fullTitle": "4 - Adicione à página um quadro de pixels, com 25 pixels. Verifica se o quadro de pixels possui o `id` denominado `pixel-board`",
              "timedOut": null,
              "duration": 58,
              "state": "passed",
              "speed": "medium",
              "pass": true,
              "fail": false,
              "pending": false,
              "context": null,
              "code": "cy.get('#pixel-board').should('be.visible');",
              "err": {},
              "uuid": "be6dbf72-35c5-443b-bdeb-b8bc0d229721",
              "parentUUID": "e642da61-92f4-4a77-ade5-e7bd138f6ebb",
              "isHook": false,
              "skipped": false
            },
            {
              "title": "Verifica se cada pixel individual dentro do quadro possui a `classe` denominada `pixel`.",
              "fullTitle": "4 - Adicione à página um quadro de pixels, com 25 pixels. Verifica se cada pixel individual dentro do quadro possui a `classe` denominada `pixel`.",
              "timedOut": null,
              "duration": 82,
              "state": "passed",
              "speed": "slow",
              "pass": true,
              "fail": false,
              "pending": false,
              "context": null,
              "code": "cy.get('.pixel').should('have.length', 25);",
              "err": {},
              "uuid": "6875bbd6-0ddf-4e5a-9799-747415537bf6",
              "parentUUID": "e642da61-92f4-4a77-ade5-e7bd138f6ebb",
              "isHook": false,
              "skipped": false
            },
            {
              "title": "Verifica se a cor inicial dos pixels dentro do quadro, ao abrir a página, é branca.",
              "fullTitle": "4 - Adicione à página um quadro de pixels, com 25 pixels. Verifica se a cor inicial dos pixels dentro do quadro, ao abrir a página, é branca.",
              "timedOut": null,
              "duration": 101,
              "state": "failed",
              "speed": null,
              "pass": false,
              "fail": true,
              "pending": false,
              "context": null,
              "code": "cy.get('.pixel').should('have.length', 25).each(function (pixel) {\n  expect(pixel).to.have.css('background-color', WHITE);\n});",
              "err": {
                "message": "AssertionError: expected '<div.pixel.backgroudwhite>' to have CSS property 'background-color' with the value 'rgb(255, 255, 255)', but the value was 'rgba(0, 0, 0, 0)'",
                "estack": "AssertionError: expected '<div.pixel.backgroudwhite>' to have CSS property 'background-color' with the value 'rgb(255, 255, 255)', but the value was 'rgba(0, 0, 0, 0)'\n    at Context.eval (http://localhost:41127/__cypress/tests?p=cypress/integration/project.spec.js:160:29)",
                "diff": "- 'rgba(0, 0, 0, 0)'\n+ 'rgb(255, 255, 255)'\n"
              },
              "uuid": "ee545b19-a71d-45b6-8694-934ed77422e6",
              "parentUUID": "e642da61-92f4-4a77-ade5-e7bd138f6ebb",
              "isHook": false,
              "skipped": false
            },
            {
              "title": "Verifica se o quadro de pixels aparece abaixo da paleta de cores",
              "fullTitle": "4 - Adicione à página um quadro de pixels, com 25 pixels. Verifica se o quadro de pixels aparece abaixo da paleta de cores",
              "timedOut": null,
              "duration": 67,
              "state": "passed",
              "speed": "medium",
              "pass": true,
              "fail": false,
              "pending": false,
              "context": null,
              "code": "cy.get('#color-palette').then(function (palette) {\n  cy.get('#pixel-board').should('be.belowOf', palette);\n});",
              "err": {},
              "uuid": "388422a4-34e6-41e4-a563-7f9c5f388171",
              "parentUUID": "e642da61-92f4-4a77-ade5-e7bd138f6ebb",
              "isHook": false,
              "skipped": false
            }
          ],
          "suites": [],
          "passes": [
            "be6dbf72-35c5-443b-bdeb-b8bc0d229721",
            "6875bbd6-0ddf-4e5a-9799-747415537bf6",
            "388422a4-34e6-41e4-a563-7f9c5f388171"
          ],
          "failures": [
            "ee545b19-a71d-45b6-8694-934ed77422e6"
          ],
          "pending": [],
          "skipped": [],
          "duration": 308,
          "root": false,
          "rootEmpty": false,
          "_timeout": 2000
        },
        {
          "uuid": "5f028a5a-0829-46ec-8a54-6eb18da49660",
          "title": "5 - Faça com que cada elemento do quadro de pixels possua 40 pixels de largura, 40 pixels de altura e seja delimitado por uma borda preta de 1 pixel.",
          "fullFile": "",
          "file": "",
          "beforeHooks": [],
          "afterHooks": [],
          "tests": [
            {
              "title": "Verifica se o quadro de pixels tem altura e comprimento de 5 elementos",
              "fullTitle": "5 - Faça com que cada elemento do quadro de pixels possua 40 pixels de largura, 40 pixels de altura e seja delimitado por uma borda preta de 1 pixel. Verifica se o quadro de pixels tem altura e comprimento de 5 elementos",
              "timedOut": null,
              "duration": 90,
              "state": "failed",
              "speed": null,
              "pass": false,
              "fail": true,
              "pending": false,
              "context": null,
              "code": "cy.get('.pixel').should('have.length', 25).each(function (pixel) {\n  expect(pixel).to.have.css('background-color', WHITE);\n}).and(function (pixels) {\n  var rows = chunk(pixels, 5);\n  rows.forEach(function (row) {\n    for (var index = 1; index < row.length; index += 1) {\n      var current = pixels[index];\n      var previous = pixels[index - 1];\n      cy.wrap(current).should('be.onTheRightOf', previous).and('be.horizontallyAlignedWith', previous);\n    }\n  });\n  for (var index = 1; index < 5; index += 1) {\n    expect(pixels[index * 5]).to.be.belowOf(pixels[(index - 1) * 5]);\n  }\n});",
              "err": {
                "message": "AssertionError: expected '<div.pixel.backgroudwhite>' to have CSS property 'background-color' with the value 'rgb(255, 255, 255)', but the value was 'rgba(0, 0, 0, 0)'",
                "estack": "AssertionError: expected '<div.pixel.backgroudwhite>' to have CSS property 'background-color' with the value 'rgb(255, 255, 255)', but the value was 'rgba(0, 0, 0, 0)'\n    at Context.eval (http://localhost:41127/__cypress/tests?p=cypress/integration/project.spec.js:175:29)",
                "diff": "- 'rgba(0, 0, 0, 0)'\n+ 'rgb(255, 255, 255)'\n"
              },
              "uuid": "d7b4117e-18bb-4469-966e-62051bb236da",
              "parentUUID": "5f028a5a-0829-46ec-8a54-6eb18da49660",
              "isHook": false,
              "skipped": false
            },
            {
              "title": "Verifica se 40 pixels é o tamanho total do elemento, incluindo seu conteúdo e excluindo a borda preta, que deve ser criada à parte.",
              "fullTitle": "5 - Faça com que cada elemento do quadro de pixels possua 40 pixels de largura, 40 pixels de altura e seja delimitado por uma borda preta de 1 pixel. Verifica se 40 pixels é o tamanho total do elemento, incluindo seu conteúdo e excluindo a borda preta, que deve ser criada à parte.",
              "timedOut": null,
              "duration": 227,
              "state": "passed",
              "speed": "slow",
              "pass": true,
              "fail": false,
              "pending": false,
              "context": null,
              "code": "cy.get('.pixel').each(function (pixel) {\n  cy.wrap(pixel).should('have.css', 'height', '40px').and('have.css', 'width', '40px').and('have.css', 'border', \"1px solid \".concat(BLACK));\n});",
              "err": {},
              "uuid": "e41c8416-0c49-4f38-92ce-6fc779ca8771",
              "parentUUID": "5f028a5a-0829-46ec-8a54-6eb18da49660",
              "isHook": false,
              "skipped": false
            }
          ],
          "suites": [],
          "passes": [
            "e41c8416-0c49-4f38-92ce-6fc779ca8771"
          ],
          "failures": [
            "d7b4117e-18bb-4469-966e-62051bb236da"
          ],
          "pending": [],
          "skipped": [],
          "duration": 317,
          "root": false,
          "rootEmpty": false,
          "_timeout": 2000
        },
        {
          "uuid": "b17e9088-7871-437b-b6f7-47df14e44392",
          "title": "6 - Defina a cor preta como cor inicial. Ao carregar a página a cor preta já deve estar selecionada para pintar os pixels",
          "fullFile": "",
          "file": "",
          "beforeHooks": [],
          "afterHooks": [],
          "tests": [
            {
              "title": "Verifica se o elemento da cor preta possui, inicialmente, a `classe` `selected`",
              "fullTitle": "6 - Defina a cor preta como cor inicial. Ao carregar a página a cor preta já deve estar selecionada para pintar os pixels Verifica se o elemento da cor preta possui, inicialmente, a `classe` `selected`",
              "timedOut": null,
              "duration": 4061,
              "state": "failed",
              "speed": null,
              "pass": false,
              "fail": true,
              "pending": false,
              "context": null,
              "code": "cy.get('.selected').first().should('have.css', 'background-color', BLACK);",
              "err": {
                "message": "AssertionError: Timed out retrying: Expected to find element: `.selected`, but never found it.",
                "estack": "AssertionError: Timed out retrying: Expected to find element: `.selected`, but never found it.\n    at Context.eval (http://localhost:41127/__cypress/tests?p=cypress/integration/project.spec.js:202:8)",
                "diff": null
              },
              "uuid": "dff76a63-992c-4e78-aa31-5ca89984b021",
              "parentUUID": "b17e9088-7871-437b-b6f7-47df14e44392",
              "isHook": false,
              "skipped": false
            },
            {
              "title": "Verifica se nenhuma outra cor da paleta tem a `classe` `selected`",
              "fullTitle": "6 - Defina a cor preta como cor inicial. Ao carregar a página a cor preta já deve estar selecionada para pintar os pixels Verifica se nenhuma outra cor da paleta tem a `classe` `selected`",
              "timedOut": null,
              "duration": 95,
              "state": "passed",
              "speed": "slow",
              "pass": true,
              "fail": false,
              "pending": false,
              "context": null,
              "code": "cy.get('.color:not(:first-child)').each(function (color) {\n  cy.wrap(color).should('not.have.class', 'selected');\n});",
              "err": {},
              "uuid": "e6f6a821-002d-4829-8317-20830bf02059",
              "parentUUID": "b17e9088-7871-437b-b6f7-47df14e44392",
              "isHook": false,
              "skipped": false
            }
          ],
          "suites": [],
          "passes": [
            "e6f6a821-002d-4829-8317-20830bf02059"
          ],
          "failures": [
            "dff76a63-992c-4e78-aa31-5ca89984b021"
          ],
          "pending": [],
          "skipped": [],
          "duration": 4156,
          "root": false,
          "rootEmpty": false,
          "_timeout": 2000
        },
        {
          "uuid": "0864c8e9-4be1-4134-9e0d-f678e9f64c26",
          "title": "7 - Clicar em uma das cores da paleta, faz com que ela seja selecionada e utilizada para preencher os pixels no quadro.",
          "fullFile": "",
          "file": "",
          "beforeHooks": [],
          "afterHooks": [],
          "tests": [
            {
              "title": "Verifica se somente uma cor da paleta de cores tem a classe `selected` de cada vez",
              "fullTitle": "7 - Clicar em uma das cores da paleta, faz com que ela seja selecionada e utilizada para preencher os pixels no quadro. Verifica se somente uma cor da paleta de cores tem a classe `selected` de cada vez",
              "timedOut": null,
              "duration": 149,
              "state": "failed",
              "speed": null,
              "pass": false,
              "fail": true,
              "pending": false,
              "context": null,
              "code": "cy.get('.color').each(function (selectedColor, selectedColorIndex) {\n  cy.wrap(selectedColor).click();\n  cy.get('.color').each(function (color, colorIndex) {\n    if (colorIndex === selectedColorIndex) {\n      expect(color).to.have[\"class\"]('selected');\n    } else {\n      expect(color).not.to.have[\"class\"]('selected');\n    }\n  });\n});",
              "err": {
                "message": "AssertionError: expected '<div.color.backgroudBlack>' to have class 'selected'",
                "estack": "AssertionError: expected '<div.color.backgroudBlack>' to have class 'selected'\n    at Context.eval (http://localhost:41127/__cypress/tests?p=cypress/integration/project.spec.js:219:41)",
                "diff": null
              },
              "uuid": "7dbb752e-8123-49df-8037-8079c768fd7e",
              "parentUUID": "0864c8e9-4be1-4134-9e0d-f678e9f64c26",
              "isHook": false,
              "skipped": false
            },
            {
              "title": "Verifica se os pixels dentro do quadro não têm a classe `selected` quando são clicados",
              "fullTitle": "7 - Clicar em uma das cores da paleta, faz com que ela seja selecionada e utilizada para preencher os pixels no quadro. Verifica se os pixels dentro do quadro não têm a classe `selected` quando são clicados",
              "timedOut": null,
              "duration": 9454,
              "state": "passed",
              "speed": "slow",
              "pass": true,
              "fail": false,
              "pending": false,
              "context": null,
              "code": "cy.get('.color').each(function (color) {\n  var backgroundColor = color.css('background-color');\n  cy.wrap(color).click();\n  cy.get('.pixel').each(function (pixel) {\n    cy.wrap(pixel).click().should('not.have.class', 'selected');\n  });\n});",
              "err": {},
              "uuid": "86d57441-28dc-4a3e-9f76-fb40d2d8a8bb",
              "parentUUID": "0864c8e9-4be1-4134-9e0d-f678e9f64c26",
              "isHook": false,
              "skipped": false
            }
          ],
          "suites": [],
          "passes": [
            "86d57441-28dc-4a3e-9f76-fb40d2d8a8bb"
          ],
          "failures": [
            "7dbb752e-8123-49df-8037-8079c768fd7e"
          ],
          "pending": [],
          "skipped": [],
          "duration": 9603,
          "root": false,
          "rootEmpty": false,
          "_timeout": 2000
        },
        {
          "uuid": "570f9d54-2d8f-4f76-9010-3d272180cc01",
          "title": "8 - Clicar em um pixel dentro do quadro após selecionar uma cor na paleta, faz com que o pixel seja preenchido com a cor selecionada.",
          "fullFile": "",
          "file": "",
          "beforeHooks": [],
          "afterHooks": [],
          "tests": [
            {
              "title": "Verifica se ao carregar a página deve ser possível pintar os pixels de preto",
              "fullTitle": "8 - Clicar em um pixel dentro do quadro após selecionar uma cor na paleta, faz com que o pixel seja preenchido com a cor selecionada. Verifica se ao carregar a página deve ser possível pintar os pixels de preto",
              "timedOut": null,
              "duration": 4165,
              "state": "failed",
              "speed": null,
              "pass": false,
              "fail": true,
              "pending": false,
              "context": null,
              "code": "cy.get('.pixel').each(function (pixel) {\n  cy.wrap(pixel).click().should('have.css', 'background-color', BLACK);\n});",
              "err": {
                "message": "AssertionError: Timed out retrying: expected '<div.pixel.backgroudwhite>' to have CSS property 'background-color' with the value 'rgb(0, 0, 0)', but the value was 'rgba(0, 0, 0, 0)'",
                "estack": "AssertionError: Timed out retrying: expected '<div.pixel.backgroudwhite>' to have CSS property 'background-color' with the value 'rgb(0, 0, 0)', but the value was 'rgba(0, 0, 0, 0)'\n    at Context.eval (http://localhost:41127/__cypress/tests?p=cypress/integration/project.spec.js:242:30)",
                "diff": "- 'rgba(0, 0, 0, 0)'\n+ 'rgb(0, 0, 0)'\n"
              },
              "uuid": "2b8fc5f3-cc8c-4746-b980-440d60c95a10",
              "parentUUID": "570f9d54-2d8f-4f76-9010-3d272180cc01",
              "isHook": false,
              "skipped": false
            },
            {
              "title": "Verifica se após selecionar uma outra cor na paleta, é possível pintar os pixels com essa cor",
              "fullTitle": "8 - Clicar em um pixel dentro do quadro após selecionar uma cor na paleta, faz com que o pixel seja preenchido com a cor selecionada. Verifica se após selecionar uma outra cor na paleta, é possível pintar os pixels com essa cor",
              "timedOut": null,
              "duration": 4278,
              "state": "failed",
              "speed": null,
              "pass": false,
              "fail": true,
              "pending": false,
              "context": null,
              "code": "cy.get('.color').each(function (color) {\n  var backgroundColor = color.css('background-color');\n  cy.wrap(color).click();\n  cy.get('.pixel').each(function (pixel) {\n    cy.wrap(pixel).click().should('have.css', 'background-color', backgroundColor);\n  });\n});",
              "err": {
                "message": "AssertionError: Timed out retrying: expected '<div.pixel.backgroudwhite>' to have CSS property 'background-color' with the value 'rgb(0, 0, 0)', but the value was 'rgba(0, 0, 0, 0)'",
                "estack": "AssertionError: Timed out retrying: expected '<div.pixel.backgroudwhite>' to have CSS property 'background-color' with the value 'rgb(0, 0, 0)', but the value was 'rgba(0, 0, 0, 0)'\n    at Context.eval (http://localhost:41127/__cypress/tests?p=cypress/integration/project.spec.js:250:32)",
                "diff": "- 'rgba(0, 0, 0, 0)'\n+ 'rgb(0, 0, 0)'\n"
              },
              "uuid": "2de91cca-96d9-4320-b213-66a194e931bf",
              "parentUUID": "570f9d54-2d8f-4f76-9010-3d272180cc01",
              "isHook": false,
              "skipped": false
            },
            {
              "title": "Verifica se somente o pixel que foi clicado foi preenchido com a cor selecionada, sem influenciar na cor dos demais pixels.",
              "fullTitle": "8 - Clicar em um pixel dentro do quadro após selecionar uma cor na paleta, faz com que o pixel seja preenchido com a cor selecionada. Verifica se somente o pixel que foi clicado foi preenchido com a cor selecionada, sem influenciar na cor dos demais pixels.",
              "timedOut": null,
              "duration": 1304,
              "state": "passed",
              "speed": "slow",
              "pass": true,
              "fail": false,
              "pending": false,
              "context": null,
              "code": "var colorToPixelIndexMap = {\n  0: 6,\n  1: 8,\n  2: 16,\n  3: 18\n};\ncy.get('.color').each(function (color, index) {\n  cy.wrap(color).click();\n  var backgroundColor = color.css('background-color');\n  var clickedPixelIndex = colorToPixelIndexMap[index];\n  cy.get('.pixel').eq(clickedPixelIndex).click();\n  cy.get('.pixel').eq(clickedPixelIndex - 1).should('not.have.css', 'background-color', backgroundColor);\n  cy.get('.pixel').eq(clickedPixelIndex + 1).should('not.have.css', 'background-color', backgroundColor);\n  cy.get('.pixel').eq(clickedPixelIndex - 5).should('not.have.css', 'background-color', backgroundColor);\n  cy.get('.pixel').eq(clickedPixelIndex + 5).should('not.have.css', 'background-color', backgroundColor);\n  cy.get('.pixel').eq(clickedPixelIndex - 6).should('not.have.css', 'background-color', backgroundColor);\n  cy.get('.pixel').eq(clickedPixelIndex - 4).should('not.have.css', 'background-color', backgroundColor);\n  cy.get('.pixel').eq(clickedPixelIndex + 4).should('not.have.css', 'background-color', backgroundColor);\n  cy.get('.pixel').eq(clickedPixelIndex + 6).should('not.have.css', 'background-color', backgroundColor);\n});",
              "err": {},
              "uuid": "ed4aba4f-8e6d-4f55-96dd-36152b0bae44",
              "parentUUID": "570f9d54-2d8f-4f76-9010-3d272180cc01",
              "isHook": false,
              "skipped": false
            }
          ],
          "suites": [],
          "passes": [
            "ed4aba4f-8e6d-4f55-96dd-36152b0bae44"
          ],
          "failures": [
            "2b8fc5f3-cc8c-4746-b980-440d60c95a10",
            "2de91cca-96d9-4320-b213-66a194e931bf"
          ],
          "pending": [],
          "skipped": [],
          "duration": 9747,
          "root": false,
          "rootEmpty": false,
          "_timeout": 2000
        },
        {
          "uuid": "8e61c28c-30f9-4e20-851e-0b742c79cb03",
          "title": "9 - Crie um botão que, ao ser clicado, limpa o quadro preenchendo a cor de todos seus pixels com branco.",
          "fullFile": "",
          "file": "",
          "beforeHooks": [],
          "afterHooks": [],
          "tests": [
            {
              "title": "Verifica se o botão tem o `id` denominado `clear-board`",
              "fullTitle": "9 - Crie um botão que, ao ser clicado, limpa o quadro preenchendo a cor de todos seus pixels com branco. Verifica se o botão tem o `id` denominado `clear-board`",
              "timedOut": null,
              "duration": 4133,
              "state": "failed",
              "speed": null,
              "pass": false,
              "fail": true,
              "pending": false,
              "context": null,
              "code": "cy.get('#clear-board').should('be.visible');",
              "err": {
                "message": "AssertionError: Timed out retrying: Expected to find element: `#clear-board`, but never found it.",
                "estack": "AssertionError: Timed out retrying: Expected to find element: `#clear-board`, but never found it.\n    at Context.eval (http://localhost:41127/__cypress/tests?p=cypress/integration/project.spec.js:282:28)",
                "diff": null
              },
              "uuid": "9f891539-d205-4310-911a-1db021549f65",
              "parentUUID": "8e61c28c-30f9-4e20-851e-0b742c79cb03",
              "isHook": false,
              "skipped": false
            },
            {
              "title": "Verifica se o botão está posicionado entre a paleta de cores e o quadro de pixels",
              "fullTitle": "9 - Crie um botão que, ao ser clicado, limpa o quadro preenchendo a cor de todos seus pixels com branco. Verifica se o botão está posicionado entre a paleta de cores e o quadro de pixels",
              "timedOut": null,
              "duration": 4076,
              "state": "failed",
              "speed": null,
              "pass": false,
              "fail": true,
              "pending": false,
              "context": null,
              "code": "cy.get('#color-palette').then(function (palette) {\n  cy.get('#clear-board').should('be.belowOf', palette);\n});\ncy.get('#clear-board').then(function (clearBtn) {\n  cy.get('#pixel-board').should('be.belowOf', clearBtn);\n});",
              "err": {
                "message": "AssertionError: Timed out retrying: Expected to find element: `#clear-board`, but never found it.",
                "estack": "AssertionError: Timed out retrying: Expected to find element: `#clear-board`, but never found it.\n    at Context.eval (http://localhost:41127/__cypress/tests?p=cypress/integration/project.spec.js:286:30)",
                "diff": null
              },
              "uuid": "b9827f22-1377-4ae9-bf21-68eb01ada4e8",
              "parentUUID": "8e61c28c-30f9-4e20-851e-0b742c79cb03",
              "isHook": false,
              "skipped": false
            },
            {
              "title": "Verifica se o texto do botão é 'Limpar'",
              "fullTitle": "9 - Crie um botão que, ao ser clicado, limpa o quadro preenchendo a cor de todos seus pixels com branco. Verifica se o texto do botão é 'Limpar'",
              "timedOut": null,
              "duration": 4111,
              "state": "failed",
              "speed": null,
              "pass": false,
              "fail": true,
              "pending": false,
              "context": null,
              "code": "cy.get('#clear-board').should('contain.text', 'Limpar');",
              "err": {
                "message": "AssertionError: Timed out retrying: Expected to find element: `#clear-board`, but never found it.",
                "estack": "AssertionError: Timed out retrying: Expected to find element: `#clear-board`, but never found it.\n    at Context.eval (http://localhost:41127/__cypress/tests?p=cypress/integration/project.spec.js:293:28)",
                "diff": null
              },
              "uuid": "a506d24e-a9d3-4b84-aed4-7fd651d74cbb",
              "parentUUID": "8e61c28c-30f9-4e20-851e-0b742c79cb03",
              "isHook": false,
              "skipped": false
            },
            {
              "title": "Verifica se ao clicar no botão, o quadro de pixels é totalmente preenchido de branco",
              "fullTitle": "9 - Crie um botão que, ao ser clicado, limpa o quadro preenchendo a cor de todos seus pixels com branco. Verifica se ao clicar no botão, o quadro de pixels é totalmente preenchido de branco",
              "timedOut": null,
              "duration": 4240,
              "state": "failed",
              "speed": null,
              "pass": false,
              "fail": true,
              "pending": false,
              "context": null,
              "code": "cy.get('.color').eq(1).then(function (color) {\n  var backgroundColor = color.css('background-color');\n  cy.wrap(color).click();\n  cy.get('.pixel').each(function (pixel) {\n    cy.wrap(pixel).click().should('have.css', 'background-color', backgroundColor);\n  });\n});\ncy.get('#clear-board').click();\ncy.get('.pixel').each(function (pixel) {\n  cy.wrap(pixel).should('have.css', 'background-color', WHITE);\n});",
              "err": {
                "message": "AssertionError: Timed out retrying: expected '<div.pixel.backgroudwhite>' to have CSS property 'background-color' with the value 'rgb(54, 71, 177)', but the value was 'rgba(0, 0, 0, 0)'",
                "estack": "AssertionError: Timed out retrying: expected '<div.pixel.backgroudwhite>' to have CSS property 'background-color' with the value 'rgb(54, 71, 177)', but the value was 'rgba(0, 0, 0, 0)'\n    at Context.eval (http://localhost:41127/__cypress/tests?p=cypress/integration/project.spec.js:300:32)",
                "diff": "- 'rgba(0, 0, 0, 0)'\n+ 'rgb(54, 71, 177)'\n"
              },
              "uuid": "a5ca34d4-83a1-40f3-80ca-e867b1e33b9d",
              "parentUUID": "8e61c28c-30f9-4e20-851e-0b742c79cb03",
              "isHook": false,
              "skipped": false
            }
          ],
          "suites": [],
          "passes": [],
          "failures": [
            "9f891539-d205-4310-911a-1db021549f65",
            "b9827f22-1377-4ae9-bf21-68eb01ada4e8",
            "a506d24e-a9d3-4b84-aed4-7fd651d74cbb",
            "a5ca34d4-83a1-40f3-80ca-e867b1e33b9d"
          ],
          "pending": [],
          "skipped": [],
          "duration": 16560,
          "root": false,
          "rootEmpty": false,
          "_timeout": 2000
        },
        {
          "uuid": "8bd52957-c387-45a4-8f59-2a6895687184",
          "title": "10 - Faça o quadro de pixels ter seu tamanho definido pelo usuário.",
          "fullFile": "",
          "file": "",
          "beforeHooks": [],
          "afterHooks": [],
          "tests": [
            {
              "title": "Verifica se existe um input com o id `board-size`",
              "fullTitle": "10 - Faça o quadro de pixels ter seu tamanho definido pelo usuário. Verifica se existe um input com o id `board-size`",
              "timedOut": null,
              "duration": 4117,
              "state": "failed",
              "speed": null,
              "pass": false,
              "fail": true,
              "pending": false,
              "context": null,
              "code": "cy.get('#board-size').should('be.visible');",
              "err": {
                "message": "AssertionError: Timed out retrying: Expected to find element: `#board-size`, but never found it.",
                "estack": "AssertionError: Timed out retrying: Expected to find element: `#board-size`, but never found it.\n    at Context.eval (http://localhost:41127/__cypress/tests?p=cypress/integration/project.spec.js:314:27)",
                "diff": null
              },
              "uuid": "88a2acc1-8376-4316-bf2c-45ceb5467213",
              "parentUUID": "8bd52957-c387-45a4-8f59-2a6895687184",
              "isHook": false,
              "skipped": false
            },
            {
              "title": "Verifica se existe um botão com o id `generate-board`",
              "fullTitle": "10 - Faça o quadro de pixels ter seu tamanho definido pelo usuário. Verifica se existe um botão com o id `generate-board`",
              "timedOut": null,
              "duration": 4098,
              "state": "failed",
              "speed": null,
              "pass": false,
              "fail": true,
              "pending": false,
              "context": null,
              "code": "cy.get('#generate-board').should('be.visible');",
              "err": {
                "message": "AssertionError: Timed out retrying: Expected to find element: `#generate-board`, but never found it.",
                "estack": "AssertionError: Timed out retrying: Expected to find element: `#generate-board`, but never found it.\n    at Context.eval (http://localhost:41127/__cypress/tests?p=cypress/integration/project.spec.js:317:31)",
                "diff": null
              },
              "uuid": "17b1274a-da41-4ccc-81bf-64d87d1dfcd7",
              "parentUUID": "8bd52957-c387-45a4-8f59-2a6895687184",
              "isHook": false,
              "skipped": false
            },
            {
              "title": "Verifica se o input só aceita número maiores que zero. Essa restrição deve ser feita usando os atributos do elemento `input`",
              "fullTitle": "10 - Faça o quadro de pixels ter seu tamanho definido pelo usuário. Verifica se o input só aceita número maiores que zero. Essa restrição deve ser feita usando os atributos do elemento `input`",
              "timedOut": null,
              "duration": 4116,
              "state": "failed",
              "speed": null,
              "pass": false,
              "fail": true,
              "pending": false,
              "context": null,
              "code": "cy.get('#board-size[type=\\'number\\'][min=\\'1\\']');",
              "err": {
                "message": "AssertionError: Timed out retrying: Expected to find element: `#board-size[type='number'][min='1']`, but never found it.",
                "estack": "AssertionError: Timed out retrying: Expected to find element: `#board-size[type='number'][min='1']`, but never found it.\n    at Context.eval (http://localhost:41127/__cypress/tests?p=cypress/integration/project.spec.js:320:8)",
                "diff": null
              },
              "uuid": "9fc8c1d5-6111-4b7a-a646-a133a3e636e6",
              "parentUUID": "8bd52957-c387-45a4-8f59-2a6895687184",
              "isHook": false,
              "skipped": false
            },
            {
              "title": "Verifica se o botão contém o texto 'VQV'",
              "fullTitle": "10 - Faça o quadro de pixels ter seu tamanho definido pelo usuário. Verifica se o botão contém o texto 'VQV'",
              "timedOut": null,
              "duration": 4116,
              "state": "failed",
              "speed": null,
              "pass": false,
              "fail": true,
              "pending": false,
              "context": null,
              "code": "cy.get('#generate-board').contains(/vqv/i);",
              "err": {
                "message": "AssertionError: Timed out retrying: Expected to find element: `#generate-board`, but never found it.",
                "estack": "AssertionError: Timed out retrying: Expected to find element: `#generate-board`, but never found it.\n    at Context.eval (http://localhost:41127/__cypress/tests?p=cypress/integration/project.spec.js:323:8)",
                "diff": null
              },
              "uuid": "929c79df-d2ed-4261-8bbd-326caf61fb72",
              "parentUUID": "8bd52957-c387-45a4-8f59-2a6895687184",
              "isHook": false,
              "skipped": false
            },
            {
              "title": "Verifica se o input está posicionado entre a paleta de cores e o quadro de pixels",
              "fullTitle": "10 - Faça o quadro de pixels ter seu tamanho definido pelo usuário. Verifica se o input está posicionado entre a paleta de cores e o quadro de pixels",
              "timedOut": null,
              "duration": 4089,
              "state": "failed",
              "speed": null,
              "pass": false,
              "fail": true,
              "pending": false,
              "context": null,
              "code": "cy.get('#color-palette').then(function (palette) {\n  cy.get('#board-size').should('be.belowOf', palette);\n});\ncy.get('#board-size').then(function (palette) {\n  cy.get('#pixel-board').should('be.belowOf', palette);\n});",
              "err": {
                "message": "AssertionError: Timed out retrying: Expected to find element: `#board-size`, but never found it.",
                "estack": "AssertionError: Timed out retrying: Expected to find element: `#board-size`, but never found it.\n    at Context.eval (http://localhost:41127/__cypress/tests?p=cypress/integration/project.spec.js:327:29)",
                "diff": null
              },
              "uuid": "a0aa33cf-5602-417f-99b6-41a2bb25426c",
              "parentUUID": "8bd52957-c387-45a4-8f59-2a6895687184",
              "isHook": false,
              "skipped": false
            },
            {
              "title": "Verifica se o botão está posicionado ao lado do input",
              "fullTitle": "10 - Faça o quadro de pixels ter seu tamanho definido pelo usuário. Verifica se o botão está posicionado ao lado do input",
              "timedOut": null,
              "duration": 4217,
              "state": "failed",
              "speed": null,
              "pass": false,
              "fail": true,
              "pending": false,
              "context": null,
              "code": "cy.get('#board-size').then(function (board) {\n  cy.get('#generate-board').should('be.onTheRightOf', board);\n});",
              "err": {
                "message": "AssertionError: Timed out retrying: Expected to find element: `#board-size`, but never found it.",
                "estack": "AssertionError: Timed out retrying: Expected to find element: `#board-size`, but never found it.\n    at Context.eval (http://localhost:41127/__cypress/tests?p=cypress/integration/project.spec.js:334:8)",
                "diff": null
              },
              "uuid": "a61bd034-3f22-4722-959e-72990c9183ec",
              "parentUUID": "8bd52957-c387-45a4-8f59-2a6895687184",
              "isHook": false,
              "skipped": false
            },
            {
              "title": "Verifica se nenhum valor for colocado no input ao clicar no botão, um `alert` é exibido com o texto: 'Board inválido!'",
              "fullTitle": "10 - Faça o quadro de pixels ter seu tamanho definido pelo usuário. Verifica se nenhum valor for colocado no input ao clicar no botão, um `alert` é exibido com o texto: 'Board inválido!'",
              "timedOut": null,
              "duration": 4117,
              "state": "failed",
              "speed": null,
              "pass": false,
              "fail": true,
              "pending": false,
              "context": null,
              "code": "var alerted = false;\ncy.on('window:alert', function (msg) {\n  return alerted = msg;\n});\ncy.get('#generate-board').click().then(function () {\n  return expect(alerted).to.match(/Board inválido!/i);\n});",
              "err": {
                "message": "AssertionError: Timed out retrying: Expected to find element: `#generate-board`, but never found it.",
                "estack": "AssertionError: Timed out retrying: Expected to find element: `#generate-board`, but never found it.\n    at Context.eval (http://localhost:41127/__cypress/tests?p=cypress/integration/project.spec.js:343:8)",
                "diff": null
              },
              "uuid": "9e5089e2-c77f-4e82-93e0-a6adfe069527",
              "parentUUID": "8bd52957-c387-45a4-8f59-2a6895687184",
              "isHook": false,
              "skipped": false
            },
            {
              "title": "Verifica se ao clicar no botão com um valor preenchido, o tamanho do board muda.",
              "fullTitle": "10 - Faça o quadro de pixels ter seu tamanho definido pelo usuário. Verifica se ao clicar no botão com um valor preenchido, o tamanho do board muda.",
              "timedOut": null,
              "duration": 4127,
              "state": "failed",
              "speed": null,
              "pass": false,
              "fail": true,
              "pending": false,
              "context": null,
              "code": "cy.get('#board-size').clear().type(10);\ncy.get('#generate-board').click();\ncy.get('.pixel').should('have.length', 100);",
              "err": {
                "message": "AssertionError: Timed out retrying: Expected to find element: `#board-size`, but never found it.",
                "estack": "AssertionError: Timed out retrying: Expected to find element: `#board-size`, but never found it.\n    at Context.eval (http://localhost:41127/__cypress/tests?p=cypress/integration/project.spec.js:348:8)",
                "diff": null
              },
              "uuid": "c1954dce-4e80-4f32-a450-697c9e6a4cbd",
              "parentUUID": "8bd52957-c387-45a4-8f59-2a6895687184",
              "isHook": false,
              "skipped": false
            },
            {
              "title": "Verifica se o novo quadro tem todos os pixels preenchidos com a cor branca",
              "fullTitle": "10 - Faça o quadro de pixels ter seu tamanho definido pelo usuário. Verifica se o novo quadro tem todos os pixels preenchidos com a cor branca",
              "timedOut": null,
              "duration": 4125,
              "state": "failed",
              "speed": null,
              "pass": false,
              "fail": true,
              "pending": false,
              "context": null,
              "code": "cy.get('#board-size').clear().type(6);\ncy.get('#generate-board').click();\ncy.get('.pixel').should('have.length', 36).each(function (pixel) {\n  expect(pixel).to.have.css('background-color', WHITE);\n});",
              "err": {
                "message": "AssertionError: Timed out retrying: Expected to find element: `#board-size`, but never found it.",
                "estack": "AssertionError: Timed out retrying: Expected to find element: `#board-size`, but never found it.\n    at Context.eval (http://localhost:41127/__cypress/tests?p=cypress/integration/project.spec.js:353:8)",
                "diff": null
              },
              "uuid": "16c4bc2f-a3c6-4f2d-aa00-1ee7bbd34aa7",
              "parentUUID": "8bd52957-c387-45a4-8f59-2a6895687184",
              "isHook": false,
              "skipped": false
            }
          ],
          "suites": [],
          "passes": [],
          "failures": [
            "88a2acc1-8376-4316-bf2c-45ceb5467213",
            "17b1274a-da41-4ccc-81bf-64d87d1dfcd7",
            "9fc8c1d5-6111-4b7a-a646-a133a3e636e6",
            "929c79df-d2ed-4261-8bbd-326caf61fb72",
            "a0aa33cf-5602-417f-99b6-41a2bb25426c",
            "a61bd034-3f22-4722-959e-72990c9183ec",
            "9e5089e2-c77f-4e82-93e0-a6adfe069527",
            "c1954dce-4e80-4f32-a450-697c9e6a4cbd",
            "16c4bc2f-a3c6-4f2d-aa00-1ee7bbd34aa7"
          ],
          "pending": [],
          "skipped": [],
          "duration": 37122,
          "root": false,
          "rootEmpty": false,
          "_timeout": 2000
        },
        {
          "uuid": "8b10dbe4-9d24-4774-a372-0110068255d5",
          "title": "11 - Limite o tamanho mínimo e máximo do board.",
          "fullFile": "",
          "file": "",
          "beforeHooks": [],
          "afterHooks": [],
          "tests": [
            {
              "title": "Verifica se a altura máxima do board é 50",
              "fullTitle": "11 - Limite o tamanho mínimo e máximo do board. Verifica se a altura máxima do board é 50",
              "timedOut": null,
              "duration": 4133,
              "state": "failed",
              "speed": null,
              "pass": false,
              "fail": true,
              "pending": false,
              "context": null,
              "code": "cy.get('#board-size').clear().type(50);\ncy.get('#generate-board').click();\ncy.get('.pixel').should('have.length', 2500);",
              "err": {
                "message": "AssertionError: Timed out retrying: Expected to find element: `#board-size`, but never found it.",
                "estack": "AssertionError: Timed out retrying: Expected to find element: `#board-size`, but never found it.\n    at Context.eval (http://localhost:41127/__cypress/tests?p=cypress/integration/project.spec.js:365:8)",
                "diff": null
              },
              "uuid": "416d2bc9-49de-4d9b-83e2-c79d5bfc4c4a",
              "parentUUID": "8b10dbe4-9d24-4774-a372-0110068255d5",
              "isHook": false,
              "skipped": false
            },
            {
              "title": "Verifica se a altura do board é 5 quando um valor menor é colocado no input",
              "fullTitle": "11 - Limite o tamanho mínimo e máximo do board. Verifica se a altura do board é 5 quando um valor menor é colocado no input",
              "timedOut": null,
              "duration": 4159,
              "state": "failed",
              "speed": null,
              "pass": false,
              "fail": true,
              "pending": false,
              "context": null,
              "code": "cy.get('#board-size').clear().type(4);\ncy.get('#generate-board').click();\ncy.get('.pixel').should('have.length', 25);",
              "err": {
                "message": "AssertionError: Timed out retrying: Expected to find element: `#board-size`, but never found it.",
                "estack": "AssertionError: Timed out retrying: Expected to find element: `#board-size`, but never found it.\n    at Context.eval (http://localhost:41127/__cypress/tests?p=cypress/integration/project.spec.js:370:8)",
                "diff": null
              },
              "uuid": "31432d69-84ad-4166-85e0-7f1b510c7fb9",
              "parentUUID": "8b10dbe4-9d24-4774-a372-0110068255d5",
              "isHook": false,
              "skipped": false
            },
            {
              "title": "Verifica se a altura do board é 50 quando um valor maior é colocado no input",
              "fullTitle": "11 - Limite o tamanho mínimo e máximo do board. Verifica se a altura do board é 50 quando um valor maior é colocado no input",
              "timedOut": null,
              "duration": 4116,
              "state": "failed",
              "speed": null,
              "pass": false,
              "fail": true,
              "pending": false,
              "context": null,
              "code": "cy.get('#board-size').clear().type(51);\ncy.get('#generate-board').click();\ncy.get('.pixel').should('have.length', 2500);",
              "err": {
                "message": "AssertionError: Timed out retrying: Expected to find element: `#board-size`, but never found it.",
                "estack": "AssertionError: Timed out retrying: Expected to find element: `#board-size`, but never found it.\n    at Context.eval (http://localhost:41127/__cypress/tests?p=cypress/integration/project.spec.js:375:8)",
                "diff": null
              },
              "uuid": "81fbaf91-9cf1-4e06-b20a-9f46c72162a2",
              "parentUUID": "8b10dbe4-9d24-4774-a372-0110068255d5",
              "isHook": false,
              "skipped": false
            }
          ],
          "suites": [],
          "passes": [],
          "failures": [
            "416d2bc9-49de-4d9b-83e2-c79d5bfc4c4a",
            "31432d69-84ad-4166-85e0-7f1b510c7fb9",
            "81fbaf91-9cf1-4e06-b20a-9f46c72162a2"
          ],
          "pending": [],
          "skipped": [],
          "duration": 12408,
          "root": false,
          "rootEmpty": false,
          "_timeout": 2000
        },
        {
          "uuid": "f8f51852-492d-4ca1-8a6b-52c0cee1ffa4",
          "title": "12 - Faça com que as cores da paleta sejam geradas aleatoriamente ao carregar a página.",
          "fullFile": "",
          "file": "",
          "beforeHooks": [],
          "afterHooks": [],
          "tests": [
            {
              "title": "Verifica se as cores geradas na paleta são diferentes a cada carregamento da página",
              "fullTitle": "12 - Faça com que as cores da paleta sejam geradas aleatoriamente ao carregar a página. Verifica se as cores geradas na paleta são diferentes a cada carregamento da página",
              "timedOut": null,
              "duration": 420,
              "state": "passed",
              "speed": "slow",
              "pass": true,
              "fail": false,
              "pending": false,
              "context": null,
              "code": "cy.get('.color').then(function (colors) {\n  var currentColors;\n  var previousColors;\n  previousColors = Array.from(colors).map(function (color) {\n    return Cypress.$(color).css('background-color');\n  });\n  for (var i = 0; i < 5; i += 1) {\n    cy.reload();\n    cy.get('.color').then(function (colors) {\n      currentColors = Array.from(colors).map(function (color) {\n        return Cypress.$(color).css('background-color');\n      });\n      expect(currentColors).not.to.deep.equal(previousColors);\n      previousColors = currentColors;\n    });\n  }\n});",
              "err": {},
              "uuid": "99637827-4a18-46e4-bf4a-93bcb00ffd3d",
              "parentUUID": "f8f51852-492d-4ca1-8a6b-52c0cee1ffa4",
              "isHook": false,
              "skipped": false
            },
            {
              "title": "Verifica se a cor preta ainda está presente e é a primeira na sua paleta de cores",
              "fullTitle": "12 - Faça com que as cores da paleta sejam geradas aleatoriamente ao carregar a página. Verifica se a cor preta ainda está presente e é a primeira na sua paleta de cores",
              "timedOut": null,
              "duration": 369,
              "state": "passed",
              "speed": "slow",
              "pass": true,
              "fail": false,
              "pending": false,
              "context": null,
              "code": "cy.get('.color').then(function (colors) {\n  var currentColors;\n  var previousColors;\n  previousColors = Array.from(colors).map(function (color) {\n    return Cypress.$(color).css('background-color');\n  });\n  expect(previousColors[0]).to.eq(BLACK);\n  for (var i = 0; i < 5; i += 1) {\n    cy.reload();\n    cy.get('.color').then(function (colors) {\n      currentColors = Array.from(colors).map(function (color) {\n        return Cypress.$(color).css('background-color');\n      });\n      expect(currentColors[0]).to.eq(BLACK);\n      expect(currentColors).not.to.deep.equal(previousColors);\n      previousColors = currentColors;\n    });\n  }\n});",
              "err": {},
              "uuid": "928c8751-a6d2-4a9f-9a2b-e7eed9fa6c44",
              "parentUUID": "f8f51852-492d-4ca1-8a6b-52c0cee1ffa4",
              "isHook": false,
              "skipped": false
            }
          ],
          "suites": [],
          "passes": [
            "99637827-4a18-46e4-bf4a-93bcb00ffd3d",
            "928c8751-a6d2-4a9f-9a2b-e7eed9fa6c44"
          ],
          "failures": [],
          "pending": [],
          "skipped": [],
          "duration": 789,
          "root": false,
          "rootEmpty": false,
          "_timeout": 2000
        }
      ],
      "passes": [],
      "failures": [],
      "pending": [],
      "skipped": [],
      "duration": 0,
      "root": true,
      "rootEmpty": true,
      "_timeout": 2000
    }
  ],
  "meta": {
    "mocha": {
      "version": "7.0.1"
    },
    "mochawesome": {
      "options": {
        "quiet": false,
        "reportFilename": "mochawesome",
        "saveHtml": false,
        "saveJson": true,
        "consoleReporter": "spec",
        "useInlineDiffs": false
      },
      "version": "4.1.0"
    },
    "marge": {
      "options": {
        "id": "default",
        "reportDir": "cypress/reports",
        "overwrite": true,
        "html": false,
        "json": true
      },
      "version": "4.1.0"
    }
  }
}