{
  "stats": {
    "suites": 12,
    "tests": 41,
    "passes": 24,
    "pending": 0,
    "failures": 17,
    "start": "2021-08-13T22:52:26.764Z",
    "end": "2021-08-13T22:54:23.309Z",
    "duration": 116545,
    "testsRegistered": 41,
    "passPercent": 58.536585365853654,
    "pendingPercent": 0,
    "other": 0,
    "hasOther": false,
    "skipped": 0,
    "hasSkipped": false
  },
  "results": [
    {
      "uuid": "f3dd4be8-292a-4f92-be67-b4cddb0db05c",
      "title": "",
      "fullFile": "cypress/integration/project.spec.js",
      "file": "cypress/integration/project.spec.js",
      "beforeHooks": [],
      "afterHooks": [],
      "tests": [],
      "suites": [
        {
          "uuid": "5c8a338b-86fc-48b8-933d-d4954193cd0a",
          "title": "1 - Adicione à página o título \"Paleta de Cores\".",
          "fullFile": "",
          "file": "",
          "beforeHooks": [],
          "afterHooks": [],
          "tests": [
            {
              "title": "Verifica se contém um elemento `h1` com o id `title` com o título correto",
              "fullTitle": "1 - Adicione à página o título \"Paleta de Cores\". Verifica se contém um elemento `h1` com o id `title` com o título correto",
              "timedOut": null,
              "duration": 3039,
              "state": "passed",
              "speed": "slow",
              "pass": true,
              "fail": false,
              "pending": false,
              "context": null,
              "code": "cy.get('h1#title').should('contain.text', 'Paleta de Cores');",
              "err": {},
              "uuid": "9e25f321-50b8-4f17-96b5-38594e441b02",
              "parentUUID": "5c8a338b-86fc-48b8-933d-d4954193cd0a",
              "isHook": false,
              "skipped": false
            }
          ],
          "suites": [],
          "passes": [
            "9e25f321-50b8-4f17-96b5-38594e441b02"
          ],
          "failures": [],
          "pending": [],
          "skipped": [],
          "duration": 3039,
          "root": false,
          "rootEmpty": false,
          "_timeout": 2000
        },
        {
          "uuid": "92ac5e50-aecc-4985-8ad3-09a44a9260e4",
          "title": "2 - Adicione à página uma paleta de quatro cores distintas.",
          "fullFile": "",
          "file": "",
          "beforeHooks": [],
          "afterHooks": [],
          "tests": [
            {
              "title": "A paleta de cores deve ser um elemento com `id` denominado `color-palette`",
              "fullTitle": "2 - Adicione à página uma paleta de quatro cores distintas. A paleta de cores deve ser um elemento com `id` denominado `color-palette`",
              "timedOut": null,
              "duration": 763,
              "state": "passed",
              "speed": "slow",
              "pass": true,
              "fail": false,
              "pending": false,
              "context": null,
              "code": "cy.get('#color-palette').should('be.visible');",
              "err": {},
              "uuid": "12c328db-f230-4e3c-9a77-631ee60da040",
              "parentUUID": "92ac5e50-aecc-4985-8ad3-09a44a9260e4",
              "isHook": false,
              "skipped": false
            },
            {
              "title": "Verifica se cada cor individual da paleta de cores possui a `classe` chamada `color`.",
              "fullTitle": "2 - Adicione à página uma paleta de quatro cores distintas. Verifica se cada cor individual da paleta de cores possui a `classe` chamada `color`.",
              "timedOut": null,
              "duration": 636,
              "state": "passed",
              "speed": "slow",
              "pass": true,
              "fail": false,
              "pending": false,
              "context": null,
              "code": "cy.get('.color').should('have.length', 4).then(function (colors) {\n  for (var i = 0; i < colors.length; i++) {\n    cy.wrap(colors[i]).should('be.visible');\n  }\n});",
              "err": {},
              "uuid": "5cc052fd-5332-4e12-ae0c-25e5a292b46d",
              "parentUUID": "92ac5e50-aecc-4985-8ad3-09a44a9260e4",
              "isHook": false,
              "skipped": false
            },
            {
              "title": "Verifica se a cor de fundo de cada elemento da paleta é a cor que o elemento representa. **A única cor não permitida na paleta é a cor branca.**",
              "fullTitle": "2 - Adicione à página uma paleta de quatro cores distintas. Verifica se a cor de fundo de cada elemento da paleta é a cor que o elemento representa. **A única cor não permitida na paleta é a cor branca.**",
              "timedOut": null,
              "duration": 819,
              "state": "passed",
              "speed": "slow",
              "pass": true,
              "fail": false,
              "pending": false,
              "context": null,
              "code": "cy.get('.color').each(function (color) {\n  cy.wrap(color).should('have.class', 'color').and('not.have.css', 'background-color', WHITE);\n  cy.wrap(color).should('have.css', 'background-color');\n});",
              "err": {},
              "uuid": "c3b851b9-0bdd-4282-aaac-adb855423bbe",
              "parentUUID": "92ac5e50-aecc-4985-8ad3-09a44a9260e4",
              "isHook": false,
              "skipped": false
            },
            {
              "title": "Verifica se cada elemento da paleta de cores tem uma borda preta, sólida e com 1 pixel de largura;",
              "fullTitle": "2 - Adicione à página uma paleta de quatro cores distintas. Verifica se cada elemento da paleta de cores tem uma borda preta, sólida e com 1 pixel de largura;",
              "timedOut": null,
              "duration": 1158,
              "state": "passed",
              "speed": "slow",
              "pass": true,
              "fail": false,
              "pending": false,
              "context": null,
              "code": "cy.get('.color').each(function (color) {\n  cy.wrap(color).and('have.css', 'border', \"1px solid \".concat(BLACK)).and('have.class', 'color');\n});",
              "err": {},
              "uuid": "ecf9a719-6f7a-4d9c-84a2-6718d9ed886f",
              "parentUUID": "92ac5e50-aecc-4985-8ad3-09a44a9260e4",
              "isHook": false,
              "skipped": false
            },
            {
              "title": "Verifica se a paleta lista todas as cores disponíveis para utilização, lado a lado.",
              "fullTitle": "2 - Adicione à página uma paleta de quatro cores distintas. Verifica se a paleta lista todas as cores disponíveis para utilização, lado a lado.",
              "timedOut": null,
              "duration": 1232,
              "state": "passed",
              "speed": "slow",
              "pass": true,
              "fail": false,
              "pending": false,
              "context": null,
              "code": "cy.get('.color').then(function (colors) {\n  for (var index = 1; index < colors.length; index += 1) {\n    var currentColor = colors[index];\n    var previousColor = colors[index - 1];\n    cy.wrap(currentColor).should('be.onTheRightOf', previousColor).and('be.horizontallyAlignedWith', previousColor);\n  }\n});",
              "err": {},
              "uuid": "9be184b1-9fa5-459d-99ee-8a88bd4de8a6",
              "parentUUID": "92ac5e50-aecc-4985-8ad3-09a44a9260e4",
              "isHook": false,
              "skipped": false
            },
            {
              "title": "Verifica se a paleta de cores está posicionada abaixo do título 'Paleta de Cores'",
              "fullTitle": "2 - Adicione à página uma paleta de quatro cores distintas. Verifica se a paleta de cores está posicionada abaixo do título 'Paleta de Cores'",
              "timedOut": null,
              "duration": 602,
              "state": "passed",
              "speed": "slow",
              "pass": true,
              "fail": false,
              "pending": false,
              "context": null,
              "code": "cy.get('h1#title').then(function (title) {\n  cy.get('#color-palette').should('be.belowOf', title);\n});",
              "err": {},
              "uuid": "94cb41d3-a480-4479-be97-f538f6be92b7",
              "parentUUID": "92ac5e50-aecc-4985-8ad3-09a44a9260e4",
              "isHook": false,
              "skipped": false
            },
            {
              "title": "Verifica se a paleta de cores não contém cores repetidas.",
              "fullTitle": "2 - Adicione à página uma paleta de quatro cores distintas. Verifica se a paleta de cores não contém cores repetidas.",
              "timedOut": null,
              "duration": 422,
              "state": "passed",
              "speed": "slow",
              "pass": true,
              "fail": false,
              "pending": false,
              "context": null,
              "code": "cy.get('.color').then(function (colors) {\n  var allColors = Array.from(colors).map(function (color) {\n    return Cypress.$(color).css('background-color');\n  });\n  cy.log(allColors);\n  var uniqColors = (0, _toConsumableArray2[\"default\"])(new Set(allColors));\n  cy.log(uniqColors);\n  expect(allColors.length).to.eq(uniqColors.length);\n});",
              "err": {},
              "uuid": "290f1409-7ee8-4442-9658-5451b4a8d8c2",
              "parentUUID": "92ac5e50-aecc-4985-8ad3-09a44a9260e4",
              "isHook": false,
              "skipped": false
            }
          ],
          "suites": [],
          "passes": [
            "12c328db-f230-4e3c-9a77-631ee60da040",
            "5cc052fd-5332-4e12-ae0c-25e5a292b46d",
            "c3b851b9-0bdd-4282-aaac-adb855423bbe",
            "ecf9a719-6f7a-4d9c-84a2-6718d9ed886f",
            "9be184b1-9fa5-459d-99ee-8a88bd4de8a6",
            "94cb41d3-a480-4479-be97-f538f6be92b7",
            "290f1409-7ee8-4442-9658-5451b4a8d8c2"
          ],
          "failures": [],
          "pending": [],
          "skipped": [],
          "duration": 5632,
          "root": false,
          "rootEmpty": false,
          "_timeout": 2000
        },
        {
          "uuid": "5657de11-4544-4e8a-85d5-774d36ef3002",
          "title": "3 - Adicione a cor **preta** como a primeira cor da paleta de cores.",
          "fullFile": "",
          "file": "",
          "beforeHooks": [],
          "afterHooks": [],
          "tests": [
            {
              "title": "Verifica se a primeira cor da paleta é preta",
              "fullTitle": "3 - Adicione a cor **preta** como a primeira cor da paleta de cores. Verifica se a primeira cor da paleta é preta",
              "timedOut": null,
              "duration": 456,
              "state": "passed",
              "speed": "slow",
              "pass": true,
              "fail": false,
              "pending": false,
              "context": null,
              "code": "cy.get('.color').first().should('have.css', 'background-color', BLACK);",
              "err": {},
              "uuid": "b035a5fd-988c-45b1-8088-67ad3b76569d",
              "parentUUID": "5657de11-4544-4e8a-85d5-774d36ef3002",
              "isHook": false,
              "skipped": false
            },
            {
              "title": "Verifica se as demais cores podem ser escolhidas livremente.",
              "fullTitle": "3 - Adicione a cor **preta** como a primeira cor da paleta de cores. Verifica se as demais cores podem ser escolhidas livremente.",
              "timedOut": null,
              "duration": 873,
              "state": "passed",
              "speed": "slow",
              "pass": true,
              "fail": false,
              "pending": false,
              "context": null,
              "code": "cy.get('.color').eq(1).should('not.have.css', 'background-color', BLACK);\ncy.get('.color').eq(1).should('not.have.css', 'background-color', WHITE);\ncy.get('.color').eq(1).should('not.have.css', 'background-color', 'rgba(0, 0, 0, 0)');\ncy.get('.color').eq(1).should('have.css', 'background-color');\ncy.get('.color').eq(2).should('not.have.css', 'background-color', BLACK);\ncy.get('.color').eq(2).should('not.have.css', 'background-color', WHITE);\ncy.get('.color').eq(2).should('not.have.css', 'background-color', 'rgba(0, 0, 0, 0)');\ncy.get('.color').eq(2).should('have.css', 'background-color');\ncy.get('.color').eq(3).should('not.have.css', 'background-color', BLACK);\ncy.get('.color').eq(3).should('not.have.css', 'background-color', WHITE);\ncy.get('.color').eq(3).should('not.have.css', 'background-color', 'rgba(0, 0, 0, 0)');\ncy.get('.color').eq(3).should('have.css', 'background-color');",
              "err": {},
              "uuid": "c2783d11-bbe4-4f2c-bf33-e0511a7aad19",
              "parentUUID": "5657de11-4544-4e8a-85d5-774d36ef3002",
              "isHook": false,
              "skipped": false
            }
          ],
          "suites": [],
          "passes": [
            "b035a5fd-988c-45b1-8088-67ad3b76569d",
            "c2783d11-bbe4-4f2c-bf33-e0511a7aad19"
          ],
          "failures": [],
          "pending": [],
          "skipped": [],
          "duration": 1329,
          "root": false,
          "rootEmpty": false,
          "_timeout": 2000
        },
        {
          "uuid": "e4f10525-6b49-4bba-b2b1-b8bb04bbf0ea",
          "title": "4 - Adicione à página um quadro de pixels, com 25 pixels.",
          "fullFile": "",
          "file": "",
          "beforeHooks": [],
          "afterHooks": [],
          "tests": [
            {
              "title": "Verifica se o quadro de pixels possui o `id` denominado `pixel-board`",
              "fullTitle": "4 - Adicione à página um quadro de pixels, com 25 pixels. Verifica se o quadro de pixels possui o `id` denominado `pixel-board`",
              "timedOut": null,
              "duration": 412,
              "state": "passed",
              "speed": "slow",
              "pass": true,
              "fail": false,
              "pending": false,
              "context": null,
              "code": "cy.get('#pixel-board').should('be.visible');",
              "err": {},
              "uuid": "e4bca744-be4a-4146-8657-f42d1b1c1622",
              "parentUUID": "e4f10525-6b49-4bba-b2b1-b8bb04bbf0ea",
              "isHook": false,
              "skipped": false
            },
            {
              "title": "Verifica se cada pixel individual dentro do quadro possui a `classe` denominada `pixel`.",
              "fullTitle": "4 - Adicione à página um quadro de pixels, com 25 pixels. Verifica se cada pixel individual dentro do quadro possui a `classe` denominada `pixel`.",
              "timedOut": null,
              "duration": 405,
              "state": "passed",
              "speed": "slow",
              "pass": true,
              "fail": false,
              "pending": false,
              "context": null,
              "code": "cy.get('.pixel').should('have.length', 25);",
              "err": {},
              "uuid": "0ffabc31-c6ab-4df7-9302-b1b70def9c1f",
              "parentUUID": "e4f10525-6b49-4bba-b2b1-b8bb04bbf0ea",
              "isHook": false,
              "skipped": false
            },
            {
              "title": "Verifica se a cor inicial dos pixels dentro do quadro, ao abrir a página, é branca.",
              "fullTitle": "4 - Adicione à página um quadro de pixels, com 25 pixels. Verifica se a cor inicial dos pixels dentro do quadro, ao abrir a página, é branca.",
              "timedOut": null,
              "duration": 653,
              "state": "passed",
              "speed": "slow",
              "pass": true,
              "fail": false,
              "pending": false,
              "context": null,
              "code": "cy.get('.pixel').should('have.length', 25).each(function (pixel) {\n  expect(pixel).to.have.css('background-color', WHITE);\n});",
              "err": {},
              "uuid": "a941fdd8-e8a9-4f85-8b47-196256137c4f",
              "parentUUID": "e4f10525-6b49-4bba-b2b1-b8bb04bbf0ea",
              "isHook": false,
              "skipped": false
            },
            {
              "title": "Verifica se o quadro de pixels aparece abaixo da paleta de cores",
              "fullTitle": "4 - Adicione à página um quadro de pixels, com 25 pixels. Verifica se o quadro de pixels aparece abaixo da paleta de cores",
              "timedOut": null,
              "duration": 347,
              "state": "passed",
              "speed": "slow",
              "pass": true,
              "fail": false,
              "pending": false,
              "context": null,
              "code": "cy.get('#color-palette').then(function (palette) {\n  cy.get('#pixel-board').should('be.belowOf', palette);\n});",
              "err": {},
              "uuid": "43dd5841-04c4-482f-8c33-49ed9da5fc22",
              "parentUUID": "e4f10525-6b49-4bba-b2b1-b8bb04bbf0ea",
              "isHook": false,
              "skipped": false
            }
          ],
          "suites": [],
          "passes": [
            "e4bca744-be4a-4146-8657-f42d1b1c1622",
            "0ffabc31-c6ab-4df7-9302-b1b70def9c1f",
            "a941fdd8-e8a9-4f85-8b47-196256137c4f",
            "43dd5841-04c4-482f-8c33-49ed9da5fc22"
          ],
          "failures": [],
          "pending": [],
          "skipped": [],
          "duration": 1817,
          "root": false,
          "rootEmpty": false,
          "_timeout": 2000
        },
        {
          "uuid": "d49183e8-2b17-42c4-99ac-7df009134fce",
          "title": "5 - Faça com que cada elemento do quadro de pixels possua 40 pixels de largura, 40 pixels de altura e seja delimitado por uma borda preta de 1 pixel.",
          "fullFile": "",
          "file": "",
          "beforeHooks": [],
          "afterHooks": [],
          "tests": [
            {
              "title": "Verifica se o quadro de pixels tem altura e comprimento de 5 elementos",
              "fullTitle": "5 - Faça com que cada elemento do quadro de pixels possua 40 pixels de largura, 40 pixels de altura e seja delimitado por uma borda preta de 1 pixel. Verifica se o quadro de pixels tem altura e comprimento de 5 elementos",
              "timedOut": null,
              "duration": 1298,
              "state": "passed",
              "speed": "slow",
              "pass": true,
              "fail": false,
              "pending": false,
              "context": null,
              "code": "cy.get('.pixel').should('have.length', 25).each(function (pixel) {\n  expect(pixel).to.have.css('background-color', WHITE);\n}).and(function (pixels) {\n  var rows = chunk(pixels, 5);\n  rows.forEach(function (row) {\n    for (var index = 1; index < row.length; index += 1) {\n      var current = pixels[index];\n      var previous = pixels[index - 1];\n      cy.wrap(current).should('be.onTheRightOf', previous).and('be.horizontallyAlignedWith', previous);\n    }\n  });\n  for (var index = 1; index < 5; index += 1) {\n    expect(pixels[index * 5]).to.be.belowOf(pixels[(index - 1) * 5]);\n  }\n});",
              "err": {},
              "uuid": "3b31fd41-f82a-4a74-a358-28812342b675",
              "parentUUID": "d49183e8-2b17-42c4-99ac-7df009134fce",
              "isHook": false,
              "skipped": false
            },
            {
              "title": "Verifica se 40 pixels é o tamanho total do elemento, incluindo seu conteúdo e excluindo a borda preta, que deve ser criada à parte.",
              "fullTitle": "5 - Faça com que cada elemento do quadro de pixels possua 40 pixels de largura, 40 pixels de altura e seja delimitado por uma borda preta de 1 pixel. Verifica se 40 pixels é o tamanho total do elemento, incluindo seu conteúdo e excluindo a borda preta, que deve ser criada à parte.",
              "timedOut": null,
              "duration": 1060,
              "state": "passed",
              "speed": "slow",
              "pass": true,
              "fail": false,
              "pending": false,
              "context": null,
              "code": "cy.get('.pixel').each(function (pixel) {\n  cy.wrap(pixel).should('have.css', 'height', '40px').and('have.css', 'width', '40px').and('have.css', 'border', \"1px solid \".concat(BLACK));\n});",
              "err": {},
              "uuid": "c8079e36-ce8c-4870-9e49-1e668a17bde6",
              "parentUUID": "d49183e8-2b17-42c4-99ac-7df009134fce",
              "isHook": false,
              "skipped": false
            }
          ],
          "suites": [],
          "passes": [
            "3b31fd41-f82a-4a74-a358-28812342b675",
            "c8079e36-ce8c-4870-9e49-1e668a17bde6"
          ],
          "failures": [],
          "pending": [],
          "skipped": [],
          "duration": 2358,
          "root": false,
          "rootEmpty": false,
          "_timeout": 2000
        },
        {
          "uuid": "6fb01b99-c292-4c70-98e8-4e65f948488f",
          "title": "6 - Defina a cor preta como cor inicial. Ao carregar a página a cor preta já deve estar selecionada para pintar os pixels",
          "fullFile": "",
          "file": "",
          "beforeHooks": [],
          "afterHooks": [],
          "tests": [
            {
              "title": "Verifica se o elemento da cor preta possui, inicialmente, a `classe` `selected`",
              "fullTitle": "6 - Defina a cor preta como cor inicial. Ao carregar a página a cor preta já deve estar selecionada para pintar os pixels Verifica se o elemento da cor preta possui, inicialmente, a `classe` `selected`",
              "timedOut": null,
              "duration": 466,
              "state": "passed",
              "speed": "slow",
              "pass": true,
              "fail": false,
              "pending": false,
              "context": null,
              "code": "cy.get('.selected').first().should('have.css', 'background-color', BLACK);",
              "err": {},
              "uuid": "17a586a2-fd86-42ec-ad8c-fcf0dfa1d0a5",
              "parentUUID": "6fb01b99-c292-4c70-98e8-4e65f948488f",
              "isHook": false,
              "skipped": false
            },
            {
              "title": "Verifica se nenhuma outra cor da paleta tem a `classe` `selected`",
              "fullTitle": "6 - Defina a cor preta como cor inicial. Ao carregar a página a cor preta já deve estar selecionada para pintar os pixels Verifica se nenhuma outra cor da paleta tem a `classe` `selected`",
              "timedOut": null,
              "duration": 450,
              "state": "passed",
              "speed": "slow",
              "pass": true,
              "fail": false,
              "pending": false,
              "context": null,
              "code": "cy.get('.color:not(:first-child)').each(function (color) {\n  cy.wrap(color).should('not.have.class', 'selected');\n});",
              "err": {},
              "uuid": "821f9f45-d367-40bd-8952-79cce0a43e3f",
              "parentUUID": "6fb01b99-c292-4c70-98e8-4e65f948488f",
              "isHook": false,
              "skipped": false
            }
          ],
          "suites": [],
          "passes": [
            "17a586a2-fd86-42ec-ad8c-fcf0dfa1d0a5",
            "821f9f45-d367-40bd-8952-79cce0a43e3f"
          ],
          "failures": [],
          "pending": [],
          "skipped": [],
          "duration": 916,
          "root": false,
          "rootEmpty": false,
          "_timeout": 2000
        },
        {
          "uuid": "41bfc92a-f4cb-4307-8f94-cc0d80847da6",
          "title": "7 - Clicar em uma das cores da paleta, faz com que ela seja selecionada e utilizada para preencher os pixels no quadro.",
          "fullFile": "",
          "file": "",
          "beforeHooks": [],
          "afterHooks": [],
          "tests": [
            {
              "title": "Verifica se somente uma cor da paleta de cores tem a classe `selected` de cada vez",
              "fullTitle": "7 - Clicar em uma das cores da paleta, faz com que ela seja selecionada e utilizada para preencher os pixels no quadro. Verifica se somente uma cor da paleta de cores tem a classe `selected` de cada vez",
              "timedOut": null,
              "duration": 1161,
              "state": "passed",
              "speed": "slow",
              "pass": true,
              "fail": false,
              "pending": false,
              "context": null,
              "code": "cy.get('.color').each(function (selectedColor, selectedColorIndex) {\n  cy.wrap(selectedColor).click();\n  cy.get('.color').each(function (color, colorIndex) {\n    if (colorIndex === selectedColorIndex) {\n      expect(color).to.have[\"class\"]('selected');\n    } else {\n      expect(color).not.to.have[\"class\"]('selected');\n    }\n  });\n});",
              "err": {},
              "uuid": "adf4eedd-ddba-4389-b6e0-e53ecb2c3ba9",
              "parentUUID": "41bfc92a-f4cb-4307-8f94-cc0d80847da6",
              "isHook": false,
              "skipped": false
            },
            {
              "title": "Verifica se os pixels dentro do quadro não têm a classe `selected` quando são clicados",
              "fullTitle": "7 - Clicar em uma das cores da paleta, faz com que ela seja selecionada e utilizada para preencher os pixels no quadro. Verifica se os pixels dentro do quadro não têm a classe `selected` quando são clicados",
              "timedOut": null,
              "duration": 9439,
              "state": "passed",
              "speed": "slow",
              "pass": true,
              "fail": false,
              "pending": false,
              "context": null,
              "code": "cy.get('.color').each(function (color) {\n  var backgroundColor = color.css('background-color');\n  cy.wrap(color).click();\n  cy.get('.pixel').each(function (pixel) {\n    cy.wrap(pixel).click().should('not.have.class', 'selected');\n  });\n});",
              "err": {},
              "uuid": "d24fec48-0e63-475d-934c-1aa2d927ad5d",
              "parentUUID": "41bfc92a-f4cb-4307-8f94-cc0d80847da6",
              "isHook": false,
              "skipped": false
            }
          ],
          "suites": [],
          "passes": [
            "adf4eedd-ddba-4389-b6e0-e53ecb2c3ba9",
            "d24fec48-0e63-475d-934c-1aa2d927ad5d"
          ],
          "failures": [],
          "pending": [],
          "skipped": [],
          "duration": 10600,
          "root": false,
          "rootEmpty": false,
          "_timeout": 2000
        },
        {
          "uuid": "323184a0-38cb-4ff2-a631-058a08141c3f",
          "title": "8 - Clicar em um pixel dentro do quadro após selecionar uma cor na paleta, faz com que o pixel seja preenchido com a cor selecionada.",
          "fullFile": "",
          "file": "",
          "beforeHooks": [],
          "afterHooks": [],
          "tests": [
            {
              "title": "Verifica se ao carregar a página deve ser possível pintar os pixels de preto",
              "fullTitle": "8 - Clicar em um pixel dentro do quadro após selecionar uma cor na paleta, faz com que o pixel seja preenchido com a cor selecionada. Verifica se ao carregar a página deve ser possível pintar os pixels de preto",
              "timedOut": null,
              "duration": 5203,
              "state": "failed",
              "speed": null,
              "pass": false,
              "fail": true,
              "pending": false,
              "context": null,
              "code": "cy.get('.pixel').each(function (pixel) {\n  cy.wrap(pixel).click().should('have.css', 'background-color', BLACK);\n});",
              "err": {
                "message": "CypressError: Timed out retrying: expected '<div.pixel>' to have CSS property 'background-color' with the value 'rgb(0, 0, 0)', but the value was 'rgb(255, 255, 255)'",
                "estack": "CypressError: Timed out retrying: expected '<div.pixel>' to have CSS property 'background-color' with the value 'rgb(0, 0, 0)', but the value was 'rgb(255, 255, 255)'\n    at cypressErr (http://localhost:63203/__cypress/runner/cypress_runner.js:149934:9)\n    at throwErr (http://localhost:63203/__cypress/runner/cypress_runner.js:149867:11)\n    at Object.throwErrByPath (http://localhost:63203/__cypress/runner/cypress_runner.js:149915:3)\n    at retry (http://localhost:63203/__cypress/runner/cypress_runner.js:144197:19)\n    at onFailFn (http://localhost:63203/__cypress/runner/cypress_runner.js:132448:16)\n    at tryCatcher (http://localhost:63203/__cypress/runner/cypress_runner.js:167415:23)\n    at Promise._settlePromiseFromHandler (http://localhost:63203/__cypress/runner/cypress_runner.js:165351:31)\n    at Promise._settlePromise (http://localhost:63203/__cypress/runner/cypress_runner.js:165408:18)\n    at Promise._settlePromise0 (http://localhost:63203/__cypress/runner/cypress_runner.js:165453:10)\n    at Promise._settlePromises (http://localhost:63203/__cypress/runner/cypress_runner.js:165528:18)\n    at Async../node_modules/bluebird/js/release/async.js.Async._drainQueue (http://localhost:63203/__cypress/runner/cypress_runner.js:162140:16)\n    at Async../node_modules/bluebird/js/release/async.js.Async._drainQueues (http://localhost:63203/__cypress/runner/cypress_runner.js:162150:10)\n    at Async.drainQueues (http://localhost:63203/__cypress/runner/cypress_runner.js:162024:14)",
                "diff": null
              },
              "uuid": "7d7ba987-0661-4aa7-905a-a00a55833c50",
              "parentUUID": "323184a0-38cb-4ff2-a631-058a08141c3f",
              "isHook": false,
              "skipped": false
            },
            {
              "title": "Verifica se após selecionar uma outra cor na paleta, é possível pintar os pixels com essa cor",
              "fullTitle": "8 - Clicar em um pixel dentro do quadro após selecionar uma cor na paleta, faz com que o pixel seja preenchido com a cor selecionada. Verifica se após selecionar uma outra cor na paleta, é possível pintar os pixels com essa cor",
              "timedOut": null,
              "duration": 5148,
              "state": "failed",
              "speed": null,
              "pass": false,
              "fail": true,
              "pending": false,
              "context": null,
              "code": "cy.get('.color').each(function (color) {\n  var backgroundColor = color.css('background-color');\n  cy.wrap(color).click();\n  cy.get('.pixel').each(function (pixel) {\n    cy.wrap(pixel).click().should('have.css', 'background-color', backgroundColor);\n  });\n});",
              "err": {
                "message": "CypressError: Timed out retrying: expected '<div.pixel>' to have CSS property 'background-color' with the value 'rgb(0, 0, 0)', but the value was 'rgb(255, 255, 255)'",
                "estack": "CypressError: Timed out retrying: expected '<div.pixel>' to have CSS property 'background-color' with the value 'rgb(0, 0, 0)', but the value was 'rgb(255, 255, 255)'\n    at cypressErr (http://localhost:63203/__cypress/runner/cypress_runner.js:149934:9)\n    at throwErr (http://localhost:63203/__cypress/runner/cypress_runner.js:149867:11)\n    at Object.throwErrByPath (http://localhost:63203/__cypress/runner/cypress_runner.js:149915:3)\n    at retry (http://localhost:63203/__cypress/runner/cypress_runner.js:144197:19)\n    at onFailFn (http://localhost:63203/__cypress/runner/cypress_runner.js:132448:16)\n    at tryCatcher (http://localhost:63203/__cypress/runner/cypress_runner.js:167415:23)\n    at Promise._settlePromiseFromHandler (http://localhost:63203/__cypress/runner/cypress_runner.js:165351:31)\n    at Promise._settlePromise (http://localhost:63203/__cypress/runner/cypress_runner.js:165408:18)\n    at Promise._settlePromise0 (http://localhost:63203/__cypress/runner/cypress_runner.js:165453:10)\n    at Promise._settlePromises (http://localhost:63203/__cypress/runner/cypress_runner.js:165528:18)\n    at Async../node_modules/bluebird/js/release/async.js.Async._drainQueue (http://localhost:63203/__cypress/runner/cypress_runner.js:162140:16)\n    at Async../node_modules/bluebird/js/release/async.js.Async._drainQueues (http://localhost:63203/__cypress/runner/cypress_runner.js:162150:10)\n    at Async.drainQueues (http://localhost:63203/__cypress/runner/cypress_runner.js:162024:14)",
                "diff": null
              },
              "uuid": "b30a6cea-4f9b-4768-9452-b68a99ebb789",
              "parentUUID": "323184a0-38cb-4ff2-a631-058a08141c3f",
              "isHook": false,
              "skipped": false
            },
            {
              "title": "Verifica se somente o pixel que foi clicado foi preenchido com a cor selecionada, sem influenciar na cor dos demais pixels.",
              "fullTitle": "8 - Clicar em um pixel dentro do quadro após selecionar uma cor na paleta, faz com que o pixel seja preenchido com a cor selecionada. Verifica se somente o pixel que foi clicado foi preenchido com a cor selecionada, sem influenciar na cor dos demais pixels.",
              "timedOut": null,
              "duration": 3597,
              "state": "passed",
              "speed": "slow",
              "pass": true,
              "fail": false,
              "pending": false,
              "context": null,
              "code": "var colorToPixelIndexMap = {\n  0: 6,\n  1: 8,\n  2: 16,\n  3: 18\n};\ncy.get('.color').each(function (color, index) {\n  cy.wrap(color).click();\n  var backgroundColor = color.css('background-color');\n  var clickedPixelIndex = colorToPixelIndexMap[index];\n  cy.get('.pixel').eq(clickedPixelIndex).click();\n  cy.get('.pixel').eq(clickedPixelIndex - 1).should('not.have.css', 'background-color', backgroundColor);\n  cy.get('.pixel').eq(clickedPixelIndex + 1).should('not.have.css', 'background-color', backgroundColor);\n  cy.get('.pixel').eq(clickedPixelIndex - 5).should('not.have.css', 'background-color', backgroundColor);\n  cy.get('.pixel').eq(clickedPixelIndex + 5).should('not.have.css', 'background-color', backgroundColor);\n  cy.get('.pixel').eq(clickedPixelIndex - 6).should('not.have.css', 'background-color', backgroundColor);\n  cy.get('.pixel').eq(clickedPixelIndex - 4).should('not.have.css', 'background-color', backgroundColor);\n  cy.get('.pixel').eq(clickedPixelIndex + 4).should('not.have.css', 'background-color', backgroundColor);\n  cy.get('.pixel').eq(clickedPixelIndex + 6).should('not.have.css', 'background-color', backgroundColor);\n});",
              "err": {},
              "uuid": "68835e92-69fc-4606-8526-17b3206950ec",
              "parentUUID": "323184a0-38cb-4ff2-a631-058a08141c3f",
              "isHook": false,
              "skipped": false
            }
          ],
          "suites": [],
          "passes": [
            "68835e92-69fc-4606-8526-17b3206950ec"
          ],
          "failures": [
            "7d7ba987-0661-4aa7-905a-a00a55833c50",
            "b30a6cea-4f9b-4768-9452-b68a99ebb789"
          ],
          "pending": [],
          "skipped": [],
          "duration": 13948,
          "root": false,
          "rootEmpty": false,
          "_timeout": 2000
        },
        {
          "uuid": "105f2c24-dc6b-472d-af64-1c136502a4b7",
          "title": "9 - Crie um botão que, ao ser clicado, limpa o quadro preenchendo a cor de todos seus pixels com branco.",
          "fullFile": "",
          "file": "",
          "beforeHooks": [],
          "afterHooks": [],
          "tests": [
            {
              "title": "Verifica se o botão tem o `id` denominado `clear-board`",
              "fullTitle": "9 - Crie um botão que, ao ser clicado, limpa o quadro preenchendo a cor de todos seus pixels com branco. Verifica se o botão tem o `id` denominado `clear-board`",
              "timedOut": null,
              "duration": 728,
              "state": "passed",
              "speed": "slow",
              "pass": true,
              "fail": false,
              "pending": false,
              "context": null,
              "code": "cy.get('#clear-board').should('be.visible');",
              "err": {},
              "uuid": "57ff0b47-b7b9-4eaf-a671-3d4be3b4187b",
              "parentUUID": "105f2c24-dc6b-472d-af64-1c136502a4b7",
              "isHook": false,
              "skipped": false
            },
            {
              "title": "Verifica se o botão está posicionado entre a paleta de cores e o quadro de pixels",
              "fullTitle": "9 - Crie um botão que, ao ser clicado, limpa o quadro preenchendo a cor de todos seus pixels com branco. Verifica se o botão está posicionado entre a paleta de cores e o quadro de pixels",
              "timedOut": null,
              "duration": 417,
              "state": "passed",
              "speed": "slow",
              "pass": true,
              "fail": false,
              "pending": false,
              "context": null,
              "code": "cy.get('#color-palette').then(function (palette) {\n  cy.get('#clear-board').should('be.belowOf', palette);\n});\ncy.get('#clear-board').then(function (clearBtn) {\n  cy.get('#pixel-board').should('be.belowOf', clearBtn);\n});",
              "err": {},
              "uuid": "b9450472-a4ad-4ca7-834b-7e6254e30d6c",
              "parentUUID": "105f2c24-dc6b-472d-af64-1c136502a4b7",
              "isHook": false,
              "skipped": false
            },
            {
              "title": "Verifica se o texto do botão é 'Limpar'",
              "fullTitle": "9 - Crie um botão que, ao ser clicado, limpa o quadro preenchendo a cor de todos seus pixels com branco. Verifica se o texto do botão é 'Limpar'",
              "timedOut": null,
              "duration": 175,
              "state": "passed",
              "speed": "slow",
              "pass": true,
              "fail": false,
              "pending": false,
              "context": null,
              "code": "cy.get('#clear-board').should('contain.text', 'Limpar');",
              "err": {},
              "uuid": "12122940-3f58-405d-91bb-65db248765cc",
              "parentUUID": "105f2c24-dc6b-472d-af64-1c136502a4b7",
              "isHook": false,
              "skipped": false
            },
            {
              "title": "Verifica se ao clicar no botão, o quadro de pixels é totalmente preenchido de branco",
              "fullTitle": "9 - Crie um botão que, ao ser clicado, limpa o quadro preenchendo a cor de todos seus pixels com branco. Verifica se ao clicar no botão, o quadro de pixels é totalmente preenchido de branco",
              "timedOut": null,
              "duration": 5024,
              "state": "failed",
              "speed": null,
              "pass": false,
              "fail": true,
              "pending": false,
              "context": null,
              "code": "cy.get('.color').eq(1).then(function (color) {\n  var backgroundColor = color.css('background-color');\n  cy.wrap(color).click();\n  cy.get('.pixel').each(function (pixel) {\n    cy.wrap(pixel).click().should('have.css', 'background-color', backgroundColor);\n  });\n});\ncy.get('#clear-board').click();\ncy.get('.pixel').each(function (pixel) {\n  cy.wrap(pixel).should('have.css', 'background-color', WHITE);\n});",
              "err": {
                "message": "CypressError: Timed out retrying: expected '<div.pixel>' to have CSS property 'background-color' with the value 'rgb(12, 114, 142)', but the value was 'rgb(255, 255, 255)'",
                "estack": "CypressError: Timed out retrying: expected '<div.pixel>' to have CSS property 'background-color' with the value 'rgb(12, 114, 142)', but the value was 'rgb(255, 255, 255)'\n    at cypressErr (http://localhost:63203/__cypress/runner/cypress_runner.js:149934:9)\n    at throwErr (http://localhost:63203/__cypress/runner/cypress_runner.js:149867:11)\n    at Object.throwErrByPath (http://localhost:63203/__cypress/runner/cypress_runner.js:149915:3)\n    at retry (http://localhost:63203/__cypress/runner/cypress_runner.js:144197:19)\n    at onFailFn (http://localhost:63203/__cypress/runner/cypress_runner.js:132448:16)\n    at tryCatcher (http://localhost:63203/__cypress/runner/cypress_runner.js:167415:23)\n    at Promise._settlePromiseFromHandler (http://localhost:63203/__cypress/runner/cypress_runner.js:165351:31)\n    at Promise._settlePromise (http://localhost:63203/__cypress/runner/cypress_runner.js:165408:18)\n    at Promise._settlePromise0 (http://localhost:63203/__cypress/runner/cypress_runner.js:165453:10)\n    at Promise._settlePromises (http://localhost:63203/__cypress/runner/cypress_runner.js:165528:18)\n    at Async../node_modules/bluebird/js/release/async.js.Async._drainQueue (http://localhost:63203/__cypress/runner/cypress_runner.js:162140:16)\n    at Async../node_modules/bluebird/js/release/async.js.Async._drainQueues (http://localhost:63203/__cypress/runner/cypress_runner.js:162150:10)\n    at Async.drainQueues (http://localhost:63203/__cypress/runner/cypress_runner.js:162024:14)",
                "diff": null
              },
              "uuid": "c1753cc3-cd0e-4148-bcc8-3f88e581c4c6",
              "parentUUID": "105f2c24-dc6b-472d-af64-1c136502a4b7",
              "isHook": false,
              "skipped": false
            }
          ],
          "suites": [],
          "passes": [
            "57ff0b47-b7b9-4eaf-a671-3d4be3b4187b",
            "b9450472-a4ad-4ca7-834b-7e6254e30d6c",
            "12122940-3f58-405d-91bb-65db248765cc"
          ],
          "failures": [
            "c1753cc3-cd0e-4148-bcc8-3f88e581c4c6"
          ],
          "pending": [],
          "skipped": [],
          "duration": 6344,
          "root": false,
          "rootEmpty": false,
          "_timeout": 2000
        },
        {
          "uuid": "565f37db-d3e7-492b-b84e-e129af7feaa4",
          "title": "10 - Faça o quadro de pixels ter seu tamanho definido pelo usuário.",
          "fullFile": "",
          "file": "",
          "beforeHooks": [],
          "afterHooks": [],
          "tests": [
            {
              "title": "Verifica se existe um input com o id `board-size`",
              "fullTitle": "10 - Faça o quadro de pixels ter seu tamanho definido pelo usuário. Verifica se existe um input com o id `board-size`",
              "timedOut": null,
              "duration": 5119,
              "state": "failed",
              "speed": null,
              "pass": false,
              "fail": true,
              "pending": false,
              "context": null,
              "code": "cy.get('#board-size').should('be.visible');",
              "err": {
                "message": "CypressError: Timed out retrying: Expected to find element: '#board-size', but never found it.",
                "estack": "CypressError: Timed out retrying: Expected to find element: '#board-size', but never found it.\n    at cypressErr (http://localhost:63203/__cypress/runner/cypress_runner.js:149934:9)\n    at throwErr (http://localhost:63203/__cypress/runner/cypress_runner.js:149867:11)\n    at Object.throwErrByPath (http://localhost:63203/__cypress/runner/cypress_runner.js:149915:3)\n    at retry (http://localhost:63203/__cypress/runner/cypress_runner.js:144197:19)\n    at onFailFn (http://localhost:63203/__cypress/runner/cypress_runner.js:132448:16)\n    at tryCatcher (http://localhost:63203/__cypress/runner/cypress_runner.js:167415:23)\n    at Promise._settlePromiseFromHandler (http://localhost:63203/__cypress/runner/cypress_runner.js:165351:31)\n    at Promise._settlePromise (http://localhost:63203/__cypress/runner/cypress_runner.js:165408:18)\n    at Promise._settlePromise0 (http://localhost:63203/__cypress/runner/cypress_runner.js:165453:10)\n    at Promise._settlePromises (http://localhost:63203/__cypress/runner/cypress_runner.js:165528:18)\n    at Async../node_modules/bluebird/js/release/async.js.Async._drainQueue (http://localhost:63203/__cypress/runner/cypress_runner.js:162140:16)\n    at Async../node_modules/bluebird/js/release/async.js.Async._drainQueues (http://localhost:63203/__cypress/runner/cypress_runner.js:162150:10)\n    at Async.drainQueues (http://localhost:63203/__cypress/runner/cypress_runner.js:162024:14)",
                "diff": null
              },
              "uuid": "aa856c30-9977-4012-98d0-12ee5621e482",
              "parentUUID": "565f37db-d3e7-492b-b84e-e129af7feaa4",
              "isHook": false,
              "skipped": false
            },
            {
              "title": "Verifica se existe um botão com o id `generate-board`",
              "fullTitle": "10 - Faça o quadro de pixels ter seu tamanho definido pelo usuário. Verifica se existe um botão com o id `generate-board`",
              "timedOut": null,
              "duration": 5503,
              "state": "failed",
              "speed": null,
              "pass": false,
              "fail": true,
              "pending": false,
              "context": null,
              "code": "cy.get('#generate-board').should('be.visible');",
              "err": {
                "message": "CypressError: Timed out retrying: Expected to find element: '#generate-board', but never found it.",
                "estack": "CypressError: Timed out retrying: Expected to find element: '#generate-board', but never found it.\n    at cypressErr (http://localhost:63203/__cypress/runner/cypress_runner.js:149934:9)\n    at throwErr (http://localhost:63203/__cypress/runner/cypress_runner.js:149867:11)\n    at Object.throwErrByPath (http://localhost:63203/__cypress/runner/cypress_runner.js:149915:3)\n    at retry (http://localhost:63203/__cypress/runner/cypress_runner.js:144197:19)\n    at onFailFn (http://localhost:63203/__cypress/runner/cypress_runner.js:132448:16)\n    at tryCatcher (http://localhost:63203/__cypress/runner/cypress_runner.js:167415:23)\n    at Promise._settlePromiseFromHandler (http://localhost:63203/__cypress/runner/cypress_runner.js:165351:31)\n    at Promise._settlePromise (http://localhost:63203/__cypress/runner/cypress_runner.js:165408:18)\n    at Promise._settlePromise0 (http://localhost:63203/__cypress/runner/cypress_runner.js:165453:10)\n    at Promise._settlePromises (http://localhost:63203/__cypress/runner/cypress_runner.js:165528:18)\n    at Async../node_modules/bluebird/js/release/async.js.Async._drainQueue (http://localhost:63203/__cypress/runner/cypress_runner.js:162140:16)\n    at Async../node_modules/bluebird/js/release/async.js.Async._drainQueues (http://localhost:63203/__cypress/runner/cypress_runner.js:162150:10)\n    at Async.drainQueues (http://localhost:63203/__cypress/runner/cypress_runner.js:162024:14)",
                "diff": null
              },
              "uuid": "e89919f3-7aca-4465-8b7c-b94bf57a5ec0",
              "parentUUID": "565f37db-d3e7-492b-b84e-e129af7feaa4",
              "isHook": false,
              "skipped": false
            },
            {
              "title": "Verifica se o input só aceita número maiores que zero. Essa restrição deve ser feita usando os atributos do elemento `input`",
              "fullTitle": "10 - Faça o quadro de pixels ter seu tamanho definido pelo usuário. Verifica se o input só aceita número maiores que zero. Essa restrição deve ser feita usando os atributos do elemento `input`",
              "timedOut": null,
              "duration": 5590,
              "state": "failed",
              "speed": null,
              "pass": false,
              "fail": true,
              "pending": false,
              "context": null,
              "code": "cy.get('#board-size[type=\\'number\\'][min=\\'1\\']');",
              "err": {
                "message": "CypressError: Timed out retrying: Expected to find element: '#board-size[type='number'][min='1']', but never found it.",
                "estack": "CypressError: Timed out retrying: Expected to find element: '#board-size[type='number'][min='1']', but never found it.\n    at cypressErr (http://localhost:63203/__cypress/runner/cypress_runner.js:149934:9)\n    at throwErr (http://localhost:63203/__cypress/runner/cypress_runner.js:149867:11)\n    at Object.throwErrByPath (http://localhost:63203/__cypress/runner/cypress_runner.js:149915:3)\n    at retry (http://localhost:63203/__cypress/runner/cypress_runner.js:144197:19)\n    at onFailFn (http://localhost:63203/__cypress/runner/cypress_runner.js:132448:16)\n    at tryCatcher (http://localhost:63203/__cypress/runner/cypress_runner.js:167415:23)\n    at Promise._settlePromiseFromHandler (http://localhost:63203/__cypress/runner/cypress_runner.js:165351:31)\n    at Promise._settlePromise (http://localhost:63203/__cypress/runner/cypress_runner.js:165408:18)\n    at Promise._settlePromise0 (http://localhost:63203/__cypress/runner/cypress_runner.js:165453:10)\n    at Promise._settlePromises (http://localhost:63203/__cypress/runner/cypress_runner.js:165528:18)\n    at Async../node_modules/bluebird/js/release/async.js.Async._drainQueue (http://localhost:63203/__cypress/runner/cypress_runner.js:162140:16)\n    at Async../node_modules/bluebird/js/release/async.js.Async._drainQueues (http://localhost:63203/__cypress/runner/cypress_runner.js:162150:10)\n    at Async.drainQueues (http://localhost:63203/__cypress/runner/cypress_runner.js:162024:14)",
                "diff": null
              },
              "uuid": "ab7e1ddd-632b-4988-81cc-621aad782134",
              "parentUUID": "565f37db-d3e7-492b-b84e-e129af7feaa4",
              "isHook": false,
              "skipped": false
            },
            {
              "title": "Verifica se o botão contém o texto 'VQV'",
              "fullTitle": "10 - Faça o quadro de pixels ter seu tamanho definido pelo usuário. Verifica se o botão contém o texto 'VQV'",
              "timedOut": null,
              "duration": 5328,
              "state": "failed",
              "speed": null,
              "pass": false,
              "fail": true,
              "pending": false,
              "context": null,
              "code": "cy.get('#generate-board').contains(/vqv/i);",
              "err": {
                "message": "CypressError: Timed out retrying: Expected to find element: '#generate-board', but never found it.",
                "estack": "CypressError: Timed out retrying: Expected to find element: '#generate-board', but never found it.\n    at cypressErr (http://localhost:63203/__cypress/runner/cypress_runner.js:149934:9)\n    at throwErr (http://localhost:63203/__cypress/runner/cypress_runner.js:149867:11)\n    at Object.throwErrByPath (http://localhost:63203/__cypress/runner/cypress_runner.js:149915:3)\n    at retry (http://localhost:63203/__cypress/runner/cypress_runner.js:144197:19)\n    at onFailFn (http://localhost:63203/__cypress/runner/cypress_runner.js:132448:16)\n    at tryCatcher (http://localhost:63203/__cypress/runner/cypress_runner.js:167415:23)\n    at Promise._settlePromiseFromHandler (http://localhost:63203/__cypress/runner/cypress_runner.js:165351:31)\n    at Promise._settlePromise (http://localhost:63203/__cypress/runner/cypress_runner.js:165408:18)\n    at Promise._settlePromise0 (http://localhost:63203/__cypress/runner/cypress_runner.js:165453:10)\n    at Promise._settlePromises (http://localhost:63203/__cypress/runner/cypress_runner.js:165528:18)\n    at Async../node_modules/bluebird/js/release/async.js.Async._drainQueue (http://localhost:63203/__cypress/runner/cypress_runner.js:162140:16)\n    at Async../node_modules/bluebird/js/release/async.js.Async._drainQueues (http://localhost:63203/__cypress/runner/cypress_runner.js:162150:10)\n    at Async.drainQueues (http://localhost:63203/__cypress/runner/cypress_runner.js:162024:14)",
                "diff": null
              },
              "uuid": "fdf730a6-81ec-480c-9f7b-7924e8f8134f",
              "parentUUID": "565f37db-d3e7-492b-b84e-e129af7feaa4",
              "isHook": false,
              "skipped": false
            },
            {
              "title": "Verifica se o input está posicionado entre a paleta de cores e o quadro de pixels",
              "fullTitle": "10 - Faça o quadro de pixels ter seu tamanho definido pelo usuário. Verifica se o input está posicionado entre a paleta de cores e o quadro de pixels",
              "timedOut": null,
              "duration": 5252,
              "state": "failed",
              "speed": null,
              "pass": false,
              "fail": true,
              "pending": false,
              "context": null,
              "code": "cy.get('#color-palette').then(function (palette) {\n  cy.get('#board-size').should('be.belowOf', palette);\n});\ncy.get('#board-size').then(function (palette) {\n  cy.get('#pixel-board').should('be.belowOf', palette);\n});",
              "err": {
                "message": "CypressError: Timed out retrying: Expected to find element: '#board-size', but never found it.",
                "estack": "CypressError: Timed out retrying: Expected to find element: '#board-size', but never found it.\n    at cypressErr (http://localhost:63203/__cypress/runner/cypress_runner.js:149934:9)\n    at throwErr (http://localhost:63203/__cypress/runner/cypress_runner.js:149867:11)\n    at Object.throwErrByPath (http://localhost:63203/__cypress/runner/cypress_runner.js:149915:3)\n    at retry (http://localhost:63203/__cypress/runner/cypress_runner.js:144197:19)\n    at onFailFn (http://localhost:63203/__cypress/runner/cypress_runner.js:132448:16)\n    at tryCatcher (http://localhost:63203/__cypress/runner/cypress_runner.js:167415:23)\n    at Promise._settlePromiseFromHandler (http://localhost:63203/__cypress/runner/cypress_runner.js:165351:31)\n    at Promise._settlePromise (http://localhost:63203/__cypress/runner/cypress_runner.js:165408:18)\n    at Promise._settlePromise0 (http://localhost:63203/__cypress/runner/cypress_runner.js:165453:10)\n    at Promise._settlePromises (http://localhost:63203/__cypress/runner/cypress_runner.js:165528:18)\n    at Async../node_modules/bluebird/js/release/async.js.Async._drainQueue (http://localhost:63203/__cypress/runner/cypress_runner.js:162140:16)\n    at Async../node_modules/bluebird/js/release/async.js.Async._drainQueues (http://localhost:63203/__cypress/runner/cypress_runner.js:162150:10)\n    at Async.drainQueues (http://localhost:63203/__cypress/runner/cypress_runner.js:162024:14)",
                "diff": null
              },
              "uuid": "b6b857d6-bd63-41c4-a18d-3460e00546b4",
              "parentUUID": "565f37db-d3e7-492b-b84e-e129af7feaa4",
              "isHook": false,
              "skipped": false
            },
            {
              "title": "Verifica se o botão está posicionado ao lado do input",
              "fullTitle": "10 - Faça o quadro de pixels ter seu tamanho definido pelo usuário. Verifica se o botão está posicionado ao lado do input",
              "timedOut": null,
              "duration": 5487,
              "state": "failed",
              "speed": null,
              "pass": false,
              "fail": true,
              "pending": false,
              "context": null,
              "code": "cy.get('#board-size').then(function (board) {\n  cy.get('#generate-board').should('be.onTheRightOf', board);\n});",
              "err": {
                "message": "CypressError: Timed out retrying: Expected to find element: '#board-size', but never found it.",
                "estack": "CypressError: Timed out retrying: Expected to find element: '#board-size', but never found it.\n    at cypressErr (http://localhost:63203/__cypress/runner/cypress_runner.js:149934:9)\n    at throwErr (http://localhost:63203/__cypress/runner/cypress_runner.js:149867:11)\n    at Object.throwErrByPath (http://localhost:63203/__cypress/runner/cypress_runner.js:149915:3)\n    at retry (http://localhost:63203/__cypress/runner/cypress_runner.js:144197:19)\n    at onFailFn (http://localhost:63203/__cypress/runner/cypress_runner.js:132448:16)\n    at tryCatcher (http://localhost:63203/__cypress/runner/cypress_runner.js:167415:23)\n    at Promise._settlePromiseFromHandler (http://localhost:63203/__cypress/runner/cypress_runner.js:165351:31)\n    at Promise._settlePromise (http://localhost:63203/__cypress/runner/cypress_runner.js:165408:18)\n    at Promise._settlePromise0 (http://localhost:63203/__cypress/runner/cypress_runner.js:165453:10)\n    at Promise._settlePromises (http://localhost:63203/__cypress/runner/cypress_runner.js:165528:18)\n    at Async../node_modules/bluebird/js/release/async.js.Async._drainQueue (http://localhost:63203/__cypress/runner/cypress_runner.js:162140:16)\n    at Async../node_modules/bluebird/js/release/async.js.Async._drainQueues (http://localhost:63203/__cypress/runner/cypress_runner.js:162150:10)\n    at Async.drainQueues (http://localhost:63203/__cypress/runner/cypress_runner.js:162024:14)",
                "diff": null
              },
              "uuid": "02982dc5-cb50-4088-ba9d-f8a67c7e4b38",
              "parentUUID": "565f37db-d3e7-492b-b84e-e129af7feaa4",
              "isHook": false,
              "skipped": false
            },
            {
              "title": "Verifica se nenhum valor for colocado no input ao clicar no botão, um `alert` é exibido com o texto: 'Board inválido!'",
              "fullTitle": "10 - Faça o quadro de pixels ter seu tamanho definido pelo usuário. Verifica se nenhum valor for colocado no input ao clicar no botão, um `alert` é exibido com o texto: 'Board inválido!'",
              "timedOut": null,
              "duration": 5262,
              "state": "failed",
              "speed": null,
              "pass": false,
              "fail": true,
              "pending": false,
              "context": null,
              "code": "var alerted = false;\ncy.on('window:alert', function (msg) {\n  return alerted = msg;\n});\ncy.get('#generate-board').click().then(function () {\n  return expect(alerted).to.match(/Board inválido!/i);\n});",
              "err": {
                "message": "CypressError: Timed out retrying: Expected to find element: '#generate-board', but never found it.",
                "estack": "CypressError: Timed out retrying: Expected to find element: '#generate-board', but never found it.\n    at cypressErr (http://localhost:63203/__cypress/runner/cypress_runner.js:149934:9)\n    at throwErr (http://localhost:63203/__cypress/runner/cypress_runner.js:149867:11)\n    at Object.throwErrByPath (http://localhost:63203/__cypress/runner/cypress_runner.js:149915:3)\n    at retry (http://localhost:63203/__cypress/runner/cypress_runner.js:144197:19)\n    at onFailFn (http://localhost:63203/__cypress/runner/cypress_runner.js:132448:16)\n    at tryCatcher (http://localhost:63203/__cypress/runner/cypress_runner.js:167415:23)\n    at Promise._settlePromiseFromHandler (http://localhost:63203/__cypress/runner/cypress_runner.js:165351:31)\n    at Promise._settlePromise (http://localhost:63203/__cypress/runner/cypress_runner.js:165408:18)\n    at Promise._settlePromise0 (http://localhost:63203/__cypress/runner/cypress_runner.js:165453:10)\n    at Promise._settlePromises (http://localhost:63203/__cypress/runner/cypress_runner.js:165528:18)\n    at Async../node_modules/bluebird/js/release/async.js.Async._drainQueue (http://localhost:63203/__cypress/runner/cypress_runner.js:162140:16)\n    at Async../node_modules/bluebird/js/release/async.js.Async._drainQueues (http://localhost:63203/__cypress/runner/cypress_runner.js:162150:10)\n    at Async.drainQueues (http://localhost:63203/__cypress/runner/cypress_runner.js:162024:14)",
                "diff": null
              },
              "uuid": "3cd907d3-ee61-4c2a-a884-e36eaceb4c46",
              "parentUUID": "565f37db-d3e7-492b-b84e-e129af7feaa4",
              "isHook": false,
              "skipped": false
            },
            {
              "title": "Verifica se ao clicar no botão com um valor preenchido, o tamanho do board muda.",
              "fullTitle": "10 - Faça o quadro de pixels ter seu tamanho definido pelo usuário. Verifica se ao clicar no botão com um valor preenchido, o tamanho do board muda.",
              "timedOut": null,
              "duration": 5125,
              "state": "failed",
              "speed": null,
              "pass": false,
              "fail": true,
              "pending": false,
              "context": null,
              "code": "cy.get('#board-size').clear().type(10);\ncy.get('#generate-board').click();\ncy.get('.pixel').should('have.length', 100);",
              "err": {
                "message": "CypressError: Timed out retrying: Expected to find element: '#board-size', but never found it.",
                "estack": "CypressError: Timed out retrying: Expected to find element: '#board-size', but never found it.\n    at cypressErr (http://localhost:63203/__cypress/runner/cypress_runner.js:149934:9)\n    at throwErr (http://localhost:63203/__cypress/runner/cypress_runner.js:149867:11)\n    at Object.throwErrByPath (http://localhost:63203/__cypress/runner/cypress_runner.js:149915:3)\n    at retry (http://localhost:63203/__cypress/runner/cypress_runner.js:144197:19)\n    at onFailFn (http://localhost:63203/__cypress/runner/cypress_runner.js:132448:16)\n    at tryCatcher (http://localhost:63203/__cypress/runner/cypress_runner.js:167415:23)\n    at Promise._settlePromiseFromHandler (http://localhost:63203/__cypress/runner/cypress_runner.js:165351:31)\n    at Promise._settlePromise (http://localhost:63203/__cypress/runner/cypress_runner.js:165408:18)\n    at Promise._settlePromise0 (http://localhost:63203/__cypress/runner/cypress_runner.js:165453:10)\n    at Promise._settlePromises (http://localhost:63203/__cypress/runner/cypress_runner.js:165528:18)\n    at Async../node_modules/bluebird/js/release/async.js.Async._drainQueue (http://localhost:63203/__cypress/runner/cypress_runner.js:162140:16)\n    at Async../node_modules/bluebird/js/release/async.js.Async._drainQueues (http://localhost:63203/__cypress/runner/cypress_runner.js:162150:10)\n    at Async.drainQueues (http://localhost:63203/__cypress/runner/cypress_runner.js:162024:14)",
                "diff": null
              },
              "uuid": "1ca1c41c-26f9-4ef8-9c1b-ffda9bf042ea",
              "parentUUID": "565f37db-d3e7-492b-b84e-e129af7feaa4",
              "isHook": false,
              "skipped": false
            },
            {
              "title": "Verifica se o novo quadro tem todos os pixels preenchidos com a cor branca",
              "fullTitle": "10 - Faça o quadro de pixels ter seu tamanho definido pelo usuário. Verifica se o novo quadro tem todos os pixels preenchidos com a cor branca",
              "timedOut": null,
              "duration": 5766,
              "state": "failed",
              "speed": null,
              "pass": false,
              "fail": true,
              "pending": false,
              "context": null,
              "code": "cy.get('#board-size').clear().type(6);\ncy.get('#generate-board').click();\ncy.get('.pixel').should('have.length', 36).each(function (pixel) {\n  expect(pixel).to.have.css('background-color', WHITE);\n});",
              "err": {
                "message": "CypressError: Timed out retrying: Expected to find element: '#board-size', but never found it.",
                "estack": "CypressError: Timed out retrying: Expected to find element: '#board-size', but never found it.\n    at cypressErr (http://localhost:63203/__cypress/runner/cypress_runner.js:149934:9)\n    at throwErr (http://localhost:63203/__cypress/runner/cypress_runner.js:149867:11)\n    at Object.throwErrByPath (http://localhost:63203/__cypress/runner/cypress_runner.js:149915:3)\n    at retry (http://localhost:63203/__cypress/runner/cypress_runner.js:144197:19)\n    at onFailFn (http://localhost:63203/__cypress/runner/cypress_runner.js:132448:16)\n    at tryCatcher (http://localhost:63203/__cypress/runner/cypress_runner.js:167415:23)\n    at Promise._settlePromiseFromHandler (http://localhost:63203/__cypress/runner/cypress_runner.js:165351:31)\n    at Promise._settlePromise (http://localhost:63203/__cypress/runner/cypress_runner.js:165408:18)\n    at Promise._settlePromise0 (http://localhost:63203/__cypress/runner/cypress_runner.js:165453:10)\n    at Promise._settlePromises (http://localhost:63203/__cypress/runner/cypress_runner.js:165528:18)\n    at Async../node_modules/bluebird/js/release/async.js.Async._drainQueue (http://localhost:63203/__cypress/runner/cypress_runner.js:162140:16)\n    at Async../node_modules/bluebird/js/release/async.js.Async._drainQueues (http://localhost:63203/__cypress/runner/cypress_runner.js:162150:10)\n    at Async.drainQueues (http://localhost:63203/__cypress/runner/cypress_runner.js:162024:14)",
                "diff": null
              },
              "uuid": "3e6a9570-9ac5-408c-ac42-374823bad96e",
              "parentUUID": "565f37db-d3e7-492b-b84e-e129af7feaa4",
              "isHook": false,
              "skipped": false
            }
          ],
          "suites": [],
          "passes": [],
          "failures": [
            "aa856c30-9977-4012-98d0-12ee5621e482",
            "e89919f3-7aca-4465-8b7c-b94bf57a5ec0",
            "ab7e1ddd-632b-4988-81cc-621aad782134",
            "fdf730a6-81ec-480c-9f7b-7924e8f8134f",
            "b6b857d6-bd63-41c4-a18d-3460e00546b4",
            "02982dc5-cb50-4088-ba9d-f8a67c7e4b38",
            "3cd907d3-ee61-4c2a-a884-e36eaceb4c46",
            "1ca1c41c-26f9-4ef8-9c1b-ffda9bf042ea",
            "3e6a9570-9ac5-408c-ac42-374823bad96e"
          ],
          "pending": [],
          "skipped": [],
          "duration": 48432,
          "root": false,
          "rootEmpty": false,
          "_timeout": 2000
        },
        {
          "uuid": "6ece70a2-02bb-428a-90a9-c2d50f860008",
          "title": "11 - Limite o tamanho mínimo e máximo do board.",
          "fullFile": "",
          "file": "",
          "beforeHooks": [],
          "afterHooks": [],
          "tests": [
            {
              "title": "Verifica se a altura máxima do board é 50",
              "fullTitle": "11 - Limite o tamanho mínimo e máximo do board. Verifica se a altura máxima do board é 50",
              "timedOut": null,
              "duration": 5666,
              "state": "failed",
              "speed": null,
              "pass": false,
              "fail": true,
              "pending": false,
              "context": null,
              "code": "cy.get('#board-size').clear().type(50);\ncy.get('#generate-board').click();\ncy.get('.pixel').should('have.length', 2500);",
              "err": {
                "message": "CypressError: Timed out retrying: Expected to find element: '#board-size', but never found it.",
                "estack": "CypressError: Timed out retrying: Expected to find element: '#board-size', but never found it.\n    at cypressErr (http://localhost:63203/__cypress/runner/cypress_runner.js:149934:9)\n    at throwErr (http://localhost:63203/__cypress/runner/cypress_runner.js:149867:11)\n    at Object.throwErrByPath (http://localhost:63203/__cypress/runner/cypress_runner.js:149915:3)\n    at retry (http://localhost:63203/__cypress/runner/cypress_runner.js:144197:19)\n    at onFailFn (http://localhost:63203/__cypress/runner/cypress_runner.js:132448:16)\n    at tryCatcher (http://localhost:63203/__cypress/runner/cypress_runner.js:167415:23)\n    at Promise._settlePromiseFromHandler (http://localhost:63203/__cypress/runner/cypress_runner.js:165351:31)\n    at Promise._settlePromise (http://localhost:63203/__cypress/runner/cypress_runner.js:165408:18)\n    at Promise._settlePromise0 (http://localhost:63203/__cypress/runner/cypress_runner.js:165453:10)\n    at Promise._settlePromises (http://localhost:63203/__cypress/runner/cypress_runner.js:165528:18)\n    at Async../node_modules/bluebird/js/release/async.js.Async._drainQueue (http://localhost:63203/__cypress/runner/cypress_runner.js:162140:16)\n    at Async../node_modules/bluebird/js/release/async.js.Async._drainQueues (http://localhost:63203/__cypress/runner/cypress_runner.js:162150:10)\n    at Async.drainQueues (http://localhost:63203/__cypress/runner/cypress_runner.js:162024:14)",
                "diff": null
              },
              "uuid": "da2a4c1e-226f-4c4b-a38c-d165dcd90548",
              "parentUUID": "6ece70a2-02bb-428a-90a9-c2d50f860008",
              "isHook": false,
              "skipped": false
            },
            {
              "title": "Verifica se a altura do board é 5 quando um valor menor é colocado no input",
              "fullTitle": "11 - Limite o tamanho mínimo e máximo do board. Verifica se a altura do board é 5 quando um valor menor é colocado no input",
              "timedOut": null,
              "duration": 5260,
              "state": "failed",
              "speed": null,
              "pass": false,
              "fail": true,
              "pending": false,
              "context": null,
              "code": "cy.get('#board-size').clear().type(4);\ncy.get('#generate-board').click();\ncy.get('.pixel').should('have.length', 25);",
              "err": {
                "message": "CypressError: Timed out retrying: Expected to find element: '#board-size', but never found it.",
                "estack": "CypressError: Timed out retrying: Expected to find element: '#board-size', but never found it.\n    at cypressErr (http://localhost:63203/__cypress/runner/cypress_runner.js:149934:9)\n    at throwErr (http://localhost:63203/__cypress/runner/cypress_runner.js:149867:11)\n    at Object.throwErrByPath (http://localhost:63203/__cypress/runner/cypress_runner.js:149915:3)\n    at retry (http://localhost:63203/__cypress/runner/cypress_runner.js:144197:19)\n    at onFailFn (http://localhost:63203/__cypress/runner/cypress_runner.js:132448:16)\n    at tryCatcher (http://localhost:63203/__cypress/runner/cypress_runner.js:167415:23)\n    at Promise._settlePromiseFromHandler (http://localhost:63203/__cypress/runner/cypress_runner.js:165351:31)\n    at Promise._settlePromise (http://localhost:63203/__cypress/runner/cypress_runner.js:165408:18)\n    at Promise._settlePromise0 (http://localhost:63203/__cypress/runner/cypress_runner.js:165453:10)\n    at Promise._settlePromises (http://localhost:63203/__cypress/runner/cypress_runner.js:165528:18)\n    at Async../node_modules/bluebird/js/release/async.js.Async._drainQueue (http://localhost:63203/__cypress/runner/cypress_runner.js:162140:16)\n    at Async../node_modules/bluebird/js/release/async.js.Async._drainQueues (http://localhost:63203/__cypress/runner/cypress_runner.js:162150:10)\n    at Async.drainQueues (http://localhost:63203/__cypress/runner/cypress_runner.js:162024:14)",
                "diff": null
              },
              "uuid": "720f525a-3e74-4e50-a8be-eccb003b2344",
              "parentUUID": "6ece70a2-02bb-428a-90a9-c2d50f860008",
              "isHook": false,
              "skipped": false
            },
            {
              "title": "Verifica se a altura do board é 50 quando um valor maior é colocado no input",
              "fullTitle": "11 - Limite o tamanho mínimo e máximo do board. Verifica se a altura do board é 50 quando um valor maior é colocado no input",
              "timedOut": null,
              "duration": 5689,
              "state": "failed",
              "speed": null,
              "pass": false,
              "fail": true,
              "pending": false,
              "context": null,
              "code": "cy.get('#board-size').clear().type(51);\ncy.get('#generate-board').click();\ncy.get('.pixel').should('have.length', 2500);",
              "err": {
                "message": "CypressError: Timed out retrying: Expected to find element: '#board-size', but never found it.",
                "estack": "CypressError: Timed out retrying: Expected to find element: '#board-size', but never found it.\n    at cypressErr (http://localhost:63203/__cypress/runner/cypress_runner.js:149934:9)\n    at throwErr (http://localhost:63203/__cypress/runner/cypress_runner.js:149867:11)\n    at Object.throwErrByPath (http://localhost:63203/__cypress/runner/cypress_runner.js:149915:3)\n    at retry (http://localhost:63203/__cypress/runner/cypress_runner.js:144197:19)\n    at onFailFn (http://localhost:63203/__cypress/runner/cypress_runner.js:132448:16)\n    at tryCatcher (http://localhost:63203/__cypress/runner/cypress_runner.js:167415:23)\n    at Promise._settlePromiseFromHandler (http://localhost:63203/__cypress/runner/cypress_runner.js:165351:31)\n    at Promise._settlePromise (http://localhost:63203/__cypress/runner/cypress_runner.js:165408:18)\n    at Promise._settlePromise0 (http://localhost:63203/__cypress/runner/cypress_runner.js:165453:10)\n    at Promise._settlePromises (http://localhost:63203/__cypress/runner/cypress_runner.js:165528:18)\n    at Async../node_modules/bluebird/js/release/async.js.Async._drainQueue (http://localhost:63203/__cypress/runner/cypress_runner.js:162140:16)\n    at Async../node_modules/bluebird/js/release/async.js.Async._drainQueues (http://localhost:63203/__cypress/runner/cypress_runner.js:162150:10)\n    at Async.drainQueues (http://localhost:63203/__cypress/runner/cypress_runner.js:162024:14)",
                "diff": null
              },
              "uuid": "514d0bb4-31a0-47fc-bd11-55bfe37dac76",
              "parentUUID": "6ece70a2-02bb-428a-90a9-c2d50f860008",
              "isHook": false,
              "skipped": false
            }
          ],
          "suites": [],
          "passes": [],
          "failures": [
            "da2a4c1e-226f-4c4b-a38c-d165dcd90548",
            "720f525a-3e74-4e50-a8be-eccb003b2344",
            "514d0bb4-31a0-47fc-bd11-55bfe37dac76"
          ],
          "pending": [],
          "skipped": [],
          "duration": 16615,
          "root": false,
          "rootEmpty": false,
          "_timeout": 2000
        },
        {
          "uuid": "c93a42d1-d246-4223-b7a1-2e0c572cd392",
          "title": "12 - Faça com que as cores da paleta sejam geradas aleatoriamente ao carregar a página.",
          "fullFile": "",
          "file": "",
          "beforeHooks": [],
          "afterHooks": [],
          "tests": [
            {
              "title": "Verifica se as cores geradas na paleta são diferentes a cada carregamento da página",
              "fullTitle": "12 - Faça com que as cores da paleta sejam geradas aleatoriamente ao carregar a página. Verifica se as cores geradas na paleta são diferentes a cada carregamento da página",
              "timedOut": null,
              "duration": 1283,
              "state": "failed",
              "speed": null,
              "pass": false,
              "fail": true,
              "pending": false,
              "context": null,
              "code": "cy.get('.color').then(function (colors) {\n  var currentColors;\n  var previousColors;\n  previousColors = Array.from(colors).map(function (color) {\n    return Cypress.$(color).css('background-color');\n  });\n  for (var i = 0; i < 5; i += 1) {\n    cy.reload();\n    cy.get('.color').then(function (colors) {\n      currentColors = Array.from(colors).map(function (color) {\n        return Cypress.$(color).css('background-color');\n      });\n      expect(currentColors).not.to.deep.equal(previousColors);\n      previousColors = currentColors;\n    });\n  }\n});",
              "err": {
                "message": "AssertionError: expected [ Array(4) ] to not deeply equal [ Array(4) ]",
                "estack": "AssertionError: expected [ Array(4) ] to not deeply equal [ Array(4) ]\n    at getRet (http://localhost:63203/__cypress/runner/cypress_runner.js:136585:16)\n    at tryCatcher (http://localhost:63203/__cypress/runner/cypress_runner.js:167415:23)\n    at Function.Promise.attempt.Promise.try (http://localhost:63203/__cypress/runner/cypress_runner.js:164690:29)\n    at Context.thenFn (http://localhost:63203/__cypress/runner/cypress_runner.js:136599:23)\n    at Context.then (http://localhost:63203/__cypress/runner/cypress_runner.js:136971:21)\n    at Context.<anonymous> (http://localhost:63203/__cypress/runner/cypress_runner.js:148875:21)\n    at http://localhost:63203/__cypress/runner/cypress_runner.js:148351:33\n    at tryCatcher (http://localhost:63203/__cypress/runner/cypress_runner.js:167415:23)\n    at Promise._settlePromiseFromHandler (http://localhost:63203/__cypress/runner/cypress_runner.js:165351:31)\n    at Promise._settlePromise (http://localhost:63203/__cypress/runner/cypress_runner.js:165408:18)\n    at Promise._settlePromiseCtx (http://localhost:63203/__cypress/runner/cypress_runner.js:165445:10)\n    at Async../node_modules/bluebird/js/release/async.js.Async._drainQueue (http://localhost:63203/__cypress/runner/cypress_runner.js:162145:12)\n    at Async../node_modules/bluebird/js/release/async.js.Async._drainQueues (http://localhost:63203/__cypress/runner/cypress_runner.js:162150:10)\n    at Async.drainQueues (http://localhost:63203/__cypress/runner/cypress_runner.js:162024:14)",
                "diff": ""
              },
              "uuid": "8c96f1c8-673f-4550-9057-8272c8119393",
              "parentUUID": "c93a42d1-d246-4223-b7a1-2e0c572cd392",
              "isHook": false,
              "skipped": false
            },
            {
              "title": "Verifica se a cor preta ainda está presente e é a primeira na sua paleta de cores",
              "fullTitle": "12 - Faça com que as cores da paleta sejam geradas aleatoriamente ao carregar a página. Verifica se a cor preta ainda está presente e é a primeira na sua paleta de cores",
              "timedOut": null,
              "duration": 1377,
              "state": "failed",
              "speed": null,
              "pass": false,
              "fail": true,
              "pending": false,
              "context": null,
              "code": "cy.get('.color').then(function (colors) {\n  var currentColors;\n  var previousColors;\n  previousColors = Array.from(colors).map(function (color) {\n    return Cypress.$(color).css('background-color');\n  });\n  expect(previousColors[0]).to.eq(BLACK);\n  for (var i = 0; i < 5; i += 1) {\n    cy.reload();\n    cy.get('.color').then(function (colors) {\n      currentColors = Array.from(colors).map(function (color) {\n        return Cypress.$(color).css('background-color');\n      });\n      expect(currentColors[0]).to.eq(BLACK);\n      expect(currentColors).not.to.deep.equal(previousColors);\n      previousColors = currentColors;\n    });\n  }\n});",
              "err": {
                "message": "AssertionError: expected [ Array(4) ] to not deeply equal [ Array(4) ]",
                "estack": "AssertionError: expected [ Array(4) ] to not deeply equal [ Array(4) ]\n    at getRet (http://localhost:63203/__cypress/runner/cypress_runner.js:136585:16)\n    at tryCatcher (http://localhost:63203/__cypress/runner/cypress_runner.js:167415:23)\n    at Function.Promise.attempt.Promise.try (http://localhost:63203/__cypress/runner/cypress_runner.js:164690:29)\n    at Context.thenFn (http://localhost:63203/__cypress/runner/cypress_runner.js:136599:23)\n    at Context.then (http://localhost:63203/__cypress/runner/cypress_runner.js:136971:21)\n    at Context.<anonymous> (http://localhost:63203/__cypress/runner/cypress_runner.js:148875:21)\n    at http://localhost:63203/__cypress/runner/cypress_runner.js:148351:33\n    at tryCatcher (http://localhost:63203/__cypress/runner/cypress_runner.js:167415:23)\n    at Promise._settlePromiseFromHandler (http://localhost:63203/__cypress/runner/cypress_runner.js:165351:31)\n    at Promise._settlePromise (http://localhost:63203/__cypress/runner/cypress_runner.js:165408:18)\n    at Promise._settlePromiseCtx (http://localhost:63203/__cypress/runner/cypress_runner.js:165445:10)\n    at Async../node_modules/bluebird/js/release/async.js.Async._drainQueue (http://localhost:63203/__cypress/runner/cypress_runner.js:162145:12)\n    at Async../node_modules/bluebird/js/release/async.js.Async._drainQueues (http://localhost:63203/__cypress/runner/cypress_runner.js:162150:10)\n    at Async.drainQueues (http://localhost:63203/__cypress/runner/cypress_runner.js:162024:14)",
                "diff": ""
              },
              "uuid": "8c693c9c-17be-4467-8638-b13a3f167f6f",
              "parentUUID": "c93a42d1-d246-4223-b7a1-2e0c572cd392",
              "isHook": false,
              "skipped": false
            }
          ],
          "suites": [],
          "passes": [],
          "failures": [
            "8c96f1c8-673f-4550-9057-8272c8119393",
            "8c693c9c-17be-4467-8638-b13a3f167f6f"
          ],
          "pending": [],
          "skipped": [],
          "duration": 2660,
          "root": false,
          "rootEmpty": false,
          "_timeout": 2000
        }
      ],
      "passes": [],
      "failures": [],
      "pending": [],
      "skipped": [],
      "duration": 0,
      "root": true,
      "rootEmpty": true,
      "_timeout": 2000
    }
  ],
  "meta": {
    "mocha": {
      "version": "7.0.1"
    },
    "mochawesome": {
      "options": {
        "quiet": false,
        "reportFilename": "mochawesome",
        "saveHtml": false,
        "saveJson": true,
        "consoleReporter": "spec",
        "useInlineDiffs": false
      },
      "version": "4.1.0"
    },
    "marge": {
      "options": {
        "id": "default",
        "reportDir": "cypress/reports",
        "overwrite": true,
        "html": false,
        "json": true
      },
      "version": "4.1.0"
    }
  }
}