{
  "stats": {
    "suites": 12,
    "tests": 41,
    "passes": 25,
    "pending": 0,
    "failures": 16,
    "start": "2021-08-16T14:54:57.224Z",
    "end": "2021-08-16T14:57:43.494Z",
    "duration": 166270,
    "testsRegistered": 41,
    "passPercent": 60.97560975609756,
    "pendingPercent": 0,
    "other": 0,
    "hasOther": false,
    "skipped": 0,
    "hasSkipped": false
  },
  "results": [
    {
      "uuid": "3ed48a30-9966-446e-8777-1a2167aff931",
      "title": "",
      "fullFile": "cypress/integration/project.spec.js",
      "file": "cypress/integration/project.spec.js",
      "beforeHooks": [],
      "afterHooks": [],
      "tests": [],
      "suites": [
        {
          "uuid": "41ff0e4c-b1a7-48c7-90ab-fc999d48f297",
          "title": "1 - Adicione à página o título \"Paleta de Cores\".",
          "fullFile": "",
          "file": "",
          "beforeHooks": [],
          "afterHooks": [],
          "tests": [
            {
              "title": "Verifica se contém um elemento `h1` com o id `title` com o título correto",
              "fullTitle": "1 - Adicione à página o título \"Paleta de Cores\". Verifica se contém um elemento `h1` com o id `title` com o título correto",
              "timedOut": null,
              "duration": 2377,
              "state": "passed",
              "speed": "slow",
              "pass": true,
              "fail": false,
              "pending": false,
              "context": null,
              "code": "cy.get('h1#title').should('contain.text', 'Paleta de Cores');",
              "err": {},
              "uuid": "55cd9e11-2ae7-47ca-a891-b10437a61e9a",
              "parentUUID": "41ff0e4c-b1a7-48c7-90ab-fc999d48f297",
              "isHook": false,
              "skipped": false
            }
          ],
          "suites": [],
          "passes": [
            "55cd9e11-2ae7-47ca-a891-b10437a61e9a"
          ],
          "failures": [],
          "pending": [],
          "skipped": [],
          "duration": 2377,
          "root": false,
          "rootEmpty": false,
          "_timeout": 2000
        },
        {
          "uuid": "ef39ed92-49c4-40cb-a02f-9002d567a71e",
          "title": "2 - Adicione à página uma paleta de quatro cores distintas.",
          "fullFile": "",
          "file": "",
          "beforeHooks": [],
          "afterHooks": [],
          "tests": [
            {
              "title": "A paleta de cores deve ser um elemento com `id` denominado `color-palette`",
              "fullTitle": "2 - Adicione à página uma paleta de quatro cores distintas. A paleta de cores deve ser um elemento com `id` denominado `color-palette`",
              "timedOut": null,
              "duration": 506,
              "state": "passed",
              "speed": "slow",
              "pass": true,
              "fail": false,
              "pending": false,
              "context": null,
              "code": "cy.get('#color-palette').should('be.visible');",
              "err": {},
              "uuid": "98f00e83-4538-4fa2-afca-fde43985c7b1",
              "parentUUID": "ef39ed92-49c4-40cb-a02f-9002d567a71e",
              "isHook": false,
              "skipped": false
            },
            {
              "title": "Verifica se cada cor individual da paleta de cores possui a `classe` chamada `color`.",
              "fullTitle": "2 - Adicione à página uma paleta de quatro cores distintas. Verifica se cada cor individual da paleta de cores possui a `classe` chamada `color`.",
              "timedOut": null,
              "duration": 645,
              "state": "passed",
              "speed": "slow",
              "pass": true,
              "fail": false,
              "pending": false,
              "context": null,
              "code": "cy.get('.color').should('have.length', 4).then(function (colors) {\n  for (var i = 0; i < colors.length; i++) {\n    cy.wrap(colors[i]).should('be.visible');\n  }\n});",
              "err": {},
              "uuid": "452b763d-6e3d-4acd-8205-cb66858589ff",
              "parentUUID": "ef39ed92-49c4-40cb-a02f-9002d567a71e",
              "isHook": false,
              "skipped": false
            },
            {
              "title": "Verifica se a cor de fundo de cada elemento da paleta é a cor que o elemento representa. **A única cor não permitida na paleta é a cor branca.**",
              "fullTitle": "2 - Adicione à página uma paleta de quatro cores distintas. Verifica se a cor de fundo de cada elemento da paleta é a cor que o elemento representa. **A única cor não permitida na paleta é a cor branca.**",
              "timedOut": null,
              "duration": 555,
              "state": "passed",
              "speed": "slow",
              "pass": true,
              "fail": false,
              "pending": false,
              "context": null,
              "code": "cy.get('.color').each(function (color) {\n  cy.wrap(color).should('have.class', 'color').and('not.have.css', 'background-color', WHITE);\n  cy.wrap(color).should('have.css', 'background-color');\n});",
              "err": {},
              "uuid": "e0d63a2c-1899-4810-9d75-58456f7f943e",
              "parentUUID": "ef39ed92-49c4-40cb-a02f-9002d567a71e",
              "isHook": false,
              "skipped": false
            },
            {
              "title": "Verifica se cada elemento da paleta de cores tem uma borda preta, sólida e com 1 pixel de largura;",
              "fullTitle": "2 - Adicione à página uma paleta de quatro cores distintas. Verifica se cada elemento da paleta de cores tem uma borda preta, sólida e com 1 pixel de largura;",
              "timedOut": null,
              "duration": 354,
              "state": "passed",
              "speed": "slow",
              "pass": true,
              "fail": false,
              "pending": false,
              "context": null,
              "code": "cy.get('.color').each(function (color) {\n  cy.wrap(color).and('have.css', 'border', \"1px solid \".concat(BLACK)).and('have.class', 'color');\n});",
              "err": {},
              "uuid": "7a188d5b-efd1-48b7-b031-232d3051e3d1",
              "parentUUID": "ef39ed92-49c4-40cb-a02f-9002d567a71e",
              "isHook": false,
              "skipped": false
            },
            {
              "title": "Verifica se a paleta lista todas as cores disponíveis para utilização, lado a lado.",
              "fullTitle": "2 - Adicione à página uma paleta de quatro cores distintas. Verifica se a paleta lista todas as cores disponíveis para utilização, lado a lado.",
              "timedOut": null,
              "duration": 606,
              "state": "passed",
              "speed": "slow",
              "pass": true,
              "fail": false,
              "pending": false,
              "context": null,
              "code": "cy.get('.color').then(function (colors) {\n  for (var index = 1; index < colors.length; index += 1) {\n    var currentColor = colors[index];\n    var previousColor = colors[index - 1];\n    cy.wrap(currentColor).should('be.onTheRightOf', previousColor).and('be.horizontallyAlignedWith', previousColor);\n  }\n});",
              "err": {},
              "uuid": "d4895337-a9bc-432d-94ea-1ca238416ae7",
              "parentUUID": "ef39ed92-49c4-40cb-a02f-9002d567a71e",
              "isHook": false,
              "skipped": false
            },
            {
              "title": "Verifica se a paleta de cores está posicionada abaixo do título 'Paleta de Cores'",
              "fullTitle": "2 - Adicione à página uma paleta de quatro cores distintas. Verifica se a paleta de cores está posicionada abaixo do título 'Paleta de Cores'",
              "timedOut": null,
              "duration": 555,
              "state": "passed",
              "speed": "slow",
              "pass": true,
              "fail": false,
              "pending": false,
              "context": null,
              "code": "cy.get('h1#title').then(function (title) {\n  cy.get('#color-palette').should('be.belowOf', title);\n});",
              "err": {},
              "uuid": "037f97af-a8bd-46d7-b4d1-f425af83432f",
              "parentUUID": "ef39ed92-49c4-40cb-a02f-9002d567a71e",
              "isHook": false,
              "skipped": false
            },
            {
              "title": "Verifica se a paleta de cores não contém cores repetidas.",
              "fullTitle": "2 - Adicione à página uma paleta de quatro cores distintas. Verifica se a paleta de cores não contém cores repetidas.",
              "timedOut": null,
              "duration": 852,
              "state": "passed",
              "speed": "slow",
              "pass": true,
              "fail": false,
              "pending": false,
              "context": null,
              "code": "cy.get('.color').then(function (colors) {\n  var allColors = Array.from(colors).map(function (color) {\n    return Cypress.$(color).css('background-color');\n  });\n  cy.log(allColors);\n  var uniqColors = (0, _toConsumableArray2[\"default\"])(new Set(allColors));\n  cy.log(uniqColors);\n  expect(allColors.length).to.eq(uniqColors.length);\n});",
              "err": {},
              "uuid": "6920fad4-dd46-4a0c-a925-7eb5b6790fe8",
              "parentUUID": "ef39ed92-49c4-40cb-a02f-9002d567a71e",
              "isHook": false,
              "skipped": false
            }
          ],
          "suites": [],
          "passes": [
            "98f00e83-4538-4fa2-afca-fde43985c7b1",
            "452b763d-6e3d-4acd-8205-cb66858589ff",
            "e0d63a2c-1899-4810-9d75-58456f7f943e",
            "7a188d5b-efd1-48b7-b031-232d3051e3d1",
            "d4895337-a9bc-432d-94ea-1ca238416ae7",
            "037f97af-a8bd-46d7-b4d1-f425af83432f",
            "6920fad4-dd46-4a0c-a925-7eb5b6790fe8"
          ],
          "failures": [],
          "pending": [],
          "skipped": [],
          "duration": 4073,
          "root": false,
          "rootEmpty": false,
          "_timeout": 2000
        },
        {
          "uuid": "5ef4dddf-cb5a-452f-8098-b22efb6a9017",
          "title": "3 - Adicione a cor **preta** como a primeira cor da paleta de cores.",
          "fullFile": "",
          "file": "",
          "beforeHooks": [],
          "afterHooks": [],
          "tests": [
            {
              "title": "Verifica se a primeira cor da paleta é preta",
              "fullTitle": "3 - Adicione a cor **preta** como a primeira cor da paleta de cores. Verifica se a primeira cor da paleta é preta",
              "timedOut": null,
              "duration": 405,
              "state": "passed",
              "speed": "slow",
              "pass": true,
              "fail": false,
              "pending": false,
              "context": null,
              "code": "cy.get('.color').first().should('have.css', 'background-color', BLACK);",
              "err": {},
              "uuid": "daac66ce-cbaf-4855-9b0f-0b4856d10d19",
              "parentUUID": "5ef4dddf-cb5a-452f-8098-b22efb6a9017",
              "isHook": false,
              "skipped": false
            },
            {
              "title": "Verifica se as demais cores podem ser escolhidas livremente.",
              "fullTitle": "3 - Adicione a cor **preta** como a primeira cor da paleta de cores. Verifica se as demais cores podem ser escolhidas livremente.",
              "timedOut": null,
              "duration": 1544,
              "state": "passed",
              "speed": "slow",
              "pass": true,
              "fail": false,
              "pending": false,
              "context": null,
              "code": "cy.get('.color').eq(1).should('not.have.css', 'background-color', BLACK);\ncy.get('.color').eq(1).should('not.have.css', 'background-color', WHITE);\ncy.get('.color').eq(1).should('not.have.css', 'background-color', 'rgba(0, 0, 0, 0)');\ncy.get('.color').eq(1).should('have.css', 'background-color');\ncy.get('.color').eq(2).should('not.have.css', 'background-color', BLACK);\ncy.get('.color').eq(2).should('not.have.css', 'background-color', WHITE);\ncy.get('.color').eq(2).should('not.have.css', 'background-color', 'rgba(0, 0, 0, 0)');\ncy.get('.color').eq(2).should('have.css', 'background-color');\ncy.get('.color').eq(3).should('not.have.css', 'background-color', BLACK);\ncy.get('.color').eq(3).should('not.have.css', 'background-color', WHITE);\ncy.get('.color').eq(3).should('not.have.css', 'background-color', 'rgba(0, 0, 0, 0)');\ncy.get('.color').eq(3).should('have.css', 'background-color');",
              "err": {},
              "uuid": "9a70587b-5c5d-4245-a400-b1a0730e65c8",
              "parentUUID": "5ef4dddf-cb5a-452f-8098-b22efb6a9017",
              "isHook": false,
              "skipped": false
            }
          ],
          "suites": [],
          "passes": [
            "daac66ce-cbaf-4855-9b0f-0b4856d10d19",
            "9a70587b-5c5d-4245-a400-b1a0730e65c8"
          ],
          "failures": [],
          "pending": [],
          "skipped": [],
          "duration": 1949,
          "root": false,
          "rootEmpty": false,
          "_timeout": 2000
        },
        {
          "uuid": "e7e45fd4-75f2-4f2a-8619-6eeb31634f04",
          "title": "4 - Adicione à página um quadro de pixels, com 25 pixels.",
          "fullFile": "",
          "file": "",
          "beforeHooks": [],
          "afterHooks": [],
          "tests": [
            {
              "title": "Verifica se o quadro de pixels possui o `id` denominado `pixel-board`",
              "fullTitle": "4 - Adicione à página um quadro de pixels, com 25 pixels. Verifica se o quadro de pixels possui o `id` denominado `pixel-board`",
              "timedOut": null,
              "duration": 270,
              "state": "passed",
              "speed": "slow",
              "pass": true,
              "fail": false,
              "pending": false,
              "context": null,
              "code": "cy.get('#pixel-board').should('be.visible');",
              "err": {},
              "uuid": "2d551e6c-10a2-471a-9300-d6bd09dd15f2",
              "parentUUID": "e7e45fd4-75f2-4f2a-8619-6eeb31634f04",
              "isHook": false,
              "skipped": false
            },
            {
              "title": "Verifica se cada pixel individual dentro do quadro possui a `classe` denominada `pixel`.",
              "fullTitle": "4 - Adicione à página um quadro de pixels, com 25 pixels. Verifica se cada pixel individual dentro do quadro possui a `classe` denominada `pixel`.",
              "timedOut": null,
              "duration": 570,
              "state": "passed",
              "speed": "slow",
              "pass": true,
              "fail": false,
              "pending": false,
              "context": null,
              "code": "cy.get('.pixel').should('have.length', 25);",
              "err": {},
              "uuid": "5759f905-2cdb-4f40-921a-309c15a704ba",
              "parentUUID": "e7e45fd4-75f2-4f2a-8619-6eeb31634f04",
              "isHook": false,
              "skipped": false
            },
            {
              "title": "Verifica se a cor inicial dos pixels dentro do quadro, ao abrir a página, é branca.",
              "fullTitle": "4 - Adicione à página um quadro de pixels, com 25 pixels. Verifica se a cor inicial dos pixels dentro do quadro, ao abrir a página, é branca.",
              "timedOut": null,
              "duration": 964,
              "state": "passed",
              "speed": "slow",
              "pass": true,
              "fail": false,
              "pending": false,
              "context": null,
              "code": "cy.get('.pixel').should('have.length', 25).each(function (pixel) {\n  expect(pixel).to.have.css('background-color', WHITE);\n});",
              "err": {},
              "uuid": "66e1ff3e-3071-4eac-a10d-50bf2633a12b",
              "parentUUID": "e7e45fd4-75f2-4f2a-8619-6eeb31634f04",
              "isHook": false,
              "skipped": false
            },
            {
              "title": "Verifica se o quadro de pixels aparece abaixo da paleta de cores",
              "fullTitle": "4 - Adicione à página um quadro de pixels, com 25 pixels. Verifica se o quadro de pixels aparece abaixo da paleta de cores",
              "timedOut": null,
              "duration": 481,
              "state": "passed",
              "speed": "slow",
              "pass": true,
              "fail": false,
              "pending": false,
              "context": null,
              "code": "cy.get('#color-palette').then(function (palette) {\n  cy.get('#pixel-board').should('be.belowOf', palette);\n});",
              "err": {},
              "uuid": "64d8217b-749c-4eb8-a7f4-470ad5555acc",
              "parentUUID": "e7e45fd4-75f2-4f2a-8619-6eeb31634f04",
              "isHook": false,
              "skipped": false
            }
          ],
          "suites": [],
          "passes": [
            "2d551e6c-10a2-471a-9300-d6bd09dd15f2",
            "5759f905-2cdb-4f40-921a-309c15a704ba",
            "66e1ff3e-3071-4eac-a10d-50bf2633a12b",
            "64d8217b-749c-4eb8-a7f4-470ad5555acc"
          ],
          "failures": [],
          "pending": [],
          "skipped": [],
          "duration": 2285,
          "root": false,
          "rootEmpty": false,
          "_timeout": 2000
        },
        {
          "uuid": "7227398e-6e74-4b85-a684-4b89484a8f5f",
          "title": "5 - Faça com que cada elemento do quadro de pixels possua 40 pixels de largura, 40 pixels de altura e seja delimitado por uma borda preta de 1 pixel.",
          "fullFile": "",
          "file": "",
          "beforeHooks": [],
          "afterHooks": [],
          "tests": [
            {
              "title": "Verifica se o quadro de pixels tem altura e comprimento de 5 elementos",
              "fullTitle": "5 - Faça com que cada elemento do quadro de pixels possua 40 pixels de largura, 40 pixels de altura e seja delimitado por uma borda preta de 1 pixel. Verifica se o quadro de pixels tem altura e comprimento de 5 elementos",
              "timedOut": null,
              "duration": 2140,
              "state": "passed",
              "speed": "slow",
              "pass": true,
              "fail": false,
              "pending": false,
              "context": null,
              "code": "cy.get('.pixel').should('have.length', 25).each(function (pixel) {\n  expect(pixel).to.have.css('background-color', WHITE);\n}).and(function (pixels) {\n  var rows = chunk(pixels, 5);\n  rows.forEach(function (row) {\n    for (var index = 1; index < row.length; index += 1) {\n      var current = pixels[index];\n      var previous = pixels[index - 1];\n      cy.wrap(current).should('be.onTheRightOf', previous).and('be.horizontallyAlignedWith', previous);\n    }\n  });\n  for (var index = 1; index < 5; index += 1) {\n    expect(pixels[index * 5]).to.be.belowOf(pixels[(index - 1) * 5]);\n  }\n});",
              "err": {},
              "uuid": "6d435b89-46ef-4761-b11a-1d08e61d5a13",
              "parentUUID": "7227398e-6e74-4b85-a684-4b89484a8f5f",
              "isHook": false,
              "skipped": false
            },
            {
              "title": "Verifica se 40 pixels é o tamanho total do elemento, incluindo seu conteúdo e excluindo a borda preta, que deve ser criada à parte.",
              "fullTitle": "5 - Faça com que cada elemento do quadro de pixels possua 40 pixels de largura, 40 pixels de altura e seja delimitado por uma borda preta de 1 pixel. Verifica se 40 pixels é o tamanho total do elemento, incluindo seu conteúdo e excluindo a borda preta, que deve ser criada à parte.",
              "timedOut": null,
              "duration": 1927,
              "state": "passed",
              "speed": "slow",
              "pass": true,
              "fail": false,
              "pending": false,
              "context": null,
              "code": "cy.get('.pixel').each(function (pixel) {\n  cy.wrap(pixel).should('have.css', 'height', '40px').and('have.css', 'width', '40px').and('have.css', 'border', \"1px solid \".concat(BLACK));\n});",
              "err": {},
              "uuid": "a756f578-5e24-4aa0-82bf-b4c1494d386e",
              "parentUUID": "7227398e-6e74-4b85-a684-4b89484a8f5f",
              "isHook": false,
              "skipped": false
            }
          ],
          "suites": [],
          "passes": [
            "6d435b89-46ef-4761-b11a-1d08e61d5a13",
            "a756f578-5e24-4aa0-82bf-b4c1494d386e"
          ],
          "failures": [],
          "pending": [],
          "skipped": [],
          "duration": 4067,
          "root": false,
          "rootEmpty": false,
          "_timeout": 2000
        },
        {
          "uuid": "07ecd38c-3966-46b6-aa59-6e55e99497ac",
          "title": "6 - Defina a cor preta como cor inicial. Ao carregar a página a cor preta já deve estar selecionada para pintar os pixels",
          "fullFile": "",
          "file": "",
          "beforeHooks": [],
          "afterHooks": [],
          "tests": [
            {
              "title": "Verifica se o elemento da cor preta possui, inicialmente, a `classe` `selected`",
              "fullTitle": "6 - Defina a cor preta como cor inicial. Ao carregar a página a cor preta já deve estar selecionada para pintar os pixels Verifica se o elemento da cor preta possui, inicialmente, a `classe` `selected`",
              "timedOut": null,
              "duration": 736,
              "state": "passed",
              "speed": "slow",
              "pass": true,
              "fail": false,
              "pending": false,
              "context": null,
              "code": "cy.get('.selected').first().should('have.css', 'background-color', BLACK);",
              "err": {},
              "uuid": "cb0b124a-3222-4909-8c77-bc3972332a19",
              "parentUUID": "07ecd38c-3966-46b6-aa59-6e55e99497ac",
              "isHook": false,
              "skipped": false
            },
            {
              "title": "Verifica se nenhuma outra cor da paleta tem a `classe` `selected`",
              "fullTitle": "6 - Defina a cor preta como cor inicial. Ao carregar a página a cor preta já deve estar selecionada para pintar os pixels Verifica se nenhuma outra cor da paleta tem a `classe` `selected`",
              "timedOut": null,
              "duration": 366,
              "state": "passed",
              "speed": "slow",
              "pass": true,
              "fail": false,
              "pending": false,
              "context": null,
              "code": "cy.get('.color:not(:first-child)').each(function (color) {\n  cy.wrap(color).should('not.have.class', 'selected');\n});",
              "err": {},
              "uuid": "971d005c-a819-41ac-8212-58c50a701bc2",
              "parentUUID": "07ecd38c-3966-46b6-aa59-6e55e99497ac",
              "isHook": false,
              "skipped": false
            }
          ],
          "suites": [],
          "passes": [
            "cb0b124a-3222-4909-8c77-bc3972332a19",
            "971d005c-a819-41ac-8212-58c50a701bc2"
          ],
          "failures": [],
          "pending": [],
          "skipped": [],
          "duration": 1102,
          "root": false,
          "rootEmpty": false,
          "_timeout": 2000
        },
        {
          "uuid": "285e9aa0-4c0a-423a-ae35-16b0989e7c8c",
          "title": "7 - Clicar em uma das cores da paleta, faz com que ela seja selecionada e utilizada para preencher os pixels no quadro.",
          "fullFile": "",
          "file": "",
          "beforeHooks": [],
          "afterHooks": [],
          "tests": [
            {
              "title": "Verifica se somente uma cor da paleta de cores tem a classe `selected` de cada vez",
              "fullTitle": "7 - Clicar em uma das cores da paleta, faz com que ela seja selecionada e utilizada para preencher os pixels no quadro. Verifica se somente uma cor da paleta de cores tem a classe `selected` de cada vez",
              "timedOut": null,
              "duration": 1080,
              "state": "passed",
              "speed": "slow",
              "pass": true,
              "fail": false,
              "pending": false,
              "context": null,
              "code": "cy.get('.color').each(function (selectedColor, selectedColorIndex) {\n  cy.wrap(selectedColor).click();\n  cy.get('.color').each(function (color, colorIndex) {\n    if (colorIndex === selectedColorIndex) {\n      expect(color).to.have[\"class\"]('selected');\n    } else {\n      expect(color).not.to.have[\"class\"]('selected');\n    }\n  });\n});",
              "err": {},
              "uuid": "1c86dd53-ebc7-4b8f-bc13-2981fb02ff60",
              "parentUUID": "285e9aa0-4c0a-423a-ae35-16b0989e7c8c",
              "isHook": false,
              "skipped": false
            },
            {
              "title": "Verifica se os pixels dentro do quadro não têm a classe `selected` quando são clicados",
              "fullTitle": "7 - Clicar em uma das cores da paleta, faz com que ela seja selecionada e utilizada para preencher os pixels no quadro. Verifica se os pixels dentro do quadro não têm a classe `selected` quando são clicados",
              "timedOut": null,
              "duration": 11304,
              "state": "passed",
              "speed": "slow",
              "pass": true,
              "fail": false,
              "pending": false,
              "context": null,
              "code": "cy.get('.color').each(function (color) {\n  var backgroundColor = color.css('background-color');\n  cy.wrap(color).click();\n  cy.get('.pixel').each(function (pixel) {\n    cy.wrap(pixel).click().should('not.have.class', 'selected');\n  });\n});",
              "err": {},
              "uuid": "b11286f2-40b2-422c-ba94-938f366b0a0e",
              "parentUUID": "285e9aa0-4c0a-423a-ae35-16b0989e7c8c",
              "isHook": false,
              "skipped": false
            }
          ],
          "suites": [],
          "passes": [
            "1c86dd53-ebc7-4b8f-bc13-2981fb02ff60",
            "b11286f2-40b2-422c-ba94-938f366b0a0e"
          ],
          "failures": [],
          "pending": [],
          "skipped": [],
          "duration": 12384,
          "root": false,
          "rootEmpty": false,
          "_timeout": 2000
        },
        {
          "uuid": "55c25538-3ddf-4f5b-9e0c-289d73409707",
          "title": "8 - Clicar em um pixel dentro do quadro após selecionar uma cor na paleta, faz com que o pixel seja preenchido com a cor selecionada.",
          "fullFile": "",
          "file": "",
          "beforeHooks": [],
          "afterHooks": [],
          "tests": [
            {
              "title": "Verifica se ao carregar a página deve ser possível pintar os pixels de preto",
              "fullTitle": "8 - Clicar em um pixel dentro do quadro após selecionar uma cor na paleta, faz com que o pixel seja preenchido com a cor selecionada. Verifica se ao carregar a página deve ser possível pintar os pixels de preto",
              "timedOut": null,
              "duration": 3487,
              "state": "passed",
              "speed": "slow",
              "pass": true,
              "fail": false,
              "pending": false,
              "context": null,
              "code": "cy.get('.pixel').each(function (pixel) {\n  cy.wrap(pixel).click().should('have.css', 'background-color', BLACK);\n});",
              "err": {},
              "uuid": "d7c9978a-2c97-44fd-97d5-f61cd32b9563",
              "parentUUID": "55c25538-3ddf-4f5b-9e0c-289d73409707",
              "isHook": false,
              "skipped": false
            },
            {
              "title": "Verifica se após selecionar uma outra cor na paleta, é possível pintar os pixels com essa cor",
              "fullTitle": "8 - Clicar em um pixel dentro do quadro após selecionar uma cor na paleta, faz com que o pixel seja preenchido com a cor selecionada. Verifica se após selecionar uma outra cor na paleta, é possível pintar os pixels com essa cor",
              "timedOut": null,
              "duration": 10983,
              "state": "passed",
              "speed": "slow",
              "pass": true,
              "fail": false,
              "pending": false,
              "context": null,
              "code": "cy.get('.color').each(function (color) {\n  var backgroundColor = color.css('background-color');\n  cy.wrap(color).click();\n  cy.get('.pixel').each(function (pixel) {\n    cy.wrap(pixel).click().should('have.css', 'background-color', backgroundColor);\n  });\n});",
              "err": {},
              "uuid": "561ce72b-ad1e-4463-b480-243beefb9f9b",
              "parentUUID": "55c25538-3ddf-4f5b-9e0c-289d73409707",
              "isHook": false,
              "skipped": false
            },
            {
              "title": "Verifica se somente o pixel que foi clicado foi preenchido com a cor selecionada, sem influenciar na cor dos demais pixels.",
              "fullTitle": "8 - Clicar em um pixel dentro do quadro após selecionar uma cor na paleta, faz com que o pixel seja preenchido com a cor selecionada. Verifica se somente o pixel que foi clicado foi preenchido com a cor selecionada, sem influenciar na cor dos demais pixels.",
              "timedOut": null,
              "duration": 26336,
              "state": "passed",
              "speed": "slow",
              "pass": true,
              "fail": false,
              "pending": false,
              "context": null,
              "code": "var colorToPixelIndexMap = {\n  0: 6,\n  1: 8,\n  2: 16,\n  3: 18\n};\ncy.get('.color').each(function (color, index) {\n  cy.wrap(color).click();\n  var backgroundColor = color.css('background-color');\n  var clickedPixelIndex = colorToPixelIndexMap[index];\n  cy.get('.pixel').eq(clickedPixelIndex).click();\n  cy.get('.pixel').eq(clickedPixelIndex - 1).should('not.have.css', 'background-color', backgroundColor);\n  cy.get('.pixel').eq(clickedPixelIndex + 1).should('not.have.css', 'background-color', backgroundColor);\n  cy.get('.pixel').eq(clickedPixelIndex - 5).should('not.have.css', 'background-color', backgroundColor);\n  cy.get('.pixel').eq(clickedPixelIndex + 5).should('not.have.css', 'background-color', backgroundColor);\n  cy.get('.pixel').eq(clickedPixelIndex - 6).should('not.have.css', 'background-color', backgroundColor);\n  cy.get('.pixel').eq(clickedPixelIndex - 4).should('not.have.css', 'background-color', backgroundColor);\n  cy.get('.pixel').eq(clickedPixelIndex + 4).should('not.have.css', 'background-color', backgroundColor);\n  cy.get('.pixel').eq(clickedPixelIndex + 6).should('not.have.css', 'background-color', backgroundColor);\n});",
              "err": {},
              "uuid": "181863ec-a7ed-4110-bb13-6c182f58e49f",
              "parentUUID": "55c25538-3ddf-4f5b-9e0c-289d73409707",
              "isHook": false,
              "skipped": false
            }
          ],
          "suites": [],
          "passes": [
            "d7c9978a-2c97-44fd-97d5-f61cd32b9563",
            "561ce72b-ad1e-4463-b480-243beefb9f9b",
            "181863ec-a7ed-4110-bb13-6c182f58e49f"
          ],
          "failures": [],
          "pending": [],
          "skipped": [],
          "duration": 40806,
          "root": false,
          "rootEmpty": false,
          "_timeout": 2000
        },
        {
          "uuid": "2455501b-cbfc-4d5b-966f-98823994edcd",
          "title": "9 - Crie um botão que, ao ser clicado, limpa o quadro preenchendo a cor de todos seus pixels com branco.",
          "fullFile": "",
          "file": "",
          "beforeHooks": [],
          "afterHooks": [],
          "tests": [
            {
              "title": "Verifica se o botão tem o `id` denominado `clear-board`",
              "fullTitle": "9 - Crie um botão que, ao ser clicado, limpa o quadro preenchendo a cor de todos seus pixels com branco. Verifica se o botão tem o `id` denominado `clear-board`",
              "timedOut": null,
              "duration": 916,
              "state": "passed",
              "speed": "slow",
              "pass": true,
              "fail": false,
              "pending": false,
              "context": null,
              "code": "cy.get('#clear-board').should('be.visible');",
              "err": {},
              "uuid": "990a56df-3c7b-4408-94be-873a4ad85e6c",
              "parentUUID": "2455501b-cbfc-4d5b-966f-98823994edcd",
              "isHook": false,
              "skipped": false
            },
            {
              "title": "Verifica se o botão está posicionado entre a paleta de cores e o quadro de pixels",
              "fullTitle": "9 - Crie um botão que, ao ser clicado, limpa o quadro preenchendo a cor de todos seus pixels com branco. Verifica se o botão está posicionado entre a paleta de cores e o quadro de pixels",
              "timedOut": null,
              "duration": 5728,
              "state": "failed",
              "speed": null,
              "pass": false,
              "fail": true,
              "pending": false,
              "context": null,
              "code": "cy.get('#color-palette').then(function (palette) {\n  cy.get('#clear-board').should('be.belowOf', palette);\n});\ncy.get('#clear-board').then(function (clearBtn) {\n  cy.get('#pixel-board').should('be.belowOf', clearBtn);\n});",
              "err": {
                "message": "CypressError: Timed out retrying: expected '<button#clear-board>' to be below of { Object (0, length, ...) }",
                "estack": "CypressError: Timed out retrying: expected '<button#clear-board>' to be below of { Object (0, length, ...) }\n    at cypressErr (http://localhost:55633/__cypress/runner/cypress_runner.js:149934:9)\n    at throwErr (http://localhost:55633/__cypress/runner/cypress_runner.js:149867:11)\n    at Object.throwErrByPath (http://localhost:55633/__cypress/runner/cypress_runner.js:149915:3)\n    at retry (http://localhost:55633/__cypress/runner/cypress_runner.js:144197:19)\n    at onFailFn (http://localhost:55633/__cypress/runner/cypress_runner.js:132448:16)\n    at tryCatcher (http://localhost:55633/__cypress/runner/cypress_runner.js:167415:23)\n    at Promise._settlePromiseFromHandler (http://localhost:55633/__cypress/runner/cypress_runner.js:165351:31)\n    at Promise._settlePromise (http://localhost:55633/__cypress/runner/cypress_runner.js:165408:18)\n    at Promise._settlePromise0 (http://localhost:55633/__cypress/runner/cypress_runner.js:165453:10)\n    at Promise._settlePromises (http://localhost:55633/__cypress/runner/cypress_runner.js:165528:18)\n    at Async../node_modules/bluebird/js/release/async.js.Async._drainQueue (http://localhost:55633/__cypress/runner/cypress_runner.js:162140:16)\n    at Async../node_modules/bluebird/js/release/async.js.Async._drainQueues (http://localhost:55633/__cypress/runner/cypress_runner.js:162150:10)\n    at Async.drainQueues (http://localhost:55633/__cypress/runner/cypress_runner.js:162024:14)",
                "diff": null
              },
              "uuid": "d7086304-b08c-4c16-8aa9-71c7a9380cf8",
              "parentUUID": "2455501b-cbfc-4d5b-966f-98823994edcd",
              "isHook": false,
              "skipped": false
            },
            {
              "title": "Verifica se o texto do botão é 'Limpar'",
              "fullTitle": "9 - Crie um botão que, ao ser clicado, limpa o quadro preenchendo a cor de todos seus pixels com branco. Verifica se o texto do botão é 'Limpar'",
              "timedOut": null,
              "duration": 998,
              "state": "passed",
              "speed": "slow",
              "pass": true,
              "fail": false,
              "pending": false,
              "context": null,
              "code": "cy.get('#clear-board').should('contain.text', 'Limpar');",
              "err": {},
              "uuid": "b35fb2f2-483e-4746-9a38-55fb56d43c51",
              "parentUUID": "2455501b-cbfc-4d5b-966f-98823994edcd",
              "isHook": false,
              "skipped": false
            },
            {
              "title": "Verifica se ao clicar no botão, o quadro de pixels é totalmente preenchido de branco",
              "fullTitle": "9 - Crie um botão que, ao ser clicado, limpa o quadro preenchendo a cor de todos seus pixels com branco. Verifica se ao clicar no botão, o quadro de pixels é totalmente preenchido de branco",
              "timedOut": null,
              "duration": 7895,
              "state": "failed",
              "speed": null,
              "pass": false,
              "fail": true,
              "pending": false,
              "context": null,
              "code": "cy.get('.color').eq(1).then(function (color) {\n  var backgroundColor = color.css('background-color');\n  cy.wrap(color).click();\n  cy.get('.pixel').each(function (pixel) {\n    cy.wrap(pixel).click().should('have.css', 'background-color', backgroundColor);\n  });\n});\ncy.get('#clear-board').click();\ncy.get('.pixel').each(function (pixel) {\n  cy.wrap(pixel).should('have.css', 'background-color', WHITE);\n});",
              "err": {
                "message": "CypressError: Timed out retrying: expected '<div.pixel>' to have CSS property 'background-color' with the value 'rgb(255, 255, 255)', but the value was 'rgb(128, 0, 128)'",
                "estack": "CypressError: Timed out retrying: expected '<div.pixel>' to have CSS property 'background-color' with the value 'rgb(255, 255, 255)', but the value was 'rgb(128, 0, 128)'\n    at cypressErr (http://localhost:55633/__cypress/runner/cypress_runner.js:149934:9)\n    at throwErr (http://localhost:55633/__cypress/runner/cypress_runner.js:149867:11)\n    at Object.throwErrByPath (http://localhost:55633/__cypress/runner/cypress_runner.js:149915:3)\n    at retry (http://localhost:55633/__cypress/runner/cypress_runner.js:144197:19)\n    at onFailFn (http://localhost:55633/__cypress/runner/cypress_runner.js:132448:16)\n    at tryCatcher (http://localhost:55633/__cypress/runner/cypress_runner.js:167415:23)\n    at Promise._settlePromiseFromHandler (http://localhost:55633/__cypress/runner/cypress_runner.js:165351:31)\n    at Promise._settlePromise (http://localhost:55633/__cypress/runner/cypress_runner.js:165408:18)\n    at Promise._settlePromise0 (http://localhost:55633/__cypress/runner/cypress_runner.js:165453:10)\n    at Promise._settlePromises (http://localhost:55633/__cypress/runner/cypress_runner.js:165528:18)\n    at Async../node_modules/bluebird/js/release/async.js.Async._drainQueue (http://localhost:55633/__cypress/runner/cypress_runner.js:162140:16)\n    at Async../node_modules/bluebird/js/release/async.js.Async._drainQueues (http://localhost:55633/__cypress/runner/cypress_runner.js:162150:10)\n    at Async.drainQueues (http://localhost:55633/__cypress/runner/cypress_runner.js:162024:14)",
                "diff": null
              },
              "uuid": "85d539c1-f34a-4abb-a893-00633d572d6b",
              "parentUUID": "2455501b-cbfc-4d5b-966f-98823994edcd",
              "isHook": false,
              "skipped": false
            }
          ],
          "suites": [],
          "passes": [
            "990a56df-3c7b-4408-94be-873a4ad85e6c",
            "b35fb2f2-483e-4746-9a38-55fb56d43c51"
          ],
          "failures": [
            "d7086304-b08c-4c16-8aa9-71c7a9380cf8",
            "85d539c1-f34a-4abb-a893-00633d572d6b"
          ],
          "pending": [],
          "skipped": [],
          "duration": 15537,
          "root": false,
          "rootEmpty": false,
          "_timeout": 2000
        },
        {
          "uuid": "7d99c79c-6ad7-4cfc-b377-bdbf95fa95fa",
          "title": "10 - Faça o quadro de pixels ter seu tamanho definido pelo usuário.",
          "fullFile": "",
          "file": "",
          "beforeHooks": [],
          "afterHooks": [],
          "tests": [
            {
              "title": "Verifica se existe um input com o id `board-size`",
              "fullTitle": "10 - Faça o quadro de pixels ter seu tamanho definido pelo usuário. Verifica se existe um input com o id `board-size`",
              "timedOut": null,
              "duration": 5815,
              "state": "failed",
              "speed": null,
              "pass": false,
              "fail": true,
              "pending": false,
              "context": null,
              "code": "cy.get('#board-size').should('be.visible');",
              "err": {
                "message": "CypressError: Timed out retrying: Expected to find element: '#board-size', but never found it.",
                "estack": "CypressError: Timed out retrying: Expected to find element: '#board-size', but never found it.\n    at cypressErr (http://localhost:55633/__cypress/runner/cypress_runner.js:149934:9)\n    at throwErr (http://localhost:55633/__cypress/runner/cypress_runner.js:149867:11)\n    at Object.throwErrByPath (http://localhost:55633/__cypress/runner/cypress_runner.js:149915:3)\n    at retry (http://localhost:55633/__cypress/runner/cypress_runner.js:144197:19)\n    at onFailFn (http://localhost:55633/__cypress/runner/cypress_runner.js:132448:16)\n    at tryCatcher (http://localhost:55633/__cypress/runner/cypress_runner.js:167415:23)\n    at Promise._settlePromiseFromHandler (http://localhost:55633/__cypress/runner/cypress_runner.js:165351:31)\n    at Promise._settlePromise (http://localhost:55633/__cypress/runner/cypress_runner.js:165408:18)\n    at Promise._settlePromise0 (http://localhost:55633/__cypress/runner/cypress_runner.js:165453:10)\n    at Promise._settlePromises (http://localhost:55633/__cypress/runner/cypress_runner.js:165528:18)\n    at Async../node_modules/bluebird/js/release/async.js.Async._drainQueue (http://localhost:55633/__cypress/runner/cypress_runner.js:162140:16)\n    at Async../node_modules/bluebird/js/release/async.js.Async._drainQueues (http://localhost:55633/__cypress/runner/cypress_runner.js:162150:10)\n    at Async.drainQueues (http://localhost:55633/__cypress/runner/cypress_runner.js:162024:14)",
                "diff": null
              },
              "uuid": "febdc75f-d062-43dd-bbb5-e29e9fd41ae5",
              "parentUUID": "7d99c79c-6ad7-4cfc-b377-bdbf95fa95fa",
              "isHook": false,
              "skipped": false
            },
            {
              "title": "Verifica se existe um botão com o id `generate-board`",
              "fullTitle": "10 - Faça o quadro de pixels ter seu tamanho definido pelo usuário. Verifica se existe um botão com o id `generate-board`",
              "timedOut": null,
              "duration": 5810,
              "state": "failed",
              "speed": null,
              "pass": false,
              "fail": true,
              "pending": false,
              "context": null,
              "code": "cy.get('#generate-board').should('be.visible');",
              "err": {
                "message": "CypressError: Timed out retrying: Expected to find element: '#generate-board', but never found it.",
                "estack": "CypressError: Timed out retrying: Expected to find element: '#generate-board', but never found it.\n    at cypressErr (http://localhost:55633/__cypress/runner/cypress_runner.js:149934:9)\n    at throwErr (http://localhost:55633/__cypress/runner/cypress_runner.js:149867:11)\n    at Object.throwErrByPath (http://localhost:55633/__cypress/runner/cypress_runner.js:149915:3)\n    at retry (http://localhost:55633/__cypress/runner/cypress_runner.js:144197:19)\n    at onFailFn (http://localhost:55633/__cypress/runner/cypress_runner.js:132448:16)\n    at tryCatcher (http://localhost:55633/__cypress/runner/cypress_runner.js:167415:23)\n    at Promise._settlePromiseFromHandler (http://localhost:55633/__cypress/runner/cypress_runner.js:165351:31)\n    at Promise._settlePromise (http://localhost:55633/__cypress/runner/cypress_runner.js:165408:18)\n    at Promise._settlePromise0 (http://localhost:55633/__cypress/runner/cypress_runner.js:165453:10)\n    at Promise._settlePromises (http://localhost:55633/__cypress/runner/cypress_runner.js:165528:18)\n    at Async../node_modules/bluebird/js/release/async.js.Async._drainQueue (http://localhost:55633/__cypress/runner/cypress_runner.js:162140:16)\n    at Async../node_modules/bluebird/js/release/async.js.Async._drainQueues (http://localhost:55633/__cypress/runner/cypress_runner.js:162150:10)\n    at Async.drainQueues (http://localhost:55633/__cypress/runner/cypress_runner.js:162024:14)",
                "diff": null
              },
              "uuid": "379cffff-66a2-43cb-90de-6b2a59d37570",
              "parentUUID": "7d99c79c-6ad7-4cfc-b377-bdbf95fa95fa",
              "isHook": false,
              "skipped": false
            },
            {
              "title": "Verifica se o input só aceita número maiores que zero. Essa restrição deve ser feita usando os atributos do elemento `input`",
              "fullTitle": "10 - Faça o quadro de pixels ter seu tamanho definido pelo usuário. Verifica se o input só aceita número maiores que zero. Essa restrição deve ser feita usando os atributos do elemento `input`",
              "timedOut": null,
              "duration": 6094,
              "state": "failed",
              "speed": null,
              "pass": false,
              "fail": true,
              "pending": false,
              "context": null,
              "code": "cy.get('#board-size[type=\\'number\\'][min=\\'1\\']');",
              "err": {
                "message": "CypressError: Timed out retrying: Expected to find element: '#board-size[type='number'][min='1']', but never found it.",
                "estack": "CypressError: Timed out retrying: Expected to find element: '#board-size[type='number'][min='1']', but never found it.\n    at cypressErr (http://localhost:55633/__cypress/runner/cypress_runner.js:149934:9)\n    at throwErr (http://localhost:55633/__cypress/runner/cypress_runner.js:149867:11)\n    at Object.throwErrByPath (http://localhost:55633/__cypress/runner/cypress_runner.js:149915:3)\n    at retry (http://localhost:55633/__cypress/runner/cypress_runner.js:144197:19)\n    at onFailFn (http://localhost:55633/__cypress/runner/cypress_runner.js:132448:16)\n    at tryCatcher (http://localhost:55633/__cypress/runner/cypress_runner.js:167415:23)\n    at Promise._settlePromiseFromHandler (http://localhost:55633/__cypress/runner/cypress_runner.js:165351:31)\n    at Promise._settlePromise (http://localhost:55633/__cypress/runner/cypress_runner.js:165408:18)\n    at Promise._settlePromise0 (http://localhost:55633/__cypress/runner/cypress_runner.js:165453:10)\n    at Promise._settlePromises (http://localhost:55633/__cypress/runner/cypress_runner.js:165528:18)\n    at Async../node_modules/bluebird/js/release/async.js.Async._drainQueue (http://localhost:55633/__cypress/runner/cypress_runner.js:162140:16)\n    at Async../node_modules/bluebird/js/release/async.js.Async._drainQueues (http://localhost:55633/__cypress/runner/cypress_runner.js:162150:10)\n    at Async.drainQueues (http://localhost:55633/__cypress/runner/cypress_runner.js:162024:14)",
                "diff": null
              },
              "uuid": "2cba889d-5ebe-4ba5-9a12-82a214e15207",
              "parentUUID": "7d99c79c-6ad7-4cfc-b377-bdbf95fa95fa",
              "isHook": false,
              "skipped": false
            },
            {
              "title": "Verifica se o botão contém o texto 'VQV'",
              "fullTitle": "10 - Faça o quadro de pixels ter seu tamanho definido pelo usuário. Verifica se o botão contém o texto 'VQV'",
              "timedOut": null,
              "duration": 5768,
              "state": "failed",
              "speed": null,
              "pass": false,
              "fail": true,
              "pending": false,
              "context": null,
              "code": "cy.get('#generate-board').contains(/vqv/i);",
              "err": {
                "message": "CypressError: Timed out retrying: Expected to find element: '#generate-board', but never found it.",
                "estack": "CypressError: Timed out retrying: Expected to find element: '#generate-board', but never found it.\n    at cypressErr (http://localhost:55633/__cypress/runner/cypress_runner.js:149934:9)\n    at throwErr (http://localhost:55633/__cypress/runner/cypress_runner.js:149867:11)\n    at Object.throwErrByPath (http://localhost:55633/__cypress/runner/cypress_runner.js:149915:3)\n    at retry (http://localhost:55633/__cypress/runner/cypress_runner.js:144197:19)\n    at onFailFn (http://localhost:55633/__cypress/runner/cypress_runner.js:132448:16)\n    at tryCatcher (http://localhost:55633/__cypress/runner/cypress_runner.js:167415:23)\n    at Promise._settlePromiseFromHandler (http://localhost:55633/__cypress/runner/cypress_runner.js:165351:31)\n    at Promise._settlePromise (http://localhost:55633/__cypress/runner/cypress_runner.js:165408:18)\n    at Promise._settlePromise0 (http://localhost:55633/__cypress/runner/cypress_runner.js:165453:10)\n    at Promise._settlePromises (http://localhost:55633/__cypress/runner/cypress_runner.js:165528:18)\n    at Async../node_modules/bluebird/js/release/async.js.Async._drainQueue (http://localhost:55633/__cypress/runner/cypress_runner.js:162140:16)\n    at Async../node_modules/bluebird/js/release/async.js.Async._drainQueues (http://localhost:55633/__cypress/runner/cypress_runner.js:162150:10)\n    at Async.drainQueues (http://localhost:55633/__cypress/runner/cypress_runner.js:162024:14)",
                "diff": null
              },
              "uuid": "114ebb32-aa29-4fd8-8485-7765fb84237c",
              "parentUUID": "7d99c79c-6ad7-4cfc-b377-bdbf95fa95fa",
              "isHook": false,
              "skipped": false
            },
            {
              "title": "Verifica se o input está posicionado entre a paleta de cores e o quadro de pixels",
              "fullTitle": "10 - Faça o quadro de pixels ter seu tamanho definido pelo usuário. Verifica se o input está posicionado entre a paleta de cores e o quadro de pixels",
              "timedOut": null,
              "duration": 6206,
              "state": "failed",
              "speed": null,
              "pass": false,
              "fail": true,
              "pending": false,
              "context": null,
              "code": "cy.get('#color-palette').then(function (palette) {\n  cy.get('#board-size').should('be.belowOf', palette);\n});\ncy.get('#board-size').then(function (palette) {\n  cy.get('#pixel-board').should('be.belowOf', palette);\n});",
              "err": {
                "message": "CypressError: Timed out retrying: Expected to find element: '#board-size', but never found it.",
                "estack": "CypressError: Timed out retrying: Expected to find element: '#board-size', but never found it.\n    at cypressErr (http://localhost:55633/__cypress/runner/cypress_runner.js:149934:9)\n    at throwErr (http://localhost:55633/__cypress/runner/cypress_runner.js:149867:11)\n    at Object.throwErrByPath (http://localhost:55633/__cypress/runner/cypress_runner.js:149915:3)\n    at retry (http://localhost:55633/__cypress/runner/cypress_runner.js:144197:19)\n    at onFailFn (http://localhost:55633/__cypress/runner/cypress_runner.js:132448:16)\n    at tryCatcher (http://localhost:55633/__cypress/runner/cypress_runner.js:167415:23)\n    at Promise._settlePromiseFromHandler (http://localhost:55633/__cypress/runner/cypress_runner.js:165351:31)\n    at Promise._settlePromise (http://localhost:55633/__cypress/runner/cypress_runner.js:165408:18)\n    at Promise._settlePromise0 (http://localhost:55633/__cypress/runner/cypress_runner.js:165453:10)\n    at Promise._settlePromises (http://localhost:55633/__cypress/runner/cypress_runner.js:165528:18)\n    at Async../node_modules/bluebird/js/release/async.js.Async._drainQueue (http://localhost:55633/__cypress/runner/cypress_runner.js:162140:16)\n    at Async../node_modules/bluebird/js/release/async.js.Async._drainQueues (http://localhost:55633/__cypress/runner/cypress_runner.js:162150:10)\n    at Async.drainQueues (http://localhost:55633/__cypress/runner/cypress_runner.js:162024:14)",
                "diff": null
              },
              "uuid": "312ccadd-a083-4c1f-97e1-b1322697d6d0",
              "parentUUID": "7d99c79c-6ad7-4cfc-b377-bdbf95fa95fa",
              "isHook": false,
              "skipped": false
            },
            {
              "title": "Verifica se o botão está posicionado ao lado do input",
              "fullTitle": "10 - Faça o quadro de pixels ter seu tamanho definido pelo usuário. Verifica se o botão está posicionado ao lado do input",
              "timedOut": null,
              "duration": 6163,
              "state": "failed",
              "speed": null,
              "pass": false,
              "fail": true,
              "pending": false,
              "context": null,
              "code": "cy.get('#board-size').then(function (board) {\n  cy.get('#generate-board').should('be.onTheRightOf', board);\n});",
              "err": {
                "message": "CypressError: Timed out retrying: Expected to find element: '#board-size', but never found it.",
                "estack": "CypressError: Timed out retrying: Expected to find element: '#board-size', but never found it.\n    at cypressErr (http://localhost:55633/__cypress/runner/cypress_runner.js:149934:9)\n    at throwErr (http://localhost:55633/__cypress/runner/cypress_runner.js:149867:11)\n    at Object.throwErrByPath (http://localhost:55633/__cypress/runner/cypress_runner.js:149915:3)\n    at retry (http://localhost:55633/__cypress/runner/cypress_runner.js:144197:19)\n    at onFailFn (http://localhost:55633/__cypress/runner/cypress_runner.js:132448:16)\n    at tryCatcher (http://localhost:55633/__cypress/runner/cypress_runner.js:167415:23)\n    at Promise._settlePromiseFromHandler (http://localhost:55633/__cypress/runner/cypress_runner.js:165351:31)\n    at Promise._settlePromise (http://localhost:55633/__cypress/runner/cypress_runner.js:165408:18)\n    at Promise._settlePromise0 (http://localhost:55633/__cypress/runner/cypress_runner.js:165453:10)\n    at Promise._settlePromises (http://localhost:55633/__cypress/runner/cypress_runner.js:165528:18)\n    at Async../node_modules/bluebird/js/release/async.js.Async._drainQueue (http://localhost:55633/__cypress/runner/cypress_runner.js:162140:16)\n    at Async../node_modules/bluebird/js/release/async.js.Async._drainQueues (http://localhost:55633/__cypress/runner/cypress_runner.js:162150:10)\n    at Async.drainQueues (http://localhost:55633/__cypress/runner/cypress_runner.js:162024:14)",
                "diff": null
              },
              "uuid": "a8071692-6fe9-4830-8c76-bc07852dcfff",
              "parentUUID": "7d99c79c-6ad7-4cfc-b377-bdbf95fa95fa",
              "isHook": false,
              "skipped": false
            },
            {
              "title": "Verifica se nenhum valor for colocado no input ao clicar no botão, um `alert` é exibido com o texto: 'Board inválido!'",
              "fullTitle": "10 - Faça o quadro de pixels ter seu tamanho definido pelo usuário. Verifica se nenhum valor for colocado no input ao clicar no botão, um `alert` é exibido com o texto: 'Board inválido!'",
              "timedOut": null,
              "duration": 5575,
              "state": "failed",
              "speed": null,
              "pass": false,
              "fail": true,
              "pending": false,
              "context": null,
              "code": "var alerted = false;\ncy.on('window:alert', function (msg) {\n  return alerted = msg;\n});\ncy.get('#generate-board').click().then(function () {\n  return expect(alerted).to.match(/Board inválido!/i);\n});",
              "err": {
                "message": "CypressError: Timed out retrying: Expected to find element: '#generate-board', but never found it.",
                "estack": "CypressError: Timed out retrying: Expected to find element: '#generate-board', but never found it.\n    at cypressErr (http://localhost:55633/__cypress/runner/cypress_runner.js:149934:9)\n    at throwErr (http://localhost:55633/__cypress/runner/cypress_runner.js:149867:11)\n    at Object.throwErrByPath (http://localhost:55633/__cypress/runner/cypress_runner.js:149915:3)\n    at retry (http://localhost:55633/__cypress/runner/cypress_runner.js:144197:19)\n    at onFailFn (http://localhost:55633/__cypress/runner/cypress_runner.js:132448:16)\n    at tryCatcher (http://localhost:55633/__cypress/runner/cypress_runner.js:167415:23)\n    at Promise._settlePromiseFromHandler (http://localhost:55633/__cypress/runner/cypress_runner.js:165351:31)\n    at Promise._settlePromise (http://localhost:55633/__cypress/runner/cypress_runner.js:165408:18)\n    at Promise._settlePromise0 (http://localhost:55633/__cypress/runner/cypress_runner.js:165453:10)\n    at Promise._settlePromises (http://localhost:55633/__cypress/runner/cypress_runner.js:165528:18)\n    at Async../node_modules/bluebird/js/release/async.js.Async._drainQueue (http://localhost:55633/__cypress/runner/cypress_runner.js:162140:16)\n    at Async../node_modules/bluebird/js/release/async.js.Async._drainQueues (http://localhost:55633/__cypress/runner/cypress_runner.js:162150:10)\n    at Async.drainQueues (http://localhost:55633/__cypress/runner/cypress_runner.js:162024:14)",
                "diff": null
              },
              "uuid": "49e10ab3-efea-456a-953e-185eb3a97304",
              "parentUUID": "7d99c79c-6ad7-4cfc-b377-bdbf95fa95fa",
              "isHook": false,
              "skipped": false
            },
            {
              "title": "Verifica se ao clicar no botão com um valor preenchido, o tamanho do board muda.",
              "fullTitle": "10 - Faça o quadro de pixels ter seu tamanho definido pelo usuário. Verifica se ao clicar no botão com um valor preenchido, o tamanho do board muda.",
              "timedOut": null,
              "duration": 5746,
              "state": "failed",
              "speed": null,
              "pass": false,
              "fail": true,
              "pending": false,
              "context": null,
              "code": "cy.get('#board-size').clear().type(10);\ncy.get('#generate-board').click();\ncy.get('.pixel').should('have.length', 100);",
              "err": {
                "message": "CypressError: Timed out retrying: Expected to find element: '#board-size', but never found it.",
                "estack": "CypressError: Timed out retrying: Expected to find element: '#board-size', but never found it.\n    at cypressErr (http://localhost:55633/__cypress/runner/cypress_runner.js:149934:9)\n    at throwErr (http://localhost:55633/__cypress/runner/cypress_runner.js:149867:11)\n    at Object.throwErrByPath (http://localhost:55633/__cypress/runner/cypress_runner.js:149915:3)\n    at retry (http://localhost:55633/__cypress/runner/cypress_runner.js:144197:19)\n    at onFailFn (http://localhost:55633/__cypress/runner/cypress_runner.js:132448:16)\n    at tryCatcher (http://localhost:55633/__cypress/runner/cypress_runner.js:167415:23)\n    at Promise._settlePromiseFromHandler (http://localhost:55633/__cypress/runner/cypress_runner.js:165351:31)\n    at Promise._settlePromise (http://localhost:55633/__cypress/runner/cypress_runner.js:165408:18)\n    at Promise._settlePromise0 (http://localhost:55633/__cypress/runner/cypress_runner.js:165453:10)\n    at Promise._settlePromises (http://localhost:55633/__cypress/runner/cypress_runner.js:165528:18)\n    at Async../node_modules/bluebird/js/release/async.js.Async._drainQueue (http://localhost:55633/__cypress/runner/cypress_runner.js:162140:16)\n    at Async../node_modules/bluebird/js/release/async.js.Async._drainQueues (http://localhost:55633/__cypress/runner/cypress_runner.js:162150:10)\n    at Async.drainQueues (http://localhost:55633/__cypress/runner/cypress_runner.js:162024:14)",
                "diff": null
              },
              "uuid": "9937d156-58f2-495a-81d4-7da5715e5f57",
              "parentUUID": "7d99c79c-6ad7-4cfc-b377-bdbf95fa95fa",
              "isHook": false,
              "skipped": false
            },
            {
              "title": "Verifica se o novo quadro tem todos os pixels preenchidos com a cor branca",
              "fullTitle": "10 - Faça o quadro de pixels ter seu tamanho definido pelo usuário. Verifica se o novo quadro tem todos os pixels preenchidos com a cor branca",
              "timedOut": null,
              "duration": 5834,
              "state": "failed",
              "speed": null,
              "pass": false,
              "fail": true,
              "pending": false,
              "context": null,
              "code": "cy.get('#board-size').clear().type(6);\ncy.get('#generate-board').click();\ncy.get('.pixel').should('have.length', 36).each(function (pixel) {\n  expect(pixel).to.have.css('background-color', WHITE);\n});",
              "err": {
                "message": "CypressError: Timed out retrying: Expected to find element: '#board-size', but never found it.",
                "estack": "CypressError: Timed out retrying: Expected to find element: '#board-size', but never found it.\n    at cypressErr (http://localhost:55633/__cypress/runner/cypress_runner.js:149934:9)\n    at throwErr (http://localhost:55633/__cypress/runner/cypress_runner.js:149867:11)\n    at Object.throwErrByPath (http://localhost:55633/__cypress/runner/cypress_runner.js:149915:3)\n    at retry (http://localhost:55633/__cypress/runner/cypress_runner.js:144197:19)\n    at onFailFn (http://localhost:55633/__cypress/runner/cypress_runner.js:132448:16)\n    at tryCatcher (http://localhost:55633/__cypress/runner/cypress_runner.js:167415:23)\n    at Promise._settlePromiseFromHandler (http://localhost:55633/__cypress/runner/cypress_runner.js:165351:31)\n    at Promise._settlePromise (http://localhost:55633/__cypress/runner/cypress_runner.js:165408:18)\n    at Promise._settlePromise0 (http://localhost:55633/__cypress/runner/cypress_runner.js:165453:10)\n    at Promise._settlePromises (http://localhost:55633/__cypress/runner/cypress_runner.js:165528:18)\n    at Async../node_modules/bluebird/js/release/async.js.Async._drainQueue (http://localhost:55633/__cypress/runner/cypress_runner.js:162140:16)\n    at Async../node_modules/bluebird/js/release/async.js.Async._drainQueues (http://localhost:55633/__cypress/runner/cypress_runner.js:162150:10)\n    at Async.drainQueues (http://localhost:55633/__cypress/runner/cypress_runner.js:162024:14)",
                "diff": null
              },
              "uuid": "792aa7cf-8c2d-4736-b52a-c81f2879f4b2",
              "parentUUID": "7d99c79c-6ad7-4cfc-b377-bdbf95fa95fa",
              "isHook": false,
              "skipped": false
            }
          ],
          "suites": [],
          "passes": [],
          "failures": [
            "febdc75f-d062-43dd-bbb5-e29e9fd41ae5",
            "379cffff-66a2-43cb-90de-6b2a59d37570",
            "2cba889d-5ebe-4ba5-9a12-82a214e15207",
            "114ebb32-aa29-4fd8-8485-7765fb84237c",
            "312ccadd-a083-4c1f-97e1-b1322697d6d0",
            "a8071692-6fe9-4830-8c76-bc07852dcfff",
            "49e10ab3-efea-456a-953e-185eb3a97304",
            "9937d156-58f2-495a-81d4-7da5715e5f57",
            "792aa7cf-8c2d-4736-b52a-c81f2879f4b2"
          ],
          "pending": [],
          "skipped": [],
          "duration": 53011,
          "root": false,
          "rootEmpty": false,
          "_timeout": 2000
        },
        {
          "uuid": "e6233482-ba7e-4239-afc3-65ee5f2807c0",
          "title": "11 - Limite o tamanho mínimo e máximo do board.",
          "fullFile": "",
          "file": "",
          "beforeHooks": [],
          "afterHooks": [],
          "tests": [
            {
              "title": "Verifica se a altura máxima do board é 50",
              "fullTitle": "11 - Limite o tamanho mínimo e máximo do board. Verifica se a altura máxima do board é 50",
              "timedOut": null,
              "duration": 5833,
              "state": "failed",
              "speed": null,
              "pass": false,
              "fail": true,
              "pending": false,
              "context": null,
              "code": "cy.get('#board-size').clear().type(50);\ncy.get('#generate-board').click();\ncy.get('.pixel').should('have.length', 2500);",
              "err": {
                "message": "CypressError: Timed out retrying: Expected to find element: '#board-size', but never found it.",
                "estack": "CypressError: Timed out retrying: Expected to find element: '#board-size', but never found it.\n    at cypressErr (http://localhost:55633/__cypress/runner/cypress_runner.js:149934:9)\n    at throwErr (http://localhost:55633/__cypress/runner/cypress_runner.js:149867:11)\n    at Object.throwErrByPath (http://localhost:55633/__cypress/runner/cypress_runner.js:149915:3)\n    at retry (http://localhost:55633/__cypress/runner/cypress_runner.js:144197:19)\n    at onFailFn (http://localhost:55633/__cypress/runner/cypress_runner.js:132448:16)\n    at tryCatcher (http://localhost:55633/__cypress/runner/cypress_runner.js:167415:23)\n    at Promise._settlePromiseFromHandler (http://localhost:55633/__cypress/runner/cypress_runner.js:165351:31)\n    at Promise._settlePromise (http://localhost:55633/__cypress/runner/cypress_runner.js:165408:18)\n    at Promise._settlePromise0 (http://localhost:55633/__cypress/runner/cypress_runner.js:165453:10)\n    at Promise._settlePromises (http://localhost:55633/__cypress/runner/cypress_runner.js:165528:18)\n    at Async../node_modules/bluebird/js/release/async.js.Async._drainQueue (http://localhost:55633/__cypress/runner/cypress_runner.js:162140:16)\n    at Async../node_modules/bluebird/js/release/async.js.Async._drainQueues (http://localhost:55633/__cypress/runner/cypress_runner.js:162150:10)\n    at Async.drainQueues (http://localhost:55633/__cypress/runner/cypress_runner.js:162024:14)",
                "diff": null
              },
              "uuid": "d5da5635-23ad-4dad-8c5d-05ee0b8097f6",
              "parentUUID": "e6233482-ba7e-4239-afc3-65ee5f2807c0",
              "isHook": false,
              "skipped": false
            },
            {
              "title": "Verifica se a altura do board é 5 quando um valor menor é colocado no input",
              "fullTitle": "11 - Limite o tamanho mínimo e máximo do board. Verifica se a altura do board é 5 quando um valor menor é colocado no input",
              "timedOut": null,
              "duration": 5835,
              "state": "failed",
              "speed": null,
              "pass": false,
              "fail": true,
              "pending": false,
              "context": null,
              "code": "cy.get('#board-size').clear().type(4);\ncy.get('#generate-board').click();\ncy.get('.pixel').should('have.length', 25);",
              "err": {
                "message": "CypressError: Timed out retrying: Expected to find element: '#board-size', but never found it.",
                "estack": "CypressError: Timed out retrying: Expected to find element: '#board-size', but never found it.\n    at cypressErr (http://localhost:55633/__cypress/runner/cypress_runner.js:149934:9)\n    at throwErr (http://localhost:55633/__cypress/runner/cypress_runner.js:149867:11)\n    at Object.throwErrByPath (http://localhost:55633/__cypress/runner/cypress_runner.js:149915:3)\n    at retry (http://localhost:55633/__cypress/runner/cypress_runner.js:144197:19)\n    at onFailFn (http://localhost:55633/__cypress/runner/cypress_runner.js:132448:16)\n    at tryCatcher (http://localhost:55633/__cypress/runner/cypress_runner.js:167415:23)\n    at Promise._settlePromiseFromHandler (http://localhost:55633/__cypress/runner/cypress_runner.js:165351:31)\n    at Promise._settlePromise (http://localhost:55633/__cypress/runner/cypress_runner.js:165408:18)\n    at Promise._settlePromise0 (http://localhost:55633/__cypress/runner/cypress_runner.js:165453:10)\n    at Promise._settlePromises (http://localhost:55633/__cypress/runner/cypress_runner.js:165528:18)\n    at Async../node_modules/bluebird/js/release/async.js.Async._drainQueue (http://localhost:55633/__cypress/runner/cypress_runner.js:162140:16)\n    at Async../node_modules/bluebird/js/release/async.js.Async._drainQueues (http://localhost:55633/__cypress/runner/cypress_runner.js:162150:10)\n    at Async.drainQueues (http://localhost:55633/__cypress/runner/cypress_runner.js:162024:14)",
                "diff": null
              },
              "uuid": "b735a5a9-fbd7-4efd-877c-a534c8f207e5",
              "parentUUID": "e6233482-ba7e-4239-afc3-65ee5f2807c0",
              "isHook": false,
              "skipped": false
            },
            {
              "title": "Verifica se a altura do board é 50 quando um valor maior é colocado no input",
              "fullTitle": "11 - Limite o tamanho mínimo e máximo do board. Verifica se a altura do board é 50 quando um valor maior é colocado no input",
              "timedOut": null,
              "duration": 5864,
              "state": "failed",
              "speed": null,
              "pass": false,
              "fail": true,
              "pending": false,
              "context": null,
              "code": "cy.get('#board-size').clear().type(51);\ncy.get('#generate-board').click();\ncy.get('.pixel').should('have.length', 2500);",
              "err": {
                "message": "CypressError: Timed out retrying: Expected to find element: '#board-size', but never found it.",
                "estack": "CypressError: Timed out retrying: Expected to find element: '#board-size', but never found it.\n    at cypressErr (http://localhost:55633/__cypress/runner/cypress_runner.js:149934:9)\n    at throwErr (http://localhost:55633/__cypress/runner/cypress_runner.js:149867:11)\n    at Object.throwErrByPath (http://localhost:55633/__cypress/runner/cypress_runner.js:149915:3)\n    at retry (http://localhost:55633/__cypress/runner/cypress_runner.js:144197:19)\n    at onFailFn (http://localhost:55633/__cypress/runner/cypress_runner.js:132448:16)\n    at tryCatcher (http://localhost:55633/__cypress/runner/cypress_runner.js:167415:23)\n    at Promise._settlePromiseFromHandler (http://localhost:55633/__cypress/runner/cypress_runner.js:165351:31)\n    at Promise._settlePromise (http://localhost:55633/__cypress/runner/cypress_runner.js:165408:18)\n    at Promise._settlePromise0 (http://localhost:55633/__cypress/runner/cypress_runner.js:165453:10)\n    at Promise._settlePromises (http://localhost:55633/__cypress/runner/cypress_runner.js:165528:18)\n    at Async../node_modules/bluebird/js/release/async.js.Async._drainQueue (http://localhost:55633/__cypress/runner/cypress_runner.js:162140:16)\n    at Async../node_modules/bluebird/js/release/async.js.Async._drainQueues (http://localhost:55633/__cypress/runner/cypress_runner.js:162150:10)\n    at Async.drainQueues (http://localhost:55633/__cypress/runner/cypress_runner.js:162024:14)",
                "diff": null
              },
              "uuid": "5d39a569-d006-4901-af0d-3447ed0d6e05",
              "parentUUID": "e6233482-ba7e-4239-afc3-65ee5f2807c0",
              "isHook": false,
              "skipped": false
            }
          ],
          "suites": [],
          "passes": [],
          "failures": [
            "d5da5635-23ad-4dad-8c5d-05ee0b8097f6",
            "b735a5a9-fbd7-4efd-877c-a534c8f207e5",
            "5d39a569-d006-4901-af0d-3447ed0d6e05"
          ],
          "pending": [],
          "skipped": [],
          "duration": 17532,
          "root": false,
          "rootEmpty": false,
          "_timeout": 2000
        },
        {
          "uuid": "69f8ff2d-f591-4c07-8a1f-65745ade43ec",
          "title": "12 - Faça com que as cores da paleta sejam geradas aleatoriamente ao carregar a página.",
          "fullFile": "",
          "file": "",
          "beforeHooks": [],
          "afterHooks": [],
          "tests": [
            {
              "title": "Verifica se as cores geradas na paleta são diferentes a cada carregamento da página",
              "fullTitle": "12 - Faça com que as cores da paleta sejam geradas aleatoriamente ao carregar a página. Verifica se as cores geradas na paleta são diferentes a cada carregamento da página",
              "timedOut": null,
              "duration": 3680,
              "state": "failed",
              "speed": null,
              "pass": false,
              "fail": true,
              "pending": false,
              "context": null,
              "code": "cy.get('.color').then(function (colors) {\n  var currentColors;\n  var previousColors;\n  previousColors = Array.from(colors).map(function (color) {\n    return Cypress.$(color).css('background-color');\n  });\n  for (var i = 0; i < 5; i += 1) {\n    cy.reload();\n    cy.get('.color').then(function (colors) {\n      currentColors = Array.from(colors).map(function (color) {\n        return Cypress.$(color).css('background-color');\n      });\n      expect(currentColors).not.to.deep.equal(previousColors);\n      previousColors = currentColors;\n    });\n  }\n});",
              "err": {
                "message": "AssertionError: expected [ Array(4) ] to not deeply equal [ Array(4) ]",
                "estack": "AssertionError: expected [ Array(4) ] to not deeply equal [ Array(4) ]\n    at getRet (http://localhost:55633/__cypress/runner/cypress_runner.js:136585:16)\n    at tryCatcher (http://localhost:55633/__cypress/runner/cypress_runner.js:167415:23)\n    at Function.Promise.attempt.Promise.try (http://localhost:55633/__cypress/runner/cypress_runner.js:164690:29)\n    at Context.thenFn (http://localhost:55633/__cypress/runner/cypress_runner.js:136599:23)\n    at Context.then (http://localhost:55633/__cypress/runner/cypress_runner.js:136971:21)\n    at Context.<anonymous> (http://localhost:55633/__cypress/runner/cypress_runner.js:148875:21)\n    at http://localhost:55633/__cypress/runner/cypress_runner.js:148351:33\n    at tryCatcher (http://localhost:55633/__cypress/runner/cypress_runner.js:167415:23)\n    at Promise._settlePromiseFromHandler (http://localhost:55633/__cypress/runner/cypress_runner.js:165351:31)\n    at Promise._settlePromise (http://localhost:55633/__cypress/runner/cypress_runner.js:165408:18)\n    at Promise._settlePromiseCtx (http://localhost:55633/__cypress/runner/cypress_runner.js:165445:10)\n    at Async../node_modules/bluebird/js/release/async.js.Async._drainQueue (http://localhost:55633/__cypress/runner/cypress_runner.js:162145:12)\n    at Async../node_modules/bluebird/js/release/async.js.Async._drainQueues (http://localhost:55633/__cypress/runner/cypress_runner.js:162150:10)\n    at Async.drainQueues (http://localhost:55633/__cypress/runner/cypress_runner.js:162024:14)",
                "diff": ""
              },
              "uuid": "a6c49f04-e59d-4024-9338-2e59aca1516d",
              "parentUUID": "69f8ff2d-f591-4c07-8a1f-65745ade43ec",
              "isHook": false,
              "skipped": false
            },
            {
              "title": "Verifica se a cor preta ainda está presente e é a primeira na sua paleta de cores",
              "fullTitle": "12 - Faça com que as cores da paleta sejam geradas aleatoriamente ao carregar a página. Verifica se a cor preta ainda está presente e é a primeira na sua paleta de cores",
              "timedOut": null,
              "duration": 3220,
              "state": "failed",
              "speed": null,
              "pass": false,
              "fail": true,
              "pending": false,
              "context": null,
              "code": "cy.get('.color').then(function (colors) {\n  var currentColors;\n  var previousColors;\n  previousColors = Array.from(colors).map(function (color) {\n    return Cypress.$(color).css('background-color');\n  });\n  expect(previousColors[0]).to.eq(BLACK);\n  for (var i = 0; i < 5; i += 1) {\n    cy.reload();\n    cy.get('.color').then(function (colors) {\n      currentColors = Array.from(colors).map(function (color) {\n        return Cypress.$(color).css('background-color');\n      });\n      expect(currentColors[0]).to.eq(BLACK);\n      expect(currentColors).not.to.deep.equal(previousColors);\n      previousColors = currentColors;\n    });\n  }\n});",
              "err": {
                "message": "AssertionError: expected [ Array(4) ] to not deeply equal [ Array(4) ]",
                "estack": "AssertionError: expected [ Array(4) ] to not deeply equal [ Array(4) ]\n    at getRet (http://localhost:55633/__cypress/runner/cypress_runner.js:136585:16)\n    at tryCatcher (http://localhost:55633/__cypress/runner/cypress_runner.js:167415:23)\n    at Function.Promise.attempt.Promise.try (http://localhost:55633/__cypress/runner/cypress_runner.js:164690:29)\n    at Context.thenFn (http://localhost:55633/__cypress/runner/cypress_runner.js:136599:23)\n    at Context.then (http://localhost:55633/__cypress/runner/cypress_runner.js:136971:21)\n    at Context.<anonymous> (http://localhost:55633/__cypress/runner/cypress_runner.js:148875:21)\n    at http://localhost:55633/__cypress/runner/cypress_runner.js:148351:33\n    at tryCatcher (http://localhost:55633/__cypress/runner/cypress_runner.js:167415:23)\n    at Promise._settlePromiseFromHandler (http://localhost:55633/__cypress/runner/cypress_runner.js:165351:31)\n    at Promise._settlePromise (http://localhost:55633/__cypress/runner/cypress_runner.js:165408:18)\n    at Promise._settlePromiseCtx (http://localhost:55633/__cypress/runner/cypress_runner.js:165445:10)\n    at Async../node_modules/bluebird/js/release/async.js.Async._drainQueue (http://localhost:55633/__cypress/runner/cypress_runner.js:162145:12)\n    at Async../node_modules/bluebird/js/release/async.js.Async._drainQueues (http://localhost:55633/__cypress/runner/cypress_runner.js:162150:10)\n    at Async.drainQueues (http://localhost:55633/__cypress/runner/cypress_runner.js:162024:14)",
                "diff": ""
              },
              "uuid": "8b7922d7-e7c6-47d4-a04f-c533cad0dba0",
              "parentUUID": "69f8ff2d-f591-4c07-8a1f-65745ade43ec",
              "isHook": false,
              "skipped": false
            }
          ],
          "suites": [],
          "passes": [],
          "failures": [
            "a6c49f04-e59d-4024-9338-2e59aca1516d",
            "8b7922d7-e7c6-47d4-a04f-c533cad0dba0"
          ],
          "pending": [],
          "skipped": [],
          "duration": 6900,
          "root": false,
          "rootEmpty": false,
          "_timeout": 2000
        }
      ],
      "passes": [],
      "failures": [],
      "pending": [],
      "skipped": [],
      "duration": 0,
      "root": true,
      "rootEmpty": true,
      "_timeout": 2000
    }
  ],
  "meta": {
    "mocha": {
      "version": "7.0.1"
    },
    "mochawesome": {
      "options": {
        "quiet": false,
        "reportFilename": "mochawesome",
        "saveHtml": false,
        "saveJson": true,
        "consoleReporter": "spec",
        "useInlineDiffs": false
      },
      "version": "4.1.0"
    },
    "marge": {
      "options": {
        "id": "default",
        "reportDir": "cypress/reports",
        "overwrite": true,
        "html": false,
        "json": true
      },
      "version": "4.1.0"
    }
  }
}