{
  "stats": {
    "suites": 12,
    "tests": 41,
    "passes": 23,
    "pending": 0,
    "failures": 18,
    "start": "2021-08-15T17:03:32.059Z",
    "end": "2021-08-15T17:05:08.477Z",
    "duration": 96418,
    "testsRegistered": 41,
    "passPercent": 56.09756097560976,
    "pendingPercent": 0,
    "other": 0,
    "hasOther": false,
    "skipped": 0,
    "hasSkipped": false
  },
  "results": [
    {
      "uuid": "a3697b91-f916-49f7-9979-4ad388b08afc",
      "title": "",
      "fullFile": "cypress/integration/project.spec.js",
      "file": "cypress/integration/project.spec.js",
      "beforeHooks": [],
      "afterHooks": [],
      "tests": [],
      "suites": [
        {
          "uuid": "d8491fd3-3564-4971-94be-89cc8667f00f",
          "title": "1 - Adicione à página o título \"Paleta de Cores\".",
          "fullFile": "",
          "file": "",
          "beforeHooks": [],
          "afterHooks": [],
          "tests": [
            {
              "title": "Verifica se contém um elemento `h1` com o id `title` com o título correto",
              "fullTitle": "1 - Adicione à página o título \"Paleta de Cores\". Verifica se contém um elemento `h1` com o id `title` com o título correto",
              "timedOut": null,
              "duration": 169,
              "state": "passed",
              "speed": "slow",
              "pass": true,
              "fail": false,
              "pending": false,
              "context": null,
              "code": "cy.get('h1#title').should('contain.text', 'Paleta de Cores');",
              "err": {},
              "uuid": "811ae469-415b-46f6-bfc3-75881bd5d68b",
              "parentUUID": "d8491fd3-3564-4971-94be-89cc8667f00f",
              "isHook": false,
              "skipped": false
            }
          ],
          "suites": [],
          "passes": [
            "811ae469-415b-46f6-bfc3-75881bd5d68b"
          ],
          "failures": [],
          "pending": [],
          "skipped": [],
          "duration": 169,
          "root": false,
          "rootEmpty": false,
          "_timeout": 2000
        },
        {
          "uuid": "14be0181-e90d-4725-b945-8b2321a4f50b",
          "title": "2 - Adicione à página uma paleta de quatro cores distintas.",
          "fullFile": "",
          "file": "",
          "beforeHooks": [],
          "afterHooks": [],
          "tests": [
            {
              "title": "A paleta de cores deve ser um elemento com `id` denominado `color-palette`",
              "fullTitle": "2 - Adicione à página uma paleta de quatro cores distintas. A paleta de cores deve ser um elemento com `id` denominado `color-palette`",
              "timedOut": null,
              "duration": 104,
              "state": "passed",
              "speed": "slow",
              "pass": true,
              "fail": false,
              "pending": false,
              "context": null,
              "code": "cy.get('#color-palette').should('be.visible');",
              "err": {},
              "uuid": "1777b129-985c-4f4f-975a-5e9b4d6e1c5d",
              "parentUUID": "14be0181-e90d-4725-b945-8b2321a4f50b",
              "isHook": false,
              "skipped": false
            },
            {
              "title": "Verifica se cada cor individual da paleta de cores possui a `classe` chamada `color`.",
              "fullTitle": "2 - Adicione à página uma paleta de quatro cores distintas. Verifica se cada cor individual da paleta de cores possui a `classe` chamada `color`.",
              "timedOut": null,
              "duration": 114,
              "state": "passed",
              "speed": "slow",
              "pass": true,
              "fail": false,
              "pending": false,
              "context": null,
              "code": "cy.get('.color').should('have.length', 4).then(function (colors) {\n  for (var i = 0; i < colors.length; i++) {\n    cy.wrap(colors[i]).should('be.visible');\n  }\n});",
              "err": {},
              "uuid": "839fcb2a-a6b6-4f1d-ae66-9b813948c1d3",
              "parentUUID": "14be0181-e90d-4725-b945-8b2321a4f50b",
              "isHook": false,
              "skipped": false
            },
            {
              "title": "Verifica se a cor de fundo de cada elemento da paleta é a cor que o elemento representa. **A única cor não permitida na paleta é a cor branca.**",
              "fullTitle": "2 - Adicione à página uma paleta de quatro cores distintas. Verifica se a cor de fundo de cada elemento da paleta é a cor que o elemento representa. **A única cor não permitida na paleta é a cor branca.**",
              "timedOut": null,
              "duration": 133,
              "state": "passed",
              "speed": "slow",
              "pass": true,
              "fail": false,
              "pending": false,
              "context": null,
              "code": "cy.get('.color').each(function (color) {\n  cy.wrap(color).should('have.class', 'color').and('not.have.css', 'background-color', WHITE);\n  cy.wrap(color).should('have.css', 'background-color');\n});",
              "err": {},
              "uuid": "ebd05a01-32e8-43ee-b8f3-2d0c00c148b9",
              "parentUUID": "14be0181-e90d-4725-b945-8b2321a4f50b",
              "isHook": false,
              "skipped": false
            },
            {
              "title": "Verifica se cada elemento da paleta de cores tem uma borda preta, sólida e com 1 pixel de largura;",
              "fullTitle": "2 - Adicione à página uma paleta de quatro cores distintas. Verifica se cada elemento da paleta de cores tem uma borda preta, sólida e com 1 pixel de largura;",
              "timedOut": null,
              "duration": 103,
              "state": "passed",
              "speed": "slow",
              "pass": true,
              "fail": false,
              "pending": false,
              "context": null,
              "code": "cy.get('.color').each(function (color) {\n  cy.wrap(color).and('have.css', 'border', \"1px solid \".concat(BLACK)).and('have.class', 'color');\n});",
              "err": {},
              "uuid": "4295ec71-0a0e-4a72-9a29-49e9d503ff48",
              "parentUUID": "14be0181-e90d-4725-b945-8b2321a4f50b",
              "isHook": false,
              "skipped": false
            },
            {
              "title": "Verifica se a paleta lista todas as cores disponíveis para utilização, lado a lado.",
              "fullTitle": "2 - Adicione à página uma paleta de quatro cores distintas. Verifica se a paleta lista todas as cores disponíveis para utilização, lado a lado.",
              "timedOut": null,
              "duration": 149,
              "state": "passed",
              "speed": "slow",
              "pass": true,
              "fail": false,
              "pending": false,
              "context": null,
              "code": "cy.get('.color').then(function (colors) {\n  for (var index = 1; index < colors.length; index += 1) {\n    var currentColor = colors[index];\n    var previousColor = colors[index - 1];\n    cy.wrap(currentColor).should('be.onTheRightOf', previousColor).and('be.horizontallyAlignedWith', previousColor);\n  }\n});",
              "err": {},
              "uuid": "7cab6e1d-e5f7-427b-b59b-6f10fc1e28a5",
              "parentUUID": "14be0181-e90d-4725-b945-8b2321a4f50b",
              "isHook": false,
              "skipped": false
            },
            {
              "title": "Verifica se a paleta de cores está posicionada abaixo do título 'Paleta de Cores'",
              "fullTitle": "2 - Adicione à página uma paleta de quatro cores distintas. Verifica se a paleta de cores está posicionada abaixo do título 'Paleta de Cores'",
              "timedOut": null,
              "duration": 134,
              "state": "passed",
              "speed": "slow",
              "pass": true,
              "fail": false,
              "pending": false,
              "context": null,
              "code": "cy.get('h1#title').then(function (title) {\n  cy.get('#color-palette').should('be.belowOf', title);\n});",
              "err": {},
              "uuid": "6c4b9456-3131-4bed-b45a-0e526ced26d5",
              "parentUUID": "14be0181-e90d-4725-b945-8b2321a4f50b",
              "isHook": false,
              "skipped": false
            },
            {
              "title": "Verifica se a paleta de cores não contém cores repetidas.",
              "fullTitle": "2 - Adicione à página uma paleta de quatro cores distintas. Verifica se a paleta de cores não contém cores repetidas.",
              "timedOut": null,
              "duration": 125,
              "state": "passed",
              "speed": "slow",
              "pass": true,
              "fail": false,
              "pending": false,
              "context": null,
              "code": "cy.get('.color').then(function (colors) {\n  var allColors = Array.from(colors).map(function (color) {\n    return Cypress.$(color).css('background-color');\n  });\n  cy.log(allColors);\n  var uniqColors = (0, _toConsumableArray2[\"default\"])(new Set(allColors));\n  cy.log(uniqColors);\n  expect(allColors.length).to.eq(uniqColors.length);\n});",
              "err": {},
              "uuid": "336cdedc-78e3-422a-8617-3d6bd8178657",
              "parentUUID": "14be0181-e90d-4725-b945-8b2321a4f50b",
              "isHook": false,
              "skipped": false
            }
          ],
          "suites": [],
          "passes": [
            "1777b129-985c-4f4f-975a-5e9b4d6e1c5d",
            "839fcb2a-a6b6-4f1d-ae66-9b813948c1d3",
            "ebd05a01-32e8-43ee-b8f3-2d0c00c148b9",
            "4295ec71-0a0e-4a72-9a29-49e9d503ff48",
            "7cab6e1d-e5f7-427b-b59b-6f10fc1e28a5",
            "6c4b9456-3131-4bed-b45a-0e526ced26d5",
            "336cdedc-78e3-422a-8617-3d6bd8178657"
          ],
          "failures": [],
          "pending": [],
          "skipped": [],
          "duration": 862,
          "root": false,
          "rootEmpty": false,
          "_timeout": 2000
        },
        {
          "uuid": "4d9323a1-adfb-479b-944e-673ec1c4621b",
          "title": "3 - Adicione a cor **preta** como a primeira cor da paleta de cores.",
          "fullFile": "",
          "file": "",
          "beforeHooks": [],
          "afterHooks": [],
          "tests": [
            {
              "title": "Verifica se a primeira cor da paleta é preta",
              "fullTitle": "3 - Adicione a cor **preta** como a primeira cor da paleta de cores. Verifica se a primeira cor da paleta é preta",
              "timedOut": null,
              "duration": 97,
              "state": "passed",
              "speed": "slow",
              "pass": true,
              "fail": false,
              "pending": false,
              "context": null,
              "code": "cy.get('.color').first().should('have.css', 'background-color', BLACK);",
              "err": {},
              "uuid": "f69eff82-f52f-4aba-99d6-e3f4d28224cb",
              "parentUUID": "4d9323a1-adfb-479b-944e-673ec1c4621b",
              "isHook": false,
              "skipped": false
            },
            {
              "title": "Verifica se as demais cores podem ser escolhidas livremente.",
              "fullTitle": "3 - Adicione a cor **preta** como a primeira cor da paleta de cores. Verifica se as demais cores podem ser escolhidas livremente.",
              "timedOut": null,
              "duration": 155,
              "state": "passed",
              "speed": "slow",
              "pass": true,
              "fail": false,
              "pending": false,
              "context": null,
              "code": "cy.get('.color').eq(1).should('not.have.css', 'background-color', BLACK);\ncy.get('.color').eq(1).should('not.have.css', 'background-color', WHITE);\ncy.get('.color').eq(1).should('not.have.css', 'background-color', 'rgba(0, 0, 0, 0)');\ncy.get('.color').eq(1).should('have.css', 'background-color');\ncy.get('.color').eq(2).should('not.have.css', 'background-color', BLACK);\ncy.get('.color').eq(2).should('not.have.css', 'background-color', WHITE);\ncy.get('.color').eq(2).should('not.have.css', 'background-color', 'rgba(0, 0, 0, 0)');\ncy.get('.color').eq(2).should('have.css', 'background-color');\ncy.get('.color').eq(3).should('not.have.css', 'background-color', BLACK);\ncy.get('.color').eq(3).should('not.have.css', 'background-color', WHITE);\ncy.get('.color').eq(3).should('not.have.css', 'background-color', 'rgba(0, 0, 0, 0)');\ncy.get('.color').eq(3).should('have.css', 'background-color');",
              "err": {},
              "uuid": "62d68a9c-b711-4bc9-b723-3e10e5e3aff9",
              "parentUUID": "4d9323a1-adfb-479b-944e-673ec1c4621b",
              "isHook": false,
              "skipped": false
            }
          ],
          "suites": [],
          "passes": [
            "f69eff82-f52f-4aba-99d6-e3f4d28224cb",
            "62d68a9c-b711-4bc9-b723-3e10e5e3aff9"
          ],
          "failures": [],
          "pending": [],
          "skipped": [],
          "duration": 252,
          "root": false,
          "rootEmpty": false,
          "_timeout": 2000
        },
        {
          "uuid": "6b7cc0f2-8c9b-408c-9992-ce8b00e2b9eb",
          "title": "4 - Adicione à página um quadro de pixels, com 25 pixels.",
          "fullFile": "",
          "file": "",
          "beforeHooks": [],
          "afterHooks": [],
          "tests": [
            {
              "title": "Verifica se o quadro de pixels possui o `id` denominado `pixel-board`",
              "fullTitle": "4 - Adicione à página um quadro de pixels, com 25 pixels. Verifica se o quadro de pixels possui o `id` denominado `pixel-board`",
              "timedOut": null,
              "duration": 104,
              "state": "passed",
              "speed": "slow",
              "pass": true,
              "fail": false,
              "pending": false,
              "context": null,
              "code": "cy.get('#pixel-board').should('be.visible');",
              "err": {},
              "uuid": "3363e732-d62e-49f2-8056-11814a85dcd2",
              "parentUUID": "6b7cc0f2-8c9b-408c-9992-ce8b00e2b9eb",
              "isHook": false,
              "skipped": false
            },
            {
              "title": "Verifica se cada pixel individual dentro do quadro possui a `classe` denominada `pixel`.",
              "fullTitle": "4 - Adicione à página um quadro de pixels, com 25 pixels. Verifica se cada pixel individual dentro do quadro possui a `classe` denominada `pixel`.",
              "timedOut": null,
              "duration": 115,
              "state": "passed",
              "speed": "slow",
              "pass": true,
              "fail": false,
              "pending": false,
              "context": null,
              "code": "cy.get('.pixel').should('have.length', 25);",
              "err": {},
              "uuid": "2b710a3a-cfd6-4568-a45c-f709ade83ae7",
              "parentUUID": "6b7cc0f2-8c9b-408c-9992-ce8b00e2b9eb",
              "isHook": false,
              "skipped": false
            },
            {
              "title": "Verifica se a cor inicial dos pixels dentro do quadro, ao abrir a página, é branca.",
              "fullTitle": "4 - Adicione à página um quadro de pixels, com 25 pixels. Verifica se a cor inicial dos pixels dentro do quadro, ao abrir a página, é branca.",
              "timedOut": null,
              "duration": 191,
              "state": "passed",
              "speed": "slow",
              "pass": true,
              "fail": false,
              "pending": false,
              "context": null,
              "code": "cy.get('.pixel').should('have.length', 25).each(function (pixel) {\n  expect(pixel).to.have.css('background-color', WHITE);\n});",
              "err": {},
              "uuid": "9c926b2e-83d9-4c66-b2db-b70bea1d1f6d",
              "parentUUID": "6b7cc0f2-8c9b-408c-9992-ce8b00e2b9eb",
              "isHook": false,
              "skipped": false
            },
            {
              "title": "Verifica se o quadro de pixels aparece abaixo da paleta de cores",
              "fullTitle": "4 - Adicione à página um quadro de pixels, com 25 pixels. Verifica se o quadro de pixels aparece abaixo da paleta de cores",
              "timedOut": null,
              "duration": 90,
              "state": "passed",
              "speed": "slow",
              "pass": true,
              "fail": false,
              "pending": false,
              "context": null,
              "code": "cy.get('#color-palette').then(function (palette) {\n  cy.get('#pixel-board').should('be.belowOf', palette);\n});",
              "err": {},
              "uuid": "705b3c71-ea19-44d3-9964-d8e87afcbfda",
              "parentUUID": "6b7cc0f2-8c9b-408c-9992-ce8b00e2b9eb",
              "isHook": false,
              "skipped": false
            }
          ],
          "suites": [],
          "passes": [
            "3363e732-d62e-49f2-8056-11814a85dcd2",
            "2b710a3a-cfd6-4568-a45c-f709ade83ae7",
            "9c926b2e-83d9-4c66-b2db-b70bea1d1f6d",
            "705b3c71-ea19-44d3-9964-d8e87afcbfda"
          ],
          "failures": [],
          "pending": [],
          "skipped": [],
          "duration": 500,
          "root": false,
          "rootEmpty": false,
          "_timeout": 2000
        },
        {
          "uuid": "95924e53-3e1e-42f7-9f63-834fa1c66823",
          "title": "5 - Faça com que cada elemento do quadro de pixels possua 40 pixels de largura, 40 pixels de altura e seja delimitado por uma borda preta de 1 pixel.",
          "fullFile": "",
          "file": "",
          "beforeHooks": [],
          "afterHooks": [],
          "tests": [
            {
              "title": "Verifica se o quadro de pixels tem altura e comprimento de 5 elementos",
              "fullTitle": "5 - Faça com que cada elemento do quadro de pixels possua 40 pixels de largura, 40 pixels de altura e seja delimitado por uma borda preta de 1 pixel. Verifica se o quadro de pixels tem altura e comprimento de 5 elementos",
              "timedOut": null,
              "duration": 278,
              "state": "passed",
              "speed": "slow",
              "pass": true,
              "fail": false,
              "pending": false,
              "context": null,
              "code": "cy.get('.pixel').should('have.length', 25).each(function (pixel) {\n  expect(pixel).to.have.css('background-color', WHITE);\n}).and(function (pixels) {\n  var rows = chunk(pixels, 5);\n  rows.forEach(function (row) {\n    for (var index = 1; index < row.length; index += 1) {\n      var current = pixels[index];\n      var previous = pixels[index - 1];\n      cy.wrap(current).should('be.onTheRightOf', previous).and('be.horizontallyAlignedWith', previous);\n    }\n  });\n  for (var index = 1; index < 5; index += 1) {\n    expect(pixels[index * 5]).to.be.belowOf(pixels[(index - 1) * 5]);\n  }\n});",
              "err": {},
              "uuid": "ad2b617f-d85a-4632-b7c2-bbfd506593ec",
              "parentUUID": "95924e53-3e1e-42f7-9f63-834fa1c66823",
              "isHook": false,
              "skipped": false
            },
            {
              "title": "Verifica se 40 pixels é o tamanho total do elemento, incluindo seu conteúdo e excluindo a borda preta, que deve ser criada à parte.",
              "fullTitle": "5 - Faça com que cada elemento do quadro de pixels possua 40 pixels de largura, 40 pixels de altura e seja delimitado por uma borda preta de 1 pixel. Verifica se 40 pixels é o tamanho total do elemento, incluindo seu conteúdo e excluindo a borda preta, que deve ser criada à parte.",
              "timedOut": null,
              "duration": 258,
              "state": "passed",
              "speed": "slow",
              "pass": true,
              "fail": false,
              "pending": false,
              "context": null,
              "code": "cy.get('.pixel').each(function (pixel) {\n  cy.wrap(pixel).should('have.css', 'height', '40px').and('have.css', 'width', '40px').and('have.css', 'border', \"1px solid \".concat(BLACK));\n});",
              "err": {},
              "uuid": "af4df359-b948-4b06-bb0a-bf0aaa6ad64d",
              "parentUUID": "95924e53-3e1e-42f7-9f63-834fa1c66823",
              "isHook": false,
              "skipped": false
            }
          ],
          "suites": [],
          "passes": [
            "ad2b617f-d85a-4632-b7c2-bbfd506593ec",
            "af4df359-b948-4b06-bb0a-bf0aaa6ad64d"
          ],
          "failures": [],
          "pending": [],
          "skipped": [],
          "duration": 536,
          "root": false,
          "rootEmpty": false,
          "_timeout": 2000
        },
        {
          "uuid": "019f8736-41de-4489-a40c-06537ccb8ee5",
          "title": "6 - Defina a cor preta como cor inicial. Ao carregar a página a cor preta já deve estar selecionada para pintar os pixels",
          "fullFile": "",
          "file": "",
          "beforeHooks": [],
          "afterHooks": [],
          "tests": [
            {
              "title": "Verifica se o elemento da cor preta possui, inicialmente, a `classe` `selected`",
              "fullTitle": "6 - Defina a cor preta como cor inicial. Ao carregar a página a cor preta já deve estar selecionada para pintar os pixels Verifica se o elemento da cor preta possui, inicialmente, a `classe` `selected`",
              "timedOut": null,
              "duration": 93,
              "state": "passed",
              "speed": "slow",
              "pass": true,
              "fail": false,
              "pending": false,
              "context": null,
              "code": "cy.get('.selected').first().should('have.css', 'background-color', BLACK);",
              "err": {},
              "uuid": "7ac4d55d-e95b-48fd-88dc-c451183c1808",
              "parentUUID": "019f8736-41de-4489-a40c-06537ccb8ee5",
              "isHook": false,
              "skipped": false
            },
            {
              "title": "Verifica se nenhuma outra cor da paleta tem a `classe` `selected`",
              "fullTitle": "6 - Defina a cor preta como cor inicial. Ao carregar a página a cor preta já deve estar selecionada para pintar os pixels Verifica se nenhuma outra cor da paleta tem a `classe` `selected`",
              "timedOut": null,
              "duration": 77,
              "state": "passed",
              "speed": "slow",
              "pass": true,
              "fail": false,
              "pending": false,
              "context": null,
              "code": "cy.get('.color:not(:first-child)').each(function (color) {\n  cy.wrap(color).should('not.have.class', 'selected');\n});",
              "err": {},
              "uuid": "2de8ebaf-e73b-4482-b0fe-9ab56f6f00fd",
              "parentUUID": "019f8736-41de-4489-a40c-06537ccb8ee5",
              "isHook": false,
              "skipped": false
            }
          ],
          "suites": [],
          "passes": [
            "7ac4d55d-e95b-48fd-88dc-c451183c1808",
            "2de8ebaf-e73b-4482-b0fe-9ab56f6f00fd"
          ],
          "failures": [],
          "pending": [],
          "skipped": [],
          "duration": 170,
          "root": false,
          "rootEmpty": false,
          "_timeout": 2000
        },
        {
          "uuid": "585e9b40-fb4d-4781-a744-6c96f04df8cd",
          "title": "7 - Clicar em uma das cores da paleta, faz com que ela seja selecionada e utilizada para preencher os pixels no quadro.",
          "fullFile": "",
          "file": "",
          "beforeHooks": [],
          "afterHooks": [],
          "tests": [
            {
              "title": "Verifica se somente uma cor da paleta de cores tem a classe `selected` de cada vez",
              "fullTitle": "7 - Clicar em uma das cores da paleta, faz com que ela seja selecionada e utilizada para preencher os pixels no quadro. Verifica se somente uma cor da paleta de cores tem a classe `selected` de cada vez",
              "timedOut": null,
              "duration": 474,
              "state": "passed",
              "speed": "slow",
              "pass": true,
              "fail": false,
              "pending": false,
              "context": null,
              "code": "cy.get('.color').each(function (selectedColor, selectedColorIndex) {\n  cy.wrap(selectedColor).click();\n  cy.get('.color').each(function (color, colorIndex) {\n    if (colorIndex === selectedColorIndex) {\n      expect(color).to.have[\"class\"]('selected');\n    } else {\n      expect(color).not.to.have[\"class\"]('selected');\n    }\n  });\n});",
              "err": {},
              "uuid": "412a820a-e3a9-4739-8c9a-eaf68168c654",
              "parentUUID": "585e9b40-fb4d-4781-a744-6c96f04df8cd",
              "isHook": false,
              "skipped": false
            },
            {
              "title": "Verifica se os pixels dentro do quadro não têm a classe `selected` quando são clicados",
              "fullTitle": "7 - Clicar em uma das cores da paleta, faz com que ela seja selecionada e utilizada para preencher os pixels no quadro. Verifica se os pixels dentro do quadro não têm a classe `selected` quando são clicados",
              "timedOut": null,
              "duration": 8449,
              "state": "passed",
              "speed": "slow",
              "pass": true,
              "fail": false,
              "pending": false,
              "context": null,
              "code": "cy.get('.color').each(function (color) {\n  var backgroundColor = color.css('background-color');\n  cy.wrap(color).click();\n  cy.get('.pixel').each(function (pixel) {\n    cy.wrap(pixel).click().should('not.have.class', 'selected');\n  });\n});",
              "err": {},
              "uuid": "465cd1a9-9154-4446-a189-112710e4abc6",
              "parentUUID": "585e9b40-fb4d-4781-a744-6c96f04df8cd",
              "isHook": false,
              "skipped": false
            }
          ],
          "suites": [],
          "passes": [
            "412a820a-e3a9-4739-8c9a-eaf68168c654",
            "465cd1a9-9154-4446-a189-112710e4abc6"
          ],
          "failures": [],
          "pending": [],
          "skipped": [],
          "duration": 8923,
          "root": false,
          "rootEmpty": false,
          "_timeout": 2000
        },
        {
          "uuid": "629822f9-326a-4ce5-ae0d-d01812065285",
          "title": "8 - Clicar em um pixel dentro do quadro após selecionar uma cor na paleta, faz com que o pixel seja preenchido com a cor selecionada.",
          "fullFile": "",
          "file": "",
          "beforeHooks": [],
          "afterHooks": [],
          "tests": [
            {
              "title": "Verifica se ao carregar a página deve ser possível pintar os pixels de preto",
              "fullTitle": "8 - Clicar em um pixel dentro do quadro após selecionar uma cor na paleta, faz com que o pixel seja preenchido com a cor selecionada. Verifica se ao carregar a página deve ser possível pintar os pixels de preto",
              "timedOut": null,
              "duration": 2173,
              "state": "passed",
              "speed": "slow",
              "pass": true,
              "fail": false,
              "pending": false,
              "context": null,
              "code": "cy.get('.pixel').each(function (pixel) {\n  cy.wrap(pixel).click().should('have.css', 'background-color', BLACK);\n});",
              "err": {},
              "uuid": "b7a1faa1-e1c5-4139-8ba3-45fcb4153253",
              "parentUUID": "629822f9-326a-4ce5-ae0d-d01812065285",
              "isHook": false,
              "skipped": false
            },
            {
              "title": "Verifica se após selecionar uma outra cor na paleta, é possível pintar os pixels com essa cor",
              "fullTitle": "8 - Clicar em um pixel dentro do quadro após selecionar uma cor na paleta, faz com que o pixel seja preenchido com a cor selecionada. Verifica se após selecionar uma outra cor na paleta, é possível pintar os pixels com essa cor",
              "timedOut": null,
              "duration": 8376,
              "state": "passed",
              "speed": "slow",
              "pass": true,
              "fail": false,
              "pending": false,
              "context": null,
              "code": "cy.get('.color').each(function (color) {\n  var backgroundColor = color.css('background-color');\n  cy.wrap(color).click();\n  cy.get('.pixel').each(function (pixel) {\n    cy.wrap(pixel).click().should('have.css', 'background-color', backgroundColor);\n  });\n});",
              "err": {},
              "uuid": "30c6bc36-7441-4c1d-b3a0-af9fb6e434f4",
              "parentUUID": "629822f9-326a-4ce5-ae0d-d01812065285",
              "isHook": false,
              "skipped": false
            },
            {
              "title": "Verifica se somente o pixel que foi clicado foi preenchido com a cor selecionada, sem influenciar na cor dos demais pixels.",
              "fullTitle": "8 - Clicar em um pixel dentro do quadro após selecionar uma cor na paleta, faz com que o pixel seja preenchido com a cor selecionada. Verifica se somente o pixel que foi clicado foi preenchido com a cor selecionada, sem influenciar na cor dos demais pixels.",
              "timedOut": null,
              "duration": 1326,
              "state": "passed",
              "speed": "slow",
              "pass": true,
              "fail": false,
              "pending": false,
              "context": null,
              "code": "var colorToPixelIndexMap = {\n  0: 6,\n  1: 8,\n  2: 16,\n  3: 18\n};\ncy.get('.color').each(function (color, index) {\n  cy.wrap(color).click();\n  var backgroundColor = color.css('background-color');\n  var clickedPixelIndex = colorToPixelIndexMap[index];\n  cy.get('.pixel').eq(clickedPixelIndex).click();\n  cy.get('.pixel').eq(clickedPixelIndex - 1).should('not.have.css', 'background-color', backgroundColor);\n  cy.get('.pixel').eq(clickedPixelIndex + 1).should('not.have.css', 'background-color', backgroundColor);\n  cy.get('.pixel').eq(clickedPixelIndex - 5).should('not.have.css', 'background-color', backgroundColor);\n  cy.get('.pixel').eq(clickedPixelIndex + 5).should('not.have.css', 'background-color', backgroundColor);\n  cy.get('.pixel').eq(clickedPixelIndex - 6).should('not.have.css', 'background-color', backgroundColor);\n  cy.get('.pixel').eq(clickedPixelIndex - 4).should('not.have.css', 'background-color', backgroundColor);\n  cy.get('.pixel').eq(clickedPixelIndex + 4).should('not.have.css', 'background-color', backgroundColor);\n  cy.get('.pixel').eq(clickedPixelIndex + 6).should('not.have.css', 'background-color', backgroundColor);\n});",
              "err": {},
              "uuid": "1763059d-b102-4e72-8c90-5c547f12169a",
              "parentUUID": "629822f9-326a-4ce5-ae0d-d01812065285",
              "isHook": false,
              "skipped": false
            }
          ],
          "suites": [],
          "passes": [
            "b7a1faa1-e1c5-4139-8ba3-45fcb4153253",
            "30c6bc36-7441-4c1d-b3a0-af9fb6e434f4",
            "1763059d-b102-4e72-8c90-5c547f12169a"
          ],
          "failures": [],
          "pending": [],
          "skipped": [],
          "duration": 11875,
          "root": false,
          "rootEmpty": false,
          "_timeout": 2000
        },
        {
          "uuid": "40214b5d-f735-4aef-8e3e-90aa2c5bebab",
          "title": "9 - Crie um botão que, ao ser clicado, limpa o quadro preenchendo a cor de todos seus pixels com branco.",
          "fullFile": "",
          "file": "",
          "beforeHooks": [],
          "afterHooks": [],
          "tests": [
            {
              "title": "Verifica se o botão tem o `id` denominado `clear-board`",
              "fullTitle": "9 - Crie um botão que, ao ser clicado, limpa o quadro preenchendo a cor de todos seus pixels com branco. Verifica se o botão tem o `id` denominado `clear-board`",
              "timedOut": null,
              "duration": 4326,
              "state": "failed",
              "speed": null,
              "pass": false,
              "fail": true,
              "pending": false,
              "context": null,
              "code": "cy.get('#clear-board').should('be.visible');",
              "err": {
                "message": "CypressError: Timed out retrying: Expected to find element: '#clear-board', but never found it.",
                "estack": "CypressError: Timed out retrying: Expected to find element: '#clear-board', but never found it.\n    at cypressErr (http://localhost:41075/__cypress/runner/cypress_runner.js:149934:9)\n    at throwErr (http://localhost:41075/__cypress/runner/cypress_runner.js:149867:11)\n    at Object.throwErrByPath (http://localhost:41075/__cypress/runner/cypress_runner.js:149915:3)\n    at retry (http://localhost:41075/__cypress/runner/cypress_runner.js:144197:19)\n    at onFailFn (http://localhost:41075/__cypress/runner/cypress_runner.js:132448:16)\n    at tryCatcher (http://localhost:41075/__cypress/runner/cypress_runner.js:167415:23)\n    at Promise._settlePromiseFromHandler (http://localhost:41075/__cypress/runner/cypress_runner.js:165351:31)\n    at Promise._settlePromise (http://localhost:41075/__cypress/runner/cypress_runner.js:165408:18)\n    at Promise._settlePromise0 (http://localhost:41075/__cypress/runner/cypress_runner.js:165453:10)\n    at Promise._settlePromises (http://localhost:41075/__cypress/runner/cypress_runner.js:165528:18)\n    at Async../node_modules/bluebird/js/release/async.js.Async._drainQueue (http://localhost:41075/__cypress/runner/cypress_runner.js:162140:16)\n    at Async../node_modules/bluebird/js/release/async.js.Async._drainQueues (http://localhost:41075/__cypress/runner/cypress_runner.js:162150:10)\n    at Async.drainQueues (http://localhost:41075/__cypress/runner/cypress_runner.js:162024:14)",
                "diff": null
              },
              "uuid": "943998a0-3aa4-49c6-a041-f1f4f3c9fdf3",
              "parentUUID": "40214b5d-f735-4aef-8e3e-90aa2c5bebab",
              "isHook": false,
              "skipped": false
            },
            {
              "title": "Verifica se o botão está posicionado entre a paleta de cores e o quadro de pixels",
              "fullTitle": "9 - Crie um botão que, ao ser clicado, limpa o quadro preenchendo a cor de todos seus pixels com branco. Verifica se o botão está posicionado entre a paleta de cores e o quadro de pixels",
              "timedOut": null,
              "duration": 4392,
              "state": "failed",
              "speed": null,
              "pass": false,
              "fail": true,
              "pending": false,
              "context": null,
              "code": "cy.get('#color-palette').then(function (palette) {\n  cy.get('#clear-board').should('be.belowOf', palette);\n});\ncy.get('#clear-board').then(function (clearBtn) {\n  cy.get('#pixel-board').should('be.belowOf', clearBtn);\n});",
              "err": {
                "message": "CypressError: Timed out retrying: Expected to find element: '#clear-board', but never found it.",
                "estack": "CypressError: Timed out retrying: Expected to find element: '#clear-board', but never found it.\n    at cypressErr (http://localhost:41075/__cypress/runner/cypress_runner.js:149934:9)\n    at throwErr (http://localhost:41075/__cypress/runner/cypress_runner.js:149867:11)\n    at Object.throwErrByPath (http://localhost:41075/__cypress/runner/cypress_runner.js:149915:3)\n    at retry (http://localhost:41075/__cypress/runner/cypress_runner.js:144197:19)\n    at onFailFn (http://localhost:41075/__cypress/runner/cypress_runner.js:132448:16)\n    at tryCatcher (http://localhost:41075/__cypress/runner/cypress_runner.js:167415:23)\n    at Promise._settlePromiseFromHandler (http://localhost:41075/__cypress/runner/cypress_runner.js:165351:31)\n    at Promise._settlePromise (http://localhost:41075/__cypress/runner/cypress_runner.js:165408:18)\n    at Promise._settlePromise0 (http://localhost:41075/__cypress/runner/cypress_runner.js:165453:10)\n    at Promise._settlePromises (http://localhost:41075/__cypress/runner/cypress_runner.js:165528:18)\n    at Async../node_modules/bluebird/js/release/async.js.Async._drainQueue (http://localhost:41075/__cypress/runner/cypress_runner.js:162140:16)\n    at Async../node_modules/bluebird/js/release/async.js.Async._drainQueues (http://localhost:41075/__cypress/runner/cypress_runner.js:162150:10)\n    at Async.drainQueues (http://localhost:41075/__cypress/runner/cypress_runner.js:162024:14)",
                "diff": null
              },
              "uuid": "2c511263-402e-4f30-a311-4bf66b371b99",
              "parentUUID": "40214b5d-f735-4aef-8e3e-90aa2c5bebab",
              "isHook": false,
              "skipped": false
            },
            {
              "title": "Verifica se o texto do botão é 'Limpar'",
              "fullTitle": "9 - Crie um botão que, ao ser clicado, limpa o quadro preenchendo a cor de todos seus pixels com branco. Verifica se o texto do botão é 'Limpar'",
              "timedOut": null,
              "duration": 4301,
              "state": "failed",
              "speed": null,
              "pass": false,
              "fail": true,
              "pending": false,
              "context": null,
              "code": "cy.get('#clear-board').should('contain.text', 'Limpar');",
              "err": {
                "message": "CypressError: Timed out retrying: Expected to find element: '#clear-board', but never found it.",
                "estack": "CypressError: Timed out retrying: Expected to find element: '#clear-board', but never found it.\n    at cypressErr (http://localhost:41075/__cypress/runner/cypress_runner.js:149934:9)\n    at throwErr (http://localhost:41075/__cypress/runner/cypress_runner.js:149867:11)\n    at Object.throwErrByPath (http://localhost:41075/__cypress/runner/cypress_runner.js:149915:3)\n    at retry (http://localhost:41075/__cypress/runner/cypress_runner.js:144197:19)\n    at onFailFn (http://localhost:41075/__cypress/runner/cypress_runner.js:132448:16)\n    at tryCatcher (http://localhost:41075/__cypress/runner/cypress_runner.js:167415:23)\n    at Promise._settlePromiseFromHandler (http://localhost:41075/__cypress/runner/cypress_runner.js:165351:31)\n    at Promise._settlePromise (http://localhost:41075/__cypress/runner/cypress_runner.js:165408:18)\n    at Promise._settlePromise0 (http://localhost:41075/__cypress/runner/cypress_runner.js:165453:10)\n    at Promise._settlePromises (http://localhost:41075/__cypress/runner/cypress_runner.js:165528:18)\n    at Async../node_modules/bluebird/js/release/async.js.Async._drainQueue (http://localhost:41075/__cypress/runner/cypress_runner.js:162140:16)\n    at Async../node_modules/bluebird/js/release/async.js.Async._drainQueues (http://localhost:41075/__cypress/runner/cypress_runner.js:162150:10)\n    at Async.drainQueues (http://localhost:41075/__cypress/runner/cypress_runner.js:162024:14)",
                "diff": null
              },
              "uuid": "19820aad-2d31-44c7-8599-4ea0c3f676c9",
              "parentUUID": "40214b5d-f735-4aef-8e3e-90aa2c5bebab",
              "isHook": false,
              "skipped": false
            },
            {
              "title": "Verifica se ao clicar no botão, o quadro de pixels é totalmente preenchido de branco",
              "fullTitle": "9 - Crie um botão que, ao ser clicado, limpa o quadro preenchendo a cor de todos seus pixels com branco. Verifica se ao clicar no botão, o quadro de pixels é totalmente preenchido de branco",
              "timedOut": null,
              "duration": 6316,
              "state": "failed",
              "speed": null,
              "pass": false,
              "fail": true,
              "pending": false,
              "context": null,
              "code": "cy.get('.color').eq(1).then(function (color) {\n  var backgroundColor = color.css('background-color');\n  cy.wrap(color).click();\n  cy.get('.pixel').each(function (pixel) {\n    cy.wrap(pixel).click().should('have.css', 'background-color', backgroundColor);\n  });\n});\ncy.get('#clear-board').click();\ncy.get('.pixel').each(function (pixel) {\n  cy.wrap(pixel).should('have.css', 'background-color', WHITE);\n});",
              "err": {
                "message": "CypressError: Timed out retrying: Expected to find element: '#clear-board', but never found it.",
                "estack": "CypressError: Timed out retrying: Expected to find element: '#clear-board', but never found it.\n    at cypressErr (http://localhost:41075/__cypress/runner/cypress_runner.js:149934:9)\n    at throwErr (http://localhost:41075/__cypress/runner/cypress_runner.js:149867:11)\n    at Object.throwErrByPath (http://localhost:41075/__cypress/runner/cypress_runner.js:149915:3)\n    at retry (http://localhost:41075/__cypress/runner/cypress_runner.js:144197:19)\n    at onFailFn (http://localhost:41075/__cypress/runner/cypress_runner.js:132448:16)\n    at tryCatcher (http://localhost:41075/__cypress/runner/cypress_runner.js:167415:23)\n    at Promise._settlePromiseFromHandler (http://localhost:41075/__cypress/runner/cypress_runner.js:165351:31)\n    at Promise._settlePromise (http://localhost:41075/__cypress/runner/cypress_runner.js:165408:18)\n    at Promise._settlePromise0 (http://localhost:41075/__cypress/runner/cypress_runner.js:165453:10)\n    at Promise._settlePromises (http://localhost:41075/__cypress/runner/cypress_runner.js:165528:18)\n    at Async../node_modules/bluebird/js/release/async.js.Async._drainQueue (http://localhost:41075/__cypress/runner/cypress_runner.js:162140:16)\n    at Async../node_modules/bluebird/js/release/async.js.Async._drainQueues (http://localhost:41075/__cypress/runner/cypress_runner.js:162150:10)\n    at Async.drainQueues (http://localhost:41075/__cypress/runner/cypress_runner.js:162024:14)",
                "diff": null
              },
              "uuid": "755884e6-72ca-45b8-8a9a-b0eba85da18e",
              "parentUUID": "40214b5d-f735-4aef-8e3e-90aa2c5bebab",
              "isHook": false,
              "skipped": false
            }
          ],
          "suites": [],
          "passes": [],
          "failures": [
            "943998a0-3aa4-49c6-a041-f1f4f3c9fdf3",
            "2c511263-402e-4f30-a311-4bf66b371b99",
            "19820aad-2d31-44c7-8599-4ea0c3f676c9",
            "755884e6-72ca-45b8-8a9a-b0eba85da18e"
          ],
          "pending": [],
          "skipped": [],
          "duration": 19335,
          "root": false,
          "rootEmpty": false,
          "_timeout": 2000
        },
        {
          "uuid": "b9b85dbf-a979-4cc3-8d54-fa18247c3788",
          "title": "10 - Faça o quadro de pixels ter seu tamanho definido pelo usuário.",
          "fullFile": "",
          "file": "",
          "beforeHooks": [],
          "afterHooks": [],
          "tests": [
            {
              "title": "Verifica se existe um input com o id `board-size`",
              "fullTitle": "10 - Faça o quadro de pixels ter seu tamanho definido pelo usuário. Verifica se existe um input com o id `board-size`",
              "timedOut": null,
              "duration": 4356,
              "state": "failed",
              "speed": null,
              "pass": false,
              "fail": true,
              "pending": false,
              "context": null,
              "code": "cy.get('#board-size').should('be.visible');",
              "err": {
                "message": "CypressError: Timed out retrying: Expected to find element: '#board-size', but never found it.",
                "estack": "CypressError: Timed out retrying: Expected to find element: '#board-size', but never found it.\n    at cypressErr (http://localhost:41075/__cypress/runner/cypress_runner.js:149934:9)\n    at throwErr (http://localhost:41075/__cypress/runner/cypress_runner.js:149867:11)\n    at Object.throwErrByPath (http://localhost:41075/__cypress/runner/cypress_runner.js:149915:3)\n    at retry (http://localhost:41075/__cypress/runner/cypress_runner.js:144197:19)\n    at onFailFn (http://localhost:41075/__cypress/runner/cypress_runner.js:132448:16)\n    at tryCatcher (http://localhost:41075/__cypress/runner/cypress_runner.js:167415:23)\n    at Promise._settlePromiseFromHandler (http://localhost:41075/__cypress/runner/cypress_runner.js:165351:31)\n    at Promise._settlePromise (http://localhost:41075/__cypress/runner/cypress_runner.js:165408:18)\n    at Promise._settlePromise0 (http://localhost:41075/__cypress/runner/cypress_runner.js:165453:10)\n    at Promise._settlePromises (http://localhost:41075/__cypress/runner/cypress_runner.js:165528:18)\n    at Async../node_modules/bluebird/js/release/async.js.Async._drainQueue (http://localhost:41075/__cypress/runner/cypress_runner.js:162140:16)\n    at Async../node_modules/bluebird/js/release/async.js.Async._drainQueues (http://localhost:41075/__cypress/runner/cypress_runner.js:162150:10)\n    at Async.drainQueues (http://localhost:41075/__cypress/runner/cypress_runner.js:162024:14)",
                "diff": null
              },
              "uuid": "59fb7c81-d0d2-43cf-80b6-c9dd9f2755b1",
              "parentUUID": "b9b85dbf-a979-4cc3-8d54-fa18247c3788",
              "isHook": false,
              "skipped": false
            },
            {
              "title": "Verifica se existe um botão com o id `generate-board`",
              "fullTitle": "10 - Faça o quadro de pixels ter seu tamanho definido pelo usuário. Verifica se existe um botão com o id `generate-board`",
              "timedOut": null,
              "duration": 4338,
              "state": "failed",
              "speed": null,
              "pass": false,
              "fail": true,
              "pending": false,
              "context": null,
              "code": "cy.get('#generate-board').should('be.visible');",
              "err": {
                "message": "CypressError: Timed out retrying: Expected to find element: '#generate-board', but never found it.",
                "estack": "CypressError: Timed out retrying: Expected to find element: '#generate-board', but never found it.\n    at cypressErr (http://localhost:41075/__cypress/runner/cypress_runner.js:149934:9)\n    at throwErr (http://localhost:41075/__cypress/runner/cypress_runner.js:149867:11)\n    at Object.throwErrByPath (http://localhost:41075/__cypress/runner/cypress_runner.js:149915:3)\n    at retry (http://localhost:41075/__cypress/runner/cypress_runner.js:144197:19)\n    at onFailFn (http://localhost:41075/__cypress/runner/cypress_runner.js:132448:16)\n    at tryCatcher (http://localhost:41075/__cypress/runner/cypress_runner.js:167415:23)\n    at Promise._settlePromiseFromHandler (http://localhost:41075/__cypress/runner/cypress_runner.js:165351:31)\n    at Promise._settlePromise (http://localhost:41075/__cypress/runner/cypress_runner.js:165408:18)\n    at Promise._settlePromise0 (http://localhost:41075/__cypress/runner/cypress_runner.js:165453:10)\n    at Promise._settlePromises (http://localhost:41075/__cypress/runner/cypress_runner.js:165528:18)\n    at Async../node_modules/bluebird/js/release/async.js.Async._drainQueue (http://localhost:41075/__cypress/runner/cypress_runner.js:162140:16)\n    at Async../node_modules/bluebird/js/release/async.js.Async._drainQueues (http://localhost:41075/__cypress/runner/cypress_runner.js:162150:10)\n    at Async.drainQueues (http://localhost:41075/__cypress/runner/cypress_runner.js:162024:14)",
                "diff": null
              },
              "uuid": "30a4046c-f262-4904-95da-1508cc260cb4",
              "parentUUID": "b9b85dbf-a979-4cc3-8d54-fa18247c3788",
              "isHook": false,
              "skipped": false
            },
            {
              "title": "Verifica se o input só aceita número maiores que zero. Essa restrição deve ser feita usando os atributos do elemento `input`",
              "fullTitle": "10 - Faça o quadro de pixels ter seu tamanho definido pelo usuário. Verifica se o input só aceita número maiores que zero. Essa restrição deve ser feita usando os atributos do elemento `input`",
              "timedOut": null,
              "duration": 4408,
              "state": "failed",
              "speed": null,
              "pass": false,
              "fail": true,
              "pending": false,
              "context": null,
              "code": "cy.get('#board-size[type=\\'number\\'][min=\\'1\\']');",
              "err": {
                "message": "CypressError: Timed out retrying: Expected to find element: '#board-size[type='number'][min='1']', but never found it.",
                "estack": "CypressError: Timed out retrying: Expected to find element: '#board-size[type='number'][min='1']', but never found it.\n    at cypressErr (http://localhost:41075/__cypress/runner/cypress_runner.js:149934:9)\n    at throwErr (http://localhost:41075/__cypress/runner/cypress_runner.js:149867:11)\n    at Object.throwErrByPath (http://localhost:41075/__cypress/runner/cypress_runner.js:149915:3)\n    at retry (http://localhost:41075/__cypress/runner/cypress_runner.js:144197:19)\n    at onFailFn (http://localhost:41075/__cypress/runner/cypress_runner.js:132448:16)\n    at tryCatcher (http://localhost:41075/__cypress/runner/cypress_runner.js:167415:23)\n    at Promise._settlePromiseFromHandler (http://localhost:41075/__cypress/runner/cypress_runner.js:165351:31)\n    at Promise._settlePromise (http://localhost:41075/__cypress/runner/cypress_runner.js:165408:18)\n    at Promise._settlePromise0 (http://localhost:41075/__cypress/runner/cypress_runner.js:165453:10)\n    at Promise._settlePromises (http://localhost:41075/__cypress/runner/cypress_runner.js:165528:18)\n    at Async../node_modules/bluebird/js/release/async.js.Async._drainQueue (http://localhost:41075/__cypress/runner/cypress_runner.js:162140:16)\n    at Async../node_modules/bluebird/js/release/async.js.Async._drainQueues (http://localhost:41075/__cypress/runner/cypress_runner.js:162150:10)\n    at Async.drainQueues (http://localhost:41075/__cypress/runner/cypress_runner.js:162024:14)",
                "diff": null
              },
              "uuid": "eb4bf8aa-94e9-41e7-89c6-762da1c23610",
              "parentUUID": "b9b85dbf-a979-4cc3-8d54-fa18247c3788",
              "isHook": false,
              "skipped": false
            },
            {
              "title": "Verifica se o botão contém o texto 'VQV'",
              "fullTitle": "10 - Faça o quadro de pixels ter seu tamanho definido pelo usuário. Verifica se o botão contém o texto 'VQV'",
              "timedOut": null,
              "duration": 4288,
              "state": "failed",
              "speed": null,
              "pass": false,
              "fail": true,
              "pending": false,
              "context": null,
              "code": "cy.get('#generate-board').contains(/vqv/i);",
              "err": {
                "message": "CypressError: Timed out retrying: Expected to find element: '#generate-board', but never found it.",
                "estack": "CypressError: Timed out retrying: Expected to find element: '#generate-board', but never found it.\n    at cypressErr (http://localhost:41075/__cypress/runner/cypress_runner.js:149934:9)\n    at throwErr (http://localhost:41075/__cypress/runner/cypress_runner.js:149867:11)\n    at Object.throwErrByPath (http://localhost:41075/__cypress/runner/cypress_runner.js:149915:3)\n    at retry (http://localhost:41075/__cypress/runner/cypress_runner.js:144197:19)\n    at onFailFn (http://localhost:41075/__cypress/runner/cypress_runner.js:132448:16)\n    at tryCatcher (http://localhost:41075/__cypress/runner/cypress_runner.js:167415:23)\n    at Promise._settlePromiseFromHandler (http://localhost:41075/__cypress/runner/cypress_runner.js:165351:31)\n    at Promise._settlePromise (http://localhost:41075/__cypress/runner/cypress_runner.js:165408:18)\n    at Promise._settlePromise0 (http://localhost:41075/__cypress/runner/cypress_runner.js:165453:10)\n    at Promise._settlePromises (http://localhost:41075/__cypress/runner/cypress_runner.js:165528:18)\n    at Async../node_modules/bluebird/js/release/async.js.Async._drainQueue (http://localhost:41075/__cypress/runner/cypress_runner.js:162140:16)\n    at Async../node_modules/bluebird/js/release/async.js.Async._drainQueues (http://localhost:41075/__cypress/runner/cypress_runner.js:162150:10)\n    at Async.drainQueues (http://localhost:41075/__cypress/runner/cypress_runner.js:162024:14)",
                "diff": null
              },
              "uuid": "a43d94f3-1c0a-4848-a1c1-410233ee377c",
              "parentUUID": "b9b85dbf-a979-4cc3-8d54-fa18247c3788",
              "isHook": false,
              "skipped": false
            },
            {
              "title": "Verifica se o input está posicionado entre a paleta de cores e o quadro de pixels",
              "fullTitle": "10 - Faça o quadro de pixels ter seu tamanho definido pelo usuário. Verifica se o input está posicionado entre a paleta de cores e o quadro de pixels",
              "timedOut": null,
              "duration": 4310,
              "state": "failed",
              "speed": null,
              "pass": false,
              "fail": true,
              "pending": false,
              "context": null,
              "code": "cy.get('#color-palette').then(function (palette) {\n  cy.get('#board-size').should('be.belowOf', palette);\n});\ncy.get('#board-size').then(function (palette) {\n  cy.get('#pixel-board').should('be.belowOf', palette);\n});",
              "err": {
                "message": "CypressError: Timed out retrying: Expected to find element: '#board-size', but never found it.",
                "estack": "CypressError: Timed out retrying: Expected to find element: '#board-size', but never found it.\n    at cypressErr (http://localhost:41075/__cypress/runner/cypress_runner.js:149934:9)\n    at throwErr (http://localhost:41075/__cypress/runner/cypress_runner.js:149867:11)\n    at Object.throwErrByPath (http://localhost:41075/__cypress/runner/cypress_runner.js:149915:3)\n    at retry (http://localhost:41075/__cypress/runner/cypress_runner.js:144197:19)\n    at onFailFn (http://localhost:41075/__cypress/runner/cypress_runner.js:132448:16)\n    at tryCatcher (http://localhost:41075/__cypress/runner/cypress_runner.js:167415:23)\n    at Promise._settlePromiseFromHandler (http://localhost:41075/__cypress/runner/cypress_runner.js:165351:31)\n    at Promise._settlePromise (http://localhost:41075/__cypress/runner/cypress_runner.js:165408:18)\n    at Promise._settlePromise0 (http://localhost:41075/__cypress/runner/cypress_runner.js:165453:10)\n    at Promise._settlePromises (http://localhost:41075/__cypress/runner/cypress_runner.js:165528:18)\n    at Async../node_modules/bluebird/js/release/async.js.Async._drainQueue (http://localhost:41075/__cypress/runner/cypress_runner.js:162140:16)\n    at Async../node_modules/bluebird/js/release/async.js.Async._drainQueues (http://localhost:41075/__cypress/runner/cypress_runner.js:162150:10)\n    at Async.drainQueues (http://localhost:41075/__cypress/runner/cypress_runner.js:162024:14)",
                "diff": null
              },
              "uuid": "590c3cfb-4700-4984-a615-fc69f5814c56",
              "parentUUID": "b9b85dbf-a979-4cc3-8d54-fa18247c3788",
              "isHook": false,
              "skipped": false
            },
            {
              "title": "Verifica se o botão está posicionado ao lado do input",
              "fullTitle": "10 - Faça o quadro de pixels ter seu tamanho definido pelo usuário. Verifica se o botão está posicionado ao lado do input",
              "timedOut": null,
              "duration": 4307,
              "state": "failed",
              "speed": null,
              "pass": false,
              "fail": true,
              "pending": false,
              "context": null,
              "code": "cy.get('#board-size').then(function (board) {\n  cy.get('#generate-board').should('be.onTheRightOf', board);\n});",
              "err": {
                "message": "CypressError: Timed out retrying: Expected to find element: '#board-size', but never found it.",
                "estack": "CypressError: Timed out retrying: Expected to find element: '#board-size', but never found it.\n    at cypressErr (http://localhost:41075/__cypress/runner/cypress_runner.js:149934:9)\n    at throwErr (http://localhost:41075/__cypress/runner/cypress_runner.js:149867:11)\n    at Object.throwErrByPath (http://localhost:41075/__cypress/runner/cypress_runner.js:149915:3)\n    at retry (http://localhost:41075/__cypress/runner/cypress_runner.js:144197:19)\n    at onFailFn (http://localhost:41075/__cypress/runner/cypress_runner.js:132448:16)\n    at tryCatcher (http://localhost:41075/__cypress/runner/cypress_runner.js:167415:23)\n    at Promise._settlePromiseFromHandler (http://localhost:41075/__cypress/runner/cypress_runner.js:165351:31)\n    at Promise._settlePromise (http://localhost:41075/__cypress/runner/cypress_runner.js:165408:18)\n    at Promise._settlePromise0 (http://localhost:41075/__cypress/runner/cypress_runner.js:165453:10)\n    at Promise._settlePromises (http://localhost:41075/__cypress/runner/cypress_runner.js:165528:18)\n    at Async../node_modules/bluebird/js/release/async.js.Async._drainQueue (http://localhost:41075/__cypress/runner/cypress_runner.js:162140:16)\n    at Async../node_modules/bluebird/js/release/async.js.Async._drainQueues (http://localhost:41075/__cypress/runner/cypress_runner.js:162150:10)\n    at Async.drainQueues (http://localhost:41075/__cypress/runner/cypress_runner.js:162024:14)",
                "diff": null
              },
              "uuid": "1d713da8-d33d-446a-bef1-c057b3b057cd",
              "parentUUID": "b9b85dbf-a979-4cc3-8d54-fa18247c3788",
              "isHook": false,
              "skipped": false
            },
            {
              "title": "Verifica se nenhum valor for colocado no input ao clicar no botão, um `alert` é exibido com o texto: 'Board inválido!'",
              "fullTitle": "10 - Faça o quadro de pixels ter seu tamanho definido pelo usuário. Verifica se nenhum valor for colocado no input ao clicar no botão, um `alert` é exibido com o texto: 'Board inválido!'",
              "timedOut": null,
              "duration": 4292,
              "state": "failed",
              "speed": null,
              "pass": false,
              "fail": true,
              "pending": false,
              "context": null,
              "code": "var alerted = false;\ncy.on('window:alert', function (msg) {\n  return alerted = msg;\n});\ncy.get('#generate-board').click().then(function () {\n  return expect(alerted).to.match(/Board inválido!/i);\n});",
              "err": {
                "message": "CypressError: Timed out retrying: Expected to find element: '#generate-board', but never found it.",
                "estack": "CypressError: Timed out retrying: Expected to find element: '#generate-board', but never found it.\n    at cypressErr (http://localhost:41075/__cypress/runner/cypress_runner.js:149934:9)\n    at throwErr (http://localhost:41075/__cypress/runner/cypress_runner.js:149867:11)\n    at Object.throwErrByPath (http://localhost:41075/__cypress/runner/cypress_runner.js:149915:3)\n    at retry (http://localhost:41075/__cypress/runner/cypress_runner.js:144197:19)\n    at onFailFn (http://localhost:41075/__cypress/runner/cypress_runner.js:132448:16)\n    at tryCatcher (http://localhost:41075/__cypress/runner/cypress_runner.js:167415:23)\n    at Promise._settlePromiseFromHandler (http://localhost:41075/__cypress/runner/cypress_runner.js:165351:31)\n    at Promise._settlePromise (http://localhost:41075/__cypress/runner/cypress_runner.js:165408:18)\n    at Promise._settlePromise0 (http://localhost:41075/__cypress/runner/cypress_runner.js:165453:10)\n    at Promise._settlePromises (http://localhost:41075/__cypress/runner/cypress_runner.js:165528:18)\n    at Async../node_modules/bluebird/js/release/async.js.Async._drainQueue (http://localhost:41075/__cypress/runner/cypress_runner.js:162140:16)\n    at Async../node_modules/bluebird/js/release/async.js.Async._drainQueues (http://localhost:41075/__cypress/runner/cypress_runner.js:162150:10)\n    at Async.drainQueues (http://localhost:41075/__cypress/runner/cypress_runner.js:162024:14)",
                "diff": null
              },
              "uuid": "997511fd-675a-4e46-8c34-f13cc75ee960",
              "parentUUID": "b9b85dbf-a979-4cc3-8d54-fa18247c3788",
              "isHook": false,
              "skipped": false
            },
            {
              "title": "Verifica se ao clicar no botão com um valor preenchido, o tamanho do board muda.",
              "fullTitle": "10 - Faça o quadro de pixels ter seu tamanho definido pelo usuário. Verifica se ao clicar no botão com um valor preenchido, o tamanho do board muda.",
              "timedOut": null,
              "duration": 4325,
              "state": "failed",
              "speed": null,
              "pass": false,
              "fail": true,
              "pending": false,
              "context": null,
              "code": "cy.get('#board-size').clear().type(10);\ncy.get('#generate-board').click();\ncy.get('.pixel').should('have.length', 100);",
              "err": {
                "message": "CypressError: Timed out retrying: Expected to find element: '#board-size', but never found it.",
                "estack": "CypressError: Timed out retrying: Expected to find element: '#board-size', but never found it.\n    at cypressErr (http://localhost:41075/__cypress/runner/cypress_runner.js:149934:9)\n    at throwErr (http://localhost:41075/__cypress/runner/cypress_runner.js:149867:11)\n    at Object.throwErrByPath (http://localhost:41075/__cypress/runner/cypress_runner.js:149915:3)\n    at retry (http://localhost:41075/__cypress/runner/cypress_runner.js:144197:19)\n    at onFailFn (http://localhost:41075/__cypress/runner/cypress_runner.js:132448:16)\n    at tryCatcher (http://localhost:41075/__cypress/runner/cypress_runner.js:167415:23)\n    at Promise._settlePromiseFromHandler (http://localhost:41075/__cypress/runner/cypress_runner.js:165351:31)\n    at Promise._settlePromise (http://localhost:41075/__cypress/runner/cypress_runner.js:165408:18)\n    at Promise._settlePromise0 (http://localhost:41075/__cypress/runner/cypress_runner.js:165453:10)\n    at Promise._settlePromises (http://localhost:41075/__cypress/runner/cypress_runner.js:165528:18)\n    at Async../node_modules/bluebird/js/release/async.js.Async._drainQueue (http://localhost:41075/__cypress/runner/cypress_runner.js:162140:16)\n    at Async../node_modules/bluebird/js/release/async.js.Async._drainQueues (http://localhost:41075/__cypress/runner/cypress_runner.js:162150:10)\n    at Async.drainQueues (http://localhost:41075/__cypress/runner/cypress_runner.js:162024:14)",
                "diff": null
              },
              "uuid": "097e8e06-e65b-417f-ab01-6fa1937d6fbd",
              "parentUUID": "b9b85dbf-a979-4cc3-8d54-fa18247c3788",
              "isHook": false,
              "skipped": false
            },
            {
              "title": "Verifica se o novo quadro tem todos os pixels preenchidos com a cor branca",
              "fullTitle": "10 - Faça o quadro de pixels ter seu tamanho definido pelo usuário. Verifica se o novo quadro tem todos os pixels preenchidos com a cor branca",
              "timedOut": null,
              "duration": 4324,
              "state": "failed",
              "speed": null,
              "pass": false,
              "fail": true,
              "pending": false,
              "context": null,
              "code": "cy.get('#board-size').clear().type(6);\ncy.get('#generate-board').click();\ncy.get('.pixel').should('have.length', 36).each(function (pixel) {\n  expect(pixel).to.have.css('background-color', WHITE);\n});",
              "err": {
                "message": "CypressError: Timed out retrying: Expected to find element: '#board-size', but never found it.",
                "estack": "CypressError: Timed out retrying: Expected to find element: '#board-size', but never found it.\n    at cypressErr (http://localhost:41075/__cypress/runner/cypress_runner.js:149934:9)\n    at throwErr (http://localhost:41075/__cypress/runner/cypress_runner.js:149867:11)\n    at Object.throwErrByPath (http://localhost:41075/__cypress/runner/cypress_runner.js:149915:3)\n    at retry (http://localhost:41075/__cypress/runner/cypress_runner.js:144197:19)\n    at onFailFn (http://localhost:41075/__cypress/runner/cypress_runner.js:132448:16)\n    at tryCatcher (http://localhost:41075/__cypress/runner/cypress_runner.js:167415:23)\n    at Promise._settlePromiseFromHandler (http://localhost:41075/__cypress/runner/cypress_runner.js:165351:31)\n    at Promise._settlePromise (http://localhost:41075/__cypress/runner/cypress_runner.js:165408:18)\n    at Promise._settlePromise0 (http://localhost:41075/__cypress/runner/cypress_runner.js:165453:10)\n    at Promise._settlePromises (http://localhost:41075/__cypress/runner/cypress_runner.js:165528:18)\n    at Async../node_modules/bluebird/js/release/async.js.Async._drainQueue (http://localhost:41075/__cypress/runner/cypress_runner.js:162140:16)\n    at Async../node_modules/bluebird/js/release/async.js.Async._drainQueues (http://localhost:41075/__cypress/runner/cypress_runner.js:162150:10)\n    at Async.drainQueues (http://localhost:41075/__cypress/runner/cypress_runner.js:162024:14)",
                "diff": null
              },
              "uuid": "5063cd55-1d87-4d6b-8e1d-594f5b1880cc",
              "parentUUID": "b9b85dbf-a979-4cc3-8d54-fa18247c3788",
              "isHook": false,
              "skipped": false
            }
          ],
          "suites": [],
          "passes": [],
          "failures": [
            "59fb7c81-d0d2-43cf-80b6-c9dd9f2755b1",
            "30a4046c-f262-4904-95da-1508cc260cb4",
            "eb4bf8aa-94e9-41e7-89c6-762da1c23610",
            "a43d94f3-1c0a-4848-a1c1-410233ee377c",
            "590c3cfb-4700-4984-a615-fc69f5814c56",
            "1d713da8-d33d-446a-bef1-c057b3b057cd",
            "997511fd-675a-4e46-8c34-f13cc75ee960",
            "097e8e06-e65b-417f-ab01-6fa1937d6fbd",
            "5063cd55-1d87-4d6b-8e1d-594f5b1880cc"
          ],
          "pending": [],
          "skipped": [],
          "duration": 38948,
          "root": false,
          "rootEmpty": false,
          "_timeout": 2000
        },
        {
          "uuid": "93ed7bbe-5fd5-4185-9da8-aaaf1129acdd",
          "title": "11 - Limite o tamanho mínimo e máximo do board.",
          "fullFile": "",
          "file": "",
          "beforeHooks": [],
          "afterHooks": [],
          "tests": [
            {
              "title": "Verifica se a altura máxima do board é 50",
              "fullTitle": "11 - Limite o tamanho mínimo e máximo do board. Verifica se a altura máxima do board é 50",
              "timedOut": null,
              "duration": 4319,
              "state": "failed",
              "speed": null,
              "pass": false,
              "fail": true,
              "pending": false,
              "context": null,
              "code": "cy.get('#board-size').clear().type(50);\ncy.get('#generate-board').click();\ncy.get('.pixel').should('have.length', 2500);",
              "err": {
                "message": "CypressError: Timed out retrying: Expected to find element: '#board-size', but never found it.",
                "estack": "CypressError: Timed out retrying: Expected to find element: '#board-size', but never found it.\n    at cypressErr (http://localhost:41075/__cypress/runner/cypress_runner.js:149934:9)\n    at throwErr (http://localhost:41075/__cypress/runner/cypress_runner.js:149867:11)\n    at Object.throwErrByPath (http://localhost:41075/__cypress/runner/cypress_runner.js:149915:3)\n    at retry (http://localhost:41075/__cypress/runner/cypress_runner.js:144197:19)\n    at onFailFn (http://localhost:41075/__cypress/runner/cypress_runner.js:132448:16)\n    at tryCatcher (http://localhost:41075/__cypress/runner/cypress_runner.js:167415:23)\n    at Promise._settlePromiseFromHandler (http://localhost:41075/__cypress/runner/cypress_runner.js:165351:31)\n    at Promise._settlePromise (http://localhost:41075/__cypress/runner/cypress_runner.js:165408:18)\n    at Promise._settlePromise0 (http://localhost:41075/__cypress/runner/cypress_runner.js:165453:10)\n    at Promise._settlePromises (http://localhost:41075/__cypress/runner/cypress_runner.js:165528:18)\n    at Async../node_modules/bluebird/js/release/async.js.Async._drainQueue (http://localhost:41075/__cypress/runner/cypress_runner.js:162140:16)\n    at Async../node_modules/bluebird/js/release/async.js.Async._drainQueues (http://localhost:41075/__cypress/runner/cypress_runner.js:162150:10)\n    at Async.drainQueues (http://localhost:41075/__cypress/runner/cypress_runner.js:162024:14)",
                "diff": null
              },
              "uuid": "a0335804-e24c-4db4-9863-7e2f06501728",
              "parentUUID": "93ed7bbe-5fd5-4185-9da8-aaaf1129acdd",
              "isHook": false,
              "skipped": false
            },
            {
              "title": "Verifica se a altura do board é 5 quando um valor menor é colocado no input",
              "fullTitle": "11 - Limite o tamanho mínimo e máximo do board. Verifica se a altura do board é 5 quando um valor menor é colocado no input",
              "timedOut": null,
              "duration": 4298,
              "state": "failed",
              "speed": null,
              "pass": false,
              "fail": true,
              "pending": false,
              "context": null,
              "code": "cy.get('#board-size').clear().type(4);\ncy.get('#generate-board').click();\ncy.get('.pixel').should('have.length', 25);",
              "err": {
                "message": "CypressError: Timed out retrying: Expected to find element: '#board-size', but never found it.",
                "estack": "CypressError: Timed out retrying: Expected to find element: '#board-size', but never found it.\n    at cypressErr (http://localhost:41075/__cypress/runner/cypress_runner.js:149934:9)\n    at throwErr (http://localhost:41075/__cypress/runner/cypress_runner.js:149867:11)\n    at Object.throwErrByPath (http://localhost:41075/__cypress/runner/cypress_runner.js:149915:3)\n    at retry (http://localhost:41075/__cypress/runner/cypress_runner.js:144197:19)\n    at onFailFn (http://localhost:41075/__cypress/runner/cypress_runner.js:132448:16)\n    at tryCatcher (http://localhost:41075/__cypress/runner/cypress_runner.js:167415:23)\n    at Promise._settlePromiseFromHandler (http://localhost:41075/__cypress/runner/cypress_runner.js:165351:31)\n    at Promise._settlePromise (http://localhost:41075/__cypress/runner/cypress_runner.js:165408:18)\n    at Promise._settlePromise0 (http://localhost:41075/__cypress/runner/cypress_runner.js:165453:10)\n    at Promise._settlePromises (http://localhost:41075/__cypress/runner/cypress_runner.js:165528:18)\n    at Async../node_modules/bluebird/js/release/async.js.Async._drainQueue (http://localhost:41075/__cypress/runner/cypress_runner.js:162140:16)\n    at Async../node_modules/bluebird/js/release/async.js.Async._drainQueues (http://localhost:41075/__cypress/runner/cypress_runner.js:162150:10)\n    at Async.drainQueues (http://localhost:41075/__cypress/runner/cypress_runner.js:162024:14)",
                "diff": null
              },
              "uuid": "1a57bb48-5587-405c-9c61-35b1ee0edb62",
              "parentUUID": "93ed7bbe-5fd5-4185-9da8-aaaf1129acdd",
              "isHook": false,
              "skipped": false
            },
            {
              "title": "Verifica se a altura do board é 50 quando um valor maior é colocado no input",
              "fullTitle": "11 - Limite o tamanho mínimo e máximo do board. Verifica se a altura do board é 50 quando um valor maior é colocado no input",
              "timedOut": null,
              "duration": 4312,
              "state": "failed",
              "speed": null,
              "pass": false,
              "fail": true,
              "pending": false,
              "context": null,
              "code": "cy.get('#board-size').clear().type(51);\ncy.get('#generate-board').click();\ncy.get('.pixel').should('have.length', 2500);",
              "err": {
                "message": "CypressError: Timed out retrying: Expected to find element: '#board-size', but never found it.",
                "estack": "CypressError: Timed out retrying: Expected to find element: '#board-size', but never found it.\n    at cypressErr (http://localhost:41075/__cypress/runner/cypress_runner.js:149934:9)\n    at throwErr (http://localhost:41075/__cypress/runner/cypress_runner.js:149867:11)\n    at Object.throwErrByPath (http://localhost:41075/__cypress/runner/cypress_runner.js:149915:3)\n    at retry (http://localhost:41075/__cypress/runner/cypress_runner.js:144197:19)\n    at onFailFn (http://localhost:41075/__cypress/runner/cypress_runner.js:132448:16)\n    at tryCatcher (http://localhost:41075/__cypress/runner/cypress_runner.js:167415:23)\n    at Promise._settlePromiseFromHandler (http://localhost:41075/__cypress/runner/cypress_runner.js:165351:31)\n    at Promise._settlePromise (http://localhost:41075/__cypress/runner/cypress_runner.js:165408:18)\n    at Promise._settlePromise0 (http://localhost:41075/__cypress/runner/cypress_runner.js:165453:10)\n    at Promise._settlePromises (http://localhost:41075/__cypress/runner/cypress_runner.js:165528:18)\n    at Async../node_modules/bluebird/js/release/async.js.Async._drainQueue (http://localhost:41075/__cypress/runner/cypress_runner.js:162140:16)\n    at Async../node_modules/bluebird/js/release/async.js.Async._drainQueues (http://localhost:41075/__cypress/runner/cypress_runner.js:162150:10)\n    at Async.drainQueues (http://localhost:41075/__cypress/runner/cypress_runner.js:162024:14)",
                "diff": null
              },
              "uuid": "4822c7f0-d003-495f-95c0-891166f8b011",
              "parentUUID": "93ed7bbe-5fd5-4185-9da8-aaaf1129acdd",
              "isHook": false,
              "skipped": false
            }
          ],
          "suites": [],
          "passes": [],
          "failures": [
            "a0335804-e24c-4db4-9863-7e2f06501728",
            "1a57bb48-5587-405c-9c61-35b1ee0edb62",
            "4822c7f0-d003-495f-95c0-891166f8b011"
          ],
          "pending": [],
          "skipped": [],
          "duration": 12929,
          "root": false,
          "rootEmpty": false,
          "_timeout": 2000
        },
        {
          "uuid": "ad87bb9e-23c2-4645-bde2-726a302744fb",
          "title": "12 - Faça com que as cores da paleta sejam geradas aleatoriamente ao carregar a página.",
          "fullFile": "",
          "file": "",
          "beforeHooks": [],
          "afterHooks": [],
          "tests": [
            {
              "title": "Verifica se as cores geradas na paleta são diferentes a cada carregamento da página",
              "fullTitle": "12 - Faça com que as cores da paleta sejam geradas aleatoriamente ao carregar a página. Verifica se as cores geradas na paleta são diferentes a cada carregamento da página",
              "timedOut": null,
              "duration": 436,
              "state": "failed",
              "speed": null,
              "pass": false,
              "fail": true,
              "pending": false,
              "context": null,
              "code": "cy.get('.color').then(function (colors) {\n  var currentColors;\n  var previousColors;\n  previousColors = Array.from(colors).map(function (color) {\n    return Cypress.$(color).css('background-color');\n  });\n  for (var i = 0; i < 5; i += 1) {\n    cy.reload();\n    cy.get('.color').then(function (colors) {\n      currentColors = Array.from(colors).map(function (color) {\n        return Cypress.$(color).css('background-color');\n      });\n      expect(currentColors).not.to.deep.equal(previousColors);\n      previousColors = currentColors;\n    });\n  }\n});",
              "err": {
                "message": "AssertionError: expected [ Array(4) ] to not deeply equal [ Array(4) ]",
                "estack": "AssertionError: expected [ Array(4) ] to not deeply equal [ Array(4) ]\n    at getRet (http://localhost:41075/__cypress/runner/cypress_runner.js:136585:16)\n    at tryCatcher (http://localhost:41075/__cypress/runner/cypress_runner.js:167415:23)\n    at Function.Promise.attempt.Promise.try (http://localhost:41075/__cypress/runner/cypress_runner.js:164690:29)\n    at Context.thenFn (http://localhost:41075/__cypress/runner/cypress_runner.js:136599:23)\n    at Context.then (http://localhost:41075/__cypress/runner/cypress_runner.js:136971:21)\n    at Context.<anonymous> (http://localhost:41075/__cypress/runner/cypress_runner.js:148875:21)\n    at http://localhost:41075/__cypress/runner/cypress_runner.js:148351:33\n    at tryCatcher (http://localhost:41075/__cypress/runner/cypress_runner.js:167415:23)\n    at Promise._settlePromiseFromHandler (http://localhost:41075/__cypress/runner/cypress_runner.js:165351:31)\n    at Promise._settlePromise (http://localhost:41075/__cypress/runner/cypress_runner.js:165408:18)\n    at Promise._settlePromiseCtx (http://localhost:41075/__cypress/runner/cypress_runner.js:165445:10)\n    at Async../node_modules/bluebird/js/release/async.js.Async._drainQueue (http://localhost:41075/__cypress/runner/cypress_runner.js:162145:12)\n    at Async../node_modules/bluebird/js/release/async.js.Async._drainQueues (http://localhost:41075/__cypress/runner/cypress_runner.js:162150:10)\n    at Async.drainQueues (http://localhost:41075/__cypress/runner/cypress_runner.js:162024:14)",
                "diff": ""
              },
              "uuid": "99330509-ca5b-4ca2-901e-025017a08fef",
              "parentUUID": "ad87bb9e-23c2-4645-bde2-726a302744fb",
              "isHook": false,
              "skipped": false
            },
            {
              "title": "Verifica se a cor preta ainda está presente e é a primeira na sua paleta de cores",
              "fullTitle": "12 - Faça com que as cores da paleta sejam geradas aleatoriamente ao carregar a página. Verifica se a cor preta ainda está presente e é a primeira na sua paleta de cores",
              "timedOut": null,
              "duration": 400,
              "state": "failed",
              "speed": null,
              "pass": false,
              "fail": true,
              "pending": false,
              "context": null,
              "code": "cy.get('.color').then(function (colors) {\n  var currentColors;\n  var previousColors;\n  previousColors = Array.from(colors).map(function (color) {\n    return Cypress.$(color).css('background-color');\n  });\n  expect(previousColors[0]).to.eq(BLACK);\n  for (var i = 0; i < 5; i += 1) {\n    cy.reload();\n    cy.get('.color').then(function (colors) {\n      currentColors = Array.from(colors).map(function (color) {\n        return Cypress.$(color).css('background-color');\n      });\n      expect(currentColors[0]).to.eq(BLACK);\n      expect(currentColors).not.to.deep.equal(previousColors);\n      previousColors = currentColors;\n    });\n  }\n});",
              "err": {
                "message": "AssertionError: expected [ Array(4) ] to not deeply equal [ Array(4) ]",
                "estack": "AssertionError: expected [ Array(4) ] to not deeply equal [ Array(4) ]\n    at getRet (http://localhost:41075/__cypress/runner/cypress_runner.js:136585:16)\n    at tryCatcher (http://localhost:41075/__cypress/runner/cypress_runner.js:167415:23)\n    at Function.Promise.attempt.Promise.try (http://localhost:41075/__cypress/runner/cypress_runner.js:164690:29)\n    at Context.thenFn (http://localhost:41075/__cypress/runner/cypress_runner.js:136599:23)\n    at Context.then (http://localhost:41075/__cypress/runner/cypress_runner.js:136971:21)\n    at Context.<anonymous> (http://localhost:41075/__cypress/runner/cypress_runner.js:148875:21)\n    at http://localhost:41075/__cypress/runner/cypress_runner.js:148351:33\n    at tryCatcher (http://localhost:41075/__cypress/runner/cypress_runner.js:167415:23)\n    at Promise._settlePromiseFromHandler (http://localhost:41075/__cypress/runner/cypress_runner.js:165351:31)\n    at Promise._settlePromise (http://localhost:41075/__cypress/runner/cypress_runner.js:165408:18)\n    at Promise._settlePromiseCtx (http://localhost:41075/__cypress/runner/cypress_runner.js:165445:10)\n    at Async../node_modules/bluebird/js/release/async.js.Async._drainQueue (http://localhost:41075/__cypress/runner/cypress_runner.js:162145:12)\n    at Async../node_modules/bluebird/js/release/async.js.Async._drainQueues (http://localhost:41075/__cypress/runner/cypress_runner.js:162150:10)\n    at Async.drainQueues (http://localhost:41075/__cypress/runner/cypress_runner.js:162024:14)",
                "diff": ""
              },
              "uuid": "50914d09-251d-495e-97e8-9e97e63dd462",
              "parentUUID": "ad87bb9e-23c2-4645-bde2-726a302744fb",
              "isHook": false,
              "skipped": false
            }
          ],
          "suites": [],
          "passes": [],
          "failures": [
            "99330509-ca5b-4ca2-901e-025017a08fef",
            "50914d09-251d-495e-97e8-9e97e63dd462"
          ],
          "pending": [],
          "skipped": [],
          "duration": 836,
          "root": false,
          "rootEmpty": false,
          "_timeout": 2000
        }
      ],
      "passes": [],
      "failures": [],
      "pending": [],
      "skipped": [],
      "duration": 0,
      "root": true,
      "rootEmpty": true,
      "_timeout": 2000
    }
  ],
  "meta": {
    "mocha": {
      "version": "7.0.1"
    },
    "mochawesome": {
      "options": {
        "quiet": false,
        "reportFilename": "mochawesome",
        "saveHtml": false,
        "saveJson": true,
        "consoleReporter": "spec",
        "useInlineDiffs": false
      },
      "version": "4.1.0"
    },
    "marge": {
      "options": {
        "id": "default",
        "reportDir": "cypress/reports",
        "overwrite": true,
        "html": false,
        "json": true
      },
      "version": "4.1.0"
    }
  }
}