{
  "stats": {
    "suites": 12,
    "tests": 41,
    "passes": 24,
    "pending": 0,
    "failures": 17,
    "start": "2021-08-15T03:42:54.533Z",
    "end": "2021-08-15T03:44:11.493Z",
    "duration": 76960,
    "testsRegistered": 41,
    "passPercent": 58.536585365853654,
    "pendingPercent": 0,
    "other": 0,
    "hasOther": false,
    "skipped": 0,
    "hasSkipped": false
  },
  "results": [
    {
      "uuid": "e2cff454-5d5f-4db2-ad55-94cf85011475",
      "title": "",
      "fullFile": "cypress/integration/project.spec.js",
      "file": "cypress/integration/project.spec.js",
      "beforeHooks": [],
      "afterHooks": [],
      "tests": [],
      "suites": [
        {
          "uuid": "5eab152b-85b2-4c23-a823-69c8e9dbb27d",
          "title": "1 - Adicione à página o título \"Paleta de Cores\".",
          "fullFile": "",
          "file": "",
          "beforeHooks": [],
          "afterHooks": [],
          "tests": [
            {
              "title": "Verifica se contém um elemento `h1` com o id `title` com o título correto",
              "fullTitle": "1 - Adicione à página o título \"Paleta de Cores\". Verifica se contém um elemento `h1` com o id `title` com o título correto",
              "timedOut": null,
              "duration": 113,
              "state": "passed",
              "speed": "slow",
              "pass": true,
              "fail": false,
              "pending": false,
              "context": null,
              "code": "cy.get('h1#title').should('contain.text', 'Paleta de Cores');",
              "err": {},
              "uuid": "36aba7ac-6653-47fb-a47d-09275681ecff",
              "parentUUID": "5eab152b-85b2-4c23-a823-69c8e9dbb27d",
              "isHook": false,
              "skipped": false
            }
          ],
          "suites": [],
          "passes": [
            "36aba7ac-6653-47fb-a47d-09275681ecff"
          ],
          "failures": [],
          "pending": [],
          "skipped": [],
          "duration": 113,
          "root": false,
          "rootEmpty": false,
          "_timeout": 2000
        },
        {
          "uuid": "95cacc39-33f4-4ae9-8cfc-09475f228688",
          "title": "2 - Adicione à página uma paleta de quatro cores distintas.",
          "fullFile": "",
          "file": "",
          "beforeHooks": [],
          "afterHooks": [],
          "tests": [
            {
              "title": "A paleta de cores deve ser um elemento com `id` denominado `color-palette`",
              "fullTitle": "2 - Adicione à página uma paleta de quatro cores distintas. A paleta de cores deve ser um elemento com `id` denominado `color-palette`",
              "timedOut": null,
              "duration": 47,
              "state": "passed",
              "speed": "medium",
              "pass": true,
              "fail": false,
              "pending": false,
              "context": null,
              "code": "cy.get('#color-palette').should('be.visible');",
              "err": {},
              "uuid": "be114ce1-330e-4496-a524-15d6e566760f",
              "parentUUID": "95cacc39-33f4-4ae9-8cfc-09475f228688",
              "isHook": false,
              "skipped": false
            },
            {
              "title": "Verifica se cada cor individual da paleta de cores possui a `classe` chamada `color`.",
              "fullTitle": "2 - Adicione à página uma paleta de quatro cores distintas. Verifica se cada cor individual da paleta de cores possui a `classe` chamada `color`.",
              "timedOut": null,
              "duration": 110,
              "state": "passed",
              "speed": "slow",
              "pass": true,
              "fail": false,
              "pending": false,
              "context": null,
              "code": "cy.get('.color').should('have.length', 4).then(function (colors) {\n  for (var i = 0; i < colors.length; i++) {\n    cy.wrap(colors[i]).should('be.visible');\n  }\n});",
              "err": {},
              "uuid": "01d4bf93-8f6c-485d-bddd-0a813b66ca30",
              "parentUUID": "95cacc39-33f4-4ae9-8cfc-09475f228688",
              "isHook": false,
              "skipped": false
            },
            {
              "title": "Verifica se a cor de fundo de cada elemento da paleta é a cor que o elemento representa. **A única cor não permitida na paleta é a cor branca.**",
              "fullTitle": "2 - Adicione à página uma paleta de quatro cores distintas. Verifica se a cor de fundo de cada elemento da paleta é a cor que o elemento representa. **A única cor não permitida na paleta é a cor branca.**",
              "timedOut": null,
              "duration": 73,
              "state": "passed",
              "speed": "medium",
              "pass": true,
              "fail": false,
              "pending": false,
              "context": null,
              "code": "cy.get('.color').each(function (color) {\n  cy.wrap(color).should('have.class', 'color').and('not.have.css', 'background-color', WHITE);\n  cy.wrap(color).should('have.css', 'background-color');\n});",
              "err": {},
              "uuid": "d0a5170a-ca00-4250-8749-d9f10de6c32c",
              "parentUUID": "95cacc39-33f4-4ae9-8cfc-09475f228688",
              "isHook": false,
              "skipped": false
            },
            {
              "title": "Verifica se cada elemento da paleta de cores tem uma borda preta, sólida e com 1 pixel de largura;",
              "fullTitle": "2 - Adicione à página uma paleta de quatro cores distintas. Verifica se cada elemento da paleta de cores tem uma borda preta, sólida e com 1 pixel de largura;",
              "timedOut": null,
              "duration": 59,
              "state": "passed",
              "speed": "medium",
              "pass": true,
              "fail": false,
              "pending": false,
              "context": null,
              "code": "cy.get('.color').each(function (color) {\n  cy.wrap(color).and('have.css', 'border', \"1px solid \".concat(BLACK)).and('have.class', 'color');\n});",
              "err": {},
              "uuid": "4e85c3ef-c28f-4f05-9e64-8261924ba80a",
              "parentUUID": "95cacc39-33f4-4ae9-8cfc-09475f228688",
              "isHook": false,
              "skipped": false
            },
            {
              "title": "Verifica se a paleta lista todas as cores disponíveis para utilização, lado a lado.",
              "fullTitle": "2 - Adicione à página uma paleta de quatro cores distintas. Verifica se a paleta lista todas as cores disponíveis para utilização, lado a lado.",
              "timedOut": null,
              "duration": 70,
              "state": "passed",
              "speed": "medium",
              "pass": true,
              "fail": false,
              "pending": false,
              "context": null,
              "code": "cy.get('.color').then(function (colors) {\n  for (var index = 1; index < colors.length; index += 1) {\n    var currentColor = colors[index];\n    var previousColor = colors[index - 1];\n    cy.wrap(currentColor).should('be.onTheRightOf', previousColor).and('be.horizontallyAlignedWith', previousColor);\n  }\n});",
              "err": {},
              "uuid": "2ee0e40d-41a8-49e3-ab1b-149c02e83627",
              "parentUUID": "95cacc39-33f4-4ae9-8cfc-09475f228688",
              "isHook": false,
              "skipped": false
            },
            {
              "title": "Verifica se a paleta de cores está posicionada abaixo do título 'Paleta de Cores'",
              "fullTitle": "2 - Adicione à página uma paleta de quatro cores distintas. Verifica se a paleta de cores está posicionada abaixo do título 'Paleta de Cores'",
              "timedOut": null,
              "duration": 87,
              "state": "passed",
              "speed": "slow",
              "pass": true,
              "fail": false,
              "pending": false,
              "context": null,
              "code": "cy.get('h1#title').then(function (title) {\n  cy.get('#color-palette').should('be.belowOf', title);\n});",
              "err": {},
              "uuid": "a65d677c-7440-4f8f-88df-08a5131e24fc",
              "parentUUID": "95cacc39-33f4-4ae9-8cfc-09475f228688",
              "isHook": false,
              "skipped": false
            },
            {
              "title": "Verifica se a paleta de cores não contém cores repetidas.",
              "fullTitle": "2 - Adicione à página uma paleta de quatro cores distintas. Verifica se a paleta de cores não contém cores repetidas.",
              "timedOut": null,
              "duration": 71,
              "state": "passed",
              "speed": "medium",
              "pass": true,
              "fail": false,
              "pending": false,
              "context": null,
              "code": "cy.get('.color').then(function (colors) {\n  var allColors = Array.from(colors).map(function (color) {\n    return Cypress.$(color).css('background-color');\n  });\n  cy.log(allColors);\n  var uniqColors = (0, _toConsumableArray2[\"default\"])(new Set(allColors));\n  cy.log(uniqColors);\n  expect(allColors.length).to.eq(uniqColors.length);\n});",
              "err": {},
              "uuid": "439f7729-61be-4ade-9258-8c464235f788",
              "parentUUID": "95cacc39-33f4-4ae9-8cfc-09475f228688",
              "isHook": false,
              "skipped": false
            }
          ],
          "suites": [],
          "passes": [
            "be114ce1-330e-4496-a524-15d6e566760f",
            "01d4bf93-8f6c-485d-bddd-0a813b66ca30",
            "d0a5170a-ca00-4250-8749-d9f10de6c32c",
            "4e85c3ef-c28f-4f05-9e64-8261924ba80a",
            "2ee0e40d-41a8-49e3-ab1b-149c02e83627",
            "a65d677c-7440-4f8f-88df-08a5131e24fc",
            "439f7729-61be-4ade-9258-8c464235f788"
          ],
          "failures": [],
          "pending": [],
          "skipped": [],
          "duration": 517,
          "root": false,
          "rootEmpty": false,
          "_timeout": 2000
        },
        {
          "uuid": "afa0bf88-95d0-449a-b276-cf7c1232ba8d",
          "title": "3 - Adicione a cor **preta** como a primeira cor da paleta de cores.",
          "fullFile": "",
          "file": "",
          "beforeHooks": [],
          "afterHooks": [],
          "tests": [
            {
              "title": "Verifica se a primeira cor da paleta é preta",
              "fullTitle": "3 - Adicione a cor **preta** como a primeira cor da paleta de cores. Verifica se a primeira cor da paleta é preta",
              "timedOut": null,
              "duration": 81,
              "state": "passed",
              "speed": "slow",
              "pass": true,
              "fail": false,
              "pending": false,
              "context": null,
              "code": "cy.get('.color').first().should('have.css', 'background-color', BLACK);",
              "err": {},
              "uuid": "1f95996a-e782-4e83-bc05-4aebeb797345",
              "parentUUID": "afa0bf88-95d0-449a-b276-cf7c1232ba8d",
              "isHook": false,
              "skipped": false
            },
            {
              "title": "Verifica se as demais cores podem ser escolhidas livremente.",
              "fullTitle": "3 - Adicione a cor **preta** como a primeira cor da paleta de cores. Verifica se as demais cores podem ser escolhidas livremente.",
              "timedOut": null,
              "duration": 115,
              "state": "passed",
              "speed": "slow",
              "pass": true,
              "fail": false,
              "pending": false,
              "context": null,
              "code": "cy.get('.color').eq(1).should('not.have.css', 'background-color', BLACK);\ncy.get('.color').eq(1).should('not.have.css', 'background-color', WHITE);\ncy.get('.color').eq(1).should('not.have.css', 'background-color', 'rgba(0, 0, 0, 0)');\ncy.get('.color').eq(1).should('have.css', 'background-color');\ncy.get('.color').eq(2).should('not.have.css', 'background-color', BLACK);\ncy.get('.color').eq(2).should('not.have.css', 'background-color', WHITE);\ncy.get('.color').eq(2).should('not.have.css', 'background-color', 'rgba(0, 0, 0, 0)');\ncy.get('.color').eq(2).should('have.css', 'background-color');\ncy.get('.color').eq(3).should('not.have.css', 'background-color', BLACK);\ncy.get('.color').eq(3).should('not.have.css', 'background-color', WHITE);\ncy.get('.color').eq(3).should('not.have.css', 'background-color', 'rgba(0, 0, 0, 0)');\ncy.get('.color').eq(3).should('have.css', 'background-color');",
              "err": {},
              "uuid": "3b243556-a719-49a3-8dc4-3abc75e6e649",
              "parentUUID": "afa0bf88-95d0-449a-b276-cf7c1232ba8d",
              "isHook": false,
              "skipped": false
            }
          ],
          "suites": [],
          "passes": [
            "1f95996a-e782-4e83-bc05-4aebeb797345",
            "3b243556-a719-49a3-8dc4-3abc75e6e649"
          ],
          "failures": [],
          "pending": [],
          "skipped": [],
          "duration": 196,
          "root": false,
          "rootEmpty": false,
          "_timeout": 2000
        },
        {
          "uuid": "00c9dfa1-13e8-4b00-a50b-eb2b5cef6d88",
          "title": "4 - Adicione à página um quadro de pixels, com 25 pixels.",
          "fullFile": "",
          "file": "",
          "beforeHooks": [],
          "afterHooks": [],
          "tests": [
            {
              "title": "Verifica se o quadro de pixels possui o `id` denominado `pixel-board`",
              "fullTitle": "4 - Adicione à página um quadro de pixels, com 25 pixels. Verifica se o quadro de pixels possui o `id` denominado `pixel-board`",
              "timedOut": null,
              "duration": 49,
              "state": "passed",
              "speed": "medium",
              "pass": true,
              "fail": false,
              "pending": false,
              "context": null,
              "code": "cy.get('#pixel-board').should('be.visible');",
              "err": {},
              "uuid": "5e6fb182-1e7d-4a11-a2f9-cb9772cb6fb3",
              "parentUUID": "00c9dfa1-13e8-4b00-a50b-eb2b5cef6d88",
              "isHook": false,
              "skipped": false
            },
            {
              "title": "Verifica se cada pixel individual dentro do quadro possui a `classe` denominada `pixel`.",
              "fullTitle": "4 - Adicione à página um quadro de pixels, com 25 pixels. Verifica se cada pixel individual dentro do quadro possui a `classe` denominada `pixel`.",
              "timedOut": null,
              "duration": 62,
              "state": "passed",
              "speed": "medium",
              "pass": true,
              "fail": false,
              "pending": false,
              "context": null,
              "code": "cy.get('.pixel').should('have.length', 25);",
              "err": {},
              "uuid": "086ec412-eb42-4a8a-a035-ddcd822818f5",
              "parentUUID": "00c9dfa1-13e8-4b00-a50b-eb2b5cef6d88",
              "isHook": false,
              "skipped": false
            },
            {
              "title": "Verifica se a cor inicial dos pixels dentro do quadro, ao abrir a página, é branca.",
              "fullTitle": "4 - Adicione à página um quadro de pixels, com 25 pixels. Verifica se a cor inicial dos pixels dentro do quadro, ao abrir a página, é branca.",
              "timedOut": null,
              "duration": 95,
              "state": "passed",
              "speed": "slow",
              "pass": true,
              "fail": false,
              "pending": false,
              "context": null,
              "code": "cy.get('.pixel').should('have.length', 25).each(function (pixel) {\n  expect(pixel).to.have.css('background-color', WHITE);\n});",
              "err": {},
              "uuid": "44cc6495-93b2-4924-aaee-fa2380fd1fb5",
              "parentUUID": "00c9dfa1-13e8-4b00-a50b-eb2b5cef6d88",
              "isHook": false,
              "skipped": false
            },
            {
              "title": "Verifica se o quadro de pixels aparece abaixo da paleta de cores",
              "fullTitle": "4 - Adicione à página um quadro de pixels, com 25 pixels. Verifica se o quadro de pixels aparece abaixo da paleta de cores",
              "timedOut": null,
              "duration": 61,
              "state": "passed",
              "speed": "medium",
              "pass": true,
              "fail": false,
              "pending": false,
              "context": null,
              "code": "cy.get('#color-palette').then(function (palette) {\n  cy.get('#pixel-board').should('be.belowOf', palette);\n});",
              "err": {},
              "uuid": "f31cf3e4-4d75-4da0-b683-399e87a165fc",
              "parentUUID": "00c9dfa1-13e8-4b00-a50b-eb2b5cef6d88",
              "isHook": false,
              "skipped": false
            }
          ],
          "suites": [],
          "passes": [
            "5e6fb182-1e7d-4a11-a2f9-cb9772cb6fb3",
            "086ec412-eb42-4a8a-a035-ddcd822818f5",
            "44cc6495-93b2-4924-aaee-fa2380fd1fb5",
            "f31cf3e4-4d75-4da0-b683-399e87a165fc"
          ],
          "failures": [],
          "pending": [],
          "skipped": [],
          "duration": 267,
          "root": false,
          "rootEmpty": false,
          "_timeout": 2000
        },
        {
          "uuid": "1cc1dc21-e34c-40df-b8d5-1e0def2c7acb",
          "title": "5 - Faça com que cada elemento do quadro de pixels possua 40 pixels de largura, 40 pixels de altura e seja delimitado por uma borda preta de 1 pixel.",
          "fullFile": "",
          "file": "",
          "beforeHooks": [],
          "afterHooks": [],
          "tests": [
            {
              "title": "Verifica se o quadro de pixels tem altura e comprimento de 5 elementos",
              "fullTitle": "5 - Faça com que cada elemento do quadro de pixels possua 40 pixels de largura, 40 pixels de altura e seja delimitado por uma borda preta de 1 pixel. Verifica se o quadro de pixels tem altura e comprimento de 5 elementos",
              "timedOut": null,
              "duration": 174,
              "state": "passed",
              "speed": "slow",
              "pass": true,
              "fail": false,
              "pending": false,
              "context": null,
              "code": "cy.get('.pixel').should('have.length', 25).each(function (pixel) {\n  expect(pixel).to.have.css('background-color', WHITE);\n}).and(function (pixels) {\n  var rows = chunk(pixels, 5);\n  rows.forEach(function (row) {\n    for (var index = 1; index < row.length; index += 1) {\n      var current = pixels[index];\n      var previous = pixels[index - 1];\n      cy.wrap(current).should('be.onTheRightOf', previous).and('be.horizontallyAlignedWith', previous);\n    }\n  });\n  for (var index = 1; index < 5; index += 1) {\n    expect(pixels[index * 5]).to.be.belowOf(pixels[(index - 1) * 5]);\n  }\n});",
              "err": {},
              "uuid": "b5df07b5-b300-44f0-b683-47333f482bc4",
              "parentUUID": "1cc1dc21-e34c-40df-b8d5-1e0def2c7acb",
              "isHook": false,
              "skipped": false
            },
            {
              "title": "Verifica se 40 pixels é o tamanho total do elemento, incluindo seu conteúdo e excluindo a borda preta, que deve ser criada à parte.",
              "fullTitle": "5 - Faça com que cada elemento do quadro de pixels possua 40 pixels de largura, 40 pixels de altura e seja delimitado por uma borda preta de 1 pixel. Verifica se 40 pixels é o tamanho total do elemento, incluindo seu conteúdo e excluindo a borda preta, que deve ser criada à parte.",
              "timedOut": null,
              "duration": 161,
              "state": "passed",
              "speed": "slow",
              "pass": true,
              "fail": false,
              "pending": false,
              "context": null,
              "code": "cy.get('.pixel').each(function (pixel) {\n  cy.wrap(pixel).should('have.css', 'height', '40px').and('have.css', 'width', '40px').and('have.css', 'border', \"1px solid \".concat(BLACK));\n});",
              "err": {},
              "uuid": "aa3881db-e98a-4bfe-ab5d-3ad149e94dbd",
              "parentUUID": "1cc1dc21-e34c-40df-b8d5-1e0def2c7acb",
              "isHook": false,
              "skipped": false
            }
          ],
          "suites": [],
          "passes": [
            "b5df07b5-b300-44f0-b683-47333f482bc4",
            "aa3881db-e98a-4bfe-ab5d-3ad149e94dbd"
          ],
          "failures": [],
          "pending": [],
          "skipped": [],
          "duration": 335,
          "root": false,
          "rootEmpty": false,
          "_timeout": 2000
        },
        {
          "uuid": "3b040ebb-1724-4af8-b957-d99c978e378b",
          "title": "6 - Defina a cor preta como cor inicial. Ao carregar a página a cor preta já deve estar selecionada para pintar os pixels",
          "fullFile": "",
          "file": "",
          "beforeHooks": [],
          "afterHooks": [],
          "tests": [
            {
              "title": "Verifica se o elemento da cor preta possui, inicialmente, a `classe` `selected`",
              "fullTitle": "6 - Defina a cor preta como cor inicial. Ao carregar a página a cor preta já deve estar selecionada para pintar os pixels Verifica se o elemento da cor preta possui, inicialmente, a `classe` `selected`",
              "timedOut": null,
              "duration": 48,
              "state": "passed",
              "speed": "medium",
              "pass": true,
              "fail": false,
              "pending": false,
              "context": null,
              "code": "cy.get('.selected').first().should('have.css', 'background-color', BLACK);",
              "err": {},
              "uuid": "3ee46d48-ecdf-4b3f-bd51-170e2bbeb355",
              "parentUUID": "3b040ebb-1724-4af8-b957-d99c978e378b",
              "isHook": false,
              "skipped": false
            },
            {
              "title": "Verifica se nenhuma outra cor da paleta tem a `classe` `selected`",
              "fullTitle": "6 - Defina a cor preta como cor inicial. Ao carregar a página a cor preta já deve estar selecionada para pintar os pixels Verifica se nenhuma outra cor da paleta tem a `classe` `selected`",
              "timedOut": null,
              "duration": 50,
              "state": "passed",
              "speed": "medium",
              "pass": true,
              "fail": false,
              "pending": false,
              "context": null,
              "code": "cy.get('.color:not(:first-child)').each(function (color) {\n  cy.wrap(color).should('not.have.class', 'selected');\n});",
              "err": {},
              "uuid": "71fa9043-0a1e-4eb6-89ea-df2cd43c9b54",
              "parentUUID": "3b040ebb-1724-4af8-b957-d99c978e378b",
              "isHook": false,
              "skipped": false
            }
          ],
          "suites": [],
          "passes": [
            "3ee46d48-ecdf-4b3f-bd51-170e2bbeb355",
            "71fa9043-0a1e-4eb6-89ea-df2cd43c9b54"
          ],
          "failures": [],
          "pending": [],
          "skipped": [],
          "duration": 98,
          "root": false,
          "rootEmpty": false,
          "_timeout": 2000
        },
        {
          "uuid": "395804af-a9de-4413-ac29-bdf6e6471e3c",
          "title": "7 - Clicar em uma das cores da paleta, faz com que ela seja selecionada e utilizada para preencher os pixels no quadro.",
          "fullFile": "",
          "file": "",
          "beforeHooks": [],
          "afterHooks": [],
          "tests": [
            {
              "title": "Verifica se somente uma cor da paleta de cores tem a classe `selected` de cada vez",
              "fullTitle": "7 - Clicar em uma das cores da paleta, faz com que ela seja selecionada e utilizada para preencher os pixels no quadro. Verifica se somente uma cor da paleta de cores tem a classe `selected` de cada vez",
              "timedOut": null,
              "duration": 429,
              "state": "passed",
              "speed": "slow",
              "pass": true,
              "fail": false,
              "pending": false,
              "context": null,
              "code": "cy.get('.color').each(function (selectedColor, selectedColorIndex) {\n  cy.wrap(selectedColor).click();\n  cy.get('.color').each(function (color, colorIndex) {\n    if (colorIndex === selectedColorIndex) {\n      expect(color).to.have[\"class\"]('selected');\n    } else {\n      expect(color).not.to.have[\"class\"]('selected');\n    }\n  });\n});",
              "err": {},
              "uuid": "63086c0c-4b1d-40d4-b0be-6fad1ca471e5",
              "parentUUID": "395804af-a9de-4413-ac29-bdf6e6471e3c",
              "isHook": false,
              "skipped": false
            },
            {
              "title": "Verifica se os pixels dentro do quadro não têm a classe `selected` quando são clicados",
              "fullTitle": "7 - Clicar em uma das cores da paleta, faz com que ela seja selecionada e utilizada para preencher os pixels no quadro. Verifica se os pixels dentro do quadro não têm a classe `selected` quando são clicados",
              "timedOut": null,
              "duration": 8810,
              "state": "passed",
              "speed": "slow",
              "pass": true,
              "fail": false,
              "pending": false,
              "context": null,
              "code": "cy.get('.color').each(function (color) {\n  var backgroundColor = color.css('background-color');\n  cy.wrap(color).click();\n  cy.get('.pixel').each(function (pixel) {\n    cy.wrap(pixel).click().should('not.have.class', 'selected');\n  });\n});",
              "err": {},
              "uuid": "6e410ffe-c620-4283-9037-7e19738cb26a",
              "parentUUID": "395804af-a9de-4413-ac29-bdf6e6471e3c",
              "isHook": false,
              "skipped": false
            }
          ],
          "suites": [],
          "passes": [
            "63086c0c-4b1d-40d4-b0be-6fad1ca471e5",
            "6e410ffe-c620-4283-9037-7e19738cb26a"
          ],
          "failures": [],
          "pending": [],
          "skipped": [],
          "duration": 9239,
          "root": false,
          "rootEmpty": false,
          "_timeout": 2000
        },
        {
          "uuid": "74d3bd5e-ccc1-4315-9322-332775c467b9",
          "title": "8 - Clicar em um pixel dentro do quadro após selecionar uma cor na paleta, faz com que o pixel seja preenchido com a cor selecionada.",
          "fullFile": "",
          "file": "",
          "beforeHooks": [],
          "afterHooks": [],
          "tests": [
            {
              "title": "Verifica se ao carregar a página deve ser possível pintar os pixels de preto",
              "fullTitle": "8 - Clicar em um pixel dentro do quadro após selecionar uma cor na paleta, faz com que o pixel seja preenchido com a cor selecionada. Verifica se ao carregar a página deve ser possível pintar os pixels de preto",
              "timedOut": null,
              "duration": 4281,
              "state": "failed",
              "speed": null,
              "pass": false,
              "fail": true,
              "pending": false,
              "context": null,
              "code": "cy.get('.pixel').each(function (pixel) {\n  cy.wrap(pixel).click().should('have.css', 'background-color', BLACK);\n});",
              "err": {
                "message": "CypressError: Timed out retrying: expected '<li.pixel>' to have CSS property 'background-color' with the value 'rgb(0, 0, 0)', but the value was 'rgb(255, 255, 255)'",
                "estack": "CypressError: Timed out retrying: expected '<li.pixel>' to have CSS property 'background-color' with the value 'rgb(0, 0, 0)', but the value was 'rgb(255, 255, 255)'\n    at cypressErr (http://localhost:39881/__cypress/runner/cypress_runner.js:149934:9)\n    at throwErr (http://localhost:39881/__cypress/runner/cypress_runner.js:149867:11)\n    at Object.throwErrByPath (http://localhost:39881/__cypress/runner/cypress_runner.js:149915:3)\n    at retry (http://localhost:39881/__cypress/runner/cypress_runner.js:144197:19)\n    at onFailFn (http://localhost:39881/__cypress/runner/cypress_runner.js:132448:16)\n    at tryCatcher (http://localhost:39881/__cypress/runner/cypress_runner.js:167415:23)\n    at Promise._settlePromiseFromHandler (http://localhost:39881/__cypress/runner/cypress_runner.js:165351:31)\n    at Promise._settlePromise (http://localhost:39881/__cypress/runner/cypress_runner.js:165408:18)\n    at Promise._settlePromise0 (http://localhost:39881/__cypress/runner/cypress_runner.js:165453:10)\n    at Promise._settlePromises (http://localhost:39881/__cypress/runner/cypress_runner.js:165528:18)\n    at Async../node_modules/bluebird/js/release/async.js.Async._drainQueue (http://localhost:39881/__cypress/runner/cypress_runner.js:162140:16)\n    at Async../node_modules/bluebird/js/release/async.js.Async._drainQueues (http://localhost:39881/__cypress/runner/cypress_runner.js:162150:10)\n    at Async.drainQueues (http://localhost:39881/__cypress/runner/cypress_runner.js:162024:14)",
                "diff": null
              },
              "uuid": "7d2697f3-ff52-4302-90c3-b721148f6207",
              "parentUUID": "74d3bd5e-ccc1-4315-9322-332775c467b9",
              "isHook": false,
              "skipped": false
            },
            {
              "title": "Verifica se após selecionar uma outra cor na paleta, é possível pintar os pixels com essa cor",
              "fullTitle": "8 - Clicar em um pixel dentro do quadro após selecionar uma cor na paleta, faz com que o pixel seja preenchido com a cor selecionada. Verifica se após selecionar uma outra cor na paleta, é possível pintar os pixels com essa cor",
              "timedOut": null,
              "duration": 4324,
              "state": "failed",
              "speed": null,
              "pass": false,
              "fail": true,
              "pending": false,
              "context": null,
              "code": "cy.get('.color').each(function (color) {\n  var backgroundColor = color.css('background-color');\n  cy.wrap(color).click();\n  cy.get('.pixel').each(function (pixel) {\n    cy.wrap(pixel).click().should('have.css', 'background-color', backgroundColor);\n  });\n});",
              "err": {
                "message": "CypressError: Timed out retrying: expected '<li.pixel>' to have CSS property 'background-color' with the value 'rgb(0, 0, 0)', but the value was 'rgb(255, 255, 255)'",
                "estack": "CypressError: Timed out retrying: expected '<li.pixel>' to have CSS property 'background-color' with the value 'rgb(0, 0, 0)', but the value was 'rgb(255, 255, 255)'\n    at cypressErr (http://localhost:39881/__cypress/runner/cypress_runner.js:149934:9)\n    at throwErr (http://localhost:39881/__cypress/runner/cypress_runner.js:149867:11)\n    at Object.throwErrByPath (http://localhost:39881/__cypress/runner/cypress_runner.js:149915:3)\n    at retry (http://localhost:39881/__cypress/runner/cypress_runner.js:144197:19)\n    at onFailFn (http://localhost:39881/__cypress/runner/cypress_runner.js:132448:16)\n    at tryCatcher (http://localhost:39881/__cypress/runner/cypress_runner.js:167415:23)\n    at Promise._settlePromiseFromHandler (http://localhost:39881/__cypress/runner/cypress_runner.js:165351:31)\n    at Promise._settlePromise (http://localhost:39881/__cypress/runner/cypress_runner.js:165408:18)\n    at Promise._settlePromise0 (http://localhost:39881/__cypress/runner/cypress_runner.js:165453:10)\n    at Promise._settlePromises (http://localhost:39881/__cypress/runner/cypress_runner.js:165528:18)\n    at Async../node_modules/bluebird/js/release/async.js.Async._drainQueue (http://localhost:39881/__cypress/runner/cypress_runner.js:162140:16)\n    at Async../node_modules/bluebird/js/release/async.js.Async._drainQueues (http://localhost:39881/__cypress/runner/cypress_runner.js:162150:10)\n    at Async.drainQueues (http://localhost:39881/__cypress/runner/cypress_runner.js:162024:14)",
                "diff": null
              },
              "uuid": "85a57a98-a601-4587-910c-033a9e079f40",
              "parentUUID": "74d3bd5e-ccc1-4315-9322-332775c467b9",
              "isHook": false,
              "skipped": false
            },
            {
              "title": "Verifica se somente o pixel que foi clicado foi preenchido com a cor selecionada, sem influenciar na cor dos demais pixels.",
              "fullTitle": "8 - Clicar em um pixel dentro do quadro após selecionar uma cor na paleta, faz com que o pixel seja preenchido com a cor selecionada. Verifica se somente o pixel que foi clicado foi preenchido com a cor selecionada, sem influenciar na cor dos demais pixels.",
              "timedOut": null,
              "duration": 1061,
              "state": "passed",
              "speed": "slow",
              "pass": true,
              "fail": false,
              "pending": false,
              "context": null,
              "code": "var colorToPixelIndexMap = {\n  0: 6,\n  1: 8,\n  2: 16,\n  3: 18\n};\ncy.get('.color').each(function (color, index) {\n  cy.wrap(color).click();\n  var backgroundColor = color.css('background-color');\n  var clickedPixelIndex = colorToPixelIndexMap[index];\n  cy.get('.pixel').eq(clickedPixelIndex).click();\n  cy.get('.pixel').eq(clickedPixelIndex - 1).should('not.have.css', 'background-color', backgroundColor);\n  cy.get('.pixel').eq(clickedPixelIndex + 1).should('not.have.css', 'background-color', backgroundColor);\n  cy.get('.pixel').eq(clickedPixelIndex - 5).should('not.have.css', 'background-color', backgroundColor);\n  cy.get('.pixel').eq(clickedPixelIndex + 5).should('not.have.css', 'background-color', backgroundColor);\n  cy.get('.pixel').eq(clickedPixelIndex - 6).should('not.have.css', 'background-color', backgroundColor);\n  cy.get('.pixel').eq(clickedPixelIndex - 4).should('not.have.css', 'background-color', backgroundColor);\n  cy.get('.pixel').eq(clickedPixelIndex + 4).should('not.have.css', 'background-color', backgroundColor);\n  cy.get('.pixel').eq(clickedPixelIndex + 6).should('not.have.css', 'background-color', backgroundColor);\n});",
              "err": {},
              "uuid": "07bf6c63-c015-4272-8253-be480085cc2d",
              "parentUUID": "74d3bd5e-ccc1-4315-9322-332775c467b9",
              "isHook": false,
              "skipped": false
            }
          ],
          "suites": [],
          "passes": [
            "07bf6c63-c015-4272-8253-be480085cc2d"
          ],
          "failures": [
            "7d2697f3-ff52-4302-90c3-b721148f6207",
            "85a57a98-a601-4587-910c-033a9e079f40"
          ],
          "pending": [],
          "skipped": [],
          "duration": 9666,
          "root": false,
          "rootEmpty": false,
          "_timeout": 2000
        },
        {
          "uuid": "1638d54a-0a10-408b-af11-73b125fc0984",
          "title": "9 - Crie um botão que, ao ser clicado, limpa o quadro preenchendo a cor de todos seus pixels com branco.",
          "fullFile": "",
          "file": "",
          "beforeHooks": [],
          "afterHooks": [],
          "tests": [
            {
              "title": "Verifica se o botão tem o `id` denominado `clear-board`",
              "fullTitle": "9 - Crie um botão que, ao ser clicado, limpa o quadro preenchendo a cor de todos seus pixels com branco. Verifica se o botão tem o `id` denominado `clear-board`",
              "timedOut": null,
              "duration": 82,
              "state": "passed",
              "speed": "slow",
              "pass": true,
              "fail": false,
              "pending": false,
              "context": null,
              "code": "cy.get('#clear-board').should('be.visible');",
              "err": {},
              "uuid": "dc761f0f-2a7b-4052-9fa4-c4cd6fc5ffe0",
              "parentUUID": "1638d54a-0a10-408b-af11-73b125fc0984",
              "isHook": false,
              "skipped": false
            },
            {
              "title": "Verifica se o botão está posicionado entre a paleta de cores e o quadro de pixels",
              "fullTitle": "9 - Crie um botão que, ao ser clicado, limpa o quadro preenchendo a cor de todos seus pixels com branco. Verifica se o botão está posicionado entre a paleta de cores e o quadro de pixels",
              "timedOut": null,
              "duration": 71,
              "state": "passed",
              "speed": "medium",
              "pass": true,
              "fail": false,
              "pending": false,
              "context": null,
              "code": "cy.get('#color-palette').then(function (palette) {\n  cy.get('#clear-board').should('be.belowOf', palette);\n});\ncy.get('#clear-board').then(function (clearBtn) {\n  cy.get('#pixel-board').should('be.belowOf', clearBtn);\n});",
              "err": {},
              "uuid": "8a906e58-6ec2-4a5a-8585-ae18b3672ff4",
              "parentUUID": "1638d54a-0a10-408b-af11-73b125fc0984",
              "isHook": false,
              "skipped": false
            },
            {
              "title": "Verifica se o texto do botão é 'Limpar'",
              "fullTitle": "9 - Crie um botão que, ao ser clicado, limpa o quadro preenchendo a cor de todos seus pixels com branco. Verifica se o texto do botão é 'Limpar'",
              "timedOut": null,
              "duration": 46,
              "state": "passed",
              "speed": "medium",
              "pass": true,
              "fail": false,
              "pending": false,
              "context": null,
              "code": "cy.get('#clear-board').should('contain.text', 'Limpar');",
              "err": {},
              "uuid": "5ee880d2-37bf-4482-8c30-e2e591467e1d",
              "parentUUID": "1638d54a-0a10-408b-af11-73b125fc0984",
              "isHook": false,
              "skipped": false
            },
            {
              "title": "Verifica se ao clicar no botão, o quadro de pixels é totalmente preenchido de branco",
              "fullTitle": "9 - Crie um botão que, ao ser clicado, limpa o quadro preenchendo a cor de todos seus pixels com branco. Verifica se ao clicar no botão, o quadro de pixels é totalmente preenchido de branco",
              "timedOut": null,
              "duration": 4514,
              "state": "failed",
              "speed": null,
              "pass": false,
              "fail": true,
              "pending": false,
              "context": null,
              "code": "cy.get('.color').eq(1).then(function (color) {\n  var backgroundColor = color.css('background-color');\n  cy.wrap(color).click();\n  cy.get('.pixel').each(function (pixel) {\n    cy.wrap(pixel).click().should('have.css', 'background-color', backgroundColor);\n  });\n});\ncy.get('#clear-board').click();\ncy.get('.pixel').each(function (pixel) {\n  cy.wrap(pixel).should('have.css', 'background-color', WHITE);\n});",
              "err": {
                "message": "CypressError: Timed out retrying: expected '<li.pixel>' to have CSS property 'background-color' with the value 'rgb(255, 255, 0)', but the value was 'rgb(255, 255, 255)'",
                "estack": "CypressError: Timed out retrying: expected '<li.pixel>' to have CSS property 'background-color' with the value 'rgb(255, 255, 0)', but the value was 'rgb(255, 255, 255)'\n    at cypressErr (http://localhost:39881/__cypress/runner/cypress_runner.js:149934:9)\n    at throwErr (http://localhost:39881/__cypress/runner/cypress_runner.js:149867:11)\n    at Object.throwErrByPath (http://localhost:39881/__cypress/runner/cypress_runner.js:149915:3)\n    at retry (http://localhost:39881/__cypress/runner/cypress_runner.js:144197:19)\n    at onFailFn (http://localhost:39881/__cypress/runner/cypress_runner.js:132448:16)\n    at tryCatcher (http://localhost:39881/__cypress/runner/cypress_runner.js:167415:23)\n    at Promise._settlePromiseFromHandler (http://localhost:39881/__cypress/runner/cypress_runner.js:165351:31)\n    at Promise._settlePromise (http://localhost:39881/__cypress/runner/cypress_runner.js:165408:18)\n    at Promise._settlePromise0 (http://localhost:39881/__cypress/runner/cypress_runner.js:165453:10)\n    at Promise._settlePromises (http://localhost:39881/__cypress/runner/cypress_runner.js:165528:18)\n    at Async../node_modules/bluebird/js/release/async.js.Async._drainQueue (http://localhost:39881/__cypress/runner/cypress_runner.js:162140:16)\n    at Async../node_modules/bluebird/js/release/async.js.Async._drainQueues (http://localhost:39881/__cypress/runner/cypress_runner.js:162150:10)\n    at Async.drainQueues (http://localhost:39881/__cypress/runner/cypress_runner.js:162024:14)",
                "diff": null
              },
              "uuid": "43f80984-5ba0-45f0-8fa1-28b67bdf4500",
              "parentUUID": "1638d54a-0a10-408b-af11-73b125fc0984",
              "isHook": false,
              "skipped": false
            }
          ],
          "suites": [],
          "passes": [
            "dc761f0f-2a7b-4052-9fa4-c4cd6fc5ffe0",
            "8a906e58-6ec2-4a5a-8585-ae18b3672ff4",
            "5ee880d2-37bf-4482-8c30-e2e591467e1d"
          ],
          "failures": [
            "43f80984-5ba0-45f0-8fa1-28b67bdf4500"
          ],
          "pending": [],
          "skipped": [],
          "duration": 4713,
          "root": false,
          "rootEmpty": false,
          "_timeout": 2000
        },
        {
          "uuid": "2417182d-9cdc-4ffb-85b7-f60416241ba7",
          "title": "10 - Faça o quadro de pixels ter seu tamanho definido pelo usuário.",
          "fullFile": "",
          "file": "",
          "beforeHooks": [],
          "afterHooks": [],
          "tests": [
            {
              "title": "Verifica se existe um input com o id `board-size`",
              "fullTitle": "10 - Faça o quadro de pixels ter seu tamanho definido pelo usuário. Verifica se existe um input com o id `board-size`",
              "timedOut": null,
              "duration": 4232,
              "state": "failed",
              "speed": null,
              "pass": false,
              "fail": true,
              "pending": false,
              "context": null,
              "code": "cy.get('#board-size').should('be.visible');",
              "err": {
                "message": "CypressError: Timed out retrying: Expected to find element: '#board-size', but never found it.",
                "estack": "CypressError: Timed out retrying: Expected to find element: '#board-size', but never found it.\n    at cypressErr (http://localhost:39881/__cypress/runner/cypress_runner.js:149934:9)\n    at throwErr (http://localhost:39881/__cypress/runner/cypress_runner.js:149867:11)\n    at Object.throwErrByPath (http://localhost:39881/__cypress/runner/cypress_runner.js:149915:3)\n    at retry (http://localhost:39881/__cypress/runner/cypress_runner.js:144197:19)\n    at onFailFn (http://localhost:39881/__cypress/runner/cypress_runner.js:132448:16)\n    at tryCatcher (http://localhost:39881/__cypress/runner/cypress_runner.js:167415:23)\n    at Promise._settlePromiseFromHandler (http://localhost:39881/__cypress/runner/cypress_runner.js:165351:31)\n    at Promise._settlePromise (http://localhost:39881/__cypress/runner/cypress_runner.js:165408:18)\n    at Promise._settlePromise0 (http://localhost:39881/__cypress/runner/cypress_runner.js:165453:10)\n    at Promise._settlePromises (http://localhost:39881/__cypress/runner/cypress_runner.js:165528:18)\n    at Async../node_modules/bluebird/js/release/async.js.Async._drainQueue (http://localhost:39881/__cypress/runner/cypress_runner.js:162140:16)\n    at Async../node_modules/bluebird/js/release/async.js.Async._drainQueues (http://localhost:39881/__cypress/runner/cypress_runner.js:162150:10)\n    at Async.drainQueues (http://localhost:39881/__cypress/runner/cypress_runner.js:162024:14)",
                "diff": null
              },
              "uuid": "10bffd48-8ab8-4bc3-bbff-d739c937438d",
              "parentUUID": "2417182d-9cdc-4ffb-85b7-f60416241ba7",
              "isHook": false,
              "skipped": false
            },
            {
              "title": "Verifica se existe um botão com o id `generate-board`",
              "fullTitle": "10 - Faça o quadro de pixels ter seu tamanho definido pelo usuário. Verifica se existe um botão com o id `generate-board`",
              "timedOut": null,
              "duration": 4216,
              "state": "failed",
              "speed": null,
              "pass": false,
              "fail": true,
              "pending": false,
              "context": null,
              "code": "cy.get('#generate-board').should('be.visible');",
              "err": {
                "message": "CypressError: Timed out retrying: Expected to find element: '#generate-board', but never found it.",
                "estack": "CypressError: Timed out retrying: Expected to find element: '#generate-board', but never found it.\n    at cypressErr (http://localhost:39881/__cypress/runner/cypress_runner.js:149934:9)\n    at throwErr (http://localhost:39881/__cypress/runner/cypress_runner.js:149867:11)\n    at Object.throwErrByPath (http://localhost:39881/__cypress/runner/cypress_runner.js:149915:3)\n    at retry (http://localhost:39881/__cypress/runner/cypress_runner.js:144197:19)\n    at onFailFn (http://localhost:39881/__cypress/runner/cypress_runner.js:132448:16)\n    at tryCatcher (http://localhost:39881/__cypress/runner/cypress_runner.js:167415:23)\n    at Promise._settlePromiseFromHandler (http://localhost:39881/__cypress/runner/cypress_runner.js:165351:31)\n    at Promise._settlePromise (http://localhost:39881/__cypress/runner/cypress_runner.js:165408:18)\n    at Promise._settlePromise0 (http://localhost:39881/__cypress/runner/cypress_runner.js:165453:10)\n    at Promise._settlePromises (http://localhost:39881/__cypress/runner/cypress_runner.js:165528:18)\n    at Async../node_modules/bluebird/js/release/async.js.Async._drainQueue (http://localhost:39881/__cypress/runner/cypress_runner.js:162140:16)\n    at Async../node_modules/bluebird/js/release/async.js.Async._drainQueues (http://localhost:39881/__cypress/runner/cypress_runner.js:162150:10)\n    at Async.drainQueues (http://localhost:39881/__cypress/runner/cypress_runner.js:162024:14)",
                "diff": null
              },
              "uuid": "31d724cc-9dad-4d41-b443-87e41359d50b",
              "parentUUID": "2417182d-9cdc-4ffb-85b7-f60416241ba7",
              "isHook": false,
              "skipped": false
            },
            {
              "title": "Verifica se o input só aceita número maiores que zero. Essa restrição deve ser feita usando os atributos do elemento `input`",
              "fullTitle": "10 - Faça o quadro de pixels ter seu tamanho definido pelo usuário. Verifica se o input só aceita número maiores que zero. Essa restrição deve ser feita usando os atributos do elemento `input`",
              "timedOut": null,
              "duration": 4213,
              "state": "failed",
              "speed": null,
              "pass": false,
              "fail": true,
              "pending": false,
              "context": null,
              "code": "cy.get('#board-size[type=\\'number\\'][min=\\'1\\']');",
              "err": {
                "message": "CypressError: Timed out retrying: Expected to find element: '#board-size[type='number'][min='1']', but never found it.",
                "estack": "CypressError: Timed out retrying: Expected to find element: '#board-size[type='number'][min='1']', but never found it.\n    at cypressErr (http://localhost:39881/__cypress/runner/cypress_runner.js:149934:9)\n    at throwErr (http://localhost:39881/__cypress/runner/cypress_runner.js:149867:11)\n    at Object.throwErrByPath (http://localhost:39881/__cypress/runner/cypress_runner.js:149915:3)\n    at retry (http://localhost:39881/__cypress/runner/cypress_runner.js:144197:19)\n    at onFailFn (http://localhost:39881/__cypress/runner/cypress_runner.js:132448:16)\n    at tryCatcher (http://localhost:39881/__cypress/runner/cypress_runner.js:167415:23)\n    at Promise._settlePromiseFromHandler (http://localhost:39881/__cypress/runner/cypress_runner.js:165351:31)\n    at Promise._settlePromise (http://localhost:39881/__cypress/runner/cypress_runner.js:165408:18)\n    at Promise._settlePromise0 (http://localhost:39881/__cypress/runner/cypress_runner.js:165453:10)\n    at Promise._settlePromises (http://localhost:39881/__cypress/runner/cypress_runner.js:165528:18)\n    at Async../node_modules/bluebird/js/release/async.js.Async._drainQueue (http://localhost:39881/__cypress/runner/cypress_runner.js:162140:16)\n    at Async../node_modules/bluebird/js/release/async.js.Async._drainQueues (http://localhost:39881/__cypress/runner/cypress_runner.js:162150:10)\n    at Async.drainQueues (http://localhost:39881/__cypress/runner/cypress_runner.js:162024:14)",
                "diff": null
              },
              "uuid": "8ebeccd2-24b3-42ce-a2a2-c2998751ad63",
              "parentUUID": "2417182d-9cdc-4ffb-85b7-f60416241ba7",
              "isHook": false,
              "skipped": false
            },
            {
              "title": "Verifica se o botão contém o texto 'VQV'",
              "fullTitle": "10 - Faça o quadro de pixels ter seu tamanho definido pelo usuário. Verifica se o botão contém o texto 'VQV'",
              "timedOut": null,
              "duration": 4190,
              "state": "failed",
              "speed": null,
              "pass": false,
              "fail": true,
              "pending": false,
              "context": null,
              "code": "cy.get('#generate-board').contains(/vqv/i);",
              "err": {
                "message": "CypressError: Timed out retrying: Expected to find element: '#generate-board', but never found it.",
                "estack": "CypressError: Timed out retrying: Expected to find element: '#generate-board', but never found it.\n    at cypressErr (http://localhost:39881/__cypress/runner/cypress_runner.js:149934:9)\n    at throwErr (http://localhost:39881/__cypress/runner/cypress_runner.js:149867:11)\n    at Object.throwErrByPath (http://localhost:39881/__cypress/runner/cypress_runner.js:149915:3)\n    at retry (http://localhost:39881/__cypress/runner/cypress_runner.js:144197:19)\n    at onFailFn (http://localhost:39881/__cypress/runner/cypress_runner.js:132448:16)\n    at tryCatcher (http://localhost:39881/__cypress/runner/cypress_runner.js:167415:23)\n    at Promise._settlePromiseFromHandler (http://localhost:39881/__cypress/runner/cypress_runner.js:165351:31)\n    at Promise._settlePromise (http://localhost:39881/__cypress/runner/cypress_runner.js:165408:18)\n    at Promise._settlePromise0 (http://localhost:39881/__cypress/runner/cypress_runner.js:165453:10)\n    at Promise._settlePromises (http://localhost:39881/__cypress/runner/cypress_runner.js:165528:18)\n    at Async../node_modules/bluebird/js/release/async.js.Async._drainQueue (http://localhost:39881/__cypress/runner/cypress_runner.js:162140:16)\n    at Async../node_modules/bluebird/js/release/async.js.Async._drainQueues (http://localhost:39881/__cypress/runner/cypress_runner.js:162150:10)\n    at Async.drainQueues (http://localhost:39881/__cypress/runner/cypress_runner.js:162024:14)",
                "diff": null
              },
              "uuid": "7122bcf5-eb61-4a22-b259-de6de39c4166",
              "parentUUID": "2417182d-9cdc-4ffb-85b7-f60416241ba7",
              "isHook": false,
              "skipped": false
            },
            {
              "title": "Verifica se o input está posicionado entre a paleta de cores e o quadro de pixels",
              "fullTitle": "10 - Faça o quadro de pixels ter seu tamanho definido pelo usuário. Verifica se o input está posicionado entre a paleta de cores e o quadro de pixels",
              "timedOut": null,
              "duration": 4218,
              "state": "failed",
              "speed": null,
              "pass": false,
              "fail": true,
              "pending": false,
              "context": null,
              "code": "cy.get('#color-palette').then(function (palette) {\n  cy.get('#board-size').should('be.belowOf', palette);\n});\ncy.get('#board-size').then(function (palette) {\n  cy.get('#pixel-board').should('be.belowOf', palette);\n});",
              "err": {
                "message": "CypressError: Timed out retrying: Expected to find element: '#board-size', but never found it.",
                "estack": "CypressError: Timed out retrying: Expected to find element: '#board-size', but never found it.\n    at cypressErr (http://localhost:39881/__cypress/runner/cypress_runner.js:149934:9)\n    at throwErr (http://localhost:39881/__cypress/runner/cypress_runner.js:149867:11)\n    at Object.throwErrByPath (http://localhost:39881/__cypress/runner/cypress_runner.js:149915:3)\n    at retry (http://localhost:39881/__cypress/runner/cypress_runner.js:144197:19)\n    at onFailFn (http://localhost:39881/__cypress/runner/cypress_runner.js:132448:16)\n    at tryCatcher (http://localhost:39881/__cypress/runner/cypress_runner.js:167415:23)\n    at Promise._settlePromiseFromHandler (http://localhost:39881/__cypress/runner/cypress_runner.js:165351:31)\n    at Promise._settlePromise (http://localhost:39881/__cypress/runner/cypress_runner.js:165408:18)\n    at Promise._settlePromise0 (http://localhost:39881/__cypress/runner/cypress_runner.js:165453:10)\n    at Promise._settlePromises (http://localhost:39881/__cypress/runner/cypress_runner.js:165528:18)\n    at Async../node_modules/bluebird/js/release/async.js.Async._drainQueue (http://localhost:39881/__cypress/runner/cypress_runner.js:162140:16)\n    at Async../node_modules/bluebird/js/release/async.js.Async._drainQueues (http://localhost:39881/__cypress/runner/cypress_runner.js:162150:10)\n    at Async.drainQueues (http://localhost:39881/__cypress/runner/cypress_runner.js:162024:14)",
                "diff": null
              },
              "uuid": "dcd7d9c2-1193-4ef8-8e6e-c8ec84d640e8",
              "parentUUID": "2417182d-9cdc-4ffb-85b7-f60416241ba7",
              "isHook": false,
              "skipped": false
            },
            {
              "title": "Verifica se o botão está posicionado ao lado do input",
              "fullTitle": "10 - Faça o quadro de pixels ter seu tamanho definido pelo usuário. Verifica se o botão está posicionado ao lado do input",
              "timedOut": null,
              "duration": 4177,
              "state": "failed",
              "speed": null,
              "pass": false,
              "fail": true,
              "pending": false,
              "context": null,
              "code": "cy.get('#board-size').then(function (board) {\n  cy.get('#generate-board').should('be.onTheRightOf', board);\n});",
              "err": {
                "message": "CypressError: Timed out retrying: Expected to find element: '#board-size', but never found it.",
                "estack": "CypressError: Timed out retrying: Expected to find element: '#board-size', but never found it.\n    at cypressErr (http://localhost:39881/__cypress/runner/cypress_runner.js:149934:9)\n    at throwErr (http://localhost:39881/__cypress/runner/cypress_runner.js:149867:11)\n    at Object.throwErrByPath (http://localhost:39881/__cypress/runner/cypress_runner.js:149915:3)\n    at retry (http://localhost:39881/__cypress/runner/cypress_runner.js:144197:19)\n    at onFailFn (http://localhost:39881/__cypress/runner/cypress_runner.js:132448:16)\n    at tryCatcher (http://localhost:39881/__cypress/runner/cypress_runner.js:167415:23)\n    at Promise._settlePromiseFromHandler (http://localhost:39881/__cypress/runner/cypress_runner.js:165351:31)\n    at Promise._settlePromise (http://localhost:39881/__cypress/runner/cypress_runner.js:165408:18)\n    at Promise._settlePromise0 (http://localhost:39881/__cypress/runner/cypress_runner.js:165453:10)\n    at Promise._settlePromises (http://localhost:39881/__cypress/runner/cypress_runner.js:165528:18)\n    at Async../node_modules/bluebird/js/release/async.js.Async._drainQueue (http://localhost:39881/__cypress/runner/cypress_runner.js:162140:16)\n    at Async../node_modules/bluebird/js/release/async.js.Async._drainQueues (http://localhost:39881/__cypress/runner/cypress_runner.js:162150:10)\n    at Async.drainQueues (http://localhost:39881/__cypress/runner/cypress_runner.js:162024:14)",
                "diff": null
              },
              "uuid": "d418d574-64c5-44f2-891e-6afa9ab36a8a",
              "parentUUID": "2417182d-9cdc-4ffb-85b7-f60416241ba7",
              "isHook": false,
              "skipped": false
            },
            {
              "title": "Verifica se nenhum valor for colocado no input ao clicar no botão, um `alert` é exibido com o texto: 'Board inválido!'",
              "fullTitle": "10 - Faça o quadro de pixels ter seu tamanho definido pelo usuário. Verifica se nenhum valor for colocado no input ao clicar no botão, um `alert` é exibido com o texto: 'Board inválido!'",
              "timedOut": null,
              "duration": 4214,
              "state": "failed",
              "speed": null,
              "pass": false,
              "fail": true,
              "pending": false,
              "context": null,
              "code": "var alerted = false;\ncy.on('window:alert', function (msg) {\n  return alerted = msg;\n});\ncy.get('#generate-board').click().then(function () {\n  return expect(alerted).to.match(/Board inválido!/i);\n});",
              "err": {
                "message": "CypressError: Timed out retrying: Expected to find element: '#generate-board', but never found it.",
                "estack": "CypressError: Timed out retrying: Expected to find element: '#generate-board', but never found it.\n    at cypressErr (http://localhost:39881/__cypress/runner/cypress_runner.js:149934:9)\n    at throwErr (http://localhost:39881/__cypress/runner/cypress_runner.js:149867:11)\n    at Object.throwErrByPath (http://localhost:39881/__cypress/runner/cypress_runner.js:149915:3)\n    at retry (http://localhost:39881/__cypress/runner/cypress_runner.js:144197:19)\n    at onFailFn (http://localhost:39881/__cypress/runner/cypress_runner.js:132448:16)\n    at tryCatcher (http://localhost:39881/__cypress/runner/cypress_runner.js:167415:23)\n    at Promise._settlePromiseFromHandler (http://localhost:39881/__cypress/runner/cypress_runner.js:165351:31)\n    at Promise._settlePromise (http://localhost:39881/__cypress/runner/cypress_runner.js:165408:18)\n    at Promise._settlePromise0 (http://localhost:39881/__cypress/runner/cypress_runner.js:165453:10)\n    at Promise._settlePromises (http://localhost:39881/__cypress/runner/cypress_runner.js:165528:18)\n    at Async../node_modules/bluebird/js/release/async.js.Async._drainQueue (http://localhost:39881/__cypress/runner/cypress_runner.js:162140:16)\n    at Async../node_modules/bluebird/js/release/async.js.Async._drainQueues (http://localhost:39881/__cypress/runner/cypress_runner.js:162150:10)\n    at Async.drainQueues (http://localhost:39881/__cypress/runner/cypress_runner.js:162024:14)",
                "diff": null
              },
              "uuid": "a2ba5406-8a06-4cbb-9a5b-673d75b0d159",
              "parentUUID": "2417182d-9cdc-4ffb-85b7-f60416241ba7",
              "isHook": false,
              "skipped": false
            },
            {
              "title": "Verifica se ao clicar no botão com um valor preenchido, o tamanho do board muda.",
              "fullTitle": "10 - Faça o quadro de pixels ter seu tamanho definido pelo usuário. Verifica se ao clicar no botão com um valor preenchido, o tamanho do board muda.",
              "timedOut": null,
              "duration": 4240,
              "state": "failed",
              "speed": null,
              "pass": false,
              "fail": true,
              "pending": false,
              "context": null,
              "code": "cy.get('#board-size').clear().type(10);\ncy.get('#generate-board').click();\ncy.get('.pixel').should('have.length', 100);",
              "err": {
                "message": "CypressError: Timed out retrying: Expected to find element: '#board-size', but never found it.",
                "estack": "CypressError: Timed out retrying: Expected to find element: '#board-size', but never found it.\n    at cypressErr (http://localhost:39881/__cypress/runner/cypress_runner.js:149934:9)\n    at throwErr (http://localhost:39881/__cypress/runner/cypress_runner.js:149867:11)\n    at Object.throwErrByPath (http://localhost:39881/__cypress/runner/cypress_runner.js:149915:3)\n    at retry (http://localhost:39881/__cypress/runner/cypress_runner.js:144197:19)\n    at onFailFn (http://localhost:39881/__cypress/runner/cypress_runner.js:132448:16)\n    at tryCatcher (http://localhost:39881/__cypress/runner/cypress_runner.js:167415:23)\n    at Promise._settlePromiseFromHandler (http://localhost:39881/__cypress/runner/cypress_runner.js:165351:31)\n    at Promise._settlePromise (http://localhost:39881/__cypress/runner/cypress_runner.js:165408:18)\n    at Promise._settlePromise0 (http://localhost:39881/__cypress/runner/cypress_runner.js:165453:10)\n    at Promise._settlePromises (http://localhost:39881/__cypress/runner/cypress_runner.js:165528:18)\n    at Async../node_modules/bluebird/js/release/async.js.Async._drainQueue (http://localhost:39881/__cypress/runner/cypress_runner.js:162140:16)\n    at Async../node_modules/bluebird/js/release/async.js.Async._drainQueues (http://localhost:39881/__cypress/runner/cypress_runner.js:162150:10)\n    at Async.drainQueues (http://localhost:39881/__cypress/runner/cypress_runner.js:162024:14)",
                "diff": null
              },
              "uuid": "5d163048-60a8-4ee4-8150-ab95452445fa",
              "parentUUID": "2417182d-9cdc-4ffb-85b7-f60416241ba7",
              "isHook": false,
              "skipped": false
            },
            {
              "title": "Verifica se o novo quadro tem todos os pixels preenchidos com a cor branca",
              "fullTitle": "10 - Faça o quadro de pixels ter seu tamanho definido pelo usuário. Verifica se o novo quadro tem todos os pixels preenchidos com a cor branca",
              "timedOut": null,
              "duration": 4172,
              "state": "failed",
              "speed": null,
              "pass": false,
              "fail": true,
              "pending": false,
              "context": null,
              "code": "cy.get('#board-size').clear().type(6);\ncy.get('#generate-board').click();\ncy.get('.pixel').should('have.length', 36).each(function (pixel) {\n  expect(pixel).to.have.css('background-color', WHITE);\n});",
              "err": {
                "message": "CypressError: Timed out retrying: Expected to find element: '#board-size', but never found it.",
                "estack": "CypressError: Timed out retrying: Expected to find element: '#board-size', but never found it.\n    at cypressErr (http://localhost:39881/__cypress/runner/cypress_runner.js:149934:9)\n    at throwErr (http://localhost:39881/__cypress/runner/cypress_runner.js:149867:11)\n    at Object.throwErrByPath (http://localhost:39881/__cypress/runner/cypress_runner.js:149915:3)\n    at retry (http://localhost:39881/__cypress/runner/cypress_runner.js:144197:19)\n    at onFailFn (http://localhost:39881/__cypress/runner/cypress_runner.js:132448:16)\n    at tryCatcher (http://localhost:39881/__cypress/runner/cypress_runner.js:167415:23)\n    at Promise._settlePromiseFromHandler (http://localhost:39881/__cypress/runner/cypress_runner.js:165351:31)\n    at Promise._settlePromise (http://localhost:39881/__cypress/runner/cypress_runner.js:165408:18)\n    at Promise._settlePromise0 (http://localhost:39881/__cypress/runner/cypress_runner.js:165453:10)\n    at Promise._settlePromises (http://localhost:39881/__cypress/runner/cypress_runner.js:165528:18)\n    at Async../node_modules/bluebird/js/release/async.js.Async._drainQueue (http://localhost:39881/__cypress/runner/cypress_runner.js:162140:16)\n    at Async../node_modules/bluebird/js/release/async.js.Async._drainQueues (http://localhost:39881/__cypress/runner/cypress_runner.js:162150:10)\n    at Async.drainQueues (http://localhost:39881/__cypress/runner/cypress_runner.js:162024:14)",
                "diff": null
              },
              "uuid": "a95b05a8-3332-4a1f-ba9a-50c4219862bf",
              "parentUUID": "2417182d-9cdc-4ffb-85b7-f60416241ba7",
              "isHook": false,
              "skipped": false
            }
          ],
          "suites": [],
          "passes": [],
          "failures": [
            "10bffd48-8ab8-4bc3-bbff-d739c937438d",
            "31d724cc-9dad-4d41-b443-87e41359d50b",
            "8ebeccd2-24b3-42ce-a2a2-c2998751ad63",
            "7122bcf5-eb61-4a22-b259-de6de39c4166",
            "dcd7d9c2-1193-4ef8-8e6e-c8ec84d640e8",
            "d418d574-64c5-44f2-891e-6afa9ab36a8a",
            "a2ba5406-8a06-4cbb-9a5b-673d75b0d159",
            "5d163048-60a8-4ee4-8150-ab95452445fa",
            "a95b05a8-3332-4a1f-ba9a-50c4219862bf"
          ],
          "pending": [],
          "skipped": [],
          "duration": 37872,
          "root": false,
          "rootEmpty": false,
          "_timeout": 2000
        },
        {
          "uuid": "6c9f1a7d-9b8d-4055-bbe7-7a712e69ae97",
          "title": "11 - Limite o tamanho mínimo e máximo do board.",
          "fullFile": "",
          "file": "",
          "beforeHooks": [],
          "afterHooks": [],
          "tests": [
            {
              "title": "Verifica se a altura máxima do board é 50",
              "fullTitle": "11 - Limite o tamanho mínimo e máximo do board. Verifica se a altura máxima do board é 50",
              "timedOut": null,
              "duration": 4228,
              "state": "failed",
              "speed": null,
              "pass": false,
              "fail": true,
              "pending": false,
              "context": null,
              "code": "cy.get('#board-size').clear().type(50);\ncy.get('#generate-board').click();\ncy.get('.pixel').should('have.length', 2500);",
              "err": {
                "message": "CypressError: Timed out retrying: Expected to find element: '#board-size', but never found it.",
                "estack": "CypressError: Timed out retrying: Expected to find element: '#board-size', but never found it.\n    at cypressErr (http://localhost:39881/__cypress/runner/cypress_runner.js:149934:9)\n    at throwErr (http://localhost:39881/__cypress/runner/cypress_runner.js:149867:11)\n    at Object.throwErrByPath (http://localhost:39881/__cypress/runner/cypress_runner.js:149915:3)\n    at retry (http://localhost:39881/__cypress/runner/cypress_runner.js:144197:19)\n    at onFailFn (http://localhost:39881/__cypress/runner/cypress_runner.js:132448:16)\n    at tryCatcher (http://localhost:39881/__cypress/runner/cypress_runner.js:167415:23)\n    at Promise._settlePromiseFromHandler (http://localhost:39881/__cypress/runner/cypress_runner.js:165351:31)\n    at Promise._settlePromise (http://localhost:39881/__cypress/runner/cypress_runner.js:165408:18)\n    at Promise._settlePromise0 (http://localhost:39881/__cypress/runner/cypress_runner.js:165453:10)\n    at Promise._settlePromises (http://localhost:39881/__cypress/runner/cypress_runner.js:165528:18)\n    at Async../node_modules/bluebird/js/release/async.js.Async._drainQueue (http://localhost:39881/__cypress/runner/cypress_runner.js:162140:16)\n    at Async../node_modules/bluebird/js/release/async.js.Async._drainQueues (http://localhost:39881/__cypress/runner/cypress_runner.js:162150:10)\n    at Async.drainQueues (http://localhost:39881/__cypress/runner/cypress_runner.js:162024:14)",
                "diff": null
              },
              "uuid": "bed722c2-bf20-4879-8a87-aa6ca65cd893",
              "parentUUID": "6c9f1a7d-9b8d-4055-bbe7-7a712e69ae97",
              "isHook": false,
              "skipped": false
            },
            {
              "title": "Verifica se a altura do board é 5 quando um valor menor é colocado no input",
              "fullTitle": "11 - Limite o tamanho mínimo e máximo do board. Verifica se a altura do board é 5 quando um valor menor é colocado no input",
              "timedOut": null,
              "duration": 4198,
              "state": "failed",
              "speed": null,
              "pass": false,
              "fail": true,
              "pending": false,
              "context": null,
              "code": "cy.get('#board-size').clear().type(4);\ncy.get('#generate-board').click();\ncy.get('.pixel').should('have.length', 25);",
              "err": {
                "message": "CypressError: Timed out retrying: Expected to find element: '#board-size', but never found it.",
                "estack": "CypressError: Timed out retrying: Expected to find element: '#board-size', but never found it.\n    at cypressErr (http://localhost:39881/__cypress/runner/cypress_runner.js:149934:9)\n    at throwErr (http://localhost:39881/__cypress/runner/cypress_runner.js:149867:11)\n    at Object.throwErrByPath (http://localhost:39881/__cypress/runner/cypress_runner.js:149915:3)\n    at retry (http://localhost:39881/__cypress/runner/cypress_runner.js:144197:19)\n    at onFailFn (http://localhost:39881/__cypress/runner/cypress_runner.js:132448:16)\n    at tryCatcher (http://localhost:39881/__cypress/runner/cypress_runner.js:167415:23)\n    at Promise._settlePromiseFromHandler (http://localhost:39881/__cypress/runner/cypress_runner.js:165351:31)\n    at Promise._settlePromise (http://localhost:39881/__cypress/runner/cypress_runner.js:165408:18)\n    at Promise._settlePromise0 (http://localhost:39881/__cypress/runner/cypress_runner.js:165453:10)\n    at Promise._settlePromises (http://localhost:39881/__cypress/runner/cypress_runner.js:165528:18)\n    at Async../node_modules/bluebird/js/release/async.js.Async._drainQueue (http://localhost:39881/__cypress/runner/cypress_runner.js:162140:16)\n    at Async../node_modules/bluebird/js/release/async.js.Async._drainQueues (http://localhost:39881/__cypress/runner/cypress_runner.js:162150:10)\n    at Async.drainQueues (http://localhost:39881/__cypress/runner/cypress_runner.js:162024:14)",
                "diff": null
              },
              "uuid": "997fbfb5-d3a5-4cd9-9e14-b956d2cc44bf",
              "parentUUID": "6c9f1a7d-9b8d-4055-bbe7-7a712e69ae97",
              "isHook": false,
              "skipped": false
            },
            {
              "title": "Verifica se a altura do board é 50 quando um valor maior é colocado no input",
              "fullTitle": "11 - Limite o tamanho mínimo e máximo do board. Verifica se a altura do board é 50 quando um valor maior é colocado no input",
              "timedOut": null,
              "duration": 4347,
              "state": "failed",
              "speed": null,
              "pass": false,
              "fail": true,
              "pending": false,
              "context": null,
              "code": "cy.get('#board-size').clear().type(51);\ncy.get('#generate-board').click();\ncy.get('.pixel').should('have.length', 2500);",
              "err": {
                "message": "CypressError: Timed out retrying: Expected to find element: '#board-size', but never found it.",
                "estack": "CypressError: Timed out retrying: Expected to find element: '#board-size', but never found it.\n    at cypressErr (http://localhost:39881/__cypress/runner/cypress_runner.js:149934:9)\n    at throwErr (http://localhost:39881/__cypress/runner/cypress_runner.js:149867:11)\n    at Object.throwErrByPath (http://localhost:39881/__cypress/runner/cypress_runner.js:149915:3)\n    at retry (http://localhost:39881/__cypress/runner/cypress_runner.js:144197:19)\n    at onFailFn (http://localhost:39881/__cypress/runner/cypress_runner.js:132448:16)\n    at tryCatcher (http://localhost:39881/__cypress/runner/cypress_runner.js:167415:23)\n    at Promise._settlePromiseFromHandler (http://localhost:39881/__cypress/runner/cypress_runner.js:165351:31)\n    at Promise._settlePromise (http://localhost:39881/__cypress/runner/cypress_runner.js:165408:18)\n    at Promise._settlePromise0 (http://localhost:39881/__cypress/runner/cypress_runner.js:165453:10)\n    at Promise._settlePromises (http://localhost:39881/__cypress/runner/cypress_runner.js:165528:18)\n    at Async../node_modules/bluebird/js/release/async.js.Async._drainQueue (http://localhost:39881/__cypress/runner/cypress_runner.js:162140:16)\n    at Async../node_modules/bluebird/js/release/async.js.Async._drainQueues (http://localhost:39881/__cypress/runner/cypress_runner.js:162150:10)\n    at Async.drainQueues (http://localhost:39881/__cypress/runner/cypress_runner.js:162024:14)",
                "diff": null
              },
              "uuid": "0f850d5e-851a-4522-a9bf-3981c9e2ed92",
              "parentUUID": "6c9f1a7d-9b8d-4055-bbe7-7a712e69ae97",
              "isHook": false,
              "skipped": false
            }
          ],
          "suites": [],
          "passes": [],
          "failures": [
            "bed722c2-bf20-4879-8a87-aa6ca65cd893",
            "997fbfb5-d3a5-4cd9-9e14-b956d2cc44bf",
            "0f850d5e-851a-4522-a9bf-3981c9e2ed92"
          ],
          "pending": [],
          "skipped": [],
          "duration": 12773,
          "root": false,
          "rootEmpty": false,
          "_timeout": 2000
        },
        {
          "uuid": "3a2a07bd-19e5-461e-8ae1-963ee258a292",
          "title": "12 - Faça com que as cores da paleta sejam geradas aleatoriamente ao carregar a página.",
          "fullFile": "",
          "file": "",
          "beforeHooks": [],
          "afterHooks": [],
          "tests": [
            {
              "title": "Verifica se as cores geradas na paleta são diferentes a cada carregamento da página",
              "fullTitle": "12 - Faça com que as cores da paleta sejam geradas aleatoriamente ao carregar a página. Verifica se as cores geradas na paleta são diferentes a cada carregamento da página",
              "timedOut": null,
              "duration": 251,
              "state": "failed",
              "speed": null,
              "pass": false,
              "fail": true,
              "pending": false,
              "context": null,
              "code": "cy.get('.color').then(function (colors) {\n  var currentColors;\n  var previousColors;\n  previousColors = Array.from(colors).map(function (color) {\n    return Cypress.$(color).css('background-color');\n  });\n  for (var i = 0; i < 5; i += 1) {\n    cy.reload();\n    cy.get('.color').then(function (colors) {\n      currentColors = Array.from(colors).map(function (color) {\n        return Cypress.$(color).css('background-color');\n      });\n      expect(currentColors).not.to.deep.equal(previousColors);\n      previousColors = currentColors;\n    });\n  }\n});",
              "err": {
                "message": "AssertionError: expected [ Array(4) ] to not deeply equal [ Array(4) ]",
                "estack": "AssertionError: expected [ Array(4) ] to not deeply equal [ Array(4) ]\n    at getRet (http://localhost:39881/__cypress/runner/cypress_runner.js:136585:16)\n    at tryCatcher (http://localhost:39881/__cypress/runner/cypress_runner.js:167415:23)\n    at Function.Promise.attempt.Promise.try (http://localhost:39881/__cypress/runner/cypress_runner.js:164690:29)\n    at Context.thenFn (http://localhost:39881/__cypress/runner/cypress_runner.js:136599:23)\n    at Context.then (http://localhost:39881/__cypress/runner/cypress_runner.js:136971:21)\n    at Context.<anonymous> (http://localhost:39881/__cypress/runner/cypress_runner.js:148875:21)\n    at http://localhost:39881/__cypress/runner/cypress_runner.js:148351:33\n    at tryCatcher (http://localhost:39881/__cypress/runner/cypress_runner.js:167415:23)\n    at Promise._settlePromiseFromHandler (http://localhost:39881/__cypress/runner/cypress_runner.js:165351:31)\n    at Promise._settlePromise (http://localhost:39881/__cypress/runner/cypress_runner.js:165408:18)\n    at Promise._settlePromiseCtx (http://localhost:39881/__cypress/runner/cypress_runner.js:165445:10)\n    at Async../node_modules/bluebird/js/release/async.js.Async._drainQueue (http://localhost:39881/__cypress/runner/cypress_runner.js:162145:12)\n    at Async../node_modules/bluebird/js/release/async.js.Async._drainQueues (http://localhost:39881/__cypress/runner/cypress_runner.js:162150:10)\n    at Async.drainQueues (http://localhost:39881/__cypress/runner/cypress_runner.js:162024:14)",
                "diff": ""
              },
              "uuid": "d405026a-512a-4fc4-ae17-1c63467c36a8",
              "parentUUID": "3a2a07bd-19e5-461e-8ae1-963ee258a292",
              "isHook": false,
              "skipped": false
            },
            {
              "title": "Verifica se a cor preta ainda está presente e é a primeira na sua paleta de cores",
              "fullTitle": "12 - Faça com que as cores da paleta sejam geradas aleatoriamente ao carregar a página. Verifica se a cor preta ainda está presente e é a primeira na sua paleta de cores",
              "timedOut": null,
              "duration": 219,
              "state": "failed",
              "speed": null,
              "pass": false,
              "fail": true,
              "pending": false,
              "context": null,
              "code": "cy.get('.color').then(function (colors) {\n  var currentColors;\n  var previousColors;\n  previousColors = Array.from(colors).map(function (color) {\n    return Cypress.$(color).css('background-color');\n  });\n  expect(previousColors[0]).to.eq(BLACK);\n  for (var i = 0; i < 5; i += 1) {\n    cy.reload();\n    cy.get('.color').then(function (colors) {\n      currentColors = Array.from(colors).map(function (color) {\n        return Cypress.$(color).css('background-color');\n      });\n      expect(currentColors[0]).to.eq(BLACK);\n      expect(currentColors).not.to.deep.equal(previousColors);\n      previousColors = currentColors;\n    });\n  }\n});",
              "err": {
                "message": "AssertionError: expected [ Array(4) ] to not deeply equal [ Array(4) ]",
                "estack": "AssertionError: expected [ Array(4) ] to not deeply equal [ Array(4) ]\n    at getRet (http://localhost:39881/__cypress/runner/cypress_runner.js:136585:16)\n    at tryCatcher (http://localhost:39881/__cypress/runner/cypress_runner.js:167415:23)\n    at Function.Promise.attempt.Promise.try (http://localhost:39881/__cypress/runner/cypress_runner.js:164690:29)\n    at Context.thenFn (http://localhost:39881/__cypress/runner/cypress_runner.js:136599:23)\n    at Context.then (http://localhost:39881/__cypress/runner/cypress_runner.js:136971:21)\n    at Context.<anonymous> (http://localhost:39881/__cypress/runner/cypress_runner.js:148875:21)\n    at http://localhost:39881/__cypress/runner/cypress_runner.js:148351:33\n    at tryCatcher (http://localhost:39881/__cypress/runner/cypress_runner.js:167415:23)\n    at Promise._settlePromiseFromHandler (http://localhost:39881/__cypress/runner/cypress_runner.js:165351:31)\n    at Promise._settlePromise (http://localhost:39881/__cypress/runner/cypress_runner.js:165408:18)\n    at Promise._settlePromiseCtx (http://localhost:39881/__cypress/runner/cypress_runner.js:165445:10)\n    at Async../node_modules/bluebird/js/release/async.js.Async._drainQueue (http://localhost:39881/__cypress/runner/cypress_runner.js:162145:12)\n    at Async../node_modules/bluebird/js/release/async.js.Async._drainQueues (http://localhost:39881/__cypress/runner/cypress_runner.js:162150:10)\n    at Async.drainQueues (http://localhost:39881/__cypress/runner/cypress_runner.js:162024:14)",
                "diff": ""
              },
              "uuid": "2b37d915-1979-4c45-9129-f5e5d71e3e5a",
              "parentUUID": "3a2a07bd-19e5-461e-8ae1-963ee258a292",
              "isHook": false,
              "skipped": false
            }
          ],
          "suites": [],
          "passes": [],
          "failures": [
            "d405026a-512a-4fc4-ae17-1c63467c36a8",
            "2b37d915-1979-4c45-9129-f5e5d71e3e5a"
          ],
          "pending": [],
          "skipped": [],
          "duration": 470,
          "root": false,
          "rootEmpty": false,
          "_timeout": 2000
        }
      ],
      "passes": [],
      "failures": [],
      "pending": [],
      "skipped": [],
      "duration": 0,
      "root": true,
      "rootEmpty": true,
      "_timeout": 2000
    }
  ],
  "meta": {
    "mocha": {
      "version": "7.0.1"
    },
    "mochawesome": {
      "options": {
        "quiet": false,
        "reportFilename": "mochawesome",
        "saveHtml": false,
        "saveJson": true,
        "consoleReporter": "spec",
        "useInlineDiffs": false
      },
      "version": "4.1.0"
    },
    "marge": {
      "options": {
        "id": "default",
        "reportDir": "cypress/reports",
        "overwrite": true,
        "html": false,
        "json": true
      },
      "version": "4.1.0"
    }
  }
}