{
  "stats": {
    "suites": 12,
    "tests": 41,
    "passes": 25,
    "pending": 0,
    "failures": 16,
    "start": "2021-08-19T21:44:57.637Z",
    "end": "2021-08-19T21:46:47.095Z",
    "duration": 109458,
    "testsRegistered": 41,
    "passPercent": 60.97560975609756,
    "pendingPercent": 0,
    "other": 0,
    "hasOther": false,
    "skipped": 0,
    "hasSkipped": false
  },
  "results": [
    {
      "uuid": "eed86e25-be08-46fe-a6a7-71f186148dcb",
      "title": "",
      "fullFile": "cypress/integration/project.spec.js",
      "file": "cypress/integration/project.spec.js",
      "beforeHooks": [],
      "afterHooks": [],
      "tests": [],
      "suites": [
        {
          "uuid": "c98e9295-61c7-47fb-ada2-a79ee8de7d6e",
          "title": "1 - Adicione à página o título \"Paleta de Cores\".",
          "fullFile": "",
          "file": "",
          "beforeHooks": [],
          "afterHooks": [],
          "tests": [
            {
              "title": "Verifica se contém um elemento `h1` com o id `title` com o título correto",
              "fullTitle": "1 - Adicione à página o título \"Paleta de Cores\". Verifica se contém um elemento `h1` com o id `title` com o título correto",
              "timedOut": null,
              "duration": 1251,
              "state": "passed",
              "speed": "slow",
              "pass": true,
              "fail": false,
              "pending": false,
              "context": null,
              "code": "cy.get('h1#title').should('contain.text', 'Paleta de Cores');",
              "err": {},
              "uuid": "c4b65536-b00e-4b1f-b192-1546f63a6a72",
              "parentUUID": "c98e9295-61c7-47fb-ada2-a79ee8de7d6e",
              "isHook": false,
              "skipped": false
            }
          ],
          "suites": [],
          "passes": [
            "c4b65536-b00e-4b1f-b192-1546f63a6a72"
          ],
          "failures": [],
          "pending": [],
          "skipped": [],
          "duration": 1251,
          "root": false,
          "rootEmpty": false,
          "_timeout": 2000
        },
        {
          "uuid": "9f2a44d1-20d1-4916-ac3d-eb24a9c677b8",
          "title": "2 - Adicione à página uma paleta de quatro cores distintas.",
          "fullFile": "",
          "file": "",
          "beforeHooks": [],
          "afterHooks": [],
          "tests": [
            {
              "title": "A paleta de cores deve ser um elemento com `id` denominado `color-palette`",
              "fullTitle": "2 - Adicione à página uma paleta de quatro cores distintas. A paleta de cores deve ser um elemento com `id` denominado `color-palette`",
              "timedOut": null,
              "duration": 469,
              "state": "passed",
              "speed": "slow",
              "pass": true,
              "fail": false,
              "pending": false,
              "context": null,
              "code": "cy.get('#color-palette').should('be.visible');",
              "err": {},
              "uuid": "cf9b5283-4c44-4248-96ad-542ca835dfd5",
              "parentUUID": "9f2a44d1-20d1-4916-ac3d-eb24a9c677b8",
              "isHook": false,
              "skipped": false
            },
            {
              "title": "Verifica se cada cor individual da paleta de cores possui a `classe` chamada `color`.",
              "fullTitle": "2 - Adicione à página uma paleta de quatro cores distintas. Verifica se cada cor individual da paleta de cores possui a `classe` chamada `color`.",
              "timedOut": null,
              "duration": 647,
              "state": "passed",
              "speed": "slow",
              "pass": true,
              "fail": false,
              "pending": false,
              "context": null,
              "code": "cy.get('.color').should('have.length', 4).then(function (colors) {\n  for (var i = 0; i < colors.length; i++) {\n    cy.wrap(colors[i]).should('be.visible');\n  }\n});",
              "err": {},
              "uuid": "72c774a9-3b63-4a68-b3c4-7fc313ef0de4",
              "parentUUID": "9f2a44d1-20d1-4916-ac3d-eb24a9c677b8",
              "isHook": false,
              "skipped": false
            },
            {
              "title": "Verifica se a cor de fundo de cada elemento da paleta é a cor que o elemento representa. **A única cor não permitida na paleta é a cor branca.**",
              "fullTitle": "2 - Adicione à página uma paleta de quatro cores distintas. Verifica se a cor de fundo de cada elemento da paleta é a cor que o elemento representa. **A única cor não permitida na paleta é a cor branca.**",
              "timedOut": null,
              "duration": 460,
              "state": "passed",
              "speed": "slow",
              "pass": true,
              "fail": false,
              "pending": false,
              "context": null,
              "code": "cy.get('.color').each(function (color) {\n  cy.wrap(color).should('have.class', 'color').and('not.have.css', 'background-color', WHITE);\n  cy.wrap(color).should('have.css', 'background-color');\n});",
              "err": {},
              "uuid": "fbac86fd-b662-49f8-b29e-ca6a89191d5f",
              "parentUUID": "9f2a44d1-20d1-4916-ac3d-eb24a9c677b8",
              "isHook": false,
              "skipped": false
            },
            {
              "title": "Verifica se cada elemento da paleta de cores tem uma borda preta, sólida e com 1 pixel de largura;",
              "fullTitle": "2 - Adicione à página uma paleta de quatro cores distintas. Verifica se cada elemento da paleta de cores tem uma borda preta, sólida e com 1 pixel de largura;",
              "timedOut": null,
              "duration": 374,
              "state": "passed",
              "speed": "slow",
              "pass": true,
              "fail": false,
              "pending": false,
              "context": null,
              "code": "cy.get('.color').each(function (color) {\n  cy.wrap(color).and('have.css', 'border', \"1px solid \".concat(BLACK)).and('have.class', 'color');\n});",
              "err": {},
              "uuid": "306569d8-c2a1-4fec-b199-a179391b0160",
              "parentUUID": "9f2a44d1-20d1-4916-ac3d-eb24a9c677b8",
              "isHook": false,
              "skipped": false
            },
            {
              "title": "Verifica se a paleta lista todas as cores disponíveis para utilização, lado a lado.",
              "fullTitle": "2 - Adicione à página uma paleta de quatro cores distintas. Verifica se a paleta lista todas as cores disponíveis para utilização, lado a lado.",
              "timedOut": null,
              "duration": 411,
              "state": "passed",
              "speed": "slow",
              "pass": true,
              "fail": false,
              "pending": false,
              "context": null,
              "code": "cy.get('.color').then(function (colors) {\n  for (var index = 1; index < colors.length; index += 1) {\n    var currentColor = colors[index];\n    var previousColor = colors[index - 1];\n    cy.wrap(currentColor).should('be.onTheRightOf', previousColor).and('be.horizontallyAlignedWith', previousColor);\n  }\n});",
              "err": {},
              "uuid": "5988fc82-50ff-4c3a-9c15-14392e07addf",
              "parentUUID": "9f2a44d1-20d1-4916-ac3d-eb24a9c677b8",
              "isHook": false,
              "skipped": false
            },
            {
              "title": "Verifica se a paleta de cores está posicionada abaixo do título 'Paleta de Cores'",
              "fullTitle": "2 - Adicione à página uma paleta de quatro cores distintas. Verifica se a paleta de cores está posicionada abaixo do título 'Paleta de Cores'",
              "timedOut": null,
              "duration": 505,
              "state": "passed",
              "speed": "slow",
              "pass": true,
              "fail": false,
              "pending": false,
              "context": null,
              "code": "cy.get('h1#title').then(function (title) {\n  cy.get('#color-palette').should('be.belowOf', title);\n});",
              "err": {},
              "uuid": "dadee4d5-c20d-4aec-9c32-367ed8a3b85a",
              "parentUUID": "9f2a44d1-20d1-4916-ac3d-eb24a9c677b8",
              "isHook": false,
              "skipped": false
            },
            {
              "title": "Verifica se a paleta de cores não contém cores repetidas.",
              "fullTitle": "2 - Adicione à página uma paleta de quatro cores distintas. Verifica se a paleta de cores não contém cores repetidas.",
              "timedOut": null,
              "duration": 275,
              "state": "passed",
              "speed": "slow",
              "pass": true,
              "fail": false,
              "pending": false,
              "context": null,
              "code": "cy.get('.color').then(function (colors) {\n  var allColors = Array.from(colors).map(function (color) {\n    return Cypress.$(color).css('background-color');\n  });\n  cy.log(allColors);\n  var uniqColors = (0, _toConsumableArray2[\"default\"])(new Set(allColors));\n  cy.log(uniqColors);\n  expect(allColors.length).to.eq(uniqColors.length);\n});",
              "err": {},
              "uuid": "72580b06-b7be-4818-b707-e0a0807721c2",
              "parentUUID": "9f2a44d1-20d1-4916-ac3d-eb24a9c677b8",
              "isHook": false,
              "skipped": false
            }
          ],
          "suites": [],
          "passes": [
            "cf9b5283-4c44-4248-96ad-542ca835dfd5",
            "72c774a9-3b63-4a68-b3c4-7fc313ef0de4",
            "fbac86fd-b662-49f8-b29e-ca6a89191d5f",
            "306569d8-c2a1-4fec-b199-a179391b0160",
            "5988fc82-50ff-4c3a-9c15-14392e07addf",
            "dadee4d5-c20d-4aec-9c32-367ed8a3b85a",
            "72580b06-b7be-4818-b707-e0a0807721c2"
          ],
          "failures": [],
          "pending": [],
          "skipped": [],
          "duration": 3141,
          "root": false,
          "rootEmpty": false,
          "_timeout": 2000
        },
        {
          "uuid": "b68b9654-bd33-4a72-893a-0e65513627dd",
          "title": "3 - Adicione a cor **preta** como a primeira cor da paleta de cores.",
          "fullFile": "",
          "file": "",
          "beforeHooks": [],
          "afterHooks": [],
          "tests": [
            {
              "title": "Verifica se a primeira cor da paleta é preta",
              "fullTitle": "3 - Adicione a cor **preta** como a primeira cor da paleta de cores. Verifica se a primeira cor da paleta é preta",
              "timedOut": null,
              "duration": 535,
              "state": "passed",
              "speed": "slow",
              "pass": true,
              "fail": false,
              "pending": false,
              "context": null,
              "code": "cy.get('.color').first().should('have.css', 'background-color', BLACK);",
              "err": {},
              "uuid": "6358ea6d-d379-471e-b93a-7a4338c8b8fe",
              "parentUUID": "b68b9654-bd33-4a72-893a-0e65513627dd",
              "isHook": false,
              "skipped": false
            },
            {
              "title": "Verifica se as demais cores podem ser escolhidas livremente.",
              "fullTitle": "3 - Adicione a cor **preta** como a primeira cor da paleta de cores. Verifica se as demais cores podem ser escolhidas livremente.",
              "timedOut": null,
              "duration": 623,
              "state": "passed",
              "speed": "slow",
              "pass": true,
              "fail": false,
              "pending": false,
              "context": null,
              "code": "cy.get('.color').eq(1).should('not.have.css', 'background-color', BLACK);\ncy.get('.color').eq(1).should('not.have.css', 'background-color', WHITE);\ncy.get('.color').eq(1).should('not.have.css', 'background-color', 'rgba(0, 0, 0, 0)');\ncy.get('.color').eq(1).should('have.css', 'background-color');\ncy.get('.color').eq(2).should('not.have.css', 'background-color', BLACK);\ncy.get('.color').eq(2).should('not.have.css', 'background-color', WHITE);\ncy.get('.color').eq(2).should('not.have.css', 'background-color', 'rgba(0, 0, 0, 0)');\ncy.get('.color').eq(2).should('have.css', 'background-color');\ncy.get('.color').eq(3).should('not.have.css', 'background-color', BLACK);\ncy.get('.color').eq(3).should('not.have.css', 'background-color', WHITE);\ncy.get('.color').eq(3).should('not.have.css', 'background-color', 'rgba(0, 0, 0, 0)');\ncy.get('.color').eq(3).should('have.css', 'background-color');",
              "err": {},
              "uuid": "74fd15b9-b6d0-4454-b5ad-ffbd7ac19ebd",
              "parentUUID": "b68b9654-bd33-4a72-893a-0e65513627dd",
              "isHook": false,
              "skipped": false
            }
          ],
          "suites": [],
          "passes": [
            "6358ea6d-d379-471e-b93a-7a4338c8b8fe",
            "74fd15b9-b6d0-4454-b5ad-ffbd7ac19ebd"
          ],
          "failures": [],
          "pending": [],
          "skipped": [],
          "duration": 1158,
          "root": false,
          "rootEmpty": false,
          "_timeout": 2000
        },
        {
          "uuid": "6fe195f1-8261-4ca6-bdad-8655c4a4e266",
          "title": "4 - Adicione à página um quadro de pixels, com 25 pixels.",
          "fullFile": "",
          "file": "",
          "beforeHooks": [],
          "afterHooks": [],
          "tests": [
            {
              "title": "Verifica se o quadro de pixels possui o `id` denominado `pixel-board`",
              "fullTitle": "4 - Adicione à página um quadro de pixels, com 25 pixels. Verifica se o quadro de pixels possui o `id` denominado `pixel-board`",
              "timedOut": null,
              "duration": 457,
              "state": "passed",
              "speed": "slow",
              "pass": true,
              "fail": false,
              "pending": false,
              "context": null,
              "code": "cy.get('#pixel-board').should('be.visible');",
              "err": {},
              "uuid": "a24f2ea5-f1c3-4fa5-902a-dfcbb108bbc5",
              "parentUUID": "6fe195f1-8261-4ca6-bdad-8655c4a4e266",
              "isHook": false,
              "skipped": false
            },
            {
              "title": "Verifica se cada pixel individual dentro do quadro possui a `classe` denominada `pixel`.",
              "fullTitle": "4 - Adicione à página um quadro de pixels, com 25 pixels. Verifica se cada pixel individual dentro do quadro possui a `classe` denominada `pixel`.",
              "timedOut": null,
              "duration": 454,
              "state": "passed",
              "speed": "slow",
              "pass": true,
              "fail": false,
              "pending": false,
              "context": null,
              "code": "cy.get('.pixel').should('have.length', 25);",
              "err": {},
              "uuid": "ed849d93-bf8a-43cf-8618-09bbcba49940",
              "parentUUID": "6fe195f1-8261-4ca6-bdad-8655c4a4e266",
              "isHook": false,
              "skipped": false
            },
            {
              "title": "Verifica se a cor inicial dos pixels dentro do quadro, ao abrir a página, é branca.",
              "fullTitle": "4 - Adicione à página um quadro de pixels, com 25 pixels. Verifica se a cor inicial dos pixels dentro do quadro, ao abrir a página, é branca.",
              "timedOut": null,
              "duration": 538,
              "state": "passed",
              "speed": "slow",
              "pass": true,
              "fail": false,
              "pending": false,
              "context": null,
              "code": "cy.get('.pixel').should('have.length', 25).each(function (pixel) {\n  expect(pixel).to.have.css('background-color', WHITE);\n});",
              "err": {},
              "uuid": "1697b345-45b8-47af-8343-4994b13f4edf",
              "parentUUID": "6fe195f1-8261-4ca6-bdad-8655c4a4e266",
              "isHook": false,
              "skipped": false
            },
            {
              "title": "Verifica se o quadro de pixels aparece abaixo da paleta de cores",
              "fullTitle": "4 - Adicione à página um quadro de pixels, com 25 pixels. Verifica se o quadro de pixels aparece abaixo da paleta de cores",
              "timedOut": null,
              "duration": 362,
              "state": "passed",
              "speed": "slow",
              "pass": true,
              "fail": false,
              "pending": false,
              "context": null,
              "code": "cy.get('#color-palette').then(function (palette) {\n  cy.get('#pixel-board').should('be.belowOf', palette);\n});",
              "err": {},
              "uuid": "04a3cdbe-d3d5-447f-a8b4-741b9d3ab19f",
              "parentUUID": "6fe195f1-8261-4ca6-bdad-8655c4a4e266",
              "isHook": false,
              "skipped": false
            }
          ],
          "suites": [],
          "passes": [
            "a24f2ea5-f1c3-4fa5-902a-dfcbb108bbc5",
            "ed849d93-bf8a-43cf-8618-09bbcba49940",
            "1697b345-45b8-47af-8343-4994b13f4edf",
            "04a3cdbe-d3d5-447f-a8b4-741b9d3ab19f"
          ],
          "failures": [],
          "pending": [],
          "skipped": [],
          "duration": 1811,
          "root": false,
          "rootEmpty": false,
          "_timeout": 2000
        },
        {
          "uuid": "a557824a-fb93-4e83-9f2a-42e4069f9254",
          "title": "5 - Faça com que cada elemento do quadro de pixels possua 40 pixels de largura, 40 pixels de altura e seja delimitado por uma borda preta de 1 pixel.",
          "fullFile": "",
          "file": "",
          "beforeHooks": [],
          "afterHooks": [],
          "tests": [
            {
              "title": "Verifica se o quadro de pixels tem altura e comprimento de 5 elementos",
              "fullTitle": "5 - Faça com que cada elemento do quadro de pixels possua 40 pixels de largura, 40 pixels de altura e seja delimitado por uma borda preta de 1 pixel. Verifica se o quadro de pixels tem altura e comprimento de 5 elementos",
              "timedOut": null,
              "duration": 830,
              "state": "passed",
              "speed": "slow",
              "pass": true,
              "fail": false,
              "pending": false,
              "context": null,
              "code": "cy.get('.pixel').should('have.length', 25).each(function (pixel) {\n  expect(pixel).to.have.css('background-color', WHITE);\n}).and(function (pixels) {\n  var rows = chunk(pixels, 5);\n  rows.forEach(function (row) {\n    for (var index = 1; index < row.length; index += 1) {\n      var current = pixels[index];\n      var previous = pixels[index - 1];\n      cy.wrap(current).should('be.onTheRightOf', previous).and('be.horizontallyAlignedWith', previous);\n    }\n  });\n  for (var index = 1; index < 5; index += 1) {\n    expect(pixels[index * 5]).to.be.belowOf(pixels[(index - 1) * 5]);\n  }\n});",
              "err": {},
              "uuid": "110b8e51-b319-49ce-8625-6bba6f438ae4",
              "parentUUID": "a557824a-fb93-4e83-9f2a-42e4069f9254",
              "isHook": false,
              "skipped": false
            },
            {
              "title": "Verifica se 40 pixels é o tamanho total do elemento, incluindo seu conteúdo e excluindo a borda preta, que deve ser criada à parte.",
              "fullTitle": "5 - Faça com que cada elemento do quadro de pixels possua 40 pixels de largura, 40 pixels de altura e seja delimitado por uma borda preta de 1 pixel. Verifica se 40 pixels é o tamanho total do elemento, incluindo seu conteúdo e excluindo a borda preta, que deve ser criada à parte.",
              "timedOut": null,
              "duration": 891,
              "state": "passed",
              "speed": "slow",
              "pass": true,
              "fail": false,
              "pending": false,
              "context": null,
              "code": "cy.get('.pixel').each(function (pixel) {\n  cy.wrap(pixel).should('have.css', 'height', '40px').and('have.css', 'width', '40px').and('have.css', 'border', \"1px solid \".concat(BLACK));\n});",
              "err": {},
              "uuid": "9ea83ab6-3b89-45d8-8d79-a25f90110725",
              "parentUUID": "a557824a-fb93-4e83-9f2a-42e4069f9254",
              "isHook": false,
              "skipped": false
            }
          ],
          "suites": [],
          "passes": [
            "110b8e51-b319-49ce-8625-6bba6f438ae4",
            "9ea83ab6-3b89-45d8-8d79-a25f90110725"
          ],
          "failures": [],
          "pending": [],
          "skipped": [],
          "duration": 1721,
          "root": false,
          "rootEmpty": false,
          "_timeout": 2000
        },
        {
          "uuid": "15383471-739d-462c-84e4-58860cec1ad8",
          "title": "6 - Defina a cor preta como cor inicial. Ao carregar a página a cor preta já deve estar selecionada para pintar os pixels",
          "fullFile": "",
          "file": "",
          "beforeHooks": [],
          "afterHooks": [],
          "tests": [
            {
              "title": "Verifica se o elemento da cor preta possui, inicialmente, a `classe` `selected`",
              "fullTitle": "6 - Defina a cor preta como cor inicial. Ao carregar a página a cor preta já deve estar selecionada para pintar os pixels Verifica se o elemento da cor preta possui, inicialmente, a `classe` `selected`",
              "timedOut": null,
              "duration": 404,
              "state": "passed",
              "speed": "slow",
              "pass": true,
              "fail": false,
              "pending": false,
              "context": null,
              "code": "cy.get('.selected').first().should('have.css', 'background-color', BLACK);",
              "err": {},
              "uuid": "e974b466-524d-4001-a018-0d6f4aebe983",
              "parentUUID": "15383471-739d-462c-84e4-58860cec1ad8",
              "isHook": false,
              "skipped": false
            },
            {
              "title": "Verifica se nenhuma outra cor da paleta tem a `classe` `selected`",
              "fullTitle": "6 - Defina a cor preta como cor inicial. Ao carregar a página a cor preta já deve estar selecionada para pintar os pixels Verifica se nenhuma outra cor da paleta tem a `classe` `selected`",
              "timedOut": null,
              "duration": 542,
              "state": "passed",
              "speed": "slow",
              "pass": true,
              "fail": false,
              "pending": false,
              "context": null,
              "code": "cy.get('.color:not(:first-child)').each(function (color) {\n  cy.wrap(color).should('not.have.class', 'selected');\n});",
              "err": {},
              "uuid": "1762cb89-c937-481e-97d5-d3937bc61911",
              "parentUUID": "15383471-739d-462c-84e4-58860cec1ad8",
              "isHook": false,
              "skipped": false
            }
          ],
          "suites": [],
          "passes": [
            "e974b466-524d-4001-a018-0d6f4aebe983",
            "1762cb89-c937-481e-97d5-d3937bc61911"
          ],
          "failures": [],
          "pending": [],
          "skipped": [],
          "duration": 946,
          "root": false,
          "rootEmpty": false,
          "_timeout": 2000
        },
        {
          "uuid": "4cf20ca0-9b18-4e11-9822-f7f3ed67cddc",
          "title": "7 - Clicar em uma das cores da paleta, faz com que ela seja selecionada e utilizada para preencher os pixels no quadro.",
          "fullFile": "",
          "file": "",
          "beforeHooks": [],
          "afterHooks": [],
          "tests": [
            {
              "title": "Verifica se somente uma cor da paleta de cores tem a classe `selected` de cada vez",
              "fullTitle": "7 - Clicar em uma das cores da paleta, faz com que ela seja selecionada e utilizada para preencher os pixels no quadro. Verifica se somente uma cor da paleta de cores tem a classe `selected` de cada vez",
              "timedOut": null,
              "duration": 843,
              "state": "passed",
              "speed": "slow",
              "pass": true,
              "fail": false,
              "pending": false,
              "context": null,
              "code": "cy.get('.color').each(function (selectedColor, selectedColorIndex) {\n  cy.wrap(selectedColor).click();\n  cy.get('.color').each(function (color, colorIndex) {\n    if (colorIndex === selectedColorIndex) {\n      expect(color).to.have[\"class\"]('selected');\n    } else {\n      expect(color).not.to.have[\"class\"]('selected');\n    }\n  });\n});",
              "err": {},
              "uuid": "2137da88-4fe8-493b-90c7-735f3b7a20a6",
              "parentUUID": "4cf20ca0-9b18-4e11-9822-f7f3ed67cddc",
              "isHook": false,
              "skipped": false
            },
            {
              "title": "Verifica se os pixels dentro do quadro não têm a classe `selected` quando são clicados",
              "fullTitle": "7 - Clicar em uma das cores da paleta, faz com que ela seja selecionada e utilizada para preencher os pixels no quadro. Verifica se os pixels dentro do quadro não têm a classe `selected` quando são clicados",
              "timedOut": null,
              "duration": 10409,
              "state": "passed",
              "speed": "slow",
              "pass": true,
              "fail": false,
              "pending": false,
              "context": null,
              "code": "cy.get('.color').each(function (color) {\n  var backgroundColor = color.css('background-color');\n  cy.wrap(color).click();\n  cy.get('.pixel').each(function (pixel) {\n    cy.wrap(pixel).click().should('not.have.class', 'selected');\n  });\n});",
              "err": {},
              "uuid": "07f39168-f2b7-4d00-ba4d-bb839d05509e",
              "parentUUID": "4cf20ca0-9b18-4e11-9822-f7f3ed67cddc",
              "isHook": false,
              "skipped": false
            }
          ],
          "suites": [],
          "passes": [
            "2137da88-4fe8-493b-90c7-735f3b7a20a6",
            "07f39168-f2b7-4d00-ba4d-bb839d05509e"
          ],
          "failures": [],
          "pending": [],
          "skipped": [],
          "duration": 11252,
          "root": false,
          "rootEmpty": false,
          "_timeout": 2000
        },
        {
          "uuid": "e9bc714c-aa0c-4b69-80ab-387cb9681033",
          "title": "8 - Clicar em um pixel dentro do quadro após selecionar uma cor na paleta, faz com que o pixel seja preenchido com a cor selecionada.",
          "fullFile": "",
          "file": "",
          "beforeHooks": [],
          "afterHooks": [],
          "tests": [
            {
              "title": "Verifica se ao carregar a página deve ser possível pintar os pixels de preto",
              "fullTitle": "8 - Clicar em um pixel dentro do quadro após selecionar uma cor na paleta, faz com que o pixel seja preenchido com a cor selecionada. Verifica se ao carregar a página deve ser possível pintar os pixels de preto",
              "timedOut": null,
              "duration": 2897,
              "state": "passed",
              "speed": "slow",
              "pass": true,
              "fail": false,
              "pending": false,
              "context": null,
              "code": "cy.get('.pixel').each(function (pixel) {\n  cy.wrap(pixel).click().should('have.css', 'background-color', BLACK);\n});",
              "err": {},
              "uuid": "261d5955-3684-4fb7-a53c-2a5ae7f626c8",
              "parentUUID": "e9bc714c-aa0c-4b69-80ab-387cb9681033",
              "isHook": false,
              "skipped": false
            },
            {
              "title": "Verifica se após selecionar uma outra cor na paleta, é possível pintar os pixels com essa cor",
              "fullTitle": "8 - Clicar em um pixel dentro do quadro após selecionar uma cor na paleta, faz com que o pixel seja preenchido com a cor selecionada. Verifica se após selecionar uma outra cor na paleta, é possível pintar os pixels com essa cor",
              "timedOut": null,
              "duration": 7553,
              "state": "failed",
              "speed": null,
              "pass": false,
              "fail": true,
              "pending": false,
              "context": null,
              "code": "cy.get('.color').each(function (color) {\n  var backgroundColor = color.css('background-color');\n  cy.wrap(color).click();\n  cy.get('.pixel').each(function (pixel) {\n    cy.wrap(pixel).click().should('have.css', 'background-color', backgroundColor);\n  });\n});",
              "err": {
                "message": "CypressError: Timed out retrying: expected '<div.pixel>' to have CSS property 'background-color' with the value 'rgb(0, 0, 255)', but the value was 'rgb(0, 0, 0)'",
                "estack": "CypressError: Timed out retrying: expected '<div.pixel>' to have CSS property 'background-color' with the value 'rgb(0, 0, 255)', but the value was 'rgb(0, 0, 0)'\n    at cypressErr (http://localhost:41741/__cypress/runner/cypress_runner.js:149934:9)\n    at throwErr (http://localhost:41741/__cypress/runner/cypress_runner.js:149867:11)\n    at Object.throwErrByPath (http://localhost:41741/__cypress/runner/cypress_runner.js:149915:3)\n    at retry (http://localhost:41741/__cypress/runner/cypress_runner.js:144197:19)\n    at onFailFn (http://localhost:41741/__cypress/runner/cypress_runner.js:132448:16)\n    at tryCatcher (http://localhost:41741/__cypress/runner/cypress_runner.js:167415:23)\n    at Promise._settlePromiseFromHandler (http://localhost:41741/__cypress/runner/cypress_runner.js:165351:31)\n    at Promise._settlePromise (http://localhost:41741/__cypress/runner/cypress_runner.js:165408:18)\n    at Promise._settlePromise0 (http://localhost:41741/__cypress/runner/cypress_runner.js:165453:10)\n    at Promise._settlePromises (http://localhost:41741/__cypress/runner/cypress_runner.js:165528:18)\n    at Async../node_modules/bluebird/js/release/async.js.Async._drainQueue (http://localhost:41741/__cypress/runner/cypress_runner.js:162140:16)\n    at Async../node_modules/bluebird/js/release/async.js.Async._drainQueues (http://localhost:41741/__cypress/runner/cypress_runner.js:162150:10)\n    at Async.drainQueues (http://localhost:41741/__cypress/runner/cypress_runner.js:162024:14)",
                "diff": null
              },
              "uuid": "f1d95fb4-bbba-44ca-9487-bf66d0ebd12c",
              "parentUUID": "e9bc714c-aa0c-4b69-80ab-387cb9681033",
              "isHook": false,
              "skipped": false
            },
            {
              "title": "Verifica se somente o pixel que foi clicado foi preenchido com a cor selecionada, sem influenciar na cor dos demais pixels.",
              "fullTitle": "8 - Clicar em um pixel dentro do quadro após selecionar uma cor na paleta, faz com que o pixel seja preenchido com a cor selecionada. Verifica se somente o pixel que foi clicado foi preenchido com a cor selecionada, sem influenciar na cor dos demais pixels.",
              "timedOut": null,
              "duration": 2750,
              "state": "passed",
              "speed": "slow",
              "pass": true,
              "fail": false,
              "pending": false,
              "context": null,
              "code": "var colorToPixelIndexMap = {\n  0: 6,\n  1: 8,\n  2: 16,\n  3: 18\n};\ncy.get('.color').each(function (color, index) {\n  cy.wrap(color).click();\n  var backgroundColor = color.css('background-color');\n  var clickedPixelIndex = colorToPixelIndexMap[index];\n  cy.get('.pixel').eq(clickedPixelIndex).click();\n  cy.get('.pixel').eq(clickedPixelIndex - 1).should('not.have.css', 'background-color', backgroundColor);\n  cy.get('.pixel').eq(clickedPixelIndex + 1).should('not.have.css', 'background-color', backgroundColor);\n  cy.get('.pixel').eq(clickedPixelIndex - 5).should('not.have.css', 'background-color', backgroundColor);\n  cy.get('.pixel').eq(clickedPixelIndex + 5).should('not.have.css', 'background-color', backgroundColor);\n  cy.get('.pixel').eq(clickedPixelIndex - 6).should('not.have.css', 'background-color', backgroundColor);\n  cy.get('.pixel').eq(clickedPixelIndex - 4).should('not.have.css', 'background-color', backgroundColor);\n  cy.get('.pixel').eq(clickedPixelIndex + 4).should('not.have.css', 'background-color', backgroundColor);\n  cy.get('.pixel').eq(clickedPixelIndex + 6).should('not.have.css', 'background-color', backgroundColor);\n});",
              "err": {},
              "uuid": "f3e796e9-6a9f-4a59-9300-5bf9178ecf1f",
              "parentUUID": "e9bc714c-aa0c-4b69-80ab-387cb9681033",
              "isHook": false,
              "skipped": false
            }
          ],
          "suites": [],
          "passes": [
            "261d5955-3684-4fb7-a53c-2a5ae7f626c8",
            "f3e796e9-6a9f-4a59-9300-5bf9178ecf1f"
          ],
          "failures": [
            "f1d95fb4-bbba-44ca-9487-bf66d0ebd12c"
          ],
          "pending": [],
          "skipped": [],
          "duration": 13200,
          "root": false,
          "rootEmpty": false,
          "_timeout": 2000
        },
        {
          "uuid": "0f1eb958-d0ea-44f7-9770-aafbde06f7f2",
          "title": "9 - Crie um botão que, ao ser clicado, limpa o quadro preenchendo a cor de todos seus pixels com branco.",
          "fullFile": "",
          "file": "",
          "beforeHooks": [],
          "afterHooks": [],
          "tests": [
            {
              "title": "Verifica se o botão tem o `id` denominado `clear-board`",
              "fullTitle": "9 - Crie um botão que, ao ser clicado, limpa o quadro preenchendo a cor de todos seus pixels com branco. Verifica se o botão tem o `id` denominado `clear-board`",
              "timedOut": null,
              "duration": 530,
              "state": "passed",
              "speed": "slow",
              "pass": true,
              "fail": false,
              "pending": false,
              "context": null,
              "code": "cy.get('#clear-board').should('be.visible');",
              "err": {},
              "uuid": "f8559a36-a675-496e-86a4-b0bb2606e293",
              "parentUUID": "0f1eb958-d0ea-44f7-9770-aafbde06f7f2",
              "isHook": false,
              "skipped": false
            },
            {
              "title": "Verifica se o botão está posicionado entre a paleta de cores e o quadro de pixels",
              "fullTitle": "9 - Crie um botão que, ao ser clicado, limpa o quadro preenchendo a cor de todos seus pixels com branco. Verifica se o botão está posicionado entre a paleta de cores e o quadro de pixels",
              "timedOut": null,
              "duration": 299,
              "state": "passed",
              "speed": "slow",
              "pass": true,
              "fail": false,
              "pending": false,
              "context": null,
              "code": "cy.get('#color-palette').then(function (palette) {\n  cy.get('#clear-board').should('be.belowOf', palette);\n});\ncy.get('#clear-board').then(function (clearBtn) {\n  cy.get('#pixel-board').should('be.belowOf', clearBtn);\n});",
              "err": {},
              "uuid": "d3066957-f8f0-451e-9cc5-cc31926fe561",
              "parentUUID": "0f1eb958-d0ea-44f7-9770-aafbde06f7f2",
              "isHook": false,
              "skipped": false
            },
            {
              "title": "Verifica se o texto do botão é 'Limpar'",
              "fullTitle": "9 - Crie um botão que, ao ser clicado, limpa o quadro preenchendo a cor de todos seus pixels com branco. Verifica se o texto do botão é 'Limpar'",
              "timedOut": null,
              "duration": 341,
              "state": "passed",
              "speed": "slow",
              "pass": true,
              "fail": false,
              "pending": false,
              "context": null,
              "code": "cy.get('#clear-board').should('contain.text', 'Limpar');",
              "err": {},
              "uuid": "2cf35a65-5e98-474a-9df0-45252e12b172",
              "parentUUID": "0f1eb958-d0ea-44f7-9770-aafbde06f7f2",
              "isHook": false,
              "skipped": false
            },
            {
              "title": "Verifica se ao clicar no botão, o quadro de pixels é totalmente preenchido de branco",
              "fullTitle": "9 - Crie um botão que, ao ser clicado, limpa o quadro preenchendo a cor de todos seus pixels com branco. Verifica se ao clicar no botão, o quadro de pixels é totalmente preenchido de branco",
              "timedOut": null,
              "duration": 4845,
              "state": "failed",
              "speed": null,
              "pass": false,
              "fail": true,
              "pending": false,
              "context": null,
              "code": "cy.get('.color').eq(1).then(function (color) {\n  var backgroundColor = color.css('background-color');\n  cy.wrap(color).click();\n  cy.get('.pixel').each(function (pixel) {\n    cy.wrap(pixel).click().should('have.css', 'background-color', backgroundColor);\n  });\n});\ncy.get('#clear-board').click();\ncy.get('.pixel').each(function (pixel) {\n  cy.wrap(pixel).should('have.css', 'background-color', WHITE);\n});",
              "err": {
                "message": "CypressError: Timed out retrying: expected '<div.pixel>' to have CSS property 'background-color' with the value 'rgb(0, 0, 255)', but the value was 'rgb(0, 0, 0)'",
                "estack": "CypressError: Timed out retrying: expected '<div.pixel>' to have CSS property 'background-color' with the value 'rgb(0, 0, 255)', but the value was 'rgb(0, 0, 0)'\n    at cypressErr (http://localhost:41741/__cypress/runner/cypress_runner.js:149934:9)\n    at throwErr (http://localhost:41741/__cypress/runner/cypress_runner.js:149867:11)\n    at Object.throwErrByPath (http://localhost:41741/__cypress/runner/cypress_runner.js:149915:3)\n    at retry (http://localhost:41741/__cypress/runner/cypress_runner.js:144197:19)\n    at onFailFn (http://localhost:41741/__cypress/runner/cypress_runner.js:132448:16)\n    at tryCatcher (http://localhost:41741/__cypress/runner/cypress_runner.js:167415:23)\n    at Promise._settlePromiseFromHandler (http://localhost:41741/__cypress/runner/cypress_runner.js:165351:31)\n    at Promise._settlePromise (http://localhost:41741/__cypress/runner/cypress_runner.js:165408:18)\n    at Promise._settlePromise0 (http://localhost:41741/__cypress/runner/cypress_runner.js:165453:10)\n    at Promise._settlePromises (http://localhost:41741/__cypress/runner/cypress_runner.js:165528:18)\n    at Async../node_modules/bluebird/js/release/async.js.Async._drainQueue (http://localhost:41741/__cypress/runner/cypress_runner.js:162140:16)\n    at Async../node_modules/bluebird/js/release/async.js.Async._drainQueues (http://localhost:41741/__cypress/runner/cypress_runner.js:162150:10)\n    at Async.drainQueues (http://localhost:41741/__cypress/runner/cypress_runner.js:162024:14)",
                "diff": null
              },
              "uuid": "879faed0-066d-4a82-804c-bbb6d0b15201",
              "parentUUID": "0f1eb958-d0ea-44f7-9770-aafbde06f7f2",
              "isHook": false,
              "skipped": false
            }
          ],
          "suites": [],
          "passes": [
            "f8559a36-a675-496e-86a4-b0bb2606e293",
            "d3066957-f8f0-451e-9cc5-cc31926fe561",
            "2cf35a65-5e98-474a-9df0-45252e12b172"
          ],
          "failures": [
            "879faed0-066d-4a82-804c-bbb6d0b15201"
          ],
          "pending": [],
          "skipped": [],
          "duration": 6015,
          "root": false,
          "rootEmpty": false,
          "_timeout": 2000
        },
        {
          "uuid": "59f3fa24-e73b-46b4-a676-884a93838cb3",
          "title": "10 - Faça o quadro de pixels ter seu tamanho definido pelo usuário.",
          "fullFile": "",
          "file": "",
          "beforeHooks": [],
          "afterHooks": [],
          "tests": [
            {
              "title": "Verifica se existe um input com o id `board-size`",
              "fullTitle": "10 - Faça o quadro de pixels ter seu tamanho definido pelo usuário. Verifica se existe um input com o id `board-size`",
              "timedOut": null,
              "duration": 5236,
              "state": "failed",
              "speed": null,
              "pass": false,
              "fail": true,
              "pending": false,
              "context": null,
              "code": "cy.get('#board-size').should('be.visible');",
              "err": {
                "message": "CypressError: Timed out retrying: Expected to find element: '#board-size', but never found it.",
                "estack": "CypressError: Timed out retrying: Expected to find element: '#board-size', but never found it.\n    at cypressErr (http://localhost:41741/__cypress/runner/cypress_runner.js:149934:9)\n    at throwErr (http://localhost:41741/__cypress/runner/cypress_runner.js:149867:11)\n    at Object.throwErrByPath (http://localhost:41741/__cypress/runner/cypress_runner.js:149915:3)\n    at retry (http://localhost:41741/__cypress/runner/cypress_runner.js:144197:19)\n    at onFailFn (http://localhost:41741/__cypress/runner/cypress_runner.js:132448:16)\n    at tryCatcher (http://localhost:41741/__cypress/runner/cypress_runner.js:167415:23)\n    at Promise._settlePromiseFromHandler (http://localhost:41741/__cypress/runner/cypress_runner.js:165351:31)\n    at Promise._settlePromise (http://localhost:41741/__cypress/runner/cypress_runner.js:165408:18)\n    at Promise._settlePromise0 (http://localhost:41741/__cypress/runner/cypress_runner.js:165453:10)\n    at Promise._settlePromises (http://localhost:41741/__cypress/runner/cypress_runner.js:165528:18)\n    at Async../node_modules/bluebird/js/release/async.js.Async._drainQueue (http://localhost:41741/__cypress/runner/cypress_runner.js:162140:16)\n    at Async../node_modules/bluebird/js/release/async.js.Async._drainQueues (http://localhost:41741/__cypress/runner/cypress_runner.js:162150:10)\n    at Async.drainQueues (http://localhost:41741/__cypress/runner/cypress_runner.js:162024:14)",
                "diff": null
              },
              "uuid": "96de8f7b-2104-4184-a2f5-a37eb09e5395",
              "parentUUID": "59f3fa24-e73b-46b4-a676-884a93838cb3",
              "isHook": false,
              "skipped": false
            },
            {
              "title": "Verifica se existe um botão com o id `generate-board`",
              "fullTitle": "10 - Faça o quadro de pixels ter seu tamanho definido pelo usuário. Verifica se existe um botão com o id `generate-board`",
              "timedOut": null,
              "duration": 5128,
              "state": "failed",
              "speed": null,
              "pass": false,
              "fail": true,
              "pending": false,
              "context": null,
              "code": "cy.get('#generate-board').should('be.visible');",
              "err": {
                "message": "CypressError: Timed out retrying: Expected to find element: '#generate-board', but never found it.",
                "estack": "CypressError: Timed out retrying: Expected to find element: '#generate-board', but never found it.\n    at cypressErr (http://localhost:41741/__cypress/runner/cypress_runner.js:149934:9)\n    at throwErr (http://localhost:41741/__cypress/runner/cypress_runner.js:149867:11)\n    at Object.throwErrByPath (http://localhost:41741/__cypress/runner/cypress_runner.js:149915:3)\n    at retry (http://localhost:41741/__cypress/runner/cypress_runner.js:144197:19)\n    at onFailFn (http://localhost:41741/__cypress/runner/cypress_runner.js:132448:16)\n    at tryCatcher (http://localhost:41741/__cypress/runner/cypress_runner.js:167415:23)\n    at Promise._settlePromiseFromHandler (http://localhost:41741/__cypress/runner/cypress_runner.js:165351:31)\n    at Promise._settlePromise (http://localhost:41741/__cypress/runner/cypress_runner.js:165408:18)\n    at Promise._settlePromise0 (http://localhost:41741/__cypress/runner/cypress_runner.js:165453:10)\n    at Promise._settlePromises (http://localhost:41741/__cypress/runner/cypress_runner.js:165528:18)\n    at Async../node_modules/bluebird/js/release/async.js.Async._drainQueue (http://localhost:41741/__cypress/runner/cypress_runner.js:162140:16)\n    at Async../node_modules/bluebird/js/release/async.js.Async._drainQueues (http://localhost:41741/__cypress/runner/cypress_runner.js:162150:10)\n    at Async.drainQueues (http://localhost:41741/__cypress/runner/cypress_runner.js:162024:14)",
                "diff": null
              },
              "uuid": "3eef1aaf-2084-4c22-8015-a0011e83f30d",
              "parentUUID": "59f3fa24-e73b-46b4-a676-884a93838cb3",
              "isHook": false,
              "skipped": false
            },
            {
              "title": "Verifica se o input só aceita número maiores que zero. Essa restrição deve ser feita usando os atributos do elemento `input`",
              "fullTitle": "10 - Faça o quadro de pixels ter seu tamanho definido pelo usuário. Verifica se o input só aceita número maiores que zero. Essa restrição deve ser feita usando os atributos do elemento `input`",
              "timedOut": null,
              "duration": 5060,
              "state": "failed",
              "speed": null,
              "pass": false,
              "fail": true,
              "pending": false,
              "context": null,
              "code": "cy.get('#board-size[type=\\'number\\'][min=\\'1\\']');",
              "err": {
                "message": "CypressError: Timed out retrying: Expected to find element: '#board-size[type='number'][min='1']', but never found it.",
                "estack": "CypressError: Timed out retrying: Expected to find element: '#board-size[type='number'][min='1']', but never found it.\n    at cypressErr (http://localhost:41741/__cypress/runner/cypress_runner.js:149934:9)\n    at throwErr (http://localhost:41741/__cypress/runner/cypress_runner.js:149867:11)\n    at Object.throwErrByPath (http://localhost:41741/__cypress/runner/cypress_runner.js:149915:3)\n    at retry (http://localhost:41741/__cypress/runner/cypress_runner.js:144197:19)\n    at onFailFn (http://localhost:41741/__cypress/runner/cypress_runner.js:132448:16)\n    at tryCatcher (http://localhost:41741/__cypress/runner/cypress_runner.js:167415:23)\n    at Promise._settlePromiseFromHandler (http://localhost:41741/__cypress/runner/cypress_runner.js:165351:31)\n    at Promise._settlePromise (http://localhost:41741/__cypress/runner/cypress_runner.js:165408:18)\n    at Promise._settlePromise0 (http://localhost:41741/__cypress/runner/cypress_runner.js:165453:10)\n    at Promise._settlePromises (http://localhost:41741/__cypress/runner/cypress_runner.js:165528:18)\n    at Async../node_modules/bluebird/js/release/async.js.Async._drainQueue (http://localhost:41741/__cypress/runner/cypress_runner.js:162140:16)\n    at Async../node_modules/bluebird/js/release/async.js.Async._drainQueues (http://localhost:41741/__cypress/runner/cypress_runner.js:162150:10)\n    at Async.drainQueues (http://localhost:41741/__cypress/runner/cypress_runner.js:162024:14)",
                "diff": null
              },
              "uuid": "cbb40007-ea57-43df-b45a-ffaa3362263d",
              "parentUUID": "59f3fa24-e73b-46b4-a676-884a93838cb3",
              "isHook": false,
              "skipped": false
            },
            {
              "title": "Verifica se o botão contém o texto 'VQV'",
              "fullTitle": "10 - Faça o quadro de pixels ter seu tamanho definido pelo usuário. Verifica se o botão contém o texto 'VQV'",
              "timedOut": null,
              "duration": 5140,
              "state": "failed",
              "speed": null,
              "pass": false,
              "fail": true,
              "pending": false,
              "context": null,
              "code": "cy.get('#generate-board').contains(/vqv/i);",
              "err": {
                "message": "CypressError: Timed out retrying: Expected to find element: '#generate-board', but never found it.",
                "estack": "CypressError: Timed out retrying: Expected to find element: '#generate-board', but never found it.\n    at cypressErr (http://localhost:41741/__cypress/runner/cypress_runner.js:149934:9)\n    at throwErr (http://localhost:41741/__cypress/runner/cypress_runner.js:149867:11)\n    at Object.throwErrByPath (http://localhost:41741/__cypress/runner/cypress_runner.js:149915:3)\n    at retry (http://localhost:41741/__cypress/runner/cypress_runner.js:144197:19)\n    at onFailFn (http://localhost:41741/__cypress/runner/cypress_runner.js:132448:16)\n    at tryCatcher (http://localhost:41741/__cypress/runner/cypress_runner.js:167415:23)\n    at Promise._settlePromiseFromHandler (http://localhost:41741/__cypress/runner/cypress_runner.js:165351:31)\n    at Promise._settlePromise (http://localhost:41741/__cypress/runner/cypress_runner.js:165408:18)\n    at Promise._settlePromise0 (http://localhost:41741/__cypress/runner/cypress_runner.js:165453:10)\n    at Promise._settlePromises (http://localhost:41741/__cypress/runner/cypress_runner.js:165528:18)\n    at Async../node_modules/bluebird/js/release/async.js.Async._drainQueue (http://localhost:41741/__cypress/runner/cypress_runner.js:162140:16)\n    at Async../node_modules/bluebird/js/release/async.js.Async._drainQueues (http://localhost:41741/__cypress/runner/cypress_runner.js:162150:10)\n    at Async.drainQueues (http://localhost:41741/__cypress/runner/cypress_runner.js:162024:14)",
                "diff": null
              },
              "uuid": "3a9dffb8-dafe-4e90-90b8-45b0dd53e4b2",
              "parentUUID": "59f3fa24-e73b-46b4-a676-884a93838cb3",
              "isHook": false,
              "skipped": false
            },
            {
              "title": "Verifica se o input está posicionado entre a paleta de cores e o quadro de pixels",
              "fullTitle": "10 - Faça o quadro de pixels ter seu tamanho definido pelo usuário. Verifica se o input está posicionado entre a paleta de cores e o quadro de pixels",
              "timedOut": null,
              "duration": 5201,
              "state": "failed",
              "speed": null,
              "pass": false,
              "fail": true,
              "pending": false,
              "context": null,
              "code": "cy.get('#color-palette').then(function (palette) {\n  cy.get('#board-size').should('be.belowOf', palette);\n});\ncy.get('#board-size').then(function (palette) {\n  cy.get('#pixel-board').should('be.belowOf', palette);\n});",
              "err": {
                "message": "CypressError: Timed out retrying: Expected to find element: '#board-size', but never found it.",
                "estack": "CypressError: Timed out retrying: Expected to find element: '#board-size', but never found it.\n    at cypressErr (http://localhost:41741/__cypress/runner/cypress_runner.js:149934:9)\n    at throwErr (http://localhost:41741/__cypress/runner/cypress_runner.js:149867:11)\n    at Object.throwErrByPath (http://localhost:41741/__cypress/runner/cypress_runner.js:149915:3)\n    at retry (http://localhost:41741/__cypress/runner/cypress_runner.js:144197:19)\n    at onFailFn (http://localhost:41741/__cypress/runner/cypress_runner.js:132448:16)\n    at tryCatcher (http://localhost:41741/__cypress/runner/cypress_runner.js:167415:23)\n    at Promise._settlePromiseFromHandler (http://localhost:41741/__cypress/runner/cypress_runner.js:165351:31)\n    at Promise._settlePromise (http://localhost:41741/__cypress/runner/cypress_runner.js:165408:18)\n    at Promise._settlePromise0 (http://localhost:41741/__cypress/runner/cypress_runner.js:165453:10)\n    at Promise._settlePromises (http://localhost:41741/__cypress/runner/cypress_runner.js:165528:18)\n    at Async../node_modules/bluebird/js/release/async.js.Async._drainQueue (http://localhost:41741/__cypress/runner/cypress_runner.js:162140:16)\n    at Async../node_modules/bluebird/js/release/async.js.Async._drainQueues (http://localhost:41741/__cypress/runner/cypress_runner.js:162150:10)\n    at Async.drainQueues (http://localhost:41741/__cypress/runner/cypress_runner.js:162024:14)",
                "diff": null
              },
              "uuid": "f9b5095a-df4e-4e25-8612-84a20d71ead2",
              "parentUUID": "59f3fa24-e73b-46b4-a676-884a93838cb3",
              "isHook": false,
              "skipped": false
            },
            {
              "title": "Verifica se o botão está posicionado ao lado do input",
              "fullTitle": "10 - Faça o quadro de pixels ter seu tamanho definido pelo usuário. Verifica se o botão está posicionado ao lado do input",
              "timedOut": null,
              "duration": 5210,
              "state": "failed",
              "speed": null,
              "pass": false,
              "fail": true,
              "pending": false,
              "context": null,
              "code": "cy.get('#board-size').then(function (board) {\n  cy.get('#generate-board').should('be.onTheRightOf', board);\n});",
              "err": {
                "message": "CypressError: Timed out retrying: Expected to find element: '#board-size', but never found it.",
                "estack": "CypressError: Timed out retrying: Expected to find element: '#board-size', but never found it.\n    at cypressErr (http://localhost:41741/__cypress/runner/cypress_runner.js:149934:9)\n    at throwErr (http://localhost:41741/__cypress/runner/cypress_runner.js:149867:11)\n    at Object.throwErrByPath (http://localhost:41741/__cypress/runner/cypress_runner.js:149915:3)\n    at retry (http://localhost:41741/__cypress/runner/cypress_runner.js:144197:19)\n    at onFailFn (http://localhost:41741/__cypress/runner/cypress_runner.js:132448:16)\n    at tryCatcher (http://localhost:41741/__cypress/runner/cypress_runner.js:167415:23)\n    at Promise._settlePromiseFromHandler (http://localhost:41741/__cypress/runner/cypress_runner.js:165351:31)\n    at Promise._settlePromise (http://localhost:41741/__cypress/runner/cypress_runner.js:165408:18)\n    at Promise._settlePromise0 (http://localhost:41741/__cypress/runner/cypress_runner.js:165453:10)\n    at Promise._settlePromises (http://localhost:41741/__cypress/runner/cypress_runner.js:165528:18)\n    at Async../node_modules/bluebird/js/release/async.js.Async._drainQueue (http://localhost:41741/__cypress/runner/cypress_runner.js:162140:16)\n    at Async../node_modules/bluebird/js/release/async.js.Async._drainQueues (http://localhost:41741/__cypress/runner/cypress_runner.js:162150:10)\n    at Async.drainQueues (http://localhost:41741/__cypress/runner/cypress_runner.js:162024:14)",
                "diff": null
              },
              "uuid": "6cd1c20d-7fca-42c6-bf7b-9960e8f1bd95",
              "parentUUID": "59f3fa24-e73b-46b4-a676-884a93838cb3",
              "isHook": false,
              "skipped": false
            },
            {
              "title": "Verifica se nenhum valor for colocado no input ao clicar no botão, um `alert` é exibido com o texto: 'Board inválido!'",
              "fullTitle": "10 - Faça o quadro de pixels ter seu tamanho definido pelo usuário. Verifica se nenhum valor for colocado no input ao clicar no botão, um `alert` é exibido com o texto: 'Board inválido!'",
              "timedOut": null,
              "duration": 5335,
              "state": "failed",
              "speed": null,
              "pass": false,
              "fail": true,
              "pending": false,
              "context": null,
              "code": "var alerted = false;\ncy.on('window:alert', function (msg) {\n  return alerted = msg;\n});\ncy.get('#generate-board').click().then(function () {\n  return expect(alerted).to.match(/Board inválido!/i);\n});",
              "err": {
                "message": "CypressError: Timed out retrying: Expected to find element: '#generate-board', but never found it.",
                "estack": "CypressError: Timed out retrying: Expected to find element: '#generate-board', but never found it.\n    at cypressErr (http://localhost:41741/__cypress/runner/cypress_runner.js:149934:9)\n    at throwErr (http://localhost:41741/__cypress/runner/cypress_runner.js:149867:11)\n    at Object.throwErrByPath (http://localhost:41741/__cypress/runner/cypress_runner.js:149915:3)\n    at retry (http://localhost:41741/__cypress/runner/cypress_runner.js:144197:19)\n    at onFailFn (http://localhost:41741/__cypress/runner/cypress_runner.js:132448:16)\n    at tryCatcher (http://localhost:41741/__cypress/runner/cypress_runner.js:167415:23)\n    at Promise._settlePromiseFromHandler (http://localhost:41741/__cypress/runner/cypress_runner.js:165351:31)\n    at Promise._settlePromise (http://localhost:41741/__cypress/runner/cypress_runner.js:165408:18)\n    at Promise._settlePromise0 (http://localhost:41741/__cypress/runner/cypress_runner.js:165453:10)\n    at Promise._settlePromises (http://localhost:41741/__cypress/runner/cypress_runner.js:165528:18)\n    at Async../node_modules/bluebird/js/release/async.js.Async._drainQueue (http://localhost:41741/__cypress/runner/cypress_runner.js:162140:16)\n    at Async../node_modules/bluebird/js/release/async.js.Async._drainQueues (http://localhost:41741/__cypress/runner/cypress_runner.js:162150:10)\n    at Async.drainQueues (http://localhost:41741/__cypress/runner/cypress_runner.js:162024:14)",
                "diff": null
              },
              "uuid": "2055060b-a6e8-44b4-809e-5ac409927f8e",
              "parentUUID": "59f3fa24-e73b-46b4-a676-884a93838cb3",
              "isHook": false,
              "skipped": false
            },
            {
              "title": "Verifica se ao clicar no botão com um valor preenchido, o tamanho do board muda.",
              "fullTitle": "10 - Faça o quadro de pixels ter seu tamanho definido pelo usuário. Verifica se ao clicar no botão com um valor preenchido, o tamanho do board muda.",
              "timedOut": null,
              "duration": 5060,
              "state": "failed",
              "speed": null,
              "pass": false,
              "fail": true,
              "pending": false,
              "context": null,
              "code": "cy.get('#board-size').clear().type(10);\ncy.get('#generate-board').click();\ncy.get('.pixel').should('have.length', 100);",
              "err": {
                "message": "CypressError: Timed out retrying: Expected to find element: '#board-size', but never found it.",
                "estack": "CypressError: Timed out retrying: Expected to find element: '#board-size', but never found it.\n    at cypressErr (http://localhost:41741/__cypress/runner/cypress_runner.js:149934:9)\n    at throwErr (http://localhost:41741/__cypress/runner/cypress_runner.js:149867:11)\n    at Object.throwErrByPath (http://localhost:41741/__cypress/runner/cypress_runner.js:149915:3)\n    at retry (http://localhost:41741/__cypress/runner/cypress_runner.js:144197:19)\n    at onFailFn (http://localhost:41741/__cypress/runner/cypress_runner.js:132448:16)\n    at tryCatcher (http://localhost:41741/__cypress/runner/cypress_runner.js:167415:23)\n    at Promise._settlePromiseFromHandler (http://localhost:41741/__cypress/runner/cypress_runner.js:165351:31)\n    at Promise._settlePromise (http://localhost:41741/__cypress/runner/cypress_runner.js:165408:18)\n    at Promise._settlePromise0 (http://localhost:41741/__cypress/runner/cypress_runner.js:165453:10)\n    at Promise._settlePromises (http://localhost:41741/__cypress/runner/cypress_runner.js:165528:18)\n    at Async../node_modules/bluebird/js/release/async.js.Async._drainQueue (http://localhost:41741/__cypress/runner/cypress_runner.js:162140:16)\n    at Async../node_modules/bluebird/js/release/async.js.Async._drainQueues (http://localhost:41741/__cypress/runner/cypress_runner.js:162150:10)\n    at Async.drainQueues (http://localhost:41741/__cypress/runner/cypress_runner.js:162024:14)",
                "diff": null
              },
              "uuid": "56d2c572-41b9-42d2-8638-1f9498303434",
              "parentUUID": "59f3fa24-e73b-46b4-a676-884a93838cb3",
              "isHook": false,
              "skipped": false
            },
            {
              "title": "Verifica se o novo quadro tem todos os pixels preenchidos com a cor branca",
              "fullTitle": "10 - Faça o quadro de pixels ter seu tamanho definido pelo usuário. Verifica se o novo quadro tem todos os pixels preenchidos com a cor branca",
              "timedOut": null,
              "duration": 5200,
              "state": "failed",
              "speed": null,
              "pass": false,
              "fail": true,
              "pending": false,
              "context": null,
              "code": "cy.get('#board-size').clear().type(6);\ncy.get('#generate-board').click();\ncy.get('.pixel').should('have.length', 36).each(function (pixel) {\n  expect(pixel).to.have.css('background-color', WHITE);\n});",
              "err": {
                "message": "CypressError: Timed out retrying: Expected to find element: '#board-size', but never found it.",
                "estack": "CypressError: Timed out retrying: Expected to find element: '#board-size', but never found it.\n    at cypressErr (http://localhost:41741/__cypress/runner/cypress_runner.js:149934:9)\n    at throwErr (http://localhost:41741/__cypress/runner/cypress_runner.js:149867:11)\n    at Object.throwErrByPath (http://localhost:41741/__cypress/runner/cypress_runner.js:149915:3)\n    at retry (http://localhost:41741/__cypress/runner/cypress_runner.js:144197:19)\n    at onFailFn (http://localhost:41741/__cypress/runner/cypress_runner.js:132448:16)\n    at tryCatcher (http://localhost:41741/__cypress/runner/cypress_runner.js:167415:23)\n    at Promise._settlePromiseFromHandler (http://localhost:41741/__cypress/runner/cypress_runner.js:165351:31)\n    at Promise._settlePromise (http://localhost:41741/__cypress/runner/cypress_runner.js:165408:18)\n    at Promise._settlePromise0 (http://localhost:41741/__cypress/runner/cypress_runner.js:165453:10)\n    at Promise._settlePromises (http://localhost:41741/__cypress/runner/cypress_runner.js:165528:18)\n    at Async../node_modules/bluebird/js/release/async.js.Async._drainQueue (http://localhost:41741/__cypress/runner/cypress_runner.js:162140:16)\n    at Async../node_modules/bluebird/js/release/async.js.Async._drainQueues (http://localhost:41741/__cypress/runner/cypress_runner.js:162150:10)\n    at Async.drainQueues (http://localhost:41741/__cypress/runner/cypress_runner.js:162024:14)",
                "diff": null
              },
              "uuid": "df0efc89-1897-403d-970a-48a2d8017b15",
              "parentUUID": "59f3fa24-e73b-46b4-a676-884a93838cb3",
              "isHook": false,
              "skipped": false
            }
          ],
          "suites": [],
          "passes": [],
          "failures": [
            "96de8f7b-2104-4184-a2f5-a37eb09e5395",
            "3eef1aaf-2084-4c22-8015-a0011e83f30d",
            "cbb40007-ea57-43df-b45a-ffaa3362263d",
            "3a9dffb8-dafe-4e90-90b8-45b0dd53e4b2",
            "f9b5095a-df4e-4e25-8612-84a20d71ead2",
            "6cd1c20d-7fca-42c6-bf7b-9960e8f1bd95",
            "2055060b-a6e8-44b4-809e-5ac409927f8e",
            "56d2c572-41b9-42d2-8638-1f9498303434",
            "df0efc89-1897-403d-970a-48a2d8017b15"
          ],
          "pending": [],
          "skipped": [],
          "duration": 46570,
          "root": false,
          "rootEmpty": false,
          "_timeout": 2000
        },
        {
          "uuid": "1f39cd96-881a-4fd6-9193-89849fc8391e",
          "title": "11 - Limite o tamanho mínimo e máximo do board.",
          "fullFile": "",
          "file": "",
          "beforeHooks": [],
          "afterHooks": [],
          "tests": [
            {
              "title": "Verifica se a altura máxima do board é 50",
              "fullTitle": "11 - Limite o tamanho mínimo e máximo do board. Verifica se a altura máxima do board é 50",
              "timedOut": null,
              "duration": 5900,
              "state": "failed",
              "speed": null,
              "pass": false,
              "fail": true,
              "pending": false,
              "context": null,
              "code": "cy.get('#board-size').clear().type(50);\ncy.get('#generate-board').click();\ncy.get('.pixel').should('have.length', 2500);",
              "err": {
                "message": "CypressError: Timed out retrying: Expected to find element: '#board-size', but never found it.",
                "estack": "CypressError: Timed out retrying: Expected to find element: '#board-size', but never found it.\n    at cypressErr (http://localhost:41741/__cypress/runner/cypress_runner.js:149934:9)\n    at throwErr (http://localhost:41741/__cypress/runner/cypress_runner.js:149867:11)\n    at Object.throwErrByPath (http://localhost:41741/__cypress/runner/cypress_runner.js:149915:3)\n    at retry (http://localhost:41741/__cypress/runner/cypress_runner.js:144197:19)\n    at onFailFn (http://localhost:41741/__cypress/runner/cypress_runner.js:132448:16)\n    at tryCatcher (http://localhost:41741/__cypress/runner/cypress_runner.js:167415:23)\n    at Promise._settlePromiseFromHandler (http://localhost:41741/__cypress/runner/cypress_runner.js:165351:31)\n    at Promise._settlePromise (http://localhost:41741/__cypress/runner/cypress_runner.js:165408:18)\n    at Promise._settlePromise0 (http://localhost:41741/__cypress/runner/cypress_runner.js:165453:10)\n    at Promise._settlePromises (http://localhost:41741/__cypress/runner/cypress_runner.js:165528:18)\n    at Async../node_modules/bluebird/js/release/async.js.Async._drainQueue (http://localhost:41741/__cypress/runner/cypress_runner.js:162140:16)\n    at Async../node_modules/bluebird/js/release/async.js.Async._drainQueues (http://localhost:41741/__cypress/runner/cypress_runner.js:162150:10)\n    at Async.drainQueues (http://localhost:41741/__cypress/runner/cypress_runner.js:162024:14)",
                "diff": null
              },
              "uuid": "5d27b29c-b522-4f2c-9915-09af286f8357",
              "parentUUID": "1f39cd96-881a-4fd6-9193-89849fc8391e",
              "isHook": false,
              "skipped": false
            },
            {
              "title": "Verifica se a altura do board é 5 quando um valor menor é colocado no input",
              "fullTitle": "11 - Limite o tamanho mínimo e máximo do board. Verifica se a altura do board é 5 quando um valor menor é colocado no input",
              "timedOut": null,
              "duration": 5183,
              "state": "failed",
              "speed": null,
              "pass": false,
              "fail": true,
              "pending": false,
              "context": null,
              "code": "cy.get('#board-size').clear().type(4);\ncy.get('#generate-board').click();\ncy.get('.pixel').should('have.length', 25);",
              "err": {
                "message": "CypressError: Timed out retrying: Expected to find element: '#board-size', but never found it.",
                "estack": "CypressError: Timed out retrying: Expected to find element: '#board-size', but never found it.\n    at cypressErr (http://localhost:41741/__cypress/runner/cypress_runner.js:149934:9)\n    at throwErr (http://localhost:41741/__cypress/runner/cypress_runner.js:149867:11)\n    at Object.throwErrByPath (http://localhost:41741/__cypress/runner/cypress_runner.js:149915:3)\n    at retry (http://localhost:41741/__cypress/runner/cypress_runner.js:144197:19)\n    at onFailFn (http://localhost:41741/__cypress/runner/cypress_runner.js:132448:16)\n    at tryCatcher (http://localhost:41741/__cypress/runner/cypress_runner.js:167415:23)\n    at Promise._settlePromiseFromHandler (http://localhost:41741/__cypress/runner/cypress_runner.js:165351:31)\n    at Promise._settlePromise (http://localhost:41741/__cypress/runner/cypress_runner.js:165408:18)\n    at Promise._settlePromise0 (http://localhost:41741/__cypress/runner/cypress_runner.js:165453:10)\n    at Promise._settlePromises (http://localhost:41741/__cypress/runner/cypress_runner.js:165528:18)\n    at Async../node_modules/bluebird/js/release/async.js.Async._drainQueue (http://localhost:41741/__cypress/runner/cypress_runner.js:162140:16)\n    at Async../node_modules/bluebird/js/release/async.js.Async._drainQueues (http://localhost:41741/__cypress/runner/cypress_runner.js:162150:10)\n    at Async.drainQueues (http://localhost:41741/__cypress/runner/cypress_runner.js:162024:14)",
                "diff": null
              },
              "uuid": "152453f0-99ba-4d6f-8bf4-afb442e39d4a",
              "parentUUID": "1f39cd96-881a-4fd6-9193-89849fc8391e",
              "isHook": false,
              "skipped": false
            },
            {
              "title": "Verifica se a altura do board é 50 quando um valor maior é colocado no input",
              "fullTitle": "11 - Limite o tamanho mínimo e máximo do board. Verifica se a altura do board é 50 quando um valor maior é colocado no input",
              "timedOut": null,
              "duration": 5166,
              "state": "failed",
              "speed": null,
              "pass": false,
              "fail": true,
              "pending": false,
              "context": null,
              "code": "cy.get('#board-size').clear().type(51);\ncy.get('#generate-board').click();\ncy.get('.pixel').should('have.length', 2500);",
              "err": {
                "message": "CypressError: Timed out retrying: Expected to find element: '#board-size', but never found it.",
                "estack": "CypressError: Timed out retrying: Expected to find element: '#board-size', but never found it.\n    at cypressErr (http://localhost:41741/__cypress/runner/cypress_runner.js:149934:9)\n    at throwErr (http://localhost:41741/__cypress/runner/cypress_runner.js:149867:11)\n    at Object.throwErrByPath (http://localhost:41741/__cypress/runner/cypress_runner.js:149915:3)\n    at retry (http://localhost:41741/__cypress/runner/cypress_runner.js:144197:19)\n    at onFailFn (http://localhost:41741/__cypress/runner/cypress_runner.js:132448:16)\n    at tryCatcher (http://localhost:41741/__cypress/runner/cypress_runner.js:167415:23)\n    at Promise._settlePromiseFromHandler (http://localhost:41741/__cypress/runner/cypress_runner.js:165351:31)\n    at Promise._settlePromise (http://localhost:41741/__cypress/runner/cypress_runner.js:165408:18)\n    at Promise._settlePromise0 (http://localhost:41741/__cypress/runner/cypress_runner.js:165453:10)\n    at Promise._settlePromises (http://localhost:41741/__cypress/runner/cypress_runner.js:165528:18)\n    at Async../node_modules/bluebird/js/release/async.js.Async._drainQueue (http://localhost:41741/__cypress/runner/cypress_runner.js:162140:16)\n    at Async../node_modules/bluebird/js/release/async.js.Async._drainQueues (http://localhost:41741/__cypress/runner/cypress_runner.js:162150:10)\n    at Async.drainQueues (http://localhost:41741/__cypress/runner/cypress_runner.js:162024:14)",
                "diff": null
              },
              "uuid": "886ddc7a-e0e4-4269-8b30-0f764ed5d674",
              "parentUUID": "1f39cd96-881a-4fd6-9193-89849fc8391e",
              "isHook": false,
              "skipped": false
            }
          ],
          "suites": [],
          "passes": [],
          "failures": [
            "5d27b29c-b522-4f2c-9915-09af286f8357",
            "152453f0-99ba-4d6f-8bf4-afb442e39d4a",
            "886ddc7a-e0e4-4269-8b30-0f764ed5d674"
          ],
          "pending": [],
          "skipped": [],
          "duration": 16249,
          "root": false,
          "rootEmpty": false,
          "_timeout": 2000
        },
        {
          "uuid": "93ad2507-eea3-47fc-955c-21cb71edbec8",
          "title": "12 - Faça com que as cores da paleta sejam geradas aleatoriamente ao carregar a página.",
          "fullFile": "",
          "file": "",
          "beforeHooks": [],
          "afterHooks": [],
          "tests": [
            {
              "title": "Verifica se as cores geradas na paleta são diferentes a cada carregamento da página",
              "fullTitle": "12 - Faça com que as cores da paleta sejam geradas aleatoriamente ao carregar a página. Verifica se as cores geradas na paleta são diferentes a cada carregamento da página",
              "timedOut": null,
              "duration": 1358,
              "state": "failed",
              "speed": null,
              "pass": false,
              "fail": true,
              "pending": false,
              "context": null,
              "code": "cy.get('.color').then(function (colors) {\n  var currentColors;\n  var previousColors;\n  previousColors = Array.from(colors).map(function (color) {\n    return Cypress.$(color).css('background-color');\n  });\n  for (var i = 0; i < 5; i += 1) {\n    cy.reload();\n    cy.get('.color').then(function (colors) {\n      currentColors = Array.from(colors).map(function (color) {\n        return Cypress.$(color).css('background-color');\n      });\n      expect(currentColors).not.to.deep.equal(previousColors);\n      previousColors = currentColors;\n    });\n  }\n});",
              "err": {
                "message": "AssertionError: expected [ Array(4) ] to not deeply equal [ Array(4) ]",
                "estack": "AssertionError: expected [ Array(4) ] to not deeply equal [ Array(4) ]\n    at getRet (http://localhost:41741/__cypress/runner/cypress_runner.js:136585:16)\n    at tryCatcher (http://localhost:41741/__cypress/runner/cypress_runner.js:167415:23)\n    at Function.Promise.attempt.Promise.try (http://localhost:41741/__cypress/runner/cypress_runner.js:164690:29)\n    at Context.thenFn (http://localhost:41741/__cypress/runner/cypress_runner.js:136599:23)\n    at Context.then (http://localhost:41741/__cypress/runner/cypress_runner.js:136971:21)\n    at Context.<anonymous> (http://localhost:41741/__cypress/runner/cypress_runner.js:148875:21)\n    at http://localhost:41741/__cypress/runner/cypress_runner.js:148351:33\n    at tryCatcher (http://localhost:41741/__cypress/runner/cypress_runner.js:167415:23)\n    at Promise._settlePromiseFromHandler (http://localhost:41741/__cypress/runner/cypress_runner.js:165351:31)\n    at Promise._settlePromise (http://localhost:41741/__cypress/runner/cypress_runner.js:165408:18)\n    at Promise._settlePromiseCtx (http://localhost:41741/__cypress/runner/cypress_runner.js:165445:10)\n    at Async../node_modules/bluebird/js/release/async.js.Async._drainQueue (http://localhost:41741/__cypress/runner/cypress_runner.js:162145:12)\n    at Async../node_modules/bluebird/js/release/async.js.Async._drainQueues (http://localhost:41741/__cypress/runner/cypress_runner.js:162150:10)\n    at Async.drainQueues (http://localhost:41741/__cypress/runner/cypress_runner.js:162024:14)",
                "diff": ""
              },
              "uuid": "5d5ee70f-96a1-4366-9922-3c1433e38642",
              "parentUUID": "93ad2507-eea3-47fc-955c-21cb71edbec8",
              "isHook": false,
              "skipped": false
            },
            {
              "title": "Verifica se a cor preta ainda está presente e é a primeira na sua paleta de cores",
              "fullTitle": "12 - Faça com que as cores da paleta sejam geradas aleatoriamente ao carregar a página. Verifica se a cor preta ainda está presente e é a primeira na sua paleta de cores",
              "timedOut": null,
              "duration": 1286,
              "state": "failed",
              "speed": null,
              "pass": false,
              "fail": true,
              "pending": false,
              "context": null,
              "code": "cy.get('.color').then(function (colors) {\n  var currentColors;\n  var previousColors;\n  previousColors = Array.from(colors).map(function (color) {\n    return Cypress.$(color).css('background-color');\n  });\n  expect(previousColors[0]).to.eq(BLACK);\n  for (var i = 0; i < 5; i += 1) {\n    cy.reload();\n    cy.get('.color').then(function (colors) {\n      currentColors = Array.from(colors).map(function (color) {\n        return Cypress.$(color).css('background-color');\n      });\n      expect(currentColors[0]).to.eq(BLACK);\n      expect(currentColors).not.to.deep.equal(previousColors);\n      previousColors = currentColors;\n    });\n  }\n});",
              "err": {
                "message": "AssertionError: expected [ Array(4) ] to not deeply equal [ Array(4) ]",
                "estack": "AssertionError: expected [ Array(4) ] to not deeply equal [ Array(4) ]\n    at getRet (http://localhost:41741/__cypress/runner/cypress_runner.js:136585:16)\n    at tryCatcher (http://localhost:41741/__cypress/runner/cypress_runner.js:167415:23)\n    at Function.Promise.attempt.Promise.try (http://localhost:41741/__cypress/runner/cypress_runner.js:164690:29)\n    at Context.thenFn (http://localhost:41741/__cypress/runner/cypress_runner.js:136599:23)\n    at Context.then (http://localhost:41741/__cypress/runner/cypress_runner.js:136971:21)\n    at Context.<anonymous> (http://localhost:41741/__cypress/runner/cypress_runner.js:148875:21)\n    at http://localhost:41741/__cypress/runner/cypress_runner.js:148351:33\n    at tryCatcher (http://localhost:41741/__cypress/runner/cypress_runner.js:167415:23)\n    at Promise._settlePromiseFromHandler (http://localhost:41741/__cypress/runner/cypress_runner.js:165351:31)\n    at Promise._settlePromise (http://localhost:41741/__cypress/runner/cypress_runner.js:165408:18)\n    at Promise._settlePromiseCtx (http://localhost:41741/__cypress/runner/cypress_runner.js:165445:10)\n    at Async../node_modules/bluebird/js/release/async.js.Async._drainQueue (http://localhost:41741/__cypress/runner/cypress_runner.js:162145:12)\n    at Async../node_modules/bluebird/js/release/async.js.Async._drainQueues (http://localhost:41741/__cypress/runner/cypress_runner.js:162150:10)\n    at Async.drainQueues (http://localhost:41741/__cypress/runner/cypress_runner.js:162024:14)",
                "diff": ""
              },
              "uuid": "7ef498fc-8a7a-4988-b44d-48089a5f788b",
              "parentUUID": "93ad2507-eea3-47fc-955c-21cb71edbec8",
              "isHook": false,
              "skipped": false
            }
          ],
          "suites": [],
          "passes": [],
          "failures": [
            "5d5ee70f-96a1-4366-9922-3c1433e38642",
            "7ef498fc-8a7a-4988-b44d-48089a5f788b"
          ],
          "pending": [],
          "skipped": [],
          "duration": 2644,
          "root": false,
          "rootEmpty": false,
          "_timeout": 2000
        }
      ],
      "passes": [],
      "failures": [],
      "pending": [],
      "skipped": [],
      "duration": 0,
      "root": true,
      "rootEmpty": true,
      "_timeout": 2000
    }
  ],
  "meta": {
    "mocha": {
      "version": "7.0.1"
    },
    "mochawesome": {
      "options": {
        "quiet": false,
        "reportFilename": "mochawesome",
        "saveHtml": false,
        "saveJson": true,
        "consoleReporter": "spec",
        "useInlineDiffs": false
      },
      "version": "4.1.0"
    },
    "marge": {
      "options": {
        "id": "default",
        "reportDir": "cypress/reports",
        "overwrite": true,
        "html": false,
        "json": true
      },
      "version": "4.1.0"
    }
  }
}