{
  "stats": {
    "suites": 12,
    "tests": 41,
    "passes": 21,
    "pending": 0,
    "failures": 20,
    "start": "2021-08-17T21:13:06.785Z",
    "end": "2021-08-17T21:15:07.619Z",
    "duration": 120834,
    "testsRegistered": 41,
    "passPercent": 51.21951219512195,
    "pendingPercent": 0,
    "other": 0,
    "hasOther": false,
    "skipped": 0,
    "hasSkipped": false
  },
  "results": [
    {
      "uuid": "a0bd006e-59ba-4933-adad-27f4daccb5a3",
      "title": "",
      "fullFile": "cypress/integration/project.spec.js",
      "file": "cypress/integration/project.spec.js",
      "beforeHooks": [],
      "afterHooks": [],
      "tests": [],
      "suites": [
        {
          "uuid": "8282ef42-6d2c-414d-bf0e-9a028b5bb714",
          "title": "1 - Adicione à página o título \"Paleta de Cores\".",
          "fullFile": "",
          "file": "",
          "beforeHooks": [],
          "afterHooks": [],
          "tests": [
            {
              "title": "Verifica se contém um elemento `h1` com o id `title` com o título correto",
              "fullTitle": "1 - Adicione à página o título \"Paleta de Cores\". Verifica se contém um elemento `h1` com o id `title` com o título correto",
              "timedOut": null,
              "duration": 632,
              "state": "passed",
              "speed": "slow",
              "pass": true,
              "fail": false,
              "pending": false,
              "context": null,
              "code": "cy.get('h1#title').should('contain.text', 'Paleta de Cores');",
              "err": {},
              "uuid": "973802b6-14bf-4bd6-853c-677f64dee7ac",
              "parentUUID": "8282ef42-6d2c-414d-bf0e-9a028b5bb714",
              "isHook": false,
              "skipped": false
            }
          ],
          "suites": [],
          "passes": [
            "973802b6-14bf-4bd6-853c-677f64dee7ac"
          ],
          "failures": [],
          "pending": [],
          "skipped": [],
          "duration": 632,
          "root": false,
          "rootEmpty": false,
          "_timeout": 2000
        },
        {
          "uuid": "c197808b-a81f-4552-b6af-08bb6b483c3b",
          "title": "2 - Adicione à página uma paleta de quatro cores distintas.",
          "fullFile": "",
          "file": "",
          "beforeHooks": [],
          "afterHooks": [],
          "tests": [
            {
              "title": "A paleta de cores deve ser um elemento com `id` denominado `color-palette`",
              "fullTitle": "2 - Adicione à página uma paleta de quatro cores distintas. A paleta de cores deve ser um elemento com `id` denominado `color-palette`",
              "timedOut": null,
              "duration": 497,
              "state": "passed",
              "speed": "slow",
              "pass": true,
              "fail": false,
              "pending": false,
              "context": null,
              "code": "cy.get('#color-palette').should('be.visible');",
              "err": {},
              "uuid": "94c52ee1-6bd9-45e3-919e-390876cd5c80",
              "parentUUID": "c197808b-a81f-4552-b6af-08bb6b483c3b",
              "isHook": false,
              "skipped": false
            },
            {
              "title": "Verifica se cada cor individual da paleta de cores possui a `classe` chamada `color`.",
              "fullTitle": "2 - Adicione à página uma paleta de quatro cores distintas. Verifica se cada cor individual da paleta de cores possui a `classe` chamada `color`.",
              "timedOut": null,
              "duration": 590,
              "state": "passed",
              "speed": "slow",
              "pass": true,
              "fail": false,
              "pending": false,
              "context": null,
              "code": "cy.get('.color').should('have.length', 4).then(function (colors) {\n  for (var i = 0; i < colors.length; i++) {\n    cy.wrap(colors[i]).should('be.visible');\n  }\n});",
              "err": {},
              "uuid": "797c2b5b-1bc8-4091-9b5e-98764e92cac1",
              "parentUUID": "c197808b-a81f-4552-b6af-08bb6b483c3b",
              "isHook": false,
              "skipped": false
            },
            {
              "title": "Verifica se a cor de fundo de cada elemento da paleta é a cor que o elemento representa. **A única cor não permitida na paleta é a cor branca.**",
              "fullTitle": "2 - Adicione à página uma paleta de quatro cores distintas. Verifica se a cor de fundo de cada elemento da paleta é a cor que o elemento representa. **A única cor não permitida na paleta é a cor branca.**",
              "timedOut": null,
              "duration": 536,
              "state": "passed",
              "speed": "slow",
              "pass": true,
              "fail": false,
              "pending": false,
              "context": null,
              "code": "cy.get('.color').each(function (color) {\n  cy.wrap(color).should('have.class', 'color').and('not.have.css', 'background-color', WHITE);\n  cy.wrap(color).should('have.css', 'background-color');\n});",
              "err": {},
              "uuid": "49b40601-9d30-41a7-bc72-d95920988fe7",
              "parentUUID": "c197808b-a81f-4552-b6af-08bb6b483c3b",
              "isHook": false,
              "skipped": false
            },
            {
              "title": "Verifica se cada elemento da paleta de cores tem uma borda preta, sólida e com 1 pixel de largura;",
              "fullTitle": "2 - Adicione à página uma paleta de quatro cores distintas. Verifica se cada elemento da paleta de cores tem uma borda preta, sólida e com 1 pixel de largura;",
              "timedOut": null,
              "duration": 397,
              "state": "passed",
              "speed": "slow",
              "pass": true,
              "fail": false,
              "pending": false,
              "context": null,
              "code": "cy.get('.color').each(function (color) {\n  cy.wrap(color).and('have.css', 'border', \"1px solid \".concat(BLACK)).and('have.class', 'color');\n});",
              "err": {},
              "uuid": "b14dac3f-79f8-46e3-8258-4c0324970ad6",
              "parentUUID": "c197808b-a81f-4552-b6af-08bb6b483c3b",
              "isHook": false,
              "skipped": false
            },
            {
              "title": "Verifica se a paleta lista todas as cores disponíveis para utilização, lado a lado.",
              "fullTitle": "2 - Adicione à página uma paleta de quatro cores distintas. Verifica se a paleta lista todas as cores disponíveis para utilização, lado a lado.",
              "timedOut": null,
              "duration": 378,
              "state": "passed",
              "speed": "slow",
              "pass": true,
              "fail": false,
              "pending": false,
              "context": null,
              "code": "cy.get('.color').then(function (colors) {\n  for (var index = 1; index < colors.length; index += 1) {\n    var currentColor = colors[index];\n    var previousColor = colors[index - 1];\n    cy.wrap(currentColor).should('be.onTheRightOf', previousColor).and('be.horizontallyAlignedWith', previousColor);\n  }\n});",
              "err": {},
              "uuid": "d373e2f4-a1a4-4c10-aa9c-01bbd0eadbea",
              "parentUUID": "c197808b-a81f-4552-b6af-08bb6b483c3b",
              "isHook": false,
              "skipped": false
            },
            {
              "title": "Verifica se a paleta de cores está posicionada abaixo do título 'Paleta de Cores'",
              "fullTitle": "2 - Adicione à página uma paleta de quatro cores distintas. Verifica se a paleta de cores está posicionada abaixo do título 'Paleta de Cores'",
              "timedOut": null,
              "duration": 321,
              "state": "passed",
              "speed": "slow",
              "pass": true,
              "fail": false,
              "pending": false,
              "context": null,
              "code": "cy.get('h1#title').then(function (title) {\n  cy.get('#color-palette').should('be.belowOf', title);\n});",
              "err": {},
              "uuid": "eb770dc3-52d8-4f02-b921-6d9f130031da",
              "parentUUID": "c197808b-a81f-4552-b6af-08bb6b483c3b",
              "isHook": false,
              "skipped": false
            },
            {
              "title": "Verifica se a paleta de cores não contém cores repetidas.",
              "fullTitle": "2 - Adicione à página uma paleta de quatro cores distintas. Verifica se a paleta de cores não contém cores repetidas.",
              "timedOut": null,
              "duration": 257,
              "state": "passed",
              "speed": "slow",
              "pass": true,
              "fail": false,
              "pending": false,
              "context": null,
              "code": "cy.get('.color').then(function (colors) {\n  var allColors = Array.from(colors).map(function (color) {\n    return Cypress.$(color).css('background-color');\n  });\n  cy.log(allColors);\n  var uniqColors = (0, _toConsumableArray2[\"default\"])(new Set(allColors));\n  cy.log(uniqColors);\n  expect(allColors.length).to.eq(uniqColors.length);\n});",
              "err": {},
              "uuid": "d414a217-fee2-4134-b459-44ec223cf935",
              "parentUUID": "c197808b-a81f-4552-b6af-08bb6b483c3b",
              "isHook": false,
              "skipped": false
            }
          ],
          "suites": [],
          "passes": [
            "94c52ee1-6bd9-45e3-919e-390876cd5c80",
            "797c2b5b-1bc8-4091-9b5e-98764e92cac1",
            "49b40601-9d30-41a7-bc72-d95920988fe7",
            "b14dac3f-79f8-46e3-8258-4c0324970ad6",
            "d373e2f4-a1a4-4c10-aa9c-01bbd0eadbea",
            "eb770dc3-52d8-4f02-b921-6d9f130031da",
            "d414a217-fee2-4134-b459-44ec223cf935"
          ],
          "failures": [],
          "pending": [],
          "skipped": [],
          "duration": 2976,
          "root": false,
          "rootEmpty": false,
          "_timeout": 2000
        },
        {
          "uuid": "08499029-20e7-4125-a5c2-99d8b15898f1",
          "title": "3 - Adicione a cor **preta** como a primeira cor da paleta de cores.",
          "fullFile": "",
          "file": "",
          "beforeHooks": [],
          "afterHooks": [],
          "tests": [
            {
              "title": "Verifica se a primeira cor da paleta é preta",
              "fullTitle": "3 - Adicione a cor **preta** como a primeira cor da paleta de cores. Verifica se a primeira cor da paleta é preta",
              "timedOut": null,
              "duration": 276,
              "state": "passed",
              "speed": "slow",
              "pass": true,
              "fail": false,
              "pending": false,
              "context": null,
              "code": "cy.get('.color').first().should('have.css', 'background-color', BLACK);",
              "err": {},
              "uuid": "746d2a7c-6f40-412b-9517-6c1848283311",
              "parentUUID": "08499029-20e7-4125-a5c2-99d8b15898f1",
              "isHook": false,
              "skipped": false
            },
            {
              "title": "Verifica se as demais cores podem ser escolhidas livremente.",
              "fullTitle": "3 - Adicione a cor **preta** como a primeira cor da paleta de cores. Verifica se as demais cores podem ser escolhidas livremente.",
              "timedOut": null,
              "duration": 528,
              "state": "passed",
              "speed": "slow",
              "pass": true,
              "fail": false,
              "pending": false,
              "context": null,
              "code": "cy.get('.color').eq(1).should('not.have.css', 'background-color', BLACK);\ncy.get('.color').eq(1).should('not.have.css', 'background-color', WHITE);\ncy.get('.color').eq(1).should('not.have.css', 'background-color', 'rgba(0, 0, 0, 0)');\ncy.get('.color').eq(1).should('have.css', 'background-color');\ncy.get('.color').eq(2).should('not.have.css', 'background-color', BLACK);\ncy.get('.color').eq(2).should('not.have.css', 'background-color', WHITE);\ncy.get('.color').eq(2).should('not.have.css', 'background-color', 'rgba(0, 0, 0, 0)');\ncy.get('.color').eq(2).should('have.css', 'background-color');\ncy.get('.color').eq(3).should('not.have.css', 'background-color', BLACK);\ncy.get('.color').eq(3).should('not.have.css', 'background-color', WHITE);\ncy.get('.color').eq(3).should('not.have.css', 'background-color', 'rgba(0, 0, 0, 0)');\ncy.get('.color').eq(3).should('have.css', 'background-color');",
              "err": {},
              "uuid": "688ab640-0d86-4494-92c8-d8df159348cc",
              "parentUUID": "08499029-20e7-4125-a5c2-99d8b15898f1",
              "isHook": false,
              "skipped": false
            }
          ],
          "suites": [],
          "passes": [
            "746d2a7c-6f40-412b-9517-6c1848283311",
            "688ab640-0d86-4494-92c8-d8df159348cc"
          ],
          "failures": [],
          "pending": [],
          "skipped": [],
          "duration": 804,
          "root": false,
          "rootEmpty": false,
          "_timeout": 2000
        },
        {
          "uuid": "a720340f-8fa1-4608-8f9c-e5624c0e2712",
          "title": "4 - Adicione à página um quadro de pixels, com 25 pixels.",
          "fullFile": "",
          "file": "",
          "beforeHooks": [],
          "afterHooks": [],
          "tests": [
            {
              "title": "Verifica se o quadro de pixels possui o `id` denominado `pixel-board`",
              "fullTitle": "4 - Adicione à página um quadro de pixels, com 25 pixels. Verifica se o quadro de pixels possui o `id` denominado `pixel-board`",
              "timedOut": null,
              "duration": 461,
              "state": "passed",
              "speed": "slow",
              "pass": true,
              "fail": false,
              "pending": false,
              "context": null,
              "code": "cy.get('#pixel-board').should('be.visible');",
              "err": {},
              "uuid": "981d79ba-fb1c-40ae-9991-545b281d76b6",
              "parentUUID": "a720340f-8fa1-4608-8f9c-e5624c0e2712",
              "isHook": false,
              "skipped": false
            },
            {
              "title": "Verifica se cada pixel individual dentro do quadro possui a `classe` denominada `pixel`.",
              "fullTitle": "4 - Adicione à página um quadro de pixels, com 25 pixels. Verifica se cada pixel individual dentro do quadro possui a `classe` denominada `pixel`.",
              "timedOut": null,
              "duration": 457,
              "state": "passed",
              "speed": "slow",
              "pass": true,
              "fail": false,
              "pending": false,
              "context": null,
              "code": "cy.get('.pixel').should('have.length', 25);",
              "err": {},
              "uuid": "102753e4-ff37-4d73-bdc9-1aec60e2a300",
              "parentUUID": "a720340f-8fa1-4608-8f9c-e5624c0e2712",
              "isHook": false,
              "skipped": false
            },
            {
              "title": "Verifica se a cor inicial dos pixels dentro do quadro, ao abrir a página, é branca.",
              "fullTitle": "4 - Adicione à página um quadro de pixels, com 25 pixels. Verifica se a cor inicial dos pixels dentro do quadro, ao abrir a página, é branca.",
              "timedOut": null,
              "duration": 631,
              "state": "passed",
              "speed": "slow",
              "pass": true,
              "fail": false,
              "pending": false,
              "context": null,
              "code": "cy.get('.pixel').should('have.length', 25).each(function (pixel) {\n  expect(pixel).to.have.css('background-color', WHITE);\n});",
              "err": {},
              "uuid": "efb411e7-7cb0-4140-af14-29514c3d46d3",
              "parentUUID": "a720340f-8fa1-4608-8f9c-e5624c0e2712",
              "isHook": false,
              "skipped": false
            },
            {
              "title": "Verifica se o quadro de pixels aparece abaixo da paleta de cores",
              "fullTitle": "4 - Adicione à página um quadro de pixels, com 25 pixels. Verifica se o quadro de pixels aparece abaixo da paleta de cores",
              "timedOut": null,
              "duration": 394,
              "state": "passed",
              "speed": "slow",
              "pass": true,
              "fail": false,
              "pending": false,
              "context": null,
              "code": "cy.get('#color-palette').then(function (palette) {\n  cy.get('#pixel-board').should('be.belowOf', palette);\n});",
              "err": {},
              "uuid": "2f256b8d-e135-4f2b-ad6b-8867fd729a27",
              "parentUUID": "a720340f-8fa1-4608-8f9c-e5624c0e2712",
              "isHook": false,
              "skipped": false
            }
          ],
          "suites": [],
          "passes": [
            "981d79ba-fb1c-40ae-9991-545b281d76b6",
            "102753e4-ff37-4d73-bdc9-1aec60e2a300",
            "efb411e7-7cb0-4140-af14-29514c3d46d3",
            "2f256b8d-e135-4f2b-ad6b-8867fd729a27"
          ],
          "failures": [],
          "pending": [],
          "skipped": [],
          "duration": 1943,
          "root": false,
          "rootEmpty": false,
          "_timeout": 2000
        },
        {
          "uuid": "5ceaa3b1-701a-43f0-81ae-d8e5497fdcec",
          "title": "5 - Faça com que cada elemento do quadro de pixels possua 40 pixels de largura, 40 pixels de altura e seja delimitado por uma borda preta de 1 pixel.",
          "fullFile": "",
          "file": "",
          "beforeHooks": [],
          "afterHooks": [],
          "tests": [
            {
              "title": "Verifica se o quadro de pixels tem altura e comprimento de 5 elementos",
              "fullTitle": "5 - Faça com que cada elemento do quadro de pixels possua 40 pixels de largura, 40 pixels de altura e seja delimitado por uma borda preta de 1 pixel. Verifica se o quadro de pixels tem altura e comprimento de 5 elementos",
              "timedOut": null,
              "duration": 825,
              "state": "passed",
              "speed": "slow",
              "pass": true,
              "fail": false,
              "pending": false,
              "context": null,
              "code": "cy.get('.pixel').should('have.length', 25).each(function (pixel) {\n  expect(pixel).to.have.css('background-color', WHITE);\n}).and(function (pixels) {\n  var rows = chunk(pixels, 5);\n  rows.forEach(function (row) {\n    for (var index = 1; index < row.length; index += 1) {\n      var current = pixels[index];\n      var previous = pixels[index - 1];\n      cy.wrap(current).should('be.onTheRightOf', previous).and('be.horizontallyAlignedWith', previous);\n    }\n  });\n  for (var index = 1; index < 5; index += 1) {\n    expect(pixels[index * 5]).to.be.belowOf(pixels[(index - 1) * 5]);\n  }\n});",
              "err": {},
              "uuid": "3294b792-2a4d-4eac-b51a-3fe1c27d6d74",
              "parentUUID": "5ceaa3b1-701a-43f0-81ae-d8e5497fdcec",
              "isHook": false,
              "skipped": false
            },
            {
              "title": "Verifica se 40 pixels é o tamanho total do elemento, incluindo seu conteúdo e excluindo a borda preta, que deve ser criada à parte.",
              "fullTitle": "5 - Faça com que cada elemento do quadro de pixels possua 40 pixels de largura, 40 pixels de altura e seja delimitado por uma borda preta de 1 pixel. Verifica se 40 pixels é o tamanho total do elemento, incluindo seu conteúdo e excluindo a borda preta, que deve ser criada à parte.",
              "timedOut": null,
              "duration": 754,
              "state": "passed",
              "speed": "slow",
              "pass": true,
              "fail": false,
              "pending": false,
              "context": null,
              "code": "cy.get('.pixel').each(function (pixel) {\n  cy.wrap(pixel).should('have.css', 'height', '40px').and('have.css', 'width', '40px').and('have.css', 'border', \"1px solid \".concat(BLACK));\n});",
              "err": {},
              "uuid": "b28bd54e-aad9-4c6e-bbfb-2562139f3eb8",
              "parentUUID": "5ceaa3b1-701a-43f0-81ae-d8e5497fdcec",
              "isHook": false,
              "skipped": false
            }
          ],
          "suites": [],
          "passes": [
            "3294b792-2a4d-4eac-b51a-3fe1c27d6d74",
            "b28bd54e-aad9-4c6e-bbfb-2562139f3eb8"
          ],
          "failures": [],
          "pending": [],
          "skipped": [],
          "duration": 1579,
          "root": false,
          "rootEmpty": false,
          "_timeout": 2000
        },
        {
          "uuid": "6cb91229-dfca-479a-be84-64d376821a18",
          "title": "6 - Defina a cor preta como cor inicial. Ao carregar a página a cor preta já deve estar selecionada para pintar os pixels",
          "fullFile": "",
          "file": "",
          "beforeHooks": [],
          "afterHooks": [],
          "tests": [
            {
              "title": "Verifica se o elemento da cor preta possui, inicialmente, a `classe` `selected`",
              "fullTitle": "6 - Defina a cor preta como cor inicial. Ao carregar a página a cor preta já deve estar selecionada para pintar os pixels Verifica se o elemento da cor preta possui, inicialmente, a `classe` `selected`",
              "timedOut": null,
              "duration": 404,
              "state": "passed",
              "speed": "slow",
              "pass": true,
              "fail": false,
              "pending": false,
              "context": null,
              "code": "cy.get('.selected').first().should('have.css', 'background-color', BLACK);",
              "err": {},
              "uuid": "4610d62b-88dd-4e79-956b-b84eeb2006fd",
              "parentUUID": "6cb91229-dfca-479a-be84-64d376821a18",
              "isHook": false,
              "skipped": false
            },
            {
              "title": "Verifica se nenhuma outra cor da paleta tem a `classe` `selected`",
              "fullTitle": "6 - Defina a cor preta como cor inicial. Ao carregar a página a cor preta já deve estar selecionada para pintar os pixels Verifica se nenhuma outra cor da paleta tem a `classe` `selected`",
              "timedOut": null,
              "duration": 228,
              "state": "passed",
              "speed": "slow",
              "pass": true,
              "fail": false,
              "pending": false,
              "context": null,
              "code": "cy.get('.color:not(:first-child)').each(function (color) {\n  cy.wrap(color).should('not.have.class', 'selected');\n});",
              "err": {},
              "uuid": "8ebffb39-1026-4888-bd3c-255b8783f188",
              "parentUUID": "6cb91229-dfca-479a-be84-64d376821a18",
              "isHook": false,
              "skipped": false
            }
          ],
          "suites": [],
          "passes": [
            "4610d62b-88dd-4e79-956b-b84eeb2006fd",
            "8ebffb39-1026-4888-bd3c-255b8783f188"
          ],
          "failures": [],
          "pending": [],
          "skipped": [],
          "duration": 632,
          "root": false,
          "rootEmpty": false,
          "_timeout": 2000
        },
        {
          "uuid": "21681353-791f-4230-a420-2b3553c75eba",
          "title": "7 - Clicar em uma das cores da paleta, faz com que ela seja selecionada e utilizada para preencher os pixels no quadro.",
          "fullFile": "",
          "file": "",
          "beforeHooks": [],
          "afterHooks": [],
          "tests": [
            {
              "title": "Verifica se somente uma cor da paleta de cores tem a classe `selected` de cada vez",
              "fullTitle": "7 - Clicar em uma das cores da paleta, faz com que ela seja selecionada e utilizada para preencher os pixels no quadro. Verifica se somente uma cor da paleta de cores tem a classe `selected` de cada vez",
              "timedOut": null,
              "duration": 1124,
              "state": "passed",
              "speed": "slow",
              "pass": true,
              "fail": false,
              "pending": false,
              "context": null,
              "code": "cy.get('.color').each(function (selectedColor, selectedColorIndex) {\n  cy.wrap(selectedColor).click();\n  cy.get('.color').each(function (color, colorIndex) {\n    if (colorIndex === selectedColorIndex) {\n      expect(color).to.have[\"class\"]('selected');\n    } else {\n      expect(color).not.to.have[\"class\"]('selected');\n    }\n  });\n});",
              "err": {},
              "uuid": "5f365c2c-b050-40c9-af33-2b3b639445e3",
              "parentUUID": "21681353-791f-4230-a420-2b3553c75eba",
              "isHook": false,
              "skipped": false
            },
            {
              "title": "Verifica se os pixels dentro do quadro não têm a classe `selected` quando são clicados",
              "fullTitle": "7 - Clicar em uma das cores da paleta, faz com que ela seja selecionada e utilizada para preencher os pixels no quadro. Verifica se os pixels dentro do quadro não têm a classe `selected` quando são clicados",
              "timedOut": null,
              "duration": 10229,
              "state": "passed",
              "speed": "slow",
              "pass": true,
              "fail": false,
              "pending": false,
              "context": null,
              "code": "cy.get('.color').each(function (color) {\n  var backgroundColor = color.css('background-color');\n  cy.wrap(color).click();\n  cy.get('.pixel').each(function (pixel) {\n    cy.wrap(pixel).click().should('not.have.class', 'selected');\n  });\n});",
              "err": {},
              "uuid": "0d83a321-e1a6-491c-b35e-567828f0e7fd",
              "parentUUID": "21681353-791f-4230-a420-2b3553c75eba",
              "isHook": false,
              "skipped": false
            }
          ],
          "suites": [],
          "passes": [
            "5f365c2c-b050-40c9-af33-2b3b639445e3",
            "0d83a321-e1a6-491c-b35e-567828f0e7fd"
          ],
          "failures": [],
          "pending": [],
          "skipped": [],
          "duration": 11353,
          "root": false,
          "rootEmpty": false,
          "_timeout": 2000
        },
        {
          "uuid": "2bafb34d-58f6-42c9-a54b-eee562abb6b3",
          "title": "8 - Clicar em um pixel dentro do quadro após selecionar uma cor na paleta, faz com que o pixel seja preenchido com a cor selecionada.",
          "fullFile": "",
          "file": "",
          "beforeHooks": [],
          "afterHooks": [],
          "tests": [
            {
              "title": "Verifica se ao carregar a página deve ser possível pintar os pixels de preto",
              "fullTitle": "8 - Clicar em um pixel dentro do quadro após selecionar uma cor na paleta, faz com que o pixel seja preenchido com a cor selecionada. Verifica se ao carregar a página deve ser possível pintar os pixels de preto",
              "timedOut": null,
              "duration": 5061,
              "state": "failed",
              "speed": null,
              "pass": false,
              "fail": true,
              "pending": false,
              "context": null,
              "code": "cy.get('.pixel').each(function (pixel) {\n  cy.wrap(pixel).click().should('have.css', 'background-color', BLACK);\n});",
              "err": {
                "message": "CypressError: Timed out retrying: expected '<div.pixel>' to have CSS property 'background-color' with the value 'rgb(0, 0, 0)', but the value was 'rgb(255, 255, 255)'",
                "estack": "CypressError: Timed out retrying: expected '<div.pixel>' to have CSS property 'background-color' with the value 'rgb(0, 0, 0)', but the value was 'rgb(255, 255, 255)'\n    at cypressErr (http://localhost:46821/__cypress/runner/cypress_runner.js:149934:9)\n    at throwErr (http://localhost:46821/__cypress/runner/cypress_runner.js:149867:11)\n    at Object.throwErrByPath (http://localhost:46821/__cypress/runner/cypress_runner.js:149915:3)\n    at retry (http://localhost:46821/__cypress/runner/cypress_runner.js:144197:19)\n    at onFailFn (http://localhost:46821/__cypress/runner/cypress_runner.js:132448:16)\n    at tryCatcher (http://localhost:46821/__cypress/runner/cypress_runner.js:167415:23)\n    at Promise._settlePromiseFromHandler (http://localhost:46821/__cypress/runner/cypress_runner.js:165351:31)\n    at Promise._settlePromise (http://localhost:46821/__cypress/runner/cypress_runner.js:165408:18)\n    at Promise._settlePromise0 (http://localhost:46821/__cypress/runner/cypress_runner.js:165453:10)\n    at Promise._settlePromises (http://localhost:46821/__cypress/runner/cypress_runner.js:165528:18)\n    at Async../node_modules/bluebird/js/release/async.js.Async._drainQueue (http://localhost:46821/__cypress/runner/cypress_runner.js:162140:16)\n    at Async../node_modules/bluebird/js/release/async.js.Async._drainQueues (http://localhost:46821/__cypress/runner/cypress_runner.js:162150:10)\n    at Async.drainQueues (http://localhost:46821/__cypress/runner/cypress_runner.js:162024:14)",
                "diff": null
              },
              "uuid": "b2add0ac-eee9-4ed8-931d-60d45fcac23c",
              "parentUUID": "2bafb34d-58f6-42c9-a54b-eee562abb6b3",
              "isHook": false,
              "skipped": false
            },
            {
              "title": "Verifica se após selecionar uma outra cor na paleta, é possível pintar os pixels com essa cor",
              "fullTitle": "8 - Clicar em um pixel dentro do quadro após selecionar uma cor na paleta, faz com que o pixel seja preenchido com a cor selecionada. Verifica se após selecionar uma outra cor na paleta, é possível pintar os pixels com essa cor",
              "timedOut": null,
              "duration": 5047,
              "state": "failed",
              "speed": null,
              "pass": false,
              "fail": true,
              "pending": false,
              "context": null,
              "code": "cy.get('.color').each(function (color) {\n  var backgroundColor = color.css('background-color');\n  cy.wrap(color).click();\n  cy.get('.pixel').each(function (pixel) {\n    cy.wrap(pixel).click().should('have.css', 'background-color', backgroundColor);\n  });\n});",
              "err": {
                "message": "CypressError: Timed out retrying: expected '<div.pixel>' to have CSS property 'background-color' with the value 'rgb(0, 0, 0)', but the value was 'rgb(255, 255, 255)'",
                "estack": "CypressError: Timed out retrying: expected '<div.pixel>' to have CSS property 'background-color' with the value 'rgb(0, 0, 0)', but the value was 'rgb(255, 255, 255)'\n    at cypressErr (http://localhost:46821/__cypress/runner/cypress_runner.js:149934:9)\n    at throwErr (http://localhost:46821/__cypress/runner/cypress_runner.js:149867:11)\n    at Object.throwErrByPath (http://localhost:46821/__cypress/runner/cypress_runner.js:149915:3)\n    at retry (http://localhost:46821/__cypress/runner/cypress_runner.js:144197:19)\n    at onFailFn (http://localhost:46821/__cypress/runner/cypress_runner.js:132448:16)\n    at tryCatcher (http://localhost:46821/__cypress/runner/cypress_runner.js:167415:23)\n    at Promise._settlePromiseFromHandler (http://localhost:46821/__cypress/runner/cypress_runner.js:165351:31)\n    at Promise._settlePromise (http://localhost:46821/__cypress/runner/cypress_runner.js:165408:18)\n    at Promise._settlePromise0 (http://localhost:46821/__cypress/runner/cypress_runner.js:165453:10)\n    at Promise._settlePromises (http://localhost:46821/__cypress/runner/cypress_runner.js:165528:18)\n    at Async../node_modules/bluebird/js/release/async.js.Async._drainQueue (http://localhost:46821/__cypress/runner/cypress_runner.js:162140:16)\n    at Async../node_modules/bluebird/js/release/async.js.Async._drainQueues (http://localhost:46821/__cypress/runner/cypress_runner.js:162150:10)\n    at Async.drainQueues (http://localhost:46821/__cypress/runner/cypress_runner.js:162024:14)",
                "diff": null
              },
              "uuid": "57f1113e-f4a6-4c14-a953-9f5d47a9eaed",
              "parentUUID": "2bafb34d-58f6-42c9-a54b-eee562abb6b3",
              "isHook": false,
              "skipped": false
            },
            {
              "title": "Verifica se somente o pixel que foi clicado foi preenchido com a cor selecionada, sem influenciar na cor dos demais pixels.",
              "fullTitle": "8 - Clicar em um pixel dentro do quadro após selecionar uma cor na paleta, faz com que o pixel seja preenchido com a cor selecionada. Verifica se somente o pixel que foi clicado foi preenchido com a cor selecionada, sem influenciar na cor dos demais pixels.",
              "timedOut": null,
              "duration": 3301,
              "state": "passed",
              "speed": "slow",
              "pass": true,
              "fail": false,
              "pending": false,
              "context": null,
              "code": "var colorToPixelIndexMap = {\n  0: 6,\n  1: 8,\n  2: 16,\n  3: 18\n};\ncy.get('.color').each(function (color, index) {\n  cy.wrap(color).click();\n  var backgroundColor = color.css('background-color');\n  var clickedPixelIndex = colorToPixelIndexMap[index];\n  cy.get('.pixel').eq(clickedPixelIndex).click();\n  cy.get('.pixel').eq(clickedPixelIndex - 1).should('not.have.css', 'background-color', backgroundColor);\n  cy.get('.pixel').eq(clickedPixelIndex + 1).should('not.have.css', 'background-color', backgroundColor);\n  cy.get('.pixel').eq(clickedPixelIndex - 5).should('not.have.css', 'background-color', backgroundColor);\n  cy.get('.pixel').eq(clickedPixelIndex + 5).should('not.have.css', 'background-color', backgroundColor);\n  cy.get('.pixel').eq(clickedPixelIndex - 6).should('not.have.css', 'background-color', backgroundColor);\n  cy.get('.pixel').eq(clickedPixelIndex - 4).should('not.have.css', 'background-color', backgroundColor);\n  cy.get('.pixel').eq(clickedPixelIndex + 4).should('not.have.css', 'background-color', backgroundColor);\n  cy.get('.pixel').eq(clickedPixelIndex + 6).should('not.have.css', 'background-color', backgroundColor);\n});",
              "err": {},
              "uuid": "08aa369f-3dff-4d4b-97e7-179c870b2cdc",
              "parentUUID": "2bafb34d-58f6-42c9-a54b-eee562abb6b3",
              "isHook": false,
              "skipped": false
            }
          ],
          "suites": [],
          "passes": [
            "08aa369f-3dff-4d4b-97e7-179c870b2cdc"
          ],
          "failures": [
            "b2add0ac-eee9-4ed8-931d-60d45fcac23c",
            "57f1113e-f4a6-4c14-a953-9f5d47a9eaed"
          ],
          "pending": [],
          "skipped": [],
          "duration": 13409,
          "root": false,
          "rootEmpty": false,
          "_timeout": 2000
        },
        {
          "uuid": "e18c0b1a-abda-4c7f-8d1a-4243f2979601",
          "title": "9 - Crie um botão que, ao ser clicado, limpa o quadro preenchendo a cor de todos seus pixels com branco.",
          "fullFile": "",
          "file": "",
          "beforeHooks": [],
          "afterHooks": [],
          "tests": [
            {
              "title": "Verifica se o botão tem o `id` denominado `clear-board`",
              "fullTitle": "9 - Crie um botão que, ao ser clicado, limpa o quadro preenchendo a cor de todos seus pixels com branco. Verifica se o botão tem o `id` denominado `clear-board`",
              "timedOut": null,
              "duration": 4780,
              "state": "failed",
              "speed": null,
              "pass": false,
              "fail": true,
              "pending": false,
              "context": null,
              "code": "cy.get('#clear-board').should('be.visible');",
              "err": {
                "message": "CypressError: Timed out retrying: Expected to find element: '#clear-board', but never found it.",
                "estack": "CypressError: Timed out retrying: Expected to find element: '#clear-board', but never found it.\n    at cypressErr (http://localhost:46821/__cypress/runner/cypress_runner.js:149934:9)\n    at throwErr (http://localhost:46821/__cypress/runner/cypress_runner.js:149867:11)\n    at Object.throwErrByPath (http://localhost:46821/__cypress/runner/cypress_runner.js:149915:3)\n    at retry (http://localhost:46821/__cypress/runner/cypress_runner.js:144197:19)\n    at onFailFn (http://localhost:46821/__cypress/runner/cypress_runner.js:132448:16)\n    at tryCatcher (http://localhost:46821/__cypress/runner/cypress_runner.js:167415:23)\n    at Promise._settlePromiseFromHandler (http://localhost:46821/__cypress/runner/cypress_runner.js:165351:31)\n    at Promise._settlePromise (http://localhost:46821/__cypress/runner/cypress_runner.js:165408:18)\n    at Promise._settlePromise0 (http://localhost:46821/__cypress/runner/cypress_runner.js:165453:10)\n    at Promise._settlePromises (http://localhost:46821/__cypress/runner/cypress_runner.js:165528:18)\n    at Async../node_modules/bluebird/js/release/async.js.Async._drainQueue (http://localhost:46821/__cypress/runner/cypress_runner.js:162140:16)\n    at Async../node_modules/bluebird/js/release/async.js.Async._drainQueues (http://localhost:46821/__cypress/runner/cypress_runner.js:162150:10)\n    at Async.drainQueues (http://localhost:46821/__cypress/runner/cypress_runner.js:162024:14)",
                "diff": null
              },
              "uuid": "17ee5b67-29fb-4c16-a9b0-1d814b9697fa",
              "parentUUID": "e18c0b1a-abda-4c7f-8d1a-4243f2979601",
              "isHook": false,
              "skipped": false
            },
            {
              "title": "Verifica se o botão está posicionado entre a paleta de cores e o quadro de pixels",
              "fullTitle": "9 - Crie um botão que, ao ser clicado, limpa o quadro preenchendo a cor de todos seus pixels com branco. Verifica se o botão está posicionado entre a paleta de cores e o quadro de pixels",
              "timedOut": null,
              "duration": 4726,
              "state": "failed",
              "speed": null,
              "pass": false,
              "fail": true,
              "pending": false,
              "context": null,
              "code": "cy.get('#color-palette').then(function (palette) {\n  cy.get('#clear-board').should('be.belowOf', palette);\n});\ncy.get('#clear-board').then(function (clearBtn) {\n  cy.get('#pixel-board').should('be.belowOf', clearBtn);\n});",
              "err": {
                "message": "CypressError: Timed out retrying: Expected to find element: '#clear-board', but never found it.",
                "estack": "CypressError: Timed out retrying: Expected to find element: '#clear-board', but never found it.\n    at cypressErr (http://localhost:46821/__cypress/runner/cypress_runner.js:149934:9)\n    at throwErr (http://localhost:46821/__cypress/runner/cypress_runner.js:149867:11)\n    at Object.throwErrByPath (http://localhost:46821/__cypress/runner/cypress_runner.js:149915:3)\n    at retry (http://localhost:46821/__cypress/runner/cypress_runner.js:144197:19)\n    at onFailFn (http://localhost:46821/__cypress/runner/cypress_runner.js:132448:16)\n    at tryCatcher (http://localhost:46821/__cypress/runner/cypress_runner.js:167415:23)\n    at Promise._settlePromiseFromHandler (http://localhost:46821/__cypress/runner/cypress_runner.js:165351:31)\n    at Promise._settlePromise (http://localhost:46821/__cypress/runner/cypress_runner.js:165408:18)\n    at Promise._settlePromise0 (http://localhost:46821/__cypress/runner/cypress_runner.js:165453:10)\n    at Promise._settlePromises (http://localhost:46821/__cypress/runner/cypress_runner.js:165528:18)\n    at Async../node_modules/bluebird/js/release/async.js.Async._drainQueue (http://localhost:46821/__cypress/runner/cypress_runner.js:162140:16)\n    at Async../node_modules/bluebird/js/release/async.js.Async._drainQueues (http://localhost:46821/__cypress/runner/cypress_runner.js:162150:10)\n    at Async.drainQueues (http://localhost:46821/__cypress/runner/cypress_runner.js:162024:14)",
                "diff": null
              },
              "uuid": "75501383-4ceb-406c-aa2f-4b0f8d96edd1",
              "parentUUID": "e18c0b1a-abda-4c7f-8d1a-4243f2979601",
              "isHook": false,
              "skipped": false
            },
            {
              "title": "Verifica se o texto do botão é 'Limpar'",
              "fullTitle": "9 - Crie um botão que, ao ser clicado, limpa o quadro preenchendo a cor de todos seus pixels com branco. Verifica se o texto do botão é 'Limpar'",
              "timedOut": null,
              "duration": 5155,
              "state": "failed",
              "speed": null,
              "pass": false,
              "fail": true,
              "pending": false,
              "context": null,
              "code": "cy.get('#clear-board').should('contain.text', 'Limpar');",
              "err": {
                "message": "CypressError: Timed out retrying: Expected to find element: '#clear-board', but never found it.",
                "estack": "CypressError: Timed out retrying: Expected to find element: '#clear-board', but never found it.\n    at cypressErr (http://localhost:46821/__cypress/runner/cypress_runner.js:149934:9)\n    at throwErr (http://localhost:46821/__cypress/runner/cypress_runner.js:149867:11)\n    at Object.throwErrByPath (http://localhost:46821/__cypress/runner/cypress_runner.js:149915:3)\n    at retry (http://localhost:46821/__cypress/runner/cypress_runner.js:144197:19)\n    at onFailFn (http://localhost:46821/__cypress/runner/cypress_runner.js:132448:16)\n    at tryCatcher (http://localhost:46821/__cypress/runner/cypress_runner.js:167415:23)\n    at Promise._settlePromiseFromHandler (http://localhost:46821/__cypress/runner/cypress_runner.js:165351:31)\n    at Promise._settlePromise (http://localhost:46821/__cypress/runner/cypress_runner.js:165408:18)\n    at Promise._settlePromise0 (http://localhost:46821/__cypress/runner/cypress_runner.js:165453:10)\n    at Promise._settlePromises (http://localhost:46821/__cypress/runner/cypress_runner.js:165528:18)\n    at Async../node_modules/bluebird/js/release/async.js.Async._drainQueue (http://localhost:46821/__cypress/runner/cypress_runner.js:162140:16)\n    at Async../node_modules/bluebird/js/release/async.js.Async._drainQueues (http://localhost:46821/__cypress/runner/cypress_runner.js:162150:10)\n    at Async.drainQueues (http://localhost:46821/__cypress/runner/cypress_runner.js:162024:14)",
                "diff": null
              },
              "uuid": "4c9e282f-3533-4b39-a8c2-e59c4640033d",
              "parentUUID": "e18c0b1a-abda-4c7f-8d1a-4243f2979601",
              "isHook": false,
              "skipped": false
            },
            {
              "title": "Verifica se ao clicar no botão, o quadro de pixels é totalmente preenchido de branco",
              "fullTitle": "9 - Crie um botão que, ao ser clicado, limpa o quadro preenchendo a cor de todos seus pixels com branco. Verifica se ao clicar no botão, o quadro de pixels é totalmente preenchido de branco",
              "timedOut": null,
              "duration": 5006,
              "state": "failed",
              "speed": null,
              "pass": false,
              "fail": true,
              "pending": false,
              "context": null,
              "code": "cy.get('.color').eq(1).then(function (color) {\n  var backgroundColor = color.css('background-color');\n  cy.wrap(color).click();\n  cy.get('.pixel').each(function (pixel) {\n    cy.wrap(pixel).click().should('have.css', 'background-color', backgroundColor);\n  });\n});\ncy.get('#clear-board').click();\ncy.get('.pixel').each(function (pixel) {\n  cy.wrap(pixel).should('have.css', 'background-color', WHITE);\n});",
              "err": {
                "message": "CypressError: Timed out retrying: expected '<div.pixel>' to have CSS property 'background-color' with the value 'rgb(255, 0, 0)', but the value was 'rgb(255, 255, 255)'",
                "estack": "CypressError: Timed out retrying: expected '<div.pixel>' to have CSS property 'background-color' with the value 'rgb(255, 0, 0)', but the value was 'rgb(255, 255, 255)'\n    at cypressErr (http://localhost:46821/__cypress/runner/cypress_runner.js:149934:9)\n    at throwErr (http://localhost:46821/__cypress/runner/cypress_runner.js:149867:11)\n    at Object.throwErrByPath (http://localhost:46821/__cypress/runner/cypress_runner.js:149915:3)\n    at retry (http://localhost:46821/__cypress/runner/cypress_runner.js:144197:19)\n    at onFailFn (http://localhost:46821/__cypress/runner/cypress_runner.js:132448:16)\n    at tryCatcher (http://localhost:46821/__cypress/runner/cypress_runner.js:167415:23)\n    at Promise._settlePromiseFromHandler (http://localhost:46821/__cypress/runner/cypress_runner.js:165351:31)\n    at Promise._settlePromise (http://localhost:46821/__cypress/runner/cypress_runner.js:165408:18)\n    at Promise._settlePromise0 (http://localhost:46821/__cypress/runner/cypress_runner.js:165453:10)\n    at Promise._settlePromises (http://localhost:46821/__cypress/runner/cypress_runner.js:165528:18)\n    at Async../node_modules/bluebird/js/release/async.js.Async._drainQueue (http://localhost:46821/__cypress/runner/cypress_runner.js:162140:16)\n    at Async../node_modules/bluebird/js/release/async.js.Async._drainQueues (http://localhost:46821/__cypress/runner/cypress_runner.js:162150:10)\n    at Async.drainQueues (http://localhost:46821/__cypress/runner/cypress_runner.js:162024:14)",
                "diff": null
              },
              "uuid": "f3fcc24c-839d-4a9f-9062-0eb6d599fb43",
              "parentUUID": "e18c0b1a-abda-4c7f-8d1a-4243f2979601",
              "isHook": false,
              "skipped": false
            }
          ],
          "suites": [],
          "passes": [],
          "failures": [
            "17ee5b67-29fb-4c16-a9b0-1d814b9697fa",
            "75501383-4ceb-406c-aa2f-4b0f8d96edd1",
            "4c9e282f-3533-4b39-a8c2-e59c4640033d",
            "f3fcc24c-839d-4a9f-9062-0eb6d599fb43"
          ],
          "pending": [],
          "skipped": [],
          "duration": 19667,
          "root": false,
          "rootEmpty": false,
          "_timeout": 2000
        },
        {
          "uuid": "a01702d1-4df4-4579-a57d-3c97bfc6a4b7",
          "title": "10 - Faça o quadro de pixels ter seu tamanho definido pelo usuário.",
          "fullFile": "",
          "file": "",
          "beforeHooks": [],
          "afterHooks": [],
          "tests": [
            {
              "title": "Verifica se existe um input com o id `board-size`",
              "fullTitle": "10 - Faça o quadro de pixels ter seu tamanho definido pelo usuário. Verifica se existe um input com o id `board-size`",
              "timedOut": null,
              "duration": 4993,
              "state": "failed",
              "speed": null,
              "pass": false,
              "fail": true,
              "pending": false,
              "context": null,
              "code": "cy.get('#board-size').should('be.visible');",
              "err": {
                "message": "CypressError: Timed out retrying: Expected to find element: '#board-size', but never found it.",
                "estack": "CypressError: Timed out retrying: Expected to find element: '#board-size', but never found it.\n    at cypressErr (http://localhost:46821/__cypress/runner/cypress_runner.js:149934:9)\n    at throwErr (http://localhost:46821/__cypress/runner/cypress_runner.js:149867:11)\n    at Object.throwErrByPath (http://localhost:46821/__cypress/runner/cypress_runner.js:149915:3)\n    at retry (http://localhost:46821/__cypress/runner/cypress_runner.js:144197:19)\n    at onFailFn (http://localhost:46821/__cypress/runner/cypress_runner.js:132448:16)\n    at tryCatcher (http://localhost:46821/__cypress/runner/cypress_runner.js:167415:23)\n    at Promise._settlePromiseFromHandler (http://localhost:46821/__cypress/runner/cypress_runner.js:165351:31)\n    at Promise._settlePromise (http://localhost:46821/__cypress/runner/cypress_runner.js:165408:18)\n    at Promise._settlePromise0 (http://localhost:46821/__cypress/runner/cypress_runner.js:165453:10)\n    at Promise._settlePromises (http://localhost:46821/__cypress/runner/cypress_runner.js:165528:18)\n    at Async../node_modules/bluebird/js/release/async.js.Async._drainQueue (http://localhost:46821/__cypress/runner/cypress_runner.js:162140:16)\n    at Async../node_modules/bluebird/js/release/async.js.Async._drainQueues (http://localhost:46821/__cypress/runner/cypress_runner.js:162150:10)\n    at Async.drainQueues (http://localhost:46821/__cypress/runner/cypress_runner.js:162024:14)",
                "diff": null
              },
              "uuid": "785daa4e-5d68-4e2c-b99a-dbdd57acae11",
              "parentUUID": "a01702d1-4df4-4579-a57d-3c97bfc6a4b7",
              "isHook": false,
              "skipped": false
            },
            {
              "title": "Verifica se existe um botão com o id `generate-board`",
              "fullTitle": "10 - Faça o quadro de pixels ter seu tamanho definido pelo usuário. Verifica se existe um botão com o id `generate-board`",
              "timedOut": null,
              "duration": 5011,
              "state": "failed",
              "speed": null,
              "pass": false,
              "fail": true,
              "pending": false,
              "context": null,
              "code": "cy.get('#generate-board').should('be.visible');",
              "err": {
                "message": "CypressError: Timed out retrying: Expected to find element: '#generate-board', but never found it.",
                "estack": "CypressError: Timed out retrying: Expected to find element: '#generate-board', but never found it.\n    at cypressErr (http://localhost:46821/__cypress/runner/cypress_runner.js:149934:9)\n    at throwErr (http://localhost:46821/__cypress/runner/cypress_runner.js:149867:11)\n    at Object.throwErrByPath (http://localhost:46821/__cypress/runner/cypress_runner.js:149915:3)\n    at retry (http://localhost:46821/__cypress/runner/cypress_runner.js:144197:19)\n    at onFailFn (http://localhost:46821/__cypress/runner/cypress_runner.js:132448:16)\n    at tryCatcher (http://localhost:46821/__cypress/runner/cypress_runner.js:167415:23)\n    at Promise._settlePromiseFromHandler (http://localhost:46821/__cypress/runner/cypress_runner.js:165351:31)\n    at Promise._settlePromise (http://localhost:46821/__cypress/runner/cypress_runner.js:165408:18)\n    at Promise._settlePromise0 (http://localhost:46821/__cypress/runner/cypress_runner.js:165453:10)\n    at Promise._settlePromises (http://localhost:46821/__cypress/runner/cypress_runner.js:165528:18)\n    at Async../node_modules/bluebird/js/release/async.js.Async._drainQueue (http://localhost:46821/__cypress/runner/cypress_runner.js:162140:16)\n    at Async../node_modules/bluebird/js/release/async.js.Async._drainQueues (http://localhost:46821/__cypress/runner/cypress_runner.js:162150:10)\n    at Async.drainQueues (http://localhost:46821/__cypress/runner/cypress_runner.js:162024:14)",
                "diff": null
              },
              "uuid": "35894ab8-f48a-4c91-b758-e5a13f0429b9",
              "parentUUID": "a01702d1-4df4-4579-a57d-3c97bfc6a4b7",
              "isHook": false,
              "skipped": false
            },
            {
              "title": "Verifica se o input só aceita número maiores que zero. Essa restrição deve ser feita usando os atributos do elemento `input`",
              "fullTitle": "10 - Faça o quadro de pixels ter seu tamanho definido pelo usuário. Verifica se o input só aceita número maiores que zero. Essa restrição deve ser feita usando os atributos do elemento `input`",
              "timedOut": null,
              "duration": 4950,
              "state": "failed",
              "speed": null,
              "pass": false,
              "fail": true,
              "pending": false,
              "context": null,
              "code": "cy.get('#board-size[type=\\'number\\'][min=\\'1\\']');",
              "err": {
                "message": "CypressError: Timed out retrying: Expected to find element: '#board-size[type='number'][min='1']', but never found it.",
                "estack": "CypressError: Timed out retrying: Expected to find element: '#board-size[type='number'][min='1']', but never found it.\n    at cypressErr (http://localhost:46821/__cypress/runner/cypress_runner.js:149934:9)\n    at throwErr (http://localhost:46821/__cypress/runner/cypress_runner.js:149867:11)\n    at Object.throwErrByPath (http://localhost:46821/__cypress/runner/cypress_runner.js:149915:3)\n    at retry (http://localhost:46821/__cypress/runner/cypress_runner.js:144197:19)\n    at onFailFn (http://localhost:46821/__cypress/runner/cypress_runner.js:132448:16)\n    at tryCatcher (http://localhost:46821/__cypress/runner/cypress_runner.js:167415:23)\n    at Promise._settlePromiseFromHandler (http://localhost:46821/__cypress/runner/cypress_runner.js:165351:31)\n    at Promise._settlePromise (http://localhost:46821/__cypress/runner/cypress_runner.js:165408:18)\n    at Promise._settlePromise0 (http://localhost:46821/__cypress/runner/cypress_runner.js:165453:10)\n    at Promise._settlePromises (http://localhost:46821/__cypress/runner/cypress_runner.js:165528:18)\n    at Async../node_modules/bluebird/js/release/async.js.Async._drainQueue (http://localhost:46821/__cypress/runner/cypress_runner.js:162140:16)\n    at Async../node_modules/bluebird/js/release/async.js.Async._drainQueues (http://localhost:46821/__cypress/runner/cypress_runner.js:162150:10)\n    at Async.drainQueues (http://localhost:46821/__cypress/runner/cypress_runner.js:162024:14)",
                "diff": null
              },
              "uuid": "f30b2732-b9a2-41a1-848f-86eccbcec3b9",
              "parentUUID": "a01702d1-4df4-4579-a57d-3c97bfc6a4b7",
              "isHook": false,
              "skipped": false
            },
            {
              "title": "Verifica se o botão contém o texto 'VQV'",
              "fullTitle": "10 - Faça o quadro de pixels ter seu tamanho definido pelo usuário. Verifica se o botão contém o texto 'VQV'",
              "timedOut": null,
              "duration": 4879,
              "state": "failed",
              "speed": null,
              "pass": false,
              "fail": true,
              "pending": false,
              "context": null,
              "code": "cy.get('#generate-board').contains(/vqv/i);",
              "err": {
                "message": "CypressError: Timed out retrying: Expected to find element: '#generate-board', but never found it.",
                "estack": "CypressError: Timed out retrying: Expected to find element: '#generate-board', but never found it.\n    at cypressErr (http://localhost:46821/__cypress/runner/cypress_runner.js:149934:9)\n    at throwErr (http://localhost:46821/__cypress/runner/cypress_runner.js:149867:11)\n    at Object.throwErrByPath (http://localhost:46821/__cypress/runner/cypress_runner.js:149915:3)\n    at retry (http://localhost:46821/__cypress/runner/cypress_runner.js:144197:19)\n    at onFailFn (http://localhost:46821/__cypress/runner/cypress_runner.js:132448:16)\n    at tryCatcher (http://localhost:46821/__cypress/runner/cypress_runner.js:167415:23)\n    at Promise._settlePromiseFromHandler (http://localhost:46821/__cypress/runner/cypress_runner.js:165351:31)\n    at Promise._settlePromise (http://localhost:46821/__cypress/runner/cypress_runner.js:165408:18)\n    at Promise._settlePromise0 (http://localhost:46821/__cypress/runner/cypress_runner.js:165453:10)\n    at Promise._settlePromises (http://localhost:46821/__cypress/runner/cypress_runner.js:165528:18)\n    at Async../node_modules/bluebird/js/release/async.js.Async._drainQueue (http://localhost:46821/__cypress/runner/cypress_runner.js:162140:16)\n    at Async../node_modules/bluebird/js/release/async.js.Async._drainQueues (http://localhost:46821/__cypress/runner/cypress_runner.js:162150:10)\n    at Async.drainQueues (http://localhost:46821/__cypress/runner/cypress_runner.js:162024:14)",
                "diff": null
              },
              "uuid": "f5807c8f-f35d-4e56-93e0-b5693f409065",
              "parentUUID": "a01702d1-4df4-4579-a57d-3c97bfc6a4b7",
              "isHook": false,
              "skipped": false
            },
            {
              "title": "Verifica se o input está posicionado entre a paleta de cores e o quadro de pixels",
              "fullTitle": "10 - Faça o quadro de pixels ter seu tamanho definido pelo usuário. Verifica se o input está posicionado entre a paleta de cores e o quadro de pixels",
              "timedOut": null,
              "duration": 4898,
              "state": "failed",
              "speed": null,
              "pass": false,
              "fail": true,
              "pending": false,
              "context": null,
              "code": "cy.get('#color-palette').then(function (palette) {\n  cy.get('#board-size').should('be.belowOf', palette);\n});\ncy.get('#board-size').then(function (palette) {\n  cy.get('#pixel-board').should('be.belowOf', palette);\n});",
              "err": {
                "message": "CypressError: Timed out retrying: Expected to find element: '#board-size', but never found it.",
                "estack": "CypressError: Timed out retrying: Expected to find element: '#board-size', but never found it.\n    at cypressErr (http://localhost:46821/__cypress/runner/cypress_runner.js:149934:9)\n    at throwErr (http://localhost:46821/__cypress/runner/cypress_runner.js:149867:11)\n    at Object.throwErrByPath (http://localhost:46821/__cypress/runner/cypress_runner.js:149915:3)\n    at retry (http://localhost:46821/__cypress/runner/cypress_runner.js:144197:19)\n    at onFailFn (http://localhost:46821/__cypress/runner/cypress_runner.js:132448:16)\n    at tryCatcher (http://localhost:46821/__cypress/runner/cypress_runner.js:167415:23)\n    at Promise._settlePromiseFromHandler (http://localhost:46821/__cypress/runner/cypress_runner.js:165351:31)\n    at Promise._settlePromise (http://localhost:46821/__cypress/runner/cypress_runner.js:165408:18)\n    at Promise._settlePromise0 (http://localhost:46821/__cypress/runner/cypress_runner.js:165453:10)\n    at Promise._settlePromises (http://localhost:46821/__cypress/runner/cypress_runner.js:165528:18)\n    at Async../node_modules/bluebird/js/release/async.js.Async._drainQueue (http://localhost:46821/__cypress/runner/cypress_runner.js:162140:16)\n    at Async../node_modules/bluebird/js/release/async.js.Async._drainQueues (http://localhost:46821/__cypress/runner/cypress_runner.js:162150:10)\n    at Async.drainQueues (http://localhost:46821/__cypress/runner/cypress_runner.js:162024:14)",
                "diff": null
              },
              "uuid": "f5c4e8e5-f229-45f3-91f5-7f4a8faabede",
              "parentUUID": "a01702d1-4df4-4579-a57d-3c97bfc6a4b7",
              "isHook": false,
              "skipped": false
            },
            {
              "title": "Verifica se o botão está posicionado ao lado do input",
              "fullTitle": "10 - Faça o quadro de pixels ter seu tamanho definido pelo usuário. Verifica se o botão está posicionado ao lado do input",
              "timedOut": null,
              "duration": 4830,
              "state": "failed",
              "speed": null,
              "pass": false,
              "fail": true,
              "pending": false,
              "context": null,
              "code": "cy.get('#board-size').then(function (board) {\n  cy.get('#generate-board').should('be.onTheRightOf', board);\n});",
              "err": {
                "message": "CypressError: Timed out retrying: Expected to find element: '#board-size', but never found it.",
                "estack": "CypressError: Timed out retrying: Expected to find element: '#board-size', but never found it.\n    at cypressErr (http://localhost:46821/__cypress/runner/cypress_runner.js:149934:9)\n    at throwErr (http://localhost:46821/__cypress/runner/cypress_runner.js:149867:11)\n    at Object.throwErrByPath (http://localhost:46821/__cypress/runner/cypress_runner.js:149915:3)\n    at retry (http://localhost:46821/__cypress/runner/cypress_runner.js:144197:19)\n    at onFailFn (http://localhost:46821/__cypress/runner/cypress_runner.js:132448:16)\n    at tryCatcher (http://localhost:46821/__cypress/runner/cypress_runner.js:167415:23)\n    at Promise._settlePromiseFromHandler (http://localhost:46821/__cypress/runner/cypress_runner.js:165351:31)\n    at Promise._settlePromise (http://localhost:46821/__cypress/runner/cypress_runner.js:165408:18)\n    at Promise._settlePromise0 (http://localhost:46821/__cypress/runner/cypress_runner.js:165453:10)\n    at Promise._settlePromises (http://localhost:46821/__cypress/runner/cypress_runner.js:165528:18)\n    at Async../node_modules/bluebird/js/release/async.js.Async._drainQueue (http://localhost:46821/__cypress/runner/cypress_runner.js:162140:16)\n    at Async../node_modules/bluebird/js/release/async.js.Async._drainQueues (http://localhost:46821/__cypress/runner/cypress_runner.js:162150:10)\n    at Async.drainQueues (http://localhost:46821/__cypress/runner/cypress_runner.js:162024:14)",
                "diff": null
              },
              "uuid": "43e49aa5-891b-4ed0-89b5-d9c9be10f053",
              "parentUUID": "a01702d1-4df4-4579-a57d-3c97bfc6a4b7",
              "isHook": false,
              "skipped": false
            },
            {
              "title": "Verifica se nenhum valor for colocado no input ao clicar no botão, um `alert` é exibido com o texto: 'Board inválido!'",
              "fullTitle": "10 - Faça o quadro de pixels ter seu tamanho definido pelo usuário. Verifica se nenhum valor for colocado no input ao clicar no botão, um `alert` é exibido com o texto: 'Board inválido!'",
              "timedOut": null,
              "duration": 5061,
              "state": "failed",
              "speed": null,
              "pass": false,
              "fail": true,
              "pending": false,
              "context": null,
              "code": "var alerted = false;\ncy.on('window:alert', function (msg) {\n  return alerted = msg;\n});\ncy.get('#generate-board').click().then(function () {\n  return expect(alerted).to.match(/Board inválido!/i);\n});",
              "err": {
                "message": "CypressError: Timed out retrying: Expected to find element: '#generate-board', but never found it.",
                "estack": "CypressError: Timed out retrying: Expected to find element: '#generate-board', but never found it.\n    at cypressErr (http://localhost:46821/__cypress/runner/cypress_runner.js:149934:9)\n    at throwErr (http://localhost:46821/__cypress/runner/cypress_runner.js:149867:11)\n    at Object.throwErrByPath (http://localhost:46821/__cypress/runner/cypress_runner.js:149915:3)\n    at retry (http://localhost:46821/__cypress/runner/cypress_runner.js:144197:19)\n    at onFailFn (http://localhost:46821/__cypress/runner/cypress_runner.js:132448:16)\n    at tryCatcher (http://localhost:46821/__cypress/runner/cypress_runner.js:167415:23)\n    at Promise._settlePromiseFromHandler (http://localhost:46821/__cypress/runner/cypress_runner.js:165351:31)\n    at Promise._settlePromise (http://localhost:46821/__cypress/runner/cypress_runner.js:165408:18)\n    at Promise._settlePromise0 (http://localhost:46821/__cypress/runner/cypress_runner.js:165453:10)\n    at Promise._settlePromises (http://localhost:46821/__cypress/runner/cypress_runner.js:165528:18)\n    at Async../node_modules/bluebird/js/release/async.js.Async._drainQueue (http://localhost:46821/__cypress/runner/cypress_runner.js:162140:16)\n    at Async../node_modules/bluebird/js/release/async.js.Async._drainQueues (http://localhost:46821/__cypress/runner/cypress_runner.js:162150:10)\n    at Async.drainQueues (http://localhost:46821/__cypress/runner/cypress_runner.js:162024:14)",
                "diff": null
              },
              "uuid": "64984c48-c6df-4c29-aa2f-fdb108efc04a",
              "parentUUID": "a01702d1-4df4-4579-a57d-3c97bfc6a4b7",
              "isHook": false,
              "skipped": false
            },
            {
              "title": "Verifica se ao clicar no botão com um valor preenchido, o tamanho do board muda.",
              "fullTitle": "10 - Faça o quadro de pixels ter seu tamanho definido pelo usuário. Verifica se ao clicar no botão com um valor preenchido, o tamanho do board muda.",
              "timedOut": null,
              "duration": 5070,
              "state": "failed",
              "speed": null,
              "pass": false,
              "fail": true,
              "pending": false,
              "context": null,
              "code": "cy.get('#board-size').clear().type(10);\ncy.get('#generate-board').click();\ncy.get('.pixel').should('have.length', 100);",
              "err": {
                "message": "CypressError: Timed out retrying: Expected to find element: '#board-size', but never found it.",
                "estack": "CypressError: Timed out retrying: Expected to find element: '#board-size', but never found it.\n    at cypressErr (http://localhost:46821/__cypress/runner/cypress_runner.js:149934:9)\n    at throwErr (http://localhost:46821/__cypress/runner/cypress_runner.js:149867:11)\n    at Object.throwErrByPath (http://localhost:46821/__cypress/runner/cypress_runner.js:149915:3)\n    at retry (http://localhost:46821/__cypress/runner/cypress_runner.js:144197:19)\n    at onFailFn (http://localhost:46821/__cypress/runner/cypress_runner.js:132448:16)\n    at tryCatcher (http://localhost:46821/__cypress/runner/cypress_runner.js:167415:23)\n    at Promise._settlePromiseFromHandler (http://localhost:46821/__cypress/runner/cypress_runner.js:165351:31)\n    at Promise._settlePromise (http://localhost:46821/__cypress/runner/cypress_runner.js:165408:18)\n    at Promise._settlePromise0 (http://localhost:46821/__cypress/runner/cypress_runner.js:165453:10)\n    at Promise._settlePromises (http://localhost:46821/__cypress/runner/cypress_runner.js:165528:18)\n    at Async../node_modules/bluebird/js/release/async.js.Async._drainQueue (http://localhost:46821/__cypress/runner/cypress_runner.js:162140:16)\n    at Async../node_modules/bluebird/js/release/async.js.Async._drainQueues (http://localhost:46821/__cypress/runner/cypress_runner.js:162150:10)\n    at Async.drainQueues (http://localhost:46821/__cypress/runner/cypress_runner.js:162024:14)",
                "diff": null
              },
              "uuid": "3b3399b3-95c4-44b1-99eb-bebcb409330e",
              "parentUUID": "a01702d1-4df4-4579-a57d-3c97bfc6a4b7",
              "isHook": false,
              "skipped": false
            },
            {
              "title": "Verifica se o novo quadro tem todos os pixels preenchidos com a cor branca",
              "fullTitle": "10 - Faça o quadro de pixels ter seu tamanho definido pelo usuário. Verifica se o novo quadro tem todos os pixels preenchidos com a cor branca",
              "timedOut": null,
              "duration": 5985,
              "state": "failed",
              "speed": null,
              "pass": false,
              "fail": true,
              "pending": false,
              "context": null,
              "code": "cy.get('#board-size').clear().type(6);\ncy.get('#generate-board').click();\ncy.get('.pixel').should('have.length', 36).each(function (pixel) {\n  expect(pixel).to.have.css('background-color', WHITE);\n});",
              "err": {
                "message": "CypressError: Timed out retrying: Expected to find element: '#board-size', but never found it.",
                "estack": "CypressError: Timed out retrying: Expected to find element: '#board-size', but never found it.\n    at cypressErr (http://localhost:46821/__cypress/runner/cypress_runner.js:149934:9)\n    at throwErr (http://localhost:46821/__cypress/runner/cypress_runner.js:149867:11)\n    at Object.throwErrByPath (http://localhost:46821/__cypress/runner/cypress_runner.js:149915:3)\n    at retry (http://localhost:46821/__cypress/runner/cypress_runner.js:144197:19)\n    at onFailFn (http://localhost:46821/__cypress/runner/cypress_runner.js:132448:16)\n    at tryCatcher (http://localhost:46821/__cypress/runner/cypress_runner.js:167415:23)\n    at Promise._settlePromiseFromHandler (http://localhost:46821/__cypress/runner/cypress_runner.js:165351:31)\n    at Promise._settlePromise (http://localhost:46821/__cypress/runner/cypress_runner.js:165408:18)\n    at Promise._settlePromise0 (http://localhost:46821/__cypress/runner/cypress_runner.js:165453:10)\n    at Promise._settlePromises (http://localhost:46821/__cypress/runner/cypress_runner.js:165528:18)\n    at Async../node_modules/bluebird/js/release/async.js.Async._drainQueue (http://localhost:46821/__cypress/runner/cypress_runner.js:162140:16)\n    at Async../node_modules/bluebird/js/release/async.js.Async._drainQueues (http://localhost:46821/__cypress/runner/cypress_runner.js:162150:10)\n    at Async.drainQueues (http://localhost:46821/__cypress/runner/cypress_runner.js:162024:14)",
                "diff": null
              },
              "uuid": "82b2b3eb-2a97-4fc0-b6e6-fb9e968370b0",
              "parentUUID": "a01702d1-4df4-4579-a57d-3c97bfc6a4b7",
              "isHook": false,
              "skipped": false
            }
          ],
          "suites": [],
          "passes": [],
          "failures": [
            "785daa4e-5d68-4e2c-b99a-dbdd57acae11",
            "35894ab8-f48a-4c91-b758-e5a13f0429b9",
            "f30b2732-b9a2-41a1-848f-86eccbcec3b9",
            "f5807c8f-f35d-4e56-93e0-b5693f409065",
            "f5c4e8e5-f229-45f3-91f5-7f4a8faabede",
            "43e49aa5-891b-4ed0-89b5-d9c9be10f053",
            "64984c48-c6df-4c29-aa2f-fdb108efc04a",
            "3b3399b3-95c4-44b1-99eb-bebcb409330e",
            "82b2b3eb-2a97-4fc0-b6e6-fb9e968370b0"
          ],
          "pending": [],
          "skipped": [],
          "duration": 45677,
          "root": false,
          "rootEmpty": false,
          "_timeout": 2000
        },
        {
          "uuid": "d447c114-6ff7-4d24-afee-d873c0f7572f",
          "title": "11 - Limite o tamanho mínimo e máximo do board.",
          "fullFile": "",
          "file": "",
          "beforeHooks": [],
          "afterHooks": [],
          "tests": [
            {
              "title": "Verifica se a altura máxima do board é 50",
              "fullTitle": "11 - Limite o tamanho mínimo e máximo do board. Verifica se a altura máxima do board é 50",
              "timedOut": null,
              "duration": 5035,
              "state": "failed",
              "speed": null,
              "pass": false,
              "fail": true,
              "pending": false,
              "context": null,
              "code": "cy.get('#board-size').clear().type(50);\ncy.get('#generate-board').click();\ncy.get('.pixel').should('have.length', 2500);",
              "err": {
                "message": "CypressError: Timed out retrying: Expected to find element: '#board-size', but never found it.",
                "estack": "CypressError: Timed out retrying: Expected to find element: '#board-size', but never found it.\n    at cypressErr (http://localhost:46821/__cypress/runner/cypress_runner.js:149934:9)\n    at throwErr (http://localhost:46821/__cypress/runner/cypress_runner.js:149867:11)\n    at Object.throwErrByPath (http://localhost:46821/__cypress/runner/cypress_runner.js:149915:3)\n    at retry (http://localhost:46821/__cypress/runner/cypress_runner.js:144197:19)\n    at onFailFn (http://localhost:46821/__cypress/runner/cypress_runner.js:132448:16)\n    at tryCatcher (http://localhost:46821/__cypress/runner/cypress_runner.js:167415:23)\n    at Promise._settlePromiseFromHandler (http://localhost:46821/__cypress/runner/cypress_runner.js:165351:31)\n    at Promise._settlePromise (http://localhost:46821/__cypress/runner/cypress_runner.js:165408:18)\n    at Promise._settlePromise0 (http://localhost:46821/__cypress/runner/cypress_runner.js:165453:10)\n    at Promise._settlePromises (http://localhost:46821/__cypress/runner/cypress_runner.js:165528:18)\n    at Async../node_modules/bluebird/js/release/async.js.Async._drainQueue (http://localhost:46821/__cypress/runner/cypress_runner.js:162140:16)\n    at Async../node_modules/bluebird/js/release/async.js.Async._drainQueues (http://localhost:46821/__cypress/runner/cypress_runner.js:162150:10)\n    at Async.drainQueues (http://localhost:46821/__cypress/runner/cypress_runner.js:162024:14)",
                "diff": null
              },
              "uuid": "8c929136-9117-42b0-a4fa-a6ab44208043",
              "parentUUID": "d447c114-6ff7-4d24-afee-d873c0f7572f",
              "isHook": false,
              "skipped": false
            },
            {
              "title": "Verifica se a altura do board é 5 quando um valor menor é colocado no input",
              "fullTitle": "11 - Limite o tamanho mínimo e máximo do board. Verifica se a altura do board é 5 quando um valor menor é colocado no input",
              "timedOut": null,
              "duration": 5547,
              "state": "failed",
              "speed": null,
              "pass": false,
              "fail": true,
              "pending": false,
              "context": null,
              "code": "cy.get('#board-size').clear().type(4);\ncy.get('#generate-board').click();\ncy.get('.pixel').should('have.length', 25);",
              "err": {
                "message": "CypressError: Timed out retrying: Expected to find element: '#board-size', but never found it.",
                "estack": "CypressError: Timed out retrying: Expected to find element: '#board-size', but never found it.\n    at cypressErr (http://localhost:46821/__cypress/runner/cypress_runner.js:149934:9)\n    at throwErr (http://localhost:46821/__cypress/runner/cypress_runner.js:149867:11)\n    at Object.throwErrByPath (http://localhost:46821/__cypress/runner/cypress_runner.js:149915:3)\n    at retry (http://localhost:46821/__cypress/runner/cypress_runner.js:144197:19)\n    at onFailFn (http://localhost:46821/__cypress/runner/cypress_runner.js:132448:16)\n    at tryCatcher (http://localhost:46821/__cypress/runner/cypress_runner.js:167415:23)\n    at Promise._settlePromiseFromHandler (http://localhost:46821/__cypress/runner/cypress_runner.js:165351:31)\n    at Promise._settlePromise (http://localhost:46821/__cypress/runner/cypress_runner.js:165408:18)\n    at Promise._settlePromise0 (http://localhost:46821/__cypress/runner/cypress_runner.js:165453:10)\n    at Promise._settlePromises (http://localhost:46821/__cypress/runner/cypress_runner.js:165528:18)\n    at Async../node_modules/bluebird/js/release/async.js.Async._drainQueue (http://localhost:46821/__cypress/runner/cypress_runner.js:162140:16)\n    at Async../node_modules/bluebird/js/release/async.js.Async._drainQueues (http://localhost:46821/__cypress/runner/cypress_runner.js:162150:10)\n    at Async.drainQueues (http://localhost:46821/__cypress/runner/cypress_runner.js:162024:14)",
                "diff": null
              },
              "uuid": "6e371dec-9502-4c9e-85d6-d526e9082e6a",
              "parentUUID": "d447c114-6ff7-4d24-afee-d873c0f7572f",
              "isHook": false,
              "skipped": false
            },
            {
              "title": "Verifica se a altura do board é 50 quando um valor maior é colocado no input",
              "fullTitle": "11 - Limite o tamanho mínimo e máximo do board. Verifica se a altura do board é 50 quando um valor maior é colocado no input",
              "timedOut": null,
              "duration": 5497,
              "state": "failed",
              "speed": null,
              "pass": false,
              "fail": true,
              "pending": false,
              "context": null,
              "code": "cy.get('#board-size').clear().type(51);\ncy.get('#generate-board').click();\ncy.get('.pixel').should('have.length', 2500);",
              "err": {
                "message": "CypressError: Timed out retrying: Expected to find element: '#board-size', but never found it.",
                "estack": "CypressError: Timed out retrying: Expected to find element: '#board-size', but never found it.\n    at cypressErr (http://localhost:46821/__cypress/runner/cypress_runner.js:149934:9)\n    at throwErr (http://localhost:46821/__cypress/runner/cypress_runner.js:149867:11)\n    at Object.throwErrByPath (http://localhost:46821/__cypress/runner/cypress_runner.js:149915:3)\n    at retry (http://localhost:46821/__cypress/runner/cypress_runner.js:144197:19)\n    at onFailFn (http://localhost:46821/__cypress/runner/cypress_runner.js:132448:16)\n    at tryCatcher (http://localhost:46821/__cypress/runner/cypress_runner.js:167415:23)\n    at Promise._settlePromiseFromHandler (http://localhost:46821/__cypress/runner/cypress_runner.js:165351:31)\n    at Promise._settlePromise (http://localhost:46821/__cypress/runner/cypress_runner.js:165408:18)\n    at Promise._settlePromise0 (http://localhost:46821/__cypress/runner/cypress_runner.js:165453:10)\n    at Promise._settlePromises (http://localhost:46821/__cypress/runner/cypress_runner.js:165528:18)\n    at Async../node_modules/bluebird/js/release/async.js.Async._drainQueue (http://localhost:46821/__cypress/runner/cypress_runner.js:162140:16)\n    at Async../node_modules/bluebird/js/release/async.js.Async._drainQueues (http://localhost:46821/__cypress/runner/cypress_runner.js:162150:10)\n    at Async.drainQueues (http://localhost:46821/__cypress/runner/cypress_runner.js:162024:14)",
                "diff": null
              },
              "uuid": "6adff31a-7fa7-4f40-b026-1fe29e88b978",
              "parentUUID": "d447c114-6ff7-4d24-afee-d873c0f7572f",
              "isHook": false,
              "skipped": false
            }
          ],
          "suites": [],
          "passes": [],
          "failures": [
            "8c929136-9117-42b0-a4fa-a6ab44208043",
            "6e371dec-9502-4c9e-85d6-d526e9082e6a",
            "6adff31a-7fa7-4f40-b026-1fe29e88b978"
          ],
          "pending": [],
          "skipped": [],
          "duration": 16079,
          "root": false,
          "rootEmpty": false,
          "_timeout": 2000
        },
        {
          "uuid": "f1ab4890-5a29-4b6d-ad2e-57a127f988bd",
          "title": "12 - Faça com que as cores da paleta sejam geradas aleatoriamente ao carregar a página.",
          "fullFile": "",
          "file": "",
          "beforeHooks": [],
          "afterHooks": [],
          "tests": [
            {
              "title": "Verifica se as cores geradas na paleta são diferentes a cada carregamento da página",
              "fullTitle": "12 - Faça com que as cores da paleta sejam geradas aleatoriamente ao carregar a página. Verifica se as cores geradas na paleta são diferentes a cada carregamento da página",
              "timedOut": null,
              "duration": 1659,
              "state": "failed",
              "speed": null,
              "pass": false,
              "fail": true,
              "pending": false,
              "context": null,
              "code": "cy.get('.color').then(function (colors) {\n  var currentColors;\n  var previousColors;\n  previousColors = Array.from(colors).map(function (color) {\n    return Cypress.$(color).css('background-color');\n  });\n  for (var i = 0; i < 5; i += 1) {\n    cy.reload();\n    cy.get('.color').then(function (colors) {\n      currentColors = Array.from(colors).map(function (color) {\n        return Cypress.$(color).css('background-color');\n      });\n      expect(currentColors).not.to.deep.equal(previousColors);\n      previousColors = currentColors;\n    });\n  }\n});",
              "err": {
                "message": "AssertionError: expected [ Array(4) ] to not deeply equal [ Array(4) ]",
                "estack": "AssertionError: expected [ Array(4) ] to not deeply equal [ Array(4) ]\n    at getRet (http://localhost:46821/__cypress/runner/cypress_runner.js:136585:16)\n    at tryCatcher (http://localhost:46821/__cypress/runner/cypress_runner.js:167415:23)\n    at Function.Promise.attempt.Promise.try (http://localhost:46821/__cypress/runner/cypress_runner.js:164690:29)\n    at Context.thenFn (http://localhost:46821/__cypress/runner/cypress_runner.js:136599:23)\n    at Context.then (http://localhost:46821/__cypress/runner/cypress_runner.js:136971:21)\n    at Context.<anonymous> (http://localhost:46821/__cypress/runner/cypress_runner.js:148875:21)\n    at http://localhost:46821/__cypress/runner/cypress_runner.js:148351:33\n    at tryCatcher (http://localhost:46821/__cypress/runner/cypress_runner.js:167415:23)\n    at Promise._settlePromiseFromHandler (http://localhost:46821/__cypress/runner/cypress_runner.js:165351:31)\n    at Promise._settlePromise (http://localhost:46821/__cypress/runner/cypress_runner.js:165408:18)\n    at Promise._settlePromiseCtx (http://localhost:46821/__cypress/runner/cypress_runner.js:165445:10)\n    at Async../node_modules/bluebird/js/release/async.js.Async._drainQueue (http://localhost:46821/__cypress/runner/cypress_runner.js:162145:12)\n    at Async../node_modules/bluebird/js/release/async.js.Async._drainQueues (http://localhost:46821/__cypress/runner/cypress_runner.js:162150:10)\n    at Async.drainQueues (http://localhost:46821/__cypress/runner/cypress_runner.js:162024:14)",
                "diff": ""
              },
              "uuid": "96066b01-0f74-4306-a8d5-7a57327b4cae",
              "parentUUID": "f1ab4890-5a29-4b6d-ad2e-57a127f988bd",
              "isHook": false,
              "skipped": false
            },
            {
              "title": "Verifica se a cor preta ainda está presente e é a primeira na sua paleta de cores",
              "fullTitle": "12 - Faça com que as cores da paleta sejam geradas aleatoriamente ao carregar a página. Verifica se a cor preta ainda está presente e é a primeira na sua paleta de cores",
              "timedOut": null,
              "duration": 1179,
              "state": "failed",
              "speed": null,
              "pass": false,
              "fail": true,
              "pending": false,
              "context": null,
              "code": "cy.get('.color').then(function (colors) {\n  var currentColors;\n  var previousColors;\n  previousColors = Array.from(colors).map(function (color) {\n    return Cypress.$(color).css('background-color');\n  });\n  expect(previousColors[0]).to.eq(BLACK);\n  for (var i = 0; i < 5; i += 1) {\n    cy.reload();\n    cy.get('.color').then(function (colors) {\n      currentColors = Array.from(colors).map(function (color) {\n        return Cypress.$(color).css('background-color');\n      });\n      expect(currentColors[0]).to.eq(BLACK);\n      expect(currentColors).not.to.deep.equal(previousColors);\n      previousColors = currentColors;\n    });\n  }\n});",
              "err": {
                "message": "AssertionError: expected [ Array(4) ] to not deeply equal [ Array(4) ]",
                "estack": "AssertionError: expected [ Array(4) ] to not deeply equal [ Array(4) ]\n    at getRet (http://localhost:46821/__cypress/runner/cypress_runner.js:136585:16)\n    at tryCatcher (http://localhost:46821/__cypress/runner/cypress_runner.js:167415:23)\n    at Function.Promise.attempt.Promise.try (http://localhost:46821/__cypress/runner/cypress_runner.js:164690:29)\n    at Context.thenFn (http://localhost:46821/__cypress/runner/cypress_runner.js:136599:23)\n    at Context.then (http://localhost:46821/__cypress/runner/cypress_runner.js:136971:21)\n    at Context.<anonymous> (http://localhost:46821/__cypress/runner/cypress_runner.js:148875:21)\n    at http://localhost:46821/__cypress/runner/cypress_runner.js:148351:33\n    at tryCatcher (http://localhost:46821/__cypress/runner/cypress_runner.js:167415:23)\n    at Promise._settlePromiseFromHandler (http://localhost:46821/__cypress/runner/cypress_runner.js:165351:31)\n    at Promise._settlePromise (http://localhost:46821/__cypress/runner/cypress_runner.js:165408:18)\n    at Promise._settlePromiseCtx (http://localhost:46821/__cypress/runner/cypress_runner.js:165445:10)\n    at Async../node_modules/bluebird/js/release/async.js.Async._drainQueue (http://localhost:46821/__cypress/runner/cypress_runner.js:162145:12)\n    at Async../node_modules/bluebird/js/release/async.js.Async._drainQueues (http://localhost:46821/__cypress/runner/cypress_runner.js:162150:10)\n    at Async.drainQueues (http://localhost:46821/__cypress/runner/cypress_runner.js:162024:14)",
                "diff": ""
              },
              "uuid": "c2975ece-a973-4393-909c-07ec01460fa4",
              "parentUUID": "f1ab4890-5a29-4b6d-ad2e-57a127f988bd",
              "isHook": false,
              "skipped": false
            }
          ],
          "suites": [],
          "passes": [],
          "failures": [
            "96066b01-0f74-4306-a8d5-7a57327b4cae",
            "c2975ece-a973-4393-909c-07ec01460fa4"
          ],
          "pending": [],
          "skipped": [],
          "duration": 2838,
          "root": false,
          "rootEmpty": false,
          "_timeout": 2000
        }
      ],
      "passes": [],
      "failures": [],
      "pending": [],
      "skipped": [],
      "duration": 0,
      "root": true,
      "rootEmpty": true,
      "_timeout": 2000
    }
  ],
  "meta": {
    "mocha": {
      "version": "7.0.1"
    },
    "mochawesome": {
      "options": {
        "quiet": false,
        "reportFilename": "mochawesome",
        "saveHtml": false,
        "saveJson": true,
        "consoleReporter": "spec",
        "useInlineDiffs": false
      },
      "version": "4.1.0"
    },
    "marge": {
      "options": {
        "id": "default",
        "reportDir": "cypress/reports",
        "overwrite": true,
        "html": false,
        "json": true
      },
      "version": "4.1.0"
    }
  }
}