{
  "stats": {
    "suites": 12,
    "tests": 41,
    "passes": 23,
    "pending": 0,
    "failures": 18,
    "start": "2021-08-13T21:41:34.354Z",
    "end": "2021-08-13T21:43:24.829Z",
    "duration": 110475,
    "testsRegistered": 41,
    "passPercent": 56.09756097560976,
    "pendingPercent": 0,
    "other": 0,
    "hasOther": false,
    "skipped": 0,
    "hasSkipped": false
  },
  "results": [
    {
      "uuid": "38ecfd03-1054-4348-bbe9-e40806c663f5",
      "title": "",
      "fullFile": "cypress/integration/project.spec.js",
      "file": "cypress/integration/project.spec.js",
      "beforeHooks": [],
      "afterHooks": [],
      "tests": [],
      "suites": [
        {
          "uuid": "cf6b00c7-bf82-4025-ab4d-4063f2b9b80a",
          "title": "1 - Adicione à página o título \"Paleta de Cores\".",
          "fullFile": "",
          "file": "",
          "beforeHooks": [],
          "afterHooks": [],
          "tests": [
            {
              "title": "Verifica se contém um elemento `h1` com o id `title` com o título correto",
              "fullTitle": "1 - Adicione à página o título \"Paleta de Cores\". Verifica se contém um elemento `h1` com o id `title` com o título correto",
              "timedOut": null,
              "duration": 766,
              "state": "passed",
              "speed": "slow",
              "pass": true,
              "fail": false,
              "pending": false,
              "context": null,
              "code": "cy.get('h1#title').should('contain.text', 'Paleta de Cores');",
              "err": {},
              "uuid": "44153ba9-8163-44bd-8c30-a1be31cd7eaf",
              "parentUUID": "cf6b00c7-bf82-4025-ab4d-4063f2b9b80a",
              "isHook": false,
              "skipped": false
            }
          ],
          "suites": [],
          "passes": [
            "44153ba9-8163-44bd-8c30-a1be31cd7eaf"
          ],
          "failures": [],
          "pending": [],
          "skipped": [],
          "duration": 766,
          "root": false,
          "rootEmpty": false,
          "_timeout": 2000
        },
        {
          "uuid": "7a173da0-348a-43b3-b592-f98fb272a1cd",
          "title": "2 - Adicione à página uma paleta de quatro cores distintas.",
          "fullFile": "",
          "file": "",
          "beforeHooks": [],
          "afterHooks": [],
          "tests": [
            {
              "title": "A paleta de cores deve ser um elemento com `id` denominado `color-palette`",
              "fullTitle": "2 - Adicione à página uma paleta de quatro cores distintas. A paleta de cores deve ser um elemento com `id` denominado `color-palette`",
              "timedOut": null,
              "duration": 545,
              "state": "passed",
              "speed": "slow",
              "pass": true,
              "fail": false,
              "pending": false,
              "context": null,
              "code": "cy.get('#color-palette').should('be.visible');",
              "err": {},
              "uuid": "16c9dd09-0f86-4551-bfa5-48beeaf19b83",
              "parentUUID": "7a173da0-348a-43b3-b592-f98fb272a1cd",
              "isHook": false,
              "skipped": false
            },
            {
              "title": "Verifica se cada cor individual da paleta de cores possui a `classe` chamada `color`.",
              "fullTitle": "2 - Adicione à página uma paleta de quatro cores distintas. Verifica se cada cor individual da paleta de cores possui a `classe` chamada `color`.",
              "timedOut": null,
              "duration": 598,
              "state": "passed",
              "speed": "slow",
              "pass": true,
              "fail": false,
              "pending": false,
              "context": null,
              "code": "cy.get('.color').should('have.length', 4).then(function (colors) {\n  for (var i = 0; i < colors.length; i++) {\n    cy.wrap(colors[i]).should('be.visible');\n  }\n});",
              "err": {},
              "uuid": "af589c41-8f51-43bf-8794-383e2688bfac",
              "parentUUID": "7a173da0-348a-43b3-b592-f98fb272a1cd",
              "isHook": false,
              "skipped": false
            },
            {
              "title": "Verifica se a cor de fundo de cada elemento da paleta é a cor que o elemento representa. **A única cor não permitida na paleta é a cor branca.**",
              "fullTitle": "2 - Adicione à página uma paleta de quatro cores distintas. Verifica se a cor de fundo de cada elemento da paleta é a cor que o elemento representa. **A única cor não permitida na paleta é a cor branca.**",
              "timedOut": null,
              "duration": 500,
              "state": "passed",
              "speed": "slow",
              "pass": true,
              "fail": false,
              "pending": false,
              "context": null,
              "code": "cy.get('.color').each(function (color) {\n  cy.wrap(color).should('have.class', 'color').and('not.have.css', 'background-color', WHITE);\n  cy.wrap(color).should('have.css', 'background-color');\n});",
              "err": {},
              "uuid": "59b42b8a-c2e4-432f-9ecb-ac5949716f05",
              "parentUUID": "7a173da0-348a-43b3-b592-f98fb272a1cd",
              "isHook": false,
              "skipped": false
            },
            {
              "title": "Verifica se cada elemento da paleta de cores tem uma borda preta, sólida e com 1 pixel de largura;",
              "fullTitle": "2 - Adicione à página uma paleta de quatro cores distintas. Verifica se cada elemento da paleta de cores tem uma borda preta, sólida e com 1 pixel de largura;",
              "timedOut": null,
              "duration": 271,
              "state": "passed",
              "speed": "slow",
              "pass": true,
              "fail": false,
              "pending": false,
              "context": null,
              "code": "cy.get('.color').each(function (color) {\n  cy.wrap(color).and('have.css', 'border', \"1px solid \".concat(BLACK)).and('have.class', 'color');\n});",
              "err": {},
              "uuid": "a197f26e-28ff-480c-afbb-4a45b5d39522",
              "parentUUID": "7a173da0-348a-43b3-b592-f98fb272a1cd",
              "isHook": false,
              "skipped": false
            },
            {
              "title": "Verifica se a paleta lista todas as cores disponíveis para utilização, lado a lado.",
              "fullTitle": "2 - Adicione à página uma paleta de quatro cores distintas. Verifica se a paleta lista todas as cores disponíveis para utilização, lado a lado.",
              "timedOut": null,
              "duration": 311,
              "state": "passed",
              "speed": "slow",
              "pass": true,
              "fail": false,
              "pending": false,
              "context": null,
              "code": "cy.get('.color').then(function (colors) {\n  for (var index = 1; index < colors.length; index += 1) {\n    var currentColor = colors[index];\n    var previousColor = colors[index - 1];\n    cy.wrap(currentColor).should('be.onTheRightOf', previousColor).and('be.horizontallyAlignedWith', previousColor);\n  }\n});",
              "err": {},
              "uuid": "2a33e51a-8032-4fd0-a3dc-076b9f387bec",
              "parentUUID": "7a173da0-348a-43b3-b592-f98fb272a1cd",
              "isHook": false,
              "skipped": false
            },
            {
              "title": "Verifica se a paleta de cores está posicionada abaixo do título 'Paleta de Cores'",
              "fullTitle": "2 - Adicione à página uma paleta de quatro cores distintas. Verifica se a paleta de cores está posicionada abaixo do título 'Paleta de Cores'",
              "timedOut": null,
              "duration": 431,
              "state": "passed",
              "speed": "slow",
              "pass": true,
              "fail": false,
              "pending": false,
              "context": null,
              "code": "cy.get('h1#title').then(function (title) {\n  cy.get('#color-palette').should('be.belowOf', title);\n});",
              "err": {},
              "uuid": "9ac84120-a005-45cd-973f-6b02f6502f07",
              "parentUUID": "7a173da0-348a-43b3-b592-f98fb272a1cd",
              "isHook": false,
              "skipped": false
            },
            {
              "title": "Verifica se a paleta de cores não contém cores repetidas.",
              "fullTitle": "2 - Adicione à página uma paleta de quatro cores distintas. Verifica se a paleta de cores não contém cores repetidas.",
              "timedOut": null,
              "duration": 287,
              "state": "passed",
              "speed": "slow",
              "pass": true,
              "fail": false,
              "pending": false,
              "context": null,
              "code": "cy.get('.color').then(function (colors) {\n  var allColors = Array.from(colors).map(function (color) {\n    return Cypress.$(color).css('background-color');\n  });\n  cy.log(allColors);\n  var uniqColors = (0, _toConsumableArray2[\"default\"])(new Set(allColors));\n  cy.log(uniqColors);\n  expect(allColors.length).to.eq(uniqColors.length);\n});",
              "err": {},
              "uuid": "fc79a524-6180-42db-a967-e072fa86cab3",
              "parentUUID": "7a173da0-348a-43b3-b592-f98fb272a1cd",
              "isHook": false,
              "skipped": false
            }
          ],
          "suites": [],
          "passes": [
            "16c9dd09-0f86-4551-bfa5-48beeaf19b83",
            "af589c41-8f51-43bf-8794-383e2688bfac",
            "59b42b8a-c2e4-432f-9ecb-ac5949716f05",
            "a197f26e-28ff-480c-afbb-4a45b5d39522",
            "2a33e51a-8032-4fd0-a3dc-076b9f387bec",
            "9ac84120-a005-45cd-973f-6b02f6502f07",
            "fc79a524-6180-42db-a967-e072fa86cab3"
          ],
          "failures": [],
          "pending": [],
          "skipped": [],
          "duration": 2943,
          "root": false,
          "rootEmpty": false,
          "_timeout": 2000
        },
        {
          "uuid": "27d6353d-c21c-48cc-83c6-3a9db0991c4f",
          "title": "3 - Adicione a cor **preta** como a primeira cor da paleta de cores.",
          "fullFile": "",
          "file": "",
          "beforeHooks": [],
          "afterHooks": [],
          "tests": [
            {
              "title": "Verifica se a primeira cor da paleta é preta",
              "fullTitle": "3 - Adicione a cor **preta** como a primeira cor da paleta de cores. Verifica se a primeira cor da paleta é preta",
              "timedOut": null,
              "duration": 836,
              "state": "passed",
              "speed": "slow",
              "pass": true,
              "fail": false,
              "pending": false,
              "context": null,
              "code": "cy.get('.color').first().should('have.css', 'background-color', BLACK);",
              "err": {},
              "uuid": "c57d8922-45a8-4265-a6aa-6d11136d2d44",
              "parentUUID": "27d6353d-c21c-48cc-83c6-3a9db0991c4f",
              "isHook": false,
              "skipped": false
            },
            {
              "title": "Verifica se as demais cores podem ser escolhidas livremente.",
              "fullTitle": "3 - Adicione a cor **preta** como a primeira cor da paleta de cores. Verifica se as demais cores podem ser escolhidas livremente.",
              "timedOut": null,
              "duration": 1254,
              "state": "passed",
              "speed": "slow",
              "pass": true,
              "fail": false,
              "pending": false,
              "context": null,
              "code": "cy.get('.color').eq(1).should('not.have.css', 'background-color', BLACK);\ncy.get('.color').eq(1).should('not.have.css', 'background-color', WHITE);\ncy.get('.color').eq(1).should('not.have.css', 'background-color', 'rgba(0, 0, 0, 0)');\ncy.get('.color').eq(1).should('have.css', 'background-color');\ncy.get('.color').eq(2).should('not.have.css', 'background-color', BLACK);\ncy.get('.color').eq(2).should('not.have.css', 'background-color', WHITE);\ncy.get('.color').eq(2).should('not.have.css', 'background-color', 'rgba(0, 0, 0, 0)');\ncy.get('.color').eq(2).should('have.css', 'background-color');\ncy.get('.color').eq(3).should('not.have.css', 'background-color', BLACK);\ncy.get('.color').eq(3).should('not.have.css', 'background-color', WHITE);\ncy.get('.color').eq(3).should('not.have.css', 'background-color', 'rgba(0, 0, 0, 0)');\ncy.get('.color').eq(3).should('have.css', 'background-color');",
              "err": {},
              "uuid": "0e8ec042-f4f1-4c1d-bda2-fd9556413936",
              "parentUUID": "27d6353d-c21c-48cc-83c6-3a9db0991c4f",
              "isHook": false,
              "skipped": false
            }
          ],
          "suites": [],
          "passes": [
            "c57d8922-45a8-4265-a6aa-6d11136d2d44",
            "0e8ec042-f4f1-4c1d-bda2-fd9556413936"
          ],
          "failures": [],
          "pending": [],
          "skipped": [],
          "duration": 2090,
          "root": false,
          "rootEmpty": false,
          "_timeout": 2000
        },
        {
          "uuid": "3b16aabf-efdd-4c2a-b83e-f48b369b98f6",
          "title": "4 - Adicione à página um quadro de pixels, com 25 pixels.",
          "fullFile": "",
          "file": "",
          "beforeHooks": [],
          "afterHooks": [],
          "tests": [
            {
              "title": "Verifica se o quadro de pixels possui o `id` denominado `pixel-board`",
              "fullTitle": "4 - Adicione à página um quadro de pixels, com 25 pixels. Verifica se o quadro de pixels possui o `id` denominado `pixel-board`",
              "timedOut": null,
              "duration": 425,
              "state": "passed",
              "speed": "slow",
              "pass": true,
              "fail": false,
              "pending": false,
              "context": null,
              "code": "cy.get('#pixel-board').should('be.visible');",
              "err": {},
              "uuid": "eb79ddd6-0087-4061-a901-864b78610592",
              "parentUUID": "3b16aabf-efdd-4c2a-b83e-f48b369b98f6",
              "isHook": false,
              "skipped": false
            },
            {
              "title": "Verifica se cada pixel individual dentro do quadro possui a `classe` denominada `pixel`.",
              "fullTitle": "4 - Adicione à página um quadro de pixels, com 25 pixels. Verifica se cada pixel individual dentro do quadro possui a `classe` denominada `pixel`.",
              "timedOut": null,
              "duration": 442,
              "state": "passed",
              "speed": "slow",
              "pass": true,
              "fail": false,
              "pending": false,
              "context": null,
              "code": "cy.get('.pixel').should('have.length', 25);",
              "err": {},
              "uuid": "a5dd6b6f-581d-4d15-b1b8-46c9b8956c17",
              "parentUUID": "3b16aabf-efdd-4c2a-b83e-f48b369b98f6",
              "isHook": false,
              "skipped": false
            },
            {
              "title": "Verifica se a cor inicial dos pixels dentro do quadro, ao abrir a página, é branca.",
              "fullTitle": "4 - Adicione à página um quadro de pixels, com 25 pixels. Verifica se a cor inicial dos pixels dentro do quadro, ao abrir a página, é branca.",
              "timedOut": null,
              "duration": 543,
              "state": "passed",
              "speed": "slow",
              "pass": true,
              "fail": false,
              "pending": false,
              "context": null,
              "code": "cy.get('.pixel').should('have.length', 25).each(function (pixel) {\n  expect(pixel).to.have.css('background-color', WHITE);\n});",
              "err": {},
              "uuid": "c2731120-3e66-48bd-a54f-8825bd4d706b",
              "parentUUID": "3b16aabf-efdd-4c2a-b83e-f48b369b98f6",
              "isHook": false,
              "skipped": false
            },
            {
              "title": "Verifica se o quadro de pixels aparece abaixo da paleta de cores",
              "fullTitle": "4 - Adicione à página um quadro de pixels, com 25 pixels. Verifica se o quadro de pixels aparece abaixo da paleta de cores",
              "timedOut": null,
              "duration": 215,
              "state": "passed",
              "speed": "slow",
              "pass": true,
              "fail": false,
              "pending": false,
              "context": null,
              "code": "cy.get('#color-palette').then(function (palette) {\n  cy.get('#pixel-board').should('be.belowOf', palette);\n});",
              "err": {},
              "uuid": "5696b5f0-3d69-4f3f-959e-cd0634bfa18d",
              "parentUUID": "3b16aabf-efdd-4c2a-b83e-f48b369b98f6",
              "isHook": false,
              "skipped": false
            }
          ],
          "suites": [],
          "passes": [
            "eb79ddd6-0087-4061-a901-864b78610592",
            "a5dd6b6f-581d-4d15-b1b8-46c9b8956c17",
            "c2731120-3e66-48bd-a54f-8825bd4d706b",
            "5696b5f0-3d69-4f3f-959e-cd0634bfa18d"
          ],
          "failures": [],
          "pending": [],
          "skipped": [],
          "duration": 1625,
          "root": false,
          "rootEmpty": false,
          "_timeout": 2000
        },
        {
          "uuid": "450dfc63-0454-48bb-a349-2587d4abcf4f",
          "title": "5 - Faça com que cada elemento do quadro de pixels possua 40 pixels de largura, 40 pixels de altura e seja delimitado por uma borda preta de 1 pixel.",
          "fullFile": "",
          "file": "",
          "beforeHooks": [],
          "afterHooks": [],
          "tests": [
            {
              "title": "Verifica se o quadro de pixels tem altura e comprimento de 5 elementos",
              "fullTitle": "5 - Faça com que cada elemento do quadro de pixels possua 40 pixels de largura, 40 pixels de altura e seja delimitado por uma borda preta de 1 pixel. Verifica se o quadro de pixels tem altura e comprimento de 5 elementos",
              "timedOut": null,
              "duration": 500,
              "state": "passed",
              "speed": "slow",
              "pass": true,
              "fail": false,
              "pending": false,
              "context": null,
              "code": "cy.get('.pixel').should('have.length', 25).each(function (pixel) {\n  expect(pixel).to.have.css('background-color', WHITE);\n}).and(function (pixels) {\n  var rows = chunk(pixels, 5);\n  rows.forEach(function (row) {\n    for (var index = 1; index < row.length; index += 1) {\n      var current = pixels[index];\n      var previous = pixels[index - 1];\n      cy.wrap(current).should('be.onTheRightOf', previous).and('be.horizontallyAlignedWith', previous);\n    }\n  });\n  for (var index = 1; index < 5; index += 1) {\n    expect(pixels[index * 5]).to.be.belowOf(pixels[(index - 1) * 5]);\n  }\n});",
              "err": {},
              "uuid": "56d13afa-4d17-436a-af6a-7598f6e6cfcb",
              "parentUUID": "450dfc63-0454-48bb-a349-2587d4abcf4f",
              "isHook": false,
              "skipped": false
            },
            {
              "title": "Verifica se 40 pixels é o tamanho total do elemento, incluindo seu conteúdo e excluindo a borda preta, que deve ser criada à parte.",
              "fullTitle": "5 - Faça com que cada elemento do quadro de pixels possua 40 pixels de largura, 40 pixels de altura e seja delimitado por uma borda preta de 1 pixel. Verifica se 40 pixels é o tamanho total do elemento, incluindo seu conteúdo e excluindo a borda preta, que deve ser criada à parte.",
              "timedOut": null,
              "duration": 798,
              "state": "passed",
              "speed": "slow",
              "pass": true,
              "fail": false,
              "pending": false,
              "context": null,
              "code": "cy.get('.pixel').each(function (pixel) {\n  cy.wrap(pixel).should('have.css', 'height', '40px').and('have.css', 'width', '40px').and('have.css', 'border', \"1px solid \".concat(BLACK));\n});",
              "err": {},
              "uuid": "3095f761-b2cb-41cc-8ed2-efdda4d2da6f",
              "parentUUID": "450dfc63-0454-48bb-a349-2587d4abcf4f",
              "isHook": false,
              "skipped": false
            }
          ],
          "suites": [],
          "passes": [
            "56d13afa-4d17-436a-af6a-7598f6e6cfcb",
            "3095f761-b2cb-41cc-8ed2-efdda4d2da6f"
          ],
          "failures": [],
          "pending": [],
          "skipped": [],
          "duration": 1298,
          "root": false,
          "rootEmpty": false,
          "_timeout": 2000
        },
        {
          "uuid": "b32b2c91-9554-471b-a8b0-ba4b90bebbb3",
          "title": "6 - Defina a cor preta como cor inicial. Ao carregar a página a cor preta já deve estar selecionada para pintar os pixels",
          "fullFile": "",
          "file": "",
          "beforeHooks": [],
          "afterHooks": [],
          "tests": [
            {
              "title": "Verifica se o elemento da cor preta possui, inicialmente, a `classe` `selected`",
              "fullTitle": "6 - Defina a cor preta como cor inicial. Ao carregar a página a cor preta já deve estar selecionada para pintar os pixels Verifica se o elemento da cor preta possui, inicialmente, a `classe` `selected`",
              "timedOut": null,
              "duration": 332,
              "state": "passed",
              "speed": "slow",
              "pass": true,
              "fail": false,
              "pending": false,
              "context": null,
              "code": "cy.get('.selected').first().should('have.css', 'background-color', BLACK);",
              "err": {},
              "uuid": "f5b56f04-baa2-4a06-92ca-7a0d4456fbdd",
              "parentUUID": "b32b2c91-9554-471b-a8b0-ba4b90bebbb3",
              "isHook": false,
              "skipped": false
            },
            {
              "title": "Verifica se nenhuma outra cor da paleta tem a `classe` `selected`",
              "fullTitle": "6 - Defina a cor preta como cor inicial. Ao carregar a página a cor preta já deve estar selecionada para pintar os pixels Verifica se nenhuma outra cor da paleta tem a `classe` `selected`",
              "timedOut": null,
              "duration": 233,
              "state": "passed",
              "speed": "slow",
              "pass": true,
              "fail": false,
              "pending": false,
              "context": null,
              "code": "cy.get('.color:not(:first-child)').each(function (color) {\n  cy.wrap(color).should('not.have.class', 'selected');\n});",
              "err": {},
              "uuid": "f88dfc3f-7fcc-4318-8357-cf8831de488a",
              "parentUUID": "b32b2c91-9554-471b-a8b0-ba4b90bebbb3",
              "isHook": false,
              "skipped": false
            }
          ],
          "suites": [],
          "passes": [
            "f5b56f04-baa2-4a06-92ca-7a0d4456fbdd",
            "f88dfc3f-7fcc-4318-8357-cf8831de488a"
          ],
          "failures": [],
          "pending": [],
          "skipped": [],
          "duration": 565,
          "root": false,
          "rootEmpty": false,
          "_timeout": 2000
        },
        {
          "uuid": "d0b2e3d3-b1da-4380-a64c-693b9b4e9587",
          "title": "7 - Clicar em uma das cores da paleta, faz com que ela seja selecionada e utilizada para preencher os pixels no quadro.",
          "fullFile": "",
          "file": "",
          "beforeHooks": [],
          "afterHooks": [],
          "tests": [
            {
              "title": "Verifica se somente uma cor da paleta de cores tem a classe `selected` de cada vez",
              "fullTitle": "7 - Clicar em uma das cores da paleta, faz com que ela seja selecionada e utilizada para preencher os pixels no quadro. Verifica se somente uma cor da paleta de cores tem a classe `selected` de cada vez",
              "timedOut": null,
              "duration": 680,
              "state": "passed",
              "speed": "slow",
              "pass": true,
              "fail": false,
              "pending": false,
              "context": null,
              "code": "cy.get('.color').each(function (selectedColor, selectedColorIndex) {\n  cy.wrap(selectedColor).click();\n  cy.get('.color').each(function (color, colorIndex) {\n    if (colorIndex === selectedColorIndex) {\n      expect(color).to.have[\"class\"]('selected');\n    } else {\n      expect(color).not.to.have[\"class\"]('selected');\n    }\n  });\n});",
              "err": {},
              "uuid": "98ab4d6c-9b2f-4a13-ae81-2be70898422b",
              "parentUUID": "d0b2e3d3-b1da-4380-a64c-693b9b4e9587",
              "isHook": false,
              "skipped": false
            },
            {
              "title": "Verifica se os pixels dentro do quadro não têm a classe `selected` quando são clicados",
              "fullTitle": "7 - Clicar em uma das cores da paleta, faz com que ela seja selecionada e utilizada para preencher os pixels no quadro. Verifica se os pixels dentro do quadro não têm a classe `selected` quando são clicados",
              "timedOut": null,
              "duration": 8763,
              "state": "passed",
              "speed": "slow",
              "pass": true,
              "fail": false,
              "pending": false,
              "context": null,
              "code": "cy.get('.color').each(function (color) {\n  var backgroundColor = color.css('background-color');\n  cy.wrap(color).click();\n  cy.get('.pixel').each(function (pixel) {\n    cy.wrap(pixel).click().should('not.have.class', 'selected');\n  });\n});",
              "err": {},
              "uuid": "e5864c88-7b95-4483-9c3e-43b08b78d8b1",
              "parentUUID": "d0b2e3d3-b1da-4380-a64c-693b9b4e9587",
              "isHook": false,
              "skipped": false
            }
          ],
          "suites": [],
          "passes": [
            "98ab4d6c-9b2f-4a13-ae81-2be70898422b",
            "e5864c88-7b95-4483-9c3e-43b08b78d8b1"
          ],
          "failures": [],
          "pending": [],
          "skipped": [],
          "duration": 9443,
          "root": false,
          "rootEmpty": false,
          "_timeout": 2000
        },
        {
          "uuid": "5f66fdcc-00e0-44e1-81c0-507fba8de6cd",
          "title": "8 - Clicar em um pixel dentro do quadro após selecionar uma cor na paleta, faz com que o pixel seja preenchido com a cor selecionada.",
          "fullFile": "",
          "file": "",
          "beforeHooks": [],
          "afterHooks": [],
          "tests": [
            {
              "title": "Verifica se ao carregar a página deve ser possível pintar os pixels de preto",
              "fullTitle": "8 - Clicar em um pixel dentro do quadro após selecionar uma cor na paleta, faz com que o pixel seja preenchido com a cor selecionada. Verifica se ao carregar a página deve ser possível pintar os pixels de preto",
              "timedOut": null,
              "duration": 5166,
              "state": "failed",
              "speed": null,
              "pass": false,
              "fail": true,
              "pending": false,
              "context": null,
              "code": "cy.get('.pixel').each(function (pixel) {\n  cy.wrap(pixel).click().should('have.css', 'background-color', BLACK);\n});",
              "err": {
                "message": "CypressError: Timed out retrying: expected '<div.pixel>' to have CSS property 'background-color' with the value 'rgb(0, 0, 0)', but the value was 'rgb(255, 255, 255)'",
                "estack": "CypressError: Timed out retrying: expected '<div.pixel>' to have CSS property 'background-color' with the value 'rgb(0, 0, 0)', but the value was 'rgb(255, 255, 255)'\n    at cypressErr (http://localhost:62141/__cypress/runner/cypress_runner.js:149934:9)\n    at throwErr (http://localhost:62141/__cypress/runner/cypress_runner.js:149867:11)\n    at Object.throwErrByPath (http://localhost:62141/__cypress/runner/cypress_runner.js:149915:3)\n    at retry (http://localhost:62141/__cypress/runner/cypress_runner.js:144197:19)\n    at onFailFn (http://localhost:62141/__cypress/runner/cypress_runner.js:132448:16)\n    at tryCatcher (http://localhost:62141/__cypress/runner/cypress_runner.js:167415:23)\n    at Promise._settlePromiseFromHandler (http://localhost:62141/__cypress/runner/cypress_runner.js:165351:31)\n    at Promise._settlePromise (http://localhost:62141/__cypress/runner/cypress_runner.js:165408:18)\n    at Promise._settlePromise0 (http://localhost:62141/__cypress/runner/cypress_runner.js:165453:10)\n    at Promise._settlePromises (http://localhost:62141/__cypress/runner/cypress_runner.js:165528:18)\n    at Async../node_modules/bluebird/js/release/async.js.Async._drainQueue (http://localhost:62141/__cypress/runner/cypress_runner.js:162140:16)\n    at Async../node_modules/bluebird/js/release/async.js.Async._drainQueues (http://localhost:62141/__cypress/runner/cypress_runner.js:162150:10)\n    at Async.drainQueues (http://localhost:62141/__cypress/runner/cypress_runner.js:162024:14)",
                "diff": null
              },
              "uuid": "2956e83b-320e-424a-b340-296ab993549c",
              "parentUUID": "5f66fdcc-00e0-44e1-81c0-507fba8de6cd",
              "isHook": false,
              "skipped": false
            },
            {
              "title": "Verifica se após selecionar uma outra cor na paleta, é possível pintar os pixels com essa cor",
              "fullTitle": "8 - Clicar em um pixel dentro do quadro após selecionar uma cor na paleta, faz com que o pixel seja preenchido com a cor selecionada. Verifica se após selecionar uma outra cor na paleta, é possível pintar os pixels com essa cor",
              "timedOut": null,
              "duration": 4958,
              "state": "failed",
              "speed": null,
              "pass": false,
              "fail": true,
              "pending": false,
              "context": null,
              "code": "cy.get('.color').each(function (color) {\n  var backgroundColor = color.css('background-color');\n  cy.wrap(color).click();\n  cy.get('.pixel').each(function (pixel) {\n    cy.wrap(pixel).click().should('have.css', 'background-color', backgroundColor);\n  });\n});",
              "err": {
                "message": "CypressError: Timed out retrying: expected '<div.pixel>' to have CSS property 'background-color' with the value 'rgb(0, 0, 0)', but the value was 'rgb(255, 255, 255)'",
                "estack": "CypressError: Timed out retrying: expected '<div.pixel>' to have CSS property 'background-color' with the value 'rgb(0, 0, 0)', but the value was 'rgb(255, 255, 255)'\n    at cypressErr (http://localhost:62141/__cypress/runner/cypress_runner.js:149934:9)\n    at throwErr (http://localhost:62141/__cypress/runner/cypress_runner.js:149867:11)\n    at Object.throwErrByPath (http://localhost:62141/__cypress/runner/cypress_runner.js:149915:3)\n    at retry (http://localhost:62141/__cypress/runner/cypress_runner.js:144197:19)\n    at onFailFn (http://localhost:62141/__cypress/runner/cypress_runner.js:132448:16)\n    at tryCatcher (http://localhost:62141/__cypress/runner/cypress_runner.js:167415:23)\n    at Promise._settlePromiseFromHandler (http://localhost:62141/__cypress/runner/cypress_runner.js:165351:31)\n    at Promise._settlePromise (http://localhost:62141/__cypress/runner/cypress_runner.js:165408:18)\n    at Promise._settlePromise0 (http://localhost:62141/__cypress/runner/cypress_runner.js:165453:10)\n    at Promise._settlePromises (http://localhost:62141/__cypress/runner/cypress_runner.js:165528:18)\n    at Async../node_modules/bluebird/js/release/async.js.Async._drainQueue (http://localhost:62141/__cypress/runner/cypress_runner.js:162140:16)\n    at Async../node_modules/bluebird/js/release/async.js.Async._drainQueues (http://localhost:62141/__cypress/runner/cypress_runner.js:162150:10)\n    at Async.drainQueues (http://localhost:62141/__cypress/runner/cypress_runner.js:162024:14)",
                "diff": null
              },
              "uuid": "98305754-f2b4-42a2-878e-c8f9b312505b",
              "parentUUID": "5f66fdcc-00e0-44e1-81c0-507fba8de6cd",
              "isHook": false,
              "skipped": false
            },
            {
              "title": "Verifica se somente o pixel que foi clicado foi preenchido com a cor selecionada, sem influenciar na cor dos demais pixels.",
              "fullTitle": "8 - Clicar em um pixel dentro do quadro após selecionar uma cor na paleta, faz com que o pixel seja preenchido com a cor selecionada. Verifica se somente o pixel que foi clicado foi preenchido com a cor selecionada, sem influenciar na cor dos demais pixels.",
              "timedOut": null,
              "duration": 2349,
              "state": "passed",
              "speed": "slow",
              "pass": true,
              "fail": false,
              "pending": false,
              "context": null,
              "code": "var colorToPixelIndexMap = {\n  0: 6,\n  1: 8,\n  2: 16,\n  3: 18\n};\ncy.get('.color').each(function (color, index) {\n  cy.wrap(color).click();\n  var backgroundColor = color.css('background-color');\n  var clickedPixelIndex = colorToPixelIndexMap[index];\n  cy.get('.pixel').eq(clickedPixelIndex).click();\n  cy.get('.pixel').eq(clickedPixelIndex - 1).should('not.have.css', 'background-color', backgroundColor);\n  cy.get('.pixel').eq(clickedPixelIndex + 1).should('not.have.css', 'background-color', backgroundColor);\n  cy.get('.pixel').eq(clickedPixelIndex - 5).should('not.have.css', 'background-color', backgroundColor);\n  cy.get('.pixel').eq(clickedPixelIndex + 5).should('not.have.css', 'background-color', backgroundColor);\n  cy.get('.pixel').eq(clickedPixelIndex - 6).should('not.have.css', 'background-color', backgroundColor);\n  cy.get('.pixel').eq(clickedPixelIndex - 4).should('not.have.css', 'background-color', backgroundColor);\n  cy.get('.pixel').eq(clickedPixelIndex + 4).should('not.have.css', 'background-color', backgroundColor);\n  cy.get('.pixel').eq(clickedPixelIndex + 6).should('not.have.css', 'background-color', backgroundColor);\n});",
              "err": {},
              "uuid": "74fd7123-9fd5-4d4f-9307-12ea94f22849",
              "parentUUID": "5f66fdcc-00e0-44e1-81c0-507fba8de6cd",
              "isHook": false,
              "skipped": false
            }
          ],
          "suites": [],
          "passes": [
            "74fd7123-9fd5-4d4f-9307-12ea94f22849"
          ],
          "failures": [
            "2956e83b-320e-424a-b340-296ab993549c",
            "98305754-f2b4-42a2-878e-c8f9b312505b"
          ],
          "pending": [],
          "skipped": [],
          "duration": 12473,
          "root": false,
          "rootEmpty": false,
          "_timeout": 2000
        },
        {
          "uuid": "8130df3c-ed4c-4173-bd54-d26dfaccba03",
          "title": "9 - Crie um botão que, ao ser clicado, limpa o quadro preenchendo a cor de todos seus pixels com branco.",
          "fullFile": "",
          "file": "",
          "beforeHooks": [],
          "afterHooks": [],
          "tests": [
            {
              "title": "Verifica se o botão tem o `id` denominado `clear-board`",
              "fullTitle": "9 - Crie um botão que, ao ser clicado, limpa o quadro preenchendo a cor de todos seus pixels com branco. Verifica se o botão tem o `id` denominado `clear-board`",
              "timedOut": null,
              "duration": 555,
              "state": "passed",
              "speed": "slow",
              "pass": true,
              "fail": false,
              "pending": false,
              "context": null,
              "code": "cy.get('#clear-board').should('be.visible');",
              "err": {},
              "uuid": "c9da668f-f68c-4c36-a541-c7e00e70bc8e",
              "parentUUID": "8130df3c-ed4c-4173-bd54-d26dfaccba03",
              "isHook": false,
              "skipped": false
            },
            {
              "title": "Verifica se o botão está posicionado entre a paleta de cores e o quadro de pixels",
              "fullTitle": "9 - Crie um botão que, ao ser clicado, limpa o quadro preenchendo a cor de todos seus pixels com branco. Verifica se o botão está posicionado entre a paleta de cores e o quadro de pixels",
              "timedOut": null,
              "duration": 4606,
              "state": "failed",
              "speed": null,
              "pass": false,
              "fail": true,
              "pending": false,
              "context": null,
              "code": "cy.get('#color-palette').then(function (palette) {\n  cy.get('#clear-board').should('be.belowOf', palette);\n});\ncy.get('#clear-board').then(function (clearBtn) {\n  cy.get('#pixel-board').should('be.belowOf', clearBtn);\n});",
              "err": {
                "message": "CypressError: Timed out retrying: expected '<button#clear-board>' to be below of { Object (0, length, ...) }",
                "estack": "CypressError: Timed out retrying: expected '<button#clear-board>' to be below of { Object (0, length, ...) }\n    at cypressErr (http://localhost:62141/__cypress/runner/cypress_runner.js:149934:9)\n    at throwErr (http://localhost:62141/__cypress/runner/cypress_runner.js:149867:11)\n    at Object.throwErrByPath (http://localhost:62141/__cypress/runner/cypress_runner.js:149915:3)\n    at retry (http://localhost:62141/__cypress/runner/cypress_runner.js:144197:19)\n    at onFailFn (http://localhost:62141/__cypress/runner/cypress_runner.js:132448:16)\n    at tryCatcher (http://localhost:62141/__cypress/runner/cypress_runner.js:167415:23)\n    at Promise._settlePromiseFromHandler (http://localhost:62141/__cypress/runner/cypress_runner.js:165351:31)\n    at Promise._settlePromise (http://localhost:62141/__cypress/runner/cypress_runner.js:165408:18)\n    at Promise._settlePromise0 (http://localhost:62141/__cypress/runner/cypress_runner.js:165453:10)\n    at Promise._settlePromises (http://localhost:62141/__cypress/runner/cypress_runner.js:165528:18)\n    at Async../node_modules/bluebird/js/release/async.js.Async._drainQueue (http://localhost:62141/__cypress/runner/cypress_runner.js:162140:16)\n    at Async../node_modules/bluebird/js/release/async.js.Async._drainQueues (http://localhost:62141/__cypress/runner/cypress_runner.js:162150:10)\n    at Async.drainQueues (http://localhost:62141/__cypress/runner/cypress_runner.js:162024:14)",
                "diff": null
              },
              "uuid": "e609d694-c358-4372-a3d5-288a89a2edda",
              "parentUUID": "8130df3c-ed4c-4173-bd54-d26dfaccba03",
              "isHook": false,
              "skipped": false
            },
            {
              "title": "Verifica se o texto do botão é 'Limpar'",
              "fullTitle": "9 - Crie um botão que, ao ser clicado, limpa o quadro preenchendo a cor de todos seus pixels com branco. Verifica se o texto do botão é 'Limpar'",
              "timedOut": null,
              "duration": 273,
              "state": "passed",
              "speed": "slow",
              "pass": true,
              "fail": false,
              "pending": false,
              "context": null,
              "code": "cy.get('#clear-board').should('contain.text', 'Limpar');",
              "err": {},
              "uuid": "6ca329ba-e703-486f-bf43-05c0f340121c",
              "parentUUID": "8130df3c-ed4c-4173-bd54-d26dfaccba03",
              "isHook": false,
              "skipped": false
            },
            {
              "title": "Verifica se ao clicar no botão, o quadro de pixels é totalmente preenchido de branco",
              "fullTitle": "9 - Crie um botão que, ao ser clicado, limpa o quadro preenchendo a cor de todos seus pixels com branco. Verifica se ao clicar no botão, o quadro de pixels é totalmente preenchido de branco",
              "timedOut": null,
              "duration": 4743,
              "state": "failed",
              "speed": null,
              "pass": false,
              "fail": true,
              "pending": false,
              "context": null,
              "code": "cy.get('.color').eq(1).then(function (color) {\n  var backgroundColor = color.css('background-color');\n  cy.wrap(color).click();\n  cy.get('.pixel').each(function (pixel) {\n    cy.wrap(pixel).click().should('have.css', 'background-color', backgroundColor);\n  });\n});\ncy.get('#clear-board').click();\ncy.get('.pixel').each(function (pixel) {\n  cy.wrap(pixel).should('have.css', 'background-color', WHITE);\n});",
              "err": {
                "message": "CypressError: Timed out retrying: expected '<div.pixel>' to have CSS property 'background-color' with the value 'rgb(12, 114, 142)', but the value was 'rgb(255, 255, 255)'",
                "estack": "CypressError: Timed out retrying: expected '<div.pixel>' to have CSS property 'background-color' with the value 'rgb(12, 114, 142)', but the value was 'rgb(255, 255, 255)'\n    at cypressErr (http://localhost:62141/__cypress/runner/cypress_runner.js:149934:9)\n    at throwErr (http://localhost:62141/__cypress/runner/cypress_runner.js:149867:11)\n    at Object.throwErrByPath (http://localhost:62141/__cypress/runner/cypress_runner.js:149915:3)\n    at retry (http://localhost:62141/__cypress/runner/cypress_runner.js:144197:19)\n    at onFailFn (http://localhost:62141/__cypress/runner/cypress_runner.js:132448:16)\n    at tryCatcher (http://localhost:62141/__cypress/runner/cypress_runner.js:167415:23)\n    at Promise._settlePromiseFromHandler (http://localhost:62141/__cypress/runner/cypress_runner.js:165351:31)\n    at Promise._settlePromise (http://localhost:62141/__cypress/runner/cypress_runner.js:165408:18)\n    at Promise._settlePromise0 (http://localhost:62141/__cypress/runner/cypress_runner.js:165453:10)\n    at Promise._settlePromises (http://localhost:62141/__cypress/runner/cypress_runner.js:165528:18)\n    at Async../node_modules/bluebird/js/release/async.js.Async._drainQueue (http://localhost:62141/__cypress/runner/cypress_runner.js:162140:16)\n    at Async../node_modules/bluebird/js/release/async.js.Async._drainQueues (http://localhost:62141/__cypress/runner/cypress_runner.js:162150:10)\n    at Async.drainQueues (http://localhost:62141/__cypress/runner/cypress_runner.js:162024:14)",
                "diff": null
              },
              "uuid": "d5018f8f-e4a0-4caa-9c63-abf0268d03ca",
              "parentUUID": "8130df3c-ed4c-4173-bd54-d26dfaccba03",
              "isHook": false,
              "skipped": false
            }
          ],
          "suites": [],
          "passes": [
            "c9da668f-f68c-4c36-a541-c7e00e70bc8e",
            "6ca329ba-e703-486f-bf43-05c0f340121c"
          ],
          "failures": [
            "e609d694-c358-4372-a3d5-288a89a2edda",
            "d5018f8f-e4a0-4caa-9c63-abf0268d03ca"
          ],
          "pending": [],
          "skipped": [],
          "duration": 10177,
          "root": false,
          "rootEmpty": false,
          "_timeout": 2000
        },
        {
          "uuid": "ae78f578-92f4-48b0-ba5a-fd85b1d62c39",
          "title": "10 - Faça o quadro de pixels ter seu tamanho definido pelo usuário.",
          "fullFile": "",
          "file": "",
          "beforeHooks": [],
          "afterHooks": [],
          "tests": [
            {
              "title": "Verifica se existe um input com o id `board-size`",
              "fullTitle": "10 - Faça o quadro de pixels ter seu tamanho definido pelo usuário. Verifica se existe um input com o id `board-size`",
              "timedOut": null,
              "duration": 5237,
              "state": "failed",
              "speed": null,
              "pass": false,
              "fail": true,
              "pending": false,
              "context": null,
              "code": "cy.get('#board-size').should('be.visible');",
              "err": {
                "message": "CypressError: Timed out retrying: Expected to find element: '#board-size', but never found it.",
                "estack": "CypressError: Timed out retrying: Expected to find element: '#board-size', but never found it.\n    at cypressErr (http://localhost:62141/__cypress/runner/cypress_runner.js:149934:9)\n    at throwErr (http://localhost:62141/__cypress/runner/cypress_runner.js:149867:11)\n    at Object.throwErrByPath (http://localhost:62141/__cypress/runner/cypress_runner.js:149915:3)\n    at retry (http://localhost:62141/__cypress/runner/cypress_runner.js:144197:19)\n    at onFailFn (http://localhost:62141/__cypress/runner/cypress_runner.js:132448:16)\n    at tryCatcher (http://localhost:62141/__cypress/runner/cypress_runner.js:167415:23)\n    at Promise._settlePromiseFromHandler (http://localhost:62141/__cypress/runner/cypress_runner.js:165351:31)\n    at Promise._settlePromise (http://localhost:62141/__cypress/runner/cypress_runner.js:165408:18)\n    at Promise._settlePromise0 (http://localhost:62141/__cypress/runner/cypress_runner.js:165453:10)\n    at Promise._settlePromises (http://localhost:62141/__cypress/runner/cypress_runner.js:165528:18)\n    at Async../node_modules/bluebird/js/release/async.js.Async._drainQueue (http://localhost:62141/__cypress/runner/cypress_runner.js:162140:16)\n    at Async../node_modules/bluebird/js/release/async.js.Async._drainQueues (http://localhost:62141/__cypress/runner/cypress_runner.js:162150:10)\n    at Async.drainQueues (http://localhost:62141/__cypress/runner/cypress_runner.js:162024:14)",
                "diff": null
              },
              "uuid": "59865884-ad6f-4e60-bc4c-64d0ad05baa1",
              "parentUUID": "ae78f578-92f4-48b0-ba5a-fd85b1d62c39",
              "isHook": false,
              "skipped": false
            },
            {
              "title": "Verifica se existe um botão com o id `generate-board`",
              "fullTitle": "10 - Faça o quadro de pixels ter seu tamanho definido pelo usuário. Verifica se existe um botão com o id `generate-board`",
              "timedOut": null,
              "duration": 4993,
              "state": "failed",
              "speed": null,
              "pass": false,
              "fail": true,
              "pending": false,
              "context": null,
              "code": "cy.get('#generate-board').should('be.visible');",
              "err": {
                "message": "CypressError: Timed out retrying: Expected to find element: '#generate-board', but never found it.",
                "estack": "CypressError: Timed out retrying: Expected to find element: '#generate-board', but never found it.\n    at cypressErr (http://localhost:62141/__cypress/runner/cypress_runner.js:149934:9)\n    at throwErr (http://localhost:62141/__cypress/runner/cypress_runner.js:149867:11)\n    at Object.throwErrByPath (http://localhost:62141/__cypress/runner/cypress_runner.js:149915:3)\n    at retry (http://localhost:62141/__cypress/runner/cypress_runner.js:144197:19)\n    at onFailFn (http://localhost:62141/__cypress/runner/cypress_runner.js:132448:16)\n    at tryCatcher (http://localhost:62141/__cypress/runner/cypress_runner.js:167415:23)\n    at Promise._settlePromiseFromHandler (http://localhost:62141/__cypress/runner/cypress_runner.js:165351:31)\n    at Promise._settlePromise (http://localhost:62141/__cypress/runner/cypress_runner.js:165408:18)\n    at Promise._settlePromise0 (http://localhost:62141/__cypress/runner/cypress_runner.js:165453:10)\n    at Promise._settlePromises (http://localhost:62141/__cypress/runner/cypress_runner.js:165528:18)\n    at Async../node_modules/bluebird/js/release/async.js.Async._drainQueue (http://localhost:62141/__cypress/runner/cypress_runner.js:162140:16)\n    at Async../node_modules/bluebird/js/release/async.js.Async._drainQueues (http://localhost:62141/__cypress/runner/cypress_runner.js:162150:10)\n    at Async.drainQueues (http://localhost:62141/__cypress/runner/cypress_runner.js:162024:14)",
                "diff": null
              },
              "uuid": "5233d3c4-28dd-4448-99a8-af3c60cece2e",
              "parentUUID": "ae78f578-92f4-48b0-ba5a-fd85b1d62c39",
              "isHook": false,
              "skipped": false
            },
            {
              "title": "Verifica se o input só aceita número maiores que zero. Essa restrição deve ser feita usando os atributos do elemento `input`",
              "fullTitle": "10 - Faça o quadro de pixels ter seu tamanho definido pelo usuário. Verifica se o input só aceita número maiores que zero. Essa restrição deve ser feita usando os atributos do elemento `input`",
              "timedOut": null,
              "duration": 5025,
              "state": "failed",
              "speed": null,
              "pass": false,
              "fail": true,
              "pending": false,
              "context": null,
              "code": "cy.get('#board-size[type=\\'number\\'][min=\\'1\\']');",
              "err": {
                "message": "CypressError: Timed out retrying: Expected to find element: '#board-size[type='number'][min='1']', but never found it.",
                "estack": "CypressError: Timed out retrying: Expected to find element: '#board-size[type='number'][min='1']', but never found it.\n    at cypressErr (http://localhost:62141/__cypress/runner/cypress_runner.js:149934:9)\n    at throwErr (http://localhost:62141/__cypress/runner/cypress_runner.js:149867:11)\n    at Object.throwErrByPath (http://localhost:62141/__cypress/runner/cypress_runner.js:149915:3)\n    at retry (http://localhost:62141/__cypress/runner/cypress_runner.js:144197:19)\n    at onFailFn (http://localhost:62141/__cypress/runner/cypress_runner.js:132448:16)\n    at tryCatcher (http://localhost:62141/__cypress/runner/cypress_runner.js:167415:23)\n    at Promise._settlePromiseFromHandler (http://localhost:62141/__cypress/runner/cypress_runner.js:165351:31)\n    at Promise._settlePromise (http://localhost:62141/__cypress/runner/cypress_runner.js:165408:18)\n    at Promise._settlePromise0 (http://localhost:62141/__cypress/runner/cypress_runner.js:165453:10)\n    at Promise._settlePromises (http://localhost:62141/__cypress/runner/cypress_runner.js:165528:18)\n    at Async../node_modules/bluebird/js/release/async.js.Async._drainQueue (http://localhost:62141/__cypress/runner/cypress_runner.js:162140:16)\n    at Async../node_modules/bluebird/js/release/async.js.Async._drainQueues (http://localhost:62141/__cypress/runner/cypress_runner.js:162150:10)\n    at Async.drainQueues (http://localhost:62141/__cypress/runner/cypress_runner.js:162024:14)",
                "diff": null
              },
              "uuid": "da9ccaf0-1d61-4dae-ad89-02a4d04a54b7",
              "parentUUID": "ae78f578-92f4-48b0-ba5a-fd85b1d62c39",
              "isHook": false,
              "skipped": false
            },
            {
              "title": "Verifica se o botão contém o texto 'VQV'",
              "fullTitle": "10 - Faça o quadro de pixels ter seu tamanho definido pelo usuário. Verifica se o botão contém o texto 'VQV'",
              "timedOut": null,
              "duration": 5153,
              "state": "failed",
              "speed": null,
              "pass": false,
              "fail": true,
              "pending": false,
              "context": null,
              "code": "cy.get('#generate-board').contains(/vqv/i);",
              "err": {
                "message": "CypressError: Timed out retrying: Expected to find element: '#generate-board', but never found it.",
                "estack": "CypressError: Timed out retrying: Expected to find element: '#generate-board', but never found it.\n    at cypressErr (http://localhost:62141/__cypress/runner/cypress_runner.js:149934:9)\n    at throwErr (http://localhost:62141/__cypress/runner/cypress_runner.js:149867:11)\n    at Object.throwErrByPath (http://localhost:62141/__cypress/runner/cypress_runner.js:149915:3)\n    at retry (http://localhost:62141/__cypress/runner/cypress_runner.js:144197:19)\n    at onFailFn (http://localhost:62141/__cypress/runner/cypress_runner.js:132448:16)\n    at tryCatcher (http://localhost:62141/__cypress/runner/cypress_runner.js:167415:23)\n    at Promise._settlePromiseFromHandler (http://localhost:62141/__cypress/runner/cypress_runner.js:165351:31)\n    at Promise._settlePromise (http://localhost:62141/__cypress/runner/cypress_runner.js:165408:18)\n    at Promise._settlePromise0 (http://localhost:62141/__cypress/runner/cypress_runner.js:165453:10)\n    at Promise._settlePromises (http://localhost:62141/__cypress/runner/cypress_runner.js:165528:18)\n    at Async../node_modules/bluebird/js/release/async.js.Async._drainQueue (http://localhost:62141/__cypress/runner/cypress_runner.js:162140:16)\n    at Async../node_modules/bluebird/js/release/async.js.Async._drainQueues (http://localhost:62141/__cypress/runner/cypress_runner.js:162150:10)\n    at Async.drainQueues (http://localhost:62141/__cypress/runner/cypress_runner.js:162024:14)",
                "diff": null
              },
              "uuid": "4eeec059-0cb8-4917-a264-35df0cd31110",
              "parentUUID": "ae78f578-92f4-48b0-ba5a-fd85b1d62c39",
              "isHook": false,
              "skipped": false
            },
            {
              "title": "Verifica se o input está posicionado entre a paleta de cores e o quadro de pixels",
              "fullTitle": "10 - Faça o quadro de pixels ter seu tamanho definido pelo usuário. Verifica se o input está posicionado entre a paleta de cores e o quadro de pixels",
              "timedOut": null,
              "duration": 5162,
              "state": "failed",
              "speed": null,
              "pass": false,
              "fail": true,
              "pending": false,
              "context": null,
              "code": "cy.get('#color-palette').then(function (palette) {\n  cy.get('#board-size').should('be.belowOf', palette);\n});\ncy.get('#board-size').then(function (palette) {\n  cy.get('#pixel-board').should('be.belowOf', palette);\n});",
              "err": {
                "message": "CypressError: Timed out retrying: Expected to find element: '#board-size', but never found it.",
                "estack": "CypressError: Timed out retrying: Expected to find element: '#board-size', but never found it.\n    at cypressErr (http://localhost:62141/__cypress/runner/cypress_runner.js:149934:9)\n    at throwErr (http://localhost:62141/__cypress/runner/cypress_runner.js:149867:11)\n    at Object.throwErrByPath (http://localhost:62141/__cypress/runner/cypress_runner.js:149915:3)\n    at retry (http://localhost:62141/__cypress/runner/cypress_runner.js:144197:19)\n    at onFailFn (http://localhost:62141/__cypress/runner/cypress_runner.js:132448:16)\n    at tryCatcher (http://localhost:62141/__cypress/runner/cypress_runner.js:167415:23)\n    at Promise._settlePromiseFromHandler (http://localhost:62141/__cypress/runner/cypress_runner.js:165351:31)\n    at Promise._settlePromise (http://localhost:62141/__cypress/runner/cypress_runner.js:165408:18)\n    at Promise._settlePromise0 (http://localhost:62141/__cypress/runner/cypress_runner.js:165453:10)\n    at Promise._settlePromises (http://localhost:62141/__cypress/runner/cypress_runner.js:165528:18)\n    at Async../node_modules/bluebird/js/release/async.js.Async._drainQueue (http://localhost:62141/__cypress/runner/cypress_runner.js:162140:16)\n    at Async../node_modules/bluebird/js/release/async.js.Async._drainQueues (http://localhost:62141/__cypress/runner/cypress_runner.js:162150:10)\n    at Async.drainQueues (http://localhost:62141/__cypress/runner/cypress_runner.js:162024:14)",
                "diff": null
              },
              "uuid": "2ab598d3-f15c-4862-b1bc-f9f61d59c64d",
              "parentUUID": "ae78f578-92f4-48b0-ba5a-fd85b1d62c39",
              "isHook": false,
              "skipped": false
            },
            {
              "title": "Verifica se o botão está posicionado ao lado do input",
              "fullTitle": "10 - Faça o quadro de pixels ter seu tamanho definido pelo usuário. Verifica se o botão está posicionado ao lado do input",
              "timedOut": null,
              "duration": 5002,
              "state": "failed",
              "speed": null,
              "pass": false,
              "fail": true,
              "pending": false,
              "context": null,
              "code": "cy.get('#board-size').then(function (board) {\n  cy.get('#generate-board').should('be.onTheRightOf', board);\n});",
              "err": {
                "message": "CypressError: Timed out retrying: Expected to find element: '#board-size', but never found it.",
                "estack": "CypressError: Timed out retrying: Expected to find element: '#board-size', but never found it.\n    at cypressErr (http://localhost:62141/__cypress/runner/cypress_runner.js:149934:9)\n    at throwErr (http://localhost:62141/__cypress/runner/cypress_runner.js:149867:11)\n    at Object.throwErrByPath (http://localhost:62141/__cypress/runner/cypress_runner.js:149915:3)\n    at retry (http://localhost:62141/__cypress/runner/cypress_runner.js:144197:19)\n    at onFailFn (http://localhost:62141/__cypress/runner/cypress_runner.js:132448:16)\n    at tryCatcher (http://localhost:62141/__cypress/runner/cypress_runner.js:167415:23)\n    at Promise._settlePromiseFromHandler (http://localhost:62141/__cypress/runner/cypress_runner.js:165351:31)\n    at Promise._settlePromise (http://localhost:62141/__cypress/runner/cypress_runner.js:165408:18)\n    at Promise._settlePromise0 (http://localhost:62141/__cypress/runner/cypress_runner.js:165453:10)\n    at Promise._settlePromises (http://localhost:62141/__cypress/runner/cypress_runner.js:165528:18)\n    at Async../node_modules/bluebird/js/release/async.js.Async._drainQueue (http://localhost:62141/__cypress/runner/cypress_runner.js:162140:16)\n    at Async../node_modules/bluebird/js/release/async.js.Async._drainQueues (http://localhost:62141/__cypress/runner/cypress_runner.js:162150:10)\n    at Async.drainQueues (http://localhost:62141/__cypress/runner/cypress_runner.js:162024:14)",
                "diff": null
              },
              "uuid": "b5950b78-ed6e-4486-95ee-d7069f792dbe",
              "parentUUID": "ae78f578-92f4-48b0-ba5a-fd85b1d62c39",
              "isHook": false,
              "skipped": false
            },
            {
              "title": "Verifica se nenhum valor for colocado no input ao clicar no botão, um `alert` é exibido com o texto: 'Board inválido!'",
              "fullTitle": "10 - Faça o quadro de pixels ter seu tamanho definido pelo usuário. Verifica se nenhum valor for colocado no input ao clicar no botão, um `alert` é exibido com o texto: 'Board inválido!'",
              "timedOut": null,
              "duration": 4995,
              "state": "failed",
              "speed": null,
              "pass": false,
              "fail": true,
              "pending": false,
              "context": null,
              "code": "var alerted = false;\ncy.on('window:alert', function (msg) {\n  return alerted = msg;\n});\ncy.get('#generate-board').click().then(function () {\n  return expect(alerted).to.match(/Board inválido!/i);\n});",
              "err": {
                "message": "CypressError: Timed out retrying: Expected to find element: '#generate-board', but never found it.",
                "estack": "CypressError: Timed out retrying: Expected to find element: '#generate-board', but never found it.\n    at cypressErr (http://localhost:62141/__cypress/runner/cypress_runner.js:149934:9)\n    at throwErr (http://localhost:62141/__cypress/runner/cypress_runner.js:149867:11)\n    at Object.throwErrByPath (http://localhost:62141/__cypress/runner/cypress_runner.js:149915:3)\n    at retry (http://localhost:62141/__cypress/runner/cypress_runner.js:144197:19)\n    at onFailFn (http://localhost:62141/__cypress/runner/cypress_runner.js:132448:16)\n    at tryCatcher (http://localhost:62141/__cypress/runner/cypress_runner.js:167415:23)\n    at Promise._settlePromiseFromHandler (http://localhost:62141/__cypress/runner/cypress_runner.js:165351:31)\n    at Promise._settlePromise (http://localhost:62141/__cypress/runner/cypress_runner.js:165408:18)\n    at Promise._settlePromise0 (http://localhost:62141/__cypress/runner/cypress_runner.js:165453:10)\n    at Promise._settlePromises (http://localhost:62141/__cypress/runner/cypress_runner.js:165528:18)\n    at Async../node_modules/bluebird/js/release/async.js.Async._drainQueue (http://localhost:62141/__cypress/runner/cypress_runner.js:162140:16)\n    at Async../node_modules/bluebird/js/release/async.js.Async._drainQueues (http://localhost:62141/__cypress/runner/cypress_runner.js:162150:10)\n    at Async.drainQueues (http://localhost:62141/__cypress/runner/cypress_runner.js:162024:14)",
                "diff": null
              },
              "uuid": "bf1f9413-b81d-4535-9a56-a895133402a4",
              "parentUUID": "ae78f578-92f4-48b0-ba5a-fd85b1d62c39",
              "isHook": false,
              "skipped": false
            },
            {
              "title": "Verifica se ao clicar no botão com um valor preenchido, o tamanho do board muda.",
              "fullTitle": "10 - Faça o quadro de pixels ter seu tamanho definido pelo usuário. Verifica se ao clicar no botão com um valor preenchido, o tamanho do board muda.",
              "timedOut": null,
              "duration": 5257,
              "state": "failed",
              "speed": null,
              "pass": false,
              "fail": true,
              "pending": false,
              "context": null,
              "code": "cy.get('#board-size').clear().type(10);\ncy.get('#generate-board').click();\ncy.get('.pixel').should('have.length', 100);",
              "err": {
                "message": "CypressError: Timed out retrying: Expected to find element: '#board-size', but never found it.",
                "estack": "CypressError: Timed out retrying: Expected to find element: '#board-size', but never found it.\n    at cypressErr (http://localhost:62141/__cypress/runner/cypress_runner.js:149934:9)\n    at throwErr (http://localhost:62141/__cypress/runner/cypress_runner.js:149867:11)\n    at Object.throwErrByPath (http://localhost:62141/__cypress/runner/cypress_runner.js:149915:3)\n    at retry (http://localhost:62141/__cypress/runner/cypress_runner.js:144197:19)\n    at onFailFn (http://localhost:62141/__cypress/runner/cypress_runner.js:132448:16)\n    at tryCatcher (http://localhost:62141/__cypress/runner/cypress_runner.js:167415:23)\n    at Promise._settlePromiseFromHandler (http://localhost:62141/__cypress/runner/cypress_runner.js:165351:31)\n    at Promise._settlePromise (http://localhost:62141/__cypress/runner/cypress_runner.js:165408:18)\n    at Promise._settlePromise0 (http://localhost:62141/__cypress/runner/cypress_runner.js:165453:10)\n    at Promise._settlePromises (http://localhost:62141/__cypress/runner/cypress_runner.js:165528:18)\n    at Async../node_modules/bluebird/js/release/async.js.Async._drainQueue (http://localhost:62141/__cypress/runner/cypress_runner.js:162140:16)\n    at Async../node_modules/bluebird/js/release/async.js.Async._drainQueues (http://localhost:62141/__cypress/runner/cypress_runner.js:162150:10)\n    at Async.drainQueues (http://localhost:62141/__cypress/runner/cypress_runner.js:162024:14)",
                "diff": null
              },
              "uuid": "dadaca6f-5c0f-4d55-b24e-87dbbbb8431c",
              "parentUUID": "ae78f578-92f4-48b0-ba5a-fd85b1d62c39",
              "isHook": false,
              "skipped": false
            },
            {
              "title": "Verifica se o novo quadro tem todos os pixels preenchidos com a cor branca",
              "fullTitle": "10 - Faça o quadro de pixels ter seu tamanho definido pelo usuário. Verifica se o novo quadro tem todos os pixels preenchidos com a cor branca",
              "timedOut": null,
              "duration": 5485,
              "state": "failed",
              "speed": null,
              "pass": false,
              "fail": true,
              "pending": false,
              "context": null,
              "code": "cy.get('#board-size').clear().type(6);\ncy.get('#generate-board').click();\ncy.get('.pixel').should('have.length', 36).each(function (pixel) {\n  expect(pixel).to.have.css('background-color', WHITE);\n});",
              "err": {
                "message": "CypressError: Timed out retrying: Expected to find element: '#board-size', but never found it.",
                "estack": "CypressError: Timed out retrying: Expected to find element: '#board-size', but never found it.\n    at cypressErr (http://localhost:62141/__cypress/runner/cypress_runner.js:149934:9)\n    at throwErr (http://localhost:62141/__cypress/runner/cypress_runner.js:149867:11)\n    at Object.throwErrByPath (http://localhost:62141/__cypress/runner/cypress_runner.js:149915:3)\n    at retry (http://localhost:62141/__cypress/runner/cypress_runner.js:144197:19)\n    at onFailFn (http://localhost:62141/__cypress/runner/cypress_runner.js:132448:16)\n    at tryCatcher (http://localhost:62141/__cypress/runner/cypress_runner.js:167415:23)\n    at Promise._settlePromiseFromHandler (http://localhost:62141/__cypress/runner/cypress_runner.js:165351:31)\n    at Promise._settlePromise (http://localhost:62141/__cypress/runner/cypress_runner.js:165408:18)\n    at Promise._settlePromise0 (http://localhost:62141/__cypress/runner/cypress_runner.js:165453:10)\n    at Promise._settlePromises (http://localhost:62141/__cypress/runner/cypress_runner.js:165528:18)\n    at Async../node_modules/bluebird/js/release/async.js.Async._drainQueue (http://localhost:62141/__cypress/runner/cypress_runner.js:162140:16)\n    at Async../node_modules/bluebird/js/release/async.js.Async._drainQueues (http://localhost:62141/__cypress/runner/cypress_runner.js:162150:10)\n    at Async.drainQueues (http://localhost:62141/__cypress/runner/cypress_runner.js:162024:14)",
                "diff": null
              },
              "uuid": "1b00577f-2ccc-4f27-ba0a-91cc2998d77a",
              "parentUUID": "ae78f578-92f4-48b0-ba5a-fd85b1d62c39",
              "isHook": false,
              "skipped": false
            }
          ],
          "suites": [],
          "passes": [],
          "failures": [
            "59865884-ad6f-4e60-bc4c-64d0ad05baa1",
            "5233d3c4-28dd-4448-99a8-af3c60cece2e",
            "da9ccaf0-1d61-4dae-ad89-02a4d04a54b7",
            "4eeec059-0cb8-4917-a264-35df0cd31110",
            "2ab598d3-f15c-4862-b1bc-f9f61d59c64d",
            "b5950b78-ed6e-4486-95ee-d7069f792dbe",
            "bf1f9413-b81d-4535-9a56-a895133402a4",
            "dadaca6f-5c0f-4d55-b24e-87dbbbb8431c",
            "1b00577f-2ccc-4f27-ba0a-91cc2998d77a"
          ],
          "pending": [],
          "skipped": [],
          "duration": 46309,
          "root": false,
          "rootEmpty": false,
          "_timeout": 2000
        },
        {
          "uuid": "edc8de43-1a8a-41c8-a3b0-ee1940321bd3",
          "title": "11 - Limite o tamanho mínimo e máximo do board.",
          "fullFile": "",
          "file": "",
          "beforeHooks": [],
          "afterHooks": [],
          "tests": [
            {
              "title": "Verifica se a altura máxima do board é 50",
              "fullTitle": "11 - Limite o tamanho mínimo e máximo do board. Verifica se a altura máxima do board é 50",
              "timedOut": null,
              "duration": 5933,
              "state": "failed",
              "speed": null,
              "pass": false,
              "fail": true,
              "pending": false,
              "context": null,
              "code": "cy.get('#board-size').clear().type(50);\ncy.get('#generate-board').click();\ncy.get('.pixel').should('have.length', 2500);",
              "err": {
                "message": "CypressError: Timed out retrying: Expected to find element: '#board-size', but never found it.",
                "estack": "CypressError: Timed out retrying: Expected to find element: '#board-size', but never found it.\n    at cypressErr (http://localhost:62141/__cypress/runner/cypress_runner.js:149934:9)\n    at throwErr (http://localhost:62141/__cypress/runner/cypress_runner.js:149867:11)\n    at Object.throwErrByPath (http://localhost:62141/__cypress/runner/cypress_runner.js:149915:3)\n    at retry (http://localhost:62141/__cypress/runner/cypress_runner.js:144197:19)\n    at onFailFn (http://localhost:62141/__cypress/runner/cypress_runner.js:132448:16)\n    at tryCatcher (http://localhost:62141/__cypress/runner/cypress_runner.js:167415:23)\n    at Promise._settlePromiseFromHandler (http://localhost:62141/__cypress/runner/cypress_runner.js:165351:31)\n    at Promise._settlePromise (http://localhost:62141/__cypress/runner/cypress_runner.js:165408:18)\n    at Promise._settlePromise0 (http://localhost:62141/__cypress/runner/cypress_runner.js:165453:10)\n    at Promise._settlePromises (http://localhost:62141/__cypress/runner/cypress_runner.js:165528:18)\n    at Async../node_modules/bluebird/js/release/async.js.Async._drainQueue (http://localhost:62141/__cypress/runner/cypress_runner.js:162140:16)\n    at Async../node_modules/bluebird/js/release/async.js.Async._drainQueues (http://localhost:62141/__cypress/runner/cypress_runner.js:162150:10)\n    at Async.drainQueues (http://localhost:62141/__cypress/runner/cypress_runner.js:162024:14)",
                "diff": null
              },
              "uuid": "3f56a49d-b58c-4829-b1f1-8562b70b5e61",
              "parentUUID": "edc8de43-1a8a-41c8-a3b0-ee1940321bd3",
              "isHook": false,
              "skipped": false
            },
            {
              "title": "Verifica se a altura do board é 5 quando um valor menor é colocado no input",
              "fullTitle": "11 - Limite o tamanho mínimo e máximo do board. Verifica se a altura do board é 5 quando um valor menor é colocado no input",
              "timedOut": null,
              "duration": 6363,
              "state": "failed",
              "speed": null,
              "pass": false,
              "fail": true,
              "pending": false,
              "context": null,
              "code": "cy.get('#board-size').clear().type(4);\ncy.get('#generate-board').click();\ncy.get('.pixel').should('have.length', 25);",
              "err": {
                "message": "CypressError: Timed out retrying: Expected to find element: '#board-size', but never found it.",
                "estack": "CypressError: Timed out retrying: Expected to find element: '#board-size', but never found it.\n    at cypressErr (http://localhost:62141/__cypress/runner/cypress_runner.js:149934:9)\n    at throwErr (http://localhost:62141/__cypress/runner/cypress_runner.js:149867:11)\n    at Object.throwErrByPath (http://localhost:62141/__cypress/runner/cypress_runner.js:149915:3)\n    at retry (http://localhost:62141/__cypress/runner/cypress_runner.js:144197:19)\n    at onFailFn (http://localhost:62141/__cypress/runner/cypress_runner.js:132448:16)\n    at tryCatcher (http://localhost:62141/__cypress/runner/cypress_runner.js:167415:23)\n    at Promise._settlePromiseFromHandler (http://localhost:62141/__cypress/runner/cypress_runner.js:165351:31)\n    at Promise._settlePromise (http://localhost:62141/__cypress/runner/cypress_runner.js:165408:18)\n    at Promise._settlePromise0 (http://localhost:62141/__cypress/runner/cypress_runner.js:165453:10)\n    at Promise._settlePromises (http://localhost:62141/__cypress/runner/cypress_runner.js:165528:18)\n    at Async../node_modules/bluebird/js/release/async.js.Async._drainQueue (http://localhost:62141/__cypress/runner/cypress_runner.js:162140:16)\n    at Async../node_modules/bluebird/js/release/async.js.Async._drainQueues (http://localhost:62141/__cypress/runner/cypress_runner.js:162150:10)\n    at Async.drainQueues (http://localhost:62141/__cypress/runner/cypress_runner.js:162024:14)",
                "diff": null
              },
              "uuid": "f960ad1e-a3d4-4049-954e-c7dedbc575c4",
              "parentUUID": "edc8de43-1a8a-41c8-a3b0-ee1940321bd3",
              "isHook": false,
              "skipped": false
            },
            {
              "title": "Verifica se a altura do board é 50 quando um valor maior é colocado no input",
              "fullTitle": "11 - Limite o tamanho mínimo e máximo do board. Verifica se a altura do board é 50 quando um valor maior é colocado no input",
              "timedOut": null,
              "duration": 6356,
              "state": "failed",
              "speed": null,
              "pass": false,
              "fail": true,
              "pending": false,
              "context": null,
              "code": "cy.get('#board-size').clear().type(51);\ncy.get('#generate-board').click();\ncy.get('.pixel').should('have.length', 2500);",
              "err": {
                "message": "CypressError: Timed out retrying: Expected to find element: '#board-size', but never found it.",
                "estack": "CypressError: Timed out retrying: Expected to find element: '#board-size', but never found it.\n    at cypressErr (http://localhost:62141/__cypress/runner/cypress_runner.js:149934:9)\n    at throwErr (http://localhost:62141/__cypress/runner/cypress_runner.js:149867:11)\n    at Object.throwErrByPath (http://localhost:62141/__cypress/runner/cypress_runner.js:149915:3)\n    at retry (http://localhost:62141/__cypress/runner/cypress_runner.js:144197:19)\n    at onFailFn (http://localhost:62141/__cypress/runner/cypress_runner.js:132448:16)\n    at tryCatcher (http://localhost:62141/__cypress/runner/cypress_runner.js:167415:23)\n    at Promise._settlePromiseFromHandler (http://localhost:62141/__cypress/runner/cypress_runner.js:165351:31)\n    at Promise._settlePromise (http://localhost:62141/__cypress/runner/cypress_runner.js:165408:18)\n    at Promise._settlePromise0 (http://localhost:62141/__cypress/runner/cypress_runner.js:165453:10)\n    at Promise._settlePromises (http://localhost:62141/__cypress/runner/cypress_runner.js:165528:18)\n    at Async../node_modules/bluebird/js/release/async.js.Async._drainQueue (http://localhost:62141/__cypress/runner/cypress_runner.js:162140:16)\n    at Async../node_modules/bluebird/js/release/async.js.Async._drainQueues (http://localhost:62141/__cypress/runner/cypress_runner.js:162150:10)\n    at Async.drainQueues (http://localhost:62141/__cypress/runner/cypress_runner.js:162024:14)",
                "diff": null
              },
              "uuid": "13aa96ae-4d7f-49a5-89c4-ec446b206b12",
              "parentUUID": "edc8de43-1a8a-41c8-a3b0-ee1940321bd3",
              "isHook": false,
              "skipped": false
            }
          ],
          "suites": [],
          "passes": [],
          "failures": [
            "3f56a49d-b58c-4829-b1f1-8562b70b5e61",
            "f960ad1e-a3d4-4049-954e-c7dedbc575c4",
            "13aa96ae-4d7f-49a5-89c4-ec446b206b12"
          ],
          "pending": [],
          "skipped": [],
          "duration": 18652,
          "root": false,
          "rootEmpty": false,
          "_timeout": 2000
        },
        {
          "uuid": "609bebc5-994c-4892-bb12-9ff364803ab2",
          "title": "12 - Faça com que as cores da paleta sejam geradas aleatoriamente ao carregar a página.",
          "fullFile": "",
          "file": "",
          "beforeHooks": [],
          "afterHooks": [],
          "tests": [
            {
              "title": "Verifica se as cores geradas na paleta são diferentes a cada carregamento da página",
              "fullTitle": "12 - Faça com que as cores da paleta sejam geradas aleatoriamente ao carregar a página. Verifica se as cores geradas na paleta são diferentes a cada carregamento da página",
              "timedOut": null,
              "duration": 1261,
              "state": "failed",
              "speed": null,
              "pass": false,
              "fail": true,
              "pending": false,
              "context": null,
              "code": "cy.get('.color').then(function (colors) {\n  var currentColors;\n  var previousColors;\n  previousColors = Array.from(colors).map(function (color) {\n    return Cypress.$(color).css('background-color');\n  });\n  for (var i = 0; i < 5; i += 1) {\n    cy.reload();\n    cy.get('.color').then(function (colors) {\n      currentColors = Array.from(colors).map(function (color) {\n        return Cypress.$(color).css('background-color');\n      });\n      expect(currentColors).not.to.deep.equal(previousColors);\n      previousColors = currentColors;\n    });\n  }\n});",
              "err": {
                "message": "AssertionError: expected [ Array(4) ] to not deeply equal [ Array(4) ]",
                "estack": "AssertionError: expected [ Array(4) ] to not deeply equal [ Array(4) ]\n    at getRet (http://localhost:62141/__cypress/runner/cypress_runner.js:136585:16)\n    at tryCatcher (http://localhost:62141/__cypress/runner/cypress_runner.js:167415:23)\n    at Function.Promise.attempt.Promise.try (http://localhost:62141/__cypress/runner/cypress_runner.js:164690:29)\n    at Context.thenFn (http://localhost:62141/__cypress/runner/cypress_runner.js:136599:23)\n    at Context.then (http://localhost:62141/__cypress/runner/cypress_runner.js:136971:21)\n    at Context.<anonymous> (http://localhost:62141/__cypress/runner/cypress_runner.js:148875:21)\n    at http://localhost:62141/__cypress/runner/cypress_runner.js:148351:33\n    at tryCatcher (http://localhost:62141/__cypress/runner/cypress_runner.js:167415:23)\n    at Promise._settlePromiseFromHandler (http://localhost:62141/__cypress/runner/cypress_runner.js:165351:31)\n    at Promise._settlePromise (http://localhost:62141/__cypress/runner/cypress_runner.js:165408:18)\n    at Promise._settlePromiseCtx (http://localhost:62141/__cypress/runner/cypress_runner.js:165445:10)\n    at Async../node_modules/bluebird/js/release/async.js.Async._drainQueue (http://localhost:62141/__cypress/runner/cypress_runner.js:162145:12)\n    at Async../node_modules/bluebird/js/release/async.js.Async._drainQueues (http://localhost:62141/__cypress/runner/cypress_runner.js:162150:10)\n    at Async.drainQueues (http://localhost:62141/__cypress/runner/cypress_runner.js:162024:14)",
                "diff": ""
              },
              "uuid": "f9d7bee5-e736-4d94-822f-155e9bec4a57",
              "parentUUID": "609bebc5-994c-4892-bb12-9ff364803ab2",
              "isHook": false,
              "skipped": false
            },
            {
              "title": "Verifica se a cor preta ainda está presente e é a primeira na sua paleta de cores",
              "fullTitle": "12 - Faça com que as cores da paleta sejam geradas aleatoriamente ao carregar a página. Verifica se a cor preta ainda está presente e é a primeira na sua paleta de cores",
              "timedOut": null,
              "duration": 993,
              "state": "failed",
              "speed": null,
              "pass": false,
              "fail": true,
              "pending": false,
              "context": null,
              "code": "cy.get('.color').then(function (colors) {\n  var currentColors;\n  var previousColors;\n  previousColors = Array.from(colors).map(function (color) {\n    return Cypress.$(color).css('background-color');\n  });\n  expect(previousColors[0]).to.eq(BLACK);\n  for (var i = 0; i < 5; i += 1) {\n    cy.reload();\n    cy.get('.color').then(function (colors) {\n      currentColors = Array.from(colors).map(function (color) {\n        return Cypress.$(color).css('background-color');\n      });\n      expect(currentColors[0]).to.eq(BLACK);\n      expect(currentColors).not.to.deep.equal(previousColors);\n      previousColors = currentColors;\n    });\n  }\n});",
              "err": {
                "message": "AssertionError: expected [ Array(4) ] to not deeply equal [ Array(4) ]",
                "estack": "AssertionError: expected [ Array(4) ] to not deeply equal [ Array(4) ]\n    at getRet (http://localhost:62141/__cypress/runner/cypress_runner.js:136585:16)\n    at tryCatcher (http://localhost:62141/__cypress/runner/cypress_runner.js:167415:23)\n    at Function.Promise.attempt.Promise.try (http://localhost:62141/__cypress/runner/cypress_runner.js:164690:29)\n    at Context.thenFn (http://localhost:62141/__cypress/runner/cypress_runner.js:136599:23)\n    at Context.then (http://localhost:62141/__cypress/runner/cypress_runner.js:136971:21)\n    at Context.<anonymous> (http://localhost:62141/__cypress/runner/cypress_runner.js:148875:21)\n    at http://localhost:62141/__cypress/runner/cypress_runner.js:148351:33\n    at tryCatcher (http://localhost:62141/__cypress/runner/cypress_runner.js:167415:23)\n    at Promise._settlePromiseFromHandler (http://localhost:62141/__cypress/runner/cypress_runner.js:165351:31)\n    at Promise._settlePromise (http://localhost:62141/__cypress/runner/cypress_runner.js:165408:18)\n    at Promise._settlePromiseCtx (http://localhost:62141/__cypress/runner/cypress_runner.js:165445:10)\n    at Async../node_modules/bluebird/js/release/async.js.Async._drainQueue (http://localhost:62141/__cypress/runner/cypress_runner.js:162145:12)\n    at Async../node_modules/bluebird/js/release/async.js.Async._drainQueues (http://localhost:62141/__cypress/runner/cypress_runner.js:162150:10)\n    at Async.drainQueues (http://localhost:62141/__cypress/runner/cypress_runner.js:162024:14)",
                "diff": ""
              },
              "uuid": "32443cf9-7437-4b8f-a5d1-97fcdb021379",
              "parentUUID": "609bebc5-994c-4892-bb12-9ff364803ab2",
              "isHook": false,
              "skipped": false
            }
          ],
          "suites": [],
          "passes": [],
          "failures": [
            "f9d7bee5-e736-4d94-822f-155e9bec4a57",
            "32443cf9-7437-4b8f-a5d1-97fcdb021379"
          ],
          "pending": [],
          "skipped": [],
          "duration": 2254,
          "root": false,
          "rootEmpty": false,
          "_timeout": 2000
        }
      ],
      "passes": [],
      "failures": [],
      "pending": [],
      "skipped": [],
      "duration": 0,
      "root": true,
      "rootEmpty": true,
      "_timeout": 2000
    }
  ],
  "meta": {
    "mocha": {
      "version": "7.0.1"
    },
    "mochawesome": {
      "options": {
        "quiet": false,
        "reportFilename": "mochawesome",
        "saveHtml": false,
        "saveJson": true,
        "consoleReporter": "spec",
        "useInlineDiffs": false
      },
      "version": "4.1.0"
    },
    "marge": {
      "options": {
        "id": "default",
        "reportDir": "cypress/reports",
        "overwrite": true,
        "html": false,
        "json": true
      },
      "version": "4.1.0"
    }
  }
}