{
  "stats": {
    "suites": 12,
    "tests": 41,
    "passes": 9,
    "pending": 0,
    "failures": 32,
    "start": "2021-08-13T19:21:46.278Z",
    "end": "2021-08-13T19:23:51.347Z",
    "duration": 125069,
    "testsRegistered": 41,
    "passPercent": 21.951219512195124,
    "pendingPercent": 0,
    "other": 0,
    "hasOther": false,
    "skipped": 0,
    "hasSkipped": false
  },
  "results": [
    {
      "uuid": "e8e6b80c-01c4-4073-8c83-da0c9a590ab0",
      "title": "",
      "fullFile": "cypress/integration/project.spec.js",
      "file": "cypress/integration/project.spec.js",
      "beforeHooks": [],
      "afterHooks": [],
      "tests": [],
      "suites": [
        {
          "uuid": "4fb690d5-eb11-47c3-bc4f-40c787c97783",
          "title": "1 - Adicione à página o título \"Paleta de Cores\".",
          "fullFile": "",
          "file": "",
          "beforeHooks": [],
          "afterHooks": [],
          "tests": [
            {
              "title": "Verifica se contém um elemento `h1` com o id `title` com o título correto",
              "fullTitle": "1 - Adicione à página o título \"Paleta de Cores\". Verifica se contém um elemento `h1` com o id `title` com o título correto",
              "timedOut": null,
              "duration": 124,
              "state": "passed",
              "speed": "slow",
              "pass": true,
              "fail": false,
              "pending": false,
              "context": null,
              "code": "cy.get('h1#title').should('contain.text', 'Paleta de Cores');",
              "err": {},
              "uuid": "f3cbde5c-2ffa-48d5-9cad-34685b7abcf2",
              "parentUUID": "4fb690d5-eb11-47c3-bc4f-40c787c97783",
              "isHook": false,
              "skipped": false
            }
          ],
          "suites": [],
          "passes": [
            "f3cbde5c-2ffa-48d5-9cad-34685b7abcf2"
          ],
          "failures": [],
          "pending": [],
          "skipped": [],
          "duration": 124,
          "root": false,
          "rootEmpty": false,
          "_timeout": 2000
        },
        {
          "uuid": "2391ee11-2ba1-4194-99f3-5ae0cdc08829",
          "title": "2 - Adicione à página uma paleta de quatro cores distintas.",
          "fullFile": "",
          "file": "",
          "beforeHooks": [],
          "afterHooks": [],
          "tests": [
            {
              "title": "A paleta de cores deve ser um elemento com `id` denominado `color-palette`",
              "fullTitle": "2 - Adicione à página uma paleta de quatro cores distintas. A paleta de cores deve ser um elemento com `id` denominado `color-palette`",
              "timedOut": null,
              "duration": 61,
              "state": "passed",
              "speed": "medium",
              "pass": true,
              "fail": false,
              "pending": false,
              "context": null,
              "code": "cy.get('#color-palette').should('be.visible');",
              "err": {},
              "uuid": "bd569b9a-5254-4643-89d1-d9f7ac461495",
              "parentUUID": "2391ee11-2ba1-4194-99f3-5ae0cdc08829",
              "isHook": false,
              "skipped": false
            },
            {
              "title": "Verifica se cada cor individual da paleta de cores possui a `classe` chamada `color`.",
              "fullTitle": "2 - Adicione à página uma paleta de quatro cores distintas. Verifica se cada cor individual da paleta de cores possui a `classe` chamada `color`.",
              "timedOut": null,
              "duration": 4216,
              "state": "failed",
              "speed": null,
              "pass": false,
              "fail": true,
              "pending": false,
              "context": null,
              "code": "cy.get('.color').should('have.length', 4).then(function (colors) {\n  for (var i = 0; i < colors.length; i++) {\n    cy.wrap(colors[i]).should('be.visible');\n  }\n});",
              "err": {
                "message": "CypressError: Timed out retrying: Too many elements found. Found '7', expected '4'.",
                "estack": "CypressError: Timed out retrying: Too many elements found. Found '7', expected '4'.\n    at cypressErr (http://localhost:38073/__cypress/runner/cypress_runner.js:149934:9)\n    at throwErr (http://localhost:38073/__cypress/runner/cypress_runner.js:149867:11)\n    at Object.throwErrByPath (http://localhost:38073/__cypress/runner/cypress_runner.js:149915:3)\n    at retry (http://localhost:38073/__cypress/runner/cypress_runner.js:144197:19)\n    at onFailFn (http://localhost:38073/__cypress/runner/cypress_runner.js:132448:16)\n    at tryCatcher (http://localhost:38073/__cypress/runner/cypress_runner.js:167415:23)\n    at Promise._settlePromiseFromHandler (http://localhost:38073/__cypress/runner/cypress_runner.js:165351:31)\n    at Promise._settlePromise (http://localhost:38073/__cypress/runner/cypress_runner.js:165408:18)\n    at Promise._settlePromise0 (http://localhost:38073/__cypress/runner/cypress_runner.js:165453:10)\n    at Promise._settlePromises (http://localhost:38073/__cypress/runner/cypress_runner.js:165528:18)\n    at Async../node_modules/bluebird/js/release/async.js.Async._drainQueue (http://localhost:38073/__cypress/runner/cypress_runner.js:162140:16)\n    at Async../node_modules/bluebird/js/release/async.js.Async._drainQueues (http://localhost:38073/__cypress/runner/cypress_runner.js:162150:10)\n    at Async.drainQueues (http://localhost:38073/__cypress/runner/cypress_runner.js:162024:14)",
                "diff": null
              },
              "uuid": "92f9f33f-a400-42b9-8f5e-ab72672887df",
              "parentUUID": "2391ee11-2ba1-4194-99f3-5ae0cdc08829",
              "isHook": false,
              "skipped": false
            },
            {
              "title": "Verifica se a cor de fundo de cada elemento da paleta é a cor que o elemento representa. **A única cor não permitida na paleta é a cor branca.**",
              "fullTitle": "2 - Adicione à página uma paleta de quatro cores distintas. Verifica se a cor de fundo de cada elemento da paleta é a cor que o elemento representa. **A única cor não permitida na paleta é a cor branca.**",
              "timedOut": null,
              "duration": 155,
              "state": "passed",
              "speed": "slow",
              "pass": true,
              "fail": false,
              "pending": false,
              "context": null,
              "code": "cy.get('.color').each(function (color) {\n  cy.wrap(color).should('have.class', 'color').and('not.have.css', 'background-color', WHITE);\n  cy.wrap(color).should('have.css', 'background-color');\n});",
              "err": {},
              "uuid": "19677757-0b57-418c-9f1a-dc2302fa2bf1",
              "parentUUID": "2391ee11-2ba1-4194-99f3-5ae0cdc08829",
              "isHook": false,
              "skipped": false
            },
            {
              "title": "Verifica se cada elemento da paleta de cores tem uma borda preta, sólida e com 1 pixel de largura;",
              "fullTitle": "2 - Adicione à página uma paleta de quatro cores distintas. Verifica se cada elemento da paleta de cores tem uma borda preta, sólida e com 1 pixel de largura;",
              "timedOut": null,
              "duration": 74,
              "state": "passed",
              "speed": "medium",
              "pass": true,
              "fail": false,
              "pending": false,
              "context": null,
              "code": "cy.get('.color').each(function (color) {\n  cy.wrap(color).and('have.css', 'border', \"1px solid \".concat(BLACK)).and('have.class', 'color');\n});",
              "err": {},
              "uuid": "655f74e9-2d37-4adc-bff2-1498575366a5",
              "parentUUID": "2391ee11-2ba1-4194-99f3-5ae0cdc08829",
              "isHook": false,
              "skipped": false
            },
            {
              "title": "Verifica se a paleta lista todas as cores disponíveis para utilização, lado a lado.",
              "fullTitle": "2 - Adicione à página uma paleta de quatro cores distintas. Verifica se a paleta lista todas as cores disponíveis para utilização, lado a lado.",
              "timedOut": null,
              "duration": 74,
              "state": "passed",
              "speed": "medium",
              "pass": true,
              "fail": false,
              "pending": false,
              "context": null,
              "code": "cy.get('.color').then(function (colors) {\n  for (var index = 1; index < colors.length; index += 1) {\n    var currentColor = colors[index];\n    var previousColor = colors[index - 1];\n    cy.wrap(currentColor).should('be.onTheRightOf', previousColor).and('be.horizontallyAlignedWith', previousColor);\n  }\n});",
              "err": {},
              "uuid": "e7c6a439-9ef7-4dde-b553-b13a3bdb836d",
              "parentUUID": "2391ee11-2ba1-4194-99f3-5ae0cdc08829",
              "isHook": false,
              "skipped": false
            },
            {
              "title": "Verifica se a paleta de cores está posicionada abaixo do título 'Paleta de Cores'",
              "fullTitle": "2 - Adicione à página uma paleta de quatro cores distintas. Verifica se a paleta de cores está posicionada abaixo do título 'Paleta de Cores'",
              "timedOut": null,
              "duration": 57,
              "state": "passed",
              "speed": "medium",
              "pass": true,
              "fail": false,
              "pending": false,
              "context": null,
              "code": "cy.get('h1#title').then(function (title) {\n  cy.get('#color-palette').should('be.belowOf', title);\n});",
              "err": {},
              "uuid": "27aecd00-0ca8-4555-81bc-d598f6a70118",
              "parentUUID": "2391ee11-2ba1-4194-99f3-5ae0cdc08829",
              "isHook": false,
              "skipped": false
            },
            {
              "title": "Verifica se a paleta de cores não contém cores repetidas.",
              "fullTitle": "2 - Adicione à página uma paleta de quatro cores distintas. Verifica se a paleta de cores não contém cores repetidas.",
              "timedOut": null,
              "duration": 63,
              "state": "passed",
              "speed": "medium",
              "pass": true,
              "fail": false,
              "pending": false,
              "context": null,
              "code": "cy.get('.color').then(function (colors) {\n  var allColors = Array.from(colors).map(function (color) {\n    return Cypress.$(color).css('background-color');\n  });\n  cy.log(allColors);\n  var uniqColors = (0, _toConsumableArray2[\"default\"])(new Set(allColors));\n  cy.log(uniqColors);\n  expect(allColors.length).to.eq(uniqColors.length);\n});",
              "err": {},
              "uuid": "d23ee486-08cf-4cd1-88b4-12e91a3ff99a",
              "parentUUID": "2391ee11-2ba1-4194-99f3-5ae0cdc08829",
              "isHook": false,
              "skipped": false
            }
          ],
          "suites": [],
          "passes": [
            "bd569b9a-5254-4643-89d1-d9f7ac461495",
            "19677757-0b57-418c-9f1a-dc2302fa2bf1",
            "655f74e9-2d37-4adc-bff2-1498575366a5",
            "e7c6a439-9ef7-4dde-b553-b13a3bdb836d",
            "27aecd00-0ca8-4555-81bc-d598f6a70118",
            "d23ee486-08cf-4cd1-88b4-12e91a3ff99a"
          ],
          "failures": [
            "92f9f33f-a400-42b9-8f5e-ab72672887df"
          ],
          "pending": [],
          "skipped": [],
          "duration": 4700,
          "root": false,
          "rootEmpty": false,
          "_timeout": 2000
        },
        {
          "uuid": "3e1b146e-c0c7-41ee-aec6-a10aa83725df",
          "title": "3 - Adicione a cor **preta** como a primeira cor da paleta de cores.",
          "fullFile": "",
          "file": "",
          "beforeHooks": [],
          "afterHooks": [],
          "tests": [
            {
              "title": "Verifica se a primeira cor da paleta é preta",
              "fullTitle": "3 - Adicione a cor **preta** como a primeira cor da paleta de cores. Verifica se a primeira cor da paleta é preta",
              "timedOut": null,
              "duration": 4175,
              "state": "failed",
              "speed": null,
              "pass": false,
              "fail": true,
              "pending": false,
              "context": null,
              "code": "cy.get('.color').first().should('have.css', 'background-color', BLACK);",
              "err": {
                "message": "CypressError: Timed out retrying: expected '<li.color>' to have CSS property 'background-color' with the value 'rgb(0, 0, 0)', but the value was 'rgb(255, 192, 203)'",
                "estack": "CypressError: Timed out retrying: expected '<li.color>' to have CSS property 'background-color' with the value 'rgb(0, 0, 0)', but the value was 'rgb(255, 192, 203)'\n    at cypressErr (http://localhost:38073/__cypress/runner/cypress_runner.js:149934:9)\n    at throwErr (http://localhost:38073/__cypress/runner/cypress_runner.js:149867:11)\n    at Object.throwErrByPath (http://localhost:38073/__cypress/runner/cypress_runner.js:149915:3)\n    at retry (http://localhost:38073/__cypress/runner/cypress_runner.js:144197:19)\n    at onFailFn (http://localhost:38073/__cypress/runner/cypress_runner.js:132448:16)\n    at tryCatcher (http://localhost:38073/__cypress/runner/cypress_runner.js:167415:23)\n    at Promise._settlePromiseFromHandler (http://localhost:38073/__cypress/runner/cypress_runner.js:165351:31)\n    at Promise._settlePromise (http://localhost:38073/__cypress/runner/cypress_runner.js:165408:18)\n    at Promise._settlePromise0 (http://localhost:38073/__cypress/runner/cypress_runner.js:165453:10)\n    at Promise._settlePromises (http://localhost:38073/__cypress/runner/cypress_runner.js:165528:18)\n    at Async../node_modules/bluebird/js/release/async.js.Async._drainQueue (http://localhost:38073/__cypress/runner/cypress_runner.js:162140:16)\n    at Async../node_modules/bluebird/js/release/async.js.Async._drainQueues (http://localhost:38073/__cypress/runner/cypress_runner.js:162150:10)\n    at Async.drainQueues (http://localhost:38073/__cypress/runner/cypress_runner.js:162024:14)",
                "diff": null
              },
              "uuid": "1ceff554-5749-4091-9137-388f57244b8d",
              "parentUUID": "3e1b146e-c0c7-41ee-aec6-a10aa83725df",
              "isHook": false,
              "skipped": false
            },
            {
              "title": "Verifica se as demais cores podem ser escolhidas livremente.",
              "fullTitle": "3 - Adicione a cor **preta** como a primeira cor da paleta de cores. Verifica se as demais cores podem ser escolhidas livremente.",
              "timedOut": null,
              "duration": 158,
              "state": "passed",
              "speed": "slow",
              "pass": true,
              "fail": false,
              "pending": false,
              "context": null,
              "code": "cy.get('.color').eq(1).should('not.have.css', 'background-color', BLACK);\ncy.get('.color').eq(1).should('not.have.css', 'background-color', WHITE);\ncy.get('.color').eq(1).should('not.have.css', 'background-color', 'rgba(0, 0, 0, 0)');\ncy.get('.color').eq(1).should('have.css', 'background-color');\ncy.get('.color').eq(2).should('not.have.css', 'background-color', BLACK);\ncy.get('.color').eq(2).should('not.have.css', 'background-color', WHITE);\ncy.get('.color').eq(2).should('not.have.css', 'background-color', 'rgba(0, 0, 0, 0)');\ncy.get('.color').eq(2).should('have.css', 'background-color');\ncy.get('.color').eq(3).should('not.have.css', 'background-color', BLACK);\ncy.get('.color').eq(3).should('not.have.css', 'background-color', WHITE);\ncy.get('.color').eq(3).should('not.have.css', 'background-color', 'rgba(0, 0, 0, 0)');\ncy.get('.color').eq(3).should('have.css', 'background-color');",
              "err": {},
              "uuid": "2a5a9278-fb8a-4c23-84e6-950eb253404e",
              "parentUUID": "3e1b146e-c0c7-41ee-aec6-a10aa83725df",
              "isHook": false,
              "skipped": false
            }
          ],
          "suites": [],
          "passes": [
            "2a5a9278-fb8a-4c23-84e6-950eb253404e"
          ],
          "failures": [
            "1ceff554-5749-4091-9137-388f57244b8d"
          ],
          "pending": [],
          "skipped": [],
          "duration": 4333,
          "root": false,
          "rootEmpty": false,
          "_timeout": 2000
        },
        {
          "uuid": "ec4df221-049d-4dac-a197-990692b911e5",
          "title": "4 - Adicione à página um quadro de pixels, com 25 pixels.",
          "fullFile": "",
          "file": "",
          "beforeHooks": [],
          "afterHooks": [],
          "tests": [
            {
              "title": "Verifica se o quadro de pixels possui o `id` denominado `pixel-board`",
              "fullTitle": "4 - Adicione à página um quadro de pixels, com 25 pixels. Verifica se o quadro de pixels possui o `id` denominado `pixel-board`",
              "timedOut": null,
              "duration": 4164,
              "state": "failed",
              "speed": null,
              "pass": false,
              "fail": true,
              "pending": false,
              "context": null,
              "code": "cy.get('#pixel-board').should('be.visible');",
              "err": {
                "message": "CypressError: Timed out retrying: Expected to find element: '#pixel-board', but never found it.",
                "estack": "CypressError: Timed out retrying: Expected to find element: '#pixel-board', but never found it.\n    at cypressErr (http://localhost:38073/__cypress/runner/cypress_runner.js:149934:9)\n    at throwErr (http://localhost:38073/__cypress/runner/cypress_runner.js:149867:11)\n    at Object.throwErrByPath (http://localhost:38073/__cypress/runner/cypress_runner.js:149915:3)\n    at retry (http://localhost:38073/__cypress/runner/cypress_runner.js:144197:19)\n    at onFailFn (http://localhost:38073/__cypress/runner/cypress_runner.js:132448:16)\n    at tryCatcher (http://localhost:38073/__cypress/runner/cypress_runner.js:167415:23)\n    at Promise._settlePromiseFromHandler (http://localhost:38073/__cypress/runner/cypress_runner.js:165351:31)\n    at Promise._settlePromise (http://localhost:38073/__cypress/runner/cypress_runner.js:165408:18)\n    at Promise._settlePromise0 (http://localhost:38073/__cypress/runner/cypress_runner.js:165453:10)\n    at Promise._settlePromises (http://localhost:38073/__cypress/runner/cypress_runner.js:165528:18)\n    at Async../node_modules/bluebird/js/release/async.js.Async._drainQueue (http://localhost:38073/__cypress/runner/cypress_runner.js:162140:16)\n    at Async../node_modules/bluebird/js/release/async.js.Async._drainQueues (http://localhost:38073/__cypress/runner/cypress_runner.js:162150:10)\n    at Async.drainQueues (http://localhost:38073/__cypress/runner/cypress_runner.js:162024:14)",
                "diff": null
              },
              "uuid": "5e0f36de-936b-43f1-9f1e-1477d9963dd4",
              "parentUUID": "ec4df221-049d-4dac-a197-990692b911e5",
              "isHook": false,
              "skipped": false
            },
            {
              "title": "Verifica se cada pixel individual dentro do quadro possui a `classe` denominada `pixel`.",
              "fullTitle": "4 - Adicione à página um quadro de pixels, com 25 pixels. Verifica se cada pixel individual dentro do quadro possui a `classe` denominada `pixel`.",
              "timedOut": null,
              "duration": 4192,
              "state": "failed",
              "speed": null,
              "pass": false,
              "fail": true,
              "pending": false,
              "context": null,
              "code": "cy.get('.pixel').should('have.length', 25);",
              "err": {
                "message": "CypressError: Timed out retrying: Expected to find element: '.pixel', but never found it.",
                "estack": "CypressError: Timed out retrying: Expected to find element: '.pixel', but never found it.\n    at cypressErr (http://localhost:38073/__cypress/runner/cypress_runner.js:149934:9)\n    at throwErr (http://localhost:38073/__cypress/runner/cypress_runner.js:149867:11)\n    at Object.throwErrByPath (http://localhost:38073/__cypress/runner/cypress_runner.js:149915:3)\n    at retry (http://localhost:38073/__cypress/runner/cypress_runner.js:144197:19)\n    at onFailFn (http://localhost:38073/__cypress/runner/cypress_runner.js:132448:16)\n    at tryCatcher (http://localhost:38073/__cypress/runner/cypress_runner.js:167415:23)\n    at Promise._settlePromiseFromHandler (http://localhost:38073/__cypress/runner/cypress_runner.js:165351:31)\n    at Promise._settlePromise (http://localhost:38073/__cypress/runner/cypress_runner.js:165408:18)\n    at Promise._settlePromise0 (http://localhost:38073/__cypress/runner/cypress_runner.js:165453:10)\n    at Promise._settlePromises (http://localhost:38073/__cypress/runner/cypress_runner.js:165528:18)\n    at Async../node_modules/bluebird/js/release/async.js.Async._drainQueue (http://localhost:38073/__cypress/runner/cypress_runner.js:162140:16)\n    at Async../node_modules/bluebird/js/release/async.js.Async._drainQueues (http://localhost:38073/__cypress/runner/cypress_runner.js:162150:10)\n    at Async.drainQueues (http://localhost:38073/__cypress/runner/cypress_runner.js:162024:14)",
                "diff": null
              },
              "uuid": "6d880d55-1884-4ea0-b882-2b75ffdbf6f4",
              "parentUUID": "ec4df221-049d-4dac-a197-990692b911e5",
              "isHook": false,
              "skipped": false
            },
            {
              "title": "Verifica se a cor inicial dos pixels dentro do quadro, ao abrir a página, é branca.",
              "fullTitle": "4 - Adicione à página um quadro de pixels, com 25 pixels. Verifica se a cor inicial dos pixels dentro do quadro, ao abrir a página, é branca.",
              "timedOut": null,
              "duration": 4212,
              "state": "failed",
              "speed": null,
              "pass": false,
              "fail": true,
              "pending": false,
              "context": null,
              "code": "cy.get('.pixel').should('have.length', 25).each(function (pixel) {\n  expect(pixel).to.have.css('background-color', WHITE);\n});",
              "err": {
                "message": "CypressError: Timed out retrying: Expected to find element: '.pixel', but never found it.",
                "estack": "CypressError: Timed out retrying: Expected to find element: '.pixel', but never found it.\n    at cypressErr (http://localhost:38073/__cypress/runner/cypress_runner.js:149934:9)\n    at throwErr (http://localhost:38073/__cypress/runner/cypress_runner.js:149867:11)\n    at Object.throwErrByPath (http://localhost:38073/__cypress/runner/cypress_runner.js:149915:3)\n    at retry (http://localhost:38073/__cypress/runner/cypress_runner.js:144197:19)\n    at onFailFn (http://localhost:38073/__cypress/runner/cypress_runner.js:132448:16)\n    at tryCatcher (http://localhost:38073/__cypress/runner/cypress_runner.js:167415:23)\n    at Promise._settlePromiseFromHandler (http://localhost:38073/__cypress/runner/cypress_runner.js:165351:31)\n    at Promise._settlePromise (http://localhost:38073/__cypress/runner/cypress_runner.js:165408:18)\n    at Promise._settlePromise0 (http://localhost:38073/__cypress/runner/cypress_runner.js:165453:10)\n    at Promise._settlePromises (http://localhost:38073/__cypress/runner/cypress_runner.js:165528:18)\n    at Async../node_modules/bluebird/js/release/async.js.Async._drainQueue (http://localhost:38073/__cypress/runner/cypress_runner.js:162140:16)\n    at Async../node_modules/bluebird/js/release/async.js.Async._drainQueues (http://localhost:38073/__cypress/runner/cypress_runner.js:162150:10)\n    at Async.drainQueues (http://localhost:38073/__cypress/runner/cypress_runner.js:162024:14)",
                "diff": null
              },
              "uuid": "98029cae-d860-40e9-9a20-33d7c05edbc2",
              "parentUUID": "ec4df221-049d-4dac-a197-990692b911e5",
              "isHook": false,
              "skipped": false
            },
            {
              "title": "Verifica se o quadro de pixels aparece abaixo da paleta de cores",
              "fullTitle": "4 - Adicione à página um quadro de pixels, com 25 pixels. Verifica se o quadro de pixels aparece abaixo da paleta de cores",
              "timedOut": null,
              "duration": 4194,
              "state": "failed",
              "speed": null,
              "pass": false,
              "fail": true,
              "pending": false,
              "context": null,
              "code": "cy.get('#color-palette').then(function (palette) {\n  cy.get('#pixel-board').should('be.belowOf', palette);\n});",
              "err": {
                "message": "CypressError: Timed out retrying: Expected to find element: '#pixel-board', but never found it.",
                "estack": "CypressError: Timed out retrying: Expected to find element: '#pixel-board', but never found it.\n    at cypressErr (http://localhost:38073/__cypress/runner/cypress_runner.js:149934:9)\n    at throwErr (http://localhost:38073/__cypress/runner/cypress_runner.js:149867:11)\n    at Object.throwErrByPath (http://localhost:38073/__cypress/runner/cypress_runner.js:149915:3)\n    at retry (http://localhost:38073/__cypress/runner/cypress_runner.js:144197:19)\n    at onFailFn (http://localhost:38073/__cypress/runner/cypress_runner.js:132448:16)\n    at tryCatcher (http://localhost:38073/__cypress/runner/cypress_runner.js:167415:23)\n    at Promise._settlePromiseFromHandler (http://localhost:38073/__cypress/runner/cypress_runner.js:165351:31)\n    at Promise._settlePromise (http://localhost:38073/__cypress/runner/cypress_runner.js:165408:18)\n    at Promise._settlePromise0 (http://localhost:38073/__cypress/runner/cypress_runner.js:165453:10)\n    at Promise._settlePromises (http://localhost:38073/__cypress/runner/cypress_runner.js:165528:18)\n    at Async../node_modules/bluebird/js/release/async.js.Async._drainQueue (http://localhost:38073/__cypress/runner/cypress_runner.js:162140:16)\n    at Async../node_modules/bluebird/js/release/async.js.Async._drainQueues (http://localhost:38073/__cypress/runner/cypress_runner.js:162150:10)\n    at Async.drainQueues (http://localhost:38073/__cypress/runner/cypress_runner.js:162024:14)",
                "diff": null
              },
              "uuid": "44e81eab-9f6b-4ae6-9b11-1ea3ba4e2701",
              "parentUUID": "ec4df221-049d-4dac-a197-990692b911e5",
              "isHook": false,
              "skipped": false
            }
          ],
          "suites": [],
          "passes": [],
          "failures": [
            "5e0f36de-936b-43f1-9f1e-1477d9963dd4",
            "6d880d55-1884-4ea0-b882-2b75ffdbf6f4",
            "98029cae-d860-40e9-9a20-33d7c05edbc2",
            "44e81eab-9f6b-4ae6-9b11-1ea3ba4e2701"
          ],
          "pending": [],
          "skipped": [],
          "duration": 16762,
          "root": false,
          "rootEmpty": false,
          "_timeout": 2000
        },
        {
          "uuid": "cd6e4433-7489-41bd-ab96-8224f2e62671",
          "title": "5 - Faça com que cada elemento do quadro de pixels possua 40 pixels de largura, 40 pixels de altura e seja delimitado por uma borda preta de 1 pixel.",
          "fullFile": "",
          "file": "",
          "beforeHooks": [],
          "afterHooks": [],
          "tests": [
            {
              "title": "Verifica se o quadro de pixels tem altura e comprimento de 5 elementos",
              "fullTitle": "5 - Faça com que cada elemento do quadro de pixels possua 40 pixels de largura, 40 pixels de altura e seja delimitado por uma borda preta de 1 pixel. Verifica se o quadro de pixels tem altura e comprimento de 5 elementos",
              "timedOut": null,
              "duration": 4206,
              "state": "failed",
              "speed": null,
              "pass": false,
              "fail": true,
              "pending": false,
              "context": null,
              "code": "cy.get('.pixel').should('have.length', 25).each(function (pixel) {\n  expect(pixel).to.have.css('background-color', WHITE);\n}).and(function (pixels) {\n  var rows = chunk(pixels, 5);\n  rows.forEach(function (row) {\n    for (var index = 1; index < row.length; index += 1) {\n      var current = pixels[index];\n      var previous = pixels[index - 1];\n      cy.wrap(current).should('be.onTheRightOf', previous).and('be.horizontallyAlignedWith', previous);\n    }\n  });\n  for (var index = 1; index < 5; index += 1) {\n    expect(pixels[index * 5]).to.be.belowOf(pixels[(index - 1) * 5]);\n  }\n});",
              "err": {
                "message": "CypressError: Timed out retrying: Expected to find element: '.pixel', but never found it.",
                "estack": "CypressError: Timed out retrying: Expected to find element: '.pixel', but never found it.\n    at cypressErr (http://localhost:38073/__cypress/runner/cypress_runner.js:149934:9)\n    at throwErr (http://localhost:38073/__cypress/runner/cypress_runner.js:149867:11)\n    at Object.throwErrByPath (http://localhost:38073/__cypress/runner/cypress_runner.js:149915:3)\n    at retry (http://localhost:38073/__cypress/runner/cypress_runner.js:144197:19)\n    at onFailFn (http://localhost:38073/__cypress/runner/cypress_runner.js:132448:16)\n    at tryCatcher (http://localhost:38073/__cypress/runner/cypress_runner.js:167415:23)\n    at Promise._settlePromiseFromHandler (http://localhost:38073/__cypress/runner/cypress_runner.js:165351:31)\n    at Promise._settlePromise (http://localhost:38073/__cypress/runner/cypress_runner.js:165408:18)\n    at Promise._settlePromise0 (http://localhost:38073/__cypress/runner/cypress_runner.js:165453:10)\n    at Promise._settlePromises (http://localhost:38073/__cypress/runner/cypress_runner.js:165528:18)\n    at Async../node_modules/bluebird/js/release/async.js.Async._drainQueue (http://localhost:38073/__cypress/runner/cypress_runner.js:162140:16)\n    at Async../node_modules/bluebird/js/release/async.js.Async._drainQueues (http://localhost:38073/__cypress/runner/cypress_runner.js:162150:10)\n    at Async.drainQueues (http://localhost:38073/__cypress/runner/cypress_runner.js:162024:14)",
                "diff": null
              },
              "uuid": "37be227a-3b09-470d-aabe-f35daecc13a1",
              "parentUUID": "cd6e4433-7489-41bd-ab96-8224f2e62671",
              "isHook": false,
              "skipped": false
            },
            {
              "title": "Verifica se 40 pixels é o tamanho total do elemento, incluindo seu conteúdo e excluindo a borda preta, que deve ser criada à parte.",
              "fullTitle": "5 - Faça com que cada elemento do quadro de pixels possua 40 pixels de largura, 40 pixels de altura e seja delimitado por uma borda preta de 1 pixel. Verifica se 40 pixels é o tamanho total do elemento, incluindo seu conteúdo e excluindo a borda preta, que deve ser criada à parte.",
              "timedOut": null,
              "duration": 4213,
              "state": "failed",
              "speed": null,
              "pass": false,
              "fail": true,
              "pending": false,
              "context": null,
              "code": "cy.get('.pixel').each(function (pixel) {\n  cy.wrap(pixel).should('have.css', 'height', '40px').and('have.css', 'width', '40px').and('have.css', 'border', \"1px solid \".concat(BLACK));\n});",
              "err": {
                "message": "CypressError: Timed out retrying: Expected to find element: '.pixel', but never found it.",
                "estack": "CypressError: Timed out retrying: Expected to find element: '.pixel', but never found it.\n    at cypressErr (http://localhost:38073/__cypress/runner/cypress_runner.js:149934:9)\n    at throwErr (http://localhost:38073/__cypress/runner/cypress_runner.js:149867:11)\n    at Object.throwErrByPath (http://localhost:38073/__cypress/runner/cypress_runner.js:149915:3)\n    at retry (http://localhost:38073/__cypress/runner/cypress_runner.js:144197:19)\n    at onFailFn (http://localhost:38073/__cypress/runner/cypress_runner.js:132448:16)\n    at tryCatcher (http://localhost:38073/__cypress/runner/cypress_runner.js:167415:23)\n    at Promise._settlePromiseFromHandler (http://localhost:38073/__cypress/runner/cypress_runner.js:165351:31)\n    at Promise._settlePromise (http://localhost:38073/__cypress/runner/cypress_runner.js:165408:18)\n    at Promise._settlePromise0 (http://localhost:38073/__cypress/runner/cypress_runner.js:165453:10)\n    at Promise._settlePromises (http://localhost:38073/__cypress/runner/cypress_runner.js:165528:18)\n    at Async../node_modules/bluebird/js/release/async.js.Async._drainQueue (http://localhost:38073/__cypress/runner/cypress_runner.js:162140:16)\n    at Async../node_modules/bluebird/js/release/async.js.Async._drainQueues (http://localhost:38073/__cypress/runner/cypress_runner.js:162150:10)\n    at Async.drainQueues (http://localhost:38073/__cypress/runner/cypress_runner.js:162024:14)",
                "diff": null
              },
              "uuid": "426de1c6-7429-4be2-bc85-9d76f9afec2c",
              "parentUUID": "cd6e4433-7489-41bd-ab96-8224f2e62671",
              "isHook": false,
              "skipped": false
            }
          ],
          "suites": [],
          "passes": [],
          "failures": [
            "37be227a-3b09-470d-aabe-f35daecc13a1",
            "426de1c6-7429-4be2-bc85-9d76f9afec2c"
          ],
          "pending": [],
          "skipped": [],
          "duration": 8419,
          "root": false,
          "rootEmpty": false,
          "_timeout": 2000
        },
        {
          "uuid": "b0b8b4f6-a046-4e73-80b5-ac8c8d52fb6e",
          "title": "6 - Defina a cor preta como cor inicial. Ao carregar a página a cor preta já deve estar selecionada para pintar os pixels",
          "fullFile": "",
          "file": "",
          "beforeHooks": [],
          "afterHooks": [],
          "tests": [
            {
              "title": "Verifica se o elemento da cor preta possui, inicialmente, a `classe` `selected`",
              "fullTitle": "6 - Defina a cor preta como cor inicial. Ao carregar a página a cor preta já deve estar selecionada para pintar os pixels Verifica se o elemento da cor preta possui, inicialmente, a `classe` `selected`",
              "timedOut": null,
              "duration": 4197,
              "state": "failed",
              "speed": null,
              "pass": false,
              "fail": true,
              "pending": false,
              "context": null,
              "code": "cy.get('.selected').first().should('have.css', 'background-color', BLACK);",
              "err": {
                "message": "CypressError: Timed out retrying: Expected to find element: '.selected', but never found it.",
                "estack": "CypressError: Timed out retrying: Expected to find element: '.selected', but never found it.\n    at cypressErr (http://localhost:38073/__cypress/runner/cypress_runner.js:149934:9)\n    at throwErr (http://localhost:38073/__cypress/runner/cypress_runner.js:149867:11)\n    at Object.throwErrByPath (http://localhost:38073/__cypress/runner/cypress_runner.js:149915:3)\n    at retry (http://localhost:38073/__cypress/runner/cypress_runner.js:144197:19)\n    at onFailFn (http://localhost:38073/__cypress/runner/cypress_runner.js:132448:16)\n    at tryCatcher (http://localhost:38073/__cypress/runner/cypress_runner.js:167415:23)\n    at Promise._settlePromiseFromHandler (http://localhost:38073/__cypress/runner/cypress_runner.js:165351:31)\n    at Promise._settlePromise (http://localhost:38073/__cypress/runner/cypress_runner.js:165408:18)\n    at Promise._settlePromise0 (http://localhost:38073/__cypress/runner/cypress_runner.js:165453:10)\n    at Promise._settlePromises (http://localhost:38073/__cypress/runner/cypress_runner.js:165528:18)\n    at Async../node_modules/bluebird/js/release/async.js.Async._drainQueue (http://localhost:38073/__cypress/runner/cypress_runner.js:162140:16)\n    at Async../node_modules/bluebird/js/release/async.js.Async._drainQueues (http://localhost:38073/__cypress/runner/cypress_runner.js:162150:10)\n    at Async.drainQueues (http://localhost:38073/__cypress/runner/cypress_runner.js:162024:14)",
                "diff": null
              },
              "uuid": "3b484194-4bd0-4e7e-b64c-b4099ac7aaf2",
              "parentUUID": "b0b8b4f6-a046-4e73-80b5-ac8c8d52fb6e",
              "isHook": false,
              "skipped": false
            },
            {
              "title": "Verifica se nenhuma outra cor da paleta tem a `classe` `selected`",
              "fullTitle": "6 - Defina a cor preta como cor inicial. Ao carregar a página a cor preta já deve estar selecionada para pintar os pixels Verifica se nenhuma outra cor da paleta tem a `classe` `selected`",
              "timedOut": null,
              "duration": 106,
              "state": "passed",
              "speed": "slow",
              "pass": true,
              "fail": false,
              "pending": false,
              "context": null,
              "code": "cy.get('.color:not(:first-child)').each(function (color) {\n  cy.wrap(color).should('not.have.class', 'selected');\n});",
              "err": {},
              "uuid": "05ae2338-6bbd-4af6-9851-a70ad0679184",
              "parentUUID": "b0b8b4f6-a046-4e73-80b5-ac8c8d52fb6e",
              "isHook": false,
              "skipped": false
            }
          ],
          "suites": [],
          "passes": [
            "05ae2338-6bbd-4af6-9851-a70ad0679184"
          ],
          "failures": [
            "3b484194-4bd0-4e7e-b64c-b4099ac7aaf2"
          ],
          "pending": [],
          "skipped": [],
          "duration": 4303,
          "root": false,
          "rootEmpty": false,
          "_timeout": 2000
        },
        {
          "uuid": "56ebdf2e-5b7f-4f6b-8ed0-08f1958c50de",
          "title": "7 - Clicar em uma das cores da paleta, faz com que ela seja selecionada e utilizada para preencher os pixels no quadro.",
          "fullFile": "",
          "file": "",
          "beforeHooks": [],
          "afterHooks": [],
          "tests": [
            {
              "title": "Verifica se somente uma cor da paleta de cores tem a classe `selected` de cada vez",
              "fullTitle": "7 - Clicar em uma das cores da paleta, faz com que ela seja selecionada e utilizada para preencher os pixels no quadro. Verifica se somente uma cor da paleta de cores tem a classe `selected` de cada vez",
              "timedOut": null,
              "duration": 294,
              "state": "failed",
              "speed": null,
              "pass": false,
              "fail": true,
              "pending": false,
              "context": null,
              "code": "cy.get('.color').each(function (selectedColor, selectedColorIndex) {\n  cy.wrap(selectedColor).click();\n  cy.get('.color').each(function (color, colorIndex) {\n    if (colorIndex === selectedColorIndex) {\n      expect(color).to.have[\"class\"]('selected');\n    } else {\n      expect(color).not.to.have[\"class\"]('selected');\n    }\n  });\n});",
              "err": {
                "message": "AssertionError: expected '<li.color>' to have class 'selected'",
                "estack": "AssertionError: expected '<li.color>' to have class 'selected'\n    at callback (http://localhost:38073/__cypress/runner/cypress_runner.js:136947:20)\n    at getRet (http://localhost:38073/__cypress/runner/cypress_runner.js:136585:16)\n    at tryCatcher (http://localhost:38073/__cypress/runner/cypress_runner.js:167415:23)\n    at Function.Promise.attempt.Promise.try (http://localhost:38073/__cypress/runner/cypress_runner.js:164690:29)\n    at thenFn (http://localhost:38073/__cypress/runner/cypress_runner.js:136599:23)\n    at yieldItem (http://localhost:38073/__cypress/runner/cypress_runner.js:136954:16)\n    at tryCatcher (http://localhost:38073/__cypress/runner/cypress_runner.js:167415:23)\n    at Object.gotValue (http://localhost:38073/__cypress/runner/cypress_runner.js:166557:18)\n    at Object.gotAccum (http://localhost:38073/__cypress/runner/cypress_runner.js:166546:25)\n    at Object.tryCatcher (http://localhost:38073/__cypress/runner/cypress_runner.js:167415:23)\n    at Promise._settlePromiseFromHandler (http://localhost:38073/__cypress/runner/cypress_runner.js:165351:31)\n    at Promise._settlePromise (http://localhost:38073/__cypress/runner/cypress_runner.js:165408:18)\n    at Promise._settlePromiseCtx (http://localhost:38073/__cypress/runner/cypress_runner.js:165445:10)\n    at Async../node_modules/bluebird/js/release/async.js.Async._drainQueue (http://localhost:38073/__cypress/runner/cypress_runner.js:162145:12)\n    at Async../node_modules/bluebird/js/release/async.js.Async._drainQueues (http://localhost:38073/__cypress/runner/cypress_runner.js:162150:10)\n    at Async.drainQueues (http://localhost:38073/__cypress/runner/cypress_runner.js:162024:14)",
                "diff": "- { '0': <li class=\"color\" style=\"background: pink;\"></li>,\n-   length: 1,\n-   jquery: '3.1.1',\n-   constructor: \n-    { [Function: jQuery]\n-      fn: \n-       { jquery: '3.1.1',\n-         constructor: [Circular],\n-         length: 0,\n-         toArray: [Function: toArray],\n-         get: [Function: get],\n-         pushStack: [Function: pushStack],\n-         each: [Function: each],\n-         map: [Function: map],\n-         slice: [Function: slice],\n-         first: [Function: first],\n-         last: [Function: last],\n-         eq: [Function: eq],\n-         end: [Function: end],\n-         push: [Function: push],\n-         sort: [Function: sort],\n-         splice: [Function: splice],\n-         extend: [Function],\n-         find: [Function: find],\n-         filter: [Function: filter],\n-         not: [Function: not],\n-         is: [Function: is],\n-         init: [Function],\n-         has: [Function: has],\n-         closest: [Function: closest],\n-         index: [Function: index],\n-         add: [Function: add],\n-         addBack: [Function: addBack],\n-         parent: [Function],\n-         parents: [Function],\n-         parentsUntil: [Function],\n-         next: [Function],\n-         prev: [Function],\n-         nextAll: [Function],\n-         prevAll: [Function],\n-         nextUntil: [Function],\n-         prevUntil: [Function],\n-         siblings: [Function],\n-         children: [Function],\n-         contents: [Function],\n-         ready: [Function],\n-         data: [Function: data],\n-         removeData: [Function: removeData],\n-         queue: [Function: queue],\n-         dequeue: [Function: dequeue],\n-         clearQueue: [Function: clearQueue],\n-         promise: [Function: promise],\n-         show: [Function],\n-         hide: [Function],\n-         toggle: [Function],\n-         on: [Function: on],\n-         one: [Function: one],\n-         off: [Function: off],\n-         detach: [Function: detach],\n-         remove: [Function: remove],\n-         text: [Function: text],\n-         append: [Function: append],\n-         prepend: [Function: prepend],\n-         before: [Function: before],\n-         after: [Function: after],\n-         empty: [Function: empty],\n-         clone: [Function: clone],\n-         html: [Function: html],\n-         replaceWith: [Function: replaceWith],\n-         appendTo: [Function],\n-         prependTo: [Function],\n-         insertBefore: [Function],\n-         insertAfter: [Function],\n-         replaceAll: [Function],\n-         css: [Function: css],\n-         fadeTo: [Function: fadeTo],\n-         animate: [Function: animate],\n-         stop: [Function: stop],\n-         finish: [Function: finish],\n-         slideDown: [Function],\n-         slideUp: [Function],\n-         slideToggle: [Function],\n-         fadeIn: [Function],\n-         fadeOut: [Function],\n-         fadeToggle: [Function],\n-         delay: [Function],\n-         attr: [Function: attr],\n-         removeAttr: [Function: removeAttr],\n-         prop: [Function: prop],\n-         removeProp: [Function: removeProp],\n-         addClass: [Function: addClass],\n-         removeClass: [Function: removeClass],\n-         toggleClass: [Function: toggleClass],\n-         hasClass: [Function: hasClass],\n-         val: [Function: val],\n-         trigger: [Function: trigger],\n-         triggerHandler: [Function: triggerHandler],\n-         blur: [Function],\n-         focus: [Function],\n-         focusin: [Function],\n-         focusout: [Function],\n-         resize: [Function],\n-         scroll: [Function],\n-         click: [Function],\n-         dblclick: [Function],\n-         mousedown: [Function],\n-         mouseup: [Function],\n-         mousemove: [Function],\n-         mouseover: [Function],\n-         mouseout: [Function],\n-         mouseenter: [Function],\n-         mouseleave: [Function],\n-         change: [Function],\n-         select: [Function],\n-         submit: [Function],\n-         keydown: [Function],\n-         keypress: [Function],\n-         keyup: [Function],\n-         contextmenu: [Function],\n-         hover: [Function: hover],\n-         serialize: [Function: serialize],\n-         serializeArray: [Function: serializeArray],\n-         wrapAll: [Function: wrapAll],\n-         wrapInner: [Function: wrapInner],\n-         wrap: [Function: wrap],\n-         unwrap: [Function: unwrap],\n-         load: [Function],\n-         ajaxStart: [Function],\n-         ajaxStop: [Function],\n-         ajaxComplete: [Function],\n-         ajaxError: [Function],\n-         ajaxSuccess: [Function],\n-         ajaxSend: [Function],\n-         offset: [Function: offset],\n-         position: [Function: position],\n-         offsetParent: [Function: offsetParent],\n-         scrollLeft: [Function],\n-         scrollTop: [Function],\n-         innerHeight: [Function],\n-         height: [Function],\n-         outerHeight: [Function],\n-         innerWidth: [Function],\n-         width: [Function],\n-         outerWidth: [Function],\n-         bind: [Function: bind],\n-         unbind: [Function: unbind],\n-         delegate: [Function: delegate],\n-         undelegate: [Function: undelegate],\n-         scrollTo: [Function] },\n-      extend: [Function],\n-      expando: 'jQuery31106710329448466839',\n-      isReady: true,\n-      error: [Function: error],\n-      noop: [Function: noop],\n-      isFunction: [Function: isFunction],\n-      isArray: [Function: isArray],\n-      isWindow: [Function: isWindow],\n-      isNumeric: [Function: isNumeric],\n-      isPlainObject: [Function: isPlainObject],\n-      isEmptyObject: [Function: isEmptyObject],\n-      type: [Function: type],\n-      globalEval: [Function: globalEval],\n-      camelCase: [Function: camelCase],\n-      nodeName: [Function: nodeName],\n-      each: [Function: each],\n-      trim: [Function: trim],\n-      makeArray: [Function: makeArray],\n-      inArray: [Function: inArray],\n-      merge: [Function: merge],\n-      grep: [Function: grep],\n-      map: [Function: map],\n-      guid: 7,\n-      proxy: [Function: proxy],\n-      now: [Function: now],\n-      support: \n-       { checkClone: true,\n-         noCloneChecked: true,\n-         clearCloneStyle: true,\n-         pixelPosition: [Function: pixelPosition],\n-         boxSizingReliable: [Function: boxSizingReliable],\n-         pixelMarginRight: [Function: pixelMarginRight],\n-         reliableMarginLeft: [Function: reliableMarginLeft],\n-         checkOn: true,\n-         optSelected: true,\n-         radioValue: true,\n-         focusin: false,\n-         cors: true,\n-         ajax: true,\n-         createHTMLDocument: true },\n-      find: \n-       { [Function: Sizzle]\n-         support: [Object],\n-         isXML: [Function],\n-         setDocument: [Function],\n-         matches: [Function],\n-         matchesSelector: [Function],\n-         contains: [Function],\n-         attr: [Function],\n-         escape: [Function],\n-         error: [Function],\n-         uniqueSort: [Function],\n-         getText: [Function],\n-         selectors: [Object],\n-         tokenize: [Function],\n-         compile: [Function],\n-         select: [Function] },\n-      expr: \n-       { cacheLength: 1,\n-         createPseudo: [Function: markFunction],\n-         match: [Object],\n-         attrHandle: [Object],\n-         find: [Object],\n-         relative: [Object],\n-         preFilter: [Object],\n-         filter: [Object],\n-         pseudos: [Object],\n-         filters: [Object],\n-         setFilters: [Object],\n-         ':': [Object] },\n-      unique: [Function],\n-      uniqueSort: [Function],\n-      text: [Function],\n-      isXMLDoc: [Function],\n-      contains: [Function],\n-      escapeSelector: [Function],\n-      filter: [Function],\n-      Callbacks: [Function],\n-      Deferred: { [Function: Deferred] exceptionHook: [Function] },\n-      when: [Function: when],\n-      readyException: [Function],\n-      readyWait: 0,\n-      holdReady: [Function: holdReady],\n-      ready: { [Function: ready] then: [Function: then] },\n-      hasData: [Function: hasData],\n-      data: [Function: data],\n-      removeData: [Function: removeData],\n-      _data: [Function: _data],\n-      _removeData: [Function: _removeData],\n-      queue: [Function: queue],\n-      dequeue: [Function: dequeue],\n-      _queueHooks: [Function: _queueHooks],\n-      event: \n-       { global: [Object],\n-         add: [Function: add],\n-         remove: [Function: remove],\n-         dispatch: [Function: dispatch],\n-         handlers: [Function: handlers],\n-         addProp: [Function: addProp],\n-         fix: [Function: fix],\n-         special: [Object],\n-         trigger: [Function: trigger],\n-         simulate: [Function: simulate] },\n-      removeEvent: [Function],\n-      Event: [Function],\n-      htmlPrefilter: [Function: htmlPrefilter],\n-      clone: [Function: clone],\n-      cleanData: [Function: cleanData],\n-      cssHooks: \n-       { opacity: [Object],\n-         height: [Object],\n-         width: [Object],\n-         marginLeft: [Object],\n-         margin: [Object],\n-         padding: [Object],\n-         borderWidth: [Object],\n-         top: [Object],\n-         left: [Object] },\n-      cssNumber: \n-       { animationIterationCount: true,\n-         columnCount: true,\n-         fillOpacity: true,\n-         flexGrow: true,\n-         flexShrink: true,\n-         fontWeight: true,\n-         lineHeight: true,\n-         opacity: true,\n-         order: true,\n-         orphans: true,\n-         widows: true,\n-         zIndex: true,\n-         zoom: true },\n-      cssProps: \n-       { float: 'cssFloat',\n-         width: 'width',\n-         display: 'display',\n-         boxSizing: 'boxSizing',\n-         height: 'height',\n-         overflow: 'overflow',\n-         overflowY: 'overflowY',\n-         overflowX: 'overflowX',\n-         visibility: 'visibility',\n-         position: 'position',\n-         backgroundColor: 'backgroundColor',\n-         border: 'border',\n-         paddingRight: 'paddingRight',\n-         borderRightWidth: 'borderRightWidth',\n-         paddingLeft: 'paddingLeft',\n-         borderLeftWidth: 'borderLeftWidth',\n-         paddingTop: 'paddingTop',\n-         borderTopWidth: 'borderTopWidth',\n-         paddingBottom: 'paddingBottom',\n-         borderBottomWidth: 'borderBottomWidth' },\n-      style: [Function: style],\n-      css: [Function: css],\n-      Tween: { [Function: Tween] propHooks: [Object] },\n-      easing: \n-       { linear: [Function: linear],\n-         swing: [Function: swing],\n-         _default: 'swing' },\n-      fx: \n-       { [Function: init]\n-         step: {},\n-         tick: [Function],\n-         timer: [Function],\n-         interval: 13,\n-         start: [Function],\n-         stop: [Function],\n-         speeds: [Object] },\n-      Animation: \n-       { [Function: Animation]\n-         tweeners: [Object],\n-         tweener: [Function: tweener],\n-         prefilters: [Object],\n-         prefilter: [Function: prefilter] },\n-      speed: [Function],\n-      timers: [],\n-      attr: [Function: attr],\n-      attrHooks: { type: [Object] },\n-      removeAttr: [Function: removeAttr],\n-      prop: [Function: prop],\n-      propHooks: { tabIndex: [Object] },\n-      propFix: \n-       { for: 'htmlFor',\n-         class: 'className',\n-         tabindex: 'tabIndex',\n-         readonly: 'readOnly',\n-         maxlength: 'maxLength',\n-         cellspacing: 'cellSpacing',\n-         cellpadding: 'cellPadding',\n-         rowspan: 'rowSpan',\n-         colspan: 'colSpan',\n-         usemap: 'useMap',\n-         frameborder: 'frameBorder',\n-         contenteditable: 'contentEditable' },\n-      valHooks: \n-       { option: [Object],\n-         select: [Object],\n-         radio: [Object],\n-         checkbox: [Object] },\n-      parseXML: [Function],\n-      param: [Function],\n-      active: 0,\n-      lastModified: {},\n-      etag: {},\n-      ajaxSettings: \n-       { url: 'http://localhost:38073/__/#/tests/integration/project.spec.js',\n-         type: 'GET',\n-         isLocal: false,\n-         global: true,\n-         processData: true,\n-         async: true,\n-         contentType: 'application/x-www-form-urlencoded; charset=UTF-8',\n-         accepts: [Object],\n-         contents: [Object],\n-         responseFields: [Object],\n-         converters: [Object],\n-         flatOptions: [Object],\n-         xhr: [Function],\n-         jsonp: 'callback',\n-         jsonpCallback: [Function: jsonpCallback],\n-         cache: false },\n-      ajaxSetup: [Function: ajaxSetup],\n-      ajaxPrefilter: [Function],\n-      ajaxTransport: [Function],\n-      ajax: [Function: ajax],\n-      getJSON: [Function: getJSON],\n-      getScript: [Function: getScript],\n-      get: [Function],\n-      post: [Function],\n-      _evalUrl: [Function],\n-      parseHTML: [Function],\n-      offset: { setOffset: [Function: setOffset] },\n-      parseJSON: [Function: parse],\n-      noConflict: [Function],\n-      scrollTo: { [Function] defaults: [Object], max: [Function] } },\n-   toArray: [Function: toArray],\n-   get: [Function: get],\n-   pushStack: [Function: pushStack],\n-   each: [Function: each],\n-   map: [Function: map],\n-   slice: [Function: slice],\n-   first: [Function: first],\n-   last: [Function: last],\n-   eq: [Function: eq],\n-   end: [Function: end],\n-   push: [Function: push],\n-   sort: [Function: sort],\n-   splice: [Function: splice],\n-   extend: [Function],\n-   find: [Function: find],\n-   filter: [Function: filter],\n-   not: [Function: not],\n-   is: [Function: is],\n-   init: [Function],\n-   has: [Function: has],\n-   closest: [Function: closest],\n-   index: [Function: index],\n-   add: [Function: add],\n-   addBack: [Function: addBack],\n-   parent: [Function],\n-   parents: [Function],\n-   parentsUntil: [Function],\n-   next: [Function],\n-   prev: [Function],\n-   nextAll: [Function],\n-   prevAll: [Function],\n-   nextUntil: [Function],\n-   prevUntil: [Function],\n-   siblings: [Function],\n-   children: [Function],\n-   contents: [Function],\n-   ready: [Function],\n-   data: [Function: data],\n-   removeData: [Function: removeData],\n-   queue: [Function: queue],\n-   dequeue: [Function: dequeue],\n-   clearQueue: [Function: clearQueue],\n-   promise: [Function: promise],\n-   show: [Function],\n-   hide: [Function],\n-   toggle: [Function],\n-   on: [Function: on],\n-   one: [Function: one],\n-   off: [Function: off],\n-   detach: [Function: detach],\n-   remove: [Function: remove],\n-   text: [Function: text],\n-   append: [Function: append],\n-   prepend: [Function: prepend],\n-   before: [Function: before],\n-   after: [Function: after],\n-   empty: [Function: empty],\n-   clone: [Function: clone],\n-   html: [Function: html],\n-   replaceWith: [Function: replaceWith],\n-   appendTo: [Function],\n-   prependTo: [Function],\n-   insertBefore: [Function],\n-   insertAfter: [Function],\n-   replaceAll: [Function],\n-   css: [Function: css],\n-   fadeTo: [Function: fadeTo],\n-   animate: [Function: animate],\n-   stop: [Function: stop],\n-   finish: [Function: finish],\n-   slideDown: [Function],\n-   slideUp: [Function],\n-   slideToggle: [Function],\n-   fadeIn: [Function],\n-   fadeOut: [Function],\n-   fadeToggle: [Function],\n-   delay: [Function],\n-   attr: [Function: attr],\n-   removeAttr: [Function: removeAttr],\n-   prop: [Function: prop],\n-   removeProp: [Function: removeProp],\n-   addClass: [Function: addClass],\n-   removeClass: [Function: removeClass],\n-   toggleClass: [Function: toggleClass],\n-   hasClass: [Function: hasClass],\n-   val: [Function: val],\n-   trigger: [Function: trigger],\n-   triggerHandler: [Function: triggerHandler],\n-   blur: [Function],\n-   focus: [Function],\n-   focusin: [Function],\n-   focusout: [Function],\n-   resize: [Function],\n-   scroll: [Function],\n-   click: [Function],\n-   dblclick: [Function],\n-   mousedown: [Function],\n-   mouseup: [Function],\n-   mousemove: [Function],\n-   mouseover: [Function],\n-   mouseout: [Function],\n-   mouseenter: [Function],\n-   mouseleave: [Function],\n-   change: [Function],\n-   select: [Function],\n-   submit: [Function],\n-   keydown: [Function],\n-   keypress: [Function],\n-   keyup: [Function],\n-   contextmenu: [Function],\n-   hover: [Function: hover],\n-   serialize: [Function: serialize],\n-   serializeArray: [Function: serializeArray],\n-   wrapAll: [Function: wrapAll],\n-   wrapInner: [Function: wrapInner],\n-   wrap: [Function: wrap],\n-   unwrap: [Function: unwrap],\n-   load: [Function],\n-   ajaxStart: [Function],\n-   ajaxStop: [Function],\n-   ajaxComplete: [Function],\n-   ajaxError: [Function],\n-   ajaxSuccess: [Function],\n-   ajaxSend: [Function],\n-   offset: [Function: offset],\n-   position: [Function: position],\n-   offsetParent: [Function: offsetParent],\n-   scrollLeft: [Function],\n-   scrollTop: [Function],\n-   innerHeight: [Function],\n-   height: [Function],\n-   outerHeight: [Function],\n-   innerWidth: [Function],\n-   width: [Function],\n-   outerWidth: [Function],\n-   bind: [Function: bind],\n-   unbind: [Function: unbind],\n-   delegate: [Function: delegate],\n-   undelegate: [Function: undelegate],\n-   scrollTo: [Function] }\n+ 'selected'\n"
              },
              "uuid": "d4866f6d-9cdd-44cc-997e-6e4f4061c8dd",
              "parentUUID": "56ebdf2e-5b7f-4f6b-8ed0-08f1958c50de",
              "isHook": false,
              "skipped": false
            },
            {
              "title": "Verifica se os pixels dentro do quadro não têm a classe `selected` quando são clicados",
              "fullTitle": "7 - Clicar em uma das cores da paleta, faz com que ela seja selecionada e utilizada para preencher os pixels no quadro. Verifica se os pixels dentro do quadro não têm a classe `selected` quando são clicados",
              "timedOut": null,
              "duration": 4261,
              "state": "failed",
              "speed": null,
              "pass": false,
              "fail": true,
              "pending": false,
              "context": null,
              "code": "cy.get('.color').each(function (color) {\n  var backgroundColor = color.css('background-color');\n  cy.wrap(color).click();\n  cy.get('.pixel').each(function (pixel) {\n    cy.wrap(pixel).click().should('not.have.class', 'selected');\n  });\n});",
              "err": {
                "message": "CypressError: Timed out retrying: Expected to find element: '.pixel', but never found it.",
                "estack": "CypressError: Timed out retrying: Expected to find element: '.pixel', but never found it.\n    at cypressErr (http://localhost:38073/__cypress/runner/cypress_runner.js:149934:9)\n    at throwErr (http://localhost:38073/__cypress/runner/cypress_runner.js:149867:11)\n    at Object.throwErrByPath (http://localhost:38073/__cypress/runner/cypress_runner.js:149915:3)\n    at retry (http://localhost:38073/__cypress/runner/cypress_runner.js:144197:19)\n    at onFailFn (http://localhost:38073/__cypress/runner/cypress_runner.js:132448:16)\n    at tryCatcher (http://localhost:38073/__cypress/runner/cypress_runner.js:167415:23)\n    at Promise._settlePromiseFromHandler (http://localhost:38073/__cypress/runner/cypress_runner.js:165351:31)\n    at Promise._settlePromise (http://localhost:38073/__cypress/runner/cypress_runner.js:165408:18)\n    at Promise._settlePromise0 (http://localhost:38073/__cypress/runner/cypress_runner.js:165453:10)\n    at Promise._settlePromises (http://localhost:38073/__cypress/runner/cypress_runner.js:165528:18)\n    at Async../node_modules/bluebird/js/release/async.js.Async._drainQueue (http://localhost:38073/__cypress/runner/cypress_runner.js:162140:16)\n    at Async../node_modules/bluebird/js/release/async.js.Async._drainQueues (http://localhost:38073/__cypress/runner/cypress_runner.js:162150:10)\n    at Async.drainQueues (http://localhost:38073/__cypress/runner/cypress_runner.js:162024:14)",
                "diff": null
              },
              "uuid": "37938e3b-248e-40c1-88cd-41218d7248af",
              "parentUUID": "56ebdf2e-5b7f-4f6b-8ed0-08f1958c50de",
              "isHook": false,
              "skipped": false
            }
          ],
          "suites": [],
          "passes": [],
          "failures": [
            "d4866f6d-9cdd-44cc-997e-6e4f4061c8dd",
            "37938e3b-248e-40c1-88cd-41218d7248af"
          ],
          "pending": [],
          "skipped": [],
          "duration": 4555,
          "root": false,
          "rootEmpty": false,
          "_timeout": 2000
        },
        {
          "uuid": "8fa6bfaf-fea9-49e1-ae68-1b3b76883157",
          "title": "8 - Clicar em um pixel dentro do quadro após selecionar uma cor na paleta, faz com que o pixel seja preenchido com a cor selecionada.",
          "fullFile": "",
          "file": "",
          "beforeHooks": [],
          "afterHooks": [],
          "tests": [
            {
              "title": "Verifica se ao carregar a página deve ser possível pintar os pixels de preto",
              "fullTitle": "8 - Clicar em um pixel dentro do quadro após selecionar uma cor na paleta, faz com que o pixel seja preenchido com a cor selecionada. Verifica se ao carregar a página deve ser possível pintar os pixels de preto",
              "timedOut": null,
              "duration": 4209,
              "state": "failed",
              "speed": null,
              "pass": false,
              "fail": true,
              "pending": false,
              "context": null,
              "code": "cy.get('.pixel').each(function (pixel) {\n  cy.wrap(pixel).click().should('have.css', 'background-color', BLACK);\n});",
              "err": {
                "message": "CypressError: Timed out retrying: Expected to find element: '.pixel', but never found it.",
                "estack": "CypressError: Timed out retrying: Expected to find element: '.pixel', but never found it.\n    at cypressErr (http://localhost:38073/__cypress/runner/cypress_runner.js:149934:9)\n    at throwErr (http://localhost:38073/__cypress/runner/cypress_runner.js:149867:11)\n    at Object.throwErrByPath (http://localhost:38073/__cypress/runner/cypress_runner.js:149915:3)\n    at retry (http://localhost:38073/__cypress/runner/cypress_runner.js:144197:19)\n    at onFailFn (http://localhost:38073/__cypress/runner/cypress_runner.js:132448:16)\n    at tryCatcher (http://localhost:38073/__cypress/runner/cypress_runner.js:167415:23)\n    at Promise._settlePromiseFromHandler (http://localhost:38073/__cypress/runner/cypress_runner.js:165351:31)\n    at Promise._settlePromise (http://localhost:38073/__cypress/runner/cypress_runner.js:165408:18)\n    at Promise._settlePromise0 (http://localhost:38073/__cypress/runner/cypress_runner.js:165453:10)\n    at Promise._settlePromises (http://localhost:38073/__cypress/runner/cypress_runner.js:165528:18)\n    at Async../node_modules/bluebird/js/release/async.js.Async._drainQueue (http://localhost:38073/__cypress/runner/cypress_runner.js:162140:16)\n    at Async../node_modules/bluebird/js/release/async.js.Async._drainQueues (http://localhost:38073/__cypress/runner/cypress_runner.js:162150:10)\n    at Async.drainQueues (http://localhost:38073/__cypress/runner/cypress_runner.js:162024:14)",
                "diff": null
              },
              "uuid": "af6de1ae-dc28-4d84-a425-3a09a0ec56a4",
              "parentUUID": "8fa6bfaf-fea9-49e1-ae68-1b3b76883157",
              "isHook": false,
              "skipped": false
            },
            {
              "title": "Verifica se após selecionar uma outra cor na paleta, é possível pintar os pixels com essa cor",
              "fullTitle": "8 - Clicar em um pixel dentro do quadro após selecionar uma cor na paleta, faz com que o pixel seja preenchido com a cor selecionada. Verifica se após selecionar uma outra cor na paleta, é possível pintar os pixels com essa cor",
              "timedOut": null,
              "duration": 4284,
              "state": "failed",
              "speed": null,
              "pass": false,
              "fail": true,
              "pending": false,
              "context": null,
              "code": "cy.get('.color').each(function (color) {\n  var backgroundColor = color.css('background-color');\n  cy.wrap(color).click();\n  cy.get('.pixel').each(function (pixel) {\n    cy.wrap(pixel).click().should('have.css', 'background-color', backgroundColor);\n  });\n});",
              "err": {
                "message": "CypressError: Timed out retrying: Expected to find element: '.pixel', but never found it.",
                "estack": "CypressError: Timed out retrying: Expected to find element: '.pixel', but never found it.\n    at cypressErr (http://localhost:38073/__cypress/runner/cypress_runner.js:149934:9)\n    at throwErr (http://localhost:38073/__cypress/runner/cypress_runner.js:149867:11)\n    at Object.throwErrByPath (http://localhost:38073/__cypress/runner/cypress_runner.js:149915:3)\n    at retry (http://localhost:38073/__cypress/runner/cypress_runner.js:144197:19)\n    at onFailFn (http://localhost:38073/__cypress/runner/cypress_runner.js:132448:16)\n    at tryCatcher (http://localhost:38073/__cypress/runner/cypress_runner.js:167415:23)\n    at Promise._settlePromiseFromHandler (http://localhost:38073/__cypress/runner/cypress_runner.js:165351:31)\n    at Promise._settlePromise (http://localhost:38073/__cypress/runner/cypress_runner.js:165408:18)\n    at Promise._settlePromise0 (http://localhost:38073/__cypress/runner/cypress_runner.js:165453:10)\n    at Promise._settlePromises (http://localhost:38073/__cypress/runner/cypress_runner.js:165528:18)\n    at Async../node_modules/bluebird/js/release/async.js.Async._drainQueue (http://localhost:38073/__cypress/runner/cypress_runner.js:162140:16)\n    at Async../node_modules/bluebird/js/release/async.js.Async._drainQueues (http://localhost:38073/__cypress/runner/cypress_runner.js:162150:10)\n    at Async.drainQueues (http://localhost:38073/__cypress/runner/cypress_runner.js:162024:14)",
                "diff": null
              },
              "uuid": "fc83c6fd-2add-45ba-b519-d1c6ccf74ce3",
              "parentUUID": "8fa6bfaf-fea9-49e1-ae68-1b3b76883157",
              "isHook": false,
              "skipped": false
            },
            {
              "title": "Verifica se somente o pixel que foi clicado foi preenchido com a cor selecionada, sem influenciar na cor dos demais pixels.",
              "fullTitle": "8 - Clicar em um pixel dentro do quadro após selecionar uma cor na paleta, faz com que o pixel seja preenchido com a cor selecionada. Verifica se somente o pixel que foi clicado foi preenchido com a cor selecionada, sem influenciar na cor dos demais pixels.",
              "timedOut": null,
              "duration": 4326,
              "state": "failed",
              "speed": null,
              "pass": false,
              "fail": true,
              "pending": false,
              "context": null,
              "code": "var colorToPixelIndexMap = {\n  0: 6,\n  1: 8,\n  2: 16,\n  3: 18\n};\ncy.get('.color').each(function (color, index) {\n  cy.wrap(color).click();\n  var backgroundColor = color.css('background-color');\n  var clickedPixelIndex = colorToPixelIndexMap[index];\n  cy.get('.pixel').eq(clickedPixelIndex).click();\n  cy.get('.pixel').eq(clickedPixelIndex - 1).should('not.have.css', 'background-color', backgroundColor);\n  cy.get('.pixel').eq(clickedPixelIndex + 1).should('not.have.css', 'background-color', backgroundColor);\n  cy.get('.pixel').eq(clickedPixelIndex - 5).should('not.have.css', 'background-color', backgroundColor);\n  cy.get('.pixel').eq(clickedPixelIndex + 5).should('not.have.css', 'background-color', backgroundColor);\n  cy.get('.pixel').eq(clickedPixelIndex - 6).should('not.have.css', 'background-color', backgroundColor);\n  cy.get('.pixel').eq(clickedPixelIndex - 4).should('not.have.css', 'background-color', backgroundColor);\n  cy.get('.pixel').eq(clickedPixelIndex + 4).should('not.have.css', 'background-color', backgroundColor);\n  cy.get('.pixel').eq(clickedPixelIndex + 6).should('not.have.css', 'background-color', backgroundColor);\n});",
              "err": {
                "message": "CypressError: Timed out retrying: Expected to find element: '.pixel', but never found it.",
                "estack": "CypressError: Timed out retrying: Expected to find element: '.pixel', but never found it.\n    at cypressErr (http://localhost:38073/__cypress/runner/cypress_runner.js:149934:9)\n    at throwErr (http://localhost:38073/__cypress/runner/cypress_runner.js:149867:11)\n    at Object.throwErrByPath (http://localhost:38073/__cypress/runner/cypress_runner.js:149915:3)\n    at retry (http://localhost:38073/__cypress/runner/cypress_runner.js:144197:19)\n    at onFailFn (http://localhost:38073/__cypress/runner/cypress_runner.js:132448:16)\n    at tryCatcher (http://localhost:38073/__cypress/runner/cypress_runner.js:167415:23)\n    at Promise._settlePromiseFromHandler (http://localhost:38073/__cypress/runner/cypress_runner.js:165351:31)\n    at Promise._settlePromise (http://localhost:38073/__cypress/runner/cypress_runner.js:165408:18)\n    at Promise._settlePromise0 (http://localhost:38073/__cypress/runner/cypress_runner.js:165453:10)\n    at Promise._settlePromises (http://localhost:38073/__cypress/runner/cypress_runner.js:165528:18)\n    at Async../node_modules/bluebird/js/release/async.js.Async._drainQueue (http://localhost:38073/__cypress/runner/cypress_runner.js:162140:16)\n    at Async../node_modules/bluebird/js/release/async.js.Async._drainQueues (http://localhost:38073/__cypress/runner/cypress_runner.js:162150:10)\n    at Async.drainQueues (http://localhost:38073/__cypress/runner/cypress_runner.js:162024:14)",
                "diff": null
              },
              "uuid": "1684a209-feaf-4e2a-b9a2-4a361629c4d1",
              "parentUUID": "8fa6bfaf-fea9-49e1-ae68-1b3b76883157",
              "isHook": false,
              "skipped": false
            }
          ],
          "suites": [],
          "passes": [],
          "failures": [
            "af6de1ae-dc28-4d84-a425-3a09a0ec56a4",
            "fc83c6fd-2add-45ba-b519-d1c6ccf74ce3",
            "1684a209-feaf-4e2a-b9a2-4a361629c4d1"
          ],
          "pending": [],
          "skipped": [],
          "duration": 12819,
          "root": false,
          "rootEmpty": false,
          "_timeout": 2000
        },
        {
          "uuid": "fa43c603-c61e-4d51-8b4b-4342e67110fe",
          "title": "9 - Crie um botão que, ao ser clicado, limpa o quadro preenchendo a cor de todos seus pixels com branco.",
          "fullFile": "",
          "file": "",
          "beforeHooks": [],
          "afterHooks": [],
          "tests": [
            {
              "title": "Verifica se o botão tem o `id` denominado `clear-board`",
              "fullTitle": "9 - Crie um botão que, ao ser clicado, limpa o quadro preenchendo a cor de todos seus pixels com branco. Verifica se o botão tem o `id` denominado `clear-board`",
              "timedOut": null,
              "duration": 4236,
              "state": "failed",
              "speed": null,
              "pass": false,
              "fail": true,
              "pending": false,
              "context": null,
              "code": "cy.get('#clear-board').should('be.visible');",
              "err": {
                "message": "CypressError: Timed out retrying: Expected to find element: '#clear-board', but never found it.",
                "estack": "CypressError: Timed out retrying: Expected to find element: '#clear-board', but never found it.\n    at cypressErr (http://localhost:38073/__cypress/runner/cypress_runner.js:149934:9)\n    at throwErr (http://localhost:38073/__cypress/runner/cypress_runner.js:149867:11)\n    at Object.throwErrByPath (http://localhost:38073/__cypress/runner/cypress_runner.js:149915:3)\n    at retry (http://localhost:38073/__cypress/runner/cypress_runner.js:144197:19)\n    at onFailFn (http://localhost:38073/__cypress/runner/cypress_runner.js:132448:16)\n    at tryCatcher (http://localhost:38073/__cypress/runner/cypress_runner.js:167415:23)\n    at Promise._settlePromiseFromHandler (http://localhost:38073/__cypress/runner/cypress_runner.js:165351:31)\n    at Promise._settlePromise (http://localhost:38073/__cypress/runner/cypress_runner.js:165408:18)\n    at Promise._settlePromise0 (http://localhost:38073/__cypress/runner/cypress_runner.js:165453:10)\n    at Promise._settlePromises (http://localhost:38073/__cypress/runner/cypress_runner.js:165528:18)\n    at Async../node_modules/bluebird/js/release/async.js.Async._drainQueue (http://localhost:38073/__cypress/runner/cypress_runner.js:162140:16)\n    at Async../node_modules/bluebird/js/release/async.js.Async._drainQueues (http://localhost:38073/__cypress/runner/cypress_runner.js:162150:10)\n    at Async.drainQueues (http://localhost:38073/__cypress/runner/cypress_runner.js:162024:14)",
                "diff": null
              },
              "uuid": "f3d3866b-9573-451b-bcf1-975334ad8a80",
              "parentUUID": "fa43c603-c61e-4d51-8b4b-4342e67110fe",
              "isHook": false,
              "skipped": false
            },
            {
              "title": "Verifica se o botão está posicionado entre a paleta de cores e o quadro de pixels",
              "fullTitle": "9 - Crie um botão que, ao ser clicado, limpa o quadro preenchendo a cor de todos seus pixels com branco. Verifica se o botão está posicionado entre a paleta de cores e o quadro de pixels",
              "timedOut": null,
              "duration": 4224,
              "state": "failed",
              "speed": null,
              "pass": false,
              "fail": true,
              "pending": false,
              "context": null,
              "code": "cy.get('#color-palette').then(function (palette) {\n  cy.get('#clear-board').should('be.belowOf', palette);\n});\ncy.get('#clear-board').then(function (clearBtn) {\n  cy.get('#pixel-board').should('be.belowOf', clearBtn);\n});",
              "err": {
                "message": "CypressError: Timed out retrying: Expected to find element: '#clear-board', but never found it.",
                "estack": "CypressError: Timed out retrying: Expected to find element: '#clear-board', but never found it.\n    at cypressErr (http://localhost:38073/__cypress/runner/cypress_runner.js:149934:9)\n    at throwErr (http://localhost:38073/__cypress/runner/cypress_runner.js:149867:11)\n    at Object.throwErrByPath (http://localhost:38073/__cypress/runner/cypress_runner.js:149915:3)\n    at retry (http://localhost:38073/__cypress/runner/cypress_runner.js:144197:19)\n    at onFailFn (http://localhost:38073/__cypress/runner/cypress_runner.js:132448:16)\n    at tryCatcher (http://localhost:38073/__cypress/runner/cypress_runner.js:167415:23)\n    at Promise._settlePromiseFromHandler (http://localhost:38073/__cypress/runner/cypress_runner.js:165351:31)\n    at Promise._settlePromise (http://localhost:38073/__cypress/runner/cypress_runner.js:165408:18)\n    at Promise._settlePromise0 (http://localhost:38073/__cypress/runner/cypress_runner.js:165453:10)\n    at Promise._settlePromises (http://localhost:38073/__cypress/runner/cypress_runner.js:165528:18)\n    at Async../node_modules/bluebird/js/release/async.js.Async._drainQueue (http://localhost:38073/__cypress/runner/cypress_runner.js:162140:16)\n    at Async../node_modules/bluebird/js/release/async.js.Async._drainQueues (http://localhost:38073/__cypress/runner/cypress_runner.js:162150:10)\n    at Async.drainQueues (http://localhost:38073/__cypress/runner/cypress_runner.js:162024:14)",
                "diff": null
              },
              "uuid": "de57f03e-4eba-4478-b8d6-7142ab184f1a",
              "parentUUID": "fa43c603-c61e-4d51-8b4b-4342e67110fe",
              "isHook": false,
              "skipped": false
            },
            {
              "title": "Verifica se o texto do botão é 'Limpar'",
              "fullTitle": "9 - Crie um botão que, ao ser clicado, limpa o quadro preenchendo a cor de todos seus pixels com branco. Verifica se o texto do botão é 'Limpar'",
              "timedOut": null,
              "duration": 4232,
              "state": "failed",
              "speed": null,
              "pass": false,
              "fail": true,
              "pending": false,
              "context": null,
              "code": "cy.get('#clear-board').should('contain.text', 'Limpar');",
              "err": {
                "message": "CypressError: Timed out retrying: Expected to find element: '#clear-board', but never found it.",
                "estack": "CypressError: Timed out retrying: Expected to find element: '#clear-board', but never found it.\n    at cypressErr (http://localhost:38073/__cypress/runner/cypress_runner.js:149934:9)\n    at throwErr (http://localhost:38073/__cypress/runner/cypress_runner.js:149867:11)\n    at Object.throwErrByPath (http://localhost:38073/__cypress/runner/cypress_runner.js:149915:3)\n    at retry (http://localhost:38073/__cypress/runner/cypress_runner.js:144197:19)\n    at onFailFn (http://localhost:38073/__cypress/runner/cypress_runner.js:132448:16)\n    at tryCatcher (http://localhost:38073/__cypress/runner/cypress_runner.js:167415:23)\n    at Promise._settlePromiseFromHandler (http://localhost:38073/__cypress/runner/cypress_runner.js:165351:31)\n    at Promise._settlePromise (http://localhost:38073/__cypress/runner/cypress_runner.js:165408:18)\n    at Promise._settlePromise0 (http://localhost:38073/__cypress/runner/cypress_runner.js:165453:10)\n    at Promise._settlePromises (http://localhost:38073/__cypress/runner/cypress_runner.js:165528:18)\n    at Async../node_modules/bluebird/js/release/async.js.Async._drainQueue (http://localhost:38073/__cypress/runner/cypress_runner.js:162140:16)\n    at Async../node_modules/bluebird/js/release/async.js.Async._drainQueues (http://localhost:38073/__cypress/runner/cypress_runner.js:162150:10)\n    at Async.drainQueues (http://localhost:38073/__cypress/runner/cypress_runner.js:162024:14)",
                "diff": null
              },
              "uuid": "9a1e589e-a800-44b7-a119-f26191472f9c",
              "parentUUID": "fa43c603-c61e-4d51-8b4b-4342e67110fe",
              "isHook": false,
[...]
                "diff": null
              },
              "uuid": "e0b38bdf-02b4-436f-9d5f-fcc9a1d33562",
              "parentUUID": "bfaf0f05-6b74-4783-b99c-5605b9a07ee1",
              "isHook": false,
              "skipped": false
            },
            {
              "title": "Verifica se o novo quadro tem todos os pixels preenchidos com a cor branca",
              "fullTitle": "10 - Faça o quadro de pixels ter seu tamanho definido pelo usuário. Verifica se o novo quadro tem todos os pixels preenchidos com a cor branca",
              "timedOut": null,
              "duration": 4241,
              "state": "failed",
              "speed": null,
              "pass": false,
              "fail": true,
              "pending": false,
              "context": null,
              "code": "cy.get('#board-size').clear().type(6);\ncy.get('#generate-board').click();\ncy.get('.pixel').should('have.length', 36).each(function (pixel) {\n  expect(pixel).to.have.css('background-color', WHITE);\n});",
              "err": {
                "message": "CypressError: Timed out retrying: Expected to find element: '#board-size', but never found it.",
                "estack": "CypressError: Timed out retrying: Expected to find element: '#board-size', but never found it.\n    at cypressErr (http://localhost:38073/__cypress/runner/cypress_runner.js:149934:9)\n    at throwErr (http://localhost:38073/__cypress/runner/cypress_runner.js:149867:11)\n    at Object.throwErrByPath (http://localhost:38073/__cypress/runner/cypress_runner.js:149915:3)\n    at retry (http://localhost:38073/__cypress/runner/cypress_runner.js:144197:19)\n    at onFailFn (http://localhost:38073/__cypress/runner/cypress_runner.js:132448:16)\n    at tryCatcher (http://localhost:38073/__cypress/runner/cypress_runner.js:167415:23)\n    at Promise._settlePromiseFromHandler (http://localhost:38073/__cypress/runner/cypress_runner.js:165351:31)\n    at Promise._settlePromise (http://localhost:38073/__cypress/runner/cypress_runner.js:165408:18)\n    at Promise._settlePromise0 (http://localhost:38073/__cypress/runner/cypress_runner.js:165453:10)\n    at Promise._settlePromises (http://localhost:38073/__cypress/runner/cypress_runner.js:165528:18)\n    at Async../node_modules/bluebird/js/release/async.js.Async._drainQueue (http://localhost:38073/__cypress/runner/cypress_runner.js:162140:16)\n    at Async../node_modules/bluebird/js/release/async.js.Async._drainQueues (http://localhost:38073/__cypress/runner/cypress_runner.js:162150:10)\n    at Async.drainQueues (http://localhost:38073/__cypress/runner/cypress_runner.js:162024:14)",
                "diff": null
              },
              "uuid": "e51fea65-5199-4e07-b75a-bc996080cad6",
              "parentUUID": "bfaf0f05-6b74-4783-b99c-5605b9a07ee1",
              "isHook": false,
              "skipped": false
            }
          ],
          "suites": [],
          "passes": [],
          "failures": [
            "58305ff6-017f-4316-b192-33488153b3ae",
            "82eeba28-c047-4e24-9549-60cac895fb2b",
            "2bbd2c43-5463-47c9-aec9-81d5a60ee93a",
            "316c3b37-827c-4866-ab06-271e061ed6ef",
            "bee086f0-f467-4aac-a81f-796d8646c579",
            "ac2faf7f-82bd-4a94-9630-9674b213199f",
            "48726b7b-7dd5-4785-9b29-94d5adfc72ee",
            "e0b38bdf-02b4-436f-9d5f-fcc9a1d33562",
            "e51fea65-5199-4e07-b75a-bc996080cad6"
          ],
          "pending": [],
          "skipped": [],
          "duration": 38063,
          "root": false,
          "rootEmpty": false,
          "_timeout": 2000
        },
        {
          "uuid": "7ae8f9f5-7c1f-4464-87dc-69813046c354",
          "title": "11 - Limite o tamanho mínimo e máximo do board.",
          "fullFile": "",
          "file": "",
          "beforeHooks": [],
          "afterHooks": [],
          "tests": [
            {
              "title": "Verifica se a altura máxima do board é 50",
              "fullTitle": "11 - Limite o tamanho mínimo e máximo do board. Verifica se a altura máxima do board é 50",
              "timedOut": null,
              "duration": 4224,
              "state": "failed",
              "speed": null,
              "pass": false,
              "fail": true,
              "pending": false,
              "context": null,
              "code": "cy.get('#board-size').clear().type(50);\ncy.get('#generate-board').click();\ncy.get('.pixel').should('have.length', 2500);",
              "err": {
                "message": "CypressError: Timed out retrying: Expected to find element: '#board-size', but never found it.",
                "estack": "CypressError: Timed out retrying: Expected to find element: '#board-size', but never found it.\n    at cypressErr (http://localhost:38073/__cypress/runner/cypress_runner.js:149934:9)\n    at throwErr (http://localhost:38073/__cypress/runner/cypress_runner.js:149867:11)\n    at Object.throwErrByPath (http://localhost:38073/__cypress/runner/cypress_runner.js:149915:3)\n    at retry (http://localhost:38073/__cypress/runner/cypress_runner.js:144197:19)\n    at onFailFn (http://localhost:38073/__cypress/runner/cypress_runner.js:132448:16)\n    at tryCatcher (http://localhost:38073/__cypress/runner/cypress_runner.js:167415:23)\n    at Promise._settlePromiseFromHandler (http://localhost:38073/__cypress/runner/cypress_runner.js:165351:31)\n    at Promise._settlePromise (http://localhost:38073/__cypress/runner/cypress_runner.js:165408:18)\n    at Promise._settlePromise0 (http://localhost:38073/__cypress/runner/cypress_runner.js:165453:10)\n    at Promise._settlePromises (http://localhost:38073/__cypress/runner/cypress_runner.js:165528:18)\n    at Async../node_modules/bluebird/js/release/async.js.Async._drainQueue (http://localhost:38073/__cypress/runner/cypress_runner.js:162140:16)\n    at Async../node_modules/bluebird/js/release/async.js.Async._drainQueues (http://localhost:38073/__cypress/runner/cypress_runner.js:162150:10)\n    at Async.drainQueues (http://localhost:38073/__cypress/runner/cypress_runner.js:162024:14)",
                "diff": null
              },
              "uuid": "21bda556-1170-4fdd-a845-6749c4ec1b5e",
              "parentUUID": "7ae8f9f5-7c1f-4464-87dc-69813046c354",
              "isHook": false,
              "skipped": false
            },
            {
              "title": "Verifica se a altura do board é 5 quando um valor menor é colocado no input",
              "fullTitle": "11 - Limite o tamanho mínimo e máximo do board. Verifica se a altura do board é 5 quando um valor menor é colocado no input",
              "timedOut": null,
              "duration": 4235,
              "state": "failed",
              "speed": null,
              "pass": false,
              "fail": true,
              "pending": false,
              "context": null,
              "code": "cy.get('#board-size').clear().type(4);\ncy.get('#generate-board').click();\ncy.get('.pixel').should('have.length', 25);",
              "err": {
                "message": "CypressError: Timed out retrying: Expected to find element: '#board-size', but never found it.",
                "estack": "CypressError: Timed out retrying: Expected to find element: '#board-size', but never found it.\n    at cypressErr (http://localhost:38073/__cypress/runner/cypress_runner.js:149934:9)\n    at throwErr (http://localhost:38073/__cypress/runner/cypress_runner.js:149867:11)\n    at Object.throwErrByPath (http://localhost:38073/__cypress/runner/cypress_runner.js:149915:3)\n    at retry (http://localhost:38073/__cypress/runner/cypress_runner.js:144197:19)\n    at onFailFn (http://localhost:38073/__cypress/runner/cypress_runner.js:132448:16)\n    at tryCatcher (http://localhost:38073/__cypress/runner/cypress_runner.js:167415:23)\n    at Promise._settlePromiseFromHandler (http://localhost:38073/__cypress/runner/cypress_runner.js:165351:31)\n    at Promise._settlePromise (http://localhost:38073/__cypress/runner/cypress_runner.js:165408:18)\n    at Promise._settlePromise0 (http://localhost:38073/__cypress/runner/cypress_runner.js:165453:10)\n    at Promise._settlePromises (http://localhost:38073/__cypress/runner/cypress_runner.js:165528:18)\n    at Async../node_modules/bluebird/js/release/async.js.Async._drainQueue (http://localhost:38073/__cypress/runner/cypress_runner.js:162140:16)\n    at Async../node_modules/bluebird/js/release/async.js.Async._drainQueues (http://localhost:38073/__cypress/runner/cypress_runner.js:162150:10)\n    at Async.drainQueues (http://localhost:38073/__cypress/runner/cypress_runner.js:162024:14)",
                "diff": null
              },
              "uuid": "3e3e2425-b0e7-4b8c-8c19-b5d4e784c9ae",
              "parentUUID": "7ae8f9f5-7c1f-4464-87dc-69813046c354",
              "isHook": false,
              "skipped": false
            },
            {
              "title": "Verifica se a altura do board é 50 quando um valor maior é colocado no input",
              "fullTitle": "11 - Limite o tamanho mínimo e máximo do board. Verifica se a altura do board é 50 quando um valor maior é colocado no input",
              "timedOut": null,
              "duration": 4186,
              "state": "failed",
              "speed": null,
              "pass": false,
              "fail": true,
              "pending": false,
              "context": null,
              "code": "cy.get('#board-size').clear().type(51);\ncy.get('#generate-board').click();\ncy.get('.pixel').should('have.length', 2500);",
              "err": {
                "message": "CypressError: Timed out retrying: Expected to find element: '#board-size', but never found it.",
                "estack": "CypressError: Timed out retrying: Expected to find element: '#board-size', but never found it.\n    at cypressErr (http://localhost:38073/__cypress/runner/cypress_runner.js:149934:9)\n    at throwErr (http://localhost:38073/__cypress/runner/cypress_runner.js:149867:11)\n    at Object.throwErrByPath (http://localhost:38073/__cypress/runner/cypress_runner.js:149915:3)\n    at retry (http://localhost:38073/__cypress/runner/cypress_runner.js:144197:19)\n    at onFailFn (http://localhost:38073/__cypress/runner/cypress_runner.js:132448:16)\n    at tryCatcher (http://localhost:38073/__cypress/runner/cypress_runner.js:167415:23)\n    at Promise._settlePromiseFromHandler (http://localhost:38073/__cypress/runner/cypress_runner.js:165351:31)\n    at Promise._settlePromise (http://localhost:38073/__cypress/runner/cypress_runner.js:165408:18)\n    at Promise._settlePromise0 (http://localhost:38073/__cypress/runner/cypress_runner.js:165453:10)\n    at Promise._settlePromises (http://localhost:38073/__cypress/runner/cypress_runner.js:165528:18)\n    at Async../node_modules/bluebird/js/release/async.js.Async._drainQueue (http://localhost:38073/__cypress/runner/cypress_runner.js:162140:16)\n    at Async../node_modules/bluebird/js/release/async.js.Async._drainQueues (http://localhost:38073/__cypress/runner/cypress_runner.js:162150:10)\n    at Async.drainQueues (http://localhost:38073/__cypress/runner/cypress_runner.js:162024:14)",
                "diff": null
              },
              "uuid": "24b70874-e9e6-4ff7-9586-66fa253d9a78",
              "parentUUID": "7ae8f9f5-7c1f-4464-87dc-69813046c354",
              "isHook": false,
              "skipped": false
            }
          ],
          "suites": [],
          "passes": [],
          "failures": [
            "21bda556-1170-4fdd-a845-6749c4ec1b5e",
            "3e3e2425-b0e7-4b8c-8c19-b5d4e784c9ae",
            "24b70874-e9e6-4ff7-9586-66fa253d9a78"
          ],
          "pending": [],
          "skipped": [],
          "duration": 12645,
          "root": false,
          "rootEmpty": false,
          "_timeout": 2000
        },
        {
          "uuid": "702cc5d7-d247-4275-9a24-7aa713afbffe",
          "title": "12 - Faça com que as cores da paleta sejam geradas aleatoriamente ao carregar a página.",
          "fullFile": "",
          "file": "",
          "beforeHooks": [],
          "afterHooks": [],
          "tests": [
            {
              "title": "Verifica se as cores geradas na paleta são diferentes a cada carregamento da página",
              "fullTitle": "12 - Faça com que as cores da paleta sejam geradas aleatoriamente ao carregar a página. Verifica se as cores geradas na paleta são diferentes a cada carregamento da página",
              "timedOut": null,
              "duration": 338,
              "state": "failed",
              "speed": null,
              "pass": false,
              "fail": true,
              "pending": false,
              "context": null,
              "code": "cy.get('.color').then(function (colors) {\n  var currentColors;\n  var previousColors;\n  previousColors = Array.from(colors).map(function (color) {\n    return Cypress.$(color).css('background-color');\n  });\n  for (var i = 0; i < 5; i += 1) {\n    cy.reload();\n    cy.get('.color').then(function (colors) {\n      currentColors = Array.from(colors).map(function (color) {\n        return Cypress.$(color).css('background-color');\n      });\n      expect(currentColors).not.to.deep.equal(previousColors);\n      previousColors = currentColors;\n    });\n  }\n});",
              "err": {
                "message": "AssertionError: expected [ Array(7) ] to not deeply equal [ Array(7) ]",
                "estack": "AssertionError: expected [ Array(7) ] to not deeply equal [ Array(7) ]\n    at getRet (http://localhost:38073/__cypress/runner/cypress_runner.js:136585:16)\n    at tryCatcher (http://localhost:38073/__cypress/runner/cypress_runner.js:167415:23)\n    at Function.Promise.attempt.Promise.try (http://localhost:38073/__cypress/runner/cypress_runner.js:164690:29)\n    at Context.thenFn (http://localhost:38073/__cypress/runner/cypress_runner.js:136599:23)\n    at Context.then (http://localhost:38073/__cypress/runner/cypress_runner.js:136971:21)\n    at Context.<anonymous> (http://localhost:38073/__cypress/runner/cypress_runner.js:148875:21)\n    at http://localhost:38073/__cypress/runner/cypress_runner.js:148351:33\n    at tryCatcher (http://localhost:38073/__cypress/runner/cypress_runner.js:167415:23)\n    at Promise._settlePromiseFromHandler (http://localhost:38073/__cypress/runner/cypress_runner.js:165351:31)\n    at Promise._settlePromise (http://localhost:38073/__cypress/runner/cypress_runner.js:165408:18)\n    at Promise._settlePromiseCtx (http://localhost:38073/__cypress/runner/cypress_runner.js:165445:10)\n    at Async../node_modules/bluebird/js/release/async.js.Async._drainQueue (http://localhost:38073/__cypress/runner/cypress_runner.js:162145:12)\n    at Async../node_modules/bluebird/js/release/async.js.Async._drainQueues (http://localhost:38073/__cypress/runner/cypress_runner.js:162150:10)\n    at Async.drainQueues (http://localhost:38073/__cypress/runner/cypress_runner.js:162024:14)",
                "diff": ""
              },
              "uuid": "560c7912-c2a9-4c6d-b952-0899e33a3a94",
              "parentUUID": "702cc5d7-d247-4275-9a24-7aa713afbffe",
              "isHook": false,
              "skipped": false
            },
            {
              "title": "Verifica se a cor preta ainda está presente e é a primeira na sua paleta de cores",
              "fullTitle": "12 - Faça com que as cores da paleta sejam geradas aleatoriamente ao carregar a página. Verifica se a cor preta ainda está presente e é a primeira na sua paleta de cores",
              "timedOut": null,
              "duration": 279,
              "state": "failed",
              "speed": null,
              "pass": false,
              "fail": true,
              "pending": false,
              "context": null,
              "code": "cy.get('.color').then(function (colors) {\n  var currentColors;\n  var previousColors;\n  previousColors = Array.from(colors).map(function (color) {\n    return Cypress.$(color).css('background-color');\n  });\n  expect(previousColors[0]).to.eq(BLACK);\n  for (var i = 0; i < 5; i += 1) {\n    cy.reload();\n    cy.get('.color').then(function (colors) {\n      currentColors = Array.from(colors).map(function (color) {\n        return Cypress.$(color).css('background-color');\n      });\n      expect(currentColors[0]).to.eq(BLACK);\n      expect(currentColors).not.to.deep.equal(previousColors);\n      previousColors = currentColors;\n    });\n  }\n});",
              "err": {
                "message": "AssertionError: expected 'rgb(255, 192, 203)' to equal 'rgb(0, 0, 0)'",
                "estack": "AssertionError: expected 'rgb(255, 192, 203)' to equal 'rgb(0, 0, 0)'\n    at getRet (http://localhost:38073/__cypress/runner/cypress_runner.js:136585:16)\n    at tryCatcher (http://localhost:38073/__cypress/runner/cypress_runner.js:167415:23)\n    at Function.Promise.attempt.Promise.try (http://localhost:38073/__cypress/runner/cypress_runner.js:164690:29)\n    at Context.thenFn (http://localhost:38073/__cypress/runner/cypress_runner.js:136599:23)\n    at Context.then (http://localhost:38073/__cypress/runner/cypress_runner.js:136971:21)\n    at Context.<anonymous> (http://localhost:38073/__cypress/runner/cypress_runner.js:148875:21)\n    at http://localhost:38073/__cypress/runner/cypress_runner.js:148351:33\n    at tryCatcher (http://localhost:38073/__cypress/runner/cypress_runner.js:167415:23)\n    at Promise._settlePromiseFromHandler (http://localhost:38073/__cypress/runner/cypress_runner.js:165351:31)\n    at Promise._settlePromise (http://localhost:38073/__cypress/runner/cypress_runner.js:165408:18)\n    at Promise._settlePromiseCtx (http://localhost:38073/__cypress/runner/cypress_runner.js:165445:10)\n    at Async../node_modules/bluebird/js/release/async.js.Async._drainQueue (http://localhost:38073/__cypress/runner/cypress_runner.js:162145:12)\n    at Async../node_modules/bluebird/js/release/async.js.Async._drainQueues (http://localhost:38073/__cypress/runner/cypress_runner.js:162150:10)\n    at Async.drainQueues (http://localhost:38073/__cypress/runner/cypress_runner.js:162024:14)",
                "diff": "- 'rgb(255, 192, 203)'\n+ 'rgb(0, 0, 0)'\n"
              },
              "uuid": "d463a90f-998a-4509-a81b-c133d75ac81b",
              "parentUUID": "702cc5d7-d247-4275-9a24-7aa713afbffe",
              "isHook": false,
              "skipped": false
            }
          ],
          "suites": [],
          "passes": [],
          "failures": [
            "560c7912-c2a9-4c6d-b952-0899e33a3a94",
            "d463a90f-998a-4509-a81b-c133d75ac81b"
          ],
          "pending": [],
          "skipped": [],
          "duration": 617,
          "root": false,
          "rootEmpty": false,
          "_timeout": 2000
        }
      ],
      "passes": [],
      "failures": [],
      "pending": [],
      "skipped": [],
      "duration": 0,
      "root": true,
      "rootEmpty": true,
      "_timeout": 2000
    }
  ],
  "meta": {
    "mocha": {
      "version": "7.0.1"
    },
    "mochawesome": {
      "options": {
        "quiet": false,
        "reportFilename": "mochawesome",
        "saveHtml": false,
        "saveJson": true,
        "consoleReporter": "spec",
        "useInlineDiffs": false
      },
      "version": "4.1.0"
    },
    "marge": {
      "options": {
        "id": "default",
        "reportDir": "cypress/reports",
        "overwrite": true,
        "html": false,
        "json": true
      },
      "version": "4.1.0"
    }
  }
}