{
  "stats": {
    "suites": 12,
    "tests": 41,
    "passes": 19,
    "pending": 0,
    "failures": 22,
    "start": "2021-08-13T19:43:39.558Z",
    "end": "2021-08-13T19:45:11.953Z",
    "duration": 92395,
    "testsRegistered": 41,
    "passPercent": 46.34146341463415,
    "pendingPercent": 0,
    "other": 0,
    "hasOther": false,
    "skipped": 0,
    "hasSkipped": false
  },
  "results": [
    {
      "uuid": "ff44dfff-3b50-44d1-8a0f-950cec1dbe0d",
      "title": "",
      "fullFile": "cypress/integration/project.spec.js",
      "file": "cypress/integration/project.spec.js",
      "beforeHooks": [],
      "afterHooks": [],
      "tests": [],
      "suites": [
        {
          "uuid": "86444117-7dc6-4560-9e25-3297dc22c471",
          "title": "1 - Adicione à página o título \"Paleta de Cores\".",
          "fullFile": "",
          "file": "",
          "beforeHooks": [],
          "afterHooks": [],
          "tests": [
            {
              "title": "Verifica se contém um elemento `h1` com o id `title` com o título correto",
              "fullTitle": "1 - Adicione à página o título \"Paleta de Cores\". Verifica se contém um elemento `h1` com o id `title` com o título correto",
              "timedOut": null,
              "duration": 127,
              "state": "passed",
              "speed": "slow",
              "pass": true,
              "fail": false,
              "pending": false,
              "context": null,
              "code": "cy.get('h1#title').should('contain.text', 'Paleta de Cores');",
              "err": {},
              "uuid": "ac75cbc2-0d62-4e06-acff-7f896b0f0470",
              "parentUUID": "86444117-7dc6-4560-9e25-3297dc22c471",
              "isHook": false,
              "skipped": false
            }
          ],
          "suites": [],
          "passes": [
            "ac75cbc2-0d62-4e06-acff-7f896b0f0470"
          ],
          "failures": [],
          "pending": [],
          "skipped": [],
          "duration": 127,
          "root": false,
          "rootEmpty": false,
          "_timeout": 2000
        },
        {
          "uuid": "52599f43-1581-4628-84d2-375257ba3373",
          "title": "2 - Adicione à página uma paleta de quatro cores distintas.",
          "fullFile": "",
          "file": "",
          "beforeHooks": [],
          "afterHooks": [],
          "tests": [
            {
              "title": "A paleta de cores deve ser um elemento com `id` denominado `color-palette`",
              "fullTitle": "2 - Adicione à página uma paleta de quatro cores distintas. A paleta de cores deve ser um elemento com `id` denominado `color-palette`",
              "timedOut": null,
              "duration": 57,
              "state": "passed",
              "speed": "medium",
              "pass": true,
              "fail": false,
              "pending": false,
              "context": null,
              "code": "cy.get('#color-palette').should('be.visible');",
              "err": {},
              "uuid": "c2fb1326-60ff-49d5-8c6b-d35755d74817",
              "parentUUID": "52599f43-1581-4628-84d2-375257ba3373",
              "isHook": false,
              "skipped": false
            },
            {
              "title": "Verifica se cada cor individual da paleta de cores possui a `classe` chamada `color`.",
              "fullTitle": "2 - Adicione à página uma paleta de quatro cores distintas. Verifica se cada cor individual da paleta de cores possui a `classe` chamada `color`.",
              "timedOut": null,
              "duration": 91,
              "state": "passed",
              "speed": "slow",
              "pass": true,
              "fail": false,
              "pending": false,
              "context": null,
              "code": "cy.get('.color').should('have.length', 4).then(function (colors) {\n  for (var i = 0; i < colors.length; i++) {\n    cy.wrap(colors[i]).should('be.visible');\n  }\n});",
              "err": {},
              "uuid": "19e1a80e-7f21-4a14-8fe1-108cd1ca252e",
              "parentUUID": "52599f43-1581-4628-84d2-375257ba3373",
              "isHook": false,
              "skipped": false
            },
            {
              "title": "Verifica se a cor de fundo de cada elemento da paleta é a cor que o elemento representa. **A única cor não permitida na paleta é a cor branca.**",
              "fullTitle": "2 - Adicione à página uma paleta de quatro cores distintas. Verifica se a cor de fundo de cada elemento da paleta é a cor que o elemento representa. **A única cor não permitida na paleta é a cor branca.**",
              "timedOut": null,
              "duration": 100,
              "state": "passed",
              "speed": "slow",
              "pass": true,
              "fail": false,
              "pending": false,
              "context": null,
              "code": "cy.get('.color').each(function (color) {\n  cy.wrap(color).should('have.class', 'color').and('not.have.css', 'background-color', WHITE);\n  cy.wrap(color).should('have.css', 'background-color');\n});",
              "err": {},
              "uuid": "ac32b440-a24f-4bb9-8a83-eace604bd949",
              "parentUUID": "52599f43-1581-4628-84d2-375257ba3373",
              "isHook": false,
              "skipped": false
            },
            {
              "title": "Verifica se cada elemento da paleta de cores tem uma borda preta, sólida e com 1 pixel de largura;",
              "fullTitle": "2 - Adicione à página uma paleta de quatro cores distintas. Verifica se cada elemento da paleta de cores tem uma borda preta, sólida e com 1 pixel de largura;",
              "timedOut": null,
              "duration": 77,
              "state": "passed",
              "speed": "slow",
              "pass": true,
              "fail": false,
              "pending": false,
              "context": null,
              "code": "cy.get('.color').each(function (color) {\n  cy.wrap(color).and('have.css', 'border', \"1px solid \".concat(BLACK)).and('have.class', 'color');\n});",
              "err": {},
              "uuid": "a0a12f84-c266-47f8-88a0-dcd3556fc174",
              "parentUUID": "52599f43-1581-4628-84d2-375257ba3373",
              "isHook": false,
              "skipped": false
            },
            {
              "title": "Verifica se a paleta lista todas as cores disponíveis para utilização, lado a lado.",
              "fullTitle": "2 - Adicione à página uma paleta de quatro cores distintas. Verifica se a paleta lista todas as cores disponíveis para utilização, lado a lado.",
              "timedOut": null,
              "duration": 114,
              "state": "passed",
              "speed": "slow",
              "pass": true,
              "fail": false,
              "pending": false,
              "context": null,
              "code": "cy.get('.color').then(function (colors) {\n  for (var index = 1; index < colors.length; index += 1) {\n    var currentColor = colors[index];\n    var previousColor = colors[index - 1];\n    cy.wrap(currentColor).should('be.onTheRightOf', previousColor).and('be.horizontallyAlignedWith', previousColor);\n  }\n});",
              "err": {},
              "uuid": "9aa6256a-d86e-409b-9d55-68f69ff7286e",
              "parentUUID": "52599f43-1581-4628-84d2-375257ba3373",
              "isHook": false,
              "skipped": false
            },
            {
              "title": "Verifica se a paleta de cores está posicionada abaixo do título 'Paleta de Cores'",
              "fullTitle": "2 - Adicione à página uma paleta de quatro cores distintas. Verifica se a paleta de cores está posicionada abaixo do título 'Paleta de Cores'",
              "timedOut": null,
              "duration": 82,
              "state": "passed",
              "speed": "slow",
              "pass": true,
              "fail": false,
              "pending": false,
              "context": null,
              "code": "cy.get('h1#title').then(function (title) {\n  cy.get('#color-palette').should('be.belowOf', title);\n});",
              "err": {},
              "uuid": "fb9dc543-33f6-4ffb-9fcb-be757f679cb3",
              "parentUUID": "52599f43-1581-4628-84d2-375257ba3373",
              "isHook": false,
              "skipped": false
            },
            {
              "title": "Verifica se a paleta de cores não contém cores repetidas.",
              "fullTitle": "2 - Adicione à página uma paleta de quatro cores distintas. Verifica se a paleta de cores não contém cores repetidas.",
              "timedOut": null,
              "duration": 91,
              "state": "passed",
              "speed": "slow",
              "pass": true,
              "fail": false,
              "pending": false,
              "context": null,
              "code": "cy.get('.color').then(function (colors) {\n  var allColors = Array.from(colors).map(function (color) {\n    return Cypress.$(color).css('background-color');\n  });\n  cy.log(allColors);\n  var uniqColors = (0, _toConsumableArray2[\"default\"])(new Set(allColors));\n  cy.log(uniqColors);\n  expect(allColors.length).to.eq(uniqColors.length);\n});",
              "err": {},
              "uuid": "71564a75-19a7-418a-b665-0e95b0a24a56",
              "parentUUID": "52599f43-1581-4628-84d2-375257ba3373",
              "isHook": false,
              "skipped": false
            }
          ],
          "suites": [],
          "passes": [
            "c2fb1326-60ff-49d5-8c6b-d35755d74817",
            "19e1a80e-7f21-4a14-8fe1-108cd1ca252e",
            "ac32b440-a24f-4bb9-8a83-eace604bd949",
            "a0a12f84-c266-47f8-88a0-dcd3556fc174",
            "9aa6256a-d86e-409b-9d55-68f69ff7286e",
            "fb9dc543-33f6-4ffb-9fcb-be757f679cb3",
            "71564a75-19a7-418a-b665-0e95b0a24a56"
          ],
          "failures": [],
          "pending": [],
          "skipped": [],
          "duration": 612,
          "root": false,
          "rootEmpty": false,
          "_timeout": 2000
        },
        {
          "uuid": "0c5c85b5-475b-4318-a073-ef6323696286",
          "title": "3 - Adicione a cor **preta** como a primeira cor da paleta de cores.",
          "fullFile": "",
          "file": "",
          "beforeHooks": [],
          "afterHooks": [],
          "tests": [
            {
              "title": "Verifica se a primeira cor da paleta é preta",
              "fullTitle": "3 - Adicione a cor **preta** como a primeira cor da paleta de cores. Verifica se a primeira cor da paleta é preta",
              "timedOut": null,
              "duration": 97,
              "state": "passed",
              "speed": "slow",
              "pass": true,
              "fail": false,
              "pending": false,
              "context": null,
              "code": "cy.get('.color').first().should('have.css', 'background-color', BLACK);",
              "err": {},
              "uuid": "4647f4f5-ce17-430a-92c4-0649f4c0a063",
              "parentUUID": "0c5c85b5-475b-4318-a073-ef6323696286",
              "isHook": false,
              "skipped": false
            },
            {
              "title": "Verifica se as demais cores podem ser escolhidas livremente.",
              "fullTitle": "3 - Adicione a cor **preta** como a primeira cor da paleta de cores. Verifica se as demais cores podem ser escolhidas livremente.",
              "timedOut": null,
              "duration": 136,
              "state": "passed",
              "speed": "slow",
              "pass": true,
              "fail": false,
              "pending": false,
              "context": null,
              "code": "cy.get('.color').eq(1).should('not.have.css', 'background-color', BLACK);\ncy.get('.color').eq(1).should('not.have.css', 'background-color', WHITE);\ncy.get('.color').eq(1).should('not.have.css', 'background-color', 'rgba(0, 0, 0, 0)');\ncy.get('.color').eq(1).should('have.css', 'background-color');\ncy.get('.color').eq(2).should('not.have.css', 'background-color', BLACK);\ncy.get('.color').eq(2).should('not.have.css', 'background-color', WHITE);\ncy.get('.color').eq(2).should('not.have.css', 'background-color', 'rgba(0, 0, 0, 0)');\ncy.get('.color').eq(2).should('have.css', 'background-color');\ncy.get('.color').eq(3).should('not.have.css', 'background-color', BLACK);\ncy.get('.color').eq(3).should('not.have.css', 'background-color', WHITE);\ncy.get('.color').eq(3).should('not.have.css', 'background-color', 'rgba(0, 0, 0, 0)');\ncy.get('.color').eq(3).should('have.css', 'background-color');",
              "err": {},
              "uuid": "2a1f81a3-d36e-4010-82e5-c551b959c4fa",
              "parentUUID": "0c5c85b5-475b-4318-a073-ef6323696286",
              "isHook": false,
              "skipped": false
            }
          ],
          "suites": [],
          "passes": [
            "4647f4f5-ce17-430a-92c4-0649f4c0a063",
            "2a1f81a3-d36e-4010-82e5-c551b959c4fa"
          ],
          "failures": [],
          "pending": [],
          "skipped": [],
          "duration": 233,
          "root": false,
          "rootEmpty": false,
          "_timeout": 2000
        },
        {
          "uuid": "e4a3176f-e7e8-4feb-828d-50ff896d9d59",
          "title": "4 - Adicione à página um quadro de pixels, com 25 pixels.",
          "fullFile": "",
          "file": "",
          "beforeHooks": [],
          "afterHooks": [],
          "tests": [
            {
              "title": "Verifica se o quadro de pixels possui o `id` denominado `pixel-board`",
              "fullTitle": "4 - Adicione à página um quadro de pixels, com 25 pixels. Verifica se o quadro de pixels possui o `id` denominado `pixel-board`",
              "timedOut": null,
              "duration": 54,
              "state": "passed",
              "speed": "medium",
              "pass": true,
              "fail": false,
              "pending": false,
              "context": null,
              "code": "cy.get('#pixel-board').should('be.visible');",
              "err": {},
              "uuid": "91d8784f-199a-4a1e-b2fd-adb4a60968f5",
              "parentUUID": "e4a3176f-e7e8-4feb-828d-50ff896d9d59",
              "isHook": false,
              "skipped": false
            },
            {
              "title": "Verifica se cada pixel individual dentro do quadro possui a `classe` denominada `pixel`.",
              "fullTitle": "4 - Adicione à página um quadro de pixels, com 25 pixels. Verifica se cada pixel individual dentro do quadro possui a `classe` denominada `pixel`.",
              "timedOut": null,
              "duration": 106,
              "state": "passed",
              "speed": "slow",
              "pass": true,
              "fail": false,
              "pending": false,
              "context": null,
              "code": "cy.get('.pixel').should('have.length', 25);",
              "err": {},
              "uuid": "70dcf291-d7f9-47ba-87e2-f1cf6150608d",
              "parentUUID": "e4a3176f-e7e8-4feb-828d-50ff896d9d59",
              "isHook": false,
              "skipped": false
            },
            {
              "title": "Verifica se a cor inicial dos pixels dentro do quadro, ao abrir a página, é branca.",
              "fullTitle": "4 - Adicione à página um quadro de pixels, com 25 pixels. Verifica se a cor inicial dos pixels dentro do quadro, ao abrir a página, é branca.",
              "timedOut": null,
              "duration": 110,
              "state": "passed",
              "speed": "slow",
              "pass": true,
              "fail": false,
              "pending": false,
              "context": null,
              "code": "cy.get('.pixel').should('have.length', 25).each(function (pixel) {\n  expect(pixel).to.have.css('background-color', WHITE);\n});",
              "err": {},
              "uuid": "92e40389-8153-4c1d-8100-1f97fa23d19f",
              "parentUUID": "e4a3176f-e7e8-4feb-828d-50ff896d9d59",
              "isHook": false,
              "skipped": false
            },
            {
              "title": "Verifica se o quadro de pixels aparece abaixo da paleta de cores",
              "fullTitle": "4 - Adicione à página um quadro de pixels, com 25 pixels. Verifica se o quadro de pixels aparece abaixo da paleta de cores",
              "timedOut": null,
              "duration": 64,
              "state": "passed",
              "speed": "medium",
              "pass": true,
              "fail": false,
              "pending": false,
              "context": null,
              "code": "cy.get('#color-palette').then(function (palette) {\n  cy.get('#pixel-board').should('be.belowOf', palette);\n});",
              "err": {},
              "uuid": "89320efa-e826-41a7-89a9-dd15df942cee",
              "parentUUID": "e4a3176f-e7e8-4feb-828d-50ff896d9d59",
              "isHook": false,
              "skipped": false
            }
          ],
          "suites": [],
          "passes": [
            "91d8784f-199a-4a1e-b2fd-adb4a60968f5",
            "70dcf291-d7f9-47ba-87e2-f1cf6150608d",
            "92e40389-8153-4c1d-8100-1f97fa23d19f",
            "89320efa-e826-41a7-89a9-dd15df942cee"
          ],
          "failures": [],
          "pending": [],
          "skipped": [],
          "duration": 334,
          "root": false,
          "rootEmpty": false,
          "_timeout": 2000
        },
        {
          "uuid": "0db44856-9a5e-4d04-9955-754f73ec36c5",
          "title": "5 - Faça com que cada elemento do quadro de pixels possua 40 pixels de largura, 40 pixels de altura e seja delimitado por uma borda preta de 1 pixel.",
          "fullFile": "",
          "file": "",
          "beforeHooks": [],
          "afterHooks": [],
          "tests": [
            {
              "title": "Verifica se o quadro de pixels tem altura e comprimento de 5 elementos",
              "fullTitle": "5 - Faça com que cada elemento do quadro de pixels possua 40 pixels de largura, 40 pixels de altura e seja delimitado por uma borda preta de 1 pixel. Verifica se o quadro de pixels tem altura e comprimento de 5 elementos",
              "timedOut": null,
              "duration": 176,
              "state": "passed",
              "speed": "slow",
              "pass": true,
              "fail": false,
              "pending": false,
              "context": null,
              "code": "cy.get('.pixel').should('have.length', 25).each(function (pixel) {\n  expect(pixel).to.have.css('background-color', WHITE);\n}).and(function (pixels) {\n  var rows = chunk(pixels, 5);\n  rows.forEach(function (row) {\n    for (var index = 1; index < row.length; index += 1) {\n      var current = pixels[index];\n      var previous = pixels[index - 1];\n      cy.wrap(current).should('be.onTheRightOf', previous).and('be.horizontallyAlignedWith', previous);\n    }\n  });\n  for (var index = 1; index < 5; index += 1) {\n    expect(pixels[index * 5]).to.be.belowOf(pixels[(index - 1) * 5]);\n  }\n});",
              "err": {},
              "uuid": "e5d8c921-8e96-4f68-9676-1ff70e29213c",
              "parentUUID": "0db44856-9a5e-4d04-9955-754f73ec36c5",
              "isHook": false,
              "skipped": false
            },
            {
              "title": "Verifica se 40 pixels é o tamanho total do elemento, incluindo seu conteúdo e excluindo a borda preta, que deve ser criada à parte.",
              "fullTitle": "5 - Faça com que cada elemento do quadro de pixels possua 40 pixels de largura, 40 pixels de altura e seja delimitado por uma borda preta de 1 pixel. Verifica se 40 pixels é o tamanho total do elemento, incluindo seu conteúdo e excluindo a borda preta, que deve ser criada à parte.",
              "timedOut": null,
              "duration": 163,
              "state": "passed",
              "speed": "slow",
              "pass": true,
              "fail": false,
              "pending": false,
              "context": null,
              "code": "cy.get('.pixel').each(function (pixel) {\n  cy.wrap(pixel).should('have.css', 'height', '40px').and('have.css', 'width', '40px').and('have.css', 'border', \"1px solid \".concat(BLACK));\n});",
              "err": {},
              "uuid": "69387fc7-52b9-4ddf-89b1-dce0484ff773",
              "parentUUID": "0db44856-9a5e-4d04-9955-754f73ec36c5",
              "isHook": false,
              "skipped": false
            }
          ],
          "suites": [],
          "passes": [
            "e5d8c921-8e96-4f68-9676-1ff70e29213c",
            "69387fc7-52b9-4ddf-89b1-dce0484ff773"
          ],
          "failures": [],
          "pending": [],
          "skipped": [],
          "duration": 339,
          "root": false,
          "rootEmpty": false,
          "_timeout": 2000
        },
        {
          "uuid": "2323e5c1-c1f8-4d80-8f8d-bff717e07111",
          "title": "6 - Defina a cor preta como cor inicial. Ao carregar a página a cor preta já deve estar selecionada para pintar os pixels",
          "fullFile": "",
          "file": "",
          "beforeHooks": [],
          "afterHooks": [],
          "tests": [
            {
              "title": "Verifica se o elemento da cor preta possui, inicialmente, a `classe` `selected`",
              "fullTitle": "6 - Defina a cor preta como cor inicial. Ao carregar a página a cor preta já deve estar selecionada para pintar os pixels Verifica se o elemento da cor preta possui, inicialmente, a `classe` `selected`",
              "timedOut": null,
              "duration": 4181,
              "state": "failed",
              "speed": null,
              "pass": false,
              "fail": true,
              "pending": false,
              "context": null,
              "code": "cy.get('.selected').first().should('have.css', 'background-color', BLACK);",
              "err": {
                "message": "CypressError: Timed out retrying: Expected to find element: '.selected', but never found it.",
                "estack": "CypressError: Timed out retrying: Expected to find element: '.selected', but never found it.\n    at cypressErr (http://localhost:39123/__cypress/runner/cypress_runner.js:149934:9)\n    at throwErr (http://localhost:39123/__cypress/runner/cypress_runner.js:149867:11)\n    at Object.throwErrByPath (http://localhost:39123/__cypress/runner/cypress_runner.js:149915:3)\n    at retry (http://localhost:39123/__cypress/runner/cypress_runner.js:144197:19)\n    at onFailFn (http://localhost:39123/__cypress/runner/cypress_runner.js:132448:16)\n    at tryCatcher (http://localhost:39123/__cypress/runner/cypress_runner.js:167415:23)\n    at Promise._settlePromiseFromHandler (http://localhost:39123/__cypress/runner/cypress_runner.js:165351:31)\n    at Promise._settlePromise (http://localhost:39123/__cypress/runner/cypress_runner.js:165408:18)\n    at Promise._settlePromise0 (http://localhost:39123/__cypress/runner/cypress_runner.js:165453:10)\n    at Promise._settlePromises (http://localhost:39123/__cypress/runner/cypress_runner.js:165528:18)\n    at Async../node_modules/bluebird/js/release/async.js.Async._drainQueue (http://localhost:39123/__cypress/runner/cypress_runner.js:162140:16)\n    at Async../node_modules/bluebird/js/release/async.js.Async._drainQueues (http://localhost:39123/__cypress/runner/cypress_runner.js:162150:10)\n    at Async.drainQueues (http://localhost:39123/__cypress/runner/cypress_runner.js:162024:14)",
                "diff": null
              },
              "uuid": "d524db69-2691-4ce2-9794-e9f012d6f81c",
              "parentUUID": "2323e5c1-c1f8-4d80-8f8d-bff717e07111",
              "isHook": false,
              "skipped": false
            },
            {
              "title": "Verifica se nenhuma outra cor da paleta tem a `classe` `selected`",
              "fullTitle": "6 - Defina a cor preta como cor inicial. Ao carregar a página a cor preta já deve estar selecionada para pintar os pixels Verifica se nenhuma outra cor da paleta tem a `classe` `selected`",
              "timedOut": null,
              "duration": 97,
              "state": "passed",
              "speed": "slow",
              "pass": true,
              "fail": false,
              "pending": false,
              "context": null,
              "code": "cy.get('.color:not(:first-child)').each(function (color) {\n  cy.wrap(color).should('not.have.class', 'selected');\n});",
              "err": {},
              "uuid": "e4f1094d-0d5f-4c08-a008-74960b063887",
              "parentUUID": "2323e5c1-c1f8-4d80-8f8d-bff717e07111",
              "isHook": false,
              "skipped": false
            }
          ],
          "suites": [],
          "passes": [
            "e4f1094d-0d5f-4c08-a008-74960b063887"
          ],
          "failures": [
            "d524db69-2691-4ce2-9794-e9f012d6f81c"
          ],
          "pending": [],
          "skipped": [],
          "duration": 4278,
          "root": false,
          "rootEmpty": false,
          "_timeout": 2000
        },
        {
          "uuid": "a8e814fb-9456-412d-a7b1-2a877d9ea0c8",
          "title": "7 - Clicar em uma das cores da paleta, faz com que ela seja selecionada e utilizada para preencher os pixels no quadro.",
          "fullFile": "",
          "file": "",
          "beforeHooks": [],
          "afterHooks": [],
          "tests": [
            {
              "title": "Verifica se somente uma cor da paleta de cores tem a classe `selected` de cada vez",
              "fullTitle": "7 - Clicar em uma das cores da paleta, faz com que ela seja selecionada e utilizada para preencher os pixels no quadro. Verifica se somente uma cor da paleta de cores tem a classe `selected` de cada vez",
              "timedOut": null,
              "duration": 322,
              "state": "failed",
              "speed": null,
              "pass": false,
              "fail": true,
              "pending": false,
              "context": null,
              "code": "cy.get('.color').each(function (selectedColor, selectedColorIndex) {\n  cy.wrap(selectedColor).click();\n  cy.get('.color').each(function (color, colorIndex) {\n    if (colorIndex === selectedColorIndex) {\n      expect(color).to.have[\"class\"]('selected');\n    } else {\n      expect(color).not.to.have[\"class\"]('selected');\n    }\n  });\n});",
              "err": {
                "message": "AssertionError: expected '<div#black.color>' to have class 'selected'",
                "estack": "AssertionError: expected '<div#black.color>' to have class 'selected'\n    at callback (http://localhost:39123/__cypress/runner/cypress_runner.js:136947:20)\n    at getRet (http://localhost:39123/__cypress/runner/cypress_runner.js:136585:16)\n    at tryCatcher (http://localhost:39123/__cypress/runner/cypress_runner.js:167415:23)\n    at Function.Promise.attempt.Promise.try (http://localhost:39123/__cypress/runner/cypress_runner.js:164690:29)\n    at thenFn (http://localhost:39123/__cypress/runner/cypress_runner.js:136599:23)\n    at yieldItem (http://localhost:39123/__cypress/runner/cypress_runner.js:136954:16)\n    at tryCatcher (http://localhost:39123/__cypress/runner/cypress_runner.js:167415:23)\n    at Object.gotValue (http://localhost:39123/__cypress/runner/cypress_runner.js:166557:18)\n    at Object.gotAccum (http://localhost:39123/__cypress/runner/cypress_runner.js:166546:25)\n    at Object.tryCatcher (http://localhost:39123/__cypress/runner/cypress_runner.js:167415:23)\n    at Promise._settlePromiseFromHandler (http://localhost:39123/__cypress/runner/cypress_runner.js:165351:31)\n    at Promise._settlePromise (http://localhost:39123/__cypress/runner/cypress_runner.js:165408:18)\n    at Promise._settlePromiseCtx (http://localhost:39123/__cypress/runner/cypress_runner.js:165445:10)\n    at Async../node_modules/bluebird/js/release/async.js.Async._drainQueue (http://localhost:39123/__cypress/runner/cypress_runner.js:162145:12)\n    at Async../node_modules/bluebird/js/release/async.js.Async._drainQueues (http://localhost:39123/__cypress/runner/cypress_runner.js:162150:10)\n    at Async.drainQueues (http://localhost:39123/__cypress/runner/cypress_runner.js:162024:14)",
                "diff": "- { '0': <div id=\"black\" class=\"color\"></div>,\n-   length: 1,\n-   jquery: '3.1.1',\n-   constructor: \n-    { [Function: jQuery]\n-      fn: \n-       { jquery: '3.1.1',\n-         constructor: [Circular],\n-         length: 0,\n-         toArray: [Function: toArray],\n-         get: [Function: get],\n-         pushStack: [Function: pushStack],\n-         each: [Function: each],\n-         map: [Function: map],\n-         slice: [Function: slice],\n-         first: [Function: first],\n-         last: [Function: last],\n-         eq: [Function: eq],\n-         end: [Function: end],\n-         push: [Function: push],\n-         sort: [Function: sort],\n-         splice: [Function: splice],\n-         extend: [Function],\n-         find: [Function: find],\n-         filter: [Function: filter],\n-         not: [Function: not],\n-         is: [Function: is],\n-         init: [Function],\n-         has: [Function: has],\n-         closest: [Function: closest],\n-         index: [Function: index],\n-         add: [Function: add],\n-         addBack: [Function: addBack],\n-         parent: [Function],\n-         parents: [Function],\n-         parentsUntil: [Function],\n-         next: [Function],\n-         prev: [Function],\n-         nextAll: [Function],\n-         prevAll: [Function],\n-         nextUntil: [Function],\n-         prevUntil: [Function],\n-         siblings: [Function],\n-         children: [Function],\n-         contents: [Function],\n-         ready: [Function],\n-         data: [Function: data],\n-         removeData: [Function: removeData],\n-         queue: [Function: queue],\n-         dequeue: [Function: dequeue],\n-         clearQueue: [Function: clearQueue],\n-         promise: [Function: promise],\n-         show: [Function],\n-         hide: [Function],\n-         toggle: [Function],\n-         on: [Function: on],\n-         one: [Function: one],\n-         off: [Function: off],\n-         detach: [Function: detach],\n-         remove: [Function: remove],\n-         text: [Function: text],\n-         append: [Function: append],\n-         prepend: [Function: prepend],\n-         before: [Function: before],\n-         after: [Function: after],\n-         empty: [Function: empty],\n-         clone: [Function: clone],\n-         html: [Function: html],\n-         replaceWith: [Function: replaceWith],\n-         appendTo: [Function],\n-         prependTo: [Function],\n-         insertBefore: [Function],\n-         insertAfter: [Function],\n-         replaceAll: [Function],\n-         css: [Function: css],\n-         fadeTo: [Function: fadeTo],\n-         animate: [Function: animate],\n-         stop: [Function: stop],\n-         finish: [Function: finish],\n-         slideDown: [Function],\n-         slideUp: [Function],\n-         slideToggle: [Function],\n-         fadeIn: [Function],\n-         fadeOut: [Function],\n-         fadeToggle: [Function],\n-         delay: [Function],\n-         attr: [Function: attr],\n-         removeAttr: [Function: removeAttr],\n-         prop: [Function: prop],\n-         removeProp: [Function: removeProp],\n-         addClass: [Function: addClass],\n-         removeClass: [Function: removeClass],\n-         toggleClass: [Function: toggleClass],\n-         hasClass: [Function: hasClass],\n-         val: [Function: val],\n-         trigger: [Function: trigger],\n-         triggerHandler: [Function: triggerHandler],\n-         blur: [Function],\n-         focus: [Function],\n-         focusin: [Function],\n-         focusout: [Function],\n-         resize: [Function],\n-         scroll: [Function],\n-         click: [Function],\n-         dblclick: [Function],\n-         mousedown: [Function],\n-         mouseup: [Function],\n-         mousemove: [Function],\n-         mouseover: [Function],\n-         mouseout: [Function],\n-         mouseenter: [Function],\n-         mouseleave: [Function],\n-         change: [Function],\n-         select: [Function],\n-         submit: [Function],\n-         keydown: [Function],\n-         keypress: [Function],\n-         keyup: [Function],\n-         contextmenu: [Function],\n-         hover: [Function: hover],\n-         serialize: [Function: serialize],\n-         serializeArray: [Function: serializeArray],\n-         wrapAll: [Function: wrapAll],\n-         wrapInner: [Function: wrapInner],\n-         wrap: [Function: wrap],\n-         unwrap: [Function: unwrap],\n-         load: [Function],\n-         ajaxStart: [Function],\n-         ajaxStop: [Function],\n-         ajaxComplete: [Function],\n-         ajaxError: [Function],\n-         ajaxSuccess: [Function],\n-         ajaxSend: [Function],\n-         offset: [Function: offset],\n-         position: [Function: position],\n-         offsetParent: [Function: offsetParent],\n-         scrollLeft: [Function],\n-         scrollTop: [Function],\n-         innerHeight: [Function],\n-         height: [Function],\n-         outerHeight: [Function],\n-         innerWidth: [Function],\n-         width: [Function],\n-         outerWidth: [Function],\n-         bind: [Function: bind],\n-         unbind: [Function: unbind],\n-         delegate: [Function: delegate],\n-         undelegate: [Function: undelegate],\n-         scrollTo: [Function] },\n-      extend: [Function],\n-      expando: 'jQuery31107133580338363628',\n-      isReady: true,\n-      error: [Function: error],\n-      noop: [Function: noop],\n-      isFunction: [Function: isFunction],\n-      isArray: [Function: isArray],\n-      isWindow: [Function: isWindow],\n-      isNumeric: [Function: isNumeric],\n-      isPlainObject: [Function: isPlainObject],\n-      isEmptyObject: [Function: isEmptyObject],\n-      type: [Function: type],\n-      globalEval: [Function: globalEval],\n-      camelCase: [Function: camelCase],\n-      nodeName: [Function: nodeName],\n-      each: [Function: each],\n-      trim: [Function: trim],\n-      makeArray: [Function: makeArray],\n-      inArray: [Function: inArray],\n-      merge: [Function: merge],\n-      grep: [Function: grep],\n-      map: [Function: map],\n-      guid: 7,\n-      proxy: [Function: proxy],\n-      now: [Function: now],\n-      support: \n-       { checkClone: true,\n-         noCloneChecked: true,\n-         clearCloneStyle: true,\n-         pixelPosition: [Function: pixelPosition],\n-         boxSizingReliable: [Function: boxSizingReliable],\n-         pixelMarginRight: [Function: pixelMarginRight],\n-         reliableMarginLeft: [Function: reliableMarginLeft],\n-         checkOn: true,\n-         optSelected: true,\n-         radioValue: true,\n-         focusin: false,\n-         cors: true,\n-         ajax: true,\n-         createHTMLDocument: true },\n-      find: \n-       { [Function: Sizzle]\n-         support: [Object],\n-         isXML: [Function],\n-         setDocument: [Function],\n-         matches: [Function],\n-         matchesSelector: [Function],\n-         contains: [Function],\n-         attr: [Function],\n-         escape: [Function],\n-         error: [Function],\n-         uniqueSort: [Function],\n-         getText: [Function],\n-         selectors: [Object],\n-         tokenize: [Function],\n-         compile: [Function],\n-         select: [Function] },\n-      expr: \n-       { cacheLength: 1,\n-         createPseudo: [Function: markFunction],\n-         match: [Object],\n-         attrHandle: [Object],\n-         find: [Object],\n-         relative: [Object],\n-         preFilter: [Object],\n-         filter: [Object],\n-         pseudos: [Object],\n-         filters: [Object],\n-         setFilters: [Object],\n-         ':': [Object] },\n-      unique: [Function],\n-      uniqueSort: [Function],\n-      text: [Function],\n-      isXMLDoc: [Function],\n-      contains: [Function],\n-      escapeSelector: [Function],\n-      filter: [Function],\n-      Callbacks: [Function],\n-      Deferred: { [Function: Deferred] exceptionHook: [Function] },\n-      when: [Function: when],\n-      readyException: [Function],\n-      readyWait: 0,\n-      holdReady: [Function: holdReady],\n-      ready: { [Function: ready] then: [Function: then] },\n-      hasData: [Function: hasData],\n-      data: [Function: data],\n-      removeData: [Function: removeData],\n-      _data: [Function: _data],\n-      _removeData: [Function: _removeData],\n-      queue: [Function: queue],\n-      dequeue: [Function: dequeue],\n-      _queueHooks: [Function: _queueHooks],\n-      event: \n-       { global: [Object],\n-         add: [Function: add],\n-         remove: [Function: remove],\n-         dispatch: [Function: dispatch],\n-         handlers: [Function: handlers],\n-         addProp: [Function: addProp],\n-         fix: [Function: fix],\n-         special: [Object],\n-         trigger: [Function: trigger],\n-         simulate: [Function: simulate] },\n-      removeEvent: [Function],\n-      Event: [Function],\n-      htmlPrefilter: [Function: htmlPrefilter],\n-      clone: [Function: clone],\n-      cleanData: [Function: cleanData],\n-      cssHooks: \n-       { opacity: [Object],\n-         height: [Object],\n-         width: [Object],\n-         marginLeft: [Object],\n-         margin: [Object],\n-         padding: [Object],\n-         borderWidth: [Object],\n-         top: [Object],\n-         left: [Object] },\n-      cssNumber: \n-       { animationIterationCount: true,\n-         columnCount: true,\n-         fillOpacity: true,\n-         flexGrow: true,\n-         flexShrink: true,\n-         fontWeight: true,\n-         lineHeight: true,\n-         opacity: true,\n-         order: true,\n-         orphans: true,\n-         widows: true,\n-         zIndex: true,\n-         zoom: true },\n-      cssProps: \n-       { float: 'cssFloat',\n-         width: 'width',\n-         display: 'display',\n-         boxSizing: 'boxSizing',\n-         height: 'height',\n-         overflow: 'overflow',\n-         overflowY: 'overflowY',\n-         overflowX: 'overflowX',\n-         visibility: 'visibility',\n-         position: 'position',\n-         backgroundColor: 'backgroundColor',\n-         border: 'border',\n-         paddingRight: 'paddingRight',\n-         borderRightWidth: 'borderRightWidth',\n-         paddingLeft: 'paddingLeft',\n-         borderLeftWidth: 'borderLeftWidth',\n-         paddingTop: 'paddingTop',\n-         borderTopWidth: 'borderTopWidth',\n-         paddingBottom: 'paddingBottom',\n-         borderBottomWidth: 'borderBottomWidth' },\n-      style: [Function: style],\n-      css: [Function: css],\n-      Tween: { [Function: Tween] propHooks: [Object] },\n-      easing: \n-       { linear: [Function: linear],\n-         swing: [Function: swing],\n-         _default: 'swing' },\n-      fx: \n-       { [Function: init]\n-         step: {},\n-         tick: [Function],\n-         timer: [Function],\n-         interval: 13,\n-         start: [Function],\n-         stop: [Function],\n-         speeds: [Object] },\n-      Animation: \n-       { [Function: Animation]\n-         tweeners: [Object],\n-         tweener: [Function: tweener],\n-         prefilters: [Object],\n-         prefilter: [Function: prefilter] },\n-      speed: [Function],\n-      timers: [],\n-      attr: [Function: attr],\n-      attrHooks: { type: [Object] },\n-      removeAttr: [Function: removeAttr],\n-      prop: [Function: prop],\n-      propHooks: { tabIndex: [Object] },\n-      propFix: \n-       { for: 'htmlFor',\n-         class: 'className',\n-         tabindex: 'tabIndex',\n-         readonly: 'readOnly',\n-         maxlength: 'maxLength',\n-         cellspacing: 'cellSpacing',\n-         cellpadding: 'cellPadding',\n-         rowspan: 'rowSpan',\n-         colspan: 'colSpan',\n-         usemap: 'useMap',\n-         frameborder: 'frameBorder',\n-         contenteditable: 'contentEditable' },\n-      valHooks: \n-       { option: [Object],\n-         select: [Object],\n-         radio: [Object],\n-         checkbox: [Object] },\n-      parseXML: [Function],\n-      param: [Function],\n-      active: 0,\n-      lastModified: {},\n-      etag: {},\n-      ajaxSettings: \n-       { url: 'http://localhost:39123/__/#/tests/integration/project.spec.js',\n-         type: 'GET',\n-         isLocal: false,\n-         global: true,\n-         processData: true,\n-         async: true,\n-         contentType: 'application/x-www-form-urlencoded; charset=UTF-8',\n-         accepts: [Object],\n-         contents: [Object],\n-         responseFields: [Object],\n-         converters: [Object],\n-         flatOptions: [Object],\n-         xhr: [Function],\n-         jsonp: 'callback',\n-         jsonpCallback: [Function: jsonpCallback],\n-         cache: false },\n-      ajaxSetup: [Function: ajaxSetup],\n-      ajaxPrefilter: [Function],\n-      ajaxTransport: [Function],\n-      ajax: [Function: ajax],\n-      getJSON: [Function: getJSON],\n-      getScript: [Function: getScript],\n-      get: [Function],\n-      post: [Function],\n-      _evalUrl: [Function],\n-      parseHTML: [Function],\n-      offset: { setOffset: [Function: setOffset] },\n-      parseJSON: [Function: parse],\n-      noConflict: [Function],\n-      scrollTo: { [Function] defaults: [Object], max: [Function] } },\n-   toArray: [Function: toArray],\n-   get: [Function: get],\n-   pushStack: [Function: pushStack],\n-   each: [Function: each],\n-   map: [Function: map],\n-   slice: [Function: slice],\n-   first: [Function: first],\n-   last: [Function: last],\n-   eq: [Function: eq],\n-   end: [Function: end],\n-   push: [Function: push],\n-   sort: [Function: sort],\n-   splice: [Function: splice],\n-   extend: [Function],\n-   find: [Function: find],\n-   filter: [Function: filter],\n-   not: [Function: not],\n-   is: [Function: is],\n-   init: [Function],\n-   has: [Function: has],\n-   closest: [Function: closest],\n-   index: [Function: index],\n-   add: [Function: add],\n-   addBack: [Function: addBack],\n-   parent: [Function],\n-   parents: [Function],\n-   parentsUntil: [Function],\n-   next: [Function],\n-   prev: [Function],\n-   nextAll: [Function],\n-   prevAll: [Function],\n-   nextUntil: [Function],\n-   prevUntil: [Function],\n-   siblings: [Function],\n-   children: [Function],\n-   contents: [Function],\n-   ready: [Function],\n-   data: [Function: data],\n-   removeData: [Function: removeData],\n-   queue: [Function: queue],\n-   dequeue: [Function: dequeue],\n-   clearQueue: [Function: clearQueue],\n-   promise: [Function: promise],\n-   show: [Function],\n-   hide: [Function],\n-   toggle: [Function],\n-   on: [Function: on],\n-   one: [Function: one],\n-   off: [Function: off],\n-   detach: [Function: detach],\n-   remove: [Function: remove],\n-   text: [Function: text],\n-   append: [Function: append],\n-   prepend: [Function: prepend],\n-   before: [Function: before],\n-   after: [Function: after],\n-   empty: [Function: empty],\n-   clone: [Function: clone],\n-   html: [Function: html],\n-   replaceWith: [Function: replaceWith],\n-   appendTo: [Function],\n-   prependTo: [Function],\n-   insertBefore: [Function],\n-   insertAfter: [Function],\n-   replaceAll: [Function],\n-   css: [Function: css],\n-   fadeTo: [Function: fadeTo],\n-   animate: [Function: animate],\n-   stop: [Function: stop],\n-   finish: [Function: finish],\n-   slideDown: [Function],\n-   slideUp: [Function],\n-   slideToggle: [Function],\n-   fadeIn: [Function],\n-   fadeOut: [Function],\n-   fadeToggle: [Function],\n-   delay: [Function],\n-   attr: [Function: attr],\n-   removeAttr: [Function: removeAttr],\n-   prop: [Function: prop],\n-   removeProp: [Function: removeProp],\n-   addClass: [Function: addClass],\n-   removeClass: [Function: removeClass],\n-   toggleClass: [Function: toggleClass],\n-   hasClass: [Function: hasClass],\n-   val: [Function: val],\n-   trigger: [Function: trigger],\n-   triggerHandler: [Function: triggerHandler],\n-   blur: [Function],\n-   focus: [Function],\n-   focusin: [Function],\n-   focusout: [Function],\n-   resize: [Function],\n-   scroll: [Function],\n-   click: [Function],\n-   dblclick: [Function],\n-   mousedown: [Function],\n-   mouseup: [Function],\n-   mousemove: [Function],\n-   mouseover: [Function],\n-   mouseout: [Function],\n-   mouseenter: [Function],\n-   mouseleave: [Function],\n-   change: [Function],\n-   select: [Function],\n-   submit: [Function],\n-   keydown: [Function],\n-   keypress: [Function],\n-   keyup: [Function],\n-   contextmenu: [Function],\n-   hover: [Function: hover],\n-   serialize: [Function: serialize],\n-   serializeArray: [Function: serializeArray],\n-   wrapAll: [Function: wrapAll],\n-   wrapInner: [Function: wrapInner],\n-   wrap: [Function: wrap],\n-   unwrap: [Function: unwrap],\n-   load: [Function],\n-   ajaxStart: [Function],\n-   ajaxStop: [Function],\n-   ajaxComplete: [Function],\n-   ajaxError: [Function],\n-   ajaxSuccess: [Function],\n-   ajaxSend: [Function],\n-   offset: [Function: offset],\n-   position: [Function: position],\n-   offsetParent: [Function: offsetParent],\n-   scrollLeft: [Function],\n-   scrollTop: [Function],\n-   innerHeight: [Function],\n-   height: [Function],\n-   outerHeight: [Function],\n-   innerWidth: [Function],\n-   width: [Function],\n-   outerWidth: [Function],\n-   bind: [Function: bind],\n-   unbind: [Function: unbind],\n-   delegate: [Function: delegate],\n-   undelegate: [Function: undelegate],\n-   scrollTo: [Function] }\n+ 'selected'\n"
              },
              "uuid": "18d10d50-728d-4bd7-bef3-8f85860b5704",
              "parentUUID": "a8e814fb-9456-412d-a7b1-2a877d9ea0c8",
              "isHook": false,
              "skipped": false
            },
            {
              "title": "Verifica se os pixels dentro do quadro não têm a classe `selected` quando são clicados",
              "fullTitle": "7 - Clicar em uma das cores da paleta, faz com que ela seja selecionada e utilizada para preencher os pixels no quadro. Verifica se os pixels dentro do quadro não têm a classe `selected` quando são clicados",
              "timedOut": null,
              "duration": 7864,
              "state": "passed",
              "speed": "slow",
              "pass": true,
              "fail": false,
              "pending": false,
              "context": null,
              "code": "cy.get('.color').each(function (color) {\n  var backgroundColor = color.css('background-color');\n  cy.wrap(color).click();\n  cy.get('.pixel').each(function (pixel) {\n    cy.wrap(pixel).click().should('not.have.class', 'selected');\n  });\n});",
              "err": {},
              "uuid": "ab0a85ae-f1f4-4579-8bd4-165d97b114e3",
              "parentUUID": "a8e814fb-9456-412d-a7b1-2a877d9ea0c8",
              "isHook": false,
              "skipped": false
            }
          ],
          "suites": [],
          "passes": [
            "ab0a85ae-f1f4-4579-8bd4-165d97b114e3"
          ],
          "failures": [
            "18d10d50-728d-4bd7-bef3-8f85860b5704"
          ],
          "pending": [],
          "skipped": [],
          "duration": 8186,
          "root": false,
          "rootEmpty": false,
          "_timeout": 2000
        },
        {
          "uuid": "9fb8633a-42e8-498d-a997-63a0090509b5",
          "title": "8 - Clicar em um pixel dentro do quadro após selecionar uma cor na paleta, faz com que o pixel seja preenchido com a cor selecionada.",
          "fullFile": "",
          "file": "",
          "beforeHooks": [],
          "afterHooks": [],
          "tests": [
            {
              "title": "Verifica se ao carregar a página deve ser possível pintar os pixels de preto",
              "fullTitle": "8 - Clicar em um pixel dentro do quadro após selecionar uma cor na paleta, faz com que o pixel seja preenchido com a cor selecionada. Verifica se ao carregar a página deve ser possível pintar os pixels de preto",
              "timedOut": null,
              "duration": 4269,
              "state": "failed",
              "speed": null,
              "pass": false,
              "fail": true,
              "pending": false,
              "context": null,
              "code": "cy.get('.pixel').each(function (pixel) {\n  cy.wrap(pixel).click().should('have.css', 'background-color', BLACK);\n});",
              "err": {
                "message": "CypressError: Timed out retrying: expected '<div.pixel>' to have CSS property 'background-color' with the value 'rgb(0, 0, 0)', but the value was 'rgb(255, 255, 255)'",
                "estack": "CypressError: Timed out retrying: expected '<div.pixel>' to have CSS property 'background-color' with the value 'rgb(0, 0, 0)', but the value was 'rgb(255, 255, 255)'\n    at cypressErr (http://localhost:39123/__cypress/runner/cypress_runner.js:149934:9)\n    at throwErr (http://localhost:39123/__cypress/runner/cypress_runner.js:149867:11)\n    at Object.throwErrByPath (http://localhost:39123/__cypress/runner/cypress_runner.js:149915:3)\n    at retry (http://localhost:39123/__cypress/runner/cypress_runner.js:144197:19)\n    at onFailFn (http://localhost:39123/__cypress/runner/cypress_runner.js:132448:16)\n    at tryCatcher (http://localhost:39123/__cypress/runner/cypress_runner.js:167415:23)\n    at Promise._settlePromiseFromHandler (http://localhost:39123/__cypress/runner/cypress_runner.js:165351:31)\n    at Promise._settlePromise (http://localhost:39123/__cypress/runner/cypress_runner.js:165408:18)\n    at Promise._settlePromise0 (http://localhost:39123/__cypress/runner/cypress_runner.js:165453:10)\n    at Promise._settlePromises (http://localhost:39123/__cypress/runner/cypress_runner.js:165528:18)\n    at Async../node_modules/bluebird/js/release/async.js.Async._drainQueue (http://localhost:39123/__cypress/runner/cypress_runner.js:162140:16)\n    at Async../node_modules/bluebird/js/release/async.js.Async._drainQueues (http://localhost:39123/__cypress/runner/cypress_runner.js:162150:10)\n    at Async.drainQueues (http://localhost:39123/__cypress/runner/cypress_runner.js:162024:14)",
                "diff": null
              },
              "uuid": "d0d30bab-da1a-4f99-afcb-97fba819f201",
              "parentUUID": "9fb8633a-42e8-498d-a997-63a0090509b5",
              "isHook": false,
              "skipped": false
            },
            {
              "title": "Verifica se após selecionar uma outra cor na paleta, é possível pintar os pixels com essa cor",
              "fullTitle": "8 - Clicar em um pixel dentro do quadro após selecionar uma cor na paleta, faz com que o pixel seja preenchido com a cor selecionada. Verifica se após selecionar uma outra cor na paleta, é possível pintar os pixels com essa cor",
              "timedOut": null,
              "duration": 4316,
              "state": "failed",
              "speed": null,
              "pass": false,
              "fail": true,
              "pending": false,
              "context": null,
              "code": "cy.get('.color').each(function (color) {\n  var backgroundColor = color.css('background-color');\n  cy.wrap(color).click();\n  cy.get('.pixel').each(function (pixel) {\n    cy.wrap(pixel).click().should('have.css', 'background-color', backgroundColor);\n  });\n});",
              "err": {
                "message": "CypressError: Timed out retrying: expected '<div.pixel>' to have CSS property 'background-color' with the value 'rgb(0, 0, 0)', but the value was 'rgb(255, 255, 255)'",
                "estack": "CypressError: Timed out retrying: expected '<div.pixel>' to have CSS property 'background-color' with the value 'rgb(0, 0, 0)', but the value was 'rgb(255, 255, 255)'\n    at cypressErr (http://localhost:39123/__cypress/runner/cypress_runner.js:149934:9)\n    at throwErr (http://localhost:39123/__cypress/runner/cypress_runner.js:149867:11)\n    at Object.throwErrByPath (http://localhost:39123/__cypress/runner/cypress_runner.js:149915:3)\n    at retry (http://localhost:39123/__cypress/runner/cypress_runner.js:144197:19)\n    at onFailFn (http://localhost:39123/__cypress/runner/cypress_runner.js:132448:16)\n    at tryCatcher (http://localhost:39123/__cypress/runner/cypress_runner.js:167415:23)\n    at Promise._settlePromiseFromHandler (http://localhost:39123/__cypress/runner/cypress_runner.js:165351:31)\n    at Promise._settlePromise (http://localhost:39123/__cypress/runner/cypress_runner.js:165408:18)\n    at Promise._settlePromise0 (http://localhost:39123/__cypress/runner/cypress_runner.js:165453:10)\n    at Promise._settlePromises (http://localhost:39123/__cypress/runner/cypress_runner.js:165528:18)\n    at Async../node_modules/bluebird/js/release/async.js.Async._drainQueue (http://localhost:39123/__cypress/runner/cypress_runner.js:162140:16)\n    at Async../node_modules/bluebird/js/release/async.js.Async._drainQueues (http://localhost:39123/__cypress/runner/cypress_runner.js:162150:10)\n    at Async.drainQueues (http://localhost:39123/__cypress/runner/cypress_runner.js:162024:14)",
                "diff": null
              },
              "uuid": "0e30139f-f459-468a-a41b-28bd53ad5410",
              "parentUUID": "9fb8633a-42e8-498d-a997-63a0090509b5",
              "isHook": false,
              "skipped": false
            },
            {
              "title": "Verifica se somente o pixel que foi clicado foi preenchido com a cor selecionada, sem influenciar na cor dos demais pixels.",
              "fullTitle": "8 - Clicar em um pixel dentro do quadro após selecionar uma cor na paleta, faz com que o pixel seja preenchido com a cor selecionada. Verifica se somente o pixel que foi clicado foi preenchido com a cor selecionada, sem influenciar na cor dos demais pixels.",
              "timedOut": null,
              "duration": 1044,
              "state": "passed",
              "speed": "slow",
              "pass": true,
              "fail": false,
              "pending": false,
              "context": null,
              "code": "var colorToPixelIndexMap = {\n  0: 6,\n  1: 8,\n  2: 16,\n  3: 18\n};\ncy.get('.color').each(function (color, index) {\n  cy.wrap(color).click();\n  var backgroundColor = color.css('background-color');\n  var clickedPixelIndex = colorToPixelIndexMap[index];\n  cy.get('.pixel').eq(clickedPixelIndex).click();\n  cy.get('.pixel').eq(clickedPixelIndex - 1).should('not.have.css', 'background-color', backgroundColor);\n  cy.get('.pixel').eq(clickedPixelIndex + 1).should('not.have.css', 'background-color', backgroundColor);\n  cy.get('.pixel').eq(clickedPixelIndex - 5).should('not.have.css', 'background-color', backgroundColor);\n  cy.get('.pixel').eq(clickedPixelIndex + 5).should('not.have.css', 'background-color', backgroundColor);\n  cy.get('.pixel').eq(clickedPixelIndex - 6).should('not.have.css', 'background-color', backgroundColor);\n  cy.get('.pixel').eq(clickedPixelIndex - 4).should('not.have.css', 'background-color', backgroundColor);\n  cy.get('.pixel').eq(clickedPixelIndex + 4).should('not.have.css', 'background-color', backgroundColor);\n  cy.get('.pixel').eq(clickedPixelIndex + 6).should('not.have.css', 'background-color', backgroundColor);\n});",
              "err": {},
              "uuid": "4ef1a783-8fc9-4684-858f-48d1d097675c",
              "parentUUID": "9fb8633a-42e8-498d-a997-63a0090509b5",
              "isHook": false,
              "skipped": false
            }
          ],
          "suites": [],
          "passes": [
            "4ef1a783-8fc9-4684-858f-48d1d097675c"
          ],
          "failures": [
            "d0d30bab-da1a-4f99-afcb-97fba819f201",
            "0e30139f-f459-468a-a41b-28bd53ad5410"
          ],
          "pending": [],
          "skipped": [],
          "duration": 9629,
          "root": false,
          "rootEmpty": false,
          "_timeout": 2000
        },
        {
          "uuid": "53a3a327-4c31-442b-bdc7-14e157674385",
          "title": "9 - Crie um botão que, ao ser clicado, limpa o quadro preenchendo a cor de todos seus pixels com branco.",
          "fullFile": "",
          "file": "",
          "beforeHooks": [],
          "afterHooks": [],
          "tests": [
            {
              "title": "Verifica se o botão tem o `id` denominado `clear-board`",
              "fullTitle": "9 - Crie um botão que, ao ser clicado, limpa o quadro preenchendo a cor de todos seus pixels com branco. Verifica se o botão tem o `id` denominado `clear-board`",
              "timedOut": null,
              "duration": 4220,
              "state": "failed",
              "speed": null,
              "pass": false,
              "fail": true,
              "pending": false,
              "context": null,
              "code": "cy.get('#clear-board').should('be.visible');",
              "err": {
                "message": "CypressError: Timed out retrying: Expected to find element: '#clear-board', but never found it.",
                "estack": "CypressError: Timed out retrying: Expected to find element: '#clear-board', but never found it.\n    at cypressErr (http://localhost:39123/__cypress/runner/cypress_runner.js:149934:9)\n    at throwErr (http://localhost:39123/__cypress/runner/cypress_runner.js:149867:11)\n    at Object.throwErrByPath (http://localhost:39123/__cypress/runner/cypress_runner.js:149915:3)\n    at retry (http://localhost:39123/__cypress/runner/cypress_runner.js:144197:19)\n    at onFailFn (http://localhost:39123/__cypress/runner/cypress_runner.js:132448:16)\n    at tryCatcher (http://localhost:39123/__cypress/runner/cypress_runner.js:167415:23)\n    at Promise._settlePromiseFromHandler (http://localhost:39123/__cypress/runner/cypress_runner.js:165351:31)\n    at Promise._settlePromise (http://localhost:39123/__cypress/runner/cypress_runner.js:165408:18)\n    at Promise._settlePromise0 (http://localhost:39123/__cypress/runner/cypress_runner.js:165453:10)\n    at Promise._settlePromises (http://localhost:39123/__cypress/runner/cypress_runner.js:165528:18)\n    at Async../node_modules/bluebird/js/release/async.js.Async._drainQueue (http://localhost:39123/__cypress/runner/cypress_runner.js:162140:16)\n    at Async../node_modules/bluebird/js/release/async.js.Async._drainQueues (http://localhost:39123/__cypress/runner/cypress_runner.js:162150:10)\n    at Async.drainQueues (http://localhost:39123/__cypress/runner/cypress_runner.js:162024:14)",
                "diff": null
              },
              "uuid": "4664ffaf-935b-497f-b797-9b85e60b328a",
              "parentUUID": "53a3a327-4c31-442b-bdc7-14e157674385",
              "isHook": false,
              "skipped": false
            },
            {
              "title": "Verifica se o botão está posicionado entre a paleta de cores e o quadro de pixels",
              "fullTitle": "9 - Crie um botão que, ao ser clicado, limpa o quadro preenchendo a cor de todos seus pixels com branco. Verifica se o botão está posicionado entre a paleta de cores e o quadro de pixels",
              "timedOut": null,
              "duration": 4183,
              "state": "failed",
              "speed": null,
              "pass": false,
              "fail": true,
              "pending": false,
              "context": null,
              "code": "cy.get('#color-palette').then(function (palette) {\n  cy.get('#clear-board').should('be.belowOf', palette);\n});\ncy.get('#clear-board').then(function (clearBtn) {\n  cy.get('#pixel-board').should('be.belowOf', clearBtn);\n});",
              "err": {
                "message": "CypressError: Timed out retrying: Expected to find element: '#clear-board', but never found it.",
                "estack": "CypressError: Timed out retrying: Expected to find element: '#clear-board', but never found it.\n    at cypressErr (http://localhost:39123/__cypress/runner/cypress_runner.js:149934:9)\n    at throwErr (http://localhost:39123/__cypress/runner/cypress_runner.js:149867:11)\n    at Object.throwErrByPath (http://localhost:39123/__cypress/runner/cypress_runner.js:149915:3)\n    at retry (http://localhost:39123/__cypress/runner/cypress_runner.js:144197:19)\n    at onFailFn (http://localhost:39123/__cypress/runner/cypress_runner.js:132448:16)\n    at tryCatcher (http://localhost:39123/__cypress/runner/cypress_runner.js:167415:23)\n    at Promise._settlePromiseFromHandler (http://localhost:39123/__cypress/runner/cypress_runner.js:165351:31)\n    at Promise._settlePromise (http://localhost:39123/__cypress/runner/cypress_runner.js:165408:18)\n    at Promise._settlePromise0 (http://localhost:39123/__cypress/runner/cypress_runner.js:165453:10)\n    at Promise._settlePromises (http://localhost:39123/__cypress/runner/cypress_runner.js:165528:18)\n    at Async../node_modules/bluebird/js/release/async.js.Async._drainQueue (http://localhost:39123/__cypress/runner/cypress_runner.js:162140:16)\n    at Async../node_modules/bluebird/js/release/async.js.Async._drainQueues (http://localhost:39123/__cypress/runner/cypress_runner.js:162150:10)\n    at Async.drainQueues (http://localhost:39123/__cypress/runner/cypress_runner.js:162024:14)",
                "diff": null
              },
              "uuid": "5c0a4c99-2a31-4d3d-8e10-aaad9b2340fb",
              "parentUUID": "53a3a327-4c31-442b-bdc7-14e157674385",
              "isHook": false,
              "skipped": false
            },
            {
              "title": "Verifica se o texto do botão é 'Limpar'",
              "fullTitle": "9 - Crie um botão que, ao ser clicado, limpa o quadro preenchendo a cor de todos seus pixels com branco. Verifica se o texto do botão é 'Limpar'",
              "timedOut": null,
              "duration": 4208,
              "state": "failed",
              "speed": null,
              "pass": false,
              "fail": true,
              "pending": false,
              "context": null,
              "code": "cy.get('#clear-board').should('contain.text', 'Limpar');",
              "err": {
                "message": "CypressError: Timed out retrying: Expected to find element: '#clear-board', but never found it.",
                "estack": "CypressError: Timed out retrying: Expected to find element: '#clear-board', but never found it.\n    at cypressErr (http://localhost:39123/__cypress/runner/cypress_runner.js:149934:9)\n    at throwErr (http://localhost:39123/__cypress/runner/cypress_runner.js:149867:11)\n    at Object.throwErrByPath (http://localhost:39123/__cypress/runner/cypress_runner.js:149915:3)\n    at retry (http://localhost:39123/__cypress/runner/cypress_runner.js:144197:19)\n    at onFailFn (http://localhost:39123/__cypress/runner/cypress_runner.js:132448:16)\n    at tryCatcher (http://localhost:39123/__cypress/runner/cypress_runner.js:167415:23)\n    at Promise._settlePromiseFromHandler (http://localhost:39123/__cypress/runner/cypress_runner.js:165351:31)\n    at Promise._settlePromise (http://localhost:39123/__cypress/runner/cypress_runner.js:165408:18)\n    at Promise._settlePromise0 (http://localhost:39123/__cypress/runner/cypress_runner.js:165453:10)\n    at Promise._settlePromises (http://localhost:39123/__cypress/runner/cypress_runner.js:165528:18)\n    at Async../node_modules/bluebird/js/release/async.js.Async._drainQueue (http://localhost:39123/__cypress/runner/cypress_runner.js:162140:16)\n    at Async../node_modules/bluebird/js/release/async.js.Async._drainQueues (http://localhost:39123/__cypress/runner/cypress_runner.js:162150:10)\n    at Async.drainQueues (http://localhost:39123/__cypress/runner/cypress_runner.js:162024:14)",
                "diff": null
              },
              "uuid": "55a881af-cee1-4595-b297-55f82e876e9f",
              "parentUUID": "53a3a327-4c31-442b-bdc7-14e157674385",
              "isHook": false,
              "skipped": false
            },
            {
              "title": "Verifica se ao clicar no botão, o quadro de pixels é totalmente preenchido de branco",
              "fullTitle": "9 - Crie um botão que, ao ser clicado, limpa o quadro preenchendo a cor de todos seus pixels com branco. Verifica se ao clicar no botão, o quadro de pixels é totalmente preenchido de branco",
              "timedOut": null,
              "duration": 4329,
              "state": "failed",
              "speed": null,
              "pass": false,
              "fail": true,
              "pending": false,
              "context": null,
              "code": "cy.get('.color').eq(1).then(function (color) {\n  var backgroundColor = color.css('background-color');\n  cy.wrap(color).click();\n  cy.get('.pixel').each(function (pixel) {\n    cy.wrap(pixel).click().should('have.css', 'background-color', backgroundColor);\n  });\n});\ncy.get('#clear-board').click();\ncy.get('.pixel').each(function (pixel) {\n  cy.wrap(pixel).should('have.css', 'background-color', WHITE);\n});",
              "err": {
                "message": "CypressError: Timed out retrying: expected '<div.pixel>' to have CSS property 'background-color' with the value 'rgb(0, 0, 255)', but the value was 'rgb(255, 255, 255)'",
                "estack": "CypressError: Timed out retrying: expected '<div.pixel>' to have CSS property 'background-color' with the value 'rgb(0, 0, 255)', but the value was 'rgb(255, 255, 255)'\n    at cypressErr (http://localhost:39123/__cypress/runner/cypress_runner.js:149934:9)\n    at throwErr (http://localhost:39123/__cypress/runner/cypress_runner.js:149867:11)\n    at Object.throwErrByPath (http://localhost:39123/__cypress/runner/cypress_runner.js:149915:3)\n    at retry (http://localhost:39123/__cypress/runner/cypress_runner.js:144197:19)\n    at onFailFn (http://localhost:39123/__cypress/runner/cypress_runner.js:132448:16)\n    at tryCatcher (http://localhost:39123/__cypress/runner/cypress_runner.js:167415:23)\n    at Promise._settlePromiseFromHandler (http://localhost:39123/__cypress/runner/cypress_runner.js:165351:31)\n    at Promise._settlePromise (http://localhost:39123/__cypress/runner/cypress_runner.js:165408:18)\n    at Promise._settlePromise0 (http://localhost:39123/__cypress/runner/cypress_runner.js:165453:10)\n    at Promise._settlePromises (http://localhost:39123/__cypress/runner/cypress_runner.js:165528:18)\n    at Async../node_modules/bluebird/js/release/async.js.Async._drainQueue (http://localhost:39123/__cypress/runner/cypress_runner.js:162140:16)\n    at Async../node_modules/bluebird/js/release/async.js.Async._drainQueues (http://localhost:39123/__cypress/runner/cypress_runner.js:162150:10)\n    at Async.drainQueues (http://localhost:39123/__cypress/runner/cypress_runner.js:162024:14)",
                "diff": null
              },
              "uuid": "acac96bf-3ce8-4c89-9faa-65027696d95b",
              "parentUUID": "53a3a327-4c31-442b-bdc7-14e157674385",
              "isHook": false,
              "skipped": false
            }
          ],
          "suites": [],
          "passes": [],
          "failures": [
            "4664ffaf-935b-497f-b797-9b85e60b328a",
            "5c0a4c99-2a31-4d3d-8e10-aaad9b2340fb",
            "55a881af-cee1-4595-b297-55f82e876e9f",
            "acac96bf-3ce8-4c89-9faa-65027696d95b"
          ],
          "pending": [],
          "skipped": [],
          "duration": 16940,
          "root": false,
          "rootEmpty": false,
          "_timeout": 2000
        },
        {
          "uuid": "d6994b68-e74a-4d95-b204-901392dc074c",
          "title": "10 - Faça o quadro de pixels ter seu tamanho definido pelo usuário.",
          "fullFile": "",
          "file": "",
          "beforeHooks": [],
          "afterHooks": [],
          "tests": [
            {
              "title": "Verifica se existe um input com o id `board-size`",
              "fullTitle": "10 - Faça o quadro de pixels ter seu tamanho definido pelo usuário. Verifica se existe um input com o id `board-size`",
              "timedOut": null,
              "duration": 4203,
              "state": "failed",
              "speed": null,
              "pass": false,
              "fail": true,
              "pending": false,
              "context": null,
              "code": "cy.get('#board-size').should('be.visible');",
              "err": {
                "message": "CypressError: Timed out retrying: Expected to find element: '#board-size', but never found it.",
                "estack": "CypressError: Timed out retrying: Expected to find element: '#board-size', but never found it.\n    at cypressErr (http://localhost:39123/__cypress/runner/cypress_runner.js:149934:9)\n    at throwErr (http://localhost:39123/__cypress/runner/cypress_runner.js:149867:11)\n    at Object.throwErrByPath (http://localhost:39123/__cypress/runner/cypress_runner.js:149915:3)\n    at retry (http://localhost:39123/__cypress/runner/cypress_runner.js:144197:19)\n    at onFailFn (http://localhost:39123/__cypress/runner/cypress_runner.js:132448:16)\n    at tryCatcher (http://localhost:39123/__cypress/runner/cypress_runner.js:167415:23)\n    at Promise._settlePromiseFromHandler (http://localhost:39123/__cypress/runner/cypress_runner.js:165351:31)\n    at Promise._settlePromise (http://localhost:39123/__cypress/runner/cypress_runner.js:165408:18)\n    at Promise._settlePromise0 (http://localhost:39123/__cypress/runner/cypress_runner.js:165453:10)\n    at Promise._settlePromises (http://localhost:39123/__cypress/runner/cypress_runner.js:165528:18)\n    at Async../node_modules/bluebird/js/release/async.js.Async._drainQueue (http://localhost:39123/__cypress/runner/cypress_runner.js:162140:16)\n    at Async../node_modules/bluebird/js/release/async.js.Async._drainQueues (http://localhost:39123/__cypress/runner/cypress_runner.js:162150:10)\n    at Async.drainQueues (http://localhost:39123/__cypress/runner/cypress_runner.js:162024:14)",
                "diff": null
              },
              "uuid": "4668cf59-b87c-4c54-afbe-ac868b468eb1",
              "parentUUID": "d6994b68-e74a-4d95-b204-901392dc074c",
              "isHook": false,
              "skipped": false
            },
            {
              "title": "Verifica se existe um botão com o id `generate-board`",
              "fullTitle": "10 - Faça o quadro de pixels ter seu tamanho definido pelo usuário. Verifica se existe um botão com o id `generate-board`",
              "timedOut": null,
              "duration": 4213,
              "state": "failed",
              "speed": null,
              "pass": false,
              "fail": true,
              "pending": false,
              "context": null,
              "code": "cy.get('#generate-board').should('be.visible');",
              "err": {
                "message": "CypressError: Timed out retrying: Expected to find element: '#generate-board', but never found it.",
                "estack": "CypressError: Timed out retrying: Expected to find element: '#generate-board', but never found it.\n    at cypressErr (http://localhost:39123/__cypress/runner/cypress_runner.js:149934:9)\n    at throwErr (http://localhost:39123/__cypress/runner/cypress_runner.js:149867:11)\n    at Object.throwErrByPath (http://localhost:39123/__cypress/runner/cypress_runner.js:149915:3)\n    at retry (http://localhost:39123/__cypress/runner/cypress_runner.js:144197:19)\n    at onFailFn (http://localhost:39123/__cypress/runner/cypress_runner.js:132448:16)\n    at tryCatcher (http://localhost:39123/__cypress/runner/cypress_runner.js:167415:23)\n    at Promise._settlePromiseFromHandler (http://localhost:39123/__cypress/runner/cypress_runner.js:165351:31)\n    at Promise._settlePromise (http://localhost:39123/__cypress/runner/cypress_runner.js:165408:18)\n    at Promise._settlePromise0 (http://localhost:39123/__cypress/runner/cypress_runner.js:165453:10)\n    at Promise._settlePromises (http://localhost:39123/__cypress/runner/cypress_runner.js:165528:18)\n    at Async../node_modules/bluebird/js/release/async.js.Async._drainQueue (http://localhost:39123/__cypress/runner/cypress_runner.js:162140:16)\n    at Async../node_modules/bluebird/js/release/async.js.Async._drainQueues (http://localhost:39123/__cypress/runner/cypress_runner.js:162150:10)\n    at Async.drainQueues (http://localhost:39123/__cypress/runner/cypress_runner.js:162024:14)",
                "diff": null
              },
              "uuid": "dd22864f-3b45-46cc-a764-30a24cf7d1b5",
              "parentUUID": "d6994b68-e74a-4d95-b204-901392dc074c",
              "isHook": false,
              "skipped": false
            },
            {
              "title": "Verifica se o input só aceita número maiores que zero. Essa restrição deve ser feita usando os atributos do elemento `input`",
              "fullTitle": "10 - Faça o quadro de pixels ter seu tamanho definido pelo usuário. Verifica se o input só aceita número maiores que zero. Essa restrição deve ser feita usando os atributos do elemento `input`",
              "timedOut": null,
              "duration": 4181,
              "state": "failed",
              "speed": null,
              "pass": false,
              "fail": true,
              "pending": false,
              "context": null,
              "code": "cy.get('#board-size[type=\\'number\\'][min=\\'1\\']');",
              "err": {
                "message": "CypressError: Timed out retrying: Expected to find element: '#board-size[type='number'][min='1']', but never found it.",
                "estack": "CypressError: Timed out retrying: Expected to find element: '#board-size[type='number'][min='1']', but never found it.\n    at cypressErr (http://localhost:39123/__cypress/runner/cypress_runner.js:149934:9)\n    at throwErr (http://localhost:39123/__cypress/runner/cypress_runner.js:149867:11)\n    at Object.throwErrByPath (http://localhost:39123/__cypress/runner/cypress_runner.js:149915:3)\n    at retry (http://localhost:39123/__cypress/runner/cypress_runner.js:144197:19)\n    at onFailFn (http://localhost:39123/__cypress/runner/cypress_runner.js:132448:16)\n    at tryCatcher (http://localhost:39123/__cypress/runner/cypress_runner.js:167415:23)\n    at Promise._settlePromiseFromHandler (http://localhost:39123/__cypress/runner/cypress_runner.js:165351:31)\n    at Promise._settlePromise (http://localhost:39123/__cypress/runner/cypress_runner.js:165408:18)\n    at Promise._settlePromise0 (http://localhost:39123/__cypress/runner/cypress_runner.js:165453:10)\n    at Promise._settlePromises (http://localhost:39123/__cypress/runner/cypress_runner.js:165528:18)\n    at Async../node_modules/bluebird/js/release/async.js.Async._drainQueue (http://localhost:39123/__cypress/runner/cypress_runner.js:162140:16)\n    at Async../node_modules/bluebird/js/release/async.js.Async._drainQueues (http://localhost:39123/__cypress/runner/cypress_runner.js:162150:10)\n    at Async.drainQueues (http://localhost:39123/__cypress/runner/cypress_runner.js:162024:14)",
                "diff": null
              },
              "uuid": "54fcdabe-87bf-47f4-933f-9006d157b98a",
              "parentUUID": "d6994b68-e74a-4d95-b204-901392dc074c",
              "isHook": false,
              "skipped": false
            },
            {
              "title": "Verifica se o botão contém o texto 'VQV'",
              "fullTitle": "10 - Faça o quadro de pixels ter seu tamanho definido pelo usuário. Verifica se o botão contém o texto 'VQV'",
              "timedOut": null,
              "duration": 4192,
              "state": "failed",
              "speed": null,
              "pass": false,
              "fail": true,
              "pending": false,
              "context": null,
              "code": "cy.get('#generate-board').contains(/vqv/i);",
              "err": {
                "message": "CypressError: Timed out retrying: Expected to find element: '#generate-board', but never found it.",
                "estack": "CypressError: Timed out retrying: Expected to find element: '#generate-board', but never found it.\n    at cypressErr (http://localhost:39123/__cypress/runner/cypress_runner.js:149934:9)\n    at throwErr (http://localhost:39123/__cypress/runner/cypress_runner.js:149867:11)\n    at Object.throwErrByPath (http://localhost:39123/__cypress/runner/cypress_runner.js:149915:3)\n    at retry (http://localhost:39123/__cypress/runner/cypress_runner.js:144197:19)\n    at onFailFn (http://localhost:39123/__cypress/runner/cypress_runner.js:132448:16)\n    at tryCatcher (http://localhost:39123/__cypress/runner/cypress_runner.js:167415:23)\n    at Promise._settlePromiseFromHandler (http://localhost:39123/__cypress/runner/cypress_runner.js:165351:31)\n    at Promise._settlePromise (http://localhost:39123/__cypress/runner/cypress_runner.js:165408:18)\n    at Promise._settlePromise0 (http://localhost:39123/__cypress/runner/cypress_runner.js:165453:10)\n    at Promise._settlePromises (http://localhost:39123/__cypress/runner/cypress_runner.js:165528:18)\n    at Async../node_modules/bluebird/js/release/async.js.Async._drainQueue (http://localhost:39123/__cypress/runner/cypress_runner.js:162140:16)\n    at Async../node_modules/bluebird/js/release/async.js.Async._drainQueues (http://localhost:39123/__cypress/runner/cypress_runner.js:162150:10)\n    at Async.drainQueues (http://localhost:39123/__cypress/runner/cypress_runner.js:162024:14)",
                "diff": null
              },
              "uuid": "a0eb552b-9605-4dc0-8aa9-32fd3b03cb60",
              "parentUUID": "d6994b68-e74a-4d95-b204-901392dc074c",
              "isHook": false,
              "skipped": false
            },
            {
              "title": "Verifica se o input está posicionado entre a paleta de cores e o quadro de pixels",
              "fullTitle": "10 - Faça o quadro de pixels ter seu tamanho definido pelo usuário. Verifica se o input está posicionado entre a paleta de cores e o quadro de pixels",
              "timedOut": null,
              "duration": 4203,
              "state": "failed",
              "speed": null,
              "pass": false,
              "fail": true,
              "pending": false,
              "context": null,
              "code": "cy.get('#color-palette').then(function (palette) {\n  cy.get('#board-size').should('be.belowOf', palette);\n});\ncy.get('#board-size').then(function (palette) {\n  cy.get('#pixel-board').should('be.belowOf', palette);\n});",
              "err": {
                "message": "CypressError: Timed out retrying: Expected to find element: '#board-size', but never found it.",
[...]
                "diff": null
              },
              "uuid": "6182e6b0-005d-4d07-9045-021a90dc3185",
              "parentUUID": "d6994b68-e74a-4d95-b204-901392dc074c",
              "isHook": false,
              "skipped": false
            },
            {
              "title": "Verifica se o novo quadro tem todos os pixels preenchidos com a cor branca",
              "fullTitle": "10 - Faça o quadro de pixels ter seu tamanho definido pelo usuário. Verifica se o novo quadro tem todos os pixels preenchidos com a cor branca",
              "timedOut": null,
              "duration": 4187,
              "state": "failed",
              "speed": null,
              "pass": false,
              "fail": true,
              "pending": false,
              "context": null,
              "code": "cy.get('#board-size').clear().type(6);\ncy.get('#generate-board').click();\ncy.get('.pixel').should('have.length', 36).each(function (pixel) {\n  expect(pixel).to.have.css('background-color', WHITE);\n});",
              "err": {
                "message": "CypressError: Timed out retrying: Expected to find element: '#board-size', but never found it.",
                "estack": "CypressError: Timed out retrying: Expected to find element: '#board-size', but never found it.\n    at cypressErr (http://localhost:39123/__cypress/runner/cypress_runner.js:149934:9)\n    at throwErr (http://localhost:39123/__cypress/runner/cypress_runner.js:149867:11)\n    at Object.throwErrByPath (http://localhost:39123/__cypress/runner/cypress_runner.js:149915:3)\n    at retry (http://localhost:39123/__cypress/runner/cypress_runner.js:144197:19)\n    at onFailFn (http://localhost:39123/__cypress/runner/cypress_runner.js:132448:16)\n    at tryCatcher (http://localhost:39123/__cypress/runner/cypress_runner.js:167415:23)\n    at Promise._settlePromiseFromHandler (http://localhost:39123/__cypress/runner/cypress_runner.js:165351:31)\n    at Promise._settlePromise (http://localhost:39123/__cypress/runner/cypress_runner.js:165408:18)\n    at Promise._settlePromise0 (http://localhost:39123/__cypress/runner/cypress_runner.js:165453:10)\n    at Promise._settlePromises (http://localhost:39123/__cypress/runner/cypress_runner.js:165528:18)\n    at Async../node_modules/bluebird/js/release/async.js.Async._drainQueue (http://localhost:39123/__cypress/runner/cypress_runner.js:162140:16)\n    at Async../node_modules/bluebird/js/release/async.js.Async._drainQueues (http://localhost:39123/__cypress/runner/cypress_runner.js:162150:10)\n    at Async.drainQueues (http://localhost:39123/__cypress/runner/cypress_runner.js:162024:14)",
                "diff": null
              },
              "uuid": "0b410551-6858-4151-af39-7db0d2575a25",
              "parentUUID": "d6994b68-e74a-4d95-b204-901392dc074c",
              "isHook": false,
              "skipped": false
            }
          ],
          "suites": [],
          "passes": [],
          "failures": [
            "4668cf59-b87c-4c54-afbe-ac868b468eb1",
            "dd22864f-3b45-46cc-a764-30a24cf7d1b5",
            "54fcdabe-87bf-47f4-933f-9006d157b98a",
            "a0eb552b-9605-4dc0-8aa9-32fd3b03cb60",
            "ef1b7935-3f59-4508-b4f3-c27bef795731",
            "876f96c4-4b02-463a-bdd9-5d0b4fe23e45",
            "9efe3f77-9fca-4562-a92f-a299f0adf0c1",
            "6182e6b0-005d-4d07-9045-021a90dc3185",
            "0b410551-6858-4151-af39-7db0d2575a25"
          ],
          "pending": [],
          "skipped": [],
          "duration": 37784,
          "root": false,
          "rootEmpty": false,
          "_timeout": 2000
        },
        {
          "uuid": "5786178b-8763-4438-8b9f-78ffd78ab671",
          "title": "11 - Limite o tamanho mínimo e máximo do board.",
          "fullFile": "",
          "file": "",
          "beforeHooks": [],
          "afterHooks": [],
          "tests": [
            {
              "title": "Verifica se a altura máxima do board é 50",
              "fullTitle": "11 - Limite o tamanho mínimo e máximo do board. Verifica se a altura máxima do board é 50",
              "timedOut": null,
              "duration": 4235,
              "state": "failed",
              "speed": null,
              "pass": false,
              "fail": true,
              "pending": false,
              "context": null,
              "code": "cy.get('#board-size').clear().type(50);\ncy.get('#generate-board').click();\ncy.get('.pixel').should('have.length', 2500);",
              "err": {
                "message": "CypressError: Timed out retrying: Expected to find element: '#board-size', but never found it.",
                "estack": "CypressError: Timed out retrying: Expected to find element: '#board-size', but never found it.\n    at cypressErr (http://localhost:39123/__cypress/runner/cypress_runner.js:149934:9)\n    at throwErr (http://localhost:39123/__cypress/runner/cypress_runner.js:149867:11)\n    at Object.throwErrByPath (http://localhost:39123/__cypress/runner/cypress_runner.js:149915:3)\n    at retry (http://localhost:39123/__cypress/runner/cypress_runner.js:144197:19)\n    at onFailFn (http://localhost:39123/__cypress/runner/cypress_runner.js:132448:16)\n    at tryCatcher (http://localhost:39123/__cypress/runner/cypress_runner.js:167415:23)\n    at Promise._settlePromiseFromHandler (http://localhost:39123/__cypress/runner/cypress_runner.js:165351:31)\n    at Promise._settlePromise (http://localhost:39123/__cypress/runner/cypress_runner.js:165408:18)\n    at Promise._settlePromise0 (http://localhost:39123/__cypress/runner/cypress_runner.js:165453:10)\n    at Promise._settlePromises (http://localhost:39123/__cypress/runner/cypress_runner.js:165528:18)\n    at Async../node_modules/bluebird/js/release/async.js.Async._drainQueue (http://localhost:39123/__cypress/runner/cypress_runner.js:162140:16)\n    at Async../node_modules/bluebird/js/release/async.js.Async._drainQueues (http://localhost:39123/__cypress/runner/cypress_runner.js:162150:10)\n    at Async.drainQueues (http://localhost:39123/__cypress/runner/cypress_runner.js:162024:14)",
                "diff": null
              },
              "uuid": "e9b402fe-65a5-469b-bb34-b2d105482dcf",
              "parentUUID": "5786178b-8763-4438-8b9f-78ffd78ab671",
              "isHook": false,
              "skipped": false
            },
            {
              "title": "Verifica se a altura do board é 5 quando um valor menor é colocado no input",
              "fullTitle": "11 - Limite o tamanho mínimo e máximo do board. Verifica se a altura do board é 5 quando um valor menor é colocado no input",
              "timedOut": null,
              "duration": 4224,
              "state": "failed",
              "speed": null,
              "pass": false,
              "fail": true,
              "pending": false,
              "context": null,
              "code": "cy.get('#board-size').clear().type(4);\ncy.get('#generate-board').click();\ncy.get('.pixel').should('have.length', 25);",
              "err": {
                "message": "CypressError: Timed out retrying: Expected to find element: '#board-size', but never found it.",
                "estack": "CypressError: Timed out retrying: Expected to find element: '#board-size', but never found it.\n    at cypressErr (http://localhost:39123/__cypress/runner/cypress_runner.js:149934:9)\n    at throwErr (http://localhost:39123/__cypress/runner/cypress_runner.js:149867:11)\n    at Object.throwErrByPath (http://localhost:39123/__cypress/runner/cypress_runner.js:149915:3)\n    at retry (http://localhost:39123/__cypress/runner/cypress_runner.js:144197:19)\n    at onFailFn (http://localhost:39123/__cypress/runner/cypress_runner.js:132448:16)\n    at tryCatcher (http://localhost:39123/__cypress/runner/cypress_runner.js:167415:23)\n    at Promise._settlePromiseFromHandler (http://localhost:39123/__cypress/runner/cypress_runner.js:165351:31)\n    at Promise._settlePromise (http://localhost:39123/__cypress/runner/cypress_runner.js:165408:18)\n    at Promise._settlePromise0 (http://localhost:39123/__cypress/runner/cypress_runner.js:165453:10)\n    at Promise._settlePromises (http://localhost:39123/__cypress/runner/cypress_runner.js:165528:18)\n    at Async../node_modules/bluebird/js/release/async.js.Async._drainQueue (http://localhost:39123/__cypress/runner/cypress_runner.js:162140:16)\n    at Async../node_modules/bluebird/js/release/async.js.Async._drainQueues (http://localhost:39123/__cypress/runner/cypress_runner.js:162150:10)\n    at Async.drainQueues (http://localhost:39123/__cypress/runner/cypress_runner.js:162024:14)",
                "diff": null
              },
              "uuid": "7dbdcd20-f4f9-4248-abad-d46e4c1217ed",
              "parentUUID": "5786178b-8763-4438-8b9f-78ffd78ab671",
              "isHook": false,
              "skipped": false
            },
            {
              "title": "Verifica se a altura do board é 50 quando um valor maior é colocado no input",
              "fullTitle": "11 - Limite o tamanho mínimo e máximo do board. Verifica se a altura do board é 50 quando um valor maior é colocado no input",
              "timedOut": null,
              "duration": 4181,
              "state": "failed",
              "speed": null,
              "pass": false,
              "fail": true,
              "pending": false,
              "context": null,
              "code": "cy.get('#board-size').clear().type(51);\ncy.get('#generate-board').click();\ncy.get('.pixel').should('have.length', 2500);",
              "err": {
                "message": "CypressError: Timed out retrying: Expected to find element: '#board-size', but never found it.",
                "estack": "CypressError: Timed out retrying: Expected to find element: '#board-size', but never found it.\n    at cypressErr (http://localhost:39123/__cypress/runner/cypress_runner.js:149934:9)\n    at throwErr (http://localhost:39123/__cypress/runner/cypress_runner.js:149867:11)\n    at Object.throwErrByPath (http://localhost:39123/__cypress/runner/cypress_runner.js:149915:3)\n    at retry (http://localhost:39123/__cypress/runner/cypress_runner.js:144197:19)\n    at onFailFn (http://localhost:39123/__cypress/runner/cypress_runner.js:132448:16)\n    at tryCatcher (http://localhost:39123/__cypress/runner/cypress_runner.js:167415:23)\n    at Promise._settlePromiseFromHandler (http://localhost:39123/__cypress/runner/cypress_runner.js:165351:31)\n    at Promise._settlePromise (http://localhost:39123/__cypress/runner/cypress_runner.js:165408:18)\n    at Promise._settlePromise0 (http://localhost:39123/__cypress/runner/cypress_runner.js:165453:10)\n    at Promise._settlePromises (http://localhost:39123/__cypress/runner/cypress_runner.js:165528:18)\n    at Async../node_modules/bluebird/js/release/async.js.Async._drainQueue (http://localhost:39123/__cypress/runner/cypress_runner.js:162140:16)\n    at Async../node_modules/bluebird/js/release/async.js.Async._drainQueues (http://localhost:39123/__cypress/runner/cypress_runner.js:162150:10)\n    at Async.drainQueues (http://localhost:39123/__cypress/runner/cypress_runner.js:162024:14)",
                "diff": null
              },
              "uuid": "34dc47d7-2bf4-4e91-9f67-be49a6ef0d14",
              "parentUUID": "5786178b-8763-4438-8b9f-78ffd78ab671",
              "isHook": false,
              "skipped": false
            }
          ],
          "suites": [],
          "passes": [],
          "failures": [
            "e9b402fe-65a5-469b-bb34-b2d105482dcf",
            "7dbdcd20-f4f9-4248-abad-d46e4c1217ed",
            "34dc47d7-2bf4-4e91-9f67-be49a6ef0d14"
          ],
          "pending": [],
          "skipped": [],
          "duration": 12640,
          "root": false,
          "rootEmpty": false,
          "_timeout": 2000
        },
        {
          "uuid": "1d3b31e8-95ce-4619-96ed-3c90d5f9cf13",
          "title": "12 - Faça com que as cores da paleta sejam geradas aleatoriamente ao carregar a página.",
          "fullFile": "",
          "file": "",
          "beforeHooks": [],
          "afterHooks": [],
          "tests": [
            {
              "title": "Verifica se as cores geradas na paleta são diferentes a cada carregamento da página",
              "fullTitle": "12 - Faça com que as cores da paleta sejam geradas aleatoriamente ao carregar a página. Verifica se as cores geradas na paleta são diferentes a cada carregamento da página",
              "timedOut": null,
              "duration": 271,
              "state": "failed",
              "speed": null,
              "pass": false,
              "fail": true,
              "pending": false,
              "context": null,
              "code": "cy.get('.color').then(function (colors) {\n  var currentColors;\n  var previousColors;\n  previousColors = Array.from(colors).map(function (color) {\n    return Cypress.$(color).css('background-color');\n  });\n  for (var i = 0; i < 5; i += 1) {\n    cy.reload();\n    cy.get('.color').then(function (colors) {\n      currentColors = Array.from(colors).map(function (color) {\n        return Cypress.$(color).css('background-color');\n      });\n      expect(currentColors).not.to.deep.equal(previousColors);\n      previousColors = currentColors;\n    });\n  }\n});",
              "err": {
                "message": "AssertionError: expected [ Array(4) ] to not deeply equal [ Array(4) ]",
                "estack": "AssertionError: expected [ Array(4) ] to not deeply equal [ Array(4) ]\n    at getRet (http://localhost:39123/__cypress/runner/cypress_runner.js:136585:16)\n    at tryCatcher (http://localhost:39123/__cypress/runner/cypress_runner.js:167415:23)\n    at Function.Promise.attempt.Promise.try (http://localhost:39123/__cypress/runner/cypress_runner.js:164690:29)\n    at Context.thenFn (http://localhost:39123/__cypress/runner/cypress_runner.js:136599:23)\n    at Context.then (http://localhost:39123/__cypress/runner/cypress_runner.js:136971:21)\n    at Context.<anonymous> (http://localhost:39123/__cypress/runner/cypress_runner.js:148875:21)\n    at http://localhost:39123/__cypress/runner/cypress_runner.js:148351:33\n    at tryCatcher (http://localhost:39123/__cypress/runner/cypress_runner.js:167415:23)\n    at Promise._settlePromiseFromHandler (http://localhost:39123/__cypress/runner/cypress_runner.js:165351:31)\n    at Promise._settlePromise (http://localhost:39123/__cypress/runner/cypress_runner.js:165408:18)\n    at Promise._settlePromiseCtx (http://localhost:39123/__cypress/runner/cypress_runner.js:165445:10)\n    at Async../node_modules/bluebird/js/release/async.js.Async._drainQueue (http://localhost:39123/__cypress/runner/cypress_runner.js:162145:12)\n    at Async../node_modules/bluebird/js/release/async.js.Async._drainQueues (http://localhost:39123/__cypress/runner/cypress_runner.js:162150:10)\n    at Async.drainQueues (http://localhost:39123/__cypress/runner/cypress_runner.js:162024:14)",
                "diff": ""
              },
              "uuid": "8d4b896e-8719-4d80-800f-4ac793d42341",
              "parentUUID": "1d3b31e8-95ce-4619-96ed-3c90d5f9cf13",
              "isHook": false,
              "skipped": false
            },
            {
              "title": "Verifica se a cor preta ainda está presente e é a primeira na sua paleta de cores",
              "fullTitle": "12 - Faça com que as cores da paleta sejam geradas aleatoriamente ao carregar a página. Verifica se a cor preta ainda está presente e é a primeira na sua paleta de cores",
              "timedOut": null,
              "duration": 263,
              "state": "failed",
              "speed": null,
              "pass": false,
              "fail": true,
              "pending": false,
              "context": null,
              "code": "cy.get('.color').then(function (colors) {\n  var currentColors;\n  var previousColors;\n  previousColors = Array.from(colors).map(function (color) {\n    return Cypress.$(color).css('background-color');\n  });\n  expect(previousColors[0]).to.eq(BLACK);\n  for (var i = 0; i < 5; i += 1) {\n    cy.reload();\n    cy.get('.color').then(function (colors) {\n      currentColors = Array.from(colors).map(function (color) {\n        return Cypress.$(color).css('background-color');\n      });\n      expect(currentColors[0]).to.eq(BLACK);\n      expect(currentColors).not.to.deep.equal(previousColors);\n      previousColors = currentColors;\n    });\n  }\n});",
              "err": {
                "message": "AssertionError: expected [ Array(4) ] to not deeply equal [ Array(4) ]",
                "estack": "AssertionError: expected [ Array(4) ] to not deeply equal [ Array(4) ]\n    at getRet (http://localhost:39123/__cypress/runner/cypress_runner.js:136585:16)\n    at tryCatcher (http://localhost:39123/__cypress/runner/cypress_runner.js:167415:23)\n    at Function.Promise.attempt.Promise.try (http://localhost:39123/__cypress/runner/cypress_runner.js:164690:29)\n    at Context.thenFn (http://localhost:39123/__cypress/runner/cypress_runner.js:136599:23)\n    at Context.then (http://localhost:39123/__cypress/runner/cypress_runner.js:136971:21)\n    at Context.<anonymous> (http://localhost:39123/__cypress/runner/cypress_runner.js:148875:21)\n    at http://localhost:39123/__cypress/runner/cypress_runner.js:148351:33\n    at tryCatcher (http://localhost:39123/__cypress/runner/cypress_runner.js:167415:23)\n    at Promise._settlePromiseFromHandler (http://localhost:39123/__cypress/runner/cypress_runner.js:165351:31)\n    at Promise._settlePromise (http://localhost:39123/__cypress/runner/cypress_runner.js:165408:18)\n    at Promise._settlePromiseCtx (http://localhost:39123/__cypress/runner/cypress_runner.js:165445:10)\n    at Async../node_modules/bluebird/js/release/async.js.Async._drainQueue (http://localhost:39123/__cypress/runner/cypress_runner.js:162145:12)\n    at Async../node_modules/bluebird/js/release/async.js.Async._drainQueues (http://localhost:39123/__cypress/runner/cypress_runner.js:162150:10)\n    at Async.drainQueues (http://localhost:39123/__cypress/runner/cypress_runner.js:162024:14)",
                "diff": ""
              },
              "uuid": "1984ecc4-d4bd-4f84-bb01-d3569d0cc017",
              "parentUUID": "1d3b31e8-95ce-4619-96ed-3c90d5f9cf13",
              "isHook": false,
              "skipped": false
            }
          ],
          "suites": [],
          "passes": [],
          "failures": [
            "8d4b896e-8719-4d80-800f-4ac793d42341",
            "1984ecc4-d4bd-4f84-bb01-d3569d0cc017"
          ],
          "pending": [],
          "skipped": [],
          "duration": 534,
          "root": false,
          "rootEmpty": false,
          "_timeout": 2000
        }
      ],
      "passes": [],
      "failures": [],
      "pending": [],
      "skipped": [],
      "duration": 0,
      "root": true,
      "rootEmpty": true,
      "_timeout": 2000
    }
  ],
  "meta": {
    "mocha": {
      "version": "7.0.1"
    },
    "mochawesome": {
      "options": {
        "quiet": false,
        "reportFilename": "mochawesome",
        "saveHtml": false,
        "saveJson": true,
        "consoleReporter": "spec",
        "useInlineDiffs": false
      },
      "version": "4.1.0"
    },
    "marge": {
      "options": {
        "id": "default",
        "reportDir": "cypress/reports",
        "overwrite": true,
        "html": false,
        "json": true
      },
      "version": "4.1.0"
    }
  }
}