{
  "stats": {
    "suites": 12,
    "tests": 41,
    "passes": 21,
    "pending": 0,
    "failures": 20,
    "start": "2021-08-15T21:47:23.238Z",
    "end": "2021-08-15T21:49:13.003Z",
    "duration": 109765,
    "testsRegistered": 41,
    "passPercent": 51.21951219512195,
    "pendingPercent": 0,
    "other": 0,
    "hasOther": false,
    "skipped": 0,
    "hasSkipped": false
  },
  "results": [
    {
      "uuid": "29fefba1-ff70-461b-a14d-ce895748596f",
      "title": "",
      "fullFile": "cypress/integration/project.spec.js",
      "file": "cypress/integration/project.spec.js",
      "beforeHooks": [],
      "afterHooks": [],
      "tests": [],
      "suites": [
        {
          "uuid": "3ec54c72-3a61-48f6-8bf2-0bad03244d8e",
          "title": "1 - Adicione à página o título \"Paleta de Cores\".",
          "fullFile": "",
          "file": "",
          "beforeHooks": [],
          "afterHooks": [],
          "tests": [
            {
              "title": "Verifica se contém um elemento `h1` com o id `title` com o título correto",
              "fullTitle": "1 - Adicione à página o título \"Paleta de Cores\". Verifica se contém um elemento `h1` com o id `title` com o título correto",
              "timedOut": null,
              "duration": 591,
              "state": "passed",
              "speed": "slow",
              "pass": true,
              "fail": false,
              "pending": false,
              "context": null,
              "code": "cy.get('h1#title').should('contain.text', 'Paleta de Cores');",
              "err": {},
              "uuid": "4bc5752a-258d-47ec-bb6e-b9af76bf9ac9",
              "parentUUID": "3ec54c72-3a61-48f6-8bf2-0bad03244d8e",
              "isHook": false,
              "skipped": false
            }
          ],
          "suites": [],
          "passes": [
            "4bc5752a-258d-47ec-bb6e-b9af76bf9ac9"
          ],
          "failures": [],
          "pending": [],
          "skipped": [],
          "duration": 591,
          "root": false,
          "rootEmpty": false,
          "_timeout": 2000
        },
        {
          "uuid": "191b5f67-d9bf-40b5-bd64-2014bba7fd45",
          "title": "2 - Adicione à página uma paleta de quatro cores distintas.",
          "fullFile": "",
          "file": "",
          "beforeHooks": [],
          "afterHooks": [],
          "tests": [
            {
              "title": "A paleta de cores deve ser um elemento com `id` denominado `color-palette`",
              "fullTitle": "2 - Adicione à página uma paleta de quatro cores distintas. A paleta de cores deve ser um elemento com `id` denominado `color-palette`",
              "timedOut": null,
              "duration": 345,
              "state": "passed",
              "speed": "slow",
              "pass": true,
              "fail": false,
              "pending": false,
              "context": null,
              "code": "cy.get('#color-palette').should('be.visible');",
              "err": {},
              "uuid": "b70af230-d014-4e88-89a1-2451e5055195",
              "parentUUID": "191b5f67-d9bf-40b5-bd64-2014bba7fd45",
              "isHook": false,
              "skipped": false
            },
            {
              "title": "Verifica se cada cor individual da paleta de cores possui a `classe` chamada `color`.",
              "fullTitle": "2 - Adicione à página uma paleta de quatro cores distintas. Verifica se cada cor individual da paleta de cores possui a `classe` chamada `color`.",
              "timedOut": null,
              "duration": 523,
              "state": "passed",
              "speed": "slow",
              "pass": true,
              "fail": false,
              "pending": false,
              "context": null,
              "code": "cy.get('.color').should('have.length', 4).then(function (colors) {\n  for (var i = 0; i < colors.length; i++) {\n    cy.wrap(colors[i]).should('be.visible');\n  }\n});",
              "err": {},
              "uuid": "af2f3a26-8485-4524-852d-183b16b6d707",
              "parentUUID": "191b5f67-d9bf-40b5-bd64-2014bba7fd45",
              "isHook": false,
              "skipped": false
            },
            {
              "title": "Verifica se a cor de fundo de cada elemento da paleta é a cor que o elemento representa. **A única cor não permitida na paleta é a cor branca.**",
              "fullTitle": "2 - Adicione à página uma paleta de quatro cores distintas. Verifica se a cor de fundo de cada elemento da paleta é a cor que o elemento representa. **A única cor não permitida na paleta é a cor branca.**",
              "timedOut": null,
              "duration": 375,
              "state": "passed",
              "speed": "slow",
              "pass": true,
              "fail": false,
              "pending": false,
              "context": null,
              "code": "cy.get('.color').each(function (color) {\n  cy.wrap(color).should('have.class', 'color').and('not.have.css', 'background-color', WHITE);\n  cy.wrap(color).should('have.css', 'background-color');\n});",
              "err": {},
              "uuid": "c896fa50-5200-40e0-bb0a-5a87c89e935d",
              "parentUUID": "191b5f67-d9bf-40b5-bd64-2014bba7fd45",
              "isHook": false,
              "skipped": false
            },
            {
              "title": "Verifica se cada elemento da paleta de cores tem uma borda preta, sólida e com 1 pixel de largura;",
              "fullTitle": "2 - Adicione à página uma paleta de quatro cores distintas. Verifica se cada elemento da paleta de cores tem uma borda preta, sólida e com 1 pixel de largura;",
              "timedOut": null,
              "duration": 294,
              "state": "passed",
              "speed": "slow",
              "pass": true,
              "fail": false,
              "pending": false,
              "context": null,
              "code": "cy.get('.color').each(function (color) {\n  cy.wrap(color).and('have.css', 'border', \"1px solid \".concat(BLACK)).and('have.class', 'color');\n});",
              "err": {},
              "uuid": "873e6bf6-e604-4b7b-89d9-983971dd20fd",
              "parentUUID": "191b5f67-d9bf-40b5-bd64-2014bba7fd45",
              "isHook": false,
              "skipped": false
            },
            {
              "title": "Verifica se a paleta lista todas as cores disponíveis para utilização, lado a lado.",
              "fullTitle": "2 - Adicione à página uma paleta de quatro cores distintas. Verifica se a paleta lista todas as cores disponíveis para utilização, lado a lado.",
              "timedOut": null,
              "duration": 174,
              "state": "passed",
              "speed": "slow",
              "pass": true,
              "fail": false,
              "pending": false,
              "context": null,
              "code": "cy.get('.color').then(function (colors) {\n  for (var index = 1; index < colors.length; index += 1) {\n    var currentColor = colors[index];\n    var previousColor = colors[index - 1];\n    cy.wrap(currentColor).should('be.onTheRightOf', previousColor).and('be.horizontallyAlignedWith', previousColor);\n  }\n});",
              "err": {},
              "uuid": "3055d80e-c5ae-4f86-a3a1-1c61f8d6a53b",
              "parentUUID": "191b5f67-d9bf-40b5-bd64-2014bba7fd45",
              "isHook": false,
              "skipped": false
            },
            {
              "title": "Verifica se a paleta de cores está posicionada abaixo do título 'Paleta de Cores'",
              "fullTitle": "2 - Adicione à página uma paleta de quatro cores distintas. Verifica se a paleta de cores está posicionada abaixo do título 'Paleta de Cores'",
              "timedOut": null,
              "duration": 257,
              "state": "passed",
              "speed": "slow",
              "pass": true,
              "fail": false,
              "pending": false,
              "context": null,
              "code": "cy.get('h1#title').then(function (title) {\n  cy.get('#color-palette').should('be.belowOf', title);\n});",
              "err": {},
              "uuid": "1c0106e4-7e33-42a7-9550-e933953c23db",
              "parentUUID": "191b5f67-d9bf-40b5-bd64-2014bba7fd45",
              "isHook": false,
              "skipped": false
            },
            {
              "title": "Verifica se a paleta de cores não contém cores repetidas.",
              "fullTitle": "2 - Adicione à página uma paleta de quatro cores distintas. Verifica se a paleta de cores não contém cores repetidas.",
              "timedOut": null,
              "duration": 171,
              "state": "passed",
              "speed": "slow",
              "pass": true,
              "fail": false,
              "pending": false,
              "context": null,
              "code": "cy.get('.color').then(function (colors) {\n  var allColors = Array.from(colors).map(function (color) {\n    return Cypress.$(color).css('background-color');\n  });\n  cy.log(allColors);\n  var uniqColors = (0, _toConsumableArray2[\"default\"])(new Set(allColors));\n  cy.log(uniqColors);\n  expect(allColors.length).to.eq(uniqColors.length);\n});",
              "err": {},
              "uuid": "b3489ca6-6d52-46c6-8de8-ec81567b88f2",
              "parentUUID": "191b5f67-d9bf-40b5-bd64-2014bba7fd45",
              "isHook": false,
              "skipped": false
            }
          ],
          "suites": [],
          "passes": [
            "b70af230-d014-4e88-89a1-2451e5055195",
            "af2f3a26-8485-4524-852d-183b16b6d707",
            "c896fa50-5200-40e0-bb0a-5a87c89e935d",
            "873e6bf6-e604-4b7b-89d9-983971dd20fd",
            "3055d80e-c5ae-4f86-a3a1-1c61f8d6a53b",
            "1c0106e4-7e33-42a7-9550-e933953c23db",
            "b3489ca6-6d52-46c6-8de8-ec81567b88f2"
          ],
          "failures": [],
          "pending": [],
          "skipped": [],
          "duration": 2139,
          "root": false,
          "rootEmpty": false,
          "_timeout": 2000
        },
        {
          "uuid": "accff0a1-82e6-476d-8e22-74a28ae08f5c",
          "title": "3 - Adicione a cor **preta** como a primeira cor da paleta de cores.",
          "fullFile": "",
          "file": "",
          "beforeHooks": [],
          "afterHooks": [],
          "tests": [
            {
              "title": "Verifica se a primeira cor da paleta é preta",
              "fullTitle": "3 - Adicione a cor **preta** como a primeira cor da paleta de cores. Verifica se a primeira cor da paleta é preta",
              "timedOut": null,
              "duration": 329,
              "state": "passed",
              "speed": "slow",
              "pass": true,
              "fail": false,
              "pending": false,
              "context": null,
              "code": "cy.get('.color').first().should('have.css', 'background-color', BLACK);",
              "err": {},
              "uuid": "41407561-a438-453b-bc37-340ca2aced3c",
              "parentUUID": "accff0a1-82e6-476d-8e22-74a28ae08f5c",
              "isHook": false,
              "skipped": false
            },
            {
              "title": "Verifica se as demais cores podem ser escolhidas livremente.",
              "fullTitle": "3 - Adicione a cor **preta** como a primeira cor da paleta de cores. Verifica se as demais cores podem ser escolhidas livremente.",
              "timedOut": null,
              "duration": 356,
              "state": "passed",
              "speed": "slow",
              "pass": true,
              "fail": false,
              "pending": false,
              "context": null,
              "code": "cy.get('.color').eq(1).should('not.have.css', 'background-color', BLACK);\ncy.get('.color').eq(1).should('not.have.css', 'background-color', WHITE);\ncy.get('.color').eq(1).should('not.have.css', 'background-color', 'rgba(0, 0, 0, 0)');\ncy.get('.color').eq(1).should('have.css', 'background-color');\ncy.get('.color').eq(2).should('not.have.css', 'background-color', BLACK);\ncy.get('.color').eq(2).should('not.have.css', 'background-color', WHITE);\ncy.get('.color').eq(2).should('not.have.css', 'background-color', 'rgba(0, 0, 0, 0)');\ncy.get('.color').eq(2).should('have.css', 'background-color');\ncy.get('.color').eq(3).should('not.have.css', 'background-color', BLACK);\ncy.get('.color').eq(3).should('not.have.css', 'background-color', WHITE);\ncy.get('.color').eq(3).should('not.have.css', 'background-color', 'rgba(0, 0, 0, 0)');\ncy.get('.color').eq(3).should('have.css', 'background-color');",
              "err": {},
              "uuid": "f5e6dcb9-e680-4254-b924-997534601b89",
              "parentUUID": "accff0a1-82e6-476d-8e22-74a28ae08f5c",
              "isHook": false,
              "skipped": false
            }
          ],
          "suites": [],
          "passes": [
            "41407561-a438-453b-bc37-340ca2aced3c",
            "f5e6dcb9-e680-4254-b924-997534601b89"
          ],
          "failures": [],
          "pending": [],
          "skipped": [],
          "duration": 685,
          "root": false,
          "rootEmpty": false,
          "_timeout": 2000
        },
        {
          "uuid": "1cbea938-a0af-42a5-b7c3-773a380447c9",
          "title": "4 - Adicione à página um quadro de pixels, com 25 pixels.",
          "fullFile": "",
          "file": "",
          "beforeHooks": [],
          "afterHooks": [],
          "tests": [
            {
              "title": "Verifica se o quadro de pixels possui o `id` denominado `pixel-board`",
              "fullTitle": "4 - Adicione à página um quadro de pixels, com 25 pixels. Verifica se o quadro de pixels possui o `id` denominado `pixel-board`",
              "timedOut": null,
              "duration": 230,
              "state": "passed",
              "speed": "slow",
              "pass": true,
              "fail": false,
              "pending": false,
              "context": null,
              "code": "cy.get('#pixel-board').should('be.visible');",
              "err": {},
              "uuid": "171ca0a1-6e8a-4d51-aa7a-968477a32585",
              "parentUUID": "1cbea938-a0af-42a5-b7c3-773a380447c9",
              "isHook": false,
              "skipped": false
            },
            {
              "title": "Verifica se cada pixel individual dentro do quadro possui a `classe` denominada `pixel`.",
              "fullTitle": "4 - Adicione à página um quadro de pixels, com 25 pixels. Verifica se cada pixel individual dentro do quadro possui a `classe` denominada `pixel`.",
              "timedOut": null,
              "duration": 243,
              "state": "passed",
              "speed": "slow",
              "pass": true,
              "fail": false,
              "pending": false,
              "context": null,
              "code": "cy.get('.pixel').should('have.length', 25);",
              "err": {},
              "uuid": "3e80b48d-1508-41ff-ae76-acfbafc6e3cb",
              "parentUUID": "1cbea938-a0af-42a5-b7c3-773a380447c9",
              "isHook": false,
              "skipped": false
            },
            {
              "title": "Verifica se a cor inicial dos pixels dentro do quadro, ao abrir a página, é branca.",
              "fullTitle": "4 - Adicione à página um quadro de pixels, com 25 pixels. Verifica se a cor inicial dos pixels dentro do quadro, ao abrir a página, é branca.",
              "timedOut": null,
              "duration": 389,
              "state": "passed",
              "speed": "slow",
              "pass": true,
              "fail": false,
              "pending": false,
              "context": null,
              "code": "cy.get('.pixel').should('have.length', 25).each(function (pixel) {\n  expect(pixel).to.have.css('background-color', WHITE);\n});",
              "err": {},
              "uuid": "cd43524b-536e-404a-9865-32a684ef66f8",
              "parentUUID": "1cbea938-a0af-42a5-b7c3-773a380447c9",
              "isHook": false,
              "skipped": false
            },
            {
              "title": "Verifica se o quadro de pixels aparece abaixo da paleta de cores",
              "fullTitle": "4 - Adicione à página um quadro de pixels, com 25 pixels. Verifica se o quadro de pixels aparece abaixo da paleta de cores",
              "timedOut": null,
              "duration": 226,
              "state": "passed",
              "speed": "slow",
              "pass": true,
              "fail": false,
              "pending": false,
              "context": null,
              "code": "cy.get('#color-palette').then(function (palette) {\n  cy.get('#pixel-board').should('be.belowOf', palette);\n});",
              "err": {},
              "uuid": "91c9a9f8-286b-4f75-b528-0234398b4161",
              "parentUUID": "1cbea938-a0af-42a5-b7c3-773a380447c9",
              "isHook": false,
              "skipped": false
            }
          ],
          "suites": [],
          "passes": [
            "171ca0a1-6e8a-4d51-aa7a-968477a32585",
            "3e80b48d-1508-41ff-ae76-acfbafc6e3cb",
            "cd43524b-536e-404a-9865-32a684ef66f8",
            "91c9a9f8-286b-4f75-b528-0234398b4161"
          ],
          "failures": [],
          "pending": [],
          "skipped": [],
          "duration": 1088,
          "root": false,
          "rootEmpty": false,
          "_timeout": 2000
        },
        {
          "uuid": "a95d1daa-e448-414d-bedf-f5dc65c1e3b4",
          "title": "5 - Faça com que cada elemento do quadro de pixels possua 40 pixels de largura, 40 pixels de altura e seja delimitado por uma borda preta de 1 pixel.",
          "fullFile": "",
          "file": "",
          "beforeHooks": [],
          "afterHooks": [],
          "tests": [
            {
              "title": "Verifica se o quadro de pixels tem altura e comprimento de 5 elementos",
              "fullTitle": "5 - Faça com que cada elemento do quadro de pixels possua 40 pixels de largura, 40 pixels de altura e seja delimitado por uma borda preta de 1 pixel. Verifica se o quadro de pixels tem altura e comprimento de 5 elementos",
              "timedOut": null,
              "duration": 612,
              "state": "passed",
              "speed": "slow",
              "pass": true,
              "fail": false,
              "pending": false,
              "context": null,
              "code": "cy.get('.pixel').should('have.length', 25).each(function (pixel) {\n  expect(pixel).to.have.css('background-color', WHITE);\n}).and(function (pixels) {\n  var rows = chunk(pixels, 5);\n  rows.forEach(function (row) {\n    for (var index = 1; index < row.length; index += 1) {\n      var current = pixels[index];\n      var previous = pixels[index - 1];\n      cy.wrap(current).should('be.onTheRightOf', previous).and('be.horizontallyAlignedWith', previous);\n    }\n  });\n  for (var index = 1; index < 5; index += 1) {\n    expect(pixels[index * 5]).to.be.belowOf(pixels[(index - 1) * 5]);\n  }\n});",
              "err": {},
              "uuid": "98c69e28-625e-44bb-a29e-63d16f34d00a",
              "parentUUID": "a95d1daa-e448-414d-bedf-f5dc65c1e3b4",
              "isHook": false,
              "skipped": false
            },
            {
              "title": "Verifica se 40 pixels é o tamanho total do elemento, incluindo seu conteúdo e excluindo a borda preta, que deve ser criada à parte.",
              "fullTitle": "5 - Faça com que cada elemento do quadro de pixels possua 40 pixels de largura, 40 pixels de altura e seja delimitado por uma borda preta de 1 pixel. Verifica se 40 pixels é o tamanho total do elemento, incluindo seu conteúdo e excluindo a borda preta, que deve ser criada à parte.",
              "timedOut": null,
              "duration": 598,
              "state": "passed",
              "speed": "slow",
              "pass": true,
              "fail": false,
              "pending": false,
              "context": null,
              "code": "cy.get('.pixel').each(function (pixel) {\n  cy.wrap(pixel).should('have.css', 'height', '40px').and('have.css', 'width', '40px').and('have.css', 'border', \"1px solid \".concat(BLACK));\n});",
              "err": {},
              "uuid": "fe031dd8-8857-437c-8414-d152489bbf42",
              "parentUUID": "a95d1daa-e448-414d-bedf-f5dc65c1e3b4",
              "isHook": false,
              "skipped": false
            }
          ],
          "suites": [],
          "passes": [
            "98c69e28-625e-44bb-a29e-63d16f34d00a",
            "fe031dd8-8857-437c-8414-d152489bbf42"
          ],
          "failures": [],
          "pending": [],
          "skipped": [],
          "duration": 1210,
          "root": false,
          "rootEmpty": false,
          "_timeout": 2000
        },
        {
          "uuid": "75ce8ed2-ad03-45df-a01e-504f5d57540d",
          "title": "6 - Defina a cor preta como cor inicial. Ao carregar a página a cor preta já deve estar selecionada para pintar os pixels",
          "fullFile": "",
          "file": "",
          "beforeHooks": [],
          "afterHooks": [],
          "tests": [
            {
              "title": "Verifica se o elemento da cor preta possui, inicialmente, a `classe` `selected`",
              "fullTitle": "6 - Defina a cor preta como cor inicial. Ao carregar a página a cor preta já deve estar selecionada para pintar os pixels Verifica se o elemento da cor preta possui, inicialmente, a `classe` `selected`",
              "timedOut": null,
              "duration": 186,
              "state": "passed",
              "speed": "slow",
              "pass": true,
              "fail": false,
              "pending": false,
              "context": null,
              "code": "cy.get('.selected').first().should('have.css', 'background-color', BLACK);",
              "err": {},
              "uuid": "bf18911c-259e-4426-8efd-9b438f167f98",
              "parentUUID": "75ce8ed2-ad03-45df-a01e-504f5d57540d",
              "isHook": false,
              "skipped": false
            },
            {
              "title": "Verifica se nenhuma outra cor da paleta tem a `classe` `selected`",
              "fullTitle": "6 - Defina a cor preta como cor inicial. Ao carregar a página a cor preta já deve estar selecionada para pintar os pixels Verifica se nenhuma outra cor da paleta tem a `classe` `selected`",
              "timedOut": null,
              "duration": 257,
              "state": "passed",
              "speed": "slow",
              "pass": true,
              "fail": false,
              "pending": false,
              "context": null,
              "code": "cy.get('.color:not(:first-child)').each(function (color) {\n  cy.wrap(color).should('not.have.class', 'selected');\n});",
              "err": {},
              "uuid": "bc69f7d6-5788-46a5-a625-453938ed3180",
              "parentUUID": "75ce8ed2-ad03-45df-a01e-504f5d57540d",
              "isHook": false,
              "skipped": false
            }
          ],
          "suites": [],
          "passes": [
            "bf18911c-259e-4426-8efd-9b438f167f98",
            "bc69f7d6-5788-46a5-a625-453938ed3180"
          ],
          "failures": [],
          "pending": [],
          "skipped": [],
          "duration": 443,
          "root": false,
          "rootEmpty": false,
          "_timeout": 2000
        },
        {
          "uuid": "b1b51495-962a-445f-a621-dea0ce4e2d78",
          "title": "7 - Clicar em uma das cores da paleta, faz com que ela seja selecionada e utilizada para preencher os pixels no quadro.",
          "fullFile": "",
          "file": "",
          "beforeHooks": [],
          "afterHooks": [],
          "tests": [
            {
              "title": "Verifica se somente uma cor da paleta de cores tem a classe `selected` de cada vez",
              "fullTitle": "7 - Clicar em uma das cores da paleta, faz com que ela seja selecionada e utilizada para preencher os pixels no quadro. Verifica se somente uma cor da paleta de cores tem a classe `selected` de cada vez",
              "timedOut": null,
              "duration": 728,
              "state": "passed",
              "speed": "slow",
              "pass": true,
              "fail": false,
              "pending": false,
              "context": null,
              "code": "cy.get('.color').each(function (selectedColor, selectedColorIndex) {\n  cy.wrap(selectedColor).click();\n  cy.get('.color').each(function (color, colorIndex) {\n    if (colorIndex === selectedColorIndex) {\n      expect(color).to.have[\"class\"]('selected');\n    } else {\n      expect(color).not.to.have[\"class\"]('selected');\n    }\n  });\n});",
              "err": {},
              "uuid": "8a85a1dc-66f6-4974-8f7f-b390ad2783b1",
              "parentUUID": "b1b51495-962a-445f-a621-dea0ce4e2d78",
              "isHook": false,
              "skipped": false
            },
            {
              "title": "Verifica se os pixels dentro do quadro não têm a classe `selected` quando são clicados",
              "fullTitle": "7 - Clicar em uma das cores da paleta, faz com que ela seja selecionada e utilizada para preencher os pixels no quadro. Verifica se os pixels dentro do quadro não têm a classe `selected` quando são clicados",
              "timedOut": null,
              "duration": 9415,
              "state": "passed",
              "speed": "slow",
              "pass": true,
              "fail": false,
              "pending": false,
              "context": null,
              "code": "cy.get('.color').each(function (color) {\n  var backgroundColor = color.css('background-color');\n  cy.wrap(color).click();\n  cy.get('.pixel').each(function (pixel) {\n    cy.wrap(pixel).click().should('not.have.class', 'selected');\n  });\n});",
              "err": {},
              "uuid": "b881a0a3-6935-49a2-9ca4-9e7f40939fdc",
              "parentUUID": "b1b51495-962a-445f-a621-dea0ce4e2d78",
              "isHook": false,
              "skipped": false
            }
          ],
          "suites": [],
          "passes": [
            "8a85a1dc-66f6-4974-8f7f-b390ad2783b1",
            "b881a0a3-6935-49a2-9ca4-9e7f40939fdc"
          ],
          "failures": [],
          "pending": [],
          "skipped": [],
          "duration": 10143,
          "root": false,
          "rootEmpty": false,
          "_timeout": 2000
        },
        {
          "uuid": "3bfb8a4f-71c5-442c-84a1-fd186288a1b2",
          "title": "8 - Clicar em um pixel dentro do quadro após selecionar uma cor na paleta, faz com que o pixel seja preenchido com a cor selecionada.",
          "fullFile": "",
          "file": "",
          "beforeHooks": [],
          "afterHooks": [],
          "tests": [
            {
              "title": "Verifica se ao carregar a página deve ser possível pintar os pixels de preto",
              "fullTitle": "8 - Clicar em um pixel dentro do quadro após selecionar uma cor na paleta, faz com que o pixel seja preenchido com a cor selecionada. Verifica se ao carregar a página deve ser possível pintar os pixels de preto",
              "timedOut": null,
              "duration": 4685,
              "state": "failed",
              "speed": null,
              "pass": false,
              "fail": true,
              "pending": false,
              "context": null,
              "code": "cy.get('.pixel').each(function (pixel) {\n  cy.wrap(pixel).click().should('have.css', 'background-color', BLACK);\n});",
              "err": {
                "message": "CypressError: Timed out retrying: expected '<div#a1.pixel>' to have CSS property 'background-color' with the value 'rgb(0, 0, 0)', but the value was 'rgb(255, 255, 255)'",
                "estack": "CypressError: Timed out retrying: expected '<div#a1.pixel>' to have CSS property 'background-color' with the value 'rgb(0, 0, 0)', but the value was 'rgb(255, 255, 255)'\n    at cypressErr (http://localhost:36103/__cypress/runner/cypress_runner.js:149934:9)\n    at throwErr (http://localhost:36103/__cypress/runner/cypress_runner.js:149867:11)\n    at Object.throwErrByPath (http://localhost:36103/__cypress/runner/cypress_runner.js:149915:3)\n    at retry (http://localhost:36103/__cypress/runner/cypress_runner.js:144197:19)\n    at onFailFn (http://localhost:36103/__cypress/runner/cypress_runner.js:132448:16)\n    at tryCatcher (http://localhost:36103/__cypress/runner/cypress_runner.js:167415:23)\n    at Promise._settlePromiseFromHandler (http://localhost:36103/__cypress/runner/cypress_runner.js:165351:31)\n    at Promise._settlePromise (http://localhost:36103/__cypress/runner/cypress_runner.js:165408:18)\n    at Promise._settlePromise0 (http://localhost:36103/__cypress/runner/cypress_runner.js:165453:10)\n    at Promise._settlePromises (http://localhost:36103/__cypress/runner/cypress_runner.js:165528:18)\n    at Async../node_modules/bluebird/js/release/async.js.Async._drainQueue (http://localhost:36103/__cypress/runner/cypress_runner.js:162140:16)\n    at Async../node_modules/bluebird/js/release/async.js.Async._drainQueues (http://localhost:36103/__cypress/runner/cypress_runner.js:162150:10)\n    at Async.drainQueues (http://localhost:36103/__cypress/runner/cypress_runner.js:162024:14)",
                "diff": null
              },
              "uuid": "2fc4b326-a446-434e-8320-ef94106578d7",
              "parentUUID": "3bfb8a4f-71c5-442c-84a1-fd186288a1b2",
              "isHook": false,
              "skipped": false
            },
            {
              "title": "Verifica se após selecionar uma outra cor na paleta, é possível pintar os pixels com essa cor",
              "fullTitle": "8 - Clicar em um pixel dentro do quadro após selecionar uma cor na paleta, faz com que o pixel seja preenchido com a cor selecionada. Verifica se após selecionar uma outra cor na paleta, é possível pintar os pixels com essa cor",
              "timedOut": null,
              "duration": 5005,
              "state": "failed",
              "speed": null,
              "pass": false,
              "fail": true,
              "pending": false,
              "context": null,
              "code": "cy.get('.color').each(function (color) {\n  var backgroundColor = color.css('background-color');\n  cy.wrap(color).click();\n  cy.get('.pixel').each(function (pixel) {\n    cy.wrap(pixel).click().should('have.css', 'background-color', backgroundColor);\n  });\n});",
              "err": {
                "message": "CypressError: Timed out retrying: expected '<div#a1.pixel>' to have CSS property 'background-color' with the value 'rgb(0, 0, 0)', but the value was 'rgb(255, 255, 255)'",
                "estack": "CypressError: Timed out retrying: expected '<div#a1.pixel>' to have CSS property 'background-color' with the value 'rgb(0, 0, 0)', but the value was 'rgb(255, 255, 255)'\n    at cypressErr (http://localhost:36103/__cypress/runner/cypress_runner.js:149934:9)\n    at throwErr (http://localhost:36103/__cypress/runner/cypress_runner.js:149867:11)\n    at Object.throwErrByPath (http://localhost:36103/__cypress/runner/cypress_runner.js:149915:3)\n    at retry (http://localhost:36103/__cypress/runner/cypress_runner.js:144197:19)\n    at onFailFn (http://localhost:36103/__cypress/runner/cypress_runner.js:132448:16)\n    at tryCatcher (http://localhost:36103/__cypress/runner/cypress_runner.js:167415:23)\n    at Promise._settlePromiseFromHandler (http://localhost:36103/__cypress/runner/cypress_runner.js:165351:31)\n    at Promise._settlePromise (http://localhost:36103/__cypress/runner/cypress_runner.js:165408:18)\n    at Promise._settlePromise0 (http://localhost:36103/__cypress/runner/cypress_runner.js:165453:10)\n    at Promise._settlePromises (http://localhost:36103/__cypress/runner/cypress_runner.js:165528:18)\n    at Async../node_modules/bluebird/js/release/async.js.Async._drainQueue (http://localhost:36103/__cypress/runner/cypress_runner.js:162140:16)\n    at Async../node_modules/bluebird/js/release/async.js.Async._drainQueues (http://localhost:36103/__cypress/runner/cypress_runner.js:162150:10)\n    at Async.drainQueues (http://localhost:36103/__cypress/runner/cypress_runner.js:162024:14)",
                "diff": null
              },
              "uuid": "a1079320-2064-4833-868f-ec2a105e7455",
              "parentUUID": "3bfb8a4f-71c5-442c-84a1-fd186288a1b2",
              "isHook": false,
              "skipped": false
            },
            {
              "title": "Verifica se somente o pixel que foi clicado foi preenchido com a cor selecionada, sem influenciar na cor dos demais pixels.",
              "fullTitle": "8 - Clicar em um pixel dentro do quadro após selecionar uma cor na paleta, faz com que o pixel seja preenchido com a cor selecionada. Verifica se somente o pixel que foi clicado foi preenchido com a cor selecionada, sem influenciar na cor dos demais pixels.",
              "timedOut": null,
              "duration": 2408,
              "state": "passed",
              "speed": "slow",
              "pass": true,
              "fail": false,
              "pending": false,
              "context": null,
              "code": "var colorToPixelIndexMap = {\n  0: 6,\n  1: 8,\n  2: 16,\n  3: 18\n};\ncy.get('.color').each(function (color, index) {\n  cy.wrap(color).click();\n  var backgroundColor = color.css('background-color');\n  var clickedPixelIndex = colorToPixelIndexMap[index];\n  cy.get('.pixel').eq(clickedPixelIndex).click();\n  cy.get('.pixel').eq(clickedPixelIndex - 1).should('not.have.css', 'background-color', backgroundColor);\n  cy.get('.pixel').eq(clickedPixelIndex + 1).should('not.have.css', 'background-color', backgroundColor);\n  cy.get('.pixel').eq(clickedPixelIndex - 5).should('not.have.css', 'background-color', backgroundColor);\n  cy.get('.pixel').eq(clickedPixelIndex + 5).should('not.have.css', 'background-color', backgroundColor);\n  cy.get('.pixel').eq(clickedPixelIndex - 6).should('not.have.css', 'background-color', backgroundColor);\n  cy.get('.pixel').eq(clickedPixelIndex - 4).should('not.have.css', 'background-color', backgroundColor);\n  cy.get('.pixel').eq(clickedPixelIndex + 4).should('not.have.css', 'background-color', backgroundColor);\n  cy.get('.pixel').eq(clickedPixelIndex + 6).should('not.have.css', 'background-color', backgroundColor);\n});",
              "err": {},
              "uuid": "a1cbfb3d-58af-489a-a789-5dd5dc7eff50",
              "parentUUID": "3bfb8a4f-71c5-442c-84a1-fd186288a1b2",
              "isHook": false,
              "skipped": false
            }
          ],
          "suites": [],
          "passes": [
            "a1cbfb3d-58af-489a-a789-5dd5dc7eff50"
          ],
          "failures": [
            "2fc4b326-a446-434e-8320-ef94106578d7",
            "a1079320-2064-4833-868f-ec2a105e7455"
          ],
          "pending": [],
          "skipped": [],
          "duration": 12098,
          "root": false,
          "rootEmpty": false,
          "_timeout": 2000
        },
        {
          "uuid": "4f3f6117-4fd9-43b7-8b62-eed49c441b01",
          "title": "9 - Crie um botão que, ao ser clicado, limpa o quadro preenchendo a cor de todos seus pixels com branco.",
          "fullFile": "",
          "file": "",
          "beforeHooks": [],
          "afterHooks": [],
          "tests": [
            {
              "title": "Verifica se o botão tem o `id` denominado `clear-board`",
              "fullTitle": "9 - Crie um botão que, ao ser clicado, limpa o quadro preenchendo a cor de todos seus pixels com branco. Verifica se o botão tem o `id` denominado `clear-board`",
              "timedOut": null,
              "duration": 4867,
              "state": "failed",
              "speed": null,
              "pass": false,
              "fail": true,
              "pending": false,
              "context": null,
              "code": "cy.get('#clear-board').should('be.visible');",
              "err": {
                "message": "CypressError: Timed out retrying: Expected to find element: '#clear-board', but never found it.",
                "estack": "CypressError: Timed out retrying: Expected to find element: '#clear-board', but never found it.\n    at cypressErr (http://localhost:36103/__cypress/runner/cypress_runner.js:149934:9)\n    at throwErr (http://localhost:36103/__cypress/runner/cypress_runner.js:149867:11)\n    at Object.throwErrByPath (http://localhost:36103/__cypress/runner/cypress_runner.js:149915:3)\n    at retry (http://localhost:36103/__cypress/runner/cypress_runner.js:144197:19)\n    at onFailFn (http://localhost:36103/__cypress/runner/cypress_runner.js:132448:16)\n    at tryCatcher (http://localhost:36103/__cypress/runner/cypress_runner.js:167415:23)\n    at Promise._settlePromiseFromHandler (http://localhost:36103/__cypress/runner/cypress_runner.js:165351:31)\n    at Promise._settlePromise (http://localhost:36103/__cypress/runner/cypress_runner.js:165408:18)\n    at Promise._settlePromise0 (http://localhost:36103/__cypress/runner/cypress_runner.js:165453:10)\n    at Promise._settlePromises (http://localhost:36103/__cypress/runner/cypress_runner.js:165528:18)\n    at Async../node_modules/bluebird/js/release/async.js.Async._drainQueue (http://localhost:36103/__cypress/runner/cypress_runner.js:162140:16)\n    at Async../node_modules/bluebird/js/release/async.js.Async._drainQueues (http://localhost:36103/__cypress/runner/cypress_runner.js:162150:10)\n    at Async.drainQueues (http://localhost:36103/__cypress/runner/cypress_runner.js:162024:14)",
                "diff": null
              },
              "uuid": "7bf87223-ea13-41d7-b2ec-77a37d73ed24",
              "parentUUID": "4f3f6117-4fd9-43b7-8b62-eed49c441b01",
              "isHook": false,
              "skipped": false
            },
            {
              "title": "Verifica se o botão está posicionado entre a paleta de cores e o quadro de pixels",
              "fullTitle": "9 - Crie um botão que, ao ser clicado, limpa o quadro preenchendo a cor de todos seus pixels com branco. Verifica se o botão está posicionado entre a paleta de cores e o quadro de pixels",
              "timedOut": null,
              "duration": 4786,
              "state": "failed",
              "speed": null,
              "pass": false,
              "fail": true,
              "pending": false,
              "context": null,
              "code": "cy.get('#color-palette').then(function (palette) {\n  cy.get('#clear-board').should('be.belowOf', palette);\n});\ncy.get('#clear-board').then(function (clearBtn) {\n  cy.get('#pixel-board').should('be.belowOf', clearBtn);\n});",
              "err": {
                "message": "CypressError: Timed out retrying: Expected to find element: '#clear-board', but never found it.",
                "estack": "CypressError: Timed out retrying: Expected to find element: '#clear-board', but never found it.\n    at cypressErr (http://localhost:36103/__cypress/runner/cypress_runner.js:149934:9)\n    at throwErr (http://localhost:36103/__cypress/runner/cypress_runner.js:149867:11)\n    at Object.throwErrByPath (http://localhost:36103/__cypress/runner/cypress_runner.js:149915:3)\n    at retry (http://localhost:36103/__cypress/runner/cypress_runner.js:144197:19)\n    at onFailFn (http://localhost:36103/__cypress/runner/cypress_runner.js:132448:16)\n    at tryCatcher (http://localhost:36103/__cypress/runner/cypress_runner.js:167415:23)\n    at Promise._settlePromiseFromHandler (http://localhost:36103/__cypress/runner/cypress_runner.js:165351:31)\n    at Promise._settlePromise (http://localhost:36103/__cypress/runner/cypress_runner.js:165408:18)\n    at Promise._settlePromise0 (http://localhost:36103/__cypress/runner/cypress_runner.js:165453:10)\n    at Promise._settlePromises (http://localhost:36103/__cypress/runner/cypress_runner.js:165528:18)\n    at Async../node_modules/bluebird/js/release/async.js.Async._drainQueue (http://localhost:36103/__cypress/runner/cypress_runner.js:162140:16)\n    at Async../node_modules/bluebird/js/release/async.js.Async._drainQueues (http://localhost:36103/__cypress/runner/cypress_runner.js:162150:10)\n    at Async.drainQueues (http://localhost:36103/__cypress/runner/cypress_runner.js:162024:14)",
                "diff": null
              },
              "uuid": "0c487179-6ba8-419a-8599-dcbcc53dbef4",
              "parentUUID": "4f3f6117-4fd9-43b7-8b62-eed49c441b01",
              "isHook": false,
              "skipped": false
            },
            {
              "title": "Verifica se o texto do botão é 'Limpar'",
              "fullTitle": "9 - Crie um botão que, ao ser clicado, limpa o quadro preenchendo a cor de todos seus pixels com branco. Verifica se o texto do botão é 'Limpar'",
              "timedOut": null,
              "duration": 4847,
              "state": "failed",
              "speed": null,
              "pass": false,
              "fail": true,
              "pending": false,
              "context": null,
              "code": "cy.get('#clear-board').should('contain.text', 'Limpar');",
              "err": {
                "message": "CypressError: Timed out retrying: Expected to find element: '#clear-board', but never found it.",
                "estack": "CypressError: Timed out retrying: Expected to find element: '#clear-board', but never found it.\n    at cypressErr (http://localhost:36103/__cypress/runner/cypress_runner.js:149934:9)\n    at throwErr (http://localhost:36103/__cypress/runner/cypress_runner.js:149867:11)\n    at Object.throwErrByPath (http://localhost:36103/__cypress/runner/cypress_runner.js:149915:3)\n    at retry (http://localhost:36103/__cypress/runner/cypress_runner.js:144197:19)\n    at onFailFn (http://localhost:36103/__cypress/runner/cypress_runner.js:132448:16)\n    at tryCatcher (http://localhost:36103/__cypress/runner/cypress_runner.js:167415:23)\n    at Promise._settlePromiseFromHandler (http://localhost:36103/__cypress/runner/cypress_runner.js:165351:31)\n    at Promise._settlePromise (http://localhost:36103/__cypress/runner/cypress_runner.js:165408:18)\n    at Promise._settlePromise0 (http://localhost:36103/__cypress/runner/cypress_runner.js:165453:10)\n    at Promise._settlePromises (http://localhost:36103/__cypress/runner/cypress_runner.js:165528:18)\n    at Async../node_modules/bluebird/js/release/async.js.Async._drainQueue (http://localhost:36103/__cypress/runner/cypress_runner.js:162140:16)\n    at Async../node_modules/bluebird/js/release/async.js.Async._drainQueues (http://localhost:36103/__cypress/runner/cypress_runner.js:162150:10)\n    at Async.drainQueues (http://localhost:36103/__cypress/runner/cypress_runner.js:162024:14)",
                "diff": null
              },
              "uuid": "4b70ed14-44e6-4ea6-9267-c6ae4cfe43fe",
              "parentUUID": "4f3f6117-4fd9-43b7-8b62-eed49c441b01",
              "isHook": false,
              "skipped": false
            },
            {
              "title": "Verifica se ao clicar no botão, o quadro de pixels é totalmente preenchido de branco",
              "fullTitle": "9 - Crie um botão que, ao ser clicado, limpa o quadro preenchendo a cor de todos seus pixels com branco. Verifica se ao clicar no botão, o quadro de pixels é totalmente preenchido de branco",
              "timedOut": null,
              "duration": 4988,
              "state": "failed",
              "speed": null,
              "pass": false,
              "fail": true,
              "pending": false,
              "context": null,
              "code": "cy.get('.color').eq(1).then(function (color) {\n  var backgroundColor = color.css('background-color');\n  cy.wrap(color).click();\n  cy.get('.pixel').each(function (pixel) {\n    cy.wrap(pixel).click().should('have.css', 'background-color', backgroundColor);\n  });\n});\ncy.get('#clear-board').click();\ncy.get('.pixel').each(function (pixel) {\n  cy.wrap(pixel).should('have.css', 'background-color', WHITE);\n});",
              "err": {
                "message": "CypressError: Timed out retrying: expected '<div#a1.pixel>' to have CSS property 'background-color' with the value 'rgb(212, 14, 14)', but the value was 'rgb(255, 255, 255)'",
                "estack": "CypressError: Timed out retrying: expected '<div#a1.pixel>' to have CSS property 'background-color' with the value 'rgb(212, 14, 14)', but the value was 'rgb(255, 255, 255)'\n    at cypressErr (http://localhost:36103/__cypress/runner/cypress_runner.js:149934:9)\n    at throwErr (http://localhost:36103/__cypress/runner/cypress_runner.js:149867:11)\n    at Object.throwErrByPath (http://localhost:36103/__cypress/runner/cypress_runner.js:149915:3)\n    at retry (http://localhost:36103/__cypress/runner/cypress_runner.js:144197:19)\n    at onFailFn (http://localhost:36103/__cypress/runner/cypress_runner.js:132448:16)\n    at tryCatcher (http://localhost:36103/__cypress/runner/cypress_runner.js:167415:23)\n    at Promise._settlePromiseFromHandler (http://localhost:36103/__cypress/runner/cypress_runner.js:165351:31)\n    at Promise._settlePromise (http://localhost:36103/__cypress/runner/cypress_runner.js:165408:18)\n    at Promise._settlePromise0 (http://localhost:36103/__cypress/runner/cypress_runner.js:165453:10)\n    at Promise._settlePromises (http://localhost:36103/__cypress/runner/cypress_runner.js:165528:18)\n    at Async../node_modules/bluebird/js/release/async.js.Async._drainQueue (http://localhost:36103/__cypress/runner/cypress_runner.js:162140:16)\n    at Async../node_modules/bluebird/js/release/async.js.Async._drainQueues (http://localhost:36103/__cypress/runner/cypress_runner.js:162150:10)\n    at Async.drainQueues (http://localhost:36103/__cypress/runner/cypress_runner.js:162024:14)",
                "diff": null
              },
              "uuid": "62b12e9b-9c13-4185-988b-d582d58893d7",
              "parentUUID": "4f3f6117-4fd9-43b7-8b62-eed49c441b01",
              "isHook": false,
              "skipped": false
            }
          ],
          "suites": [],
          "passes": [],
          "failures": [
            "7bf87223-ea13-41d7-b2ec-77a37d73ed24",
            "0c487179-6ba8-419a-8599-dcbcc53dbef4",
            "4b70ed14-44e6-4ea6-9267-c6ae4cfe43fe",
            "62b12e9b-9c13-4185-988b-d582d58893d7"
          ],
          "pending": [],
          "skipped": [],
          "duration": 19488,
          "root": false,
          "rootEmpty": false,
          "_timeout": 2000
        },
        {
          "uuid": "8ed6af2f-6c32-4689-8ac9-6f3f054d411f",
          "title": "10 - Faça o quadro de pixels ter seu tamanho definido pelo usuário.",
          "fullFile": "",
          "file": "",
          "beforeHooks": [],
          "afterHooks": [],
          "tests": [
            {
              "title": "Verifica se existe um input com o id `board-size`",
              "fullTitle": "10 - Faça o quadro de pixels ter seu tamanho definido pelo usuário. Verifica se existe um input com o id `board-size`",
              "timedOut": null,
              "duration": 4872,
              "state": "failed",
              "speed": null,
              "pass": false,
              "fail": true,
              "pending": false,
              "context": null,
              "code": "cy.get('#board-size').should('be.visible');",
              "err": {
                "message": "CypressError: Timed out retrying: Expected to find element: '#board-size', but never found it.",
                "estack": "CypressError: Timed out retrying: Expected to find element: '#board-size', but never found it.\n    at cypressErr (http://localhost:36103/__cypress/runner/cypress_runner.js:149934:9)\n    at throwErr (http://localhost:36103/__cypress/runner/cypress_runner.js:149867:11)\n    at Object.throwErrByPath (http://localhost:36103/__cypress/runner/cypress_runner.js:149915:3)\n    at retry (http://localhost:36103/__cypress/runner/cypress_runner.js:144197:19)\n    at onFailFn (http://localhost:36103/__cypress/runner/cypress_runner.js:132448:16)\n    at tryCatcher (http://localhost:36103/__cypress/runner/cypress_runner.js:167415:23)\n    at Promise._settlePromiseFromHandler (http://localhost:36103/__cypress/runner/cypress_runner.js:165351:31)\n    at Promise._settlePromise (http://localhost:36103/__cypress/runner/cypress_runner.js:165408:18)\n    at Promise._settlePromise0 (http://localhost:36103/__cypress/runner/cypress_runner.js:165453:10)\n    at Promise._settlePromises (http://localhost:36103/__cypress/runner/cypress_runner.js:165528:18)\n    at Async../node_modules/bluebird/js/release/async.js.Async._drainQueue (http://localhost:36103/__cypress/runner/cypress_runner.js:162140:16)\n    at Async../node_modules/bluebird/js/release/async.js.Async._drainQueues (http://localhost:36103/__cypress/runner/cypress_runner.js:162150:10)\n    at Async.drainQueues (http://localhost:36103/__cypress/runner/cypress_runner.js:162024:14)",
                "diff": null
              },
              "uuid": "74dfc87c-953a-45a8-9666-35921213e9da",
              "parentUUID": "8ed6af2f-6c32-4689-8ac9-6f3f054d411f",
              "isHook": false,
              "skipped": false
            },
            {
              "title": "Verifica se existe um botão com o id `generate-board`",
              "fullTitle": "10 - Faça o quadro de pixels ter seu tamanho definido pelo usuário. Verifica se existe um botão com o id `generate-board`",
              "timedOut": null,
              "duration": 4854,
              "state": "failed",
              "speed": null,
              "pass": false,
              "fail": true,
              "pending": false,
              "context": null,
              "code": "cy.get('#generate-board').should('be.visible');",
              "err": {
                "message": "CypressError: Timed out retrying: Expected to find element: '#generate-board', but never found it.",
                "estack": "CypressError: Timed out retrying: Expected to find element: '#generate-board', but never found it.\n    at cypressErr (http://localhost:36103/__cypress/runner/cypress_runner.js:149934:9)\n    at throwErr (http://localhost:36103/__cypress/runner/cypress_runner.js:149867:11)\n    at Object.throwErrByPath (http://localhost:36103/__cypress/runner/cypress_runner.js:149915:3)\n    at retry (http://localhost:36103/__cypress/runner/cypress_runner.js:144197:19)\n    at onFailFn (http://localhost:36103/__cypress/runner/cypress_runner.js:132448:16)\n    at tryCatcher (http://localhost:36103/__cypress/runner/cypress_runner.js:167415:23)\n    at Promise._settlePromiseFromHandler (http://localhost:36103/__cypress/runner/cypress_runner.js:165351:31)\n    at Promise._settlePromise (http://localhost:36103/__cypress/runner/cypress_runner.js:165408:18)\n    at Promise._settlePromise0 (http://localhost:36103/__cypress/runner/cypress_runner.js:165453:10)\n    at Promise._settlePromises (http://localhost:36103/__cypress/runner/cypress_runner.js:165528:18)\n    at Async../node_modules/bluebird/js/release/async.js.Async._drainQueue (http://localhost:36103/__cypress/runner/cypress_runner.js:162140:16)\n    at Async../node_modules/bluebird/js/release/async.js.Async._drainQueues (http://localhost:36103/__cypress/runner/cypress_runner.js:162150:10)\n    at Async.drainQueues (http://localhost:36103/__cypress/runner/cypress_runner.js:162024:14)",
                "diff": null
              },
              "uuid": "05d91e86-ed94-4d4e-9c88-30ac324b6e28",
              "parentUUID": "8ed6af2f-6c32-4689-8ac9-6f3f054d411f",
              "isHook": false,
              "skipped": false
            },
            {
              "title": "Verifica se o input só aceita número maiores que zero. Essa restrição deve ser feita usando os atributos do elemento `input`",
              "fullTitle": "10 - Faça o quadro de pixels ter seu tamanho definido pelo usuário. Verifica se o input só aceita número maiores que zero. Essa restrição deve ser feita usando os atributos do elemento `input`",
              "timedOut": null,
              "duration": 4790,
              "state": "failed",
              "speed": null,
              "pass": false,
              "fail": true,
              "pending": false,
              "context": null,
              "code": "cy.get('#board-size[type=\\'number\\'][min=\\'1\\']');",
              "err": {
                "message": "CypressError: Timed out retrying: Expected to find element: '#board-size[type='number'][min='1']', but never found it.",
                "estack": "CypressError: Timed out retrying: Expected to find element: '#board-size[type='number'][min='1']', but never found it.\n    at cypressErr (http://localhost:36103/__cypress/runner/cypress_runner.js:149934:9)\n    at throwErr (http://localhost:36103/__cypress/runner/cypress_runner.js:149867:11)\n    at Object.throwErrByPath (http://localhost:36103/__cypress/runner/cypress_runner.js:149915:3)\n    at retry (http://localhost:36103/__cypress/runner/cypress_runner.js:144197:19)\n    at onFailFn (http://localhost:36103/__cypress/runner/cypress_runner.js:132448:16)\n    at tryCatcher (http://localhost:36103/__cypress/runner/cypress_runner.js:167415:23)\n    at Promise._settlePromiseFromHandler (http://localhost:36103/__cypress/runner/cypress_runner.js:165351:31)\n    at Promise._settlePromise (http://localhost:36103/__cypress/runner/cypress_runner.js:165408:18)\n    at Promise._settlePromise0 (http://localhost:36103/__cypress/runner/cypress_runner.js:165453:10)\n    at Promise._settlePromises (http://localhost:36103/__cypress/runner/cypress_runner.js:165528:18)\n    at Async../node_modules/bluebird/js/release/async.js.Async._drainQueue (http://localhost:36103/__cypress/runner/cypress_runner.js:162140:16)\n    at Async../node_modules/bluebird/js/release/async.js.Async._drainQueues (http://localhost:36103/__cypress/runner/cypress_runner.js:162150:10)\n    at Async.drainQueues (http://localhost:36103/__cypress/runner/cypress_runner.js:162024:14)",
                "diff": null
              },
              "uuid": "1f3997c5-5321-4e90-acf9-a2a594745bca",
              "parentUUID": "8ed6af2f-6c32-4689-8ac9-6f3f054d411f",
              "isHook": false,
              "skipped": false
            },
            {
              "title": "Verifica se o botão contém o texto 'VQV'",
              "fullTitle": "10 - Faça o quadro de pixels ter seu tamanho definido pelo usuário. Verifica se o botão contém o texto 'VQV'",
              "timedOut": null,
              "duration": 4670,
              "state": "failed",
              "speed": null,
              "pass": false,
              "fail": true,
              "pending": false,
              "context": null,
              "code": "cy.get('#generate-board').contains(/vqv/i);",
              "err": {
                "message": "CypressError: Timed out retrying: Expected to find element: '#generate-board', but never found it.",
                "estack": "CypressError: Timed out retrying: Expected to find element: '#generate-board', but never found it.\n    at cypressErr (http://localhost:36103/__cypress/runner/cypress_runner.js:149934:9)\n    at throwErr (http://localhost:36103/__cypress/runner/cypress_runner.js:149867:11)\n    at Object.throwErrByPath (http://localhost:36103/__cypress/runner/cypress_runner.js:149915:3)\n    at retry (http://localhost:36103/__cypress/runner/cypress_runner.js:144197:19)\n    at onFailFn (http://localhost:36103/__cypress/runner/cypress_runner.js:132448:16)\n    at tryCatcher (http://localhost:36103/__cypress/runner/cypress_runner.js:167415:23)\n    at Promise._settlePromiseFromHandler (http://localhost:36103/__cypress/runner/cypress_runner.js:165351:31)\n    at Promise._settlePromise (http://localhost:36103/__cypress/runner/cypress_runner.js:165408:18)\n    at Promise._settlePromise0 (http://localhost:36103/__cypress/runner/cypress_runner.js:165453:10)\n    at Promise._settlePromises (http://localhost:36103/__cypress/runner/cypress_runner.js:165528:18)\n    at Async../node_modules/bluebird/js/release/async.js.Async._drainQueue (http://localhost:36103/__cypress/runner/cypress_runner.js:162140:16)\n    at Async../node_modules/bluebird/js/release/async.js.Async._drainQueues (http://localhost:36103/__cypress/runner/cypress_runner.js:162150:10)\n    at Async.drainQueues (http://localhost:36103/__cypress/runner/cypress_runner.js:162024:14)",
                "diff": null
              },
              "uuid": "6b018c8c-d03f-4e58-8c03-e53704c69d28",
              "parentUUID": "8ed6af2f-6c32-4689-8ac9-6f3f054d411f",
              "isHook": false,
              "skipped": false
            },
            {
              "title": "Verifica se o input está posicionado entre a paleta de cores e o quadro de pixels",
              "fullTitle": "10 - Faça o quadro de pixels ter seu tamanho definido pelo usuário. Verifica se o input está posicionado entre a paleta de cores e o quadro de pixels",
              "timedOut": null,
              "duration": 4791,
              "state": "failed",
              "speed": null,
              "pass": false,
              "fail": true,
              "pending": false,
              "context": null,
              "code": "cy.get('#color-palette').then(function (palette) {\n  cy.get('#board-size').should('be.belowOf', palette);\n});\ncy.get('#board-size').then(function (palette) {\n  cy.get('#pixel-board').should('be.belowOf', palette);\n});",
              "err": {
                "message": "CypressError: Timed out retrying: Expected to find element: '#board-size', but never found it.",
                "estack": "CypressError: Timed out retrying: Expected to find element: '#board-size', but never found it.\n    at cypressErr (http://localhost:36103/__cypress/runner/cypress_runner.js:149934:9)\n    at throwErr (http://localhost:36103/__cypress/runner/cypress_runner.js:149867:11)\n    at Object.throwErrByPath (http://localhost:36103/__cypress/runner/cypress_runner.js:149915:3)\n    at retry (http://localhost:36103/__cypress/runner/cypress_runner.js:144197:19)\n    at onFailFn (http://localhost:36103/__cypress/runner/cypress_runner.js:132448:16)\n    at tryCatcher (http://localhost:36103/__cypress/runner/cypress_runner.js:167415:23)\n    at Promise._settlePromiseFromHandler (http://localhost:36103/__cypress/runner/cypress_runner.js:165351:31)\n    at Promise._settlePromise (http://localhost:36103/__cypress/runner/cypress_runner.js:165408:18)\n    at Promise._settlePromise0 (http://localhost:36103/__cypress/runner/cypress_runner.js:165453:10)\n    at Promise._settlePromises (http://localhost:36103/__cypress/runner/cypress_runner.js:165528:18)\n    at Async../node_modules/bluebird/js/release/async.js.Async._drainQueue (http://localhost:36103/__cypress/runner/cypress_runner.js:162140:16)\n    at Async../node_modules/bluebird/js/release/async.js.Async._drainQueues (http://localhost:36103/__cypress/runner/cypress_runner.js:162150:10)\n    at Async.drainQueues (http://localhost:36103/__cypress/runner/cypress_runner.js:162024:14)",
                "diff": null
              },
              "uuid": "9e07a144-02b8-4596-8081-d20acc19f3dd",
              "parentUUID": "8ed6af2f-6c32-4689-8ac9-6f3f054d411f",
              "isHook": false,
              "skipped": false
            },
            {
              "title": "Verifica se o botão está posicionado ao lado do input",
              "fullTitle": "10 - Faça o quadro de pixels ter seu tamanho definido pelo usuário. Verifica se o botão está posicionado ao lado do input",
              "timedOut": null,
              "duration": 4845,
              "state": "failed",
              "speed": null,
              "pass": false,
              "fail": true,
              "pending": false,
              "context": null,
              "code": "cy.get('#board-size').then(function (board) {\n  cy.get('#generate-board').should('be.onTheRightOf', board);\n});",
              "err": {
                "message": "CypressError: Timed out retrying: Expected to find element: '#board-size', but never found it.",
                "estack": "CypressError: Timed out retrying: Expected to find element: '#board-size', but never found it.\n    at cypressErr (http://localhost:36103/__cypress/runner/cypress_runner.js:149934:9)\n    at throwErr (http://localhost:36103/__cypress/runner/cypress_runner.js:149867:11)\n    at Object.throwErrByPath (http://localhost:36103/__cypress/runner/cypress_runner.js:149915:3)\n    at retry (http://localhost:36103/__cypress/runner/cypress_runner.js:144197:19)\n    at onFailFn (http://localhost:36103/__cypress/runner/cypress_runner.js:132448:16)\n    at tryCatcher (http://localhost:36103/__cypress/runner/cypress_runner.js:167415:23)\n    at Promise._settlePromiseFromHandler (http://localhost:36103/__cypress/runner/cypress_runner.js:165351:31)\n    at Promise._settlePromise (http://localhost:36103/__cypress/runner/cypress_runner.js:165408:18)\n    at Promise._settlePromise0 (http://localhost:36103/__cypress/runner/cypress_runner.js:165453:10)\n    at Promise._settlePromises (http://localhost:36103/__cypress/runner/cypress_runner.js:165528:18)\n    at Async../node_modules/bluebird/js/release/async.js.Async._drainQueue (http://localhost:36103/__cypress/runner/cypress_runner.js:162140:16)\n    at Async../node_modules/bluebird/js/release/async.js.Async._drainQueues (http://localhost:36103/__cypress/runner/cypress_runner.js:162150:10)\n    at Async.drainQueues (http://localhost:36103/__cypress/runner/cypress_runner.js:162024:14)",
                "diff": null
              },
              "uuid": "d74337f3-bb42-4bf7-8d35-076796c21ec9",
              "parentUUID": "8ed6af2f-6c32-4689-8ac9-6f3f054d411f",
              "isHook": false,
              "skipped": false
            },
            {
              "title": "Verifica se nenhum valor for colocado no input ao clicar no botão, um `alert` é exibido com o texto: 'Board inválido!'",
              "fullTitle": "10 - Faça o quadro de pixels ter seu tamanho definido pelo usuário. Verifica se nenhum valor for colocado no input ao clicar no botão, um `alert` é exibido com o texto: 'Board inválido!'",
              "timedOut": null,
              "duration": 4755,
              "state": "failed",
              "speed": null,
              "pass": false,
              "fail": true,
              "pending": false,
              "context": null,
              "code": "var alerted = false;\ncy.on('window:alert', function (msg) {\n  return alerted = msg;\n});\ncy.get('#generate-board').click().then(function () {\n  return expect(alerted).to.match(/Board inválido!/i);\n});",
              "err": {
                "message": "CypressError: Timed out retrying: Expected to find element: '#generate-board', but never found it.",
                "estack": "CypressError: Timed out retrying: Expected to find element: '#generate-board', but never found it.\n    at cypressErr (http://localhost:36103/__cypress/runner/cypress_runner.js:149934:9)\n    at throwErr (http://localhost:36103/__cypress/runner/cypress_runner.js:149867:11)\n    at Object.throwErrByPath (http://localhost:36103/__cypress/runner/cypress_runner.js:149915:3)\n    at retry (http://localhost:36103/__cypress/runner/cypress_runner.js:144197:19)\n    at onFailFn (http://localhost:36103/__cypress/runner/cypress_runner.js:132448:16)\n    at tryCatcher (http://localhost:36103/__cypress/runner/cypress_runner.js:167415:23)\n    at Promise._settlePromiseFromHandler (http://localhost:36103/__cypress/runner/cypress_runner.js:165351:31)\n    at Promise._settlePromise (http://localhost:36103/__cypress/runner/cypress_runner.js:165408:18)\n    at Promise._settlePromise0 (http://localhost:36103/__cypress/runner/cypress_runner.js:165453:10)\n    at Promise._settlePromises (http://localhost:36103/__cypress/runner/cypress_runner.js:165528:18)\n    at Async../node_modules/bluebird/js/release/async.js.Async._drainQueue (http://localhost:36103/__cypress/runner/cypress_runner.js:162140:16)\n    at Async../node_modules/bluebird/js/release/async.js.Async._drainQueues (http://localhost:36103/__cypress/runner/cypress_runner.js:162150:10)\n    at Async.drainQueues (http://localhost:36103/__cypress/runner/cypress_runner.js:162024:14)",
                "diff": null
              },
              "uuid": "4567b9cc-046d-4dcc-acfa-4777bd84a9cd",
              "parentUUID": "8ed6af2f-6c32-4689-8ac9-6f3f054d411f",
              "isHook": false,
              "skipped": false
            },
            {
              "title": "Verifica se ao clicar no botão com um valor preenchido, o tamanho do board muda.",
              "fullTitle": "10 - Faça o quadro de pixels ter seu tamanho definido pelo usuário. Verifica se ao clicar no botão com um valor preenchido, o tamanho do board muda.",
              "timedOut": null,
              "duration": 4779,
              "state": "failed",
              "speed": null,
              "pass": false,
              "fail": true,
              "pending": false,
              "context": null,
              "code": "cy.get('#board-size').clear().type(10);\ncy.get('#generate-board').click();\ncy.get('.pixel').should('have.length', 100);",
              "err": {
                "message": "CypressError: Timed out retrying: Expected to find element: '#board-size', but never found it.",
                "estack": "CypressError: Timed out retrying: Expected to find element: '#board-size', but never found it.\n    at cypressErr (http://localhost:36103/__cypress/runner/cypress_runner.js:149934:9)\n    at throwErr (http://localhost:36103/__cypress/runner/cypress_runner.js:149867:11)\n    at Object.throwErrByPath (http://localhost:36103/__cypress/runner/cypress_runner.js:149915:3)\n    at retry (http://localhost:36103/__cypress/runner/cypress_runner.js:144197:19)\n    at onFailFn (http://localhost:36103/__cypress/runner/cypress_runner.js:132448:16)\n    at tryCatcher (http://localhost:36103/__cypress/runner/cypress_runner.js:167415:23)\n    at Promise._settlePromiseFromHandler (http://localhost:36103/__cypress/runner/cypress_runner.js:165351:31)\n    at Promise._settlePromise (http://localhost:36103/__cypress/runner/cypress_runner.js:165408:18)\n    at Promise._settlePromise0 (http://localhost:36103/__cypress/runner/cypress_runner.js:165453:10)\n    at Promise._settlePromises (http://localhost:36103/__cypress/runner/cypress_runner.js:165528:18)\n    at Async../node_modules/bluebird/js/release/async.js.Async._drainQueue (http://localhost:36103/__cypress/runner/cypress_runner.js:162140:16)\n    at Async../node_modules/bluebird/js/release/async.js.Async._drainQueues (http://localhost:36103/__cypress/runner/cypress_runner.js:162150:10)\n    at Async.drainQueues (http://localhost:36103/__cypress/runner/cypress_runner.js:162024:14)",
                "diff": null
              },
              "uuid": "3cd714c1-56dc-4045-9e4a-28a1034d2e0f",
              "parentUUID": "8ed6af2f-6c32-4689-8ac9-6f3f054d411f",
              "isHook": false,
              "skipped": false
            },
            {
              "title": "Verifica se o novo quadro tem todos os pixels preenchidos com a cor branca",
              "fullTitle": "10 - Faça o quadro de pixels ter seu tamanho definido pelo usuário. Verifica se o novo quadro tem todos os pixels preenchidos com a cor branca",
              "timedOut": null,
              "duration": 4753,
              "state": "failed",
              "speed": null,
              "pass": false,
              "fail": true,
              "pending": false,
              "context": null,
              "code": "cy.get('#board-size').clear().type(6);\ncy.get('#generate-board').click();\ncy.get('.pixel').should('have.length', 36).each(function (pixel) {\n  expect(pixel).to.have.css('background-color', WHITE);\n});",
              "err": {
                "message": "CypressError: Timed out retrying: Expected to find element: '#board-size', but never found it.",
                "estack": "CypressError: Timed out retrying: Expected to find element: '#board-size', but never found it.\n    at cypressErr (http://localhost:36103/__cypress/runner/cypress_runner.js:149934:9)\n    at throwErr (http://localhost:36103/__cypress/runner/cypress_runner.js:149867:11)\n    at Object.throwErrByPath (http://localhost:36103/__cypress/runner/cypress_runner.js:149915:3)\n    at retry (http://localhost:36103/__cypress/runner/cypress_runner.js:144197:19)\n    at onFailFn (http://localhost:36103/__cypress/runner/cypress_runner.js:132448:16)\n    at tryCatcher (http://localhost:36103/__cypress/runner/cypress_runner.js:167415:23)\n    at Promise._settlePromiseFromHandler (http://localhost:36103/__cypress/runner/cypress_runner.js:165351:31)\n    at Promise._settlePromise (http://localhost:36103/__cypress/runner/cypress_runner.js:165408:18)\n    at Promise._settlePromise0 (http://localhost:36103/__cypress/runner/cypress_runner.js:165453:10)\n    at Promise._settlePromises (http://localhost:36103/__cypress/runner/cypress_runner.js:165528:18)\n    at Async../node_modules/bluebird/js/release/async.js.Async._drainQueue (http://localhost:36103/__cypress/runner/cypress_runner.js:162140:16)\n    at Async../node_modules/bluebird/js/release/async.js.Async._drainQueues (http://localhost:36103/__cypress/runner/cypress_runner.js:162150:10)\n    at Async.drainQueues (http://localhost:36103/__cypress/runner/cypress_runner.js:162024:14)",
                "diff": null
              },
              "uuid": "44f78987-7034-4410-ac32-f5ffe343e87f",
              "parentUUID": "8ed6af2f-6c32-4689-8ac9-6f3f054d411f",
              "isHook": false,
              "skipped": false
            }
          ],
          "suites": [],
          "passes": [],
          "failures": [
            "74dfc87c-953a-45a8-9666-35921213e9da",
            "05d91e86-ed94-4d4e-9c88-30ac324b6e28",
            "1f3997c5-5321-4e90-acf9-a2a594745bca",
            "6b018c8c-d03f-4e58-8c03-e53704c69d28",
            "9e07a144-02b8-4596-8081-d20acc19f3dd",
            "d74337f3-bb42-4bf7-8d35-076796c21ec9",
            "4567b9cc-046d-4dcc-acfa-4777bd84a9cd",
            "3cd714c1-56dc-4045-9e4a-28a1034d2e0f",
            "44f78987-7034-4410-ac32-f5ffe343e87f"
          ],
          "pending": [],
          "skipped": [],
          "duration": 43109,
          "root": false,
          "rootEmpty": false,
          "_timeout": 2000
        },
        {
          "uuid": "5e747393-cc2b-445f-b9f5-a5609241feae",
          "title": "11 - Limite o tamanho mínimo e máximo do board.",
          "fullFile": "",
          "file": "",
          "beforeHooks": [],
          "afterHooks": [],
          "tests": [
            {
              "title": "Verifica se a altura máxima do board é 50",
              "fullTitle": "11 - Limite o tamanho mínimo e máximo do board. Verifica se a altura máxima do board é 50",
              "timedOut": null,
              "duration": 4855,
              "state": "failed",
              "speed": null,
              "pass": false,
              "fail": true,
              "pending": false,
              "context": null,
              "code": "cy.get('#board-size').clear().type(50);\ncy.get('#generate-board').click();\ncy.get('.pixel').should('have.length', 2500);",
              "err": {
                "message": "CypressError: Timed out retrying: Expected to find element: '#board-size', but never found it.",
                "estack": "CypressError: Timed out retrying: Expected to find element: '#board-size', but never found it.\n    at cypressErr (http://localhost:36103/__cypress/runner/cypress_runner.js:149934:9)\n    at throwErr (http://localhost:36103/__cypress/runner/cypress_runner.js:149867:11)\n    at Object.throwErrByPath (http://localhost:36103/__cypress/runner/cypress_runner.js:149915:3)\n    at retry (http://localhost:36103/__cypress/runner/cypress_runner.js:144197:19)\n    at onFailFn (http://localhost:36103/__cypress/runner/cypress_runner.js:132448:16)\n    at tryCatcher (http://localhost:36103/__cypress/runner/cypress_runner.js:167415:23)\n    at Promise._settlePromiseFromHandler (http://localhost:36103/__cypress/runner/cypress_runner.js:165351:31)\n    at Promise._settlePromise (http://localhost:36103/__cypress/runner/cypress_runner.js:165408:18)\n    at Promise._settlePromise0 (http://localhost:36103/__cypress/runner/cypress_runner.js:165453:10)\n    at Promise._settlePromises (http://localhost:36103/__cypress/runner/cypress_runner.js:165528:18)\n    at Async../node_modules/bluebird/js/release/async.js.Async._drainQueue (http://localhost:36103/__cypress/runner/cypress_runner.js:162140:16)\n    at Async../node_modules/bluebird/js/release/async.js.Async._drainQueues (http://localhost:36103/__cypress/runner/cypress_runner.js:162150:10)\n    at Async.drainQueues (http://localhost:36103/__cypress/runner/cypress_runner.js:162024:14)",
                "diff": null
              },
              "uuid": "a478b976-a4cc-4a40-9acd-65bd491929e6",
              "parentUUID": "5e747393-cc2b-445f-b9f5-a5609241feae",
              "isHook": false,
              "skipped": false
            },
            {
              "title": "Verifica se a altura do board é 5 quando um valor menor é colocado no input",
              "fullTitle": "11 - Limite o tamanho mínimo e máximo do board. Verifica se a altura do board é 5 quando um valor menor é colocado no input",
              "timedOut": null,
              "duration": 4956,
              "state": "failed",
              "speed": null,
              "pass": false,
              "fail": true,
              "pending": false,
              "context": null,
              "code": "cy.get('#board-size').clear().type(4);\ncy.get('#generate-board').click();\ncy.get('.pixel').should('have.length', 25);",
              "err": {
                "message": "CypressError: Timed out retrying: Expected to find element: '#board-size', but never found it.",
                "estack": "CypressError: Timed out retrying: Expected to find element: '#board-size', but never found it.\n    at cypressErr (http://localhost:36103/__cypress/runner/cypress_runner.js:149934:9)\n    at throwErr (http://localhost:36103/__cypress/runner/cypress_runner.js:149867:11)\n    at Object.throwErrByPath (http://localhost:36103/__cypress/runner/cypress_runner.js:149915:3)\n    at retry (http://localhost:36103/__cypress/runner/cypress_runner.js:144197:19)\n    at onFailFn (http://localhost:36103/__cypress/runner/cypress_runner.js:132448:16)\n    at tryCatcher (http://localhost:36103/__cypress/runner/cypress_runner.js:167415:23)\n    at Promise._settlePromiseFromHandler (http://localhost:36103/__cypress/runner/cypress_runner.js:165351:31)\n    at Promise._settlePromise (http://localhost:36103/__cypress/runner/cypress_runner.js:165408:18)\n    at Promise._settlePromise0 (http://localhost:36103/__cypress/runner/cypress_runner.js:165453:10)\n    at Promise._settlePromises (http://localhost:36103/__cypress/runner/cypress_runner.js:165528:18)\n    at Async../node_modules/bluebird/js/release/async.js.Async._drainQueue (http://localhost:36103/__cypress/runner/cypress_runner.js:162140:16)\n    at Async../node_modules/bluebird/js/release/async.js.Async._drainQueues (http://localhost:36103/__cypress/runner/cypress_runner.js:162150:10)\n    at Async.drainQueues (http://localhost:36103/__cypress/runner/cypress_runner.js:162024:14)",
                "diff": null
              },
              "uuid": "83b8780c-eb42-409b-9ba2-536d5fc2b4f3",
              "parentUUID": "5e747393-cc2b-445f-b9f5-a5609241feae",
              "isHook": false,
              "skipped": false
            },
            {
              "title": "Verifica se a altura do board é 50 quando um valor maior é colocado no input",
              "fullTitle": "11 - Limite o tamanho mínimo e máximo do board. Verifica se a altura do board é 50 quando um valor maior é colocado no input",
              "timedOut": null,
              "duration": 4700,
              "state": "failed",
              "speed": null,
              "pass": false,
              "fail": true,
              "pending": false,
              "context": null,
              "code": "cy.get('#board-size').clear().type(51);\ncy.get('#generate-board').click();\ncy.get('.pixel').should('have.length', 2500);",
              "err": {
                "message": "CypressError: Timed out retrying: Expected to find element: '#board-size', but never found it.",
                "estack": "CypressError: Timed out retrying: Expected to find element: '#board-size', but never found it.\n    at cypressErr (http://localhost:36103/__cypress/runner/cypress_runner.js:149934:9)\n    at throwErr (http://localhost:36103/__cypress/runner/cypress_runner.js:149867:11)\n    at Object.throwErrByPath (http://localhost:36103/__cypress/runner/cypress_runner.js:149915:3)\n    at retry (http://localhost:36103/__cypress/runner/cypress_runner.js:144197:19)\n    at onFailFn (http://localhost:36103/__cypress/runner/cypress_runner.js:132448:16)\n    at tryCatcher (http://localhost:36103/__cypress/runner/cypress_runner.js:167415:23)\n    at Promise._settlePromiseFromHandler (http://localhost:36103/__cypress/runner/cypress_runner.js:165351:31)\n    at Promise._settlePromise (http://localhost:36103/__cypress/runner/cypress_runner.js:165408:18)\n    at Promise._settlePromise0 (http://localhost:36103/__cypress/runner/cypress_runner.js:165453:10)\n    at Promise._settlePromises (http://localhost:36103/__cypress/runner/cypress_runner.js:165528:18)\n    at Async../node_modules/bluebird/js/release/async.js.Async._drainQueue (http://localhost:36103/__cypress/runner/cypress_runner.js:162140:16)\n    at Async../node_modules/bluebird/js/release/async.js.Async._drainQueues (http://localhost:36103/__cypress/runner/cypress_runner.js:162150:10)\n    at Async.drainQueues (http://localhost:36103/__cypress/runner/cypress_runner.js:162024:14)",
                "diff": null
              },
              "uuid": "2141713b-3102-46cc-9953-63a2cb6c0ed3",
              "parentUUID": "5e747393-cc2b-445f-b9f5-a5609241feae",
              "isHook": false,
              "skipped": false
            }
          ],
          "suites": [],
          "passes": [],
          "failures": [
            "a478b976-a4cc-4a40-9acd-65bd491929e6",
            "83b8780c-eb42-409b-9ba2-536d5fc2b4f3",
            "2141713b-3102-46cc-9953-63a2cb6c0ed3"
          ],
          "pending": [],
          "skipped": [],
          "duration": 14511,
          "root": false,
          "rootEmpty": false,
          "_timeout": 2000
        },
        {
          "uuid": "4431f09b-5c74-4e09-9a24-a3f96ceeaca6",
          "title": "12 - Faça com que as cores da paleta sejam geradas aleatoriamente ao carregar a página.",
          "fullFile": "",
          "file": "",
          "beforeHooks": [],
          "afterHooks": [],
          "tests": [
            {
              "title": "Verifica se as cores geradas na paleta são diferentes a cada carregamento da página",
              "fullTitle": "12 - Faça com que as cores da paleta sejam geradas aleatoriamente ao carregar a página. Verifica se as cores geradas na paleta são diferentes a cada carregamento da página",
              "timedOut": null,
              "duration": 1092,
              "state": "failed",
              "speed": null,
              "pass": false,
              "fail": true,
              "pending": false,
              "context": null,
              "code": "cy.get('.color').then(function (colors) {\n  var currentColors;\n  var previousColors;\n  previousColors = Array.from(colors).map(function (color) {\n    return Cypress.$(color).css('background-color');\n  });\n  for (var i = 0; i < 5; i += 1) {\n    cy.reload();\n    cy.get('.color').then(function (colors) {\n      currentColors = Array.from(colors).map(function (color) {\n        return Cypress.$(color).css('background-color');\n      });\n      expect(currentColors).not.to.deep.equal(previousColors);\n      previousColors = currentColors;\n    });\n  }\n});",
              "err": {
                "message": "AssertionError: expected [ Array(4) ] to not deeply equal [ Array(4) ]",
                "estack": "AssertionError: expected [ Array(4) ] to not deeply equal [ Array(4) ]\n    at getRet (http://localhost:36103/__cypress/runner/cypress_runner.js:136585:16)\n    at tryCatcher (http://localhost:36103/__cypress/runner/cypress_runner.js:167415:23)\n    at Function.Promise.attempt.Promise.try (http://localhost:36103/__cypress/runner/cypress_runner.js:164690:29)\n    at Context.thenFn (http://localhost:36103/__cypress/runner/cypress_runner.js:136599:23)\n    at Context.then (http://localhost:36103/__cypress/runner/cypress_runner.js:136971:21)\n    at Context.<anonymous> (http://localhost:36103/__cypress/runner/cypress_runner.js:148875:21)\n    at http://localhost:36103/__cypress/runner/cypress_runner.js:148351:33\n    at tryCatcher (http://localhost:36103/__cypress/runner/cypress_runner.js:167415:23)\n    at Promise._settlePromiseFromHandler (http://localhost:36103/__cypress/runner/cypress_runner.js:165351:31)\n    at Promise._settlePromise (http://localhost:36103/__cypress/runner/cypress_runner.js:165408:18)\n    at Promise._settlePromiseCtx (http://localhost:36103/__cypress/runner/cypress_runner.js:165445:10)\n    at Async../node_modules/bluebird/js/release/async.js.Async._drainQueue (http://localhost:36103/__cypress/runner/cypress_runner.js:162145:12)\n    at Async../node_modules/bluebird/js/release/async.js.Async._drainQueues (http://localhost:36103/__cypress/runner/cypress_runner.js:162150:10)\n    at Async.drainQueues (http://localhost:36103/__cypress/runner/cypress_runner.js:162024:14)",
                "diff": ""
              },
              "uuid": "7bdd39a5-b83a-4ee6-97bb-45b3924f9184",
              "parentUUID": "4431f09b-5c74-4e09-9a24-a3f96ceeaca6",
              "isHook": false,
              "skipped": false
            },
            {
              "title": "Verifica se a cor preta ainda está presente e é a primeira na sua paleta de cores",
              "fullTitle": "12 - Faça com que as cores da paleta sejam geradas aleatoriamente ao carregar a página. Verifica se a cor preta ainda está presente e é a primeira na sua paleta de cores",
              "timedOut": null,
              "duration": 917,
              "state": "failed",
              "speed": null,
              "pass": false,
              "fail": true,
              "pending": false,
              "context": null,
              "code": "cy.get('.color').then(function (colors) {\n  var currentColors;\n  var previousColors;\n  previousColors = Array.from(colors).map(function (color) {\n    return Cypress.$(color).css('background-color');\n  });\n  expect(previousColors[0]).to.eq(BLACK);\n  for (var i = 0; i < 5; i += 1) {\n    cy.reload();\n    cy.get('.color').then(function (colors) {\n      currentColors = Array.from(colors).map(function (color) {\n        return Cypress.$(color).css('background-color');\n      });\n      expect(currentColors[0]).to.eq(BLACK);\n      expect(currentColors).not.to.deep.equal(previousColors);\n      previousColors = currentColors;\n    });\n  }\n});",
              "err": {
                "message": "AssertionError: expected [ Array(4) ] to not deeply equal [ Array(4) ]",
                "estack": "AssertionError: expected [ Array(4) ] to not deeply equal [ Array(4) ]\n    at getRet (http://localhost:36103/__cypress/runner/cypress_runner.js:136585:16)\n    at tryCatcher (http://localhost:36103/__cypress/runner/cypress_runner.js:167415:23)\n    at Function.Promise.attempt.Promise.try (http://localhost:36103/__cypress/runner/cypress_runner.js:164690:29)\n    at Context.thenFn (http://localhost:36103/__cypress/runner/cypress_runner.js:136599:23)\n    at Context.then (http://localhost:36103/__cypress/runner/cypress_runner.js:136971:21)\n    at Context.<anonymous> (http://localhost:36103/__cypress/runner/cypress_runner.js:148875:21)\n    at http://localhost:36103/__cypress/runner/cypress_runner.js:148351:33\n    at tryCatcher (http://localhost:36103/__cypress/runner/cypress_runner.js:167415:23)\n    at Promise._settlePromiseFromHandler (http://localhost:36103/__cypress/runner/cypress_runner.js:165351:31)\n    at Promise._settlePromise (http://localhost:36103/__cypress/runner/cypress_runner.js:165408:18)\n    at Promise._settlePromiseCtx (http://localhost:36103/__cypress/runner/cypress_runner.js:165445:10)\n    at Async../node_modules/bluebird/js/release/async.js.Async._drainQueue (http://localhost:36103/__cypress/runner/cypress_runner.js:162145:12)\n    at Async../node_modules/bluebird/js/release/async.js.Async._drainQueues (http://localhost:36103/__cypress/runner/cypress_runner.js:162150:10)\n    at Async.drainQueues (http://localhost:36103/__cypress/runner/cypress_runner.js:162024:14)",
                "diff": ""
              },
              "uuid": "210c217a-7dbb-4bca-ad4f-064c91ddbcc4",
              "parentUUID": "4431f09b-5c74-4e09-9a24-a3f96ceeaca6",
              "isHook": false,
              "skipped": false
            }
          ],
          "suites": [],
          "passes": [],
          "failures": [
            "7bdd39a5-b83a-4ee6-97bb-45b3924f9184",
            "210c217a-7dbb-4bca-ad4f-064c91ddbcc4"
          ],
          "pending": [],
          "skipped": [],
          "duration": 2009,
          "root": false,
          "rootEmpty": false,
          "_timeout": 2000
        }
      ],
      "passes": [],
      "failures": [],
      "pending": [],
      "skipped": [],
      "duration": 0,
      "root": true,
      "rootEmpty": true,
      "_timeout": 2000
    }
  ],
  "meta": {
    "mocha": {
      "version": "7.0.1"
    },
    "mochawesome": {
      "options": {
        "quiet": false,
        "reportFilename": "mochawesome",
        "saveHtml": false,
        "saveJson": true,
        "consoleReporter": "spec",
        "useInlineDiffs": false
      },
      "version": "4.1.0"
    },
    "marge": {
      "options": {
        "id": "default",
        "reportDir": "cypress/reports",
        "overwrite": true,
        "html": false,
        "json": true
      },
      "version": "4.1.0"
    }
  }
}