{
  "stats": {
    "suites": 12,
    "tests": 41,
    "passes": 1,
    "pending": 0,
    "failures": 40,
    "start": "2021-08-13T19:20:34.053Z",
    "end": "2021-08-13T19:23:57.005Z",
    "duration": 202952,
    "testsRegistered": 41,
    "passPercent": 2.4390243902439024,
    "pendingPercent": 0,
    "other": 0,
    "hasOther": false,
    "skipped": 0,
    "hasSkipped": false
  },
  "results": [
    {
      "uuid": "70ae98d6-93f4-44e6-b537-1fb455edac5d",
      "title": "",
      "fullFile": "cypress/integration/project.spec.js",
      "file": "cypress/integration/project.spec.js",
      "beforeHooks": [],
      "afterHooks": [],
      "tests": [],
      "suites": [
        {
          "uuid": "d9155e2b-0fc0-45bb-b827-9a9880d6a203",
          "title": "1 - Adicione à página o título \"Paleta de Cores\".",
          "fullFile": "",
          "file": "",
          "beforeHooks": [],
          "afterHooks": [],
          "tests": [
            {
              "title": "Verifica se contém um elemento `h1` com o id `title` com o título correto",
              "fullTitle": "1 - Adicione à página o título \"Paleta de Cores\". Verifica se contém um elemento `h1` com o id `title` com o título correto",
              "timedOut": null,
              "duration": 622,
              "state": "passed",
              "speed": "slow",
              "pass": true,
              "fail": false,
              "pending": false,
              "context": null,
              "code": "cy.get('h1#title').should('contain.text', 'Paleta de Cores');",
              "err": {},
              "uuid": "17ce8989-a04a-49f1-9081-507483fbb39e",
              "parentUUID": "d9155e2b-0fc0-45bb-b827-9a9880d6a203",
              "isHook": false,
              "skipped": false
            }
          ],
          "suites": [],
          "passes": [
            "17ce8989-a04a-49f1-9081-507483fbb39e"
          ],
          "failures": [],
          "pending": [],
          "skipped": [],
          "duration": 622,
          "root": false,
          "rootEmpty": false,
          "_timeout": 2000
        },
        {
          "uuid": "180f33af-23ca-4053-86ae-547e557102be",
          "title": "2 - Adicione à página uma paleta de quatro cores distintas.",
          "fullFile": "",
          "file": "",
          "beforeHooks": [],
          "afterHooks": [],
          "tests": [
            {
              "title": "A paleta de cores deve ser um elemento com `id` denominado `color-palette`",
              "fullTitle": "2 - Adicione à página uma paleta de quatro cores distintas. A paleta de cores deve ser um elemento com `id` denominado `color-palette`",
              "timedOut": null,
              "duration": 5134,
              "state": "failed",
              "speed": null,
              "pass": false,
              "fail": true,
              "pending": false,
              "context": null,
              "code": "cy.get('#color-palette').should('be.visible');",
              "err": {
                "message": "CypressError: Timed out retrying: Expected to find element: '#color-palette', but never found it.",
                "estack": "CypressError: Timed out retrying: Expected to find element: '#color-palette', but never found it.\n    at cypressErr (http://localhost:42165/__cypress/runner/cypress_runner.js:149934:9)\n    at throwErr (http://localhost:42165/__cypress/runner/cypress_runner.js:149867:11)\n    at Object.throwErrByPath (http://localhost:42165/__cypress/runner/cypress_runner.js:149915:3)\n    at retry (http://localhost:42165/__cypress/runner/cypress_runner.js:144197:19)\n    at onFailFn (http://localhost:42165/__cypress/runner/cypress_runner.js:132448:16)\n    at tryCatcher (http://localhost:42165/__cypress/runner/cypress_runner.js:167415:23)\n    at Promise._settlePromiseFromHandler (http://localhost:42165/__cypress/runner/cypress_runner.js:165351:31)\n    at Promise._settlePromise (http://localhost:42165/__cypress/runner/cypress_runner.js:165408:18)\n    at Promise._settlePromise0 (http://localhost:42165/__cypress/runner/cypress_runner.js:165453:10)\n    at Promise._settlePromises (http://localhost:42165/__cypress/runner/cypress_runner.js:165528:18)\n    at Async../node_modules/bluebird/js/release/async.js.Async._drainQueue (http://localhost:42165/__cypress/runner/cypress_runner.js:162140:16)\n    at Async../node_modules/bluebird/js/release/async.js.Async._drainQueues (http://localhost:42165/__cypress/runner/cypress_runner.js:162150:10)\n    at Async.drainQueues (http://localhost:42165/__cypress/runner/cypress_runner.js:162024:14)",
                "diff": null
              },
              "uuid": "9c987a80-ac67-485d-b14f-51f2ac13a5f4",
              "parentUUID": "180f33af-23ca-4053-86ae-547e557102be",
              "isHook": false,
              "skipped": false
            },
            {
              "title": "Verifica se cada cor individual da paleta de cores possui a `classe` chamada `color`.",
              "fullTitle": "2 - Adicione à página uma paleta de quatro cores distintas. Verifica se cada cor individual da paleta de cores possui a `classe` chamada `color`.",
              "timedOut": null,
              "duration": 4791,
              "state": "failed",
              "speed": null,
              "pass": false,
              "fail": true,
              "pending": false,
              "context": null,
              "code": "cy.get('.color').should('have.length', 4).then(function (colors) {\n  for (var i = 0; i < colors.length; i++) {\n    cy.wrap(colors[i]).should('be.visible');\n  }\n});",
              "err": {
                "message": "CypressError: Timed out retrying: Expected to find element: '.color', but never found it.",
                "estack": "CypressError: Timed out retrying: Expected to find element: '.color', but never found it.\n    at cypressErr (http://localhost:42165/__cypress/runner/cypress_runner.js:149934:9)\n    at throwErr (http://localhost:42165/__cypress/runner/cypress_runner.js:149867:11)\n    at Object.throwErrByPath (http://localhost:42165/__cypress/runner/cypress_runner.js:149915:3)\n    at retry (http://localhost:42165/__cypress/runner/cypress_runner.js:144197:19)\n    at onFailFn (http://localhost:42165/__cypress/runner/cypress_runner.js:132448:16)\n    at tryCatcher (http://localhost:42165/__cypress/runner/cypress_runner.js:167415:23)\n    at Promise._settlePromiseFromHandler (http://localhost:42165/__cypress/runner/cypress_runner.js:165351:31)\n    at Promise._settlePromise (http://localhost:42165/__cypress/runner/cypress_runner.js:165408:18)\n    at Promise._settlePromise0 (http://localhost:42165/__cypress/runner/cypress_runner.js:165453:10)\n    at Promise._settlePromises (http://localhost:42165/__cypress/runner/cypress_runner.js:165528:18)\n    at Async../node_modules/bluebird/js/release/async.js.Async._drainQueue (http://localhost:42165/__cypress/runner/cypress_runner.js:162140:16)\n    at Async../node_modules/bluebird/js/release/async.js.Async._drainQueues (http://localhost:42165/__cypress/runner/cypress_runner.js:162150:10)\n    at Async.drainQueues (http://localhost:42165/__cypress/runner/cypress_runner.js:162024:14)",
                "diff": null
              },
              "uuid": "37f2a22f-27b8-4774-b00b-5b078eabc431",
              "parentUUID": "180f33af-23ca-4053-86ae-547e557102be",
              "isHook": false,
              "skipped": false
            },
            {
              "title": "Verifica se a cor de fundo de cada elemento da paleta é a cor que o elemento representa. **A única cor não permitida na paleta é a cor branca.**",
              "fullTitle": "2 - Adicione à página uma paleta de quatro cores distintas. Verifica se a cor de fundo de cada elemento da paleta é a cor que o elemento representa. **A única cor não permitida na paleta é a cor branca.**",
              "timedOut": null,
              "duration": 4828,
              "state": "failed",
              "speed": null,
              "pass": false,
              "fail": true,
              "pending": false,
              "context": null,
              "code": "cy.get('.color').each(function (color) {\n  cy.wrap(color).should('have.class', 'color').and('not.have.css', 'background-color', WHITE);\n  cy.wrap(color).should('have.css', 'background-color');\n});",
              "err": {
                "message": "CypressError: Timed out retrying: Expected to find element: '.color', but never found it.",
                "estack": "CypressError: Timed out retrying: Expected to find element: '.color', but never found it.\n    at cypressErr (http://localhost:42165/__cypress/runner/cypress_runner.js:149934:9)\n    at throwErr (http://localhost:42165/__cypress/runner/cypress_runner.js:149867:11)\n    at Object.throwErrByPath (http://localhost:42165/__cypress/runner/cypress_runner.js:149915:3)\n    at retry (http://localhost:42165/__cypress/runner/cypress_runner.js:144197:19)\n    at onFailFn (http://localhost:42165/__cypress/runner/cypress_runner.js:132448:16)\n    at tryCatcher (http://localhost:42165/__cypress/runner/cypress_runner.js:167415:23)\n    at Promise._settlePromiseFromHandler (http://localhost:42165/__cypress/runner/cypress_runner.js:165351:31)\n    at Promise._settlePromise (http://localhost:42165/__cypress/runner/cypress_runner.js:165408:18)\n    at Promise._settlePromise0 (http://localhost:42165/__cypress/runner/cypress_runner.js:165453:10)\n    at Promise._settlePromises (http://localhost:42165/__cypress/runner/cypress_runner.js:165528:18)\n    at Async../node_modules/bluebird/js/release/async.js.Async._drainQueue (http://localhost:42165/__cypress/runner/cypress_runner.js:162140:16)\n    at Async../node_modules/bluebird/js/release/async.js.Async._drainQueues (http://localhost:42165/__cypress/runner/cypress_runner.js:162150:10)\n    at Async.drainQueues (http://localhost:42165/__cypress/runner/cypress_runner.js:162024:14)",
                "diff": null
              },
              "uuid": "5c5dd87a-78ec-4cbe-9092-8a5dabc24ccb",
              "parentUUID": "180f33af-23ca-4053-86ae-547e557102be",
              "isHook": false,
              "skipped": false
            },
            {
              "title": "Verifica se cada elemento da paleta de cores tem uma borda preta, sólida e com 1 pixel de largura;",
              "fullTitle": "2 - Adicione à página uma paleta de quatro cores distintas. Verifica se cada elemento da paleta de cores tem uma borda preta, sólida e com 1 pixel de largura;",
              "timedOut": null,
              "duration": 4770,
              "state": "failed",
              "speed": null,
              "pass": false,
              "fail": true,
              "pending": false,
              "context": null,
              "code": "cy.get('.color').each(function (color) {\n  cy.wrap(color).and('have.css', 'border', \"1px solid \".concat(BLACK)).and('have.class', 'color');\n});",
              "err": {
                "message": "CypressError: Timed out retrying: Expected to find element: '.color', but never found it.",
                "estack": "CypressError: Timed out retrying: Expected to find element: '.color', but never found it.\n    at cypressErr (http://localhost:42165/__cypress/runner/cypress_runner.js:149934:9)\n    at throwErr (http://localhost:42165/__cypress/runner/cypress_runner.js:149867:11)\n    at Object.throwErrByPath (http://localhost:42165/__cypress/runner/cypress_runner.js:149915:3)\n    at retry (http://localhost:42165/__cypress/runner/cypress_runner.js:144197:19)\n    at onFailFn (http://localhost:42165/__cypress/runner/cypress_runner.js:132448:16)\n    at tryCatcher (http://localhost:42165/__cypress/runner/cypress_runner.js:167415:23)\n    at Promise._settlePromiseFromHandler (http://localhost:42165/__cypress/runner/cypress_runner.js:165351:31)\n    at Promise._settlePromise (http://localhost:42165/__cypress/runner/cypress_runner.js:165408:18)\n    at Promise._settlePromise0 (http://localhost:42165/__cypress/runner/cypress_runner.js:165453:10)\n    at Promise._settlePromises (http://localhost:42165/__cypress/runner/cypress_runner.js:165528:18)\n    at Async../node_modules/bluebird/js/release/async.js.Async._drainQueue (http://localhost:42165/__cypress/runner/cypress_runner.js:162140:16)\n    at Async../node_modules/bluebird/js/release/async.js.Async._drainQueues (http://localhost:42165/__cypress/runner/cypress_runner.js:162150:10)\n    at Async.drainQueues (http://localhost:42165/__cypress/runner/cypress_runner.js:162024:14)",
                "diff": null
              },
              "uuid": "34c6b47b-11eb-424a-a082-bdc2e1f06dcc",
              "parentUUID": "180f33af-23ca-4053-86ae-547e557102be",
              "isHook": false,
              "skipped": false
            },
            {
              "title": "Verifica se a paleta lista todas as cores disponíveis para utilização, lado a lado.",
              "fullTitle": "2 - Adicione à página uma paleta de quatro cores distintas. Verifica se a paleta lista todas as cores disponíveis para utilização, lado a lado.",
              "timedOut": null,
              "duration": 5012,
              "state": "failed",
              "speed": null,
              "pass": false,
              "fail": true,
              "pending": false,
              "context": null,
              "code": "cy.get('.color').then(function (colors) {\n  for (var index = 1; index < colors.length; index += 1) {\n    var currentColor = colors[index];\n    var previousColor = colors[index - 1];\n    cy.wrap(currentColor).should('be.onTheRightOf', previousColor).and('be.horizontallyAlignedWith', previousColor);\n  }\n});",
              "err": {
                "message": "CypressError: Timed out retrying: Expected to find element: '.color', but never found it.",
                "estack": "CypressError: Timed out retrying: Expected to find element: '.color', but never found it.\n    at cypressErr (http://localhost:42165/__cypress/runner/cypress_runner.js:149934:9)\n    at throwErr (http://localhost:42165/__cypress/runner/cypress_runner.js:149867:11)\n    at Object.throwErrByPath (http://localhost:42165/__cypress/runner/cypress_runner.js:149915:3)\n    at retry (http://localhost:42165/__cypress/runner/cypress_runner.js:144197:19)\n    at onFailFn (http://localhost:42165/__cypress/runner/cypress_runner.js:132448:16)\n    at tryCatcher (http://localhost:42165/__cypress/runner/cypress_runner.js:167415:23)\n    at Promise._settlePromiseFromHandler (http://localhost:42165/__cypress/runner/cypress_runner.js:165351:31)\n    at Promise._settlePromise (http://localhost:42165/__cypress/runner/cypress_runner.js:165408:18)\n    at Promise._settlePromise0 (http://localhost:42165/__cypress/runner/cypress_runner.js:165453:10)\n    at Promise._settlePromises (http://localhost:42165/__cypress/runner/cypress_runner.js:165528:18)\n    at Async../node_modules/bluebird/js/release/async.js.Async._drainQueue (http://localhost:42165/__cypress/runner/cypress_runner.js:162140:16)\n    at Async../node_modules/bluebird/js/release/async.js.Async._drainQueues (http://localhost:42165/__cypress/runner/cypress_runner.js:162150:10)\n    at Async.drainQueues (http://localhost:42165/__cypress/runner/cypress_runner.js:162024:14)",
                "diff": null
              },
              "uuid": "50787fb3-3b23-4f6f-8193-386c9f508458",
              "parentUUID": "180f33af-23ca-4053-86ae-547e557102be",
              "isHook": false,
              "skipped": false
            },
            {
              "title": "Verifica se a paleta de cores está posicionada abaixo do título 'Paleta de Cores'",
              "fullTitle": "2 - Adicione à página uma paleta de quatro cores distintas. Verifica se a paleta de cores está posicionada abaixo do título 'Paleta de Cores'",
              "timedOut": null,
              "duration": 4840,
              "state": "failed",
              "speed": null,
              "pass": false,
              "fail": true,
              "pending": false,
              "context": null,
              "code": "cy.get('h1#title').then(function (title) {\n  cy.get('#color-palette').should('be.belowOf', title);\n});",
              "err": {
                "message": "CypressError: Timed out retrying: Expected to find element: '#color-palette', but never found it.",
                "estack": "CypressError: Timed out retrying: Expected to find element: '#color-palette', but never found it.\n    at cypressErr (http://localhost:42165/__cypress/runner/cypress_runner.js:149934:9)\n    at throwErr (http://localhost:42165/__cypress/runner/cypress_runner.js:149867:11)\n    at Object.throwErrByPath (http://localhost:42165/__cypress/runner/cypress_runner.js:149915:3)\n    at retry (http://localhost:42165/__cypress/runner/cypress_runner.js:144197:19)\n    at onFailFn (http://localhost:42165/__cypress/runner/cypress_runner.js:132448:16)\n    at tryCatcher (http://localhost:42165/__cypress/runner/cypress_runner.js:167415:23)\n    at Promise._settlePromiseFromHandler (http://localhost:42165/__cypress/runner/cypress_runner.js:165351:31)\n    at Promise._settlePromise (http://localhost:42165/__cypress/runner/cypress_runner.js:165408:18)\n    at Promise._settlePromise0 (http://localhost:42165/__cypress/runner/cypress_runner.js:165453:10)\n    at Promise._settlePromises (http://localhost:42165/__cypress/runner/cypress_runner.js:165528:18)\n    at Async../node_modules/bluebird/js/release/async.js.Async._drainQueue (http://localhost:42165/__cypress/runner/cypress_runner.js:162140:16)\n    at Async../node_modules/bluebird/js/release/async.js.Async._drainQueues (http://localhost:42165/__cypress/runner/cypress_runner.js:162150:10)\n    at Async.drainQueues (http://localhost:42165/__cypress/runner/cypress_runner.js:162024:14)",
                "diff": null
              },
              "uuid": "01fa6bdb-b0f7-43ec-a009-8401bfe7ac17",
              "parentUUID": "180f33af-23ca-4053-86ae-547e557102be",
              "isHook": false,
              "skipped": false
            },
            {
              "title": "Verifica se a paleta de cores não contém cores repetidas.",
              "fullTitle": "2 - Adicione à página uma paleta de quatro cores distintas. Verifica se a paleta de cores não contém cores repetidas.",
              "timedOut": null,
              "duration": 4809,
              "state": "failed",
              "speed": null,
              "pass": false,
              "fail": true,
              "pending": false,
              "context": null,
              "code": "cy.get('.color').then(function (colors) {\n  var allColors = Array.from(colors).map(function (color) {\n    return Cypress.$(color).css('background-color');\n  });\n  cy.log(allColors);\n  var uniqColors = (0, _toConsumableArray2[\"default\"])(new Set(allColors));\n  cy.log(uniqColors);\n  expect(allColors.length).to.eq(uniqColors.length);\n});",
              "err": {
                "message": "CypressError: Timed out retrying: Expected to find element: '.color', but never found it.",
                "estack": "CypressError: Timed out retrying: Expected to find element: '.color', but never found it.\n    at cypressErr (http://localhost:42165/__cypress/runner/cypress_runner.js:149934:9)\n    at throwErr (http://localhost:42165/__cypress/runner/cypress_runner.js:149867:11)\n    at Object.throwErrByPath (http://localhost:42165/__cypress/runner/cypress_runner.js:149915:3)\n    at retry (http://localhost:42165/__cypress/runner/cypress_runner.js:144197:19)\n    at onFailFn (http://localhost:42165/__cypress/runner/cypress_runner.js:132448:16)\n    at tryCatcher (http://localhost:42165/__cypress/runner/cypress_runner.js:167415:23)\n    at Promise._settlePromiseFromHandler (http://localhost:42165/__cypress/runner/cypress_runner.js:165351:31)\n    at Promise._settlePromise (http://localhost:42165/__cypress/runner/cypress_runner.js:165408:18)\n    at Promise._settlePromise0 (http://localhost:42165/__cypress/runner/cypress_runner.js:165453:10)\n    at Promise._settlePromises (http://localhost:42165/__cypress/runner/cypress_runner.js:165528:18)\n    at Async../node_modules/bluebird/js/release/async.js.Async._drainQueue (http://localhost:42165/__cypress/runner/cypress_runner.js:162140:16)\n    at Async../node_modules/bluebird/js/release/async.js.Async._drainQueues (http://localhost:42165/__cypress/runner/cypress_runner.js:162150:10)\n    at Async.drainQueues (http://localhost:42165/__cypress/runner/cypress_runner.js:162024:14)",
                "diff": null
              },
              "uuid": "92d80851-3ed3-4dee-a0b7-3f9344fc212b",
              "parentUUID": "180f33af-23ca-4053-86ae-547e557102be",
              "isHook": false,
              "skipped": false
            }
          ],
          "suites": [],
          "passes": [],
          "failures": [
            "9c987a80-ac67-485d-b14f-51f2ac13a5f4",
            "37f2a22f-27b8-4774-b00b-5b078eabc431",
            "5c5dd87a-78ec-4cbe-9092-8a5dabc24ccb",
            "34c6b47b-11eb-424a-a082-bdc2e1f06dcc",
            "50787fb3-3b23-4f6f-8193-386c9f508458",
            "01fa6bdb-b0f7-43ec-a009-8401bfe7ac17",
            "92d80851-3ed3-4dee-a0b7-3f9344fc212b"
          ],
          "pending": [],
          "skipped": [],
          "duration": 34184,
          "root": false,
          "rootEmpty": false,
          "_timeout": 2000
        },
        {
          "uuid": "eb36e330-a740-41da-a8c8-196f823e9370",
          "title": "3 - Adicione a cor **preta** como a primeira cor da paleta de cores.",
          "fullFile": "",
          "file": "",
          "beforeHooks": [],
          "afterHooks": [],
          "tests": [
            {
              "title": "Verifica se a primeira cor da paleta é preta",
              "fullTitle": "3 - Adicione a cor **preta** como a primeira cor da paleta de cores. Verifica se a primeira cor da paleta é preta",
              "timedOut": null,
              "duration": 4950,
              "state": "failed",
              "speed": null,
              "pass": false,
              "fail": true,
              "pending": false,
              "context": null,
              "code": "cy.get('.color').first().should('have.css', 'background-color', BLACK);",
              "err": {
                "message": "CypressError: Timed out retrying: Expected to find element: '.color', but never found it.",
                "estack": "CypressError: Timed out retrying: Expected to find element: '.color', but never found it.\n    at cypressErr (http://localhost:42165/__cypress/runner/cypress_runner.js:149934:9)\n    at throwErr (http://localhost:42165/__cypress/runner/cypress_runner.js:149867:11)\n    at Object.throwErrByPath (http://localhost:42165/__cypress/runner/cypress_runner.js:149915:3)\n    at retry (http://localhost:42165/__cypress/runner/cypress_runner.js:144197:19)\n    at onFailFn (http://localhost:42165/__cypress/runner/cypress_runner.js:132448:16)\n    at tryCatcher (http://localhost:42165/__cypress/runner/cypress_runner.js:167415:23)\n    at Promise._settlePromiseFromHandler (http://localhost:42165/__cypress/runner/cypress_runner.js:165351:31)\n    at Promise._settlePromise (http://localhost:42165/__cypress/runner/cypress_runner.js:165408:18)\n    at Promise._settlePromise0 (http://localhost:42165/__cypress/runner/cypress_runner.js:165453:10)\n    at Promise._settlePromises (http://localhost:42165/__cypress/runner/cypress_runner.js:165528:18)\n    at Async../node_modules/bluebird/js/release/async.js.Async._drainQueue (http://localhost:42165/__cypress/runner/cypress_runner.js:162140:16)\n    at Async../node_modules/bluebird/js/release/async.js.Async._drainQueues (http://localhost:42165/__cypress/runner/cypress_runner.js:162150:10)\n    at Async.drainQueues (http://localhost:42165/__cypress/runner/cypress_runner.js:162024:14)",
                "diff": null
              },
              "uuid": "0167ece6-ff57-455a-b3b1-ae3928a721e6",
              "parentUUID": "eb36e330-a740-41da-a8c8-196f823e9370",
              "isHook": false,
              "skipped": false
            },
            {
              "title": "Verifica se as demais cores podem ser escolhidas livremente.",
              "fullTitle": "3 - Adicione a cor **preta** como a primeira cor da paleta de cores. Verifica se as demais cores podem ser escolhidas livremente.",
              "timedOut": null,
              "duration": 4801,
              "state": "failed",
              "speed": null,
              "pass": false,
              "fail": true,
              "pending": false,
              "context": null,
              "code": "cy.get('.color').eq(1).should('not.have.css', 'background-color', BLACK);\ncy.get('.color').eq(1).should('not.have.css', 'background-color', WHITE);\ncy.get('.color').eq(1).should('not.have.css', 'background-color', 'rgba(0, 0, 0, 0)');\ncy.get('.color').eq(1).should('have.css', 'background-color');\ncy.get('.color').eq(2).should('not.have.css', 'background-color', BLACK);\ncy.get('.color').eq(2).should('not.have.css', 'background-color', WHITE);\ncy.get('.color').eq(2).should('not.have.css', 'background-color', 'rgba(0, 0, 0, 0)');\ncy.get('.color').eq(2).should('have.css', 'background-color');\ncy.get('.color').eq(3).should('not.have.css', 'background-color', BLACK);\ncy.get('.color').eq(3).should('not.have.css', 'background-color', WHITE);\ncy.get('.color').eq(3).should('not.have.css', 'background-color', 'rgba(0, 0, 0, 0)');\ncy.get('.color').eq(3).should('have.css', 'background-color');",
              "err": {
                "message": "CypressError: Timed out retrying: Expected to find element: '.color', but never found it.",
                "estack": "CypressError: Timed out retrying: Expected to find element: '.color', but never found it.\n    at cypressErr (http://localhost:42165/__cypress/runner/cypress_runner.js:149934:9)\n    at throwErr (http://localhost:42165/__cypress/runner/cypress_runner.js:149867:11)\n    at Object.throwErrByPath (http://localhost:42165/__cypress/runner/cypress_runner.js:149915:3)\n    at retry (http://localhost:42165/__cypress/runner/cypress_runner.js:144197:19)\n    at onFailFn (http://localhost:42165/__cypress/runner/cypress_runner.js:132448:16)\n    at tryCatcher (http://localhost:42165/__cypress/runner/cypress_runner.js:167415:23)\n    at Promise._settlePromiseFromHandler (http://localhost:42165/__cypress/runner/cypress_runner.js:165351:31)\n    at Promise._settlePromise (http://localhost:42165/__cypress/runner/cypress_runner.js:165408:18)\n    at Promise._settlePromise0 (http://localhost:42165/__cypress/runner/cypress_runner.js:165453:10)\n    at Promise._settlePromises (http://localhost:42165/__cypress/runner/cypress_runner.js:165528:18)\n    at Async../node_modules/bluebird/js/release/async.js.Async._drainQueue (http://localhost:42165/__cypress/runner/cypress_runner.js:162140:16)\n    at Async../node_modules/bluebird/js/release/async.js.Async._drainQueues (http://localhost:42165/__cypress/runner/cypress_runner.js:162150:10)\n    at Async.drainQueues (http://localhost:42165/__cypress/runner/cypress_runner.js:162024:14)",
                "diff": null
              },
              "uuid": "9d61bd95-b867-47e0-990a-3c26cf954739",
              "parentUUID": "eb36e330-a740-41da-a8c8-196f823e9370",
              "isHook": false,
              "skipped": false
            }
          ],
          "suites": [],
          "passes": [],
          "failures": [
            "0167ece6-ff57-455a-b3b1-ae3928a721e6",
            "9d61bd95-b867-47e0-990a-3c26cf954739"
          ],
          "pending": [],
          "skipped": [],
          "duration": 9751,
          "root": false,
          "rootEmpty": false,
          "_timeout": 2000
        },
        {
          "uuid": "9c50f703-4e61-48ba-bbec-9d5ed8aa1fc9",
          "title": "4 - Adicione à página um quadro de pixels, com 25 pixels.",
          "fullFile": "",
          "file": "",
          "beforeHooks": [],
          "afterHooks": [],
          "tests": [
            {
              "title": "Verifica se o quadro de pixels possui o `id` denominado `pixel-board`",
              "fullTitle": "4 - Adicione à página um quadro de pixels, com 25 pixels. Verifica se o quadro de pixels possui o `id` denominado `pixel-board`",
              "timedOut": null,
              "duration": 5016,
              "state": "failed",
              "speed": null,
              "pass": false,
              "fail": true,
              "pending": false,
              "context": null,
              "code": "cy.get('#pixel-board').should('be.visible');",
              "err": {
                "message": "CypressError: Timed out retrying: Expected to find element: '#pixel-board', but never found it.",
                "estack": "CypressError: Timed out retrying: Expected to find element: '#pixel-board', but never found it.\n    at cypressErr (http://localhost:42165/__cypress/runner/cypress_runner.js:149934:9)\n    at throwErr (http://localhost:42165/__cypress/runner/cypress_runner.js:149867:11)\n    at Object.throwErrByPath (http://localhost:42165/__cypress/runner/cypress_runner.js:149915:3)\n    at retry (http://localhost:42165/__cypress/runner/cypress_runner.js:144197:19)\n    at onFailFn (http://localhost:42165/__cypress/runner/cypress_runner.js:132448:16)\n    at tryCatcher (http://localhost:42165/__cypress/runner/cypress_runner.js:167415:23)\n    at Promise._settlePromiseFromHandler (http://localhost:42165/__cypress/runner/cypress_runner.js:165351:31)\n    at Promise._settlePromise (http://localhost:42165/__cypress/runner/cypress_runner.js:165408:18)\n    at Promise._settlePromise0 (http://localhost:42165/__cypress/runner/cypress_runner.js:165453:10)\n    at Promise._settlePromises (http://localhost:42165/__cypress/runner/cypress_runner.js:165528:18)\n    at Async../node_modules/bluebird/js/release/async.js.Async._drainQueue (http://localhost:42165/__cypress/runner/cypress_runner.js:162140:16)\n    at Async../node_modules/bluebird/js/release/async.js.Async._drainQueues (http://localhost:42165/__cypress/runner/cypress_runner.js:162150:10)\n    at Async.drainQueues (http://localhost:42165/__cypress/runner/cypress_runner.js:162024:14)",
                "diff": null
              },
              "uuid": "851ef44e-e3a0-4974-943c-fd6fd47098b6",
              "parentUUID": "9c50f703-4e61-48ba-bbec-9d5ed8aa1fc9",
              "isHook": false,
              "skipped": false
            },
            {
              "title": "Verifica se cada pixel individual dentro do quadro possui a `classe` denominada `pixel`.",
              "fullTitle": "4 - Adicione à página um quadro de pixels, com 25 pixels. Verifica se cada pixel individual dentro do quadro possui a `classe` denominada `pixel`.",
              "timedOut": null,
              "duration": 4864,
              "state": "failed",
              "speed": null,
              "pass": false,
              "fail": true,
              "pending": false,
              "context": null,
              "code": "cy.get('.pixel').should('have.length', 25);",
              "err": {
                "message": "CypressError: Timed out retrying: Expected to find element: '.pixel', but never found it.",
                "estack": "CypressError: Timed out retrying: Expected to find element: '.pixel', but never found it.\n    at cypressErr (http://localhost:42165/__cypress/runner/cypress_runner.js:149934:9)\n    at throwErr (http://localhost:42165/__cypress/runner/cypress_runner.js:149867:11)\n    at Object.throwErrByPath (http://localhost:42165/__cypress/runner/cypress_runner.js:149915:3)\n    at retry (http://localhost:42165/__cypress/runner/cypress_runner.js:144197:19)\n    at onFailFn (http://localhost:42165/__cypress/runner/cypress_runner.js:132448:16)\n    at tryCatcher (http://localhost:42165/__cypress/runner/cypress_runner.js:167415:23)\n    at Promise._settlePromiseFromHandler (http://localhost:42165/__cypress/runner/cypress_runner.js:165351:31)\n    at Promise._settlePromise (http://localhost:42165/__cypress/runner/cypress_runner.js:165408:18)\n    at Promise._settlePromise0 (http://localhost:42165/__cypress/runner/cypress_runner.js:165453:10)\n    at Promise._settlePromises (http://localhost:42165/__cypress/runner/cypress_runner.js:165528:18)\n    at Async../node_modules/bluebird/js/release/async.js.Async._drainQueue (http://localhost:42165/__cypress/runner/cypress_runner.js:162140:16)\n    at Async../node_modules/bluebird/js/release/async.js.Async._drainQueues (http://localhost:42165/__cypress/runner/cypress_runner.js:162150:10)\n    at Async.drainQueues (http://localhost:42165/__cypress/runner/cypress_runner.js:162024:14)",
                "diff": null
              },
              "uuid": "3b16e71d-ee2d-438b-bfd2-ee27804043b6",
              "parentUUID": "9c50f703-4e61-48ba-bbec-9d5ed8aa1fc9",
              "isHook": false,
              "skipped": false
            },
            {
              "title": "Verifica se a cor inicial dos pixels dentro do quadro, ao abrir a página, é branca.",
              "fullTitle": "4 - Adicione à página um quadro de pixels, com 25 pixels. Verifica se a cor inicial dos pixels dentro do quadro, ao abrir a página, é branca.",
              "timedOut": null,
              "duration": 4878,
              "state": "failed",
              "speed": null,
              "pass": false,
              "fail": true,
              "pending": false,
              "context": null,
              "code": "cy.get('.pixel').should('have.length', 25).each(function (pixel) {\n  expect(pixel).to.have.css('background-color', WHITE);\n});",
              "err": {
                "message": "CypressError: Timed out retrying: Expected to find element: '.pixel', but never found it.",
                "estack": "CypressError: Timed out retrying: Expected to find element: '.pixel', but never found it.\n    at cypressErr (http://localhost:42165/__cypress/runner/cypress_runner.js:149934:9)\n    at throwErr (http://localhost:42165/__cypress/runner/cypress_runner.js:149867:11)\n    at Object.throwErrByPath (http://localhost:42165/__cypress/runner/cypress_runner.js:149915:3)\n    at retry (http://localhost:42165/__cypress/runner/cypress_runner.js:144197:19)\n    at onFailFn (http://localhost:42165/__cypress/runner/cypress_runner.js:132448:16)\n    at tryCatcher (http://localhost:42165/__cypress/runner/cypress_runner.js:167415:23)\n    at Promise._settlePromiseFromHandler (http://localhost:42165/__cypress/runner/cypress_runner.js:165351:31)\n    at Promise._settlePromise (http://localhost:42165/__cypress/runner/cypress_runner.js:165408:18)\n    at Promise._settlePromise0 (http://localhost:42165/__cypress/runner/cypress_runner.js:165453:10)\n    at Promise._settlePromises (http://localhost:42165/__cypress/runner/cypress_runner.js:165528:18)\n    at Async../node_modules/bluebird/js/release/async.js.Async._drainQueue (http://localhost:42165/__cypress/runner/cypress_runner.js:162140:16)\n    at Async../node_modules/bluebird/js/release/async.js.Async._drainQueues (http://localhost:42165/__cypress/runner/cypress_runner.js:162150:10)\n    at Async.drainQueues (http://localhost:42165/__cypress/runner/cypress_runner.js:162024:14)",
                "diff": null
              },
              "uuid": "4ca846f2-5ae2-4fca-996a-35ad7cd3d91c",
              "parentUUID": "9c50f703-4e61-48ba-bbec-9d5ed8aa1fc9",
              "isHook": false,
              "skipped": false
            },
            {
              "title": "Verifica se o quadro de pixels aparece abaixo da paleta de cores",
              "fullTitle": "4 - Adicione à página um quadro de pixels, com 25 pixels. Verifica se o quadro de pixels aparece abaixo da paleta de cores",
              "timedOut": null,
              "duration": 4838,
              "state": "failed",
              "speed": null,
              "pass": false,
              "fail": true,
              "pending": false,
              "context": null,
              "code": "cy.get('#color-palette').then(function (palette) {\n  cy.get('#pixel-board').should('be.belowOf', palette);\n});",
              "err": {
                "message": "CypressError: Timed out retrying: Expected to find element: '#color-palette', but never found it.",
                "estack": "CypressError: Timed out retrying: Expected to find element: '#color-palette', but never found it.\n    at cypressErr (http://localhost:42165/__cypress/runner/cypress_runner.js:149934:9)\n    at throwErr (http://localhost:42165/__cypress/runner/cypress_runner.js:149867:11)\n    at Object.throwErrByPath (http://localhost:42165/__cypress/runner/cypress_runner.js:149915:3)\n    at retry (http://localhost:42165/__cypress/runner/cypress_runner.js:144197:19)\n    at onFailFn (http://localhost:42165/__cypress/runner/cypress_runner.js:132448:16)\n    at tryCatcher (http://localhost:42165/__cypress/runner/cypress_runner.js:167415:23)\n    at Promise._settlePromiseFromHandler (http://localhost:42165/__cypress/runner/cypress_runner.js:165351:31)\n    at Promise._settlePromise (http://localhost:42165/__cypress/runner/cypress_runner.js:165408:18)\n    at Promise._settlePromise0 (http://localhost:42165/__cypress/runner/cypress_runner.js:165453:10)\n    at Promise._settlePromises (http://localhost:42165/__cypress/runner/cypress_runner.js:165528:18)\n    at Async../node_modules/bluebird/js/release/async.js.Async._drainQueue (http://localhost:42165/__cypress/runner/cypress_runner.js:162140:16)\n    at Async../node_modules/bluebird/js/release/async.js.Async._drainQueues (http://localhost:42165/__cypress/runner/cypress_runner.js:162150:10)\n    at Async.drainQueues (http://localhost:42165/__cypress/runner/cypress_runner.js:162024:14)",
                "diff": null
              },
              "uuid": "b5a1b51b-9f6d-4df3-b61f-cd412b4debaa",
              "parentUUID": "9c50f703-4e61-48ba-bbec-9d5ed8aa1fc9",
              "isHook": false,
              "skipped": false
            }
          ],
          "suites": [],
          "passes": [],
          "failures": [
            "851ef44e-e3a0-4974-943c-fd6fd47098b6",
            "3b16e71d-ee2d-438b-bfd2-ee27804043b6",
            "4ca846f2-5ae2-4fca-996a-35ad7cd3d91c",
            "b5a1b51b-9f6d-4df3-b61f-cd412b4debaa"
          ],
          "pending": [],
          "skipped": [],
          "duration": 19596,
          "root": false,
          "rootEmpty": false,
          "_timeout": 2000
        },
        {
          "uuid": "1b9a8af1-7eba-461f-8fbe-e1d4427882fd",
          "title": "5 - Faça com que cada elemento do quadro de pixels possua 40 pixels de largura, 40 pixels de altura e seja delimitado por uma borda preta de 1 pixel.",
          "fullFile": "",
          "file": "",
          "beforeHooks": [],
          "afterHooks": [],
          "tests": [
            {
              "title": "Verifica se o quadro de pixels tem altura e comprimento de 5 elementos",
              "fullTitle": "5 - Faça com que cada elemento do quadro de pixels possua 40 pixels de largura, 40 pixels de altura e seja delimitado por uma borda preta de 1 pixel. Verifica se o quadro de pixels tem altura e comprimento de 5 elementos",
              "timedOut": null,
              "duration": 4946,
              "state": "failed",
              "speed": null,
              "pass": false,
              "fail": true,
              "pending": false,
              "context": null,
              "code": "cy.get('.pixel').should('have.length', 25).each(function (pixel) {\n  expect(pixel).to.have.css('background-color', WHITE);\n}).and(function (pixels) {\n  var rows = chunk(pixels, 5);\n  rows.forEach(function (row) {\n    for (var index = 1; index < row.length; index += 1) {\n      var current = pixels[index];\n      var previous = pixels[index - 1];\n      cy.wrap(current).should('be.onTheRightOf', previous).and('be.horizontallyAlignedWith', previous);\n    }\n  });\n  for (var index = 1; index < 5; index += 1) {\n    expect(pixels[index * 5]).to.be.belowOf(pixels[(index - 1) * 5]);\n  }\n});",
              "err": {
                "message": "CypressError: Timed out retrying: Expected to find element: '.pixel', but never found it.",
                "estack": "CypressError: Timed out retrying: Expected to find element: '.pixel', but never found it.\n    at cypressErr (http://localhost:42165/__cypress/runner/cypress_runner.js:149934:9)\n    at throwErr (http://localhost:42165/__cypress/runner/cypress_runner.js:149867:11)\n    at Object.throwErrByPath (http://localhost:42165/__cypress/runner/cypress_runner.js:149915:3)\n    at retry (http://localhost:42165/__cypress/runner/cypress_runner.js:144197:19)\n    at onFailFn (http://localhost:42165/__cypress/runner/cypress_runner.js:132448:16)\n    at tryCatcher (http://localhost:42165/__cypress/runner/cypress_runner.js:167415:23)\n    at Promise._settlePromiseFromHandler (http://localhost:42165/__cypress/runner/cypress_runner.js:165351:31)\n    at Promise._settlePromise (http://localhost:42165/__cypress/runner/cypress_runner.js:165408:18)\n    at Promise._settlePromise0 (http://localhost:42165/__cypress/runner/cypress_runner.js:165453:10)\n    at Promise._settlePromises (http://localhost:42165/__cypress/runner/cypress_runner.js:165528:18)\n    at Async../node_modules/bluebird/js/release/async.js.Async._drainQueue (http://localhost:42165/__cypress/runner/cypress_runner.js:162140:16)\n    at Async../node_modules/bluebird/js/release/async.js.Async._drainQueues (http://localhost:42165/__cypress/runner/cypress_runner.js:162150:10)\n    at Async.drainQueues (http://localhost:42165/__cypress/runner/cypress_runner.js:162024:14)",
                "diff": null
              },
              "uuid": "39d73ac1-82e8-458c-b760-5c2e64f3ee23",
              "parentUUID": "1b9a8af1-7eba-461f-8fbe-e1d4427882fd",
              "isHook": false,
              "skipped": false
            },
            {
              "title": "Verifica se 40 pixels é o tamanho total do elemento, incluindo seu conteúdo e excluindo a borda preta, que deve ser criada à parte.",
              "fullTitle": "5 - Faça com que cada elemento do quadro de pixels possua 40 pixels de largura, 40 pixels de altura e seja delimitado por uma borda preta de 1 pixel. Verifica se 40 pixels é o tamanho total do elemento, incluindo seu conteúdo e excluindo a borda preta, que deve ser criada à parte.",
              "timedOut": null,
              "duration": 4907,
              "state": "failed",
              "speed": null,
              "pass": false,
              "fail": true,
              "pending": false,
              "context": null,
              "code": "cy.get('.pixel').each(function (pixel) {\n  cy.wrap(pixel).should('have.css', 'height', '40px').and('have.css', 'width', '40px').and('have.css', 'border', \"1px solid \".concat(BLACK));\n});",
              "err": {
                "message": "CypressError: Timed out retrying: Expected to find element: '.pixel', but never found it.",
                "estack": "CypressError: Timed out retrying: Expected to find element: '.pixel', but never found it.\n    at cypressErr (http://localhost:42165/__cypress/runner/cypress_runner.js:149934:9)\n    at throwErr (http://localhost:42165/__cypress/runner/cypress_runner.js:149867:11)\n    at Object.throwErrByPath (http://localhost:42165/__cypress/runner/cypress_runner.js:149915:3)\n    at retry (http://localhost:42165/__cypress/runner/cypress_runner.js:144197:19)\n    at onFailFn (http://localhost:42165/__cypress/runner/cypress_runner.js:132448:16)\n    at tryCatcher (http://localhost:42165/__cypress/runner/cypress_runner.js:167415:23)\n    at Promise._settlePromiseFromHandler (http://localhost:42165/__cypress/runner/cypress_runner.js:165351:31)\n    at Promise._settlePromise (http://localhost:42165/__cypress/runner/cypress_runner.js:165408:18)\n    at Promise._settlePromise0 (http://localhost:42165/__cypress/runner/cypress_runner.js:165453:10)\n    at Promise._settlePromises (http://localhost:42165/__cypress/runner/cypress_runner.js:165528:18)\n    at Async../node_modules/bluebird/js/release/async.js.Async._drainQueue (http://localhost:42165/__cypress/runner/cypress_runner.js:162140:16)\n    at Async../node_modules/bluebird/js/release/async.js.Async._drainQueues (http://localhost:42165/__cypress/runner/cypress_runner.js:162150:10)\n    at Async.drainQueues (http://localhost:42165/__cypress/runner/cypress_runner.js:162024:14)",
                "diff": null
              },
              "uuid": "f8ca53a2-e46a-4373-a025-6e44cdc544fd",
              "parentUUID": "1b9a8af1-7eba-461f-8fbe-e1d4427882fd",
              "isHook": false,
              "skipped": false
            }
          ],
          "suites": [],
          "passes": [],
          "failures": [
            "39d73ac1-82e8-458c-b760-5c2e64f3ee23",
            "f8ca53a2-e46a-4373-a025-6e44cdc544fd"
          ],
          "pending": [],
          "skipped": [],
          "duration": 9853,
          "root": false,
          "rootEmpty": false,
          "_timeout": 2000
        },
        {
          "uuid": "ac067d01-e41b-46bb-834f-6a7d185475eb",
          "title": "6 - Defina a cor preta como cor inicial. Ao carregar a página a cor preta já deve estar selecionada para pintar os pixels",
          "fullFile": "",
          "file": "",
          "beforeHooks": [],
          "afterHooks": [],
          "tests": [
            {
              "title": "Verifica se o elemento da cor preta possui, inicialmente, a `classe` `selected`",
              "fullTitle": "6 - Defina a cor preta como cor inicial. Ao carregar a página a cor preta já deve estar selecionada para pintar os pixels Verifica se o elemento da cor preta possui, inicialmente, a `classe` `selected`",
              "timedOut": null,
              "duration": 4918,
              "state": "failed",
              "speed": null,
              "pass": false,
              "fail": true,
              "pending": false,
              "context": null,
              "code": "cy.get('.selected').first().should('have.css', 'background-color', BLACK);",
              "err": {
                "message": "CypressError: Timed out retrying: Expected to find element: '.selected', but never found it.",
                "estack": "CypressError: Timed out retrying: Expected to find element: '.selected', but never found it.\n    at cypressErr (http://localhost:42165/__cypress/runner/cypress_runner.js:149934:9)\n    at throwErr (http://localhost:42165/__cypress/runner/cypress_runner.js:149867:11)\n    at Object.throwErrByPath (http://localhost:42165/__cypress/runner/cypress_runner.js:149915:3)\n    at retry (http://localhost:42165/__cypress/runner/cypress_runner.js:144197:19)\n    at onFailFn (http://localhost:42165/__cypress/runner/cypress_runner.js:132448:16)\n    at tryCatcher (http://localhost:42165/__cypress/runner/cypress_runner.js:167415:23)\n    at Promise._settlePromiseFromHandler (http://localhost:42165/__cypress/runner/cypress_runner.js:165351:31)\n    at Promise._settlePromise (http://localhost:42165/__cypress/runner/cypress_runner.js:165408:18)\n    at Promise._settlePromise0 (http://localhost:42165/__cypress/runner/cypress_runner.js:165453:10)\n    at Promise._settlePromises (http://localhost:42165/__cypress/runner/cypress_runner.js:165528:18)\n    at Async../node_modules/bluebird/js/release/async.js.Async._drainQueue (http://localhost:42165/__cypress/runner/cypress_runner.js:162140:16)\n    at Async../node_modules/bluebird/js/release/async.js.Async._drainQueues (http://localhost:42165/__cypress/runner/cypress_runner.js:162150:10)\n    at Async.drainQueues (http://localhost:42165/__cypress/runner/cypress_runner.js:162024:14)",
                "diff": null
              },
              "uuid": "be1658e9-0f40-48cd-8f55-ac6630ac7d53",
              "parentUUID": "ac067d01-e41b-46bb-834f-6a7d185475eb",
              "isHook": false,
              "skipped": false
            },
            {
              "title": "Verifica se nenhuma outra cor da paleta tem a `classe` `selected`",
              "fullTitle": "6 - Defina a cor preta como cor inicial. Ao carregar a página a cor preta já deve estar selecionada para pintar os pixels Verifica se nenhuma outra cor da paleta tem a `classe` `selected`",
              "timedOut": null,
              "duration": 4902,
              "state": "failed",
              "speed": null,
              "pass": false,
              "fail": true,
              "pending": false,
              "context": null,
              "code": "cy.get('.color:not(:first-child)').each(function (color) {\n  cy.wrap(color).should('not.have.class', 'selected');\n});",
              "err": {
                "message": "CypressError: Timed out retrying: Expected to find element: '.color:not(:first-child)', but never found it.",
                "estack": "CypressError: Timed out retrying: Expected to find element: '.color:not(:first-child)', but never found it.\n    at cypressErr (http://localhost:42165/__cypress/runner/cypress_runner.js:149934:9)\n    at throwErr (http://localhost:42165/__cypress/runner/cypress_runner.js:149867:11)\n    at Object.throwErrByPath (http://localhost:42165/__cypress/runner/cypress_runner.js:149915:3)\n    at retry (http://localhost:42165/__cypress/runner/cypress_runner.js:144197:19)\n    at onFailFn (http://localhost:42165/__cypress/runner/cypress_runner.js:132448:16)\n    at tryCatcher (http://localhost:42165/__cypress/runner/cypress_runner.js:167415:23)\n    at Promise._settlePromiseFromHandler (http://localhost:42165/__cypress/runner/cypress_runner.js:165351:31)\n    at Promise._settlePromise (http://localhost:42165/__cypress/runner/cypress_runner.js:165408:18)\n    at Promise._settlePromise0 (http://localhost:42165/__cypress/runner/cypress_runner.js:165453:10)\n    at Promise._settlePromises (http://localhost:42165/__cypress/runner/cypress_runner.js:165528:18)\n    at Async../node_modules/bluebird/js/release/async.js.Async._drainQueue (http://localhost:42165/__cypress/runner/cypress_runner.js:162140:16)\n    at Async../node_modules/bluebird/js/release/async.js.Async._drainQueues (http://localhost:42165/__cypress/runner/cypress_runner.js:162150:10)\n    at Async.drainQueues (http://localhost:42165/__cypress/runner/cypress_runner.js:162024:14)",
                "diff": null
              },
              "uuid": "28147e15-6765-4895-98c2-d8c165385728",
              "parentUUID": "ac067d01-e41b-46bb-834f-6a7d185475eb",
              "isHook": false,
              "skipped": false
            }
          ],
          "suites": [],
          "passes": [],
          "failures": [
            "be1658e9-0f40-48cd-8f55-ac6630ac7d53",
            "28147e15-6765-4895-98c2-d8c165385728"
          ],
          "pending": [],
          "skipped": [],
          "duration": 9820,
          "root": false,
          "rootEmpty": false,
          "_timeout": 2000
        },
        {
          "uuid": "bde5b9f6-ac58-4af1-bef4-a25c3c011499",
          "title": "7 - Clicar em uma das cores da paleta, faz com que ela seja selecionada e utilizada para preencher os pixels no quadro.",
          "fullFile": "",
          "file": "",
          "beforeHooks": [],
          "afterHooks": [],
          "tests": [
            {
              "title": "Verifica se somente uma cor da paleta de cores tem a classe `selected` de cada vez",
              "fullTitle": "7 - Clicar em uma das cores da paleta, faz com que ela seja selecionada e utilizada para preencher os pixels no quadro. Verifica se somente uma cor da paleta de cores tem a classe `selected` de cada vez",
              "timedOut": null,
              "duration": 5162,
              "state": "failed",
              "speed": null,
              "pass": false,
              "fail": true,
              "pending": false,
              "context": null,
              "code": "cy.get('.color').each(function (selectedColor, selectedColorIndex) {\n  cy.wrap(selectedColor).click();\n  cy.get('.color').each(function (color, colorIndex) {\n    if (colorIndex === selectedColorIndex) {\n      expect(color).to.have[\"class\"]('selected');\n    } else {\n      expect(color).not.to.have[\"class\"]('selected');\n    }\n  });\n});",
              "err": {
                "message": "CypressError: Timed out retrying: Expected to find element: '.color', but never found it.",
                "estack": "CypressError: Timed out retrying: Expected to find element: '.color', but never found it.\n    at cypressErr (http://localhost:42165/__cypress/runner/cypress_runner.js:149934:9)\n    at throwErr (http://localhost:42165/__cypress/runner/cypress_runner.js:149867:11)\n    at Object.throwErrByPath (http://localhost:42165/__cypress/runner/cypress_runner.js:149915:3)\n    at retry (http://localhost:42165/__cypress/runner/cypress_runner.js:144197:19)\n    at onFailFn (http://localhost:42165/__cypress/runner/cypress_runner.js:132448:16)\n    at tryCatcher (http://localhost:42165/__cypress/runner/cypress_runner.js:167415:23)\n    at Promise._settlePromiseFromHandler (http://localhost:42165/__cypress/runner/cypress_runner.js:165351:31)\n    at Promise._settlePromise (http://localhost:42165/__cypress/runner/cypress_runner.js:165408:18)\n    at Promise._settlePromise0 (http://localhost:42165/__cypress/runner/cypress_runner.js:165453:10)\n    at Promise._settlePromises (http://localhost:42165/__cypress/runner/cypress_runner.js:165528:18)\n    at Async../node_modules/bluebird/js/release/async.js.Async._drainQueue (http://localhost:42165/__cypress/runner/cypress_runner.js:162140:16)\n    at Async../node_modules/bluebird/js/release/async.js.Async._drainQueues (http://localhost:42165/__cypress/runner/cypress_runner.js:162150:10)\n    at Async.drainQueues (http://localhost:42165/__cypress/runner/cypress_runner.js:162024:14)",
                "diff": null
              },
              "uuid": "2bd85329-2b82-4d7d-9783-f007eaa96973",
              "parentUUID": "bde5b9f6-ac58-4af1-bef4-a25c3c011499",
              "isHook": false,
              "skipped": false
            },
            {
              "title": "Verifica se os pixels dentro do quadro não têm a classe `selected` quando são clicados",
              "fullTitle": "7 - Clicar em uma das cores da paleta, faz com que ela seja selecionada e utilizada para preencher os pixels no quadro. Verifica se os pixels dentro do quadro não têm a classe `selected` quando são clicados",
              "timedOut": null,
              "duration": 4833,
              "state": "failed",
              "speed": null,
              "pass": false,
              "fail": true,
              "pending": false,
              "context": null,
              "code": "cy.get('.color').each(function (color) {\n  var backgroundColor = color.css('background-color');\n  cy.wrap(color).click();\n  cy.get('.pixel').each(function (pixel) {\n    cy.wrap(pixel).click().should('not.have.class', 'selected');\n  });\n});",
              "err": {
                "message": "CypressError: Timed out retrying: Expected to find element: '.color', but never found it.",
                "estack": "CypressError: Timed out retrying: Expected to find element: '.color', but never found it.\n    at cypressErr (http://localhost:42165/__cypress/runner/cypress_runner.js:149934:9)\n    at throwErr (http://localhost:42165/__cypress/runner/cypress_runner.js:149867:11)\n    at Object.throwErrByPath (http://localhost:42165/__cypress/runner/cypress_runner.js:149915:3)\n    at retry (http://localhost:42165/__cypress/runner/cypress_runner.js:144197:19)\n    at onFailFn (http://localhost:42165/__cypress/runner/cypress_runner.js:132448:16)\n    at tryCatcher (http://localhost:42165/__cypress/runner/cypress_runner.js:167415:23)\n    at Promise._settlePromiseFromHandler (http://localhost:42165/__cypress/runner/cypress_runner.js:165351:31)\n    at Promise._settlePromise (http://localhost:42165/__cypress/runner/cypress_runner.js:165408:18)\n    at Promise._settlePromise0 (http://localhost:42165/__cypress/runner/cypress_runner.js:165453:10)\n    at Promise._settlePromises (http://localhost:42165/__cypress/runner/cypress_runner.js:165528:18)\n    at Async../node_modules/bluebird/js/release/async.js.Async._drainQueue (http://localhost:42165/__cypress/runner/cypress_runner.js:162140:16)\n    at Async../node_modules/bluebird/js/release/async.js.Async._drainQueues (http://localhost:42165/__cypress/runner/cypress_runner.js:162150:10)\n    at Async.drainQueues (http://localhost:42165/__cypress/runner/cypress_runner.js:162024:14)",
                "diff": null
              },
              "uuid": "d4f72b8c-0ba2-4b50-9a78-d6c0569fc444",
              "parentUUID": "bde5b9f6-ac58-4af1-bef4-a25c3c011499",
              "isHook": false,
              "skipped": false
            }
          ],
          "suites": [],
          "passes": [],
          "failures": [
            "2bd85329-2b82-4d7d-9783-f007eaa96973",
            "d4f72b8c-0ba2-4b50-9a78-d6c0569fc444"
          ],
          "pending": [],
          "skipped": [],
          "duration": 9995,
          "root": false,
          "rootEmpty": false,
          "_timeout": 2000
        },
        {
          "uuid": "60bfe9df-de81-4f6d-959c-34204cbeb268",
          "title": "8 - Clicar em um pixel dentro do quadro após selecionar uma cor na paleta, faz com que o pixel seja preenchido com a cor selecionada.",
          "fullFile": "",
          "file": "",
          "beforeHooks": [],
          "afterHooks": [],
          "tests": [
            {
              "title": "Verifica se ao carregar a página deve ser possível pintar os pixels de preto",
              "fullTitle": "8 - Clicar em um pixel dentro do quadro após selecionar uma cor na paleta, faz com que o pixel seja preenchido com a cor selecionada. Verifica se ao carregar a página deve ser possível pintar os pixels de preto",
              "timedOut": null,
              "duration": 5040,
              "state": "failed",
              "speed": null,
              "pass": false,
              "fail": true,
              "pending": false,
              "context": null,
              "code": "cy.get('.pixel').each(function (pixel) {\n  cy.wrap(pixel).click().should('have.css', 'background-color', BLACK);\n});",
              "err": {
                "message": "CypressError: Timed out retrying: Expected to find element: '.pixel', but never found it.",
                "estack": "CypressError: Timed out retrying: Expected to find element: '.pixel', but never found it.\n    at cypressErr (http://localhost:42165/__cypress/runner/cypress_runner.js:149934:9)\n    at throwErr (http://localhost:42165/__cypress/runner/cypress_runner.js:149867:11)\n    at Object.throwErrByPath (http://localhost:42165/__cypress/runner/cypress_runner.js:149915:3)\n    at retry (http://localhost:42165/__cypress/runner/cypress_runner.js:144197:19)\n    at onFailFn (http://localhost:42165/__cypress/runner/cypress_runner.js:132448:16)\n    at tryCatcher (http://localhost:42165/__cypress/runner/cypress_runner.js:167415:23)\n    at Promise._settlePromiseFromHandler (http://localhost:42165/__cypress/runner/cypress_runner.js:165351:31)\n    at Promise._settlePromise (http://localhost:42165/__cypress/runner/cypress_runner.js:165408:18)\n    at Promise._settlePromise0 (http://localhost:42165/__cypress/runner/cypress_runner.js:165453:10)\n    at Promise._settlePromises (http://localhost:42165/__cypress/runner/cypress_runner.js:165528:18)\n    at Async../node_modules/bluebird/js/release/async.js.Async._drainQueue (http://localhost:42165/__cypress/runner/cypress_runner.js:162140:16)\n    at Async../node_modules/bluebird/js/release/async.js.Async._drainQueues (http://localhost:42165/__cypress/runner/cypress_runner.js:162150:10)\n    at Async.drainQueues (http://localhost:42165/__cypress/runner/cypress_runner.js:162024:14)",
                "diff": null
              },
              "uuid": "a8b497a6-2ee1-48cd-8043-f2e22396aad3",
              "parentUUID": "60bfe9df-de81-4f6d-959c-34204cbeb268",
              "isHook": false,
              "skipped": false
            },
            {
              "title": "Verifica se após selecionar uma outra cor na paleta, é possível pintar os pixels com essa cor",
              "fullTitle": "8 - Clicar em um pixel dentro do quadro após selecionar uma cor na paleta, faz com que o pixel seja preenchido com a cor selecionada. Verifica se após selecionar uma outra cor na paleta, é possível pintar os pixels com essa cor",
              "timedOut": null,
              "duration": 4786,
              "state": "failed",
              "speed": null,
              "pass": false,
              "fail": true,
              "pending": false,
              "context": null,
              "code": "cy.get('.color').each(function (color) {\n  var backgroundColor = color.css('background-color');\n  cy.wrap(color).click();\n  cy.get('.pixel').each(function (pixel) {\n    cy.wrap(pixel).click().should('have.css', 'background-color', backgroundColor);\n  });\n});",
              "err": {
                "message": "CypressError: Timed out retrying: Expected to find element: '.color', but never found it.",
                "estack": "CypressError: Timed out retrying: Expected to find element: '.color', but never found it.\n    at cypressErr (http://localhost:42165/__cypress/runner/cypress_runner.js:149934:9)\n    at throwErr (http://localhost:42165/__cypress/runner/cypress_runner.js:149867:11)\n    at Object.throwErrByPath (http://localhost:42165/__cypress/runner/cypress_runner.js:149915:3)\n    at retry (http://localhost:42165/__cypress/runner/cypress_runner.js:144197:19)\n    at onFailFn (http://localhost:42165/__cypress/runner/cypress_runner.js:132448:16)\n    at tryCatcher (http://localhost:42165/__cypress/runner/cypress_runner.js:167415:23)\n    at Promise._settlePromiseFromHandler (http://localhost:42165/__cypress/runner/cypress_runner.js:165351:31)\n    at Promise._settlePromise (http://localhost:42165/__cypress/runner/cypress_runner.js:165408:18)\n    at Promise._settlePromise0 (http://localhost:42165/__cypress/runner/cypress_runner.js:165453:10)\n    at Promise._settlePromises (http://localhost:42165/__cypress/runner/cypress_runner.js:165528:18)\n    at Async../node_modules/bluebird/js/release/async.js.Async._drainQueue (http://localhost:42165/__cypress/runner/cypress_runner.js:162140:16)\n    at Async../node_modules/bluebird/js/release/async.js.Async._drainQueues (http://localhost:42165/__cypress/runner/cypress_runner.js:162150:10)\n    at Async.drainQueues (http://localhost:42165/__cypress/runner/cypress_runner.js:162024:14)",
                "diff": null
              },
              "uuid": "685e4c0d-2b09-4f4e-9f24-1038665b7724",
              "parentUUID": "60bfe9df-de81-4f6d-959c-34204cbeb268",
              "isHook": false,
              "skipped": false
            },
            {
              "title": "Verifica se somente o pixel que foi clicado foi preenchido com a cor selecionada, sem influenciar na cor dos demais pixels.",
              "fullTitle": "8 - Clicar em um pixel dentro do quadro após selecionar uma cor na paleta, faz com que o pixel seja preenchido com a cor selecionada. Verifica se somente o pixel que foi clicado foi preenchido com a cor selecionada, sem influenciar na cor dos demais pixels.",
              "timedOut": null,
              "duration": 4888,
              "state": "failed",
              "speed": null,
              "pass": false,
              "fail": true,
              "pending": false,
              "context": null,
              "code": "var colorToPixelIndexMap = {\n  0: 6,\n  1: 8,\n  2: 16,\n  3: 18\n};\ncy.get('.color').each(function (color, index) {\n  cy.wrap(color).click();\n  var backgroundColor = color.css('background-color');\n  var clickedPixelIndex = colorToPixelIndexMap[index];\n  cy.get('.pixel').eq(clickedPixelIndex).click();\n  cy.get('.pixel').eq(clickedPixelIndex - 1).should('not.have.css', 'background-color', backgroundColor);\n  cy.get('.pixel').eq(clickedPixelIndex + 1).should('not.have.css', 'background-color', backgroundColor);\n  cy.get('.pixel').eq(clickedPixelIndex - 5).should('not.have.css', 'background-color', backgroundColor);\n  cy.get('.pixel').eq(clickedPixelIndex + 5).should('not.have.css', 'background-color', backgroundColor);\n  cy.get('.pixel').eq(clickedPixelIndex - 6).should('not.have.css', 'background-color', backgroundColor);\n  cy.get('.pixel').eq(clickedPixelIndex - 4).should('not.have.css', 'background-color', backgroundColor);\n  cy.get('.pixel').eq(clickedPixelIndex + 4).should('not.have.css', 'background-color', backgroundColor);\n  cy.get('.pixel').eq(clickedPixelIndex + 6).should('not.have.css', 'background-color', backgroundColor);\n});",
              "err": {
                "message": "CypressError: Timed out retrying: Expected to find element: '.color', but never found it.",
                "estack": "CypressError: Timed out retrying: Expected to find element: '.color', but never found it.\n    at cypressErr (http://localhost:42165/__cypress/runner/cypress_runner.js:149934:9)\n    at throwErr (http://localhost:42165/__cypress/runner/cypress_runner.js:149867:11)\n    at Object.throwErrByPath (http://localhost:42165/__cypress/runner/cypress_runner.js:149915:3)\n    at retry (http://localhost:42165/__cypress/runner/cypress_runner.js:144197:19)\n    at onFailFn (http://localhost:42165/__cypress/runner/cypress_runner.js:132448:16)\n    at tryCatcher (http://localhost:42165/__cypress/runner/cypress_runner.js:167415:23)\n    at Promise._settlePromiseFromHandler (http://localhost:42165/__cypress/runner/cypress_runner.js:165351:31)\n    at Promise._settlePromise (http://localhost:42165/__cypress/runner/cypress_runner.js:165408:18)\n    at Promise._settlePromise0 (http://localhost:42165/__cypress/runner/cypress_runner.js:165453:10)\n    at Promise._settlePromises (http://localhost:42165/__cypress/runner/cypress_runner.js:165528:18)\n    at Async../node_modules/bluebird/js/release/async.js.Async._drainQueue (http://localhost:42165/__cypress/runner/cypress_runner.js:162140:16)\n    at Async../node_modules/bluebird/js/release/async.js.Async._drainQueues (http://localhost:42165/__cypress/runner/cypress_runner.js:162150:10)\n    at Async.drainQueues (http://localhost:42165/__cypress/runner/cypress_runner.js:162024:14)",
                "diff": null
              },
              "uuid": "accbed60-6a56-4dec-bf0f-fe689e1c2296",
              "parentUUID": "60bfe9df-de81-4f6d-959c-34204cbeb268",
              "isHook": false,
              "skipped": false
            }
          ],
          "suites": [],
          "passes": [],
          "failures": [
            "a8b497a6-2ee1-48cd-8043-f2e22396aad3",
            "685e4c0d-2b09-4f4e-9f24-1038665b7724",
            "accbed60-6a56-4dec-bf0f-fe689e1c2296"
          ],
          "pending": [],
          "skipped": [],
          "duration": 14714,
          "root": false,
          "rootEmpty": false,
          "_timeout": 2000
        },
        {
          "uuid": "33333de0-b492-4bd7-be36-1e14a1d623c4",
          "title": "9 - Crie um botão que, ao ser clicado, limpa o quadro preenchendo a cor de todos seus pixels com branco.",
          "fullFile": "",
          "file": "",
          "beforeHooks": [],
          "afterHooks": [],
          "tests": [
            {
              "title": "Verifica se o botão tem o `id` denominado `clear-board`",
              "fullTitle": "9 - Crie um botão que, ao ser clicado, limpa o quadro preenchendo a cor de todos seus pixels com branco. Verifica se o botão tem o `id` denominado `clear-board`",
              "timedOut": null,
              "duration": 5034,
              "state": "failed",
              "speed": null,
              "pass": false,
              "fail": true,
              "pending": false,
              "context": null,
              "code": "cy.get('#clear-board').should('be.visible');",
              "err": {
                "message": "CypressError: Timed out retrying: Expected to find element: '#clear-board', but never found it.",
                "estack": "CypressError: Timed out retrying: Expected to find element: '#clear-board', but never found it.\n    at cypressErr (http://localhost:42165/__cypress/runner/cypress_runner.js:149934:9)\n    at throwErr (http://localhost:42165/__cypress/runner/cypress_runner.js:149867:11)\n    at Object.throwErrByPath (http://localhost:42165/__cypress/runner/cypress_runner.js:149915:3)\n    at retry (http://localhost:42165/__cypress/runner/cypress_runner.js:144197:19)\n    at onFailFn (http://localhost:42165/__cypress/runner/cypress_runner.js:132448:16)\n    at tryCatcher (http://localhost:42165/__cypress/runner/cypress_runner.js:167415:23)\n    at Promise._settlePromiseFromHandler (http://localhost:42165/__cypress/runner/cypress_runner.js:165351:31)\n    at Promise._settlePromise (http://localhost:42165/__cypress/runner/cypress_runner.js:165408:18)\n    at Promise._settlePromise0 (http://localhost:42165/__cypress/runner/cypress_runner.js:165453:10)\n    at Promise._settlePromises (http://localhost:42165/__cypress/runner/cypress_runner.js:165528:18)\n    at Async../node_modules/bluebird/js/release/async.js.Async._drainQueue (http://localhost:42165/__cypress/runner/cypress_runner.js:162140:16)\n    at Async../node_modules/bluebird/js/release/async.js.Async._drainQueues (http://localhost:42165/__cypress/runner/cypress_runner.js:162150:10)\n    at Async.drainQueues (http://localhost:42165/__cypress/runner/cypress_runner.js:162024:14)",
                "diff": null
              },
              "uuid": "e683a2f4-4f4a-48b3-9a81-f555f05f603a",
              "parentUUID": "33333de0-b492-4bd7-be36-1e14a1d623c4",
              "isHook": false,
              "skipped": false
            },
            {
              "title": "Verifica se o botão está posicionado entre a paleta de cores e o quadro de pixels",
              "fullTitle": "9 - Crie um botão que, ao ser clicado, limpa o quadro preenchendo a cor de todos seus pixels com branco. Verifica se o botão está posicionado entre a paleta de cores e o quadro de pixels",
              "timedOut": null,
              "duration": 4860,
              "state": "failed",
              "speed": null,
              "pass": false,
              "fail": true,
              "pending": false,
              "context": null,
              "code": "cy.get('#color-palette').then(function (palette) {\n  cy.get('#clear-board').should('be.belowOf', palette);\n});\ncy.get('#clear-board').then(function (clearBtn) {\n  cy.get('#pixel-board').should('be.belowOf', clearBtn);\n});",
              "err": {
                "message": "CypressError: Timed out retrying: Expected to find element: '#color-palette', but never found it.",
                "estack": "CypressError: Timed out retrying: Expected to find element: '#color-palette', but never found it.\n    at cypressErr (http://localhost:42165/__cypress/runner/cypress_runner.js:149934:9)\n    at throwErr (http://localhost:42165/__cypress/runner/cypress_runner.js:149867:11)\n    at Object.throwErrByPath (http://localhost:42165/__cypress/runner/cypress_runner.js:149915:3)\n    at retry (http://localhost:42165/__cypress/runner/cypress_runner.js:144197:19)\n    at onFailFn (http://localhost:42165/__cypress/runner/cypress_runner.js:132448:16)\n    at tryCatcher (http://localhost:42165/__cypress/runner/cypress_runner.js:167415:23)\n    at Promise._settlePromiseFromHandler (http://localhost:42165/__cypress/runner/cypress_runner.js:165351:31)\n    at Promise._settlePromise (http://localhost:42165/__cypress/runner/cypress_runner.js:165408:18)\n    at Promise._settlePromise0 (http://localhost:42165/__cypress/runner/cypress_runner.js:165453:10)\n    at Promise._settlePromises (http://localhost:42165/__cypress/runner/cypress_runner.js:165528:18)\n    at Async../node_modules/bluebird/js/release/async.js.Async._drainQueue (http://localhost:42165/__cypress/runner/cypress_runner.js:162140:16)\n    at Async../node_modules/bluebird/js/release/async.js.Async._drainQueues (http://localhost:42165/__cypress/runner/cypress_runner.js:162150:10)\n    at Async.drainQueues (http://localhost:42165/__cypress/runner/cypress_runner.js:162024:14)",
                "diff": null
              },
              "uuid": "4a3d048b-a568-4a08-8761-c235bb68a714",
              "parentUUID": "33333de0-b492-4bd7-be36-1e14a1d623c4",
              "isHook": false,
              "skipped": false
            },
            {
              "title": "Verifica se o texto do botão é 'Limpar'",
              "fullTitle": "9 - Crie um botão que, ao ser clicado, limpa o quadro preenchendo a cor de todos seus pixels com branco. Verifica se o texto do botão é 'Limpar'",
              "timedOut": null,
              "duration": 5020,
              "state": "failed",
              "speed": null,
              "pass": false,
              "fail": true,
              "pending": false,
              "context": null,
              "code": "cy.get('#clear-board').should('contain.text', 'Limpar');",
              "err": {
                "message": "CypressError: Timed out retrying: Expected to find element: '#clear-board', but never found it.",
                "estack": "CypressError: Timed out retrying: Expected to find element: '#clear-board', but never found it.\n    at cypressErr (http://localhost:42165/__cypress/runner/cypress_runner.js:149934:9)\n    at throwErr (http://localhost:42165/__cypress/runner/cypress_runner.js:149867:11)\n    at Object.throwErrByPath (http://localhost:42165/__cypress/runner/cypress_runner.js:149915:3)\n    at retry (http://localhost:42165/__cypress/runner/cypress_runner.js:144197:19)\n    at onFailFn (http://localhost:42165/__cypress/runner/cypress_runner.js:132448:16)\n    at tryCatcher (http://localhost:42165/__cypress/runner/cypress_runner.js:167415:23)\n    at Promise._settlePromiseFromHandler (http://localhost:42165/__cypress/runner/cypress_runner.js:165351:31)\n    at Promise._settlePromise (http://localhost:42165/__cypress/runner/cypress_runner.js:165408:18)\n    at Promise._settlePromise0 (http://localhost:42165/__cypress/runner/cypress_runner.js:165453:10)\n    at Promise._settlePromises (http://localhost:42165/__cypress/runner/cypress_runner.js:165528:18)\n    at Async../node_modules/bluebird/js/release/async.js.Async._drainQueue (http://localhost:42165/__cypress/runner/cypress_runner.js:162140:16)\n    at Async../node_modules/bluebird/js/release/async.js.Async._drainQueues (http://localhost:42165/__cypress/runner/cypress_runner.js:162150:10)\n    at Async.drainQueues (http://localhost:42165/__cypress/runner/cypress_runner.js:162024:14)",
                "diff": null
              },
              "uuid": "fcc0f798-9766-402e-b37b-2d40dc3cd0da",
              "parentUUID": "33333de0-b492-4bd7-be36-1e14a1d623c4",
              "isHook": false,
              "skipped": false
            },
            {
              "title": "Verifica se ao clicar no botão, o quadro de pixels é totalmente preenchido de branco",
              "fullTitle": "9 - Crie um botão que, ao ser clicado, limpa o quadro preenchendo a cor de todos seus pixels com branco. Verifica se ao clicar no botão, o quadro de pixels é totalmente preenchido de branco",
              "timedOut": null,
              "duration": 4986,
              "state": "failed",
              "speed": null,
              "pass": false,
              "fail": true,
              "pending": false,
              "context": null,
              "code": "cy.get('.color').eq(1).then(function (color) {\n  var backgroundColor = color.css('background-color');\n  cy.wrap(color).click();\n  cy.get('.pixel').each(function (pixel) {\n    cy.wrap(pixel).click().should('have.css', 'background-color', backgroundColor);\n  });\n});\ncy.get('#clear-board').click();\ncy.get('.pixel').each(function (pixel) {\n  cy.wrap(pixel).should('have.css', 'background-color', WHITE);\n});",
              "err": {
                "message": "CypressError: Timed out retrying: Expected to find element: '.color', but never found it.",
                "estack": "CypressError: Timed out retrying: Expected to find element: '.color', but never found it.\n    at cypressErr (http://localhost:42165/__cypress/runner/cypress_runner.js:149934:9)\n    at throwErr (http://localhost:42165/__cypress/runner/cypress_runner.js:149867:11)\n    at Object.throwErrByPath (http://localhost:42165/__cypress/runner/cypress_runner.js:149915:3)\n    at retry (http://localhost:42165/__cypress/runner/cypress_runner.js:144197:19)\n    at onFailFn (http://localhost:42165/__cypress/runner/cypress_runner.js:132448:16)\n    at tryCatcher (http://localhost:42165/__cypress/runner/cypress_runner.js:167415:23)\n    at Promise._settlePromiseFromHandler (http://localhost:42165/__cypress/runner/cypress_runner.js:165351:31)\n    at Promise._settlePromise (http://localhost:42165/__cypress/runner/cypress_runner.js:165408:18)\n    at Promise._settlePromise0 (http://localhost:42165/__cypress/runner/cypress_runner.js:165453:10)\n    at Promise._settlePromises (http://localhost:42165/__cypress/runner/cypress_runner.js:165528:18)\n    at Async../node_modules/bluebird/js/release/async.js.Async._drainQueue (http://localhost:42165/__cypress/runner/cypress_runner.js:162140:16)\n    at Async../node_modules/bluebird/js/release/async.js.Async._drainQueues (http://localhost:42165/__cypress/runner/cypress_runner.js:162150:10)\n    at Async.drainQueues (http://localhost:42165/__cypress/runner/cypress_runner.js:162024:14)",
                "diff": null
              },
              "uuid": "d8f14c9d-b6d7-4c36-a4d7-b744ed990767",
              "parentUUID": "33333de0-b492-4bd7-be36-1e14a1d623c4",
              "isHook": false,
              "skipped": false
            }
          ],
          "suites": [],
          "passes": [],
          "failures": [
            "e683a2f4-4f4a-48b3-9a81-f555f05f603a",
            "4a3d048b-a568-4a08-8761-c235bb68a714",
            "fcc0f798-9766-402e-b37b-2d40dc3cd0da",
            "d8f14c9d-b6d7-4c36-a4d7-b744ed990767"
          ],
          "pending": [],
          "skipped": [],
          "duration": 19900,
          "root": false,
          "rootEmpty": false,
          "_timeout": 2000
        },
        {
          "uuid": "fb5bc37b-927d-415b-bfb1-9c3633eb81f3",
          "title": "10 - Faça o quadro de pixels ter seu tamanho definido pelo usuário.",
          "fullFile": "",
          "file": "",
          "beforeHooks": [],
          "afterHooks": [],
          "tests": [
            {
              "title": "Verifica se existe um input com o id `board-size`",
              "fullTitle": "10 - Faça o quadro de pixels ter seu tamanho definido pelo usuário. Verifica se existe um input com o id `board-size`",
              "timedOut": null,
              "duration": 5128,
              "state": "failed",
              "speed": null,
              "pass": false,
              "fail": true,
              "pending": false,
              "context": null,
              "code": "cy.get('#board-size').should('be.visible');",
              "err": {
                "message": "CypressError: Timed out retrying: Expected to find element: '#board-size', but never found it.",
[...]
                "diff": null
              },
              "uuid": "895de8d0-5fa4-4516-a522-0d01ea0bd21c",
              "parentUUID": "fb5bc37b-927d-415b-bfb1-9c3633eb81f3",
              "isHook": false,
              "skipped": false
            },
            {
              "title": "Verifica se o novo quadro tem todos os pixels preenchidos com a cor branca",
              "fullTitle": "10 - Faça o quadro de pixels ter seu tamanho definido pelo usuário. Verifica se o novo quadro tem todos os pixels preenchidos com a cor branca",
              "timedOut": null,
              "duration": 5095,
              "state": "failed",
              "speed": null,
              "pass": false,
              "fail": true,
              "pending": false,
              "context": null,
              "code": "cy.get('#board-size').clear().type(6);\ncy.get('#generate-board').click();\ncy.get('.pixel').should('have.length', 36).each(function (pixel) {\n  expect(pixel).to.have.css('background-color', WHITE);\n});",
              "err": {
                "message": "CypressError: Timed out retrying: Expected to find element: '#board-size', but never found it.",
                "estack": "CypressError: Timed out retrying: Expected to find element: '#board-size', but never found it.\n    at cypressErr (http://localhost:42165/__cypress/runner/cypress_runner.js:149934:9)\n    at throwErr (http://localhost:42165/__cypress/runner/cypress_runner.js:149867:11)\n    at Object.throwErrByPath (http://localhost:42165/__cypress/runner/cypress_runner.js:149915:3)\n    at retry (http://localhost:42165/__cypress/runner/cypress_runner.js:144197:19)\n    at onFailFn (http://localhost:42165/__cypress/runner/cypress_runner.js:132448:16)\n    at tryCatcher (http://localhost:42165/__cypress/runner/cypress_runner.js:167415:23)\n    at Promise._settlePromiseFromHandler (http://localhost:42165/__cypress/runner/cypress_runner.js:165351:31)\n    at Promise._settlePromise (http://localhost:42165/__cypress/runner/cypress_runner.js:165408:18)\n    at Promise._settlePromise0 (http://localhost:42165/__cypress/runner/cypress_runner.js:165453:10)\n    at Promise._settlePromises (http://localhost:42165/__cypress/runner/cypress_runner.js:165528:18)\n    at Async../node_modules/bluebird/js/release/async.js.Async._drainQueue (http://localhost:42165/__cypress/runner/cypress_runner.js:162140:16)\n    at Async../node_modules/bluebird/js/release/async.js.Async._drainQueues (http://localhost:42165/__cypress/runner/cypress_runner.js:162150:10)\n    at Async.drainQueues (http://localhost:42165/__cypress/runner/cypress_runner.js:162024:14)",
                "diff": null
              },
              "uuid": "57b3693f-8193-4ab2-89cf-a8e4c2010303",
              "parentUUID": "fb5bc37b-927d-415b-bfb1-9c3633eb81f3",
              "isHook": false,
              "skipped": false
            }
          ],
          "suites": [],
          "passes": [],
          "failures": [
            "f6a89ed0-addf-46f0-a6fd-7233af46acb1",
            "ab5c4884-b63e-4d0f-adb9-19f0f847e890",
            "34d8b3a8-7ef5-4af0-a899-69954c8ecd16",
            "52d173b1-5015-483c-bd6c-fb31dd0e13fd",
            "ba270a2f-61ff-4869-b344-7446da9f1096",
            "547241e3-4503-4828-980f-965a70b30c3f",
            "c52b7c03-cede-4eb2-92dc-270fa663f0de",
            "895de8d0-5fa4-4516-a522-0d01ea0bd21c",
            "57b3693f-8193-4ab2-89cf-a8e4c2010303"
          ],
          "pending": [],
          "skipped": [],
          "duration": 45052,
          "root": false,
          "rootEmpty": false,
          "_timeout": 2000
        },
        {
          "uuid": "cc838fff-d920-434c-bb08-5a84e28cfc3f",
          "title": "11 - Limite o tamanho mínimo e máximo do board.",
          "fullFile": "",
          "file": "",
          "beforeHooks": [],
          "afterHooks": [],
          "tests": [
            {
              "title": "Verifica se a altura máxima do board é 50",
              "fullTitle": "11 - Limite o tamanho mínimo e máximo do board. Verifica se a altura máxima do board é 50",
              "timedOut": null,
              "duration": 5000,
              "state": "failed",
              "speed": null,
              "pass": false,
              "fail": true,
              "pending": false,
              "context": null,
              "code": "cy.get('#board-size').clear().type(50);\ncy.get('#generate-board').click();\ncy.get('.pixel').should('have.length', 2500);",
              "err": {
                "message": "CypressError: Timed out retrying: Expected to find element: '#board-size', but never found it.",
                "estack": "CypressError: Timed out retrying: Expected to find element: '#board-size', but never found it.\n    at cypressErr (http://localhost:42165/__cypress/runner/cypress_runner.js:149934:9)\n    at throwErr (http://localhost:42165/__cypress/runner/cypress_runner.js:149867:11)\n    at Object.throwErrByPath (http://localhost:42165/__cypress/runner/cypress_runner.js:149915:3)\n    at retry (http://localhost:42165/__cypress/runner/cypress_runner.js:144197:19)\n    at onFailFn (http://localhost:42165/__cypress/runner/cypress_runner.js:132448:16)\n    at tryCatcher (http://localhost:42165/__cypress/runner/cypress_runner.js:167415:23)\n    at Promise._settlePromiseFromHandler (http://localhost:42165/__cypress/runner/cypress_runner.js:165351:31)\n    at Promise._settlePromise (http://localhost:42165/__cypress/runner/cypress_runner.js:165408:18)\n    at Promise._settlePromise0 (http://localhost:42165/__cypress/runner/cypress_runner.js:165453:10)\n    at Promise._settlePromises (http://localhost:42165/__cypress/runner/cypress_runner.js:165528:18)\n    at Async../node_modules/bluebird/js/release/async.js.Async._drainQueue (http://localhost:42165/__cypress/runner/cypress_runner.js:162140:16)\n    at Async../node_modules/bluebird/js/release/async.js.Async._drainQueues (http://localhost:42165/__cypress/runner/cypress_runner.js:162150:10)\n    at Async.drainQueues (http://localhost:42165/__cypress/runner/cypress_runner.js:162024:14)",
                "diff": null
              },
              "uuid": "5257d20f-140d-4f49-a0ac-549b55db4f3b",
              "parentUUID": "cc838fff-d920-434c-bb08-5a84e28cfc3f",
              "isHook": false,
              "skipped": false
            },
            {
              "title": "Verifica se a altura do board é 5 quando um valor menor é colocado no input",
              "fullTitle": "11 - Limite o tamanho mínimo e máximo do board. Verifica se a altura do board é 5 quando um valor menor é colocado no input",
              "timedOut": null,
              "duration": 4925,
              "state": "failed",
              "speed": null,
              "pass": false,
              "fail": true,
              "pending": false,
              "context": null,
              "code": "cy.get('#board-size').clear().type(4);\ncy.get('#generate-board').click();\ncy.get('.pixel').should('have.length', 25);",
              "err": {
                "message": "CypressError: Timed out retrying: Expected to find element: '#board-size', but never found it.",
                "estack": "CypressError: Timed out retrying: Expected to find element: '#board-size', but never found it.\n    at cypressErr (http://localhost:42165/__cypress/runner/cypress_runner.js:149934:9)\n    at throwErr (http://localhost:42165/__cypress/runner/cypress_runner.js:149867:11)\n    at Object.throwErrByPath (http://localhost:42165/__cypress/runner/cypress_runner.js:149915:3)\n    at retry (http://localhost:42165/__cypress/runner/cypress_runner.js:144197:19)\n    at onFailFn (http://localhost:42165/__cypress/runner/cypress_runner.js:132448:16)\n    at tryCatcher (http://localhost:42165/__cypress/runner/cypress_runner.js:167415:23)\n    at Promise._settlePromiseFromHandler (http://localhost:42165/__cypress/runner/cypress_runner.js:165351:31)\n    at Promise._settlePromise (http://localhost:42165/__cypress/runner/cypress_runner.js:165408:18)\n    at Promise._settlePromise0 (http://localhost:42165/__cypress/runner/cypress_runner.js:165453:10)\n    at Promise._settlePromises (http://localhost:42165/__cypress/runner/cypress_runner.js:165528:18)\n    at Async../node_modules/bluebird/js/release/async.js.Async._drainQueue (http://localhost:42165/__cypress/runner/cypress_runner.js:162140:16)\n    at Async../node_modules/bluebird/js/release/async.js.Async._drainQueues (http://localhost:42165/__cypress/runner/cypress_runner.js:162150:10)\n    at Async.drainQueues (http://localhost:42165/__cypress/runner/cypress_runner.js:162024:14)",
                "diff": null
              },
              "uuid": "297818bc-0f9b-4160-80b1-9d4632dcdd61",
              "parentUUID": "cc838fff-d920-434c-bb08-5a84e28cfc3f",
              "isHook": false,
              "skipped": false
            },
            {
              "title": "Verifica se a altura do board é 50 quando um valor maior é colocado no input",
              "fullTitle": "11 - Limite o tamanho mínimo e máximo do board. Verifica se a altura do board é 50 quando um valor maior é colocado no input",
              "timedOut": null,
              "duration": 5209,
              "state": "failed",
              "speed": null,
              "pass": false,
              "fail": true,
              "pending": false,
              "context": null,
              "code": "cy.get('#board-size').clear().type(51);\ncy.get('#generate-board').click();\ncy.get('.pixel').should('have.length', 2500);",
              "err": {
                "message": "CypressError: Timed out retrying: Expected to find element: '#board-size', but never found it.",
                "estack": "CypressError: Timed out retrying: Expected to find element: '#board-size', but never found it.\n    at cypressErr (http://localhost:42165/__cypress/runner/cypress_runner.js:149934:9)\n    at throwErr (http://localhost:42165/__cypress/runner/cypress_runner.js:149867:11)\n    at Object.throwErrByPath (http://localhost:42165/__cypress/runner/cypress_runner.js:149915:3)\n    at retry (http://localhost:42165/__cypress/runner/cypress_runner.js:144197:19)\n    at onFailFn (http://localhost:42165/__cypress/runner/cypress_runner.js:132448:16)\n    at tryCatcher (http://localhost:42165/__cypress/runner/cypress_runner.js:167415:23)\n    at Promise._settlePromiseFromHandler (http://localhost:42165/__cypress/runner/cypress_runner.js:165351:31)\n    at Promise._settlePromise (http://localhost:42165/__cypress/runner/cypress_runner.js:165408:18)\n    at Promise._settlePromise0 (http://localhost:42165/__cypress/runner/cypress_runner.js:165453:10)\n    at Promise._settlePromises (http://localhost:42165/__cypress/runner/cypress_runner.js:165528:18)\n    at Async../node_modules/bluebird/js/release/async.js.Async._drainQueue (http://localhost:42165/__cypress/runner/cypress_runner.js:162140:16)\n    at Async../node_modules/bluebird/js/release/async.js.Async._drainQueues (http://localhost:42165/__cypress/runner/cypress_runner.js:162150:10)\n    at Async.drainQueues (http://localhost:42165/__cypress/runner/cypress_runner.js:162024:14)",
                "diff": null
              },
              "uuid": "0b9e14c0-547f-4006-b0a0-703296025381",
              "parentUUID": "cc838fff-d920-434c-bb08-5a84e28cfc3f",
              "isHook": false,
              "skipped": false
            }
          ],
          "suites": [],
          "passes": [],
          "failures": [
            "5257d20f-140d-4f49-a0ac-549b55db4f3b",
            "297818bc-0f9b-4160-80b1-9d4632dcdd61",
            "0b9e14c0-547f-4006-b0a0-703296025381"
          ],
          "pending": [],
          "skipped": [],
          "duration": 15134,
          "root": false,
          "rootEmpty": false,
          "_timeout": 2000
        },
        {
          "uuid": "b2a047dc-a2a4-4663-b747-233766f894f0",
          "title": "12 - Faça com que as cores da paleta sejam geradas aleatoriamente ao carregar a página.",
          "fullFile": "",
          "file": "",
          "beforeHooks": [],
          "afterHooks": [],
          "tests": [
            {
              "title": "Verifica se as cores geradas na paleta são diferentes a cada carregamento da página",
              "fullTitle": "12 - Faça com que as cores da paleta sejam geradas aleatoriamente ao carregar a página. Verifica se as cores geradas na paleta são diferentes a cada carregamento da página",
              "timedOut": null,
              "duration": 4966,
              "state": "failed",
              "speed": null,
              "pass": false,
              "fail": true,
              "pending": false,
              "context": null,
              "code": "cy.get('.color').then(function (colors) {\n  var currentColors;\n  var previousColors;\n  previousColors = Array.from(colors).map(function (color) {\n    return Cypress.$(color).css('background-color');\n  });\n  for (var i = 0; i < 5; i += 1) {\n    cy.reload();\n    cy.get('.color').then(function (colors) {\n      currentColors = Array.from(colors).map(function (color) {\n        return Cypress.$(color).css('background-color');\n      });\n      expect(currentColors).not.to.deep.equal(previousColors);\n      previousColors = currentColors;\n    });\n  }\n});",
              "err": {
                "message": "CypressError: Timed out retrying: Expected to find element: '.color', but never found it.",
                "estack": "CypressError: Timed out retrying: Expected to find element: '.color', but never found it.\n    at cypressErr (http://localhost:42165/__cypress/runner/cypress_runner.js:149934:9)\n    at throwErr (http://localhost:42165/__cypress/runner/cypress_runner.js:149867:11)\n    at Object.throwErrByPath (http://localhost:42165/__cypress/runner/cypress_runner.js:149915:3)\n    at retry (http://localhost:42165/__cypress/runner/cypress_runner.js:144197:19)\n    at onFailFn (http://localhost:42165/__cypress/runner/cypress_runner.js:132448:16)\n    at tryCatcher (http://localhost:42165/__cypress/runner/cypress_runner.js:167415:23)\n    at Promise._settlePromiseFromHandler (http://localhost:42165/__cypress/runner/cypress_runner.js:165351:31)\n    at Promise._settlePromise (http://localhost:42165/__cypress/runner/cypress_runner.js:165408:18)\n    at Promise._settlePromise0 (http://localhost:42165/__cypress/runner/cypress_runner.js:165453:10)\n    at Promise._settlePromises (http://localhost:42165/__cypress/runner/cypress_runner.js:165528:18)\n    at Async../node_modules/bluebird/js/release/async.js.Async._drainQueue (http://localhost:42165/__cypress/runner/cypress_runner.js:162140:16)\n    at Async../node_modules/bluebird/js/release/async.js.Async._drainQueues (http://localhost:42165/__cypress/runner/cypress_runner.js:162150:10)\n    at Async.drainQueues (http://localhost:42165/__cypress/runner/cypress_runner.js:162024:14)",
                "diff": null
              },
              "uuid": "d9e1724f-65e1-44e1-8974-907b01c5ff03",
              "parentUUID": "b2a047dc-a2a4-4663-b747-233766f894f0",
              "isHook": false,
              "skipped": false
            },
            {
              "title": "Verifica se a cor preta ainda está presente e é a primeira na sua paleta de cores",
              "fullTitle": "12 - Faça com que as cores da paleta sejam geradas aleatoriamente ao carregar a página. Verifica se a cor preta ainda está presente e é a primeira na sua paleta de cores",
              "timedOut": null,
              "duration": 4969,
              "state": "failed",
              "speed": null,
              "pass": false,
              "fail": true,
              "pending": false,
              "context": null,
              "code": "cy.get('.color').then(function (colors) {\n  var currentColors;\n  var previousColors;\n  previousColors = Array.from(colors).map(function (color) {\n    return Cypress.$(color).css('background-color');\n  });\n  expect(previousColors[0]).to.eq(BLACK);\n  for (var i = 0; i < 5; i += 1) {\n    cy.reload();\n    cy.get('.color').then(function (colors) {\n      currentColors = Array.from(colors).map(function (color) {\n        return Cypress.$(color).css('background-color');\n      });\n      expect(currentColors[0]).to.eq(BLACK);\n      expect(currentColors).not.to.deep.equal(previousColors);\n      previousColors = currentColors;\n    });\n  }\n});",
              "err": {
                "message": "CypressError: Timed out retrying: Expected to find element: '.color', but never found it.",
                "estack": "CypressError: Timed out retrying: Expected to find element: '.color', but never found it.\n    at cypressErr (http://localhost:42165/__cypress/runner/cypress_runner.js:149934:9)\n    at throwErr (http://localhost:42165/__cypress/runner/cypress_runner.js:149867:11)\n    at Object.throwErrByPath (http://localhost:42165/__cypress/runner/cypress_runner.js:149915:3)\n    at retry (http://localhost:42165/__cypress/runner/cypress_runner.js:144197:19)\n    at onFailFn (http://localhost:42165/__cypress/runner/cypress_runner.js:132448:16)\n    at tryCatcher (http://localhost:42165/__cypress/runner/cypress_runner.js:167415:23)\n    at Promise._settlePromiseFromHandler (http://localhost:42165/__cypress/runner/cypress_runner.js:165351:31)\n    at Promise._settlePromise (http://localhost:42165/__cypress/runner/cypress_runner.js:165408:18)\n    at Promise._settlePromise0 (http://localhost:42165/__cypress/runner/cypress_runner.js:165453:10)\n    at Promise._settlePromises (http://localhost:42165/__cypress/runner/cypress_runner.js:165528:18)\n    at Async../node_modules/bluebird/js/release/async.js.Async._drainQueue (http://localhost:42165/__cypress/runner/cypress_runner.js:162140:16)\n    at Async../node_modules/bluebird/js/release/async.js.Async._drainQueues (http://localhost:42165/__cypress/runner/cypress_runner.js:162150:10)\n    at Async.drainQueues (http://localhost:42165/__cypress/runner/cypress_runner.js:162024:14)",
                "diff": null
              },
              "uuid": "5740326c-9851-4dac-94f6-3a7399fd7121",
              "parentUUID": "b2a047dc-a2a4-4663-b747-233766f894f0",
              "isHook": false,
              "skipped": false
            }
          ],
          "suites": [],
          "passes": [],
          "failures": [
            "d9e1724f-65e1-44e1-8974-907b01c5ff03",
            "5740326c-9851-4dac-94f6-3a7399fd7121"
          ],
          "pending": [],
          "skipped": [],
          "duration": 9935,
          "root": false,
          "rootEmpty": false,
          "_timeout": 2000
        }
      ],
      "passes": [],
      "failures": [],
      "pending": [],
      "skipped": [],
      "duration": 0,
      "root": true,
      "rootEmpty": true,
      "_timeout": 2000
    }
  ],
  "meta": {
    "mocha": {
      "version": "7.0.1"
    },
    "mochawesome": {
      "options": {
        "quiet": false,
        "reportFilename": "mochawesome",
        "saveHtml": false,
        "saveJson": true,
        "consoleReporter": "spec",
        "useInlineDiffs": false
      },
      "version": "4.1.0"
    },
    "marge": {
      "options": {
        "id": "default",
        "reportDir": "cypress/reports",
        "overwrite": true,
        "html": false,
        "json": true
      },
      "version": "4.1.0"
    }
  }
}