{
  "stats": {
    "suites": 12,
    "tests": 41,
    "passes": 12,
    "pending": 0,
    "failures": 29,
    "start": "2021-08-19T23:29:22.678Z",
    "end": "2021-08-19T23:31:16.505Z",
    "duration": 113827,
    "testsRegistered": 41,
    "passPercent": 29.268292682926827,
    "pendingPercent": 0,
    "other": 0,
    "hasOther": false,
    "skipped": 0,
    "hasSkipped": false
  },
  "results": [
    {
      "uuid": "da2f7cc7-886f-4593-be40-1e61d5190391",
      "title": "",
      "fullFile": "cypress/integration/project.spec.js",
      "file": "cypress/integration/project.spec.js",
      "beforeHooks": [],
      "afterHooks": [],
      "tests": [],
      "suites": [
        {
          "uuid": "60170b96-f186-4f58-a048-3c9f0deace70",
          "title": "1 - Adicione à página o título \"Paleta de Cores\".",
          "fullFile": "",
          "file": "",
          "beforeHooks": [],
          "afterHooks": [],
          "tests": [
            {
              "title": "Verifica se contém um elemento `h1` com o id `title` com o título correto",
              "fullTitle": "1 - Adicione à página o título \"Paleta de Cores\". Verifica se contém um elemento `h1` com o id `title` com o título correto",
              "timedOut": null,
              "duration": 276,
              "state": "passed",
              "speed": "slow",
              "pass": true,
              "fail": false,
              "pending": false,
              "context": null,
              "code": "cy.get('h1#title').should('contain.text', 'Paleta de Cores');",
              "err": {},
              "uuid": "770c5d47-188f-406d-a723-efee500c510f",
              "parentUUID": "60170b96-f186-4f58-a048-3c9f0deace70",
              "isHook": false,
              "skipped": false
            }
          ],
          "suites": [],
          "passes": [
            "770c5d47-188f-406d-a723-efee500c510f"
          ],
          "failures": [],
          "pending": [],
          "skipped": [],
          "duration": 276,
          "root": false,
          "rootEmpty": false,
          "_timeout": 2000
        },
        {
          "uuid": "8dfca6c8-28da-4012-a472-17f44e9651b0",
          "title": "2 - Adicione à página uma paleta de quatro cores distintas.",
          "fullFile": "",
          "file": "",
          "beforeHooks": [],
          "afterHooks": [],
          "tests": [
            {
              "title": "A paleta de cores deve ser um elemento com `id` denominado `color-palette`",
              "fullTitle": "2 - Adicione à página uma paleta de quatro cores distintas. A paleta de cores deve ser um elemento com `id` denominado `color-palette`",
              "timedOut": null,
              "duration": 207,
              "state": "passed",
              "speed": "slow",
              "pass": true,
              "fail": false,
              "pending": false,
              "context": null,
              "code": "cy.get('#color-palette').should('be.visible');",
              "err": {},
              "uuid": "c486a108-d414-4e63-ad39-c4f95df9dd35",
              "parentUUID": "8dfca6c8-28da-4012-a472-17f44e9651b0",
              "isHook": false,
              "skipped": false
            },
            {
              "title": "Verifica se cada cor individual da paleta de cores possui a `classe` chamada `color`.",
              "fullTitle": "2 - Adicione à página uma paleta de quatro cores distintas. Verifica se cada cor individual da paleta de cores possui a `classe` chamada `color`.",
              "timedOut": null,
              "duration": 262,
              "state": "passed",
              "speed": "slow",
              "pass": true,
              "fail": false,
              "pending": false,
              "context": null,
              "code": "cy.get('.color').should('have.length', 4).then(function (colors) {\n  for (var i = 0; i < colors.length; i++) {\n    cy.wrap(colors[i]).should('be.visible');\n  }\n});",
              "err": {},
              "uuid": "deb8e479-1c7b-42a0-afb7-4163678dd284",
              "parentUUID": "8dfca6c8-28da-4012-a472-17f44e9651b0",
              "isHook": false,
              "skipped": false
            },
            {
              "title": "Verifica se a cor de fundo de cada elemento da paleta é a cor que o elemento representa. **A única cor não permitida na paleta é a cor branca.**",
              "fullTitle": "2 - Adicione à página uma paleta de quatro cores distintas. Verifica se a cor de fundo de cada elemento da paleta é a cor que o elemento representa. **A única cor não permitida na paleta é a cor branca.**",
              "timedOut": null,
              "duration": 244,
              "state": "passed",
              "speed": "slow",
              "pass": true,
              "fail": false,
              "pending": false,
              "context": null,
              "code": "cy.get('.color').each(function (color) {\n  cy.wrap(color).should('have.class', 'color').and('not.have.css', 'background-color', WHITE);\n  cy.wrap(color).should('have.css', 'background-color');\n});",
              "err": {},
              "uuid": "7f2c7f8e-7f2b-467f-91a0-889f144cbe21",
              "parentUUID": "8dfca6c8-28da-4012-a472-17f44e9651b0",
              "isHook": false,
              "skipped": false
            },
            {
              "title": "Verifica se cada elemento da paleta de cores tem uma borda preta, sólida e com 1 pixel de largura;",
              "fullTitle": "2 - Adicione à página uma paleta de quatro cores distintas. Verifica se cada elemento da paleta de cores tem uma borda preta, sólida e com 1 pixel de largura;",
              "timedOut": null,
              "duration": 266,
              "state": "passed",
              "speed": "slow",
              "pass": true,
              "fail": false,
              "pending": false,
              "context": null,
              "code": "cy.get('.color').each(function (color) {\n  cy.wrap(color).and('have.css', 'border', \"1px solid \".concat(BLACK)).and('have.class', 'color');\n});",
              "err": {},
              "uuid": "4e706734-cd76-48ea-bff6-c58eb1e0e0bd",
              "parentUUID": "8dfca6c8-28da-4012-a472-17f44e9651b0",
              "isHook": false,
              "skipped": false
            },
            {
              "title": "Verifica se a paleta lista todas as cores disponíveis para utilização, lado a lado.",
              "fullTitle": "2 - Adicione à página uma paleta de quatro cores distintas. Verifica se a paleta lista todas as cores disponíveis para utilização, lado a lado.",
              "timedOut": null,
              "duration": 147,
              "state": "passed",
              "speed": "slow",
              "pass": true,
              "fail": false,
              "pending": false,
              "context": null,
              "code": "cy.get('.color').then(function (colors) {\n  for (var index = 1; index < colors.length; index += 1) {\n    var currentColor = colors[index];\n    var previousColor = colors[index - 1];\n    cy.wrap(currentColor).should('be.onTheRightOf', previousColor).and('be.horizontallyAlignedWith', previousColor);\n  }\n});",
              "err": {},
              "uuid": "91174c96-d807-47bc-bc28-ce03f66ab659",
              "parentUUID": "8dfca6c8-28da-4012-a472-17f44e9651b0",
              "isHook": false,
              "skipped": false
            },
            {
              "title": "Verifica se a paleta de cores está posicionada abaixo do título 'Paleta de Cores'",
              "fullTitle": "2 - Adicione à página uma paleta de quatro cores distintas. Verifica se a paleta de cores está posicionada abaixo do título 'Paleta de Cores'",
              "timedOut": null,
              "duration": 142,
              "state": "passed",
              "speed": "slow",
              "pass": true,
              "fail": false,
              "pending": false,
              "context": null,
              "code": "cy.get('h1#title').then(function (title) {\n  cy.get('#color-palette').should('be.belowOf', title);\n});",
              "err": {},
              "uuid": "4535941e-ee5b-4ad2-83af-db74a6acd653",
              "parentUUID": "8dfca6c8-28da-4012-a472-17f44e9651b0",
              "isHook": false,
              "skipped": false
            },
            {
              "title": "Verifica se a paleta de cores não contém cores repetidas.",
              "fullTitle": "2 - Adicione à página uma paleta de quatro cores distintas. Verifica se a paleta de cores não contém cores repetidas.",
              "timedOut": null,
              "duration": 114,
              "state": "passed",
              "speed": "slow",
              "pass": true,
              "fail": false,
              "pending": false,
              "context": null,
              "code": "cy.get('.color').then(function (colors) {\n  var allColors = Array.from(colors).map(function (color) {\n    return Cypress.$(color).css('background-color');\n  });\n  cy.log(allColors);\n  var uniqColors = (0, _toConsumableArray2[\"default\"])(new Set(allColors));\n  cy.log(uniqColors);\n  expect(allColors.length).to.eq(uniqColors.length);\n});",
              "err": {},
              "uuid": "59a77fc5-d2d2-4d54-ad02-ddee4aed2767",
              "parentUUID": "8dfca6c8-28da-4012-a472-17f44e9651b0",
              "isHook": false,
              "skipped": false
            }
          ],
          "suites": [],
          "passes": [
            "c486a108-d414-4e63-ad39-c4f95df9dd35",
            "deb8e479-1c7b-42a0-afb7-4163678dd284",
            "7f2c7f8e-7f2b-467f-91a0-889f144cbe21",
            "4e706734-cd76-48ea-bff6-c58eb1e0e0bd",
            "91174c96-d807-47bc-bc28-ce03f66ab659",
            "4535941e-ee5b-4ad2-83af-db74a6acd653",
            "59a77fc5-d2d2-4d54-ad02-ddee4aed2767"
          ],
          "failures": [],
          "pending": [],
          "skipped": [],
          "duration": 1382,
          "root": false,
          "rootEmpty": false,
          "_timeout": 2000
        },
        {
          "uuid": "b71f4fb9-a41c-49db-90f0-c4ed8305f0fe",
          "title": "3 - Adicione a cor **preta** como a primeira cor da paleta de cores.",
          "fullFile": "",
          "file": "",
          "beforeHooks": [],
          "afterHooks": [],
          "tests": [
            {
              "title": "Verifica se a primeira cor da paleta é preta",
              "fullTitle": "3 - Adicione a cor **preta** como a primeira cor da paleta de cores. Verifica se a primeira cor da paleta é preta",
              "timedOut": null,
              "duration": 4365,
              "state": "failed",
              "speed": null,
              "pass": false,
              "fail": true,
              "pending": false,
              "context": null,
              "code": "cy.get('.color').first().should('have.css', 'background-color', BLACK);",
              "err": {
                "message": "CypressError: Timed out retrying: expected '<div#green.color>' to have CSS property 'background-color' with the value 'rgb(0, 0, 0)', but the value was 'rgb(0, 0, 139)'",
                "estack": "CypressError: Timed out retrying: expected '<div#green.color>' to have CSS property 'background-color' with the value 'rgb(0, 0, 0)', but the value was 'rgb(0, 0, 139)'\n    at cypressErr (http://localhost:33235/__cypress/runner/cypress_runner.js:149934:9)\n    at throwErr (http://localhost:33235/__cypress/runner/cypress_runner.js:149867:11)\n    at Object.throwErrByPath (http://localhost:33235/__cypress/runner/cypress_runner.js:149915:3)\n    at retry (http://localhost:33235/__cypress/runner/cypress_runner.js:144197:19)\n    at onFailFn (http://localhost:33235/__cypress/runner/cypress_runner.js:132448:16)\n    at tryCatcher (http://localhost:33235/__cypress/runner/cypress_runner.js:167415:23)\n    at Promise._settlePromiseFromHandler (http://localhost:33235/__cypress/runner/cypress_runner.js:165351:31)\n    at Promise._settlePromise (http://localhost:33235/__cypress/runner/cypress_runner.js:165408:18)\n    at Promise._settlePromise0 (http://localhost:33235/__cypress/runner/cypress_runner.js:165453:10)\n    at Promise._settlePromises (http://localhost:33235/__cypress/runner/cypress_runner.js:165528:18)\n    at Async../node_modules/bluebird/js/release/async.js.Async._drainQueue (http://localhost:33235/__cypress/runner/cypress_runner.js:162140:16)\n    at Async../node_modules/bluebird/js/release/async.js.Async._drainQueues (http://localhost:33235/__cypress/runner/cypress_runner.js:162150:10)\n    at Async.drainQueues (http://localhost:33235/__cypress/runner/cypress_runner.js:162024:14)",
                "diff": null
              },
              "uuid": "44066fca-f14a-490b-b20b-865bc6ebecf6",
              "parentUUID": "b71f4fb9-a41c-49db-90f0-c4ed8305f0fe",
              "isHook": false,
              "skipped": false
            },
            {
              "title": "Verifica se as demais cores podem ser escolhidas livremente.",
              "fullTitle": "3 - Adicione a cor **preta** como a primeira cor da paleta de cores. Verifica se as demais cores podem ser escolhidas livremente.",
              "timedOut": null,
              "duration": 4420,
              "state": "failed",
              "speed": null,
              "pass": false,
              "fail": true,
              "pending": false,
              "context": null,
              "code": "cy.get('.color').eq(1).should('not.have.css', 'background-color', BLACK);\ncy.get('.color').eq(1).should('not.have.css', 'background-color', WHITE);\ncy.get('.color').eq(1).should('not.have.css', 'background-color', 'rgba(0, 0, 0, 0)');\ncy.get('.color').eq(1).should('have.css', 'background-color');\ncy.get('.color').eq(2).should('not.have.css', 'background-color', BLACK);\ncy.get('.color').eq(2).should('not.have.css', 'background-color', WHITE);\ncy.get('.color').eq(2).should('not.have.css', 'background-color', 'rgba(0, 0, 0, 0)');\ncy.get('.color').eq(2).should('have.css', 'background-color');\ncy.get('.color').eq(3).should('not.have.css', 'background-color', BLACK);\ncy.get('.color').eq(3).should('not.have.css', 'background-color', WHITE);\ncy.get('.color').eq(3).should('not.have.css', 'background-color', 'rgba(0, 0, 0, 0)');\ncy.get('.color').eq(3).should('have.css', 'background-color');",
              "err": {
                "message": "CypressError: Timed out retrying: expected '<div#black.color>' not to have CSS property 'background-color' with the value 'rgb(0, 0, 0)', but the value was 'rgb(0, 0, 0)'",
                "estack": "CypressError: Timed out retrying: expected '<div#black.color>' not to have CSS property 'background-color' with the value 'rgb(0, 0, 0)', but the value was 'rgb(0, 0, 0)'\n    at cypressErr (http://localhost:33235/__cypress/runner/cypress_runner.js:149934:9)\n    at throwErr (http://localhost:33235/__cypress/runner/cypress_runner.js:149867:11)\n    at Object.throwErrByPath (http://localhost:33235/__cypress/runner/cypress_runner.js:149915:3)\n    at retry (http://localhost:33235/__cypress/runner/cypress_runner.js:144197:19)\n    at onFailFn (http://localhost:33235/__cypress/runner/cypress_runner.js:132448:16)\n    at tryCatcher (http://localhost:33235/__cypress/runner/cypress_runner.js:167415:23)\n    at Promise._settlePromiseFromHandler (http://localhost:33235/__cypress/runner/cypress_runner.js:165351:31)\n    at Promise._settlePromise (http://localhost:33235/__cypress/runner/cypress_runner.js:165408:18)\n    at Promise._settlePromise0 (http://localhost:33235/__cypress/runner/cypress_runner.js:165453:10)\n    at Promise._settlePromises (http://localhost:33235/__cypress/runner/cypress_runner.js:165528:18)\n    at Async../node_modules/bluebird/js/release/async.js.Async._drainQueue (http://localhost:33235/__cypress/runner/cypress_runner.js:162140:16)\n    at Async../node_modules/bluebird/js/release/async.js.Async._drainQueues (http://localhost:33235/__cypress/runner/cypress_runner.js:162150:10)\n    at Async.drainQueues (http://localhost:33235/__cypress/runner/cypress_runner.js:162024:14)",
                "diff": null
              },
              "uuid": "2438411f-2030-4316-b231-979d8b06d652",
              "parentUUID": "b71f4fb9-a41c-49db-90f0-c4ed8305f0fe",
              "isHook": false,
              "skipped": false
            }
          ],
          "suites": [],
          "passes": [],
          "failures": [
            "44066fca-f14a-490b-b20b-865bc6ebecf6",
            "2438411f-2030-4316-b231-979d8b06d652"
          ],
          "pending": [],
          "skipped": [],
          "duration": 8785,
          "root": false,
          "rootEmpty": false,
          "_timeout": 2000
        },
        {
          "uuid": "43a395ec-3ee9-4648-bc32-0a81e591c31a",
          "title": "4 - Adicione à página um quadro de pixels, com 25 pixels.",
          "fullFile": "",
          "file": "",
          "beforeHooks": [],
          "afterHooks": [],
          "tests": [
            {
              "title": "Verifica se o quadro de pixels possui o `id` denominado `pixel-board`",
              "fullTitle": "4 - Adicione à página um quadro de pixels, com 25 pixels. Verifica se o quadro de pixels possui o `id` denominado `pixel-board`",
              "timedOut": null,
              "duration": 179,
              "state": "passed",
              "speed": "slow",
              "pass": true,
              "fail": false,
              "pending": false,
              "context": null,
              "code": "cy.get('#pixel-board').should('be.visible');",
              "err": {},
              "uuid": "45f95570-d0b7-4297-a767-d51f4980a057",
              "parentUUID": "43a395ec-3ee9-4648-bc32-0a81e591c31a",
              "isHook": false,
              "skipped": false
            },
            {
              "title": "Verifica se cada pixel individual dentro do quadro possui a `classe` denominada `pixel`.",
              "fullTitle": "4 - Adicione à página um quadro de pixels, com 25 pixels. Verifica se cada pixel individual dentro do quadro possui a `classe` denominada `pixel`.",
              "timedOut": null,
              "duration": 106,
              "state": "passed",
              "speed": "slow",
              "pass": true,
              "fail": false,
              "pending": false,
              "context": null,
              "code": "cy.get('.pixel').should('have.length', 25);",
              "err": {},
              "uuid": "66eb9ebd-869b-4717-a15b-e90e5298b198",
              "parentUUID": "43a395ec-3ee9-4648-bc32-0a81e591c31a",
              "isHook": false,
              "skipped": false
            },
            {
              "title": "Verifica se a cor inicial dos pixels dentro do quadro, ao abrir a página, é branca.",
              "fullTitle": "4 - Adicione à página um quadro de pixels, com 25 pixels. Verifica se a cor inicial dos pixels dentro do quadro, ao abrir a página, é branca.",
              "timedOut": null,
              "duration": 303,
              "state": "failed",
              "speed": null,
              "pass": false,
              "fail": true,
              "pending": false,
              "context": null,
              "code": "cy.get('.pixel').should('have.length', 25).each(function (pixel) {\n  expect(pixel).to.have.css('background-color', WHITE);\n});",
              "err": {
                "message": "AssertionError: expected '<div.pixel>' to have CSS property 'background-color' with the value 'rgb(255, 255, 255)', but the value was 'rgba(0, 0, 0, 0)'",
                "estack": "AssertionError: expected '<div.pixel>' to have CSS property 'background-color' with the value 'rgb(255, 255, 255)', but the value was 'rgba(0, 0, 0, 0)'\n    at callback (http://localhost:33235/__cypress/runner/cypress_runner.js:136947:20)\n    at getRet (http://localhost:33235/__cypress/runner/cypress_runner.js:136585:16)\n    at tryCatcher (http://localhost:33235/__cypress/runner/cypress_runner.js:167415:23)\n    at Function.Promise.attempt.Promise.try (http://localhost:33235/__cypress/runner/cypress_runner.js:164690:29)\n    at thenFn (http://localhost:33235/__cypress/runner/cypress_runner.js:136599:23)\n    at yieldItem (http://localhost:33235/__cypress/runner/cypress_runner.js:136954:16)\n    at tryCatcher (http://localhost:33235/__cypress/runner/cypress_runner.js:167415:23)\n    at Object.gotValue (http://localhost:33235/__cypress/runner/cypress_runner.js:166557:18)\n    at Object.gotAccum (http://localhost:33235/__cypress/runner/cypress_runner.js:166546:25)\n    at Object.tryCatcher (http://localhost:33235/__cypress/runner/cypress_runner.js:167415:23)\n    at Promise._settlePromiseFromHandler (http://localhost:33235/__cypress/runner/cypress_runner.js:165351:31)\n    at Promise._settlePromise (http://localhost:33235/__cypress/runner/cypress_runner.js:165408:18)\n    at Promise._settlePromiseCtx (http://localhost:33235/__cypress/runner/cypress_runner.js:165445:10)\n    at Async../node_modules/bluebird/js/release/async.js.Async._drainQueue (http://localhost:33235/__cypress/runner/cypress_runner.js:162145:12)\n    at Async../node_modules/bluebird/js/release/async.js.Async._drainQueues (http://localhost:33235/__cypress/runner/cypress_runner.js:162150:10)\n    at Async.drainQueues (http://localhost:33235/__cypress/runner/cypress_runner.js:162024:14)",
                "diff": "- 'rgba(0, 0, 0, 0)'\n+ 'rgb(255, 255, 255)'\n"
              },
              "uuid": "f75e91be-e775-4f96-8c97-7247330775f3",
              "parentUUID": "43a395ec-3ee9-4648-bc32-0a81e591c31a",
              "isHook": false,
              "skipped": false
            },
            {
              "title": "Verifica se o quadro de pixels aparece abaixo da paleta de cores",
              "fullTitle": "4 - Adicione à página um quadro de pixels, com 25 pixels. Verifica se o quadro de pixels aparece abaixo da paleta de cores",
              "timedOut": null,
              "duration": 180,
              "state": "passed",
              "speed": "slow",
              "pass": true,
              "fail": false,
              "pending": false,
              "context": null,
              "code": "cy.get('#color-palette').then(function (palette) {\n  cy.get('#pixel-board').should('be.belowOf', palette);\n});",
              "err": {},
              "uuid": "38607251-1e5e-4b4f-b3e2-398d49d2789a",
              "parentUUID": "43a395ec-3ee9-4648-bc32-0a81e591c31a",
              "isHook": false,
              "skipped": false
            }
          ],
          "suites": [],
          "passes": [
            "45f95570-d0b7-4297-a767-d51f4980a057",
            "66eb9ebd-869b-4717-a15b-e90e5298b198",
            "38607251-1e5e-4b4f-b3e2-398d49d2789a"
          ],
          "failures": [
            "f75e91be-e775-4f96-8c97-7247330775f3"
          ],
          "pending": [],
          "skipped": [],
          "duration": 768,
          "root": false,
          "rootEmpty": false,
          "_timeout": 2000
        },
        {
          "uuid": "797885e6-1e07-422c-a994-567f3a7e88f0",
          "title": "5 - Faça com que cada elemento do quadro de pixels possua 40 pixels de largura, 40 pixels de altura e seja delimitado por uma borda preta de 1 pixel.",
          "fullFile": "",
          "file": "",
          "beforeHooks": [],
          "afterHooks": [],
          "tests": [
            {
              "title": "Verifica se o quadro de pixels tem altura e comprimento de 5 elementos",
              "fullTitle": "5 - Faça com que cada elemento do quadro de pixels possua 40 pixels de largura, 40 pixels de altura e seja delimitado por uma borda preta de 1 pixel. Verifica se o quadro de pixels tem altura e comprimento de 5 elementos",
              "timedOut": null,
              "duration": 341,
              "state": "failed",
              "speed": null,
              "pass": false,
              "fail": true,
              "pending": false,
              "context": null,
              "code": "cy.get('.pixel').should('have.length', 25).each(function (pixel) {\n  expect(pixel).to.have.css('background-color', WHITE);\n}).and(function (pixels) {\n  var rows = chunk(pixels, 5);\n  rows.forEach(function (row) {\n    for (var index = 1; index < row.length; index += 1) {\n      var current = pixels[index];\n      var previous = pixels[index - 1];\n      cy.wrap(current).should('be.onTheRightOf', previous).and('be.horizontallyAlignedWith', previous);\n    }\n  });\n  for (var index = 1; index < 5; index += 1) {\n    expect(pixels[index * 5]).to.be.belowOf(pixels[(index - 1) * 5]);\n  }\n});",
              "err": {
                "message": "AssertionError: expected '<div.pixel>' to have CSS property 'background-color' with the value 'rgb(255, 255, 255)', but the value was 'rgba(0, 0, 0, 0)'",
                "estack": "AssertionError: expected '<div.pixel>' to have CSS property 'background-color' with the value 'rgb(255, 255, 255)', but the value was 'rgba(0, 0, 0, 0)'\n    at callback (http://localhost:33235/__cypress/runner/cypress_runner.js:136947:20)\n    at getRet (http://localhost:33235/__cypress/runner/cypress_runner.js:136585:16)\n    at tryCatcher (http://localhost:33235/__cypress/runner/cypress_runner.js:167415:23)\n    at Function.Promise.attempt.Promise.try (http://localhost:33235/__cypress/runner/cypress_runner.js:164690:29)\n    at thenFn (http://localhost:33235/__cypress/runner/cypress_runner.js:136599:23)\n    at yieldItem (http://localhost:33235/__cypress/runner/cypress_runner.js:136954:16)\n    at tryCatcher (http://localhost:33235/__cypress/runner/cypress_runner.js:167415:23)\n    at Object.gotValue (http://localhost:33235/__cypress/runner/cypress_runner.js:166557:18)\n    at Object.gotAccum (http://localhost:33235/__cypress/runner/cypress_runner.js:166546:25)\n    at Object.tryCatcher (http://localhost:33235/__cypress/runner/cypress_runner.js:167415:23)\n    at Promise._settlePromiseFromHandler (http://localhost:33235/__cypress/runner/cypress_runner.js:165351:31)\n    at Promise._settlePromise (http://localhost:33235/__cypress/runner/cypress_runner.js:165408:18)\n    at Promise._settlePromiseCtx (http://localhost:33235/__cypress/runner/cypress_runner.js:165445:10)\n    at Async../node_modules/bluebird/js/release/async.js.Async._drainQueue (http://localhost:33235/__cypress/runner/cypress_runner.js:162145:12)\n    at Async../node_modules/bluebird/js/release/async.js.Async._drainQueues (http://localhost:33235/__cypress/runner/cypress_runner.js:162150:10)\n    at Async.drainQueues (http://localhost:33235/__cypress/runner/cypress_runner.js:162024:14)",
                "diff": "- 'rgba(0, 0, 0, 0)'\n+ 'rgb(255, 255, 255)'\n"
              },
              "uuid": "da57964e-1a3a-4da8-9f4f-0861731bf8d1",
              "parentUUID": "797885e6-1e07-422c-a994-567f3a7e88f0",
              "isHook": false,
              "skipped": false
            },
            {
              "title": "Verifica se 40 pixels é o tamanho total do elemento, incluindo seu conteúdo e excluindo a borda preta, que deve ser criada à parte.",
              "fullTitle": "5 - Faça com que cada elemento do quadro de pixels possua 40 pixels de largura, 40 pixels de altura e seja delimitado por uma borda preta de 1 pixel. Verifica se 40 pixels é o tamanho total do elemento, incluindo seu conteúdo e excluindo a borda preta, que deve ser criada à parte.",
              "timedOut": null,
              "duration": 4296,
              "state": "failed",
              "speed": null,
              "pass": false,
              "fail": true,
              "pending": false,
              "context": null,
              "code": "cy.get('.pixel').each(function (pixel) {\n  cy.wrap(pixel).should('have.css', 'height', '40px').and('have.css', 'width', '40px').and('have.css', 'border', \"1px solid \".concat(BLACK));\n});",
              "err": {
                "message": "CypressError: Timed out retrying: expected '<div.pixel>' to have CSS property 'height' with the value '40px', but the value was '0px'",
                "estack": "CypressError: Timed out retrying: expected '<div.pixel>' to have CSS property 'height' with the value '40px', but the value was '0px'\n    at cypressErr (http://localhost:33235/__cypress/runner/cypress_runner.js:149934:9)\n    at throwErr (http://localhost:33235/__cypress/runner/cypress_runner.js:149867:11)\n    at Object.throwErrByPath (http://localhost:33235/__cypress/runner/cypress_runner.js:149915:3)\n    at retry (http://localhost:33235/__cypress/runner/cypress_runner.js:144197:19)\n    at onFailFn (http://localhost:33235/__cypress/runner/cypress_runner.js:132448:16)\n    at tryCatcher (http://localhost:33235/__cypress/runner/cypress_runner.js:167415:23)\n    at Promise._settlePromiseFromHandler (http://localhost:33235/__cypress/runner/cypress_runner.js:165351:31)\n    at Promise._settlePromise (http://localhost:33235/__cypress/runner/cypress_runner.js:165408:18)\n    at Promise._settlePromise0 (http://localhost:33235/__cypress/runner/cypress_runner.js:165453:10)\n    at Promise._settlePromises (http://localhost:33235/__cypress/runner/cypress_runner.js:165528:18)\n    at Async../node_modules/bluebird/js/release/async.js.Async._drainQueue (http://localhost:33235/__cypress/runner/cypress_runner.js:162140:16)\n    at Async../node_modules/bluebird/js/release/async.js.Async._drainQueues (http://localhost:33235/__cypress/runner/cypress_runner.js:162150:10)\n    at Async.drainQueues (http://localhost:33235/__cypress/runner/cypress_runner.js:162024:14)",
                "diff": null
              },
              "uuid": "8e3ab91b-e7c9-4ceb-932d-c26f61027041",
              "parentUUID": "797885e6-1e07-422c-a994-567f3a7e88f0",
              "isHook": false,
              "skipped": false
            }
          ],
          "suites": [],
          "passes": [],
          "failures": [
            "da57964e-1a3a-4da8-9f4f-0861731bf8d1",
            "8e3ab91b-e7c9-4ceb-932d-c26f61027041"
          ],
          "pending": [],
          "skipped": [],
          "duration": 4637,
          "root": false,
          "rootEmpty": false,
          "_timeout": 2000
        },
        {
          "uuid": "19a1eef7-bf11-4490-92b0-b1f10c891c35",
          "title": "6 - Defina a cor preta como cor inicial. Ao carregar a página a cor preta já deve estar selecionada para pintar os pixels",
          "fullFile": "",
          "file": "",
          "beforeHooks": [],
          "afterHooks": [],
          "tests": [
            {
              "title": "Verifica se o elemento da cor preta possui, inicialmente, a `classe` `selected`",
              "fullTitle": "6 - Defina a cor preta como cor inicial. Ao carregar a página a cor preta já deve estar selecionada para pintar os pixels Verifica se o elemento da cor preta possui, inicialmente, a `classe` `selected`",
              "timedOut": null,
              "duration": 4478,
              "state": "failed",
              "speed": null,
              "pass": false,
              "fail": true,
              "pending": false,
              "context": null,
              "code": "cy.get('.selected').first().should('have.css', 'background-color', BLACK);",
              "err": {
                "message": "CypressError: Timed out retrying: Expected to find element: '.selected', but never found it.",
                "estack": "CypressError: Timed out retrying: Expected to find element: '.selected', but never found it.\n    at cypressErr (http://localhost:33235/__cypress/runner/cypress_runner.js:149934:9)\n    at throwErr (http://localhost:33235/__cypress/runner/cypress_runner.js:149867:11)\n    at Object.throwErrByPath (http://localhost:33235/__cypress/runner/cypress_runner.js:149915:3)\n    at retry (http://localhost:33235/__cypress/runner/cypress_runner.js:144197:19)\n    at onFailFn (http://localhost:33235/__cypress/runner/cypress_runner.js:132448:16)\n    at tryCatcher (http://localhost:33235/__cypress/runner/cypress_runner.js:167415:23)\n    at Promise._settlePromiseFromHandler (http://localhost:33235/__cypress/runner/cypress_runner.js:165351:31)\n    at Promise._settlePromise (http://localhost:33235/__cypress/runner/cypress_runner.js:165408:18)\n    at Promise._settlePromise0 (http://localhost:33235/__cypress/runner/cypress_runner.js:165453:10)\n    at Promise._settlePromises (http://localhost:33235/__cypress/runner/cypress_runner.js:165528:18)\n    at Async../node_modules/bluebird/js/release/async.js.Async._drainQueue (http://localhost:33235/__cypress/runner/cypress_runner.js:162140:16)\n    at Async../node_modules/bluebird/js/release/async.js.Async._drainQueues (http://localhost:33235/__cypress/runner/cypress_runner.js:162150:10)\n    at Async.drainQueues (http://localhost:33235/__cypress/runner/cypress_runner.js:162024:14)",
                "diff": null
              },
              "uuid": "707c765c-a912-4294-bb7e-9306c132eced",
              "parentUUID": "19a1eef7-bf11-4490-92b0-b1f10c891c35",
              "isHook": false,
              "skipped": false
            },
            {
              "title": "Verifica se nenhuma outra cor da paleta tem a `classe` `selected`",
              "fullTitle": "6 - Defina a cor preta como cor inicial. Ao carregar a página a cor preta já deve estar selecionada para pintar os pixels Verifica se nenhuma outra cor da paleta tem a `classe` `selected`",
              "timedOut": null,
              "duration": 208,
              "state": "passed",
              "speed": "slow",
              "pass": true,
              "fail": false,
              "pending": false,
              "context": null,
              "code": "cy.get('.color:not(:first-child)').each(function (color) {\n  cy.wrap(color).should('not.have.class', 'selected');\n});",
              "err": {},
              "uuid": "38d2fb04-f948-4472-9f56-0550e277f3cd",
              "parentUUID": "19a1eef7-bf11-4490-92b0-b1f10c891c35",
              "isHook": false,
              "skipped": false
            }
          ],
          "suites": [],
          "passes": [
            "38d2fb04-f948-4472-9f56-0550e277f3cd"
          ],
          "failures": [
            "707c765c-a912-4294-bb7e-9306c132eced"
          ],
          "pending": [],
          "skipped": [],
          "duration": 4686,
          "root": false,
          "rootEmpty": false,
          "_timeout": 2000
        },
        {
          "uuid": "399874b0-8a96-4f20-ba37-5acce5d3c2f4",
          "title": "7 - Clicar em uma das cores da paleta, faz com que ela seja selecionada e utilizada para preencher os pixels no quadro.",
          "fullFile": "",
          "file": "",
          "beforeHooks": [],
          "afterHooks": [],
          "tests": [
            {
              "title": "Verifica se somente uma cor da paleta de cores tem a classe `selected` de cada vez",
              "fullTitle": "7 - Clicar em uma das cores da paleta, faz com que ela seja selecionada e utilizada para preencher os pixels no quadro. Verifica se somente uma cor da paleta de cores tem a classe `selected` de cada vez",
              "timedOut": null,
              "duration": 367,
              "state": "failed",
              "speed": null,
              "pass": false,
              "fail": true,
              "pending": false,
              "context": null,
              "code": "cy.get('.color').each(function (selectedColor, selectedColorIndex) {\n  cy.wrap(selectedColor).click();\n  cy.get('.color').each(function (color, colorIndex) {\n    if (colorIndex === selectedColorIndex) {\n      expect(color).to.have[\"class\"]('selected');\n    } else {\n      expect(color).not.to.have[\"class\"]('selected');\n    }\n  });\n});",
              "err": {
                "message": "AssertionError: expected '<div#green.color>' to have class 'selected'",
                "estack": "AssertionError: expected '<div#green.color>' to have class 'selected'\n    at callback (http://localhost:33235/__cypress/runner/cypress_runner.js:136947:20)\n    at getRet (http://localhost:33235/__cypress/runner/cypress_runner.js:136585:16)\n    at tryCatcher (http://localhost:33235/__cypress/runner/cypress_runner.js:167415:23)\n    at Function.Promise.attempt.Promise.try (http://localhost:33235/__cypress/runner/cypress_runner.js:164690:29)\n    at thenFn (http://localhost:33235/__cypress/runner/cypress_runner.js:136599:23)\n    at yieldItem (http://localhost:33235/__cypress/runner/cypress_runner.js:136954:16)\n    at tryCatcher (http://localhost:33235/__cypress/runner/cypress_runner.js:167415:23)\n    at Object.gotValue (http://localhost:33235/__cypress/runner/cypress_runner.js:166557:18)\n    at Object.gotAccum (http://localhost:33235/__cypress/runner/cypress_runner.js:166546:25)\n    at Object.tryCatcher (http://localhost:33235/__cypress/runner/cypress_runner.js:167415:23)\n    at Promise._settlePromiseFromHandler (http://localhost:33235/__cypress/runner/cypress_runner.js:165351:31)\n    at Promise._settlePromise (http://localhost:33235/__cypress/runner/cypress_runner.js:165408:18)\n    at Promise._settlePromiseCtx (http://localhost:33235/__cypress/runner/cypress_runner.js:165445:10)\n    at Async../node_modules/bluebird/js/release/async.js.Async._drainQueue (http://localhost:33235/__cypress/runner/cypress_runner.js:162145:12)\n    at Async../node_modules/bluebird/js/release/async.js.Async._drainQueues (http://localhost:33235/__cypress/runner/cypress_runner.js:162150:10)\n    at Async.drainQueues (http://localhost:33235/__cypress/runner/cypress_runner.js:162024:14)",
                "diff": "- { '0': <div id=\"green\" class=\"color\"></div>,\n-   length: 1,\n-   jquery: '3.1.1',\n-   constructor: \n-    { [Function: jQuery]\n-      fn: \n-       { jquery: '3.1.1',\n-         constructor: [Circular],\n-         length: 0,\n-         toArray: [Function: toArray],\n-         get: [Function: get],\n-         pushStack: [Function: pushStack],\n-         each: [Function: each],\n-         map: [Function: map],\n-         slice: [Function: slice],\n-         first: [Function: first],\n-         last: [Function: last],\n-         eq: [Function: eq],\n-         end: [Function: end],\n-         push: [Function: push],\n-         sort: [Function: sort],\n-         splice: [Function: splice],\n-         extend: [Function],\n-         find: [Function: find],\n-         filter: [Function: filter],\n-         not: [Function: not],\n-         is: [Function: is],\n-         init: [Function],\n-         has: [Function: has],\n-         closest: [Function: closest],\n-         index: [Function: index],\n-         add: [Function: add],\n-         addBack: [Function: addBack],\n-         parent: [Function],\n-         parents: [Function],\n-         parentsUntil: [Function],\n-         next: [Function],\n-         prev: [Function],\n-         nextAll: [Function],\n-         prevAll: [Function],\n-         nextUntil: [Function],\n-         prevUntil: [Function],\n-         siblings: [Function],\n-         children: [Function],\n-         contents: [Function],\n-         ready: [Function],\n-         data: [Function: data],\n-         removeData: [Function: removeData],\n-         queue: [Function: queue],\n-         dequeue: [Function: dequeue],\n-         clearQueue: [Function: clearQueue],\n-         promise: [Function: promise],\n-         show: [Function],\n-         hide: [Function],\n-         toggle: [Function],\n-         on: [Function: on],\n-         one: [Function: one],\n-         off: [Function: off],\n-         detach: [Function: detach],\n-         remove: [Function: remove],\n-         text: [Function: text],\n-         append: [Function: append],\n-         prepend: [Function: prepend],\n-         before: [Function: before],\n-         after: [Function: after],\n-         empty: [Function: empty],\n-         clone: [Function: clone],\n-         html: [Function: html],\n-         replaceWith: [Function: replaceWith],\n-         appendTo: [Function],\n-         prependTo: [Function],\n-         insertBefore: [Function],\n-         insertAfter: [Function],\n-         replaceAll: [Function],\n-         css: [Function: css],\n-         fadeTo: [Function: fadeTo],\n-         animate: [Function: animate],\n-         stop: [Function: stop],\n-         finish: [Function: finish],\n-         slideDown: [Function],\n-         slideUp: [Function],\n-         slideToggle: [Function],\n-         fadeIn: [Function],\n-         fadeOut: [Function],\n-         fadeToggle: [Function],\n-         delay: [Function],\n-         attr: [Function: attr],\n-         removeAttr: [Function: removeAttr],\n-         prop: [Function: prop],\n-         removeProp: [Function: removeProp],\n-         addClass: [Function: addClass],\n-         removeClass: [Function: removeClass],\n-         toggleClass: [Function: toggleClass],\n-         hasClass: [Function: hasClass],\n-         val: [Function: val],\n-         trigger: [Function: trigger],\n-         triggerHandler: [Function: triggerHandler],\n-         blur: [Function],\n-         focus: [Function],\n-         focusin: [Function],\n-         focusout: [Function],\n-         resize: [Function],\n-         scroll: [Function],\n-         click: [Function],\n-         dblclick: [Function],\n-         mousedown: [Function],\n-         mouseup: [Function],\n-         mousemove: [Function],\n-         mouseover: [Function],\n-         mouseout: [Function],\n-         mouseenter: [Function],\n-         mouseleave: [Function],\n-         change: [Function],\n-         select: [Function],\n-         submit: [Function],\n-         keydown: [Function],\n-         keypress: [Function],\n-         keyup: [Function],\n-         contextmenu: [Function],\n-         hover: [Function: hover],\n-         serialize: [Function: serialize],\n-         serializeArray: [Function: serializeArray],\n-         wrapAll: [Function: wrapAll],\n-         wrapInner: [Function: wrapInner],\n-         wrap: [Function: wrap],\n-         unwrap: [Function: unwrap],\n-         load: [Function],\n-         ajaxStart: [Function],\n-         ajaxStop: [Function],\n-         ajaxComplete: [Function],\n-         ajaxError: [Function],\n-         ajaxSuccess: [Function],\n-         ajaxSend: [Function],\n-         offset: [Function: offset],\n-         position: [Function: position],\n-         offsetParent: [Function: offsetParent],\n-         scrollLeft: [Function],\n-         scrollTop: [Function],\n-         innerHeight: [Function],\n-         height: [Function],\n-         outerHeight: [Function],\n-         innerWidth: [Function],\n-         width: [Function],\n-         outerWidth: [Function],\n-         bind: [Function: bind],\n-         unbind: [Function: unbind],\n-         delegate: [Function: delegate],\n-         undelegate: [Function: undelegate],\n-         scrollTo: [Function] },\n-      extend: [Function],\n-      expando: 'jQuery3110040818444132309395',\n-      isReady: true,\n-      error: [Function: error],\n-      noop: [Function: noop],\n-      isFunction: [Function: isFunction],\n-      isArray: [Function: isArray],\n-      isWindow: [Function: isWindow],\n-      isNumeric: [Function: isNumeric],\n-      isPlainObject: [Function: isPlainObject],\n-      isEmptyObject: [Function: isEmptyObject],\n-      type: [Function: type],\n-      globalEval: [Function: globalEval],\n-      camelCase: [Function: camelCase],\n-      nodeName: [Function: nodeName],\n-      each: [Function: each],\n-      trim: [Function: trim],\n-      makeArray: [Function: makeArray],\n-      inArray: [Function: inArray],\n-      merge: [Function: merge],\n-      grep: [Function: grep],\n-      map: [Function: map],\n-      guid: 7,\n-      proxy: [Function: proxy],\n-      now: [Function: now],\n-      support: \n-       { checkClone: true,\n-         noCloneChecked: true,\n-         clearCloneStyle: true,\n-         pixelPosition: [Function: pixelPosition],\n-         boxSizingReliable: [Function: boxSizingReliable],\n-         pixelMarginRight: [Function: pixelMarginRight],\n-         reliableMarginLeft: [Function: reliableMarginLeft],\n-         checkOn: true,\n-         optSelected: true,\n-         radioValue: true,\n-         focusin: false,\n-         cors: true,\n-         ajax: true,\n-         createHTMLDocument: true },\n-      find: \n-       { [Function: Sizzle]\n-         support: [Object],\n-         isXML: [Function],\n-         setDocument: [Function],\n-         matches: [Function],\n-         matchesSelector: [Function],\n-         contains: [Function],\n-         attr: [Function],\n-         escape: [Function],\n-         error: [Function],\n-         uniqueSort: [Function],\n-         getText: [Function],\n-         selectors: [Object],\n-         tokenize: [Function],\n-         compile: [Function],\n-         select: [Function] },\n-      expr: \n-       { cacheLength: 1,\n-         createPseudo: [Function: markFunction],\n-         match: [Object],\n-         attrHandle: [Object],\n-         find: [Object],\n-         relative: [Object],\n-         preFilter: [Object],\n-         filter: [Object],\n-         pseudos: [Object],\n-         filters: [Object],\n-         setFilters: [Object],\n-         ':': [Object] },\n-      unique: [Function],\n-      uniqueSort: [Function],\n-      text: [Function],\n-      isXMLDoc: [Function],\n-      contains: [Function],\n-      escapeSelector: [Function],\n-      filter: [Function],\n-      Callbacks: [Function],\n-      Deferred: { [Function: Deferred] exceptionHook: [Function] },\n-      when: [Function: when],\n-      readyException: [Function],\n-      readyWait: 0,\n-      holdReady: [Function: holdReady],\n-      ready: { [Function: ready] then: [Function: then] },\n-      hasData: [Function: hasData],\n-      data: [Function: data],\n-      removeData: [Function: removeData],\n-      _data: [Function: _data],\n-      _removeData: [Function: _removeData],\n-      queue: [Function: queue],\n-      dequeue: [Function: dequeue],\n-      _queueHooks: [Function: _queueHooks],\n-      event: \n-       { global: [Object],\n-         add: [Function: add],\n-         remove: [Function: remove],\n-         dispatch: [Function: dispatch],\n-         handlers: [Function: handlers],\n-         addProp: [Function: addProp],\n-         fix: [Function: fix],\n-         special: [Object],\n-         trigger: [Function: trigger],\n-         simulate: [Function: simulate] },\n-      removeEvent: [Function],\n-      Event: [Function],\n-      htmlPrefilter: [Function: htmlPrefilter],\n-      clone: [Function: clone],\n-      cleanData: [Function: cleanData],\n-      cssHooks: \n-       { opacity: [Object],\n-         height: [Object],\n-         width: [Object],\n-         marginLeft: [Object],\n-         margin: [Object],\n-         padding: [Object],\n-         borderWidth: [Object],\n-         top: [Object],\n-         left: [Object] },\n-      cssNumber: \n-       { animationIterationCount: true,\n-         columnCount: true,\n-         fillOpacity: true,\n-         flexGrow: true,\n-         flexShrink: true,\n-         fontWeight: true,\n-         lineHeight: true,\n-         opacity: true,\n-         order: true,\n-         orphans: true,\n-         widows: true,\n-         zIndex: true,\n-         zoom: true },\n-      cssProps: \n-       { float: 'cssFloat',\n-         width: 'width',\n-         display: 'display',\n-         boxSizing: 'boxSizing',\n-         height: 'height',\n-         overflow: 'overflow',\n-         overflowY: 'overflowY',\n-         overflowX: 'overflowX',\n-         visibility: 'visibility',\n-         position: 'position',\n-         backgroundColor: 'backgroundColor',\n-         border: 'border',\n-         paddingRight: 'paddingRight',\n-         borderRightWidth: 'borderRightWidth',\n-         paddingLeft: 'paddingLeft',\n-         borderLeftWidth: 'borderLeftWidth',\n-         paddingTop: 'paddingTop',\n-         borderTopWidth: 'borderTopWidth',\n-         paddingBottom: 'paddingBottom',\n-         borderBottomWidth: 'borderBottomWidth' },\n-      style: [Function: style],\n-      css: [Function: css],\n-      Tween: { [Function: Tween] propHooks: [Object] },\n-      easing: \n-       { linear: [Function: linear],\n-         swing: [Function: swing],\n-         _default: 'swing' },\n-      fx: \n-       { [Function: init]\n-         step: {},\n-         tick: [Function],\n-         timer: [Function],\n-         interval: 13,\n-         start: [Function],\n-         stop: [Function],\n-         speeds: [Object] },\n-      Animation: \n-       { [Function: Animation]\n-         tweeners: [Object],\n-         tweener: [Function: tweener],\n-         prefilters: [Object],\n-         prefilter: [Function: prefilter] },\n-      speed: [Function],\n-      timers: [],\n-      attr: [Function: attr],\n-      attrHooks: { type: [Object] },\n-      removeAttr: [Function: removeAttr],\n-      prop: [Function: prop],\n-      propHooks: { tabIndex: [Object] },\n-      propFix: \n-       { for: 'htmlFor',\n-         class: 'className',\n-         tabindex: 'tabIndex',\n-         readonly: 'readOnly',\n-         maxlength: 'maxLength',\n-         cellspacing: 'cellSpacing',\n-         cellpadding: 'cellPadding',\n-         rowspan: 'rowSpan',\n-         colspan: 'colSpan',\n-         usemap: 'useMap',\n-         frameborder: 'frameBorder',\n-         contenteditable: 'contentEditable' },\n-      valHooks: \n-       { option: [Object],\n-         select: [Object],\n-         radio: [Object],\n-         checkbox: [Object] },\n-      parseXML: [Function],\n-      param: [Function],\n-      active: 0,\n-      lastModified: {},\n-      etag: {},\n-      ajaxSettings: \n-       { url: 'http://localhost:33235/__/#/tests/integration/project.spec.js',\n-         type: 'GET',\n-         isLocal: false,\n-         global: true,\n-         processData: true,\n-         async: true,\n-         contentType: 'application/x-www-form-urlencoded; charset=UTF-8',\n-         accepts: [Object],\n-         contents: [Object],\n-         responseFields: [Object],\n-         converters: [Object],\n-         flatOptions: [Object],\n-         xhr: [Function],\n-         jsonp: 'callback',\n-         jsonpCallback: [Function: jsonpCallback],\n-         cache: false },\n-      ajaxSetup: [Function: ajaxSetup],\n-      ajaxPrefilter: [Function],\n-      ajaxTransport: [Function],\n-      ajax: [Function: ajax],\n-      getJSON: [Function: getJSON],\n-      getScript: [Function: getScript],\n-      get: [Function],\n-      post: [Function],\n-      _evalUrl: [Function],\n-      parseHTML: [Function],\n-      offset: { setOffset: [Function: setOffset] },\n-      parseJSON: [Function: parse],\n-      noConflict: [Function],\n-      scrollTo: { [Function] defaults: [Object], max: [Function] } },\n-   toArray: [Function: toArray],\n-   get: [Function: get],\n-   pushStack: [Function: pushStack],\n-   each: [Function: each],\n-   map: [Function: map],\n-   slice: [Function: slice],\n-   first: [Function: first],\n-   last: [Function: last],\n-   eq: [Function: eq],\n-   end: [Function: end],\n-   push: [Function: push],\n-   sort: [Function: sort],\n-   splice: [Function: splice],\n-   extend: [Function],\n-   find: [Function: find],\n-   filter: [Function: filter],\n-   not: [Function: not],\n-   is: [Function: is],\n-   init: [Function],\n-   has: [Function: has],\n-   closest: [Function: closest],\n-   index: [Function: index],\n-   add: [Function: add],\n-   addBack: [Function: addBack],\n-   parent: [Function],\n-   parents: [Function],\n-   parentsUntil: [Function],\n-   next: [Function],\n-   prev: [Function],\n-   nextAll: [Function],\n-   prevAll: [Function],\n-   nextUntil: [Function],\n-   prevUntil: [Function],\n-   siblings: [Function],\n-   children: [Function],\n-   contents: [Function],\n-   ready: [Function],\n-   data: [Function: data],\n-   removeData: [Function: removeData],\n-   queue: [Function: queue],\n-   dequeue: [Function: dequeue],\n-   clearQueue: [Function: clearQueue],\n-   promise: [Function: promise],\n-   show: [Function],\n-   hide: [Function],\n-   toggle: [Function],\n-   on: [Function: on],\n-   one: [Function: one],\n-   off: [Function: off],\n-   detach: [Function: detach],\n-   remove: [Function: remove],\n-   text: [Function: text],\n-   append: [Function: append],\n-   prepend: [Function: prepend],\n-   before: [Function: before],\n-   after: [Function: after],\n-   empty: [Function: empty],\n-   clone: [Function: clone],\n-   html: [Function: html],\n-   replaceWith: [Function: replaceWith],\n-   appendTo: [Function],\n-   prependTo: [Function],\n-   insertBefore: [Function],\n-   insertAfter: [Function],\n-   replaceAll: [Function],\n-   css: [Function: css],\n-   fadeTo: [Function: fadeTo],\n-   animate: [Function: animate],\n-   stop: [Function: stop],\n-   finish: [Function: finish],\n-   slideDown: [Function],\n-   slideUp: [Function],\n-   slideToggle: [Function],\n-   fadeIn: [Function],\n-   fadeOut: [Function],\n-   fadeToggle: [Function],\n-   delay: [Function],\n-   attr: [Function: attr],\n-   removeAttr: [Function: removeAttr],\n-   prop: [Function: prop],\n-   removeProp: [Function: removeProp],\n-   addClass: [Function: addClass],\n-   removeClass: [Function: removeClass],\n-   toggleClass: [Function: toggleClass],\n-   hasClass: [Function: hasClass],\n-   val: [Function: val],\n-   trigger: [Function: trigger],\n-   triggerHandler: [Function: triggerHandler],\n-   blur: [Function],\n-   focus: [Function],\n-   focusin: [Function],\n-   focusout: [Function],\n-   resize: [Function],\n-   scroll: [Function],\n-   click: [Function],\n-   dblclick: [Function],\n-   mousedown: [Function],\n-   mouseup: [Function],\n-   mousemove: [Function],\n-   mouseover: [Function],\n-   mouseout: [Function],\n-   mouseenter: [Function],\n-   mouseleave: [Function],\n-   change: [Function],\n-   select: [Function],\n-   submit: [Function],\n-   keydown: [Function],\n-   keypress: [Function],\n-   keyup: [Function],\n-   contextmenu: [Function],\n-   hover: [Function: hover],\n-   serialize: [Function: serialize],\n-   serializeArray: [Function: serializeArray],\n-   wrapAll: [Function: wrapAll],\n-   wrapInner: [Function: wrapInner],\n-   wrap: [Function: wrap],\n-   unwrap: [Function: unwrap],\n-   load: [Function],\n-   ajaxStart: [Function],\n-   ajaxStop: [Function],\n-   ajaxComplete: [Function],\n-   ajaxError: [Function],\n-   ajaxSuccess: [Function],\n-   ajaxSend: [Function],\n-   offset: [Function: offset],\n-   position: [Function: position],\n-   offsetParent: [Function: offsetParent],\n-   scrollLeft: [Function],\n-   scrollTop: [Function],\n-   innerHeight: [Function],\n-   height: [Function],\n-   outerHeight: [Function],\n-   innerWidth: [Function],\n-   width: [Function],\n-   outerWidth: [Function],\n-   bind: [Function: bind],\n-   unbind: [Function: unbind],\n-   delegate: [Function: delegate],\n-   undelegate: [Function: undelegate],\n-   scrollTo: [Function] }\n+ 'selected'\n"
              },
              "uuid": "7fa29ca7-0704-4599-abfd-5f57f99c3367",
              "parentUUID": "399874b0-8a96-4f20-ba37-5acce5d3c2f4",
              "isHook": false,
              "skipped": false
            },
            {
              "title": "Verifica se os pixels dentro do quadro não têm a classe `selected` quando são clicados",
              "fullTitle": "7 - Clicar em uma das cores da paleta, faz com que ela seja selecionada e utilizada para preencher os pixels no quadro. Verifica se os pixels dentro do quadro não têm a classe `selected` quando são clicados",
              "timedOut": null,
              "duration": 4481,
              "state": "failed",
              "speed": null,
              "pass": false,
              "fail": true,
              "pending": false,
              "context": null,
              "code": "cy.get('.color').each(function (color) {\n  var backgroundColor = color.css('background-color');\n  cy.wrap(color).click();\n  cy.get('.pixel').each(function (pixel) {\n    cy.wrap(pixel).click().should('not.have.class', 'selected');\n  });\n});",
              "err": {
                "message": "CypressError: Timed out retrying: cy.click() failed because this element is not visible:\n\n<div class=\"pixel\"></div>\n\nThis element '<div.pixel>' is not visible because it has an effective width and height of: '1350 x 0' pixels.\n\nFix this problem, or use {force: true} to disable error checking.\n\nhttps://on.cypress.io/element-cannot-be-interacted-with",
                "estack": "CypressError: Timed out retrying: cy.click() failed because this element is not visible:\n\n<div class=\"pixel\"></div>\n\nThis element '<div.pixel>' is not visible because it has an effective width and height of: '1350 x 0' pixels.\n\nFix this problem, or use {force: true} to disable error checking.\n\nhttps://on.cypress.io/element-cannot-be-interacted-with\n    at cypressErr (http://localhost:33235/__cypress/runner/cypress_runner.js:149934:9)\n    at throwErr (http://localhost:33235/__cypress/runner/cypress_runner.js:149867:11)\n    at Object.throwErrByPath (http://localhost:33235/__cypress/runner/cypress_runner.js:149915:3)\n    at Object.retry (http://localhost:33235/__cypress/runner/cypress_runner.js:144197:19)\n    at retryActionability (http://localhost:33235/__cypress/runner/cypress_runner.js:132052:19)\n    at tryCatcher (http://localhost:33235/__cypress/runner/cypress_runner.js:167415:23)\n    at Function.Promise.attempt.Promise.try (http://localhost:33235/__cypress/runner/cypress_runner.js:164690:29)\n    at tryFn (http://localhost:33235/__cypress/runner/cypress_runner.js:144661:21)\n    at whenStable (http://localhost:33235/__cypress/runner/cypress_runner.js:144696:12)\n    at http://localhost:33235/__cypress/runner/cypress_runner.js:144240:16\n    at tryCatcher (http://localhost:33235/__cypress/runner/cypress_runner.js:167415:23)\n    at Promise._settlePromiseFromHandler (http://localhost:33235/__cypress/runner/cypress_runner.js:165351:31)\n    at Promise._settlePromise (http://localhost:33235/__cypress/runner/cypress_runner.js:165408:18)\n    at Promise._settlePromise0 (http://localhost:33235/__cypress/runner/cypress_runner.js:165453:10)\n    at Promise._settlePromises (http://localhost:33235/__cypress/runner/cypress_runner.js:165532:18)\n    at Promise._fulfill (http://localhost:33235/__cypress/runner/cypress_runner.js:165477:18)",
                "diff": null
              },
              "uuid": "1510adcc-c172-4bed-8e79-3fc4e1ca0d9d",
              "parentUUID": "399874b0-8a96-4f20-ba37-5acce5d3c2f4",
              "isHook": false,
              "skipped": false
            }
          ],
          "suites": [],
          "passes": [],
          "failures": [
            "7fa29ca7-0704-4599-abfd-5f57f99c3367",
            "1510adcc-c172-4bed-8e79-3fc4e1ca0d9d"
          ],
          "pending": [],
          "skipped": [],
          "duration": 4848,
          "root": false,
          "rootEmpty": false,
          "_timeout": 2000
        },
        {
          "uuid": "3fa52115-cecf-47a6-a6cc-d8b11c7acd6e",
          "title": "8 - Clicar em um pixel dentro do quadro após selecionar uma cor na paleta, faz com que o pixel seja preenchido com a cor selecionada.",
          "fullFile": "",
          "file": "",
          "beforeHooks": [],
          "afterHooks": [],
          "tests": [
            {
              "title": "Verifica se ao carregar a página deve ser possível pintar os pixels de preto",
              "fullTitle": "8 - Clicar em um pixel dentro do quadro após selecionar uma cor na paleta, faz com que o pixel seja preenchido com a cor selecionada. Verifica se ao carregar a página deve ser possível pintar os pixels de preto",
              "timedOut": null,
              "duration": 4519,
              "state": "failed",
              "speed": null,
              "pass": false,
              "fail": true,
              "pending": false,
              "context": null,
              "code": "cy.get('.pixel').each(function (pixel) {\n  cy.wrap(pixel).click().should('have.css', 'background-color', BLACK);\n});",
              "err": {
                "message": "CypressError: Timed out retrying: cy.click() failed because this element is not visible:\n\n<div class=\"pixel\"></div>\n\nThis element '<div.pixel>' is not visible because it has an effective width and height of: '1350 x 0' pixels.\n\nFix this problem, or use {force: true} to disable error checking.\n\nhttps://on.cypress.io/element-cannot-be-interacted-with",
                "estack": "CypressError: Timed out retrying: cy.click() failed because this element is not visible:\n\n<div class=\"pixel\"></div>\n\nThis element '<div.pixel>' is not visible because it has an effective width and height of: '1350 x 0' pixels.\n\nFix this problem, or use {force: true} to disable error checking.\n\nhttps://on.cypress.io/element-cannot-be-interacted-with\n    at cypressErr (http://localhost:33235/__cypress/runner/cypress_runner.js:149934:9)\n    at throwErr (http://localhost:33235/__cypress/runner/cypress_runner.js:149867:11)\n    at Object.throwErrByPath (http://localhost:33235/__cypress/runner/cypress_runner.js:149915:3)\n    at Object.retry (http://localhost:33235/__cypress/runner/cypress_runner.js:144197:19)\n    at retryActionability (http://localhost:33235/__cypress/runner/cypress_runner.js:132052:19)\n    at tryCatcher (http://localhost:33235/__cypress/runner/cypress_runner.js:167415:23)\n    at Function.Promise.attempt.Promise.try (http://localhost:33235/__cypress/runner/cypress_runner.js:164690:29)\n    at tryFn (http://localhost:33235/__cypress/runner/cypress_runner.js:144661:21)\n    at whenStable (http://localhost:33235/__cypress/runner/cypress_runner.js:144696:12)\n    at http://localhost:33235/__cypress/runner/cypress_runner.js:144240:16\n    at tryCatcher (http://localhost:33235/__cypress/runner/cypress_runner.js:167415:23)\n    at Promise._settlePromiseFromHandler (http://localhost:33235/__cypress/runner/cypress_runner.js:165351:31)\n    at Promise._settlePromise (http://localhost:33235/__cypress/runner/cypress_runner.js:165408:18)\n    at Promise._settlePromise0 (http://localhost:33235/__cypress/runner/cypress_runner.js:165453:10)\n    at Promise._settlePromises (http://localhost:33235/__cypress/runner/cypress_runner.js:165532:18)\n    at Promise._fulfill (http://localhost:33235/__cypress/runner/cypress_runner.js:165477:18)",
                "diff": null
              },
              "uuid": "fa772925-4c1b-4486-9336-a287f49babff",
              "parentUUID": "3fa52115-cecf-47a6-a6cc-d8b11c7acd6e",
              "isHook": false,
              "skipped": false
            },
            {
              "title": "Verifica se após selecionar uma outra cor na paleta, é possível pintar os pixels com essa cor",
              "fullTitle": "8 - Clicar em um pixel dentro do quadro após selecionar uma cor na paleta, faz com que o pixel seja preenchido com a cor selecionada. Verifica se após selecionar uma outra cor na paleta, é possível pintar os pixels com essa cor",
              "timedOut": null,
              "duration": 4564,
              "state": "failed",
              "speed": null,
              "pass": false,
              "fail": true,
              "pending": false,
              "context": null,
              "code": "cy.get('.color').each(function (color) {\n  var backgroundColor = color.css('background-color');\n  cy.wrap(color).click();\n  cy.get('.pixel').each(function (pixel) {\n    cy.wrap(pixel).click().should('have.css', 'background-color', backgroundColor);\n  });\n});",
              "err": {
                "message": "CypressError: Timed out retrying: cy.click() failed because this element is not visible:\n\n<div class=\"pixel\"></div>\n\nThis element '<div.pixel>' is not visible because it has an effective width and height of: '1350 x 0' pixels.\n\nFix this problem, or use {force: true} to disable error checking.\n\nhttps://on.cypress.io/element-cannot-be-interacted-with",
                "estack": "CypressError: Timed out retrying: cy.click() failed because this element is not visible:\n\n<div class=\"pixel\"></div>\n\nThis element '<div.pixel>' is not visible because it has an effective width and height of: '1350 x 0' pixels.\n\nFix this problem, or use {force: true} to disable error checking.\n\nhttps://on.cypress.io/element-cannot-be-interacted-with\n    at cypressErr (http://localhost:33235/__cypress/runner/cypress_runner.js:149934:9)\n    at throwErr (http://localhost:33235/__cypress/runner/cypress_runner.js:149867:11)\n    at Object.throwErrByPath (http://localhost:33235/__cypress/runner/cypress_runner.js:149915:3)\n    at Object.retry (http://localhost:33235/__cypress/runner/cypress_runner.js:144197:19)\n    at retryActionability (http://localhost:33235/__cypress/runner/cypress_runner.js:132052:19)\n    at tryCatcher (http://localhost:33235/__cypress/runner/cypress_runner.js:167415:23)\n    at Function.Promise.attempt.Promise.try (http://localhost:33235/__cypress/runner/cypress_runner.js:164690:29)\n    at tryFn (http://localhost:33235/__cypress/runner/cypress_runner.js:144661:21)\n    at whenStable (http://localhost:33235/__cypress/runner/cypress_runner.js:144696:12)\n    at http://localhost:33235/__cypress/runner/cypress_runner.js:144240:16\n    at tryCatcher (http://localhost:33235/__cypress/runner/cypress_runner.js:167415:23)\n    at Promise._settlePromiseFromHandler (http://localhost:33235/__cypress/runner/cypress_runner.js:165351:31)\n    at Promise._settlePromise (http://localhost:33235/__cypress/runner/cypress_runner.js:165408:18)\n    at Promise._settlePromise0 (http://localhost:33235/__cypress/runner/cypress_runner.js:165453:10)\n    at Promise._settlePromises (http://localhost:33235/__cypress/runner/cypress_runner.js:165532:18)\n    at Promise._fulfill (http://localhost:33235/__cypress/runner/cypress_runner.js:165477:18)",
                "diff": null
              },
              "uuid": "f1b44363-6f1e-4c23-a1ee-d87575356c65",
              "parentUUID": "3fa52115-cecf-47a6-a6cc-d8b11c7acd6e",
              "isHook": false,
              "skipped": false
            },
            {
              "title": "Verifica se somente o pixel que foi clicado foi preenchido com a cor selecionada, sem influenciar na cor dos demais pixels.",
              "fullTitle": "8 - Clicar em um pixel dentro do quadro após selecionar uma cor na paleta, faz com que o pixel seja preenchido com a cor selecionada. Verifica se somente o pixel que foi clicado foi preenchido com a cor selecionada, sem influenciar na cor dos demais pixels.",
              "timedOut": null,
              "duration": 4558,
              "state": "failed",
              "speed": null,
              "pass": false,
              "fail": true,
              "pending": false,
              "context": null,
              "code": "var colorToPixelIndexMap = {\n  0: 6,\n  1: 8,\n  2: 16,\n  3: 18\n};\ncy.get('.color').each(function (color, index) {\n  cy.wrap(color).click();\n  var backgroundColor = color.css('background-color');\n  var clickedPixelIndex = colorToPixelIndexMap[index];\n  cy.get('.pixel').eq(clickedPixelIndex).click();\n  cy.get('.pixel').eq(clickedPixelIndex - 1).should('not.have.css', 'background-color', backgroundColor);\n  cy.get('.pixel').eq(clickedPixelIndex + 1).should('not.have.css', 'background-color', backgroundColor);\n  cy.get('.pixel').eq(clickedPixelIndex - 5).should('not.have.css', 'background-color', backgroundColor);\n  cy.get('.pixel').eq(clickedPixelIndex + 5).should('not.have.css', 'background-color', backgroundColor);\n  cy.get('.pixel').eq(clickedPixelIndex - 6).should('not.have.css', 'background-color', backgroundColor);\n  cy.get('.pixel').eq(clickedPixelIndex - 4).should('not.have.css', 'background-color', backgroundColor);\n  cy.get('.pixel').eq(clickedPixelIndex + 4).should('not.have.css', 'background-color', backgroundColor);\n  cy.get('.pixel').eq(clickedPixelIndex + 6).should('not.have.css', 'background-color', backgroundColor);\n});",
              "err": {
                "message": "CypressError: Timed out retrying: cy.click() failed because this element is not visible:\n\n<div class=\"pixel\"></div>\n\nThis element '<div.pixel>' is not visible because it has an effective width and height of: '1350 x 0' pixels.\n\nFix this problem, or use {force: true} to disable error checking.\n\nhttps://on.cypress.io/element-cannot-be-interacted-with",
                "estack": "CypressError: Timed out retrying: cy.click() failed because this element is not visible:\n\n<div class=\"pixel\"></div>\n\nThis element '<div.pixel>' is not visible because it has an effective width and height of: '1350 x 0' pixels.\n\nFix this problem, or use {force: true} to disable error checking.\n\nhttps://on.cypress.io/element-cannot-be-interacted-with\n    at cypressErr (http://localhost:33235/__cypress/runner/cypress_runner.js:149934:9)\n    at throwErr (http://localhost:33235/__cypress/runner/cypress_runner.js:149867:11)\n    at Object.throwErrByPath (http://localhost:33235/__cypress/runner/cypress_runner.js:149915:3)\n    at Object.retry (http://localhost:33235/__cypress/runner/cypress_runner.js:144197:19)\n    at retryActionability (http://localhost:33235/__cypress/runner/cypress_runner.js:132052:19)\n    at tryCatcher (http://localhost:33235/__cypress/runner/cypress_runner.js:167415:23)\n    at Function.Promise.attempt.Promise.try (http://localhost:33235/__cypress/runner/cypress_runner.js:164690:29)\n    at tryFn (http://localhost:33235/__cypress/runner/cypress_runner.js:144661:21)\n    at whenStable (http://localhost:33235/__cypress/runner/cypress_runner.js:144696:12)\n    at http://localhost:33235/__cypress/runner/cypress_runner.js:144240:16\n    at tryCatcher (http://localhost:33235/__cypress/runner/cypress_runner.js:167415:23)\n    at Promise._settlePromiseFromHandler (http://localhost:33235/__cypress/runner/cypress_runner.js:165351:31)\n    at Promise._settlePromise (http://localhost:33235/__cypress/runner/cypress_runner.js:165408:18)\n    at Promise._settlePromise0 (http://localhost:33235/__cypress/runner/cypress_runner.js:165453:10)\n    at Promise._settlePromises (http://localhost:33235/__cypress/runner/cypress_runner.js:165532:18)\n    at Promise._fulfill (http://localhost:33235/__cypress/runner/cypress_runner.js:165477:18)",
                "diff": null
              },
              "uuid": "b43efd7c-e5a7-4e9e-83ea-1152c6f8850a",
              "parentUUID": "3fa52115-cecf-47a6-a6cc-d8b11c7acd6e",
              "isHook": false,
              "skipped": false
            }
          ],
          "suites": [],
          "passes": [],
          "failures": [
            "fa772925-4c1b-4486-9336-a287f49babff",
            "f1b44363-6f1e-4c23-a1ee-d87575356c65",
            "b43efd7c-e5a7-4e9e-83ea-1152c6f8850a"
          ],
          "pending": [],
          "skipped": [],
          "duration": 13641,
          "root": false,
          "rootEmpty": false,
          "_timeout": 2000
        },
        {
          "uuid": "c5e058d0-b4ad-4d7f-8c48-4119c4fac988",
          "title": "9 - Crie um botão que, ao ser clicado, limpa o quadro preenchendo a cor de todos seus pixels com branco.",
          "fullFile": "",
          "file": "",
          "beforeHooks": [],
          "afterHooks": [],
          "tests": [
            {
              "title": "Verifica se o botão tem o `id` denominado `clear-board`",
              "fullTitle": "9 - Crie um botão que, ao ser clicado, limpa o quadro preenchendo a cor de todos seus pixels com branco. Verifica se o botão tem o `id` denominado `clear-board`",
              "timedOut": null,
              "duration": 4433,
              "state": "failed",
              "speed": null,
              "pass": false,
              "fail": true,
              "pending": false,
              "context": null,
              "code": "cy.get('#clear-board').should('be.visible');",
              "err": {
                "message": "CypressError: Timed out retrying: Expected to find element: '#clear-board', but never found it.",
                "estack": "CypressError: Timed out retrying: Expected to find element: '#clear-board', but never found it.\n    at cypressErr (http://localhost:33235/__cypress/runner/cypress_runner.js:149934:9)\n    at throwErr (http://localhost:33235/__cypress/runner/cypress_runner.js:149867:11)\n    at Object.throwErrByPath (http://localhost:33235/__cypress/runner/cypress_runner.js:149915:3)\n    at retry (http://localhost:33235/__cypress/runner/cypress_runner.js:144197:19)\n    at onFailFn (http://localhost:33235/__cypress/runner/cypress_runner.js:132448:16)\n    at tryCatcher (http://localhost:33235/__cypress/runner/cypress_runner.js:167415:23)\n    at Promise._settlePromiseFromHandler (http://localhost:33235/__cypress/runner/cypress_runner.js:165351:31)\n    at Promise._settlePromise (http://localhost:33235/__cypress/runner/cypress_runner.js:165408:18)\n    at Promise._settlePromise0 (http://localhost:33235/__cypress/runner/cypress_runner.js:165453:10)\n    at Promise._settlePromises (http://localhost:33235/__cypress/runner/cypress_runner.js:165528:18)\n    at Async../node_modules/bluebird/js/release/async.js.Async._drainQueue (http://localhost:33235/__cypress/runner/cypress_runner.js:162140:16)\n    at Async../node_modules/bluebird/js/release/async.js.Async._drainQueues (http://localhost:33235/__cypress/runner/cypress_runner.js:162150:10)\n    at Async.drainQueues (http://localhost:33235/__cypress/runner/cypress_runner.js:162024:14)",
                "diff": null
              },
              "uuid": "4bc56f23-1dde-4f50-9ce8-9d34ab37868f",
              "parentUUID": "c5e058d0-b4ad-4d7f-8c48-4119c4fac988",
              "isHook": false,
              "skipped": false
            },
            {
              "title": "Verifica se o botão está posicionado entre a paleta de cores e o quadro de pixels",
              "fullTitle": "9 - Crie um botão que, ao ser clicado, limpa o quadro preenchendo a cor de todos seus pixels com branco. Verifica se o botão está posicionado entre a paleta de cores e o quadro de pixels",
              "timedOut": null,
              "duration": 4424,
              "state": "failed",
              "speed": null,
              "pass": false,
              "fail": true,
              "pending": false,
              "context": null,
              "code": "cy.get('#color-palette').then(function (palette) {\n  cy.get('#clear-board').should('be.belowOf', palette);\n});\ncy.get('#clear-board').then(function (clearBtn) {\n  cy.get('#pixel-board').should('be.belowOf', clearBtn);\n});",
              "err": {
                "message": "CypressError: Timed out retrying: Expected to find element: '#clear-board', but never found it.",
                "estack": "CypressError: Timed out retrying: Expected to find element: '#clear-board', but never found it.\n    at cypressErr (http://localhost:33235/__cypress/runner/cypress_runner.js:149934:9)\n    at throwErr (http://localhost:33235/__cypress/runner/cypress_runner.js:149867:11)\n    at Object.throwErrByPath (http://localhost:33235/__cypress/runner/cypress_runner.js:149915:3)\n    at retry (http://localhost:33235/__cypress/runner/cypress_runner.js:144197:19)\n    at onFailFn (http://localhost:33235/__cypress/runner/cypress_runner.js:132448:16)\n    at tryCatcher (http://localhost:33235/__cypress/runner/cypress_runner.js:167415:23)\n    at Promise._settlePromiseFromHandler (http://localhost:33235/__cypress/runner/cypress_runner.js:165351:31)\n    at Promise._settlePromise (http://localhost:33235/__cypress/runner/cypress_runner.js:165408:18)\n    at Promise._settlePromise0 (http://localhost:33235/__cypress/runner/cypress_runner.js:165453:10)\n    at Promise._settlePromises (http://localhost:33235/__cypress/runner/cypress_runner.js:165528:18)\n    at Async../node_modules/bluebird/js/release/async.js.Async._drainQueue (http://localhost:33235/__cypress/runner/cypress_runner.js:162140:16)\n    at Async../node_modules/bluebird/js/release/async.js.Async._drainQueues (http://localhost:33235/__cypress/runner/cypress_runner.js:162150:10)\n    at Async.drainQueues (http://localhost:33235/__cypress/runner/cypress_runner.js:162024:14)",
                "diff": null
              },
              "uuid": "e26a1ddc-7fce-4bf9-bb59-009180d73cb0",
              "parentUUID": "c5e058d0-b4ad-4d7f-8c48-4119c4fac988",
              "isHook": false,
              "skipped": false
            },
            {
              "title": "Verifica se o texto do botão é 'Limpar'",
              "fullTitle": "9 - Crie um botão que, ao ser clicado, limpa o quadro preenchendo a cor de todos seus pixels com branco. Verifica se o texto do botão é 'Limpar'",
              "timedOut": null,
              "duration": 4466,
              "state": "failed",
              "speed": null,
              "pass": false,
              "fail": true,
              "pending": false,
              "context": null,
              "code": "cy.get('#clear-board').should('contain.text', 'Limpar');",
              "err": {
                "message": "CypressError: Timed out retrying: Expected to find element: '#clear-board', but never found it.",
                "estack": "CypressError: Timed out retrying: Expected to find element: '#clear-board', but never found it.\n    at cypressErr (http://localhost:33235/__cypress/runner/cypress_runner.js:149934:9)\n    at throwErr (http://localhost:33235/__cypress/runner/cypress_runner.js:149867:11)\n    at Object.throwErrByPath (http://localhost:33235/__cypress/runner/cypress_runner.js:149915:3)\n    at retry (http://localhost:33235/__cypress/runner/cypress_runner.js:144197:19)\n    at onFailFn (http://localhost:33235/__cypress/runner/cypress_runner.js:132448:16)\n    at tryCatcher (http://localhost:33235/__cypress/runner/cypress_runner.js:167415:23)\n    at Promise._settlePromiseFromHandler (http://localhost:33235/__cypress/runner/cypress_runner.js:165351:31)\n    at Promise._settlePromise (http://localhost:33235/__cypress/runner/cypress_runner.js:165408:18)\n    at Promise._settlePromise0 (http://localhost:33235/__cypress/runner/cypress_runner.js:165453:10)\n    at Promise._settlePromises (http://localhost:33235/__cypress/runner/cypress_runner.js:165528:18)\n    at Async../node_modules/bluebird/js/release/async.js.Async._drainQueue (http://localhost:33235/__cypress/runner/cypress_runner.js:162140:16)\n    at Async../node_modules/bluebird/js/release/async.js.Async._drainQueues (http://localhost:33235/__cypress/runner/cypress_runner.js:162150:10)\n    at Async.drainQueues (http://localhost:33235/__cypress/runner/cypress_runner.js:162024:14)",
                "diff": null
              },
              "uuid": "daf7339b-7276-4a81-9aff-805f2fcbab7a",
              "parentUUID": "c5e058d0-b4ad-4d7f-8c48-4119c4fac988",
              "isHook": false,
              "skipped": false
            },
            {
              "title": "Verifica se ao clicar no botão, o quadro de pixels é totalmente preenchido de branco",
              "fullTitle": "9 - Crie um botão que, ao ser clicado, limpa o quadro preenchendo a cor de todos seus pixels com branco. Verifica se ao clicar no botão, o quadro de pixels é totalmente preenchido de branco",
              "timedOut": null,
              "duration": 4663,
              "state": "failed",
              "speed": null,
              "pass": false,
              "fail": true,
              "pending": false,
              "context": null,
[...]
                "diff": null
              },
              "uuid": "7bb284f1-c544-4f99-a26c-7be63a77835e",
              "parentUUID": "ba3ee828-bb01-4eb0-9c9b-beea15e7bb5e",
              "isHook": false,
              "skipped": false
            },
            {
              "title": "Verifica se o novo quadro tem todos os pixels preenchidos com a cor branca",
              "fullTitle": "10 - Faça o quadro de pixels ter seu tamanho definido pelo usuário. Verifica se o novo quadro tem todos os pixels preenchidos com a cor branca",
              "timedOut": null,
              "duration": 4514,
              "state": "failed",
              "speed": null,
              "pass": false,
              "fail": true,
              "pending": false,
              "context": null,
              "code": "cy.get('#board-size').clear().type(6);\ncy.get('#generate-board').click();\ncy.get('.pixel').should('have.length', 36).each(function (pixel) {\n  expect(pixel).to.have.css('background-color', WHITE);\n});",
              "err": {
                "message": "CypressError: Timed out retrying: Expected to find element: '#board-size', but never found it.",
                "estack": "CypressError: Timed out retrying: Expected to find element: '#board-size', but never found it.\n    at cypressErr (http://localhost:33235/__cypress/runner/cypress_runner.js:149934:9)\n    at throwErr (http://localhost:33235/__cypress/runner/cypress_runner.js:149867:11)\n    at Object.throwErrByPath (http://localhost:33235/__cypress/runner/cypress_runner.js:149915:3)\n    at retry (http://localhost:33235/__cypress/runner/cypress_runner.js:144197:19)\n    at onFailFn (http://localhost:33235/__cypress/runner/cypress_runner.js:132448:16)\n    at tryCatcher (http://localhost:33235/__cypress/runner/cypress_runner.js:167415:23)\n    at Promise._settlePromiseFromHandler (http://localhost:33235/__cypress/runner/cypress_runner.js:165351:31)\n    at Promise._settlePromise (http://localhost:33235/__cypress/runner/cypress_runner.js:165408:18)\n    at Promise._settlePromise0 (http://localhost:33235/__cypress/runner/cypress_runner.js:165453:10)\n    at Promise._settlePromises (http://localhost:33235/__cypress/runner/cypress_runner.js:165528:18)\n    at Async../node_modules/bluebird/js/release/async.js.Async._drainQueue (http://localhost:33235/__cypress/runner/cypress_runner.js:162140:16)\n    at Async../node_modules/bluebird/js/release/async.js.Async._drainQueues (http://localhost:33235/__cypress/runner/cypress_runner.js:162150:10)\n    at Async.drainQueues (http://localhost:33235/__cypress/runner/cypress_runner.js:162024:14)",
                "diff": null
              },
              "uuid": "ec433c18-d98f-4d15-8211-cfb94dd4dc5a",
              "parentUUID": "ba3ee828-bb01-4eb0-9c9b-beea15e7bb5e",
              "isHook": false,
              "skipped": false
            }
          ],
          "suites": [],
          "passes": [],
          "failures": [
            "dc1b593b-cc0e-480c-91ec-9d389c14fb58",
            "a012156d-ebdc-4f3a-8f48-ba03d18e9785",
            "13c88865-a02d-44c1-8c34-b7533074fb15",
            "75e031b4-5a7e-41e1-b860-3ebbf5c88853",
            "b3e40d8d-ed2b-4d91-8663-a82f7c6711a1",
            "f7fb976b-233b-45e3-bf0b-0b812cdc9caf",
            "45632be3-33b8-4807-9d8b-e5901a720536",
            "7bb284f1-c544-4f99-a26c-7be63a77835e",
            "ec433c18-d98f-4d15-8211-cfb94dd4dc5a"
          ],
          "pending": [],
          "skipped": [],
          "duration": 40235,
          "root": false,
          "rootEmpty": false,
          "_timeout": 2000
        },
        {
          "uuid": "7ad3360b-bf05-47e1-b764-5ddc61e632d3",
          "title": "11 - Limite o tamanho mínimo e máximo do board.",
          "fullFile": "",
          "file": "",
          "beforeHooks": [],
          "afterHooks": [],
          "tests": [
            {
              "title": "Verifica se a altura máxima do board é 50",
              "fullTitle": "11 - Limite o tamanho mínimo e máximo do board. Verifica se a altura máxima do board é 50",
              "timedOut": null,
              "duration": 4518,
              "state": "failed",
              "speed": null,
              "pass": false,
              "fail": true,
              "pending": false,
              "context": null,
              "code": "cy.get('#board-size').clear().type(50);\ncy.get('#generate-board').click();\ncy.get('.pixel').should('have.length', 2500);",
              "err": {
                "message": "CypressError: Timed out retrying: Expected to find element: '#board-size', but never found it.",
                "estack": "CypressError: Timed out retrying: Expected to find element: '#board-size', but never found it.\n    at cypressErr (http://localhost:33235/__cypress/runner/cypress_runner.js:149934:9)\n    at throwErr (http://localhost:33235/__cypress/runner/cypress_runner.js:149867:11)\n    at Object.throwErrByPath (http://localhost:33235/__cypress/runner/cypress_runner.js:149915:3)\n    at retry (http://localhost:33235/__cypress/runner/cypress_runner.js:144197:19)\n    at onFailFn (http://localhost:33235/__cypress/runner/cypress_runner.js:132448:16)\n    at tryCatcher (http://localhost:33235/__cypress/runner/cypress_runner.js:167415:23)\n    at Promise._settlePromiseFromHandler (http://localhost:33235/__cypress/runner/cypress_runner.js:165351:31)\n    at Promise._settlePromise (http://localhost:33235/__cypress/runner/cypress_runner.js:165408:18)\n    at Promise._settlePromise0 (http://localhost:33235/__cypress/runner/cypress_runner.js:165453:10)\n    at Promise._settlePromises (http://localhost:33235/__cypress/runner/cypress_runner.js:165528:18)\n    at Async../node_modules/bluebird/js/release/async.js.Async._drainQueue (http://localhost:33235/__cypress/runner/cypress_runner.js:162140:16)\n    at Async../node_modules/bluebird/js/release/async.js.Async._drainQueues (http://localhost:33235/__cypress/runner/cypress_runner.js:162150:10)\n    at Async.drainQueues (http://localhost:33235/__cypress/runner/cypress_runner.js:162024:14)",
                "diff": null
              },
              "uuid": "ca46448b-4430-45de-af77-482947dac491",
              "parentUUID": "7ad3360b-bf05-47e1-b764-5ddc61e632d3",
              "isHook": false,
              "skipped": false
            },
            {
              "title": "Verifica se a altura do board é 5 quando um valor menor é colocado no input",
              "fullTitle": "11 - Limite o tamanho mínimo e máximo do board. Verifica se a altura do board é 5 quando um valor menor é colocado no input",
              "timedOut": null,
              "duration": 4409,
              "state": "failed",
              "speed": null,
              "pass": false,
              "fail": true,
              "pending": false,
              "context": null,
              "code": "cy.get('#board-size').clear().type(4);\ncy.get('#generate-board').click();\ncy.get('.pixel').should('have.length', 25);",
              "err": {
                "message": "CypressError: Timed out retrying: Expected to find element: '#board-size', but never found it.",
                "estack": "CypressError: Timed out retrying: Expected to find element: '#board-size', but never found it.\n    at cypressErr (http://localhost:33235/__cypress/runner/cypress_runner.js:149934:9)\n    at throwErr (http://localhost:33235/__cypress/runner/cypress_runner.js:149867:11)\n    at Object.throwErrByPath (http://localhost:33235/__cypress/runner/cypress_runner.js:149915:3)\n    at retry (http://localhost:33235/__cypress/runner/cypress_runner.js:144197:19)\n    at onFailFn (http://localhost:33235/__cypress/runner/cypress_runner.js:132448:16)\n    at tryCatcher (http://localhost:33235/__cypress/runner/cypress_runner.js:167415:23)\n    at Promise._settlePromiseFromHandler (http://localhost:33235/__cypress/runner/cypress_runner.js:165351:31)\n    at Promise._settlePromise (http://localhost:33235/__cypress/runner/cypress_runner.js:165408:18)\n    at Promise._settlePromise0 (http://localhost:33235/__cypress/runner/cypress_runner.js:165453:10)\n    at Promise._settlePromises (http://localhost:33235/__cypress/runner/cypress_runner.js:165528:18)\n    at Async../node_modules/bluebird/js/release/async.js.Async._drainQueue (http://localhost:33235/__cypress/runner/cypress_runner.js:162140:16)\n    at Async../node_modules/bluebird/js/release/async.js.Async._drainQueues (http://localhost:33235/__cypress/runner/cypress_runner.js:162150:10)\n    at Async.drainQueues (http://localhost:33235/__cypress/runner/cypress_runner.js:162024:14)",
                "diff": null
              },
              "uuid": "87239871-436d-4fe0-92dc-93835c49f1ad",
              "parentUUID": "7ad3360b-bf05-47e1-b764-5ddc61e632d3",
              "isHook": false,
              "skipped": false
            },
            {
              "title": "Verifica se a altura do board é 50 quando um valor maior é colocado no input",
              "fullTitle": "11 - Limite o tamanho mínimo e máximo do board. Verifica se a altura do board é 50 quando um valor maior é colocado no input",
              "timedOut": null,
              "duration": 4425,
              "state": "failed",
              "speed": null,
              "pass": false,
              "fail": true,
              "pending": false,
              "context": null,
              "code": "cy.get('#board-size').clear().type(51);\ncy.get('#generate-board').click();\ncy.get('.pixel').should('have.length', 2500);",
              "err": {
                "message": "CypressError: Timed out retrying: Expected to find element: '#board-size', but never found it.",
                "estack": "CypressError: Timed out retrying: Expected to find element: '#board-size', but never found it.\n    at cypressErr (http://localhost:33235/__cypress/runner/cypress_runner.js:149934:9)\n    at throwErr (http://localhost:33235/__cypress/runner/cypress_runner.js:149867:11)\n    at Object.throwErrByPath (http://localhost:33235/__cypress/runner/cypress_runner.js:149915:3)\n    at retry (http://localhost:33235/__cypress/runner/cypress_runner.js:144197:19)\n    at onFailFn (http://localhost:33235/__cypress/runner/cypress_runner.js:132448:16)\n    at tryCatcher (http://localhost:33235/__cypress/runner/cypress_runner.js:167415:23)\n    at Promise._settlePromiseFromHandler (http://localhost:33235/__cypress/runner/cypress_runner.js:165351:31)\n    at Promise._settlePromise (http://localhost:33235/__cypress/runner/cypress_runner.js:165408:18)\n    at Promise._settlePromise0 (http://localhost:33235/__cypress/runner/cypress_runner.js:165453:10)\n    at Promise._settlePromises (http://localhost:33235/__cypress/runner/cypress_runner.js:165528:18)\n    at Async../node_modules/bluebird/js/release/async.js.Async._drainQueue (http://localhost:33235/__cypress/runner/cypress_runner.js:162140:16)\n    at Async../node_modules/bluebird/js/release/async.js.Async._drainQueues (http://localhost:33235/__cypress/runner/cypress_runner.js:162150:10)\n    at Async.drainQueues (http://localhost:33235/__cypress/runner/cypress_runner.js:162024:14)",
                "diff": null
              },
              "uuid": "ad2b7f4e-d145-4a5e-b1a1-0e82ba8dc29e",
              "parentUUID": "7ad3360b-bf05-47e1-b764-5ddc61e632d3",
              "isHook": false,
              "skipped": false
            }
          ],
          "suites": [],
          "passes": [],
          "failures": [
            "ca46448b-4430-45de-af77-482947dac491",
            "87239871-436d-4fe0-92dc-93835c49f1ad",
            "ad2b7f4e-d145-4a5e-b1a1-0e82ba8dc29e"
          ],
          "pending": [],
          "skipped": [],
          "duration": 13352,
          "root": false,
          "rootEmpty": false,
          "_timeout": 2000
        },
        {
          "uuid": "1c4874fa-fb99-4b67-8a27-c2294c2ba568",
          "title": "12 - Faça com que as cores da paleta sejam geradas aleatoriamente ao carregar a página.",
          "fullFile": "",
          "file": "",
          "beforeHooks": [],
          "afterHooks": [],
          "tests": [
            {
              "title": "Verifica se as cores geradas na paleta são diferentes a cada carregamento da página",
              "fullTitle": "12 - Faça com que as cores da paleta sejam geradas aleatoriamente ao carregar a página. Verifica se as cores geradas na paleta são diferentes a cada carregamento da página",
              "timedOut": null,
              "duration": 989,
              "state": "failed",
              "speed": null,
              "pass": false,
              "fail": true,
              "pending": false,
              "context": null,
              "code": "cy.get('.color').then(function (colors) {\n  var currentColors;\n  var previousColors;\n  previousColors = Array.from(colors).map(function (color) {\n    return Cypress.$(color).css('background-color');\n  });\n  for (var i = 0; i < 5; i += 1) {\n    cy.reload();\n    cy.get('.color').then(function (colors) {\n      currentColors = Array.from(colors).map(function (color) {\n        return Cypress.$(color).css('background-color');\n      });\n      expect(currentColors).not.to.deep.equal(previousColors);\n      previousColors = currentColors;\n    });\n  }\n});",
              "err": {
                "message": "AssertionError: expected [ Array(4) ] to not deeply equal [ Array(4) ]",
                "estack": "AssertionError: expected [ Array(4) ] to not deeply equal [ Array(4) ]\n    at getRet (http://localhost:33235/__cypress/runner/cypress_runner.js:136585:16)\n    at tryCatcher (http://localhost:33235/__cypress/runner/cypress_runner.js:167415:23)\n    at Function.Promise.attempt.Promise.try (http://localhost:33235/__cypress/runner/cypress_runner.js:164690:29)\n    at Context.thenFn (http://localhost:33235/__cypress/runner/cypress_runner.js:136599:23)\n    at Context.then (http://localhost:33235/__cypress/runner/cypress_runner.js:136971:21)\n    at Context.<anonymous> (http://localhost:33235/__cypress/runner/cypress_runner.js:148875:21)\n    at http://localhost:33235/__cypress/runner/cypress_runner.js:148351:33\n    at tryCatcher (http://localhost:33235/__cypress/runner/cypress_runner.js:167415:23)\n    at Promise._settlePromiseFromHandler (http://localhost:33235/__cypress/runner/cypress_runner.js:165351:31)\n    at Promise._settlePromise (http://localhost:33235/__cypress/runner/cypress_runner.js:165408:18)\n    at Promise._settlePromiseCtx (http://localhost:33235/__cypress/runner/cypress_runner.js:165445:10)\n    at Async../node_modules/bluebird/js/release/async.js.Async._drainQueue (http://localhost:33235/__cypress/runner/cypress_runner.js:162145:12)\n    at Async../node_modules/bluebird/js/release/async.js.Async._drainQueues (http://localhost:33235/__cypress/runner/cypress_runner.js:162150:10)\n    at Async.drainQueues (http://localhost:33235/__cypress/runner/cypress_runner.js:162024:14)",
                "diff": ""
              },
              "uuid": "779ad259-b4ee-4c60-8f18-245e98a16cc5",
              "parentUUID": "1c4874fa-fb99-4b67-8a27-c2294c2ba568",
              "isHook": false,
              "skipped": false
            },
            {
              "title": "Verifica se a cor preta ainda está presente e é a primeira na sua paleta de cores",
              "fullTitle": "12 - Faça com que as cores da paleta sejam geradas aleatoriamente ao carregar a página. Verifica se a cor preta ainda está presente e é a primeira na sua paleta de cores",
              "timedOut": null,
              "duration": 457,
              "state": "failed",
              "speed": null,
              "pass": false,
              "fail": true,
              "pending": false,
              "context": null,
              "code": "cy.get('.color').then(function (colors) {\n  var currentColors;\n  var previousColors;\n  previousColors = Array.from(colors).map(function (color) {\n    return Cypress.$(color).css('background-color');\n  });\n  expect(previousColors[0]).to.eq(BLACK);\n  for (var i = 0; i < 5; i += 1) {\n    cy.reload();\n    cy.get('.color').then(function (colors) {\n      currentColors = Array.from(colors).map(function (color) {\n        return Cypress.$(color).css('background-color');\n      });\n      expect(currentColors[0]).to.eq(BLACK);\n      expect(currentColors).not.to.deep.equal(previousColors);\n      previousColors = currentColors;\n    });\n  }\n});",
              "err": {
                "message": "AssertionError: expected 'rgb(0, 0, 139)' to equal 'rgb(0, 0, 0)'",
                "estack": "AssertionError: expected 'rgb(0, 0, 139)' to equal 'rgb(0, 0, 0)'\n    at getRet (http://localhost:33235/__cypress/runner/cypress_runner.js:136585:16)\n    at tryCatcher (http://localhost:33235/__cypress/runner/cypress_runner.js:167415:23)\n    at Function.Promise.attempt.Promise.try (http://localhost:33235/__cypress/runner/cypress_runner.js:164690:29)\n    at Context.thenFn (http://localhost:33235/__cypress/runner/cypress_runner.js:136599:23)\n    at Context.then (http://localhost:33235/__cypress/runner/cypress_runner.js:136971:21)\n    at Context.<anonymous> (http://localhost:33235/__cypress/runner/cypress_runner.js:148875:21)\n    at http://localhost:33235/__cypress/runner/cypress_runner.js:148351:33\n    at tryCatcher (http://localhost:33235/__cypress/runner/cypress_runner.js:167415:23)\n    at Promise._settlePromiseFromHandler (http://localhost:33235/__cypress/runner/cypress_runner.js:165351:31)\n    at Promise._settlePromise (http://localhost:33235/__cypress/runner/cypress_runner.js:165408:18)\n    at Promise._settlePromiseCtx (http://localhost:33235/__cypress/runner/cypress_runner.js:165445:10)\n    at Async../node_modules/bluebird/js/release/async.js.Async._drainQueue (http://localhost:33235/__cypress/runner/cypress_runner.js:162145:12)\n    at Async../node_modules/bluebird/js/release/async.js.Async._drainQueues (http://localhost:33235/__cypress/runner/cypress_runner.js:162150:10)\n    at Async.drainQueues (http://localhost:33235/__cypress/runner/cypress_runner.js:162024:14)",
                "diff": "- 'rgb(0, 0, 139)'\n+ 'rgb(0, 0, 0)'\n"
              },
              "uuid": "5e9c1906-be82-4f90-9232-22a4b8fe56ac",
              "parentUUID": "1c4874fa-fb99-4b67-8a27-c2294c2ba568",
              "isHook": false,
              "skipped": false
            }
          ],
          "suites": [],
          "passes": [],
          "failures": [
            "779ad259-b4ee-4c60-8f18-245e98a16cc5",
            "5e9c1906-be82-4f90-9232-22a4b8fe56ac"
          ],
          "pending": [],
          "skipped": [],
          "duration": 1446,
          "root": false,
          "rootEmpty": false,
          "_timeout": 2000
        }
      ],
      "passes": [],
      "failures": [],
      "pending": [],
      "skipped": [],
      "duration": 0,
      "root": true,
      "rootEmpty": true,
      "_timeout": 2000
    }
  ],
  "meta": {
    "mocha": {
      "version": "7.0.1"
    },
    "mochawesome": {
      "options": {
        "quiet": false,
        "reportFilename": "mochawesome",
        "saveHtml": false,
        "saveJson": true,
        "consoleReporter": "spec",
        "useInlineDiffs": false
      },
      "version": "4.1.0"
    },
    "marge": {
      "options": {
        "id": "default",
        "reportDir": "cypress/reports",
        "overwrite": true,
        "html": false,
        "json": true
      },
      "version": "4.1.0"
    }
  }
}