{
  "stats": {
    "suites": 12,
    "tests": 41,
    "passes": 25,
    "pending": 0,
    "failures": 16,
    "start": "2021-08-14T19:16:31.972Z",
    "end": "2021-08-14T19:17:58.769Z",
    "duration": 86797,
    "testsRegistered": 41,
    "passPercent": 60.97560975609756,
    "pendingPercent": 0,
    "other": 0,
    "hasOther": false,
    "skipped": 0,
    "hasSkipped": false
  },
  "results": [
    {
      "uuid": "2dbaa741-94a9-4dbe-9090-68d20fe8e28d",
      "title": "",
      "fullFile": "cypress/integration/project.spec.js",
      "file": "cypress/integration/project.spec.js",
      "beforeHooks": [],
      "afterHooks": [],
      "tests": [],
      "suites": [
        {
          "uuid": "90cdf759-444e-4601-b32b-ff657e4caacf",
          "title": "1 - Adicione à página o título \"Paleta de Cores\".",
          "fullFile": "",
          "file": "",
          "beforeHooks": [],
          "afterHooks": [],
          "tests": [
            {
              "title": "Verifica se contém um elemento `h1` com o id `title` com o título correto",
              "fullTitle": "1 - Adicione à página o título \"Paleta de Cores\". Verifica se contém um elemento `h1` com o id `title` com o título correto",
              "timedOut": null,
              "duration": 109,
              "state": "passed",
              "speed": "slow",
              "pass": true,
              "fail": false,
              "pending": false,
              "context": null,
              "code": "cy.get('h1#title').should('contain.text', 'Paleta de Cores');",
              "err": {},
              "uuid": "cce7efa3-4cd9-40a0-ba43-760a3ef3af98",
              "parentUUID": "90cdf759-444e-4601-b32b-ff657e4caacf",
              "isHook": false,
              "skipped": false
            }
          ],
          "suites": [],
          "passes": [
            "cce7efa3-4cd9-40a0-ba43-760a3ef3af98"
          ],
          "failures": [],
          "pending": [],
          "skipped": [],
          "duration": 109,
          "root": false,
          "rootEmpty": false,
          "_timeout": 2000
        },
        {
          "uuid": "5d350c4e-ed57-4d61-bdb0-f5803b88e1f4",
          "title": "2 - Adicione à página uma paleta de quatro cores distintas.",
          "fullFile": "",
          "file": "",
          "beforeHooks": [],
          "afterHooks": [],
          "tests": [
            {
              "title": "A paleta de cores deve ser um elemento com `id` denominado `color-palette`",
              "fullTitle": "2 - Adicione à página uma paleta de quatro cores distintas. A paleta de cores deve ser um elemento com `id` denominado `color-palette`",
              "timedOut": null,
              "duration": 45,
              "state": "passed",
              "speed": "medium",
              "pass": true,
              "fail": false,
              "pending": false,
              "context": null,
              "code": "cy.get('#color-palette').should('be.visible');",
              "err": {},
              "uuid": "9863d909-f11a-4eea-ba05-7e29987a42a2",
              "parentUUID": "5d350c4e-ed57-4d61-bdb0-f5803b88e1f4",
              "isHook": false,
              "skipped": false
            },
            {
              "title": "Verifica se cada cor individual da paleta de cores possui a `classe` chamada `color`.",
              "fullTitle": "2 - Adicione à página uma paleta de quatro cores distintas. Verifica se cada cor individual da paleta de cores possui a `classe` chamada `color`.",
              "timedOut": null,
              "duration": 136,
              "state": "passed",
              "speed": "slow",
              "pass": true,
              "fail": false,
              "pending": false,
              "context": null,
              "code": "cy.get('.color').should('have.length', 4).then(function (colors) {\n  for (var i = 0; i < colors.length; i++) {\n    cy.wrap(colors[i]).should('be.visible');\n  }\n});",
              "err": {},
              "uuid": "c9fd0deb-83eb-4cd8-9a69-fb41725a7051",
              "parentUUID": "5d350c4e-ed57-4d61-bdb0-f5803b88e1f4",
              "isHook": false,
              "skipped": false
            },
            {
              "title": "Verifica se a cor de fundo de cada elemento da paleta é a cor que o elemento representa. **A única cor não permitida na paleta é a cor branca.**",
              "fullTitle": "2 - Adicione à página uma paleta de quatro cores distintas. Verifica se a cor de fundo de cada elemento da paleta é a cor que o elemento representa. **A única cor não permitida na paleta é a cor branca.**",
              "timedOut": null,
              "duration": 67,
              "state": "passed",
              "speed": "medium",
              "pass": true,
              "fail": false,
              "pending": false,
              "context": null,
              "code": "cy.get('.color').each(function (color) {\n  cy.wrap(color).should('have.class', 'color').and('not.have.css', 'background-color', WHITE);\n  cy.wrap(color).should('have.css', 'background-color');\n});",
              "err": {},
              "uuid": "13571495-116a-4d8c-8069-ce8dbdac9023",
              "parentUUID": "5d350c4e-ed57-4d61-bdb0-f5803b88e1f4",
              "isHook": false,
              "skipped": false
            },
            {
              "title": "Verifica se cada elemento da paleta de cores tem uma borda preta, sólida e com 1 pixel de largura;",
              "fullTitle": "2 - Adicione à página uma paleta de quatro cores distintas. Verifica se cada elemento da paleta de cores tem uma borda preta, sólida e com 1 pixel de largura;",
              "timedOut": null,
              "duration": 62,
              "state": "passed",
              "speed": "medium",
              "pass": true,
              "fail": false,
              "pending": false,
              "context": null,
              "code": "cy.get('.color').each(function (color) {\n  cy.wrap(color).and('have.css', 'border', \"1px solid \".concat(BLACK)).and('have.class', 'color');\n});",
              "err": {},
              "uuid": "98f2f7e0-aacc-4694-a417-3dc18e7c927b",
              "parentUUID": "5d350c4e-ed57-4d61-bdb0-f5803b88e1f4",
              "isHook": false,
              "skipped": false
            },
            {
              "title": "Verifica se a paleta lista todas as cores disponíveis para utilização, lado a lado.",
              "fullTitle": "2 - Adicione à página uma paleta de quatro cores distintas. Verifica se a paleta lista todas as cores disponíveis para utilização, lado a lado.",
              "timedOut": null,
              "duration": 66,
              "state": "passed",
              "speed": "medium",
              "pass": true,
              "fail": false,
              "pending": false,
              "context": null,
              "code": "cy.get('.color').then(function (colors) {\n  for (var index = 1; index < colors.length; index += 1) {\n    var currentColor = colors[index];\n    var previousColor = colors[index - 1];\n    cy.wrap(currentColor).should('be.onTheRightOf', previousColor).and('be.horizontallyAlignedWith', previousColor);\n  }\n});",
              "err": {},
              "uuid": "18c900b2-5102-4e80-b688-4613322bd688",
              "parentUUID": "5d350c4e-ed57-4d61-bdb0-f5803b88e1f4",
              "isHook": false,
              "skipped": false
            },
            {
              "title": "Verifica se a paleta de cores está posicionada abaixo do título 'Paleta de Cores'",
              "fullTitle": "2 - Adicione à página uma paleta de quatro cores distintas. Verifica se a paleta de cores está posicionada abaixo do título 'Paleta de Cores'",
              "timedOut": null,
              "duration": 86,
              "state": "passed",
              "speed": "slow",
              "pass": true,
              "fail": false,
              "pending": false,
              "context": null,
              "code": "cy.get('h1#title').then(function (title) {\n  cy.get('#color-palette').should('be.belowOf', title);\n});",
              "err": {},
              "uuid": "31324634-74ab-4354-8cc0-65a7aa573cb8",
              "parentUUID": "5d350c4e-ed57-4d61-bdb0-f5803b88e1f4",
              "isHook": false,
              "skipped": false
            },
            {
              "title": "Verifica se a paleta de cores não contém cores repetidas.",
              "fullTitle": "2 - Adicione à página uma paleta de quatro cores distintas. Verifica se a paleta de cores não contém cores repetidas.",
              "timedOut": null,
              "duration": 66,
              "state": "passed",
              "speed": "medium",
              "pass": true,
              "fail": false,
              "pending": false,
              "context": null,
              "code": "cy.get('.color').then(function (colors) {\n  var allColors = Array.from(colors).map(function (color) {\n    return Cypress.$(color).css('background-color');\n  });\n  cy.log(allColors);\n  var uniqColors = (0, _toConsumableArray2[\"default\"])(new Set(allColors));\n  cy.log(uniqColors);\n  expect(allColors.length).to.eq(uniqColors.length);\n});",
              "err": {},
              "uuid": "4d423e01-0420-46b5-9d23-725d302ca31a",
              "parentUUID": "5d350c4e-ed57-4d61-bdb0-f5803b88e1f4",
              "isHook": false,
              "skipped": false
            }
          ],
          "suites": [],
          "passes": [
            "9863d909-f11a-4eea-ba05-7e29987a42a2",
            "c9fd0deb-83eb-4cd8-9a69-fb41725a7051",
            "13571495-116a-4d8c-8069-ce8dbdac9023",
            "98f2f7e0-aacc-4694-a417-3dc18e7c927b",
            "18c900b2-5102-4e80-b688-4613322bd688",
            "31324634-74ab-4354-8cc0-65a7aa573cb8",
            "4d423e01-0420-46b5-9d23-725d302ca31a"
          ],
          "failures": [],
          "pending": [],
          "skipped": [],
          "duration": 528,
          "root": false,
          "rootEmpty": false,
          "_timeout": 2000
        },
        {
          "uuid": "66ba92c8-a2cc-441d-a953-b1151e42e95f",
          "title": "3 - Adicione a cor **preta** como a primeira cor da paleta de cores.",
          "fullFile": "",
          "file": "",
          "beforeHooks": [],
          "afterHooks": [],
          "tests": [
            {
              "title": "Verifica se a primeira cor da paleta é preta",
              "fullTitle": "3 - Adicione a cor **preta** como a primeira cor da paleta de cores. Verifica se a primeira cor da paleta é preta",
              "timedOut": null,
              "duration": 73,
              "state": "passed",
              "speed": "medium",
              "pass": true,
              "fail": false,
              "pending": false,
              "context": null,
              "code": "cy.get('.color').first().should('have.css', 'background-color', BLACK);",
              "err": {},
              "uuid": "983e4500-fddc-442a-9d39-bfecb1626a08",
              "parentUUID": "66ba92c8-a2cc-441d-a953-b1151e42e95f",
              "isHook": false,
              "skipped": false
            },
            {
              "title": "Verifica se as demais cores podem ser escolhidas livremente.",
              "fullTitle": "3 - Adicione a cor **preta** como a primeira cor da paleta de cores. Verifica se as demais cores podem ser escolhidas livremente.",
              "timedOut": null,
              "duration": 123,
              "state": "passed",
              "speed": "slow",
              "pass": true,
              "fail": false,
              "pending": false,
              "context": null,
              "code": "cy.get('.color').eq(1).should('not.have.css', 'background-color', BLACK);\ncy.get('.color').eq(1).should('not.have.css', 'background-color', WHITE);\ncy.get('.color').eq(1).should('not.have.css', 'background-color', 'rgba(0, 0, 0, 0)');\ncy.get('.color').eq(1).should('have.css', 'background-color');\ncy.get('.color').eq(2).should('not.have.css', 'background-color', BLACK);\ncy.get('.color').eq(2).should('not.have.css', 'background-color', WHITE);\ncy.get('.color').eq(2).should('not.have.css', 'background-color', 'rgba(0, 0, 0, 0)');\ncy.get('.color').eq(2).should('have.css', 'background-color');\ncy.get('.color').eq(3).should('not.have.css', 'background-color', BLACK);\ncy.get('.color').eq(3).should('not.have.css', 'background-color', WHITE);\ncy.get('.color').eq(3).should('not.have.css', 'background-color', 'rgba(0, 0, 0, 0)');\ncy.get('.color').eq(3).should('have.css', 'background-color');",
              "err": {},
              "uuid": "53f0f43d-3979-4c02-bed5-a2612f509985",
              "parentUUID": "66ba92c8-a2cc-441d-a953-b1151e42e95f",
              "isHook": false,
              "skipped": false
            }
          ],
          "suites": [],
          "passes": [
            "983e4500-fddc-442a-9d39-bfecb1626a08",
            "53f0f43d-3979-4c02-bed5-a2612f509985"
          ],
          "failures": [],
          "pending": [],
          "skipped": [],
          "duration": 196,
          "root": false,
          "rootEmpty": false,
          "_timeout": 2000
        },
        {
          "uuid": "fa133003-bcb7-4e1a-b2a9-fac96ed04188",
          "title": "4 - Adicione à página um quadro de pixels, com 25 pixels.",
          "fullFile": "",
          "file": "",
          "beforeHooks": [],
          "afterHooks": [],
          "tests": [
            {
              "title": "Verifica se o quadro de pixels possui o `id` denominado `pixel-board`",
              "fullTitle": "4 - Adicione à página um quadro de pixels, com 25 pixels. Verifica se o quadro de pixels possui o `id` denominado `pixel-board`",
              "timedOut": null,
              "duration": 48,
              "state": "passed",
              "speed": "medium",
              "pass": true,
              "fail": false,
              "pending": false,
              "context": null,
              "code": "cy.get('#pixel-board').should('be.visible');",
              "err": {},
              "uuid": "ddeae415-1594-4337-a6c7-e236d11f09d9",
              "parentUUID": "fa133003-bcb7-4e1a-b2a9-fac96ed04188",
              "isHook": false,
              "skipped": false
            },
            {
              "title": "Verifica se cada pixel individual dentro do quadro possui a `classe` denominada `pixel`.",
              "fullTitle": "4 - Adicione à página um quadro de pixels, com 25 pixels. Verifica se cada pixel individual dentro do quadro possui a `classe` denominada `pixel`.",
              "timedOut": null,
              "duration": 71,
              "state": "passed",
              "speed": "medium",
              "pass": true,
              "fail": false,
              "pending": false,
              "context": null,
              "code": "cy.get('.pixel').should('have.length', 25);",
              "err": {},
              "uuid": "7724b9d3-533d-4277-b48f-9b84dc035623",
              "parentUUID": "fa133003-bcb7-4e1a-b2a9-fac96ed04188",
              "isHook": false,
              "skipped": false
            },
            {
              "title": "Verifica se a cor inicial dos pixels dentro do quadro, ao abrir a página, é branca.",
              "fullTitle": "4 - Adicione à página um quadro de pixels, com 25 pixels. Verifica se a cor inicial dos pixels dentro do quadro, ao abrir a página, é branca.",
              "timedOut": null,
              "duration": 100,
              "state": "passed",
              "speed": "slow",
              "pass": true,
              "fail": false,
              "pending": false,
              "context": null,
              "code": "cy.get('.pixel').should('have.length', 25).each(function (pixel) {\n  expect(pixel).to.have.css('background-color', WHITE);\n});",
              "err": {},
              "uuid": "f285cf74-e82e-46ad-aaaa-ee08b8b6e80d",
              "parentUUID": "fa133003-bcb7-4e1a-b2a9-fac96ed04188",
              "isHook": false,
              "skipped": false
            },
            {
              "title": "Verifica se o quadro de pixels aparece abaixo da paleta de cores",
              "fullTitle": "4 - Adicione à página um quadro de pixels, com 25 pixels. Verifica se o quadro de pixels aparece abaixo da paleta de cores",
              "timedOut": null,
              "duration": 53,
              "state": "passed",
              "speed": "medium",
              "pass": true,
              "fail": false,
              "pending": false,
              "context": null,
              "code": "cy.get('#color-palette').then(function (palette) {\n  cy.get('#pixel-board').should('be.belowOf', palette);\n});",
              "err": {},
              "uuid": "494360e8-6d66-4b7c-be73-05a8e2410721",
              "parentUUID": "fa133003-bcb7-4e1a-b2a9-fac96ed04188",
              "isHook": false,
              "skipped": false
            }
          ],
          "suites": [],
          "passes": [
            "ddeae415-1594-4337-a6c7-e236d11f09d9",
            "7724b9d3-533d-4277-b48f-9b84dc035623",
            "f285cf74-e82e-46ad-aaaa-ee08b8b6e80d",
            "494360e8-6d66-4b7c-be73-05a8e2410721"
          ],
          "failures": [],
          "pending": [],
          "skipped": [],
          "duration": 272,
          "root": false,
          "rootEmpty": false,
          "_timeout": 2000
        },
        {
          "uuid": "aaaac9f8-612d-4c9c-99d0-fdd173055503",
          "title": "5 - Faça com que cada elemento do quadro de pixels possua 40 pixels de largura, 40 pixels de altura e seja delimitado por uma borda preta de 1 pixel.",
          "fullFile": "",
          "file": "",
          "beforeHooks": [],
          "afterHooks": [],
          "tests": [
            {
              "title": "Verifica se o quadro de pixels tem altura e comprimento de 5 elementos",
              "fullTitle": "5 - Faça com que cada elemento do quadro de pixels possua 40 pixels de largura, 40 pixels de altura e seja delimitado por uma borda preta de 1 pixel. Verifica se o quadro de pixels tem altura e comprimento de 5 elementos",
              "timedOut": null,
              "duration": 164,
              "state": "passed",
              "speed": "slow",
              "pass": true,
              "fail": false,
              "pending": false,
              "context": null,
              "code": "cy.get('.pixel').should('have.length', 25).each(function (pixel) {\n  expect(pixel).to.have.css('background-color', WHITE);\n}).and(function (pixels) {\n  var rows = chunk(pixels, 5);\n  rows.forEach(function (row) {\n    for (var index = 1; index < row.length; index += 1) {\n      var current = pixels[index];\n      var previous = pixels[index - 1];\n      cy.wrap(current).should('be.onTheRightOf', previous).and('be.horizontallyAlignedWith', previous);\n    }\n  });\n  for (var index = 1; index < 5; index += 1) {\n    expect(pixels[index * 5]).to.be.belowOf(pixels[(index - 1) * 5]);\n  }\n});",
              "err": {},
              "uuid": "f212cb51-8223-4e09-ab9f-4345769ee6e8",
              "parentUUID": "aaaac9f8-612d-4c9c-99d0-fdd173055503",
              "isHook": false,
              "skipped": false
            },
            {
              "title": "Verifica se 40 pixels é o tamanho total do elemento, incluindo seu conteúdo e excluindo a borda preta, que deve ser criada à parte.",
              "fullTitle": "5 - Faça com que cada elemento do quadro de pixels possua 40 pixels de largura, 40 pixels de altura e seja delimitado por uma borda preta de 1 pixel. Verifica se 40 pixels é o tamanho total do elemento, incluindo seu conteúdo e excluindo a borda preta, que deve ser criada à parte.",
              "timedOut": null,
              "duration": 183,
              "state": "passed",
              "speed": "slow",
              "pass": true,
              "fail": false,
              "pending": false,
              "context": null,
              "code": "cy.get('.pixel').each(function (pixel) {\n  cy.wrap(pixel).should('have.css', 'height', '40px').and('have.css', 'width', '40px').and('have.css', 'border', \"1px solid \".concat(BLACK));\n});",
              "err": {},
              "uuid": "8987be68-98b3-48c6-b2d7-5ff3cb1426f3",
              "parentUUID": "aaaac9f8-612d-4c9c-99d0-fdd173055503",
              "isHook": false,
              "skipped": false
            }
          ],
          "suites": [],
          "passes": [
            "f212cb51-8223-4e09-ab9f-4345769ee6e8",
            "8987be68-98b3-48c6-b2d7-5ff3cb1426f3"
          ],
          "failures": [],
          "pending": [],
          "skipped": [],
          "duration": 347,
          "root": false,
          "rootEmpty": false,
          "_timeout": 2000
        },
        {
          "uuid": "44e8b2dc-9481-4307-84ef-90796f73397a",
          "title": "6 - Defina a cor preta como cor inicial. Ao carregar a página a cor preta já deve estar selecionada para pintar os pixels",
          "fullFile": "",
          "file": "",
          "beforeHooks": [],
          "afterHooks": [],
          "tests": [
            {
              "title": "Verifica se o elemento da cor preta possui, inicialmente, a `classe` `selected`",
              "fullTitle": "6 - Defina a cor preta como cor inicial. Ao carregar a página a cor preta já deve estar selecionada para pintar os pixels Verifica se o elemento da cor preta possui, inicialmente, a `classe` `selected`",
              "timedOut": null,
              "duration": 45,
              "state": "passed",
              "speed": "medium",
              "pass": true,
              "fail": false,
              "pending": false,
              "context": null,
              "code": "cy.get('.selected').first().should('have.css', 'background-color', BLACK);",
              "err": {},
              "uuid": "b051190b-7902-4d2b-a1ae-d2b7d94b21b1",
              "parentUUID": "44e8b2dc-9481-4307-84ef-90796f73397a",
              "isHook": false,
              "skipped": false
            },
            {
              "title": "Verifica se nenhuma outra cor da paleta tem a `classe` `selected`",
              "fullTitle": "6 - Defina a cor preta como cor inicial. Ao carregar a página a cor preta já deve estar selecionada para pintar os pixels Verifica se nenhuma outra cor da paleta tem a `classe` `selected`",
              "timedOut": null,
              "duration": 47,
              "state": "passed",
              "speed": "medium",
              "pass": true,
              "fail": false,
              "pending": false,
              "context": null,
              "code": "cy.get('.color:not(:first-child)').each(function (color) {\n  cy.wrap(color).should('not.have.class', 'selected');\n});",
              "err": {},
              "uuid": "4181ae0f-895e-4daf-8b59-4142f86ba5d8",
              "parentUUID": "44e8b2dc-9481-4307-84ef-90796f73397a",
              "isHook": false,
              "skipped": false
            }
          ],
          "suites": [],
          "passes": [
            "b051190b-7902-4d2b-a1ae-d2b7d94b21b1",
            "4181ae0f-895e-4daf-8b59-4142f86ba5d8"
          ],
          "failures": [],
          "pending": [],
          "skipped": [],
          "duration": 92,
          "root": false,
          "rootEmpty": false,
          "_timeout": 2000
        },
        {
          "uuid": "eb2558f1-c008-4509-8500-5cabc618048f",
          "title": "7 - Clicar em uma das cores da paleta, faz com que ela seja selecionada e utilizada para preencher os pixels no quadro.",
          "fullFile": "",
          "file": "",
          "beforeHooks": [],
          "afterHooks": [],
          "tests": [
            {
              "title": "Verifica se somente uma cor da paleta de cores tem a classe `selected` de cada vez",
              "fullTitle": "7 - Clicar em uma das cores da paleta, faz com que ela seja selecionada e utilizada para preencher os pixels no quadro. Verifica se somente uma cor da paleta de cores tem a classe `selected` de cada vez",
              "timedOut": null,
              "duration": 472,
              "state": "passed",
              "speed": "slow",
              "pass": true,
              "fail": false,
              "pending": false,
              "context": null,
              "code": "cy.get('.color').each(function (selectedColor, selectedColorIndex) {\n  cy.wrap(selectedColor).click();\n  cy.get('.color').each(function (color, colorIndex) {\n    if (colorIndex === selectedColorIndex) {\n      expect(color).to.have[\"class\"]('selected');\n    } else {\n      expect(color).not.to.have[\"class\"]('selected');\n    }\n  });\n});",
              "err": {},
              "uuid": "282d3f19-ce7c-47e1-bde2-a6c9c086f522",
              "parentUUID": "eb2558f1-c008-4509-8500-5cabc618048f",
              "isHook": false,
              "skipped": false
            },
            {
              "title": "Verifica se os pixels dentro do quadro não têm a classe `selected` quando são clicados",
              "fullTitle": "7 - Clicar em uma das cores da paleta, faz com que ela seja selecionada e utilizada para preencher os pixels no quadro. Verifica se os pixels dentro do quadro não têm a classe `selected` quando são clicados",
              "timedOut": null,
              "duration": 9072,
              "state": "passed",
              "speed": "slow",
              "pass": true,
              "fail": false,
              "pending": false,
              "context": null,
              "code": "cy.get('.color').each(function (color) {\n  var backgroundColor = color.css('background-color');\n  cy.wrap(color).click();\n  cy.get('.pixel').each(function (pixel) {\n    cy.wrap(pixel).click().should('not.have.class', 'selected');\n  });\n});",
              "err": {},
              "uuid": "2216a5d6-e0f7-40f3-a2c4-6629b040d1fc",
              "parentUUID": "eb2558f1-c008-4509-8500-5cabc618048f",
              "isHook": false,
              "skipped": false
            }
          ],
          "suites": [],
          "passes": [
            "282d3f19-ce7c-47e1-bde2-a6c9c086f522",
            "2216a5d6-e0f7-40f3-a2c4-6629b040d1fc"
          ],
          "failures": [],
          "pending": [],
          "skipped": [],
          "duration": 9544,
          "root": false,
          "rootEmpty": false,
          "_timeout": 2000
        },
        {
          "uuid": "a4b136e7-a714-45f2-affe-09cff0d65529",
          "title": "8 - Clicar em um pixel dentro do quadro após selecionar uma cor na paleta, faz com que o pixel seja preenchido com a cor selecionada.",
          "fullFile": "",
          "file": "",
          "beforeHooks": [],
          "afterHooks": [],
          "tests": [
            {
              "title": "Verifica se ao carregar a página deve ser possível pintar os pixels de preto",
              "fullTitle": "8 - Clicar em um pixel dentro do quadro após selecionar uma cor na paleta, faz com que o pixel seja preenchido com a cor selecionada. Verifica se ao carregar a página deve ser possível pintar os pixels de preto",
              "timedOut": null,
              "duration": 2201,
              "state": "passed",
              "speed": "slow",
              "pass": true,
              "fail": false,
              "pending": false,
              "context": null,
              "code": "cy.get('.pixel').each(function (pixel) {\n  cy.wrap(pixel).click().should('have.css', 'background-color', BLACK);\n});",
              "err": {},
              "uuid": "f46e3fe2-a408-4d61-a5b1-125d60df64b3",
              "parentUUID": "a4b136e7-a714-45f2-affe-09cff0d65529",
              "isHook": false,
              "skipped": false
            },
            {
              "title": "Verifica se após selecionar uma outra cor na paleta, é possível pintar os pixels com essa cor",
              "fullTitle": "8 - Clicar em um pixel dentro do quadro após selecionar uma cor na paleta, faz com que o pixel seja preenchido com a cor selecionada. Verifica se após selecionar uma outra cor na paleta, é possível pintar os pixels com essa cor",
              "timedOut": null,
              "duration": 8980,
              "state": "passed",
              "speed": "slow",
              "pass": true,
              "fail": false,
              "pending": false,
              "context": null,
              "code": "cy.get('.color').each(function (color) {\n  var backgroundColor = color.css('background-color');\n  cy.wrap(color).click();\n  cy.get('.pixel').each(function (pixel) {\n    cy.wrap(pixel).click().should('have.css', 'background-color', backgroundColor);\n  });\n});",
              "err": {},
              "uuid": "afca7271-9766-4d93-aaf1-3b7614adde1d",
              "parentUUID": "a4b136e7-a714-45f2-affe-09cff0d65529",
              "isHook": false,
              "skipped": false
            },
            {
              "title": "Verifica se somente o pixel que foi clicado foi preenchido com a cor selecionada, sem influenciar na cor dos demais pixels.",
              "fullTitle": "8 - Clicar em um pixel dentro do quadro após selecionar uma cor na paleta, faz com que o pixel seja preenchido com a cor selecionada. Verifica se somente o pixel que foi clicado foi preenchido com a cor selecionada, sem influenciar na cor dos demais pixels.",
              "timedOut": null,
              "duration": 1235,
              "state": "passed",
              "speed": "slow",
              "pass": true,
              "fail": false,
              "pending": false,
              "context": null,
              "code": "var colorToPixelIndexMap = {\n  0: 6,\n  1: 8,\n  2: 16,\n  3: 18\n};\ncy.get('.color').each(function (color, index) {\n  cy.wrap(color).click();\n  var backgroundColor = color.css('background-color');\n  var clickedPixelIndex = colorToPixelIndexMap[index];\n  cy.get('.pixel').eq(clickedPixelIndex).click();\n  cy.get('.pixel').eq(clickedPixelIndex - 1).should('not.have.css', 'background-color', backgroundColor);\n  cy.get('.pixel').eq(clickedPixelIndex + 1).should('not.have.css', 'background-color', backgroundColor);\n  cy.get('.pixel').eq(clickedPixelIndex - 5).should('not.have.css', 'background-color', backgroundColor);\n  cy.get('.pixel').eq(clickedPixelIndex + 5).should('not.have.css', 'background-color', backgroundColor);\n  cy.get('.pixel').eq(clickedPixelIndex - 6).should('not.have.css', 'background-color', backgroundColor);\n  cy.get('.pixel').eq(clickedPixelIndex - 4).should('not.have.css', 'background-color', backgroundColor);\n  cy.get('.pixel').eq(clickedPixelIndex + 4).should('not.have.css', 'background-color', backgroundColor);\n  cy.get('.pixel').eq(clickedPixelIndex + 6).should('not.have.css', 'background-color', backgroundColor);\n});",
              "err": {},
              "uuid": "b09cc960-95eb-4941-b3a0-204b780337fb",
              "parentUUID": "a4b136e7-a714-45f2-affe-09cff0d65529",
              "isHook": false,
              "skipped": false
            }
          ],
          "suites": [],
          "passes": [
            "f46e3fe2-a408-4d61-a5b1-125d60df64b3",
            "afca7271-9766-4d93-aaf1-3b7614adde1d",
            "b09cc960-95eb-4941-b3a0-204b780337fb"
          ],
          "failures": [],
          "pending": [],
          "skipped": [],
          "duration": 12416,
          "root": false,
          "rootEmpty": false,
          "_timeout": 2000
        },
        {
          "uuid": "1b65937f-8842-4aa3-ae58-90e082ba68f6",
          "title": "9 - Crie um botão que, ao ser clicado, limpa o quadro preenchendo a cor de todos seus pixels com branco.",
          "fullFile": "",
          "file": "",
          "beforeHooks": [],
          "afterHooks": [],
          "tests": [
            {
              "title": "Verifica se o botão tem o `id` denominado `clear-board`",
              "fullTitle": "9 - Crie um botão que, ao ser clicado, limpa o quadro preenchendo a cor de todos seus pixels com branco. Verifica se o botão tem o `id` denominado `clear-board`",
              "timedOut": null,
              "duration": 89,
              "state": "passed",
              "speed": "slow",
              "pass": true,
              "fail": false,
              "pending": false,
              "context": null,
              "code": "cy.get('#clear-board').should('be.visible');",
              "err": {},
              "uuid": "e82071c8-23d1-4833-9ca0-56c93d72ded8",
              "parentUUID": "1b65937f-8842-4aa3-ae58-90e082ba68f6",
              "isHook": false,
              "skipped": false
            },
            {
              "title": "Verifica se o botão está posicionado entre a paleta de cores e o quadro de pixels",
              "fullTitle": "9 - Crie um botão que, ao ser clicado, limpa o quadro preenchendo a cor de todos seus pixels com branco. Verifica se o botão está posicionado entre a paleta de cores e o quadro de pixels",
              "timedOut": null,
              "duration": 4178,
              "state": "failed",
              "speed": null,
              "pass": false,
              "fail": true,
              "pending": false,
              "context": null,
              "code": "cy.get('#color-palette').then(function (palette) {\n  cy.get('#clear-board').should('be.belowOf', palette);\n});\ncy.get('#clear-board').then(function (clearBtn) {\n  cy.get('#pixel-board').should('be.belowOf', clearBtn);\n});",
              "err": {
                "message": "CypressError: Timed out retrying: expected '<main#pixel-board>' to be below of { Object (0, length, ...) }",
                "estack": "CypressError: Timed out retrying: expected '<main#pixel-board>' to be below of { Object (0, length, ...) }\n    at cypressErr (http://localhost:44287/__cypress/runner/cypress_runner.js:149934:9)\n    at throwErr (http://localhost:44287/__cypress/runner/cypress_runner.js:149867:11)\n    at Object.throwErrByPath (http://localhost:44287/__cypress/runner/cypress_runner.js:149915:3)\n    at retry (http://localhost:44287/__cypress/runner/cypress_runner.js:144197:19)\n    at onFailFn (http://localhost:44287/__cypress/runner/cypress_runner.js:132448:16)\n    at tryCatcher (http://localhost:44287/__cypress/runner/cypress_runner.js:167415:23)\n    at Promise._settlePromiseFromHandler (http://localhost:44287/__cypress/runner/cypress_runner.js:165351:31)\n    at Promise._settlePromise (http://localhost:44287/__cypress/runner/cypress_runner.js:165408:18)\n    at Promise._settlePromise0 (http://localhost:44287/__cypress/runner/cypress_runner.js:165453:10)\n    at Promise._settlePromises (http://localhost:44287/__cypress/runner/cypress_runner.js:165528:18)\n    at Async../node_modules/bluebird/js/release/async.js.Async._drainQueue (http://localhost:44287/__cypress/runner/cypress_runner.js:162140:16)\n    at Async../node_modules/bluebird/js/release/async.js.Async._drainQueues (http://localhost:44287/__cypress/runner/cypress_runner.js:162150:10)\n    at Async.drainQueues (http://localhost:44287/__cypress/runner/cypress_runner.js:162024:14)",
                "diff": null
              },
              "uuid": "be4faf6a-ad06-4c97-a585-52b0d51243dc",
              "parentUUID": "1b65937f-8842-4aa3-ae58-90e082ba68f6",
              "isHook": false,
              "skipped": false
            },
            {
              "title": "Verifica se o texto do botão é 'Limpar'",
              "fullTitle": "9 - Crie um botão que, ao ser clicado, limpa o quadro preenchendo a cor de todos seus pixels com branco. Verifica se o texto do botão é 'Limpar'",
              "timedOut": null,
              "duration": 82,
              "state": "passed",
              "speed": "slow",
              "pass": true,
              "fail": false,
              "pending": false,
              "context": null,
              "code": "cy.get('#clear-board').should('contain.text', 'Limpar');",
              "err": {},
              "uuid": "d69733e1-111e-4cf8-8d35-aa5bb98d01e2",
              "parentUUID": "1b65937f-8842-4aa3-ae58-90e082ba68f6",
              "isHook": false,
              "skipped": false
            },
            {
              "title": "Verifica se ao clicar no botão, o quadro de pixels é totalmente preenchido de branco",
              "fullTitle": "9 - Crie um botão que, ao ser clicado, limpa o quadro preenchendo a cor de todos seus pixels com branco. Verifica se ao clicar no botão, o quadro de pixels é totalmente preenchido de branco",
              "timedOut": null,
              "duration": 6557,
              "state": "failed",
              "speed": null,
              "pass": false,
              "fail": true,
              "pending": false,
              "context": null,
              "code": "cy.get('.color').eq(1).then(function (color) {\n  var backgroundColor = color.css('background-color');\n  cy.wrap(color).click();\n  cy.get('.pixel').each(function (pixel) {\n    cy.wrap(pixel).click().should('have.css', 'background-color', backgroundColor);\n  });\n});\ncy.get('#clear-board').click();\ncy.get('.pixel').each(function (pixel) {\n  cy.wrap(pixel).should('have.css', 'background-color', WHITE);\n});",
              "err": {
                "message": "CypressError: Timed out retrying: expected '<div.pixel>' to have CSS property 'background-color' with the value 'rgb(255, 255, 255)', but the value was 'rgb(255, 99, 71)'",
                "estack": "CypressError: Timed out retrying: expected '<div.pixel>' to have CSS property 'background-color' with the value 'rgb(255, 255, 255)', but the value was 'rgb(255, 99, 71)'\n    at cypressErr (http://localhost:44287/__cypress/runner/cypress_runner.js:149934:9)\n    at throwErr (http://localhost:44287/__cypress/runner/cypress_runner.js:149867:11)\n    at Object.throwErrByPath (http://localhost:44287/__cypress/runner/cypress_runner.js:149915:3)\n    at retry (http://localhost:44287/__cypress/runner/cypress_runner.js:144197:19)\n    at onFailFn (http://localhost:44287/__cypress/runner/cypress_runner.js:132448:16)\n    at tryCatcher (http://localhost:44287/__cypress/runner/cypress_runner.js:167415:23)\n    at Promise._settlePromiseFromHandler (http://localhost:44287/__cypress/runner/cypress_runner.js:165351:31)\n    at Promise._settlePromise (http://localhost:44287/__cypress/runner/cypress_runner.js:165408:18)\n    at Promise._settlePromise0 (http://localhost:44287/__cypress/runner/cypress_runner.js:165453:10)\n    at Promise._settlePromises (http://localhost:44287/__cypress/runner/cypress_runner.js:165528:18)\n    at Async../node_modules/bluebird/js/release/async.js.Async._drainQueue (http://localhost:44287/__cypress/runner/cypress_runner.js:162140:16)\n    at Async../node_modules/bluebird/js/release/async.js.Async._drainQueues (http://localhost:44287/__cypress/runner/cypress_runner.js:162150:10)\n    at Async.drainQueues (http://localhost:44287/__cypress/runner/cypress_runner.js:162024:14)",
                "diff": null
              },
              "uuid": "5adff643-30ab-41d4-9f7d-2985964a02f1",
              "parentUUID": "1b65937f-8842-4aa3-ae58-90e082ba68f6",
              "isHook": false,
              "skipped": false
            }
          ],
          "suites": [],
          "passes": [
            "e82071c8-23d1-4833-9ca0-56c93d72ded8",
            "d69733e1-111e-4cf8-8d35-aa5bb98d01e2"
          ],
          "failures": [
            "be4faf6a-ad06-4c97-a585-52b0d51243dc",
            "5adff643-30ab-41d4-9f7d-2985964a02f1"
          ],
          "pending": [],
          "skipped": [],
          "duration": 10906,
          "root": false,
          "rootEmpty": false,
          "_timeout": 2000
        },
        {
          "uuid": "e32d683d-80ae-4607-9b1e-f2a3c6376ec9",
          "title": "10 - Faça o quadro de pixels ter seu tamanho definido pelo usuário.",
          "fullFile": "",
          "file": "",
          "beforeHooks": [],
          "afterHooks": [],
          "tests": [
            {
              "title": "Verifica se existe um input com o id `board-size`",
              "fullTitle": "10 - Faça o quadro de pixels ter seu tamanho definido pelo usuário. Verifica se existe um input com o id `board-size`",
              "timedOut": null,
              "duration": 4210,
              "state": "failed",
              "speed": null,
              "pass": false,
              "fail": true,
              "pending": false,
              "context": null,
              "code": "cy.get('#board-size').should('be.visible');",
              "err": {
                "message": "CypressError: Timed out retrying: Expected to find element: '#board-size', but never found it.",
                "estack": "CypressError: Timed out retrying: Expected to find element: '#board-size', but never found it.\n    at cypressErr (http://localhost:44287/__cypress/runner/cypress_runner.js:149934:9)\n    at throwErr (http://localhost:44287/__cypress/runner/cypress_runner.js:149867:11)\n    at Object.throwErrByPath (http://localhost:44287/__cypress/runner/cypress_runner.js:149915:3)\n    at retry (http://localhost:44287/__cypress/runner/cypress_runner.js:144197:19)\n    at onFailFn (http://localhost:44287/__cypress/runner/cypress_runner.js:132448:16)\n    at tryCatcher (http://localhost:44287/__cypress/runner/cypress_runner.js:167415:23)\n    at Promise._settlePromiseFromHandler (http://localhost:44287/__cypress/runner/cypress_runner.js:165351:31)\n    at Promise._settlePromise (http://localhost:44287/__cypress/runner/cypress_runner.js:165408:18)\n    at Promise._settlePromise0 (http://localhost:44287/__cypress/runner/cypress_runner.js:165453:10)\n    at Promise._settlePromises (http://localhost:44287/__cypress/runner/cypress_runner.js:165528:18)\n    at Async../node_modules/bluebird/js/release/async.js.Async._drainQueue (http://localhost:44287/__cypress/runner/cypress_runner.js:162140:16)\n    at Async../node_modules/bluebird/js/release/async.js.Async._drainQueues (http://localhost:44287/__cypress/runner/cypress_runner.js:162150:10)\n    at Async.drainQueues (http://localhost:44287/__cypress/runner/cypress_runner.js:162024:14)",
                "diff": null
              },
              "uuid": "15328185-a140-40cc-9b43-94602639b6b2",
              "parentUUID": "e32d683d-80ae-4607-9b1e-f2a3c6376ec9",
              "isHook": false,
              "skipped": false
            },
            {
              "title": "Verifica se existe um botão com o id `generate-board`",
              "fullTitle": "10 - Faça o quadro de pixels ter seu tamanho definido pelo usuário. Verifica se existe um botão com o id `generate-board`",
              "timedOut": null,
              "duration": 4167,
              "state": "failed",
              "speed": null,
              "pass": false,
              "fail": true,
              "pending": false,
              "context": null,
              "code": "cy.get('#generate-board').should('be.visible');",
              "err": {
                "message": "CypressError: Timed out retrying: Expected to find element: '#generate-board', but never found it.",
                "estack": "CypressError: Timed out retrying: Expected to find element: '#generate-board', but never found it.\n    at cypressErr (http://localhost:44287/__cypress/runner/cypress_runner.js:149934:9)\n    at throwErr (http://localhost:44287/__cypress/runner/cypress_runner.js:149867:11)\n    at Object.throwErrByPath (http://localhost:44287/__cypress/runner/cypress_runner.js:149915:3)\n    at retry (http://localhost:44287/__cypress/runner/cypress_runner.js:144197:19)\n    at onFailFn (http://localhost:44287/__cypress/runner/cypress_runner.js:132448:16)\n    at tryCatcher (http://localhost:44287/__cypress/runner/cypress_runner.js:167415:23)\n    at Promise._settlePromiseFromHandler (http://localhost:44287/__cypress/runner/cypress_runner.js:165351:31)\n    at Promise._settlePromise (http://localhost:44287/__cypress/runner/cypress_runner.js:165408:18)\n    at Promise._settlePromise0 (http://localhost:44287/__cypress/runner/cypress_runner.js:165453:10)\n    at Promise._settlePromises (http://localhost:44287/__cypress/runner/cypress_runner.js:165528:18)\n    at Async../node_modules/bluebird/js/release/async.js.Async._drainQueue (http://localhost:44287/__cypress/runner/cypress_runner.js:162140:16)\n    at Async../node_modules/bluebird/js/release/async.js.Async._drainQueues (http://localhost:44287/__cypress/runner/cypress_runner.js:162150:10)\n    at Async.drainQueues (http://localhost:44287/__cypress/runner/cypress_runner.js:162024:14)",
                "diff": null
              },
              "uuid": "4d4ad512-045f-49b7-b183-c5d922b8a3e0",
              "parentUUID": "e32d683d-80ae-4607-9b1e-f2a3c6376ec9",
              "isHook": false,
              "skipped": false
            },
            {
              "title": "Verifica se o input só aceita número maiores que zero. Essa restrição deve ser feita usando os atributos do elemento `input`",
              "fullTitle": "10 - Faça o quadro de pixels ter seu tamanho definido pelo usuário. Verifica se o input só aceita número maiores que zero. Essa restrição deve ser feita usando os atributos do elemento `input`",
              "timedOut": null,
              "duration": 4237,
              "state": "failed",
              "speed": null,
              "pass": false,
              "fail": true,
              "pending": false,
              "context": null,
              "code": "cy.get('#board-size[type=\\'number\\'][min=\\'1\\']');",
              "err": {
                "message": "CypressError: Timed out retrying: Expected to find element: '#board-size[type='number'][min='1']', but never found it.",
                "estack": "CypressError: Timed out retrying: Expected to find element: '#board-size[type='number'][min='1']', but never found it.\n    at cypressErr (http://localhost:44287/__cypress/runner/cypress_runner.js:149934:9)\n    at throwErr (http://localhost:44287/__cypress/runner/cypress_runner.js:149867:11)\n    at Object.throwErrByPath (http://localhost:44287/__cypress/runner/cypress_runner.js:149915:3)\n    at retry (http://localhost:44287/__cypress/runner/cypress_runner.js:144197:19)\n    at onFailFn (http://localhost:44287/__cypress/runner/cypress_runner.js:132448:16)\n    at tryCatcher (http://localhost:44287/__cypress/runner/cypress_runner.js:167415:23)\n    at Promise._settlePromiseFromHandler (http://localhost:44287/__cypress/runner/cypress_runner.js:165351:31)\n    at Promise._settlePromise (http://localhost:44287/__cypress/runner/cypress_runner.js:165408:18)\n    at Promise._settlePromise0 (http://localhost:44287/__cypress/runner/cypress_runner.js:165453:10)\n    at Promise._settlePromises (http://localhost:44287/__cypress/runner/cypress_runner.js:165528:18)\n    at Async../node_modules/bluebird/js/release/async.js.Async._drainQueue (http://localhost:44287/__cypress/runner/cypress_runner.js:162140:16)\n    at Async../node_modules/bluebird/js/release/async.js.Async._drainQueues (http://localhost:44287/__cypress/runner/cypress_runner.js:162150:10)\n    at Async.drainQueues (http://localhost:44287/__cypress/runner/cypress_runner.js:162024:14)",
                "diff": null
              },
              "uuid": "f939bb6e-d6a3-48bc-8f23-6ad9f1f02eeb",
              "parentUUID": "e32d683d-80ae-4607-9b1e-f2a3c6376ec9",
              "isHook": false,
              "skipped": false
            },
            {
              "title": "Verifica se o botão contém o texto 'VQV'",
              "fullTitle": "10 - Faça o quadro de pixels ter seu tamanho definido pelo usuário. Verifica se o botão contém o texto 'VQV'",
              "timedOut": null,
              "duration": 4255,
              "state": "failed",
              "speed": null,
              "pass": false,
              "fail": true,
              "pending": false,
              "context": null,
              "code": "cy.get('#generate-board').contains(/vqv/i);",
              "err": {
                "message": "CypressError: Timed out retrying: Expected to find element: '#generate-board', but never found it.",
                "estack": "CypressError: Timed out retrying: Expected to find element: '#generate-board', but never found it.\n    at cypressErr (http://localhost:44287/__cypress/runner/cypress_runner.js:149934:9)\n    at throwErr (http://localhost:44287/__cypress/runner/cypress_runner.js:149867:11)\n    at Object.throwErrByPath (http://localhost:44287/__cypress/runner/cypress_runner.js:149915:3)\n    at retry (http://localhost:44287/__cypress/runner/cypress_runner.js:144197:19)\n    at onFailFn (http://localhost:44287/__cypress/runner/cypress_runner.js:132448:16)\n    at tryCatcher (http://localhost:44287/__cypress/runner/cypress_runner.js:167415:23)\n    at Promise._settlePromiseFromHandler (http://localhost:44287/__cypress/runner/cypress_runner.js:165351:31)\n    at Promise._settlePromise (http://localhost:44287/__cypress/runner/cypress_runner.js:165408:18)\n    at Promise._settlePromise0 (http://localhost:44287/__cypress/runner/cypress_runner.js:165453:10)\n    at Promise._settlePromises (http://localhost:44287/__cypress/runner/cypress_runner.js:165528:18)\n    at Async../node_modules/bluebird/js/release/async.js.Async._drainQueue (http://localhost:44287/__cypress/runner/cypress_runner.js:162140:16)\n    at Async../node_modules/bluebird/js/release/async.js.Async._drainQueues (http://localhost:44287/__cypress/runner/cypress_runner.js:162150:10)\n    at Async.drainQueues (http://localhost:44287/__cypress/runner/cypress_runner.js:162024:14)",
                "diff": null
              },
              "uuid": "583f35bf-9a26-4c52-8c10-dcfecb8e5487",
              "parentUUID": "e32d683d-80ae-4607-9b1e-f2a3c6376ec9",
              "isHook": false,
              "skipped": false
            },
            {
              "title": "Verifica se o input está posicionado entre a paleta de cores e o quadro de pixels",
              "fullTitle": "10 - Faça o quadro de pixels ter seu tamanho definido pelo usuário. Verifica se o input está posicionado entre a paleta de cores e o quadro de pixels",
              "timedOut": null,
              "duration": 4204,
              "state": "failed",
              "speed": null,
              "pass": false,
              "fail": true,
              "pending": false,
              "context": null,
              "code": "cy.get('#color-palette').then(function (palette) {\n  cy.get('#board-size').should('be.belowOf', palette);\n});\ncy.get('#board-size').then(function (palette) {\n  cy.get('#pixel-board').should('be.belowOf', palette);\n});",
              "err": {
                "message": "CypressError: Timed out retrying: Expected to find element: '#board-size', but never found it.",
                "estack": "CypressError: Timed out retrying: Expected to find element: '#board-size', but never found it.\n    at cypressErr (http://localhost:44287/__cypress/runner/cypress_runner.js:149934:9)\n    at throwErr (http://localhost:44287/__cypress/runner/cypress_runner.js:149867:11)\n    at Object.throwErrByPath (http://localhost:44287/__cypress/runner/cypress_runner.js:149915:3)\n    at retry (http://localhost:44287/__cypress/runner/cypress_runner.js:144197:19)\n    at onFailFn (http://localhost:44287/__cypress/runner/cypress_runner.js:132448:16)\n    at tryCatcher (http://localhost:44287/__cypress/runner/cypress_runner.js:167415:23)\n    at Promise._settlePromiseFromHandler (http://localhost:44287/__cypress/runner/cypress_runner.js:165351:31)\n    at Promise._settlePromise (http://localhost:44287/__cypress/runner/cypress_runner.js:165408:18)\n    at Promise._settlePromise0 (http://localhost:44287/__cypress/runner/cypress_runner.js:165453:10)\n    at Promise._settlePromises (http://localhost:44287/__cypress/runner/cypress_runner.js:165528:18)\n    at Async../node_modules/bluebird/js/release/async.js.Async._drainQueue (http://localhost:44287/__cypress/runner/cypress_runner.js:162140:16)\n    at Async../node_modules/bluebird/js/release/async.js.Async._drainQueues (http://localhost:44287/__cypress/runner/cypress_runner.js:162150:10)\n    at Async.drainQueues (http://localhost:44287/__cypress/runner/cypress_runner.js:162024:14)",
                "diff": null
              },
              "uuid": "b70fe576-d673-451b-8221-8a93395778d2",
              "parentUUID": "e32d683d-80ae-4607-9b1e-f2a3c6376ec9",
              "isHook": false,
              "skipped": false
            },
            {
              "title": "Verifica se o botão está posicionado ao lado do input",
              "fullTitle": "10 - Faça o quadro de pixels ter seu tamanho definido pelo usuário. Verifica se o botão está posicionado ao lado do input",
              "timedOut": null,
              "duration": 4254,
              "state": "failed",
              "speed": null,
              "pass": false,
              "fail": true,
              "pending": false,
              "context": null,
              "code": "cy.get('#board-size').then(function (board) {\n  cy.get('#generate-board').should('be.onTheRightOf', board);\n});",
              "err": {
                "message": "CypressError: Timed out retrying: Expected to find element: '#board-size', but never found it.",
                "estack": "CypressError: Timed out retrying: Expected to find element: '#board-size', but never found it.\n    at cypressErr (http://localhost:44287/__cypress/runner/cypress_runner.js:149934:9)\n    at throwErr (http://localhost:44287/__cypress/runner/cypress_runner.js:149867:11)\n    at Object.throwErrByPath (http://localhost:44287/__cypress/runner/cypress_runner.js:149915:3)\n    at retry (http://localhost:44287/__cypress/runner/cypress_runner.js:144197:19)\n    at onFailFn (http://localhost:44287/__cypress/runner/cypress_runner.js:132448:16)\n    at tryCatcher (http://localhost:44287/__cypress/runner/cypress_runner.js:167415:23)\n    at Promise._settlePromiseFromHandler (http://localhost:44287/__cypress/runner/cypress_runner.js:165351:31)\n    at Promise._settlePromise (http://localhost:44287/__cypress/runner/cypress_runner.js:165408:18)\n    at Promise._settlePromise0 (http://localhost:44287/__cypress/runner/cypress_runner.js:165453:10)\n    at Promise._settlePromises (http://localhost:44287/__cypress/runner/cypress_runner.js:165528:18)\n    at Async../node_modules/bluebird/js/release/async.js.Async._drainQueue (http://localhost:44287/__cypress/runner/cypress_runner.js:162140:16)\n    at Async../node_modules/bluebird/js/release/async.js.Async._drainQueues (http://localhost:44287/__cypress/runner/cypress_runner.js:162150:10)\n    at Async.drainQueues (http://localhost:44287/__cypress/runner/cypress_runner.js:162024:14)",
                "diff": null
              },
              "uuid": "67814139-1f31-4051-9892-f81b176b25fe",
              "parentUUID": "e32d683d-80ae-4607-9b1e-f2a3c6376ec9",
              "isHook": false,
              "skipped": false
            },
            {
              "title": "Verifica se nenhum valor for colocado no input ao clicar no botão, um `alert` é exibido com o texto: 'Board inválido!'",
              "fullTitle": "10 - Faça o quadro de pixels ter seu tamanho definido pelo usuário. Verifica se nenhum valor for colocado no input ao clicar no botão, um `alert` é exibido com o texto: 'Board inválido!'",
              "timedOut": null,
              "duration": 4344,
              "state": "failed",
              "speed": null,
              "pass": false,
              "fail": true,
              "pending": false,
              "context": null,
              "code": "var alerted = false;\ncy.on('window:alert', function (msg) {\n  return alerted = msg;\n});\ncy.get('#generate-board').click().then(function () {\n  return expect(alerted).to.match(/Board inválido!/i);\n});",
              "err": {
                "message": "CypressError: Timed out retrying: Expected to find element: '#generate-board', but never found it.",
                "estack": "CypressError: Timed out retrying: Expected to find element: '#generate-board', but never found it.\n    at cypressErr (http://localhost:44287/__cypress/runner/cypress_runner.js:149934:9)\n    at throwErr (http://localhost:44287/__cypress/runner/cypress_runner.js:149867:11)\n    at Object.throwErrByPath (http://localhost:44287/__cypress/runner/cypress_runner.js:149915:3)\n    at retry (http://localhost:44287/__cypress/runner/cypress_runner.js:144197:19)\n    at onFailFn (http://localhost:44287/__cypress/runner/cypress_runner.js:132448:16)\n    at tryCatcher (http://localhost:44287/__cypress/runner/cypress_runner.js:167415:23)\n    at Promise._settlePromiseFromHandler (http://localhost:44287/__cypress/runner/cypress_runner.js:165351:31)\n    at Promise._settlePromise (http://localhost:44287/__cypress/runner/cypress_runner.js:165408:18)\n    at Promise._settlePromise0 (http://localhost:44287/__cypress/runner/cypress_runner.js:165453:10)\n    at Promise._settlePromises (http://localhost:44287/__cypress/runner/cypress_runner.js:165528:18)\n    at Async../node_modules/bluebird/js/release/async.js.Async._drainQueue (http://localhost:44287/__cypress/runner/cypress_runner.js:162140:16)\n    at Async../node_modules/bluebird/js/release/async.js.Async._drainQueues (http://localhost:44287/__cypress/runner/cypress_runner.js:162150:10)\n    at Async.drainQueues (http://localhost:44287/__cypress/runner/cypress_runner.js:162024:14)",
                "diff": null
              },
              "uuid": "556232bc-e612-45bc-b3e9-97785cfc01bd",
              "parentUUID": "e32d683d-80ae-4607-9b1e-f2a3c6376ec9",
              "isHook": false,
              "skipped": false
            },
            {
              "title": "Verifica se ao clicar no botão com um valor preenchido, o tamanho do board muda.",
              "fullTitle": "10 - Faça o quadro de pixels ter seu tamanho definido pelo usuário. Verifica se ao clicar no botão com um valor preenchido, o tamanho do board muda.",
              "timedOut": null,
              "duration": 4224,
              "state": "failed",
              "speed": null,
              "pass": false,
              "fail": true,
              "pending": false,
              "context": null,
              "code": "cy.get('#board-size').clear().type(10);\ncy.get('#generate-board').click();\ncy.get('.pixel').should('have.length', 100);",
              "err": {
                "message": "CypressError: Timed out retrying: Expected to find element: '#board-size', but never found it.",
                "estack": "CypressError: Timed out retrying: Expected to find element: '#board-size', but never found it.\n    at cypressErr (http://localhost:44287/__cypress/runner/cypress_runner.js:149934:9)\n    at throwErr (http://localhost:44287/__cypress/runner/cypress_runner.js:149867:11)\n    at Object.throwErrByPath (http://localhost:44287/__cypress/runner/cypress_runner.js:149915:3)\n    at retry (http://localhost:44287/__cypress/runner/cypress_runner.js:144197:19)\n    at onFailFn (http://localhost:44287/__cypress/runner/cypress_runner.js:132448:16)\n    at tryCatcher (http://localhost:44287/__cypress/runner/cypress_runner.js:167415:23)\n    at Promise._settlePromiseFromHandler (http://localhost:44287/__cypress/runner/cypress_runner.js:165351:31)\n    at Promise._settlePromise (http://localhost:44287/__cypress/runner/cypress_runner.js:165408:18)\n    at Promise._settlePromise0 (http://localhost:44287/__cypress/runner/cypress_runner.js:165453:10)\n    at Promise._settlePromises (http://localhost:44287/__cypress/runner/cypress_runner.js:165528:18)\n    at Async../node_modules/bluebird/js/release/async.js.Async._drainQueue (http://localhost:44287/__cypress/runner/cypress_runner.js:162140:16)\n    at Async../node_modules/bluebird/js/release/async.js.Async._drainQueues (http://localhost:44287/__cypress/runner/cypress_runner.js:162150:10)\n    at Async.drainQueues (http://localhost:44287/__cypress/runner/cypress_runner.js:162024:14)",
                "diff": null
              },
              "uuid": "2c16b024-c81e-43fa-a817-64e2444ef177",
              "parentUUID": "e32d683d-80ae-4607-9b1e-f2a3c6376ec9",
              "isHook": false,
              "skipped": false
            },
            {
              "title": "Verifica se o novo quadro tem todos os pixels preenchidos com a cor branca",
              "fullTitle": "10 - Faça o quadro de pixels ter seu tamanho definido pelo usuário. Verifica se o novo quadro tem todos os pixels preenchidos com a cor branca",
              "timedOut": null,
              "duration": 4243,
              "state": "failed",
              "speed": null,
              "pass": false,
              "fail": true,
              "pending": false,
              "context": null,
              "code": "cy.get('#board-size').clear().type(6);\ncy.get('#generate-board').click();\ncy.get('.pixel').should('have.length', 36).each(function (pixel) {\n  expect(pixel).to.have.css('background-color', WHITE);\n});",
              "err": {
                "message": "CypressError: Timed out retrying: Expected to find element: '#board-size', but never found it.",
                "estack": "CypressError: Timed out retrying: Expected to find element: '#board-size', but never found it.\n    at cypressErr (http://localhost:44287/__cypress/runner/cypress_runner.js:149934:9)\n    at throwErr (http://localhost:44287/__cypress/runner/cypress_runner.js:149867:11)\n    at Object.throwErrByPath (http://localhost:44287/__cypress/runner/cypress_runner.js:149915:3)\n    at retry (http://localhost:44287/__cypress/runner/cypress_runner.js:144197:19)\n    at onFailFn (http://localhost:44287/__cypress/runner/cypress_runner.js:132448:16)\n    at tryCatcher (http://localhost:44287/__cypress/runner/cypress_runner.js:167415:23)\n    at Promise._settlePromiseFromHandler (http://localhost:44287/__cypress/runner/cypress_runner.js:165351:31)\n    at Promise._settlePromise (http://localhost:44287/__cypress/runner/cypress_runner.js:165408:18)\n    at Promise._settlePromise0 (http://localhost:44287/__cypress/runner/cypress_runner.js:165453:10)\n    at Promise._settlePromises (http://localhost:44287/__cypress/runner/cypress_runner.js:165528:18)\n    at Async../node_modules/bluebird/js/release/async.js.Async._drainQueue (http://localhost:44287/__cypress/runner/cypress_runner.js:162140:16)\n    at Async../node_modules/bluebird/js/release/async.js.Async._drainQueues (http://localhost:44287/__cypress/runner/cypress_runner.js:162150:10)\n    at Async.drainQueues (http://localhost:44287/__cypress/runner/cypress_runner.js:162024:14)",
                "diff": null
              },
              "uuid": "87f15a20-3d3d-4616-852a-09208d3c6aad",
              "parentUUID": "e32d683d-80ae-4607-9b1e-f2a3c6376ec9",
              "isHook": false,
              "skipped": false
            }
          ],
          "suites": [],
          "passes": [],
          "failures": [
            "15328185-a140-40cc-9b43-94602639b6b2",
            "4d4ad512-045f-49b7-b183-c5d922b8a3e0",
            "f939bb6e-d6a3-48bc-8f23-6ad9f1f02eeb",
            "583f35bf-9a26-4c52-8c10-dcfecb8e5487",
            "b70fe576-d673-451b-8221-8a93395778d2",
            "67814139-1f31-4051-9892-f81b176b25fe",
            "556232bc-e612-45bc-b3e9-97785cfc01bd",
            "2c16b024-c81e-43fa-a817-64e2444ef177",
            "87f15a20-3d3d-4616-852a-09208d3c6aad"
          ],
          "pending": [],
          "skipped": [],
          "duration": 38138,
          "root": false,
          "rootEmpty": false,
          "_timeout": 2000
        },
        {
          "uuid": "304a149d-8119-4868-aacb-73b4f04066a3",
          "title": "11 - Limite o tamanho mínimo e máximo do board.",
          "fullFile": "",
          "file": "",
          "beforeHooks": [],
          "afterHooks": [],
          "tests": [
            {
              "title": "Verifica se a altura máxima do board é 50",
              "fullTitle": "11 - Limite o tamanho mínimo e máximo do board. Verifica se a altura máxima do board é 50",
              "timedOut": null,
              "duration": 4243,
              "state": "failed",
              "speed": null,
              "pass": false,
              "fail": true,
              "pending": false,
              "context": null,
              "code": "cy.get('#board-size').clear().type(50);\ncy.get('#generate-board').click();\ncy.get('.pixel').should('have.length', 2500);",
              "err": {
                "message": "CypressError: Timed out retrying: Expected to find element: '#board-size', but never found it.",
                "estack": "CypressError: Timed out retrying: Expected to find element: '#board-size', but never found it.\n    at cypressErr (http://localhost:44287/__cypress/runner/cypress_runner.js:149934:9)\n    at throwErr (http://localhost:44287/__cypress/runner/cypress_runner.js:149867:11)\n    at Object.throwErrByPath (http://localhost:44287/__cypress/runner/cypress_runner.js:149915:3)\n    at retry (http://localhost:44287/__cypress/runner/cypress_runner.js:144197:19)\n    at onFailFn (http://localhost:44287/__cypress/runner/cypress_runner.js:132448:16)\n    at tryCatcher (http://localhost:44287/__cypress/runner/cypress_runner.js:167415:23)\n    at Promise._settlePromiseFromHandler (http://localhost:44287/__cypress/runner/cypress_runner.js:165351:31)\n    at Promise._settlePromise (http://localhost:44287/__cypress/runner/cypress_runner.js:165408:18)\n    at Promise._settlePromise0 (http://localhost:44287/__cypress/runner/cypress_runner.js:165453:10)\n    at Promise._settlePromises (http://localhost:44287/__cypress/runner/cypress_runner.js:165528:18)\n    at Async../node_modules/bluebird/js/release/async.js.Async._drainQueue (http://localhost:44287/__cypress/runner/cypress_runner.js:162140:16)\n    at Async../node_modules/bluebird/js/release/async.js.Async._drainQueues (http://localhost:44287/__cypress/runner/cypress_runner.js:162150:10)\n    at Async.drainQueues (http://localhost:44287/__cypress/runner/cypress_runner.js:162024:14)",
                "diff": null
              },
              "uuid": "34caf115-7c3a-485e-a221-6f211a3a130d",
              "parentUUID": "304a149d-8119-4868-aacb-73b4f04066a3",
              "isHook": false,
              "skipped": false
            },
            {
              "title": "Verifica se a altura do board é 5 quando um valor menor é colocado no input",
              "fullTitle": "11 - Limite o tamanho mínimo e máximo do board. Verifica se a altura do board é 5 quando um valor menor é colocado no input",
              "timedOut": null,
              "duration": 4307,
              "state": "failed",
              "speed": null,
              "pass": false,
              "fail": true,
              "pending": false,
              "context": null,
              "code": "cy.get('#board-size').clear().type(4);\ncy.get('#generate-board').click();\ncy.get('.pixel').should('have.length', 25);",
              "err": {
                "message": "CypressError: Timed out retrying: Expected to find element: '#board-size', but never found it.",
                "estack": "CypressError: Timed out retrying: Expected to find element: '#board-size', but never found it.\n    at cypressErr (http://localhost:44287/__cypress/runner/cypress_runner.js:149934:9)\n    at throwErr (http://localhost:44287/__cypress/runner/cypress_runner.js:149867:11)\n    at Object.throwErrByPath (http://localhost:44287/__cypress/runner/cypress_runner.js:149915:3)\n    at retry (http://localhost:44287/__cypress/runner/cypress_runner.js:144197:19)\n    at onFailFn (http://localhost:44287/__cypress/runner/cypress_runner.js:132448:16)\n    at tryCatcher (http://localhost:44287/__cypress/runner/cypress_runner.js:167415:23)\n    at Promise._settlePromiseFromHandler (http://localhost:44287/__cypress/runner/cypress_runner.js:165351:31)\n    at Promise._settlePromise (http://localhost:44287/__cypress/runner/cypress_runner.js:165408:18)\n    at Promise._settlePromise0 (http://localhost:44287/__cypress/runner/cypress_runner.js:165453:10)\n    at Promise._settlePromises (http://localhost:44287/__cypress/runner/cypress_runner.js:165528:18)\n    at Async../node_modules/bluebird/js/release/async.js.Async._drainQueue (http://localhost:44287/__cypress/runner/cypress_runner.js:162140:16)\n    at Async../node_modules/bluebird/js/release/async.js.Async._drainQueues (http://localhost:44287/__cypress/runner/cypress_runner.js:162150:10)\n    at Async.drainQueues (http://localhost:44287/__cypress/runner/cypress_runner.js:162024:14)",
                "diff": null
              },
              "uuid": "6cdaee73-2624-4841-a471-682edff07cd6",
              "parentUUID": "304a149d-8119-4868-aacb-73b4f04066a3",
              "isHook": false,
              "skipped": false
            },
            {
              "title": "Verifica se a altura do board é 50 quando um valor maior é colocado no input",
              "fullTitle": "11 - Limite o tamanho mínimo e máximo do board. Verifica se a altura do board é 50 quando um valor maior é colocado no input",
              "timedOut": null,
              "duration": 4199,
              "state": "failed",
              "speed": null,
              "pass": false,
              "fail": true,
              "pending": false,
              "context": null,
              "code": "cy.get('#board-size').clear().type(51);\ncy.get('#generate-board').click();\ncy.get('.pixel').should('have.length', 2500);",
              "err": {
                "message": "CypressError: Timed out retrying: Expected to find element: '#board-size', but never found it.",
                "estack": "CypressError: Timed out retrying: Expected to find element: '#board-size', but never found it.\n    at cypressErr (http://localhost:44287/__cypress/runner/cypress_runner.js:149934:9)\n    at throwErr (http://localhost:44287/__cypress/runner/cypress_runner.js:149867:11)\n    at Object.throwErrByPath (http://localhost:44287/__cypress/runner/cypress_runner.js:149915:3)\n    at retry (http://localhost:44287/__cypress/runner/cypress_runner.js:144197:19)\n    at onFailFn (http://localhost:44287/__cypress/runner/cypress_runner.js:132448:16)\n    at tryCatcher (http://localhost:44287/__cypress/runner/cypress_runner.js:167415:23)\n    at Promise._settlePromiseFromHandler (http://localhost:44287/__cypress/runner/cypress_runner.js:165351:31)\n    at Promise._settlePromise (http://localhost:44287/__cypress/runner/cypress_runner.js:165408:18)\n    at Promise._settlePromise0 (http://localhost:44287/__cypress/runner/cypress_runner.js:165453:10)\n    at Promise._settlePromises (http://localhost:44287/__cypress/runner/cypress_runner.js:165528:18)\n    at Async../node_modules/bluebird/js/release/async.js.Async._drainQueue (http://localhost:44287/__cypress/runner/cypress_runner.js:162140:16)\n    at Async../node_modules/bluebird/js/release/async.js.Async._drainQueues (http://localhost:44287/__cypress/runner/cypress_runner.js:162150:10)\n    at Async.drainQueues (http://localhost:44287/__cypress/runner/cypress_runner.js:162024:14)",
                "diff": null
              },
              "uuid": "8f21f592-07f8-4652-94e0-c925ac11fe97",
              "parentUUID": "304a149d-8119-4868-aacb-73b4f04066a3",
              "isHook": false,
              "skipped": false
            }
          ],
          "suites": [],
          "passes": [],
          "failures": [
            "34caf115-7c3a-485e-a221-6f211a3a130d",
            "6cdaee73-2624-4841-a471-682edff07cd6",
            "8f21f592-07f8-4652-94e0-c925ac11fe97"
          ],
          "pending": [],
          "skipped": [],
          "duration": 12749,
          "root": false,
          "rootEmpty": false,
          "_timeout": 2000
        },
        {
          "uuid": "8f687ff0-670c-4214-bbc0-e25ae0ba0167",
          "title": "12 - Faça com que as cores da paleta sejam geradas aleatoriamente ao carregar a página.",
          "fullFile": "",
          "file": "",
          "beforeHooks": [],
          "afterHooks": [],
          "tests": [
            {
              "title": "Verifica se as cores geradas na paleta são diferentes a cada carregamento da página",
              "fullTitle": "12 - Faça com que as cores da paleta sejam geradas aleatoriamente ao carregar a página. Verifica se as cores geradas na paleta são diferentes a cada carregamento da página",
              "timedOut": null,
              "duration": 370,
              "state": "failed",
              "speed": null,
              "pass": false,
              "fail": true,
              "pending": false,
              "context": null,
              "code": "cy.get('.color').then(function (colors) {\n  var currentColors;\n  var previousColors;\n  previousColors = Array.from(colors).map(function (color) {\n    return Cypress.$(color).css('background-color');\n  });\n  for (var i = 0; i < 5; i += 1) {\n    cy.reload();\n    cy.get('.color').then(function (colors) {\n      currentColors = Array.from(colors).map(function (color) {\n        return Cypress.$(color).css('background-color');\n      });\n      expect(currentColors).not.to.deep.equal(previousColors);\n      previousColors = currentColors;\n    });\n  }\n});",
              "err": {
                "message": "AssertionError: expected [ Array(4) ] to not deeply equal [ Array(4) ]",
                "estack": "AssertionError: expected [ Array(4) ] to not deeply equal [ Array(4) ]\n    at getRet (http://localhost:44287/__cypress/runner/cypress_runner.js:136585:16)\n    at tryCatcher (http://localhost:44287/__cypress/runner/cypress_runner.js:167415:23)\n    at Function.Promise.attempt.Promise.try (http://localhost:44287/__cypress/runner/cypress_runner.js:164690:29)\n    at Context.thenFn (http://localhost:44287/__cypress/runner/cypress_runner.js:136599:23)\n    at Context.then (http://localhost:44287/__cypress/runner/cypress_runner.js:136971:21)\n    at Context.<anonymous> (http://localhost:44287/__cypress/runner/cypress_runner.js:148875:21)\n    at http://localhost:44287/__cypress/runner/cypress_runner.js:148351:33\n    at tryCatcher (http://localhost:44287/__cypress/runner/cypress_runner.js:167415:23)\n    at Promise._settlePromiseFromHandler (http://localhost:44287/__cypress/runner/cypress_runner.js:165351:31)\n    at Promise._settlePromise (http://localhost:44287/__cypress/runner/cypress_runner.js:165408:18)\n    at Promise._settlePromiseCtx (http://localhost:44287/__cypress/runner/cypress_runner.js:165445:10)\n    at Async../node_modules/bluebird/js/release/async.js.Async._drainQueue (http://localhost:44287/__cypress/runner/cypress_runner.js:162145:12)\n    at Async../node_modules/bluebird/js/release/async.js.Async._drainQueues (http://localhost:44287/__cypress/runner/cypress_runner.js:162150:10)\n    at Async.drainQueues (http://localhost:44287/__cypress/runner/cypress_runner.js:162024:14)",
                "diff": ""
              },
              "uuid": "db9b3b85-6dde-449c-9d26-e34abc244e69",
              "parentUUID": "8f687ff0-670c-4214-bbc0-e25ae0ba0167",
              "isHook": false,
              "skipped": false
            },
            {
              "title": "Verifica se a cor preta ainda está presente e é a primeira na sua paleta de cores",
              "fullTitle": "12 - Faça com que as cores da paleta sejam geradas aleatoriamente ao carregar a página. Verifica se a cor preta ainda está presente e é a primeira na sua paleta de cores",
              "timedOut": null,
              "duration": 329,
              "state": "failed",
              "speed": null,
              "pass": false,
              "fail": true,
              "pending": false,
              "context": null,
              "code": "cy.get('.color').then(function (colors) {\n  var currentColors;\n  var previousColors;\n  previousColors = Array.from(colors).map(function (color) {\n    return Cypress.$(color).css('background-color');\n  });\n  expect(previousColors[0]).to.eq(BLACK);\n  for (var i = 0; i < 5; i += 1) {\n    cy.reload();\n    cy.get('.color').then(function (colors) {\n      currentColors = Array.from(colors).map(function (color) {\n        return Cypress.$(color).css('background-color');\n      });\n      expect(currentColors[0]).to.eq(BLACK);\n      expect(currentColors).not.to.deep.equal(previousColors);\n      previousColors = currentColors;\n    });\n  }\n});",
              "err": {
                "message": "AssertionError: expected [ Array(4) ] to not deeply equal [ Array(4) ]",
                "estack": "AssertionError: expected [ Array(4) ] to not deeply equal [ Array(4) ]\n    at getRet (http://localhost:44287/__cypress/runner/cypress_runner.js:136585:16)\n    at tryCatcher (http://localhost:44287/__cypress/runner/cypress_runner.js:167415:23)\n    at Function.Promise.attempt.Promise.try (http://localhost:44287/__cypress/runner/cypress_runner.js:164690:29)\n    at Context.thenFn (http://localhost:44287/__cypress/runner/cypress_runner.js:136599:23)\n    at Context.then (http://localhost:44287/__cypress/runner/cypress_runner.js:136971:21)\n    at Context.<anonymous> (http://localhost:44287/__cypress/runner/cypress_runner.js:148875:21)\n    at http://localhost:44287/__cypress/runner/cypress_runner.js:148351:33\n    at tryCatcher (http://localhost:44287/__cypress/runner/cypress_runner.js:167415:23)\n    at Promise._settlePromiseFromHandler (http://localhost:44287/__cypress/runner/cypress_runner.js:165351:31)\n    at Promise._settlePromise (http://localhost:44287/__cypress/runner/cypress_runner.js:165408:18)\n    at Promise._settlePromiseCtx (http://localhost:44287/__cypress/runner/cypress_runner.js:165445:10)\n    at Async../node_modules/bluebird/js/release/async.js.Async._drainQueue (http://localhost:44287/__cypress/runner/cypress_runner.js:162145:12)\n    at Async../node_modules/bluebird/js/release/async.js.Async._drainQueues (http://localhost:44287/__cypress/runner/cypress_runner.js:162150:10)\n    at Async.drainQueues (http://localhost:44287/__cypress/runner/cypress_runner.js:162024:14)",
                "diff": ""
              },
              "uuid": "768119c0-0425-477d-bbfe-14e8937f3149",
              "parentUUID": "8f687ff0-670c-4214-bbc0-e25ae0ba0167",
              "isHook": false,
              "skipped": false
            }
          ],
          "suites": [],
          "passes": [],
          "failures": [
            "db9b3b85-6dde-449c-9d26-e34abc244e69",
            "768119c0-0425-477d-bbfe-14e8937f3149"
          ],
          "pending": [],
          "skipped": [],
          "duration": 699,
          "root": false,
          "rootEmpty": false,
          "_timeout": 2000
        }
      ],
      "passes": [],
      "failures": [],
      "pending": [],
      "skipped": [],
      "duration": 0,
      "root": true,
      "rootEmpty": true,
      "_timeout": 2000
    }
  ],
  "meta": {
    "mocha": {
      "version": "7.0.1"
    },
    "mochawesome": {
      "options": {
        "quiet": false,
        "reportFilename": "mochawesome",
        "saveHtml": false,
        "saveJson": true,
        "consoleReporter": "spec",
        "useInlineDiffs": false
      },
      "version": "4.1.0"
    },
    "marge": {
      "options": {
        "id": "default",
        "reportDir": "cypress/reports",
        "overwrite": true,
        "html": false,
        "json": true
      },
      "version": "4.1.0"
    }
  }
}