{
  "stats": {
    "suites": 12,
    "tests": 41,
    "passes": 13,
    "pending": 0,
    "failures": 28,
    "start": "2021-08-14T01:48:31.356Z",
    "end": "2021-08-14T01:50:32.312Z",
    "duration": 120956,
    "testsRegistered": 41,
    "passPercent": 31.70731707317073,
    "pendingPercent": 0,
    "other": 0,
    "hasOther": false,
    "skipped": 0,
    "hasSkipped": false
  },
  "results": [
    {
      "uuid": "5f4dc70d-4fa3-4c59-9e03-909f76ea3892",
      "title": "",
      "fullFile": "cypress/integration/project.spec.js",
      "file": "cypress/integration/project.spec.js",
      "beforeHooks": [],
      "afterHooks": [],
      "tests": [],
      "suites": [
        {
          "uuid": "4667e232-705f-4c60-bd39-6c6d3e75c2a3",
          "title": "1 - Adicione à página o título \"Paleta de Cores\".",
          "fullFile": "",
          "file": "",
          "beforeHooks": [],
          "afterHooks": [],
          "tests": [
            {
              "title": "Verifica se contém um elemento `h1` com o id `title` com o título correto",
              "fullTitle": "1 - Adicione à página o título \"Paleta de Cores\". Verifica se contém um elemento `h1` com o id `title` com o título correto",
              "timedOut": null,
              "duration": 189,
              "state": "passed",
              "speed": "slow",
              "pass": true,
              "fail": false,
              "pending": false,
              "context": null,
              "code": "cy.get('h1#title').should('contain.text', 'Paleta de Cores');",
              "err": {},
              "uuid": "411fb4f3-12db-45e0-87c1-8e0827ed166b",
              "parentUUID": "4667e232-705f-4c60-bd39-6c6d3e75c2a3",
              "isHook": false,
              "skipped": false
            }
          ],
          "suites": [],
          "passes": [
            "411fb4f3-12db-45e0-87c1-8e0827ed166b"
          ],
          "failures": [],
          "pending": [],
          "skipped": [],
          "duration": 189,
          "root": false,
          "rootEmpty": false,
          "_timeout": 2000
        },
        {
          "uuid": "46c3a15f-cd58-49c3-be09-d1ee521c29b2",
          "title": "2 - Adicione à página uma paleta de quatro cores distintas.",
          "fullFile": "",
          "file": "",
          "beforeHooks": [],
          "afterHooks": [],
          "tests": [
            {
              "title": "A paleta de cores deve ser um elemento com `id` denominado `color-palette`",
              "fullTitle": "2 - Adicione à página uma paleta de quatro cores distintas. A paleta de cores deve ser um elemento com `id` denominado `color-palette`",
              "timedOut": null,
              "duration": 4357,
              "state": "failed",
              "speed": null,
              "pass": false,
              "fail": true,
              "pending": false,
              "context": null,
              "code": "cy.get('#color-palette').should('be.visible');",
              "err": {
                "message": "CypressError: Timed out retrying: expected '<div#color-palette>' to be 'visible'\n\nThis element '<div#color-palette>' is not visible because it has an effective width and height of: '0 x 0' pixels.",
                "estack": "CypressError: Timed out retrying: expected '<div#color-palette>' to be 'visible'\n\nThis element '<div#color-palette>' is not visible because it has an effective width and height of: '0 x 0' pixels.\n    at cypressErr (http://localhost:40475/__cypress/runner/cypress_runner.js:149934:9)\n    at throwErr (http://localhost:40475/__cypress/runner/cypress_runner.js:149867:11)\n    at Object.throwErrByPath (http://localhost:40475/__cypress/runner/cypress_runner.js:149915:3)\n    at retry (http://localhost:40475/__cypress/runner/cypress_runner.js:144197:19)\n    at onFailFn (http://localhost:40475/__cypress/runner/cypress_runner.js:132448:16)\n    at tryCatcher (http://localhost:40475/__cypress/runner/cypress_runner.js:167415:23)\n    at Promise._settlePromiseFromHandler (http://localhost:40475/__cypress/runner/cypress_runner.js:165351:31)\n    at Promise._settlePromise (http://localhost:40475/__cypress/runner/cypress_runner.js:165408:18)\n    at Promise._settlePromise0 (http://localhost:40475/__cypress/runner/cypress_runner.js:165453:10)\n    at Promise._settlePromises (http://localhost:40475/__cypress/runner/cypress_runner.js:165528:18)\n    at Async../node_modules/bluebird/js/release/async.js.Async._drainQueue (http://localhost:40475/__cypress/runner/cypress_runner.js:162140:16)\n    at Async../node_modules/bluebird/js/release/async.js.Async._drainQueues (http://localhost:40475/__cypress/runner/cypress_runner.js:162150:10)\n    at Async.drainQueues (http://localhost:40475/__cypress/runner/cypress_runner.js:162024:14)",
                "diff": null
              },
              "uuid": "308a149a-ea62-4a5d-958c-7d286c979413",
              "parentUUID": "46c3a15f-cd58-49c3-be09-d1ee521c29b2",
              "isHook": false,
              "skipped": false
            },
            {
              "title": "Verifica se cada cor individual da paleta de cores possui a `classe` chamada `color`.",
              "fullTitle": "2 - Adicione à página uma paleta de quatro cores distintas. Verifica se cada cor individual da paleta de cores possui a `classe` chamada `color`.",
              "timedOut": null,
              "duration": 4392,
              "state": "failed",
              "speed": null,
              "pass": false,
              "fail": true,
              "pending": false,
              "context": null,
              "code": "cy.get('.color').should('have.length', 4).then(function (colors) {\n  for (var i = 0; i < colors.length; i++) {\n    cy.wrap(colors[i]).should('be.visible');\n  }\n});",
              "err": {
                "message": "CypressError: Timed out retrying: expected '<div.color>' to be 'visible'\n\nThis element '<div.color>' is not visible because it has an effective width and height of: '0 x 0' pixels.",
                "estack": "CypressError: Timed out retrying: expected '<div.color>' to be 'visible'\n\nThis element '<div.color>' is not visible because it has an effective width and height of: '0 x 0' pixels.\n    at cypressErr (http://localhost:40475/__cypress/runner/cypress_runner.js:149934:9)\n    at throwErr (http://localhost:40475/__cypress/runner/cypress_runner.js:149867:11)\n    at Object.throwErrByPath (http://localhost:40475/__cypress/runner/cypress_runner.js:149915:3)\n    at retry (http://localhost:40475/__cypress/runner/cypress_runner.js:144197:19)\n    at onFailFn (http://localhost:40475/__cypress/runner/cypress_runner.js:132448:16)\n    at tryCatcher (http://localhost:40475/__cypress/runner/cypress_runner.js:167415:23)\n    at Promise._settlePromiseFromHandler (http://localhost:40475/__cypress/runner/cypress_runner.js:165351:31)\n    at Promise._settlePromise (http://localhost:40475/__cypress/runner/cypress_runner.js:165408:18)\n    at Promise._settlePromise0 (http://localhost:40475/__cypress/runner/cypress_runner.js:165453:10)\n    at Promise._settlePromises (http://localhost:40475/__cypress/runner/cypress_runner.js:165528:18)\n    at Async../node_modules/bluebird/js/release/async.js.Async._drainQueue (http://localhost:40475/__cypress/runner/cypress_runner.js:162140:16)\n    at Async../node_modules/bluebird/js/release/async.js.Async._drainQueues (http://localhost:40475/__cypress/runner/cypress_runner.js:162150:10)\n    at Async.drainQueues (http://localhost:40475/__cypress/runner/cypress_runner.js:162024:14)",
                "diff": null
              },
              "uuid": "cd46f0a3-b86a-4daf-9504-00ebeabeb648",
              "parentUUID": "46c3a15f-cd58-49c3-be09-d1ee521c29b2",
              "isHook": false,
              "skipped": false
            },
            {
              "title": "Verifica se a cor de fundo de cada elemento da paleta é a cor que o elemento representa. **A única cor não permitida na paleta é a cor branca.**",
              "fullTitle": "2 - Adicione à página uma paleta de quatro cores distintas. Verifica se a cor de fundo de cada elemento da paleta é a cor que o elemento representa. **A única cor não permitida na paleta é a cor branca.**",
              "timedOut": null,
              "duration": 200,
              "state": "passed",
              "speed": "slow",
              "pass": true,
              "fail": false,
              "pending": false,
              "context": null,
              "code": "cy.get('.color').each(function (color) {\n  cy.wrap(color).should('have.class', 'color').and('not.have.css', 'background-color', WHITE);\n  cy.wrap(color).should('have.css', 'background-color');\n});",
              "err": {},
              "uuid": "8185eb8a-660f-4ec7-a3b9-4d38f4b062a1",
              "parentUUID": "46c3a15f-cd58-49c3-be09-d1ee521c29b2",
              "isHook": false,
              "skipped": false
            },
            {
              "title": "Verifica se cada elemento da paleta de cores tem uma borda preta, sólida e com 1 pixel de largura;",
              "fullTitle": "2 - Adicione à página uma paleta de quatro cores distintas. Verifica se cada elemento da paleta de cores tem uma borda preta, sólida e com 1 pixel de largura;",
              "timedOut": null,
              "duration": 4316,
              "state": "failed",
              "speed": null,
              "pass": false,
              "fail": true,
              "pending": false,
              "context": null,
              "code": "cy.get('.color').each(function (color) {\n  cy.wrap(color).and('have.css', 'border', \"1px solid \".concat(BLACK)).and('have.class', 'color');\n});",
              "err": {
                "message": "CypressError: Timed out retrying: expected '<div.color>' to have CSS property 'border' with the value '1px solid rgb(0, 0, 0)', but the value was '0px none rgb(0, 0, 0)'",
                "estack": "CypressError: Timed out retrying: expected '<div.color>' to have CSS property 'border' with the value '1px solid rgb(0, 0, 0)', but the value was '0px none rgb(0, 0, 0)'\n    at cypressErr (http://localhost:40475/__cypress/runner/cypress_runner.js:149934:9)\n    at throwErr (http://localhost:40475/__cypress/runner/cypress_runner.js:149867:11)\n    at Object.throwErrByPath (http://localhost:40475/__cypress/runner/cypress_runner.js:149915:3)\n    at retry (http://localhost:40475/__cypress/runner/cypress_runner.js:144197:19)\n    at onFailFn (http://localhost:40475/__cypress/runner/cypress_runner.js:132448:16)\n    at tryCatcher (http://localhost:40475/__cypress/runner/cypress_runner.js:167415:23)\n    at Promise._settlePromiseFromHandler (http://localhost:40475/__cypress/runner/cypress_runner.js:165351:31)\n    at Promise._settlePromise (http://localhost:40475/__cypress/runner/cypress_runner.js:165408:18)\n    at Promise._settlePromise0 (http://localhost:40475/__cypress/runner/cypress_runner.js:165453:10)\n    at Promise._settlePromises (http://localhost:40475/__cypress/runner/cypress_runner.js:165528:18)\n    at Async../node_modules/bluebird/js/release/async.js.Async._drainQueue (http://localhost:40475/__cypress/runner/cypress_runner.js:162140:16)\n    at Async../node_modules/bluebird/js/release/async.js.Async._drainQueues (http://localhost:40475/__cypress/runner/cypress_runner.js:162150:10)\n    at Async.drainQueues (http://localhost:40475/__cypress/runner/cypress_runner.js:162024:14)",
                "diff": null
              },
              "uuid": "b11a3e75-34a0-4599-b786-8c398396861c",
              "parentUUID": "46c3a15f-cd58-49c3-be09-d1ee521c29b2",
              "isHook": false,
              "skipped": false
            },
            {
              "title": "Verifica se a paleta lista todas as cores disponíveis para utilização, lado a lado.",
              "fullTitle": "2 - Adicione à página uma paleta de quatro cores distintas. Verifica se a paleta lista todas as cores disponíveis para utilização, lado a lado.",
              "timedOut": null,
              "duration": 213,
              "state": "passed",
              "speed": "slow",
              "pass": true,
              "fail": false,
              "pending": false,
              "context": null,
              "code": "cy.get('.color').then(function (colors) {\n  for (var index = 1; index < colors.length; index += 1) {\n    var currentColor = colors[index];\n    var previousColor = colors[index - 1];\n    cy.wrap(currentColor).should('be.onTheRightOf', previousColor).and('be.horizontallyAlignedWith', previousColor);\n  }\n});",
              "err": {},
              "uuid": "d98953f3-069f-4221-a0bb-643206a530de",
              "parentUUID": "46c3a15f-cd58-49c3-be09-d1ee521c29b2",
              "isHook": false,
              "skipped": false
            },
            {
              "title": "Verifica se a paleta de cores está posicionada abaixo do título 'Paleta de Cores'",
              "fullTitle": "2 - Adicione à página uma paleta de quatro cores distintas. Verifica se a paleta de cores está posicionada abaixo do título 'Paleta de Cores'",
              "timedOut": null,
              "duration": 160,
              "state": "passed",
              "speed": "slow",
              "pass": true,
              "fail": false,
              "pending": false,
              "context": null,
              "code": "cy.get('h1#title').then(function (title) {\n  cy.get('#color-palette').should('be.belowOf', title);\n});",
              "err": {},
              "uuid": "c53a48f6-2a63-4283-9dc4-9527732379ad",
              "parentUUID": "46c3a15f-cd58-49c3-be09-d1ee521c29b2",
              "isHook": false,
              "skipped": false
            },
            {
              "title": "Verifica se a paleta de cores não contém cores repetidas.",
              "fullTitle": "2 - Adicione à página uma paleta de quatro cores distintas. Verifica se a paleta de cores não contém cores repetidas.",
              "timedOut": null,
              "duration": 173,
              "state": "passed",
              "speed": "slow",
              "pass": true,
              "fail": false,
              "pending": false,
              "context": null,
              "code": "cy.get('.color').then(function (colors) {\n  var allColors = Array.from(colors).map(function (color) {\n    return Cypress.$(color).css('background-color');\n  });\n  cy.log(allColors);\n  var uniqColors = (0, _toConsumableArray2[\"default\"])(new Set(allColors));\n  cy.log(uniqColors);\n  expect(allColors.length).to.eq(uniqColors.length);\n});",
              "err": {},
              "uuid": "8f0a3e2f-89bf-418c-9f88-9fcdf3d6a038",
              "parentUUID": "46c3a15f-cd58-49c3-be09-d1ee521c29b2",
              "isHook": false,
              "skipped": false
            }
          ],
          "suites": [],
          "passes": [
            "8185eb8a-660f-4ec7-a3b9-4d38f4b062a1",
            "d98953f3-069f-4221-a0bb-643206a530de",
            "c53a48f6-2a63-4283-9dc4-9527732379ad",
            "8f0a3e2f-89bf-418c-9f88-9fcdf3d6a038"
          ],
          "failures": [
            "308a149a-ea62-4a5d-958c-7d286c979413",
            "cd46f0a3-b86a-4daf-9504-00ebeabeb648",
            "b11a3e75-34a0-4599-b786-8c398396861c"
          ],
          "pending": [],
          "skipped": [],
          "duration": 13811,
          "root": false,
          "rootEmpty": false,
          "_timeout": 2000
        },
        {
          "uuid": "1c88364e-8157-452f-8d03-ea0347d2b10d",
          "title": "3 - Adicione a cor **preta** como a primeira cor da paleta de cores.",
          "fullFile": "",
          "file": "",
          "beforeHooks": [],
          "afterHooks": [],
          "tests": [
            {
              "title": "Verifica se a primeira cor da paleta é preta",
              "fullTitle": "3 - Adicione a cor **preta** como a primeira cor da paleta de cores. Verifica se a primeira cor da paleta é preta",
              "timedOut": null,
              "duration": 173,
              "state": "passed",
              "speed": "slow",
              "pass": true,
              "fail": false,
              "pending": false,
              "context": null,
              "code": "cy.get('.color').first().should('have.css', 'background-color', BLACK);",
              "err": {},
              "uuid": "9f4e7ca6-ebb6-45e0-9e73-e6e91a7cc311",
              "parentUUID": "1c88364e-8157-452f-8d03-ea0347d2b10d",
              "isHook": false,
              "skipped": false
            },
            {
              "title": "Verifica se as demais cores podem ser escolhidas livremente.",
              "fullTitle": "3 - Adicione a cor **preta** como a primeira cor da paleta de cores. Verifica se as demais cores podem ser escolhidas livremente.",
              "timedOut": null,
              "duration": 185,
              "state": "passed",
              "speed": "slow",
              "pass": true,
              "fail": false,
              "pending": false,
              "context": null,
              "code": "cy.get('.color').eq(1).should('not.have.css', 'background-color', BLACK);\ncy.get('.color').eq(1).should('not.have.css', 'background-color', WHITE);\ncy.get('.color').eq(1).should('not.have.css', 'background-color', 'rgba(0, 0, 0, 0)');\ncy.get('.color').eq(1).should('have.css', 'background-color');\ncy.get('.color').eq(2).should('not.have.css', 'background-color', BLACK);\ncy.get('.color').eq(2).should('not.have.css', 'background-color', WHITE);\ncy.get('.color').eq(2).should('not.have.css', 'background-color', 'rgba(0, 0, 0, 0)');\ncy.get('.color').eq(2).should('have.css', 'background-color');\ncy.get('.color').eq(3).should('not.have.css', 'background-color', BLACK);\ncy.get('.color').eq(3).should('not.have.css', 'background-color', WHITE);\ncy.get('.color').eq(3).should('not.have.css', 'background-color', 'rgba(0, 0, 0, 0)');\ncy.get('.color').eq(3).should('have.css', 'background-color');",
              "err": {},
              "uuid": "08b8f542-1eaa-43e1-a2eb-10bcff8c18e9",
              "parentUUID": "1c88364e-8157-452f-8d03-ea0347d2b10d",
              "isHook": false,
              "skipped": false
            }
          ],
          "suites": [],
          "passes": [
            "9f4e7ca6-ebb6-45e0-9e73-e6e91a7cc311",
            "08b8f542-1eaa-43e1-a2eb-10bcff8c18e9"
          ],
          "failures": [],
          "pending": [],
          "skipped": [],
          "duration": 358,
          "root": false,
          "rootEmpty": false,
          "_timeout": 2000
        },
        {
          "uuid": "b72e6a9f-67a7-433f-be23-cc57be1ef5b9",
          "title": "4 - Adicione à página um quadro de pixels, com 25 pixels.",
          "fullFile": "",
          "file": "",
          "beforeHooks": [],
          "afterHooks": [],
          "tests": [
            {
              "title": "Verifica se o quadro de pixels possui o `id` denominado `pixel-board`",
              "fullTitle": "4 - Adicione à página um quadro de pixels, com 25 pixels. Verifica se o quadro de pixels possui o `id` denominado `pixel-board`",
              "timedOut": null,
              "duration": 179,
              "state": "passed",
              "speed": "slow",
              "pass": true,
              "fail": false,
              "pending": false,
              "context": null,
              "code": "cy.get('#pixel-board').should('be.visible');",
              "err": {},
              "uuid": "59f26ac6-e281-4736-8c75-58468e42174d",
              "parentUUID": "b72e6a9f-67a7-433f-be23-cc57be1ef5b9",
              "isHook": false,
              "skipped": false
            },
            {
              "title": "Verifica se cada pixel individual dentro do quadro possui a `classe` denominada `pixel`.",
              "fullTitle": "4 - Adicione à página um quadro de pixels, com 25 pixels. Verifica se cada pixel individual dentro do quadro possui a `classe` denominada `pixel`.",
              "timedOut": null,
              "duration": 136,
              "state": "passed",
              "speed": "slow",
              "pass": true,
              "fail": false,
              "pending": false,
              "context": null,
              "code": "cy.get('.pixel').should('have.length', 25);",
              "err": {},
              "uuid": "4ceae33c-f96c-4b51-82e9-93b695743653",
              "parentUUID": "b72e6a9f-67a7-433f-be23-cc57be1ef5b9",
              "isHook": false,
              "skipped": false
            },
            {
              "title": "Verifica se a cor inicial dos pixels dentro do quadro, ao abrir a página, é branca.",
              "fullTitle": "4 - Adicione à página um quadro de pixels, com 25 pixels. Verifica se a cor inicial dos pixels dentro do quadro, ao abrir a página, é branca.",
              "timedOut": null,
              "duration": 169,
              "state": "passed",
              "speed": "slow",
              "pass": true,
              "fail": false,
              "pending": false,
              "context": null,
              "code": "cy.get('.pixel').should('have.length', 25).each(function (pixel) {\n  expect(pixel).to.have.css('background-color', WHITE);\n});",
              "err": {},
              "uuid": "045c0783-7fc4-4a09-be3b-6794984c09c5",
              "parentUUID": "b72e6a9f-67a7-433f-be23-cc57be1ef5b9",
              "isHook": false,
              "skipped": false
            },
            {
              "title": "Verifica se o quadro de pixels aparece abaixo da paleta de cores",
              "fullTitle": "4 - Adicione à página um quadro de pixels, com 25 pixels. Verifica se o quadro de pixels aparece abaixo da paleta de cores",
              "timedOut": null,
              "duration": 188,
              "state": "passed",
              "speed": "slow",
              "pass": true,
              "fail": false,
              "pending": false,
              "context": null,
              "code": "cy.get('#color-palette').then(function (palette) {\n  cy.get('#pixel-board').should('be.belowOf', palette);\n});",
              "err": {},
              "uuid": "743f1778-0b6a-4b8f-b01c-f1c82b5320aa",
              "parentUUID": "b72e6a9f-67a7-433f-be23-cc57be1ef5b9",
              "isHook": false,
              "skipped": false
            }
          ],
          "suites": [],
          "passes": [
            "59f26ac6-e281-4736-8c75-58468e42174d",
            "4ceae33c-f96c-4b51-82e9-93b695743653",
            "045c0783-7fc4-4a09-be3b-6794984c09c5",
            "743f1778-0b6a-4b8f-b01c-f1c82b5320aa"
          ],
          "failures": [],
          "pending": [],
          "skipped": [],
          "duration": 672,
          "root": false,
          "rootEmpty": false,
          "_timeout": 2000
        },
        {
          "uuid": "b3be70e0-f316-47da-959a-1dbbac139805",
          "title": "5 - Faça com que cada elemento do quadro de pixels possua 40 pixels de largura, 40 pixels de altura e seja delimitado por uma borda preta de 1 pixel.",
          "fullFile": "",
          "file": "",
          "beforeHooks": [],
          "afterHooks": [],
          "tests": [
            {
              "title": "Verifica se o quadro de pixels tem altura e comprimento de 5 elementos",
              "fullTitle": "5 - Faça com que cada elemento do quadro de pixels possua 40 pixels de largura, 40 pixels de altura e seja delimitado por uma borda preta de 1 pixel. Verifica se o quadro de pixels tem altura e comprimento de 5 elementos",
              "timedOut": null,
              "duration": 4339,
              "state": "failed",
              "speed": null,
              "pass": false,
              "fail": true,
              "pending": false,
              "context": null,
              "code": "cy.get('.pixel').should('have.length', 25).each(function (pixel) {\n  expect(pixel).to.have.css('background-color', WHITE);\n}).and(function (pixels) {\n  var rows = chunk(pixels, 5);\n  rows.forEach(function (row) {\n    for (var index = 1; index < row.length; index += 1) {\n      var current = pixels[index];\n      var previous = pixels[index - 1];\n      cy.wrap(current).should('be.onTheRightOf', previous).and('be.horizontallyAlignedWith', previous);\n    }\n  });\n  for (var index = 1; index < 5; index += 1) {\n    expect(pixels[index * 5]).to.be.belowOf(pixels[(index - 1) * 5]);\n  }\n});",
              "err": {
                "message": "CypressError: Timed out retrying: expected '<li.pixel>' to be on the right of <li class=\"pixel\" style=\"background: white;\"></li>",
                "estack": "CypressError: Timed out retrying: expected '<li.pixel>' to be on the right of <li class=\"pixel\" style=\"background: white;\"></li>\n    at cypressErr (http://localhost:40475/__cypress/runner/cypress_runner.js:149934:9)\n    at throwErr (http://localhost:40475/__cypress/runner/cypress_runner.js:149867:11)\n    at Object.throwErrByPath (http://localhost:40475/__cypress/runner/cypress_runner.js:149915:3)\n    at retry (http://localhost:40475/__cypress/runner/cypress_runner.js:144197:19)\n    at onFailFn (http://localhost:40475/__cypress/runner/cypress_runner.js:132448:16)\n    at tryCatcher (http://localhost:40475/__cypress/runner/cypress_runner.js:167415:23)\n    at Promise._settlePromiseFromHandler (http://localhost:40475/__cypress/runner/cypress_runner.js:165351:31)\n    at Promise._settlePromise (http://localhost:40475/__cypress/runner/cypress_runner.js:165408:18)\n    at Promise._settlePromise0 (http://localhost:40475/__cypress/runner/cypress_runner.js:165453:10)\n    at Promise._settlePromises (http://localhost:40475/__cypress/runner/cypress_runner.js:165528:18)\n    at Async../node_modules/bluebird/js/release/async.js.Async._drainQueue (http://localhost:40475/__cypress/runner/cypress_runner.js:162140:16)\n    at Async../node_modules/bluebird/js/release/async.js.Async._drainQueues (http://localhost:40475/__cypress/runner/cypress_runner.js:162150:10)\n    at Async.drainQueues (http://localhost:40475/__cypress/runner/cypress_runner.js:162024:14)",
                "diff": null
              },
              "uuid": "d30d9e60-84bb-4062-8bbc-7c16412abf42",
              "parentUUID": "b3be70e0-f316-47da-959a-1dbbac139805",
              "isHook": false,
              "skipped": false
            },
            {
              "title": "Verifica se 40 pixels é o tamanho total do elemento, incluindo seu conteúdo e excluindo a borda preta, que deve ser criada à parte.",
              "fullTitle": "5 - Faça com que cada elemento do quadro de pixels possua 40 pixels de largura, 40 pixels de altura e seja delimitado por uma borda preta de 1 pixel. Verifica se 40 pixels é o tamanho total do elemento, incluindo seu conteúdo e excluindo a borda preta, que deve ser criada à parte.",
              "timedOut": null,
              "duration": 523,
              "state": "passed",
              "speed": "slow",
              "pass": true,
              "fail": false,
              "pending": false,
              "context": null,
              "code": "cy.get('.pixel').each(function (pixel) {\n  cy.wrap(pixel).should('have.css', 'height', '40px').and('have.css', 'width', '40px').and('have.css', 'border', \"1px solid \".concat(BLACK));\n});",
              "err": {},
              "uuid": "1b114a2a-613b-474b-88af-b8a1e24dca54",
              "parentUUID": "b3be70e0-f316-47da-959a-1dbbac139805",
              "isHook": false,
              "skipped": false
            }
          ],
          "suites": [],
          "passes": [
            "1b114a2a-613b-474b-88af-b8a1e24dca54"
          ],
          "failures": [
            "d30d9e60-84bb-4062-8bbc-7c16412abf42"
          ],
          "pending": [],
          "skipped": [],
          "duration": 4862,
          "root": false,
          "rootEmpty": false,
          "_timeout": 2000
        },
        {
          "uuid": "0c23d2cf-5fd1-45b2-a6f0-9410492c7898",
          "title": "6 - Defina a cor preta como cor inicial. Ao carregar a página a cor preta já deve estar selecionada para pintar os pixels",
          "fullFile": "",
          "file": "",
          "beforeHooks": [],
          "afterHooks": [],
          "tests": [
            {
              "title": "Verifica se o elemento da cor preta possui, inicialmente, a `classe` `selected`",
              "fullTitle": "6 - Defina a cor preta como cor inicial. Ao carregar a página a cor preta já deve estar selecionada para pintar os pixels Verifica se o elemento da cor preta possui, inicialmente, a `classe` `selected`",
              "timedOut": null,
              "duration": 4374,
              "state": "failed",
              "speed": null,
              "pass": false,
              "fail": true,
              "pending": false,
              "context": null,
              "code": "cy.get('.selected').first().should('have.css', 'background-color', BLACK);",
              "err": {
                "message": "CypressError: Timed out retrying: Expected to find element: '.selected', but never found it.",
                "estack": "CypressError: Timed out retrying: Expected to find element: '.selected', but never found it.\n    at cypressErr (http://localhost:40475/__cypress/runner/cypress_runner.js:149934:9)\n    at throwErr (http://localhost:40475/__cypress/runner/cypress_runner.js:149867:11)\n    at Object.throwErrByPath (http://localhost:40475/__cypress/runner/cypress_runner.js:149915:3)\n    at retry (http://localhost:40475/__cypress/runner/cypress_runner.js:144197:19)\n    at onFailFn (http://localhost:40475/__cypress/runner/cypress_runner.js:132448:16)\n    at tryCatcher (http://localhost:40475/__cypress/runner/cypress_runner.js:167415:23)\n    at Promise._settlePromiseFromHandler (http://localhost:40475/__cypress/runner/cypress_runner.js:165351:31)\n    at Promise._settlePromise (http://localhost:40475/__cypress/runner/cypress_runner.js:165408:18)\n    at Promise._settlePromise0 (http://localhost:40475/__cypress/runner/cypress_runner.js:165453:10)\n    at Promise._settlePromises (http://localhost:40475/__cypress/runner/cypress_runner.js:165528:18)\n    at Async../node_modules/bluebird/js/release/async.js.Async._drainQueue (http://localhost:40475/__cypress/runner/cypress_runner.js:162140:16)\n    at Async../node_modules/bluebird/js/release/async.js.Async._drainQueues (http://localhost:40475/__cypress/runner/cypress_runner.js:162150:10)\n    at Async.drainQueues (http://localhost:40475/__cypress/runner/cypress_runner.js:162024:14)",
                "diff": null
              },
              "uuid": "50a27adf-ada8-45da-ab05-b4d49ab6df4c",
              "parentUUID": "0c23d2cf-5fd1-45b2-a6f0-9410492c7898",
              "isHook": false,
              "skipped": false
            },
            {
              "title": "Verifica se nenhuma outra cor da paleta tem a `classe` `selected`",
              "fullTitle": "6 - Defina a cor preta como cor inicial. Ao carregar a página a cor preta já deve estar selecionada para pintar os pixels Verifica se nenhuma outra cor da paleta tem a `classe` `selected`",
              "timedOut": null,
              "duration": 193,
              "state": "passed",
              "speed": "slow",
              "pass": true,
              "fail": false,
              "pending": false,
              "context": null,
              "code": "cy.get('.color:not(:first-child)').each(function (color) {\n  cy.wrap(color).should('not.have.class', 'selected');\n});",
              "err": {},
              "uuid": "582f623b-be94-4dc9-80f9-af7c251750c7",
              "parentUUID": "0c23d2cf-5fd1-45b2-a6f0-9410492c7898",
              "isHook": false,
              "skipped": false
            }
          ],
          "suites": [],
          "passes": [
            "582f623b-be94-4dc9-80f9-af7c251750c7"
          ],
          "failures": [
            "50a27adf-ada8-45da-ab05-b4d49ab6df4c"
          ],
          "pending": [],
          "skipped": [],
          "duration": 4567,
          "root": false,
          "rootEmpty": false,
          "_timeout": 2000
        },
        {
          "uuid": "856d1c03-96fb-4d7a-9515-30534b2dffdc",
          "title": "7 - Clicar em uma das cores da paleta, faz com que ela seja selecionada e utilizada para preencher os pixels no quadro.",
          "fullFile": "",
          "file": "",
          "beforeHooks": [],
          "afterHooks": [],
          "tests": [
            {
              "title": "Verifica se somente uma cor da paleta de cores tem a classe `selected` de cada vez",
              "fullTitle": "7 - Clicar em uma das cores da paleta, faz com que ela seja selecionada e utilizada para preencher os pixels no quadro. Verifica se somente uma cor da paleta de cores tem a classe `selected` de cada vez",
              "timedOut": null,
              "duration": 4477,
              "state": "failed",
              "speed": null,
              "pass": false,
              "fail": true,
              "pending": false,
              "context": null,
              "code": "cy.get('.color').each(function (selectedColor, selectedColorIndex) {\n  cy.wrap(selectedColor).click();\n  cy.get('.color').each(function (color, colorIndex) {\n    if (colorIndex === selectedColorIndex) {\n      expect(color).to.have[\"class\"]('selected');\n    } else {\n      expect(color).not.to.have[\"class\"]('selected');\n    }\n  });\n});",
              "err": {
                "message": "CypressError: Timed out retrying: cy.click() failed because this element is not visible:\n\n<div class=\"color\" style=\"background-color: rgb(0, 0, 0);\"></div>\n\nThis element '<div.color>' is not visible because it has an effective width and height of: '0 x 0' pixels.\n\nFix this problem, or use {force: true} to disable error checking.\n\nhttps://on.cypress.io/element-cannot-be-interacted-with",
                "estack": "CypressError: Timed out retrying: cy.click() failed because this element is not visible:\n\n<div class=\"color\" style=\"background-color: rgb(0, 0, 0);\"></div>\n\nThis element '<div.color>' is not visible because it has an effective width and height of: '0 x 0' pixels.\n\nFix this problem, or use {force: true} to disable error checking.\n\nhttps://on.cypress.io/element-cannot-be-interacted-with\n    at cypressErr (http://localhost:40475/__cypress/runner/cypress_runner.js:149934:9)\n    at throwErr (http://localhost:40475/__cypress/runner/cypress_runner.js:149867:11)\n    at Object.throwErrByPath (http://localhost:40475/__cypress/runner/cypress_runner.js:149915:3)\n    at Object.retry (http://localhost:40475/__cypress/runner/cypress_runner.js:144197:19)\n    at retryActionability (http://localhost:40475/__cypress/runner/cypress_runner.js:132052:19)\n    at tryCatcher (http://localhost:40475/__cypress/runner/cypress_runner.js:167415:23)\n    at Function.Promise.attempt.Promise.try (http://localhost:40475/__cypress/runner/cypress_runner.js:164690:29)\n    at tryFn (http://localhost:40475/__cypress/runner/cypress_runner.js:144661:21)\n    at whenStable (http://localhost:40475/__cypress/runner/cypress_runner.js:144696:12)\n    at http://localhost:40475/__cypress/runner/cypress_runner.js:144240:16\n    at tryCatcher (http://localhost:40475/__cypress/runner/cypress_runner.js:167415:23)\n    at Promise._settlePromiseFromHandler (http://localhost:40475/__cypress/runner/cypress_runner.js:165351:31)\n    at Promise._settlePromise (http://localhost:40475/__cypress/runner/cypress_runner.js:165408:18)\n    at Promise._settlePromise0 (http://localhost:40475/__cypress/runner/cypress_runner.js:165453:10)\n    at Promise._settlePromises (http://localhost:40475/__cypress/runner/cypress_runner.js:165532:18)\n    at Promise._fulfill (http://localhost:40475/__cypress/runner/cypress_runner.js:165477:18)",
                "diff": null
              },
              "uuid": "f945e882-1ea7-4425-a3cd-5fbad9cc345e",
              "parentUUID": "856d1c03-96fb-4d7a-9515-30534b2dffdc",
              "isHook": false,
              "skipped": false
            },
            {
              "title": "Verifica se os pixels dentro do quadro não têm a classe `selected` quando são clicados",
              "fullTitle": "7 - Clicar em uma das cores da paleta, faz com que ela seja selecionada e utilizada para preencher os pixels no quadro. Verifica se os pixels dentro do quadro não têm a classe `selected` quando são clicados",
              "timedOut": null,
              "duration": 4484,
              "state": "failed",
              "speed": null,
              "pass": false,
              "fail": true,
              "pending": false,
              "context": null,
              "code": "cy.get('.color').each(function (color) {\n  var backgroundColor = color.css('background-color');\n  cy.wrap(color).click();\n  cy.get('.pixel').each(function (pixel) {\n    cy.wrap(pixel).click().should('not.have.class', 'selected');\n  });\n});",
              "err": {
                "message": "CypressError: Timed out retrying: cy.click() failed because this element is not visible:\n\n<div class=\"color\" style=\"background-color: rgb(0, 0, 0);\"></div>\n\nThis element '<div.color>' is not visible because it has an effective width and height of: '0 x 0' pixels.\n\nFix this problem, or use {force: true} to disable error checking.\n\nhttps://on.cypress.io/element-cannot-be-interacted-with",
                "estack": "CypressError: Timed out retrying: cy.click() failed because this element is not visible:\n\n<div class=\"color\" style=\"background-color: rgb(0, 0, 0);\"></div>\n\nThis element '<div.color>' is not visible because it has an effective width and height of: '0 x 0' pixels.\n\nFix this problem, or use {force: true} to disable error checking.\n\nhttps://on.cypress.io/element-cannot-be-interacted-with\n    at cypressErr (http://localhost:40475/__cypress/runner/cypress_runner.js:149934:9)\n    at throwErr (http://localhost:40475/__cypress/runner/cypress_runner.js:149867:11)\n    at Object.throwErrByPath (http://localhost:40475/__cypress/runner/cypress_runner.js:149915:3)\n    at Object.retry (http://localhost:40475/__cypress/runner/cypress_runner.js:144197:19)\n    at retryActionability (http://localhost:40475/__cypress/runner/cypress_runner.js:132052:19)\n    at tryCatcher (http://localhost:40475/__cypress/runner/cypress_runner.js:167415:23)\n    at Function.Promise.attempt.Promise.try (http://localhost:40475/__cypress/runner/cypress_runner.js:164690:29)\n    at tryFn (http://localhost:40475/__cypress/runner/cypress_runner.js:144661:21)\n    at whenStable (http://localhost:40475/__cypress/runner/cypress_runner.js:144696:12)\n    at http://localhost:40475/__cypress/runner/cypress_runner.js:144240:16\n    at tryCatcher (http://localhost:40475/__cypress/runner/cypress_runner.js:167415:23)\n    at Promise._settlePromiseFromHandler (http://localhost:40475/__cypress/runner/cypress_runner.js:165351:31)\n    at Promise._settlePromise (http://localhost:40475/__cypress/runner/cypress_runner.js:165408:18)\n    at Promise._settlePromise0 (http://localhost:40475/__cypress/runner/cypress_runner.js:165453:10)\n    at Promise._settlePromises (http://localhost:40475/__cypress/runner/cypress_runner.js:165532:18)\n    at Promise._fulfill (http://localhost:40475/__cypress/runner/cypress_runner.js:165477:18)",
                "diff": null
              },
              "uuid": "63f8b890-fe3d-4079-9b33-547f6438cc3f",
              "parentUUID": "856d1c03-96fb-4d7a-9515-30534b2dffdc",
              "isHook": false,
              "skipped": false
            }
          ],
          "suites": [],
          "passes": [],
          "failures": [
            "f945e882-1ea7-4425-a3cd-5fbad9cc345e",
            "63f8b890-fe3d-4079-9b33-547f6438cc3f"
          ],
          "pending": [],
          "skipped": [],
          "duration": 8961,
          "root": false,
          "rootEmpty": false,
          "_timeout": 2000
        },
        {
          "uuid": "81b55a8c-5a63-471e-b014-6a1bb6887750",
          "title": "8 - Clicar em um pixel dentro do quadro após selecionar uma cor na paleta, faz com que o pixel seja preenchido com a cor selecionada.",
          "fullFile": "",
          "file": "",
          "beforeHooks": [],
          "afterHooks": [],
          "tests": [
            {
              "title": "Verifica se ao carregar a página deve ser possível pintar os pixels de preto",
              "fullTitle": "8 - Clicar em um pixel dentro do quadro após selecionar uma cor na paleta, faz com que o pixel seja preenchido com a cor selecionada. Verifica se ao carregar a página deve ser possível pintar os pixels de preto",
              "timedOut": null,
              "duration": 4606,
              "state": "failed",
              "speed": null,
              "pass": false,
              "fail": true,
              "pending": false,
              "context": null,
              "code": "cy.get('.pixel').each(function (pixel) {\n  cy.wrap(pixel).click().should('have.css', 'background-color', BLACK);\n});",
              "err": {
                "message": "CypressError: Timed out retrying: expected '<li.pixel>' to have CSS property 'background-color' with the value 'rgb(0, 0, 0)', but the value was 'rgb(255, 255, 255)'",
                "estack": "CypressError: Timed out retrying: expected '<li.pixel>' to have CSS property 'background-color' with the value 'rgb(0, 0, 0)', but the value was 'rgb(255, 255, 255)'\n    at cypressErr (http://localhost:40475/__cypress/runner/cypress_runner.js:149934:9)\n    at throwErr (http://localhost:40475/__cypress/runner/cypress_runner.js:149867:11)\n    at Object.throwErrByPath (http://localhost:40475/__cypress/runner/cypress_runner.js:149915:3)\n    at retry (http://localhost:40475/__cypress/runner/cypress_runner.js:144197:19)\n    at onFailFn (http://localhost:40475/__cypress/runner/cypress_runner.js:132448:16)\n    at tryCatcher (http://localhost:40475/__cypress/runner/cypress_runner.js:167415:23)\n    at Promise._settlePromiseFromHandler (http://localhost:40475/__cypress/runner/cypress_runner.js:165351:31)\n    at Promise._settlePromise (http://localhost:40475/__cypress/runner/cypress_runner.js:165408:18)\n    at Promise._settlePromise0 (http://localhost:40475/__cypress/runner/cypress_runner.js:165453:10)\n    at Promise._settlePromises (http://localhost:40475/__cypress/runner/cypress_runner.js:165528:18)\n    at Async../node_modules/bluebird/js/release/async.js.Async._drainQueue (http://localhost:40475/__cypress/runner/cypress_runner.js:162140:16)\n    at Async../node_modules/bluebird/js/release/async.js.Async._drainQueues (http://localhost:40475/__cypress/runner/cypress_runner.js:162150:10)\n    at Async.drainQueues (http://localhost:40475/__cypress/runner/cypress_runner.js:162024:14)",
                "diff": null
              },
              "uuid": "424a7072-1246-4c86-915e-1e472888152d",
              "parentUUID": "81b55a8c-5a63-471e-b014-6a1bb6887750",
              "isHook": false,
              "skipped": false
            },
            {
              "title": "Verifica se após selecionar uma outra cor na paleta, é possível pintar os pixels com essa cor",
              "fullTitle": "8 - Clicar em um pixel dentro do quadro após selecionar uma cor na paleta, faz com que o pixel seja preenchido com a cor selecionada. Verifica se após selecionar uma outra cor na paleta, é possível pintar os pixels com essa cor",
              "timedOut": null,
              "duration": 4411,
              "state": "failed",
              "speed": null,
              "pass": false,
              "fail": true,
              "pending": false,
              "context": null,
              "code": "cy.get('.color').each(function (color) {\n  var backgroundColor = color.css('background-color');\n  cy.wrap(color).click();\n  cy.get('.pixel').each(function (pixel) {\n    cy.wrap(pixel).click().should('have.css', 'background-color', backgroundColor);\n  });\n});",
              "err": {
                "message": "CypressError: Timed out retrying: cy.click() failed because this element is not visible:\n\n<div class=\"color\" style=\"background-color: rgb(0, 0, 0);\"></div>\n\nThis element '<div.color>' is not visible because it has an effective width and height of: '0 x 0' pixels.\n\nFix this problem, or use {force: true} to disable error checking.\n\nhttps://on.cypress.io/element-cannot-be-interacted-with",
                "estack": "CypressError: Timed out retrying: cy.click() failed because this element is not visible:\n\n<div class=\"color\" style=\"background-color: rgb(0, 0, 0);\"></div>\n\nThis element '<div.color>' is not visible because it has an effective width and height of: '0 x 0' pixels.\n\nFix this problem, or use {force: true} to disable error checking.\n\nhttps://on.cypress.io/element-cannot-be-interacted-with\n    at cypressErr (http://localhost:40475/__cypress/runner/cypress_runner.js:149934:9)\n    at throwErr (http://localhost:40475/__cypress/runner/cypress_runner.js:149867:11)\n    at Object.throwErrByPath (http://localhost:40475/__cypress/runner/cypress_runner.js:149915:3)\n    at Object.retry (http://localhost:40475/__cypress/runner/cypress_runner.js:144197:19)\n    at retryActionability (http://localhost:40475/__cypress/runner/cypress_runner.js:132052:19)\n    at tryCatcher (http://localhost:40475/__cypress/runner/cypress_runner.js:167415:23)\n    at Function.Promise.attempt.Promise.try (http://localhost:40475/__cypress/runner/cypress_runner.js:164690:29)\n    at tryFn (http://localhost:40475/__cypress/runner/cypress_runner.js:144661:21)\n    at whenStable (http://localhost:40475/__cypress/runner/cypress_runner.js:144696:12)\n    at http://localhost:40475/__cypress/runner/cypress_runner.js:144240:16\n    at tryCatcher (http://localhost:40475/__cypress/runner/cypress_runner.js:167415:23)\n    at Promise._settlePromiseFromHandler (http://localhost:40475/__cypress/runner/cypress_runner.js:165351:31)\n    at Promise._settlePromise (http://localhost:40475/__cypress/runner/cypress_runner.js:165408:18)\n    at Promise._settlePromise0 (http://localhost:40475/__cypress/runner/cypress_runner.js:165453:10)\n    at Promise._settlePromises (http://localhost:40475/__cypress/runner/cypress_runner.js:165532:18)\n    at Promise._fulfill (http://localhost:40475/__cypress/runner/cypress_runner.js:165477:18)",
                "diff": null
              },
              "uuid": "d0d82b7f-741f-49b1-8e7f-224ab4508d2f",
              "parentUUID": "81b55a8c-5a63-471e-b014-6a1bb6887750",
              "isHook": false,
              "skipped": false
            },
            {
              "title": "Verifica se somente o pixel que foi clicado foi preenchido com a cor selecionada, sem influenciar na cor dos demais pixels.",
              "fullTitle": "8 - Clicar em um pixel dentro do quadro após selecionar uma cor na paleta, faz com que o pixel seja preenchido com a cor selecionada. Verifica se somente o pixel que foi clicado foi preenchido com a cor selecionada, sem influenciar na cor dos demais pixels.",
              "timedOut": null,
              "duration": 4489,
              "state": "failed",
              "speed": null,
              "pass": false,
              "fail": true,
              "pending": false,
              "context": null,
              "code": "var colorToPixelIndexMap = {\n  0: 6,\n  1: 8,\n  2: 16,\n  3: 18\n};\ncy.get('.color').each(function (color, index) {\n  cy.wrap(color).click();\n  var backgroundColor = color.css('background-color');\n  var clickedPixelIndex = colorToPixelIndexMap[index];\n  cy.get('.pixel').eq(clickedPixelIndex).click();\n  cy.get('.pixel').eq(clickedPixelIndex - 1).should('not.have.css', 'background-color', backgroundColor);\n  cy.get('.pixel').eq(clickedPixelIndex + 1).should('not.have.css', 'background-color', backgroundColor);\n  cy.get('.pixel').eq(clickedPixelIndex - 5).should('not.have.css', 'background-color', backgroundColor);\n  cy.get('.pixel').eq(clickedPixelIndex + 5).should('not.have.css', 'background-color', backgroundColor);\n  cy.get('.pixel').eq(clickedPixelIndex - 6).should('not.have.css', 'background-color', backgroundColor);\n  cy.get('.pixel').eq(clickedPixelIndex - 4).should('not.have.css', 'background-color', backgroundColor);\n  cy.get('.pixel').eq(clickedPixelIndex + 4).should('not.have.css', 'background-color', backgroundColor);\n  cy.get('.pixel').eq(clickedPixelIndex + 6).should('not.have.css', 'background-color', backgroundColor);\n});",
              "err": {
                "message": "CypressError: Timed out retrying: cy.click() failed because this element is not visible:\n\n<div class=\"color\" style=\"background-color: rgb(0, 0, 0);\"></div>\n\nThis element '<div.color>' is not visible because it has an effective width and height of: '0 x 0' pixels.\n\nFix this problem, or use {force: true} to disable error checking.\n\nhttps://on.cypress.io/element-cannot-be-interacted-with",
                "estack": "CypressError: Timed out retrying: cy.click() failed because this element is not visible:\n\n<div class=\"color\" style=\"background-color: rgb(0, 0, 0);\"></div>\n\nThis element '<div.color>' is not visible because it has an effective width and height of: '0 x 0' pixels.\n\nFix this problem, or use {force: true} to disable error checking.\n\nhttps://on.cypress.io/element-cannot-be-interacted-with\n    at cypressErr (http://localhost:40475/__cypress/runner/cypress_runner.js:149934:9)\n    at throwErr (http://localhost:40475/__cypress/runner/cypress_runner.js:149867:11)\n    at Object.throwErrByPath (http://localhost:40475/__cypress/runner/cypress_runner.js:149915:3)\n    at Object.retry (http://localhost:40475/__cypress/runner/cypress_runner.js:144197:19)\n    at retryActionability (http://localhost:40475/__cypress/runner/cypress_runner.js:132052:19)\n    at tryCatcher (http://localhost:40475/__cypress/runner/cypress_runner.js:167415:23)\n    at Function.Promise.attempt.Promise.try (http://localhost:40475/__cypress/runner/cypress_runner.js:164690:29)\n    at tryFn (http://localhost:40475/__cypress/runner/cypress_runner.js:144661:21)\n    at whenStable (http://localhost:40475/__cypress/runner/cypress_runner.js:144696:12)\n    at http://localhost:40475/__cypress/runner/cypress_runner.js:144240:16\n    at tryCatcher (http://localhost:40475/__cypress/runner/cypress_runner.js:167415:23)\n    at Promise._settlePromiseFromHandler (http://localhost:40475/__cypress/runner/cypress_runner.js:165351:31)\n    at Promise._settlePromise (http://localhost:40475/__cypress/runner/cypress_runner.js:165408:18)\n    at Promise._settlePromise0 (http://localhost:40475/__cypress/runner/cypress_runner.js:165453:10)\n    at Promise._settlePromises (http://localhost:40475/__cypress/runner/cypress_runner.js:165532:18)\n    at Promise._fulfill (http://localhost:40475/__cypress/runner/cypress_runner.js:165477:18)",
                "diff": null
              },
              "uuid": "a3b1c62f-37d1-4876-a7ca-8fa1e5702904",
              "parentUUID": "81b55a8c-5a63-471e-b014-6a1bb6887750",
              "isHook": false,
              "skipped": false
            }
          ],
          "suites": [],
          "passes": [],
          "failures": [
            "424a7072-1246-4c86-915e-1e472888152d",
            "d0d82b7f-741f-49b1-8e7f-224ab4508d2f",
            "a3b1c62f-37d1-4876-a7ca-8fa1e5702904"
          ],
          "pending": [],
          "skipped": [],
          "duration": 13506,
          "root": false,
          "rootEmpty": false,
          "_timeout": 2000
        },
        {
          "uuid": "f2ae0b1a-9798-4ddc-96b8-ccb43e491a1c",
          "title": "9 - Crie um botão que, ao ser clicado, limpa o quadro preenchendo a cor de todos seus pixels com branco.",
          "fullFile": "",
          "file": "",
          "beforeHooks": [],
          "afterHooks": [],
          "tests": [
            {
              "title": "Verifica se o botão tem o `id` denominado `clear-board`",
              "fullTitle": "9 - Crie um botão que, ao ser clicado, limpa o quadro preenchendo a cor de todos seus pixels com branco. Verifica se o botão tem o `id` denominado `clear-board`",
              "timedOut": null,
              "duration": 4431,
              "state": "failed",
              "speed": null,
              "pass": false,
              "fail": true,
              "pending": false,
              "context": null,
              "code": "cy.get('#clear-board').should('be.visible');",
              "err": {
                "message": "CypressError: Timed out retrying: Expected to find element: '#clear-board', but never found it.",
                "estack": "CypressError: Timed out retrying: Expected to find element: '#clear-board', but never found it.\n    at cypressErr (http://localhost:40475/__cypress/runner/cypress_runner.js:149934:9)\n    at throwErr (http://localhost:40475/__cypress/runner/cypress_runner.js:149867:11)\n    at Object.throwErrByPath (http://localhost:40475/__cypress/runner/cypress_runner.js:149915:3)\n    at retry (http://localhost:40475/__cypress/runner/cypress_runner.js:144197:19)\n    at onFailFn (http://localhost:40475/__cypress/runner/cypress_runner.js:132448:16)\n    at tryCatcher (http://localhost:40475/__cypress/runner/cypress_runner.js:167415:23)\n    at Promise._settlePromiseFromHandler (http://localhost:40475/__cypress/runner/cypress_runner.js:165351:31)\n    at Promise._settlePromise (http://localhost:40475/__cypress/runner/cypress_runner.js:165408:18)\n    at Promise._settlePromise0 (http://localhost:40475/__cypress/runner/cypress_runner.js:165453:10)\n    at Promise._settlePromises (http://localhost:40475/__cypress/runner/cypress_runner.js:165528:18)\n    at Async../node_modules/bluebird/js/release/async.js.Async._drainQueue (http://localhost:40475/__cypress/runner/cypress_runner.js:162140:16)\n    at Async../node_modules/bluebird/js/release/async.js.Async._drainQueues (http://localhost:40475/__cypress/runner/cypress_runner.js:162150:10)\n    at Async.drainQueues (http://localhost:40475/__cypress/runner/cypress_runner.js:162024:14)",
                "diff": null
              },
              "uuid": "275264b7-4307-4bd2-949c-6fd179472d91",
              "parentUUID": "f2ae0b1a-9798-4ddc-96b8-ccb43e491a1c",
              "isHook": false,
              "skipped": false
            },
            {
              "title": "Verifica se o botão está posicionado entre a paleta de cores e o quadro de pixels",
              "fullTitle": "9 - Crie um botão que, ao ser clicado, limpa o quadro preenchendo a cor de todos seus pixels com branco. Verifica se o botão está posicionado entre a paleta de cores e o quadro de pixels",
              "timedOut": null,
              "duration": 4403,
              "state": "failed",
              "speed": null,
              "pass": false,
              "fail": true,
              "pending": false,
              "context": null,
              "code": "cy.get('#color-palette').then(function (palette) {\n  cy.get('#clear-board').should('be.belowOf', palette);\n});\ncy.get('#clear-board').then(function (clearBtn) {\n  cy.get('#pixel-board').should('be.belowOf', clearBtn);\n});",
              "err": {
                "message": "CypressError: Timed out retrying: Expected to find element: '#clear-board', but never found it.",
                "estack": "CypressError: Timed out retrying: Expected to find element: '#clear-board', but never found it.\n    at cypressErr (http://localhost:40475/__cypress/runner/cypress_runner.js:149934:9)\n    at throwErr (http://localhost:40475/__cypress/runner/cypress_runner.js:149867:11)\n    at Object.throwErrByPath (http://localhost:40475/__cypress/runner/cypress_runner.js:149915:3)\n    at retry (http://localhost:40475/__cypress/runner/cypress_runner.js:144197:19)\n    at onFailFn (http://localhost:40475/__cypress/runner/cypress_runner.js:132448:16)\n    at tryCatcher (http://localhost:40475/__cypress/runner/cypress_runner.js:167415:23)\n    at Promise._settlePromiseFromHandler (http://localhost:40475/__cypress/runner/cypress_runner.js:165351:31)\n    at Promise._settlePromise (http://localhost:40475/__cypress/runner/cypress_runner.js:165408:18)\n    at Promise._settlePromise0 (http://localhost:40475/__cypress/runner/cypress_runner.js:165453:10)\n    at Promise._settlePromises (http://localhost:40475/__cypress/runner/cypress_runner.js:165528:18)\n    at Async../node_modules/bluebird/js/release/async.js.Async._drainQueue (http://localhost:40475/__cypress/runner/cypress_runner.js:162140:16)\n    at Async../node_modules/bluebird/js/release/async.js.Async._drainQueues (http://localhost:40475/__cypress/runner/cypress_runner.js:162150:10)\n    at Async.drainQueues (http://localhost:40475/__cypress/runner/cypress_runner.js:162024:14)",
                "diff": null
              },
              "uuid": "3569d078-3c3c-4929-90ce-04778e9ad3d4",
              "parentUUID": "f2ae0b1a-9798-4ddc-96b8-ccb43e491a1c",
              "isHook": false,
              "skipped": false
            },
            {
              "title": "Verifica se o texto do botão é 'Limpar'",
              "fullTitle": "9 - Crie um botão que, ao ser clicado, limpa o quadro preenchendo a cor de todos seus pixels com branco. Verifica se o texto do botão é 'Limpar'",
              "timedOut": null,
              "duration": 4470,
              "state": "failed",
              "speed": null,
              "pass": false,
              "fail": true,
              "pending": false,
              "context": null,
              "code": "cy.get('#clear-board').should('contain.text', 'Limpar');",
              "err": {
                "message": "CypressError: Timed out retrying: Expected to find element: '#clear-board', but never found it.",
                "estack": "CypressError: Timed out retrying: Expected to find element: '#clear-board', but never found it.\n    at cypressErr (http://localhost:40475/__cypress/runner/cypress_runner.js:149934:9)\n    at throwErr (http://localhost:40475/__cypress/runner/cypress_runner.js:149867:11)\n    at Object.throwErrByPath (http://localhost:40475/__cypress/runner/cypress_runner.js:149915:3)\n    at retry (http://localhost:40475/__cypress/runner/cypress_runner.js:144197:19)\n    at onFailFn (http://localhost:40475/__cypress/runner/cypress_runner.js:132448:16)\n    at tryCatcher (http://localhost:40475/__cypress/runner/cypress_runner.js:167415:23)\n    at Promise._settlePromiseFromHandler (http://localhost:40475/__cypress/runner/cypress_runner.js:165351:31)\n    at Promise._settlePromise (http://localhost:40475/__cypress/runner/cypress_runner.js:165408:18)\n    at Promise._settlePromise0 (http://localhost:40475/__cypress/runner/cypress_runner.js:165453:10)\n    at Promise._settlePromises (http://localhost:40475/__cypress/runner/cypress_runner.js:165528:18)\n    at Async../node_modules/bluebird/js/release/async.js.Async._drainQueue (http://localhost:40475/__cypress/runner/cypress_runner.js:162140:16)\n    at Async../node_modules/bluebird/js/release/async.js.Async._drainQueues (http://localhost:40475/__cypress/runner/cypress_runner.js:162150:10)\n    at Async.drainQueues (http://localhost:40475/__cypress/runner/cypress_runner.js:162024:14)",
                "diff": null
              },
              "uuid": "96c11bba-9e6f-4400-b87b-3669a8442b10",
              "parentUUID": "f2ae0b1a-9798-4ddc-96b8-ccb43e491a1c",
              "isHook": false,
              "skipped": false
            },
            {
              "title": "Verifica se ao clicar no botão, o quadro de pixels é totalmente preenchido de branco",
              "fullTitle": "9 - Crie um botão que, ao ser clicado, limpa o quadro preenchendo a cor de todos seus pixels com branco. Verifica se ao clicar no botão, o quadro de pixels é totalmente preenchido de branco",
              "timedOut": null,
              "duration": 4519,
              "state": "failed",
              "speed": null,
              "pass": false,
              "fail": true,
              "pending": false,
              "context": null,
              "code": "cy.get('.color').eq(1).then(function (color) {\n  var backgroundColor = color.css('background-color');\n  cy.wrap(color).click();\n  cy.get('.pixel').each(function (pixel) {\n    cy.wrap(pixel).click().should('have.css', 'background-color', backgroundColor);\n  });\n});\ncy.get('#clear-board').click();\ncy.get('.pixel').each(function (pixel) {\n  cy.wrap(pixel).should('have.css', 'background-color', WHITE);\n});",
              "err": {
                "message": "CypressError: Timed out retrying: cy.click() failed because this element is not visible:\n\n<div class=\"color\" style=\"background-color: rgb(65, 105, 225);\"></div>\n\nThis element '<div.color>' is not visible because it has an effective width and height of: '0 x 0' pixels.\n\nFix this problem, or use {force: true} to disable error checking.\n\nhttps://on.cypress.io/element-cannot-be-interacted-with",
                "estack": "CypressError: Timed out retrying: cy.click() failed because this element is not visible:\n\n<div class=\"color\" style=\"background-color: rgb(65, 105, 225);\"></div>\n\nThis element '<div.color>' is not visible because it has an effective width and height of: '0 x 0' pixels.\n\nFix this problem, or use {force: true} to disable error checking.\n\nhttps://on.cypress.io/element-cannot-be-interacted-with\n    at cypressErr (http://localhost:40475/__cypress/runner/cypress_runner.js:149934:9)\n    at throwErr (http://localhost:40475/__cypress/runner/cypress_runner.js:149867:11)\n    at Object.throwErrByPath (http://localhost:40475/__cypress/runner/cypress_runner.js:149915:3)\n    at Object.retry (http://localhost:40475/__cypress/runner/cypress_runner.js:144197:19)\n    at retryActionability (http://localhost:40475/__cypress/runner/cypress_runner.js:132052:19)\n    at tryCatcher (http://localhost:40475/__cypress/runner/cypress_runner.js:167415:23)\n    at Function.Promise.attempt.Promise.try (http://localhost:40475/__cypress/runner/cypress_runner.js:164690:29)\n    at tryFn (http://localhost:40475/__cypress/runner/cypress_runner.js:144661:21)\n    at whenStable (http://localhost:40475/__cypress/runner/cypress_runner.js:144696:12)\n    at http://localhost:40475/__cypress/runner/cypress_runner.js:144240:16\n    at tryCatcher (http://localhost:40475/__cypress/runner/cypress_runner.js:167415:23)\n    at Promise._settlePromiseFromHandler (http://localhost:40475/__cypress/runner/cypress_runner.js:165351:31)\n    at Promise._settlePromise (http://localhost:40475/__cypress/runner/cypress_runner.js:165408:18)\n    at Promise._settlePromise0 (http://localhost:40475/__cypress/runner/cypress_runner.js:165453:10)\n    at Promise._settlePromises (http://localhost:40475/__cypress/runner/cypress_runner.js:165532:18)\n    at Promise._fulfill (http://localhost:40475/__cypress/runner/cypress_runner.js:165477:18)",
                "diff": null
              },
              "uuid": "a6a10c1d-5bb2-4124-bf7b-877c01db33c2",
              "parentUUID": "f2ae0b1a-9798-4ddc-96b8-ccb43e491a1c",
              "isHook": false,
              "skipped": false
            }
          ],
          "suites": [],
          "passes": [],
          "failures": [
            "275264b7-4307-4bd2-949c-6fd179472d91",
            "3569d078-3c3c-4929-90ce-04778e9ad3d4",
            "96c11bba-9e6f-4400-b87b-3669a8442b10",
            "a6a10c1d-5bb2-4124-bf7b-877c01db33c2"
          ],
          "pending": [],
          "skipped": [],
          "duration": 17823,
          "root": false,
          "rootEmpty": false,
          "_timeout": 2000
        },
        {
          "uuid": "39e0eea4-532a-4b78-b99a-9d37b99abbf5",
          "title": "10 - Faça o quadro de pixels ter seu tamanho definido pelo usuário.",
          "fullFile": "",
          "file": "",
          "beforeHooks": [],
          "afterHooks": [],
          "tests": [
            {
              "title": "Verifica se existe um input com o id `board-size`",
              "fullTitle": "10 - Faça o quadro de pixels ter seu tamanho definido pelo usuário. Verifica se existe um input com o id `board-size`",
              "timedOut": null,
              "duration": 4418,
              "state": "failed",
              "speed": null,
              "pass": false,
              "fail": true,
              "pending": false,
              "context": null,
              "code": "cy.get('#board-size').should('be.visible');",
              "err": {
                "message": "CypressError: Timed out retrying: Expected to find element: '#board-size', but never found it.",
                "estack": "CypressError: Timed out retrying: Expected to find element: '#board-size', but never found it.\n    at cypressErr (http://localhost:40475/__cypress/runner/cypress_runner.js:149934:9)\n    at throwErr (http://localhost:40475/__cypress/runner/cypress_runner.js:149867:11)\n    at Object.throwErrByPath (http://localhost:40475/__cypress/runner/cypress_runner.js:149915:3)\n    at retry (http://localhost:40475/__cypress/runner/cypress_runner.js:144197:19)\n    at onFailFn (http://localhost:40475/__cypress/runner/cypress_runner.js:132448:16)\n    at tryCatcher (http://localhost:40475/__cypress/runner/cypress_runner.js:167415:23)\n    at Promise._settlePromiseFromHandler (http://localhost:40475/__cypress/runner/cypress_runner.js:165351:31)\n    at Promise._settlePromise (http://localhost:40475/__cypress/runner/cypress_runner.js:165408:18)\n    at Promise._settlePromise0 (http://localhost:40475/__cypress/runner/cypress_runner.js:165453:10)\n    at Promise._settlePromises (http://localhost:40475/__cypress/runner/cypress_runner.js:165528:18)\n    at Async../node_modules/bluebird/js/release/async.js.Async._drainQueue (http://localhost:40475/__cypress/runner/cypress_runner.js:162140:16)\n    at Async../node_modules/bluebird/js/release/async.js.Async._drainQueues (http://localhost:40475/__cypress/runner/cypress_runner.js:162150:10)\n    at Async.drainQueues (http://localhost:40475/__cypress/runner/cypress_runner.js:162024:14)",
                "diff": null
              },
              "uuid": "a5dd58ad-9f57-45d1-b366-85a5c07d7650",
              "parentUUID": "39e0eea4-532a-4b78-b99a-9d37b99abbf5",
              "isHook": false,
              "skipped": false
            },
            {
              "title": "Verifica se existe um botão com o id `generate-board`",
              "fullTitle": "10 - Faça o quadro de pixels ter seu tamanho definido pelo usuário. Verifica se existe um botão com o id `generate-board`",
              "timedOut": null,
              "duration": 4433,
              "state": "failed",
              "speed": null,
              "pass": false,
              "fail": true,
              "pending": false,
              "context": null,
              "code": "cy.get('#generate-board').should('be.visible');",
              "err": {
                "message": "CypressError: Timed out retrying: Expected to find element: '#generate-board', but never found it.",
                "estack": "CypressError: Timed out retrying: Expected to find element: '#generate-board', but never found it.\n    at cypressErr (http://localhost:40475/__cypress/runner/cypress_runner.js:149934:9)\n    at throwErr (http://localhost:40475/__cypress/runner/cypress_runner.js:149867:11)\n    at Object.throwErrByPath (http://localhost:40475/__cypress/runner/cypress_runner.js:149915:3)\n    at retry (http://localhost:40475/__cypress/runner/cypress_runner.js:144197:19)\n    at onFailFn (http://localhost:40475/__cypress/runner/cypress_runner.js:132448:16)\n    at tryCatcher (http://localhost:40475/__cypress/runner/cypress_runner.js:167415:23)\n    at Promise._settlePromiseFromHandler (http://localhost:40475/__cypress/runner/cypress_runner.js:165351:31)\n    at Promise._settlePromise (http://localhost:40475/__cypress/runner/cypress_runner.js:165408:18)\n    at Promise._settlePromise0 (http://localhost:40475/__cypress/runner/cypress_runner.js:165453:10)\n    at Promise._settlePromises (http://localhost:40475/__cypress/runner/cypress_runner.js:165528:18)\n    at Async../node_modules/bluebird/js/release/async.js.Async._drainQueue (http://localhost:40475/__cypress/runner/cypress_runner.js:162140:16)\n    at Async../node_modules/bluebird/js/release/async.js.Async._drainQueues (http://localhost:40475/__cypress/runner/cypress_runner.js:162150:10)\n    at Async.drainQueues (http://localhost:40475/__cypress/runner/cypress_runner.js:162024:14)",
                "diff": null
              },
              "uuid": "f2d2be6f-ecc4-4ac6-9feb-d26a6aa17899",
              "parentUUID": "39e0eea4-532a-4b78-b99a-9d37b99abbf5",
              "isHook": false,
              "skipped": false
            },
            {
              "title": "Verifica se o input só aceita número maiores que zero. Essa restrição deve ser feita usando os atributos do elemento `input`",
              "fullTitle": "10 - Faça o quadro de pixels ter seu tamanho definido pelo usuário. Verifica se o input só aceita número maiores que zero. Essa restrição deve ser feita usando os atributos do elemento `input`",
              "timedOut": null,
              "duration": 4430,
              "state": "failed",
              "speed": null,
              "pass": false,
              "fail": true,
              "pending": false,
              "context": null,
              "code": "cy.get('#board-size[type=\\'number\\'][min=\\'1\\']');",
              "err": {
                "message": "CypressError: Timed out retrying: Expected to find element: '#board-size[type='number'][min='1']', but never found it.",
                "estack": "CypressError: Timed out retrying: Expected to find element: '#board-size[type='number'][min='1']', but never found it.\n    at cypressErr (http://localhost:40475/__cypress/runner/cypress_runner.js:149934:9)\n    at throwErr (http://localhost:40475/__cypress/runner/cypress_runner.js:149867:11)\n    at Object.throwErrByPath (http://localhost:40475/__cypress/runner/cypress_runner.js:149915:3)\n    at retry (http://localhost:40475/__cypress/runner/cypress_runner.js:144197:19)\n    at onFailFn (http://localhost:40475/__cypress/runner/cypress_runner.js:132448:16)\n    at tryCatcher (http://localhost:40475/__cypress/runner/cypress_runner.js:167415:23)\n    at Promise._settlePromiseFromHandler (http://localhost:40475/__cypress/runner/cypress_runner.js:165351:31)\n    at Promise._settlePromise (http://localhost:40475/__cypress/runner/cypress_runner.js:165408:18)\n    at Promise._settlePromise0 (http://localhost:40475/__cypress/runner/cypress_runner.js:165453:10)\n    at Promise._settlePromises (http://localhost:40475/__cypress/runner/cypress_runner.js:165528:18)\n    at Async../node_modules/bluebird/js/release/async.js.Async._drainQueue (http://localhost:40475/__cypress/runner/cypress_runner.js:162140:16)\n    at Async../node_modules/bluebird/js/release/async.js.Async._drainQueues (http://localhost:40475/__cypress/runner/cypress_runner.js:162150:10)\n    at Async.drainQueues (http://localhost:40475/__cypress/runner/cypress_runner.js:162024:14)",
                "diff": null
              },
              "uuid": "eccbd404-085d-4212-a0fa-8c87114273b8",
              "parentUUID": "39e0eea4-532a-4b78-b99a-9d37b99abbf5",
              "isHook": false,
              "skipped": false
            },
            {
              "title": "Verifica se o botão contém o texto 'VQV'",
              "fullTitle": "10 - Faça o quadro de pixels ter seu tamanho definido pelo usuário. Verifica se o botão contém o texto 'VQV'",
              "timedOut": null,
              "duration": 4402,
              "state": "failed",
              "speed": null,
              "pass": false,
              "fail": true,
              "pending": false,
              "context": null,
              "code": "cy.get('#generate-board').contains(/vqv/i);",
              "err": {
                "message": "CypressError: Timed out retrying: Expected to find element: '#generate-board', but never found it.",
                "estack": "CypressError: Timed out retrying: Expected to find element: '#generate-board', but never found it.\n    at cypressErr (http://localhost:40475/__cypress/runner/cypress_runner.js:149934:9)\n    at throwErr (http://localhost:40475/__cypress/runner/cypress_runner.js:149867:11)\n    at Object.throwErrByPath (http://localhost:40475/__cypress/runner/cypress_runner.js:149915:3)\n    at retry (http://localhost:40475/__cypress/runner/cypress_runner.js:144197:19)\n    at onFailFn (http://localhost:40475/__cypress/runner/cypress_runner.js:132448:16)\n    at tryCatcher (http://localhost:40475/__cypress/runner/cypress_runner.js:167415:23)\n    at Promise._settlePromiseFromHandler (http://localhost:40475/__cypress/runner/cypress_runner.js:165351:31)\n    at Promise._settlePromise (http://localhost:40475/__cypress/runner/cypress_runner.js:165408:18)\n    at Promise._settlePromise0 (http://localhost:40475/__cypress/runner/cypress_runner.js:165453:10)\n    at Promise._settlePromises (http://localhost:40475/__cypress/runner/cypress_runner.js:165528:18)\n    at Async../node_modules/bluebird/js/release/async.js.Async._drainQueue (http://localhost:40475/__cypress/runner/cypress_runner.js:162140:16)\n    at Async../node_modules/bluebird/js/release/async.js.Async._drainQueues (http://localhost:40475/__cypress/runner/cypress_runner.js:162150:10)\n    at Async.drainQueues (http://localhost:40475/__cypress/runner/cypress_runner.js:162024:14)",
                "diff": null
              },
              "uuid": "9b5672b5-5653-4832-ab73-2227b3c24a1a",
              "parentUUID": "39e0eea4-532a-4b78-b99a-9d37b99abbf5",
              "isHook": false,
              "skipped": false
            },
            {
              "title": "Verifica se o input está posicionado entre a paleta de cores e o quadro de pixels",
              "fullTitle": "10 - Faça o quadro de pixels ter seu tamanho definido pelo usuário. Verifica se o input está posicionado entre a paleta de cores e o quadro de pixels",
              "timedOut": null,
              "duration": 4429,
              "state": "failed",
              "speed": null,
              "pass": false,
              "fail": true,
              "pending": false,
              "context": null,
              "code": "cy.get('#color-palette').then(function (palette) {\n  cy.get('#board-size').should('be.belowOf', palette);\n});\ncy.get('#board-size').then(function (palette) {\n  cy.get('#pixel-board').should('be.belowOf', palette);\n});",
              "err": {
                "message": "CypressError: Timed out retrying: Expected to find element: '#board-size', but never found it.",
                "estack": "CypressError: Timed out retrying: Expected to find element: '#board-size', but never found it.\n    at cypressErr (http://localhost:40475/__cypress/runner/cypress_runner.js:149934:9)\n    at throwErr (http://localhost:40475/__cypress/runner/cypress_runner.js:149867:11)\n    at Object.throwErrByPath (http://localhost:40475/__cypress/runner/cypress_runner.js:149915:3)\n    at retry (http://localhost:40475/__cypress/runner/cypress_runner.js:144197:19)\n    at onFailFn (http://localhost:40475/__cypress/runner/cypress_runner.js:132448:16)\n    at tryCatcher (http://localhost:40475/__cypress/runner/cypress_runner.js:167415:23)\n    at Promise._settlePromiseFromHandler (http://localhost:40475/__cypress/runner/cypress_runner.js:165351:31)\n    at Promise._settlePromise (http://localhost:40475/__cypress/runner/cypress_runner.js:165408:18)\n    at Promise._settlePromise0 (http://localhost:40475/__cypress/runner/cypress_runner.js:165453:10)\n    at Promise._settlePromises (http://localhost:40475/__cypress/runner/cypress_runner.js:165528:18)\n    at Async../node_modules/bluebird/js/release/async.js.Async._drainQueue (http://localhost:40475/__cypress/runner/cypress_runner.js:162140:16)\n    at Async../node_modules/bluebird/js/release/async.js.Async._drainQueues (http://localhost:40475/__cypress/runner/cypress_runner.js:162150:10)\n    at Async.drainQueues (http://localhost:40475/__cypress/runner/cypress_runner.js:162024:14)",
                "diff": null
              },
              "uuid": "3a843a53-d24f-4a2e-89ae-511f791952f3",
              "parentUUID": "39e0eea4-532a-4b78-b99a-9d37b99abbf5",
              "isHook": false,
              "skipped": false
            },
            {
              "title": "Verifica se o botão está posicionado ao lado do input",
              "fullTitle": "10 - Faça o quadro de pixels ter seu tamanho definido pelo usuário. Verifica se o botão está posicionado ao lado do input",
              "timedOut": null,
              "duration": 4431,
              "state": "failed",
              "speed": null,
              "pass": false,
              "fail": true,
              "pending": false,
              "context": null,
              "code": "cy.get('#board-size').then(function (board) {\n  cy.get('#generate-board').should('be.onTheRightOf', board);\n});",
              "err": {
                "message": "CypressError: Timed out retrying: Expected to find element: '#board-size', but never found it.",
                "estack": "CypressError: Timed out retrying: Expected to find element: '#board-size', but never found it.\n    at cypressErr (http://localhost:40475/__cypress/runner/cypress_runner.js:149934:9)\n    at throwErr (http://localhost:40475/__cypress/runner/cypress_runner.js:149867:11)\n    at Object.throwErrByPath (http://localhost:40475/__cypress/runner/cypress_runner.js:149915:3)\n    at retry (http://localhost:40475/__cypress/runner/cypress_runner.js:144197:19)\n    at onFailFn (http://localhost:40475/__cypress/runner/cypress_runner.js:132448:16)\n    at tryCatcher (http://localhost:40475/__cypress/runner/cypress_runner.js:167415:23)\n    at Promise._settlePromiseFromHandler (http://localhost:40475/__cypress/runner/cypress_runner.js:165351:31)\n    at Promise._settlePromise (http://localhost:40475/__cypress/runner/cypress_runner.js:165408:18)\n    at Promise._settlePromise0 (http://localhost:40475/__cypress/runner/cypress_runner.js:165453:10)\n    at Promise._settlePromises (http://localhost:40475/__cypress/runner/cypress_runner.js:165528:18)\n    at Async../node_modules/bluebird/js/release/async.js.Async._drainQueue (http://localhost:40475/__cypress/runner/cypress_runner.js:162140:16)\n    at Async../node_modules/bluebird/js/release/async.js.Async._drainQueues (http://localhost:40475/__cypress/runner/cypress_runner.js:162150:10)\n    at Async.drainQueues (http://localhost:40475/__cypress/runner/cypress_runner.js:162024:14)",
                "diff": null
              },
              "uuid": "aebe5092-23e9-4110-b085-95739b4e3d36",
              "parentUUID": "39e0eea4-532a-4b78-b99a-9d37b99abbf5",
              "isHook": false,
              "skipped": false
            },
            {
              "title": "Verifica se nenhum valor for colocado no input ao clicar no botão, um `alert` é exibido com o texto: 'Board inválido!'",
              "fullTitle": "10 - Faça o quadro de pixels ter seu tamanho definido pelo usuário. Verifica se nenhum valor for colocado no input ao clicar no botão, um `alert` é exibido com o texto: 'Board inválido!'",
              "timedOut": null,
              "duration": 4423,
              "state": "failed",
              "speed": null,
              "pass": false,
              "fail": true,
              "pending": false,
              "context": null,
              "code": "var alerted = false;\ncy.on('window:alert', function (msg) {\n  return alerted = msg;\n});\ncy.get('#generate-board').click().then(function () {\n  return expect(alerted).to.match(/Board inválido!/i);\n});",
              "err": {
[...]
                "diff": null
              },
              "uuid": "0517f7c8-507e-4129-9bce-be5fe8ae20f9",
              "parentUUID": "39e0eea4-532a-4b78-b99a-9d37b99abbf5",
              "isHook": false,
              "skipped": false
            },
            {
              "title": "Verifica se o novo quadro tem todos os pixels preenchidos com a cor branca",
              "fullTitle": "10 - Faça o quadro de pixels ter seu tamanho definido pelo usuário. Verifica se o novo quadro tem todos os pixels preenchidos com a cor branca",
              "timedOut": null,
              "duration": 4454,
              "state": "failed",
              "speed": null,
              "pass": false,
              "fail": true,
              "pending": false,
              "context": null,
              "code": "cy.get('#board-size').clear().type(6);\ncy.get('#generate-board').click();\ncy.get('.pixel').should('have.length', 36).each(function (pixel) {\n  expect(pixel).to.have.css('background-color', WHITE);\n});",
              "err": {
                "message": "CypressError: Timed out retrying: Expected to find element: '#board-size', but never found it.",
                "estack": "CypressError: Timed out retrying: Expected to find element: '#board-size', but never found it.\n    at cypressErr (http://localhost:40475/__cypress/runner/cypress_runner.js:149934:9)\n    at throwErr (http://localhost:40475/__cypress/runner/cypress_runner.js:149867:11)\n    at Object.throwErrByPath (http://localhost:40475/__cypress/runner/cypress_runner.js:149915:3)\n    at retry (http://localhost:40475/__cypress/runner/cypress_runner.js:144197:19)\n    at onFailFn (http://localhost:40475/__cypress/runner/cypress_runner.js:132448:16)\n    at tryCatcher (http://localhost:40475/__cypress/runner/cypress_runner.js:167415:23)\n    at Promise._settlePromiseFromHandler (http://localhost:40475/__cypress/runner/cypress_runner.js:165351:31)\n    at Promise._settlePromise (http://localhost:40475/__cypress/runner/cypress_runner.js:165408:18)\n    at Promise._settlePromise0 (http://localhost:40475/__cypress/runner/cypress_runner.js:165453:10)\n    at Promise._settlePromises (http://localhost:40475/__cypress/runner/cypress_runner.js:165528:18)\n    at Async../node_modules/bluebird/js/release/async.js.Async._drainQueue (http://localhost:40475/__cypress/runner/cypress_runner.js:162140:16)\n    at Async../node_modules/bluebird/js/release/async.js.Async._drainQueues (http://localhost:40475/__cypress/runner/cypress_runner.js:162150:10)\n    at Async.drainQueues (http://localhost:40475/__cypress/runner/cypress_runner.js:162024:14)",
                "diff": null
              },
              "uuid": "3ae779d0-278d-458e-8a45-dfb360b5b535",
              "parentUUID": "39e0eea4-532a-4b78-b99a-9d37b99abbf5",
              "isHook": false,
              "skipped": false
            }
          ],
          "suites": [],
          "passes": [],
          "failures": [
            "a5dd58ad-9f57-45d1-b366-85a5c07d7650",
            "f2d2be6f-ecc4-4ac6-9feb-d26a6aa17899",
            "eccbd404-085d-4212-a0fa-8c87114273b8",
            "9b5672b5-5653-4832-ab73-2227b3c24a1a",
            "3a843a53-d24f-4a2e-89ae-511f791952f3",
            "aebe5092-23e9-4110-b085-95739b4e3d36",
            "3d99979f-bd22-416c-8af1-59c95510fe50",
            "0517f7c8-507e-4129-9bce-be5fe8ae20f9",
            "3ae779d0-278d-458e-8a45-dfb360b5b535"
          ],
          "pending": [],
          "skipped": [],
          "duration": 39953,
          "root": false,
          "rootEmpty": false,
          "_timeout": 2000
        },
        {
          "uuid": "b6b572ec-bd65-4eeb-9061-bad96bc0c387",
          "title": "11 - Limite o tamanho mínimo e máximo do board.",
          "fullFile": "",
          "file": "",
          "beforeHooks": [],
          "afterHooks": [],
          "tests": [
            {
              "title": "Verifica se a altura máxima do board é 50",
              "fullTitle": "11 - Limite o tamanho mínimo e máximo do board. Verifica se a altura máxima do board é 50",
              "timedOut": null,
              "duration": 4510,
              "state": "failed",
              "speed": null,
              "pass": false,
              "fail": true,
              "pending": false,
              "context": null,
              "code": "cy.get('#board-size').clear().type(50);\ncy.get('#generate-board').click();\ncy.get('.pixel').should('have.length', 2500);",
              "err": {
                "message": "CypressError: Timed out retrying: Expected to find element: '#board-size', but never found it.",
                "estack": "CypressError: Timed out retrying: Expected to find element: '#board-size', but never found it.\n    at cypressErr (http://localhost:40475/__cypress/runner/cypress_runner.js:149934:9)\n    at throwErr (http://localhost:40475/__cypress/runner/cypress_runner.js:149867:11)\n    at Object.throwErrByPath (http://localhost:40475/__cypress/runner/cypress_runner.js:149915:3)\n    at retry (http://localhost:40475/__cypress/runner/cypress_runner.js:144197:19)\n    at onFailFn (http://localhost:40475/__cypress/runner/cypress_runner.js:132448:16)\n    at tryCatcher (http://localhost:40475/__cypress/runner/cypress_runner.js:167415:23)\n    at Promise._settlePromiseFromHandler (http://localhost:40475/__cypress/runner/cypress_runner.js:165351:31)\n    at Promise._settlePromise (http://localhost:40475/__cypress/runner/cypress_runner.js:165408:18)\n    at Promise._settlePromise0 (http://localhost:40475/__cypress/runner/cypress_runner.js:165453:10)\n    at Promise._settlePromises (http://localhost:40475/__cypress/runner/cypress_runner.js:165528:18)\n    at Async../node_modules/bluebird/js/release/async.js.Async._drainQueue (http://localhost:40475/__cypress/runner/cypress_runner.js:162140:16)\n    at Async../node_modules/bluebird/js/release/async.js.Async._drainQueues (http://localhost:40475/__cypress/runner/cypress_runner.js:162150:10)\n    at Async.drainQueues (http://localhost:40475/__cypress/runner/cypress_runner.js:162024:14)",
                "diff": null
              },
              "uuid": "863df851-0780-4b9d-b65e-35e48ea28449",
              "parentUUID": "b6b572ec-bd65-4eeb-9061-bad96bc0c387",
              "isHook": false,
              "skipped": false
            },
            {
              "title": "Verifica se a altura do board é 5 quando um valor menor é colocado no input",
              "fullTitle": "11 - Limite o tamanho mínimo e máximo do board. Verifica se a altura do board é 5 quando um valor menor é colocado no input",
              "timedOut": null,
              "duration": 4532,
              "state": "failed",
              "speed": null,
              "pass": false,
              "fail": true,
              "pending": false,
              "context": null,
              "code": "cy.get('#board-size').clear().type(4);\ncy.get('#generate-board').click();\ncy.get('.pixel').should('have.length', 25);",
              "err": {
                "message": "CypressError: Timed out retrying: Expected to find element: '#board-size', but never found it.",
                "estack": "CypressError: Timed out retrying: Expected to find element: '#board-size', but never found it.\n    at cypressErr (http://localhost:40475/__cypress/runner/cypress_runner.js:149934:9)\n    at throwErr (http://localhost:40475/__cypress/runner/cypress_runner.js:149867:11)\n    at Object.throwErrByPath (http://localhost:40475/__cypress/runner/cypress_runner.js:149915:3)\n    at retry (http://localhost:40475/__cypress/runner/cypress_runner.js:144197:19)\n    at onFailFn (http://localhost:40475/__cypress/runner/cypress_runner.js:132448:16)\n    at tryCatcher (http://localhost:40475/__cypress/runner/cypress_runner.js:167415:23)\n    at Promise._settlePromiseFromHandler (http://localhost:40475/__cypress/runner/cypress_runner.js:165351:31)\n    at Promise._settlePromise (http://localhost:40475/__cypress/runner/cypress_runner.js:165408:18)\n    at Promise._settlePromise0 (http://localhost:40475/__cypress/runner/cypress_runner.js:165453:10)\n    at Promise._settlePromises (http://localhost:40475/__cypress/runner/cypress_runner.js:165528:18)\n    at Async../node_modules/bluebird/js/release/async.js.Async._drainQueue (http://localhost:40475/__cypress/runner/cypress_runner.js:162140:16)\n    at Async../node_modules/bluebird/js/release/async.js.Async._drainQueues (http://localhost:40475/__cypress/runner/cypress_runner.js:162150:10)\n    at Async.drainQueues (http://localhost:40475/__cypress/runner/cypress_runner.js:162024:14)",
                "diff": null
              },
              "uuid": "25ff5cdb-3b8c-424a-9a74-bacda664705e",
              "parentUUID": "b6b572ec-bd65-4eeb-9061-bad96bc0c387",
              "isHook": false,
              "skipped": false
            },
            {
              "title": "Verifica se a altura do board é 50 quando um valor maior é colocado no input",
              "fullTitle": "11 - Limite o tamanho mínimo e máximo do board. Verifica se a altura do board é 50 quando um valor maior é colocado no input",
              "timedOut": null,
              "duration": 4577,
              "state": "failed",
              "speed": null,
              "pass": false,
              "fail": true,
              "pending": false,
              "context": null,
              "code": "cy.get('#board-size').clear().type(51);\ncy.get('#generate-board').click();\ncy.get('.pixel').should('have.length', 2500);",
              "err": {
                "message": "CypressError: Timed out retrying: Expected to find element: '#board-size', but never found it.",
                "estack": "CypressError: Timed out retrying: Expected to find element: '#board-size', but never found it.\n    at cypressErr (http://localhost:40475/__cypress/runner/cypress_runner.js:149934:9)\n    at throwErr (http://localhost:40475/__cypress/runner/cypress_runner.js:149867:11)\n    at Object.throwErrByPath (http://localhost:40475/__cypress/runner/cypress_runner.js:149915:3)\n    at retry (http://localhost:40475/__cypress/runner/cypress_runner.js:144197:19)\n    at onFailFn (http://localhost:40475/__cypress/runner/cypress_runner.js:132448:16)\n    at tryCatcher (http://localhost:40475/__cypress/runner/cypress_runner.js:167415:23)\n    at Promise._settlePromiseFromHandler (http://localhost:40475/__cypress/runner/cypress_runner.js:165351:31)\n    at Promise._settlePromise (http://localhost:40475/__cypress/runner/cypress_runner.js:165408:18)\n    at Promise._settlePromise0 (http://localhost:40475/__cypress/runner/cypress_runner.js:165453:10)\n    at Promise._settlePromises (http://localhost:40475/__cypress/runner/cypress_runner.js:165528:18)\n    at Async../node_modules/bluebird/js/release/async.js.Async._drainQueue (http://localhost:40475/__cypress/runner/cypress_runner.js:162140:16)\n    at Async../node_modules/bluebird/js/release/async.js.Async._drainQueues (http://localhost:40475/__cypress/runner/cypress_runner.js:162150:10)\n    at Async.drainQueues (http://localhost:40475/__cypress/runner/cypress_runner.js:162024:14)",
                "diff": null
              },
              "uuid": "e2d317a6-8df4-43d0-8b90-e2ff2de91cf8",
              "parentUUID": "b6b572ec-bd65-4eeb-9061-bad96bc0c387",
              "isHook": false,
              "skipped": false
            }
          ],
          "suites": [],
          "passes": [],
          "failures": [
            "863df851-0780-4b9d-b65e-35e48ea28449",
            "25ff5cdb-3b8c-424a-9a74-bacda664705e",
            "e2d317a6-8df4-43d0-8b90-e2ff2de91cf8"
          ],
          "pending": [],
          "skipped": [],
          "duration": 13619,
          "root": false,
          "rootEmpty": false,
          "_timeout": 2000
        },
        {
          "uuid": "73e11e1f-a630-46f0-9712-cb775cee6d24",
          "title": "12 - Faça com que as cores da paleta sejam geradas aleatoriamente ao carregar a página.",
          "fullFile": "",
          "file": "",
          "beforeHooks": [],
          "afterHooks": [],
          "tests": [
            {
              "title": "Verifica se as cores geradas na paleta são diferentes a cada carregamento da página",
              "fullTitle": "12 - Faça com que as cores da paleta sejam geradas aleatoriamente ao carregar a página. Verifica se as cores geradas na paleta são diferentes a cada carregamento da página",
              "timedOut": null,
              "duration": 660,
              "state": "failed",
              "speed": null,
              "pass": false,
              "fail": true,
              "pending": false,
              "context": null,
              "code": "cy.get('.color').then(function (colors) {\n  var currentColors;\n  var previousColors;\n  previousColors = Array.from(colors).map(function (color) {\n    return Cypress.$(color).css('background-color');\n  });\n  for (var i = 0; i < 5; i += 1) {\n    cy.reload();\n    cy.get('.color').then(function (colors) {\n      currentColors = Array.from(colors).map(function (color) {\n        return Cypress.$(color).css('background-color');\n      });\n      expect(currentColors).not.to.deep.equal(previousColors);\n      previousColors = currentColors;\n    });\n  }\n});",
              "err": {
                "message": "AssertionError: expected [ Array(4) ] to not deeply equal [ Array(4) ]",
                "estack": "AssertionError: expected [ Array(4) ] to not deeply equal [ Array(4) ]\n    at getRet (http://localhost:40475/__cypress/runner/cypress_runner.js:136585:16)\n    at tryCatcher (http://localhost:40475/__cypress/runner/cypress_runner.js:167415:23)\n    at Function.Promise.attempt.Promise.try (http://localhost:40475/__cypress/runner/cypress_runner.js:164690:29)\n    at Context.thenFn (http://localhost:40475/__cypress/runner/cypress_runner.js:136599:23)\n    at Context.then (http://localhost:40475/__cypress/runner/cypress_runner.js:136971:21)\n    at Context.<anonymous> (http://localhost:40475/__cypress/runner/cypress_runner.js:148875:21)\n    at http://localhost:40475/__cypress/runner/cypress_runner.js:148351:33\n    at tryCatcher (http://localhost:40475/__cypress/runner/cypress_runner.js:167415:23)\n    at Promise._settlePromiseFromHandler (http://localhost:40475/__cypress/runner/cypress_runner.js:165351:31)\n    at Promise._settlePromise (http://localhost:40475/__cypress/runner/cypress_runner.js:165408:18)\n    at Promise._settlePromiseCtx (http://localhost:40475/__cypress/runner/cypress_runner.js:165445:10)\n    at Async../node_modules/bluebird/js/release/async.js.Async._drainQueue (http://localhost:40475/__cypress/runner/cypress_runner.js:162145:12)\n    at Async../node_modules/bluebird/js/release/async.js.Async._drainQueues (http://localhost:40475/__cypress/runner/cypress_runner.js:162150:10)\n    at Async.drainQueues (http://localhost:40475/__cypress/runner/cypress_runner.js:162024:14)",
                "diff": ""
              },
              "uuid": "8156e666-0594-4814-9e22-756d448d32e9",
              "parentUUID": "73e11e1f-a630-46f0-9712-cb775cee6d24",
              "isHook": false,
              "skipped": false
            },
            {
              "title": "Verifica se a cor preta ainda está presente e é a primeira na sua paleta de cores",
              "fullTitle": "12 - Faça com que as cores da paleta sejam geradas aleatoriamente ao carregar a página. Verifica se a cor preta ainda está presente e é a primeira na sua paleta de cores",
              "timedOut": null,
              "duration": 542,
              "state": "failed",
              "speed": null,
              "pass": false,
              "fail": true,
              "pending": false,
              "context": null,
              "code": "cy.get('.color').then(function (colors) {\n  var currentColors;\n  var previousColors;\n  previousColors = Array.from(colors).map(function (color) {\n    return Cypress.$(color).css('background-color');\n  });\n  expect(previousColors[0]).to.eq(BLACK);\n  for (var i = 0; i < 5; i += 1) {\n    cy.reload();\n    cy.get('.color').then(function (colors) {\n      currentColors = Array.from(colors).map(function (color) {\n        return Cypress.$(color).css('background-color');\n      });\n      expect(currentColors[0]).to.eq(BLACK);\n      expect(currentColors).not.to.deep.equal(previousColors);\n      previousColors = currentColors;\n    });\n  }\n});",
              "err": {
                "message": "AssertionError: expected [ Array(4) ] to not deeply equal [ Array(4) ]",
                "estack": "AssertionError: expected [ Array(4) ] to not deeply equal [ Array(4) ]\n    at getRet (http://localhost:40475/__cypress/runner/cypress_runner.js:136585:16)\n    at tryCatcher (http://localhost:40475/__cypress/runner/cypress_runner.js:167415:23)\n    at Function.Promise.attempt.Promise.try (http://localhost:40475/__cypress/runner/cypress_runner.js:164690:29)\n    at Context.thenFn (http://localhost:40475/__cypress/runner/cypress_runner.js:136599:23)\n    at Context.then (http://localhost:40475/__cypress/runner/cypress_runner.js:136971:21)\n    at Context.<anonymous> (http://localhost:40475/__cypress/runner/cypress_runner.js:148875:21)\n    at http://localhost:40475/__cypress/runner/cypress_runner.js:148351:33\n    at tryCatcher (http://localhost:40475/__cypress/runner/cypress_runner.js:167415:23)\n    at Promise._settlePromiseFromHandler (http://localhost:40475/__cypress/runner/cypress_runner.js:165351:31)\n    at Promise._settlePromise (http://localhost:40475/__cypress/runner/cypress_runner.js:165408:18)\n    at Promise._settlePromiseCtx (http://localhost:40475/__cypress/runner/cypress_runner.js:165445:10)\n    at Async../node_modules/bluebird/js/release/async.js.Async._drainQueue (http://localhost:40475/__cypress/runner/cypress_runner.js:162145:12)\n    at Async../node_modules/bluebird/js/release/async.js.Async._drainQueues (http://localhost:40475/__cypress/runner/cypress_runner.js:162150:10)\n    at Async.drainQueues (http://localhost:40475/__cypress/runner/cypress_runner.js:162024:14)",
                "diff": ""
              },
              "uuid": "fe37dc3e-6b29-4737-b921-5b14f9444029",
              "parentUUID": "73e11e1f-a630-46f0-9712-cb775cee6d24",
              "isHook": false,
              "skipped": false
            }
          ],
          "suites": [],
          "passes": [],
          "failures": [
            "8156e666-0594-4814-9e22-756d448d32e9",
            "fe37dc3e-6b29-4737-b921-5b14f9444029"
          ],
          "pending": [],
          "skipped": [],
          "duration": 1202,
          "root": false,
          "rootEmpty": false,
          "_timeout": 2000
        }
      ],
      "passes": [],
      "failures": [],
      "pending": [],
      "skipped": [],
      "duration": 0,
      "root": true,
      "rootEmpty": true,
      "_timeout": 2000
    }
  ],
  "meta": {
    "mocha": {
      "version": "7.0.1"
    },
    "mochawesome": {
      "options": {
        "quiet": false,
        "reportFilename": "mochawesome",
        "saveHtml": false,
        "saveJson": true,
        "consoleReporter": "spec",
        "useInlineDiffs": false
      },
      "version": "4.1.0"
    },
    "marge": {
      "options": {
        "id": "default",
        "reportDir": "cypress/reports",
        "overwrite": true,
        "html": false,
        "json": true
      },
      "version": "4.1.0"
    }
  }
}