{
  "stats": {
    "suites": 12,
    "tests": 41,
    "passes": 1,
    "pending": 0,
    "failures": 40,
    "start": "2021-08-13T18:11:28.219Z",
    "end": "2021-08-13T18:14:48.575Z",
    "duration": 200356,
    "testsRegistered": 41,
    "passPercent": 2.4390243902439024,
    "pendingPercent": 0,
    "other": 0,
    "hasOther": false,
    "skipped": 0,
    "hasSkipped": false
  },
  "results": [
    {
      "uuid": "e2a3db64-78ee-41c6-9d50-3224118ec8aa",
      "title": "",
      "fullFile": "cypress/integration/project.spec.js",
      "file": "cypress/integration/project.spec.js",
      "beforeHooks": [],
      "afterHooks": [],
      "tests": [],
      "suites": [
        {
          "uuid": "da2ef25f-43c9-4348-bba0-e3753902a96a",
          "title": "1 - Adicione à página o título \"Paleta de Cores\".",
          "fullFile": "",
          "file": "",
          "beforeHooks": [],
          "afterHooks": [],
          "tests": [
            {
              "title": "Verifica se contém um elemento `h1` com o id `title` com o título correto",
              "fullTitle": "1 - Adicione à página o título \"Paleta de Cores\". Verifica se contém um elemento `h1` com o id `title` com o título correto",
              "timedOut": null,
              "duration": 490,
              "state": "passed",
              "speed": "slow",
              "pass": true,
              "fail": false,
              "pending": false,
              "context": null,
              "code": "cy.get('h1#title').should('contain.text', 'Paleta de Cores');",
              "err": {},
              "uuid": "898a8cc0-7223-4fdb-962b-2c48bfe1e71e",
              "parentUUID": "da2ef25f-43c9-4348-bba0-e3753902a96a",
              "isHook": false,
              "skipped": false
            }
          ],
          "suites": [],
          "passes": [
            "898a8cc0-7223-4fdb-962b-2c48bfe1e71e"
          ],
          "failures": [],
          "pending": [],
          "skipped": [],
          "duration": 490,
          "root": false,
          "rootEmpty": false,
          "_timeout": 2000
        },
        {
          "uuid": "b22dde08-5d41-44df-8e7e-bfce6897e337",
          "title": "2 - Adicione à página uma paleta de quatro cores distintas.",
          "fullFile": "",
          "file": "",
          "beforeHooks": [],
          "afterHooks": [],
          "tests": [
            {
              "title": "A paleta de cores deve ser um elemento com `id` denominado `color-palette`",
              "fullTitle": "2 - Adicione à página uma paleta de quatro cores distintas. A paleta de cores deve ser um elemento com `id` denominado `color-palette`",
              "timedOut": null,
              "duration": 4912,
              "state": "failed",
              "speed": null,
              "pass": false,
              "fail": true,
              "pending": false,
              "context": null,
              "code": "cy.get('#color-palette').should('be.visible');",
              "err": {
                "message": "CypressError: Timed out retrying: Expected to find element: '#color-palette', but never found it.",
                "estack": "CypressError: Timed out retrying: Expected to find element: '#color-palette', but never found it.\n    at cypressErr (http://localhost:57362/__cypress/runner/cypress_runner.js:149934:9)\n    at throwErr (http://localhost:57362/__cypress/runner/cypress_runner.js:149867:11)\n    at Object.throwErrByPath (http://localhost:57362/__cypress/runner/cypress_runner.js:149915:3)\n    at retry (http://localhost:57362/__cypress/runner/cypress_runner.js:144197:19)\n    at onFailFn (http://localhost:57362/__cypress/runner/cypress_runner.js:132448:16)\n    at tryCatcher (http://localhost:57362/__cypress/runner/cypress_runner.js:167415:23)\n    at Promise._settlePromiseFromHandler (http://localhost:57362/__cypress/runner/cypress_runner.js:165351:31)\n    at Promise._settlePromise (http://localhost:57362/__cypress/runner/cypress_runner.js:165408:18)\n    at Promise._settlePromise0 (http://localhost:57362/__cypress/runner/cypress_runner.js:165453:10)\n    at Promise._settlePromises (http://localhost:57362/__cypress/runner/cypress_runner.js:165528:18)\n    at Async../node_modules/bluebird/js/release/async.js.Async._drainQueue (http://localhost:57362/__cypress/runner/cypress_runner.js:162140:16)\n    at Async../node_modules/bluebird/js/release/async.js.Async._drainQueues (http://localhost:57362/__cypress/runner/cypress_runner.js:162150:10)\n    at Async.drainQueues (http://localhost:57362/__cypress/runner/cypress_runner.js:162024:14)",
                "diff": null
              },
              "uuid": "8fd37f56-c4d5-4d3e-ab6c-6b0d169501cf",
              "parentUUID": "b22dde08-5d41-44df-8e7e-bfce6897e337",
              "isHook": false,
              "skipped": false
            },
            {
              "title": "Verifica se cada cor individual da paleta de cores possui a `classe` chamada `color`.",
              "fullTitle": "2 - Adicione à página uma paleta de quatro cores distintas. Verifica se cada cor individual da paleta de cores possui a `classe` chamada `color`.",
              "timedOut": null,
              "duration": 4662,
              "state": "failed",
              "speed": null,
              "pass": false,
              "fail": true,
              "pending": false,
              "context": null,
              "code": "cy.get('.color').should('have.length', 4).then(function (colors) {\n  for (var i = 0; i < colors.length; i++) {\n    cy.wrap(colors[i]).should('be.visible');\n  }\n});",
              "err": {
                "message": "CypressError: Timed out retrying: Expected to find element: '.color', but never found it.",
                "estack": "CypressError: Timed out retrying: Expected to find element: '.color', but never found it.\n    at cypressErr (http://localhost:57362/__cypress/runner/cypress_runner.js:149934:9)\n    at throwErr (http://localhost:57362/__cypress/runner/cypress_runner.js:149867:11)\n    at Object.throwErrByPath (http://localhost:57362/__cypress/runner/cypress_runner.js:149915:3)\n    at retry (http://localhost:57362/__cypress/runner/cypress_runner.js:144197:19)\n    at onFailFn (http://localhost:57362/__cypress/runner/cypress_runner.js:132448:16)\n    at tryCatcher (http://localhost:57362/__cypress/runner/cypress_runner.js:167415:23)\n    at Promise._settlePromiseFromHandler (http://localhost:57362/__cypress/runner/cypress_runner.js:165351:31)\n    at Promise._settlePromise (http://localhost:57362/__cypress/runner/cypress_runner.js:165408:18)\n    at Promise._settlePromise0 (http://localhost:57362/__cypress/runner/cypress_runner.js:165453:10)\n    at Promise._settlePromises (http://localhost:57362/__cypress/runner/cypress_runner.js:165528:18)\n    at Async../node_modules/bluebird/js/release/async.js.Async._drainQueue (http://localhost:57362/__cypress/runner/cypress_runner.js:162140:16)\n    at Async../node_modules/bluebird/js/release/async.js.Async._drainQueues (http://localhost:57362/__cypress/runner/cypress_runner.js:162150:10)\n    at Async.drainQueues (http://localhost:57362/__cypress/runner/cypress_runner.js:162024:14)",
                "diff": null
              },
              "uuid": "aaa83368-d480-4a0c-a32c-f5e58347271f",
              "parentUUID": "b22dde08-5d41-44df-8e7e-bfce6897e337",
              "isHook": false,
              "skipped": false
            },
            {
              "title": "Verifica se a cor de fundo de cada elemento da paleta é a cor que o elemento representa. **A única cor não permitida na paleta é a cor branca.**",
              "fullTitle": "2 - Adicione à página uma paleta de quatro cores distintas. Verifica se a cor de fundo de cada elemento da paleta é a cor que o elemento representa. **A única cor não permitida na paleta é a cor branca.**",
              "timedOut": null,
              "duration": 4680,
              "state": "failed",
              "speed": null,
              "pass": false,
              "fail": true,
              "pending": false,
              "context": null,
              "code": "cy.get('.color').each(function (color) {\n  cy.wrap(color).should('have.class', 'color').and('not.have.css', 'background-color', WHITE);\n  cy.wrap(color).should('have.css', 'background-color');\n});",
              "err": {
                "message": "CypressError: Timed out retrying: Expected to find element: '.color', but never found it.",
                "estack": "CypressError: Timed out retrying: Expected to find element: '.color', but never found it.\n    at cypressErr (http://localhost:57362/__cypress/runner/cypress_runner.js:149934:9)\n    at throwErr (http://localhost:57362/__cypress/runner/cypress_runner.js:149867:11)\n    at Object.throwErrByPath (http://localhost:57362/__cypress/runner/cypress_runner.js:149915:3)\n    at retry (http://localhost:57362/__cypress/runner/cypress_runner.js:144197:19)\n    at onFailFn (http://localhost:57362/__cypress/runner/cypress_runner.js:132448:16)\n    at tryCatcher (http://localhost:57362/__cypress/runner/cypress_runner.js:167415:23)\n    at Promise._settlePromiseFromHandler (http://localhost:57362/__cypress/runner/cypress_runner.js:165351:31)\n    at Promise._settlePromise (http://localhost:57362/__cypress/runner/cypress_runner.js:165408:18)\n    at Promise._settlePromise0 (http://localhost:57362/__cypress/runner/cypress_runner.js:165453:10)\n    at Promise._settlePromises (http://localhost:57362/__cypress/runner/cypress_runner.js:165528:18)\n    at Async../node_modules/bluebird/js/release/async.js.Async._drainQueue (http://localhost:57362/__cypress/runner/cypress_runner.js:162140:16)\n    at Async../node_modules/bluebird/js/release/async.js.Async._drainQueues (http://localhost:57362/__cypress/runner/cypress_runner.js:162150:10)\n    at Async.drainQueues (http://localhost:57362/__cypress/runner/cypress_runner.js:162024:14)",
                "diff": null
              },
              "uuid": "58533bbf-9672-4fc7-adf9-b64951dd754c",
              "parentUUID": "b22dde08-5d41-44df-8e7e-bfce6897e337",
              "isHook": false,
              "skipped": false
            },
            {
              "title": "Verifica se cada elemento da paleta de cores tem uma borda preta, sólida e com 1 pixel de largura;",
              "fullTitle": "2 - Adicione à página uma paleta de quatro cores distintas. Verifica se cada elemento da paleta de cores tem uma borda preta, sólida e com 1 pixel de largura;",
              "timedOut": null,
              "duration": 4743,
              "state": "failed",
              "speed": null,
              "pass": false,
              "fail": true,
              "pending": false,
              "context": null,
              "code": "cy.get('.color').each(function (color) {\n  cy.wrap(color).and('have.css', 'border', \"1px solid \".concat(BLACK)).and('have.class', 'color');\n});",
              "err": {
                "message": "CypressError: Timed out retrying: Expected to find element: '.color', but never found it.",
                "estack": "CypressError: Timed out retrying: Expected to find element: '.color', but never found it.\n    at cypressErr (http://localhost:57362/__cypress/runner/cypress_runner.js:149934:9)\n    at throwErr (http://localhost:57362/__cypress/runner/cypress_runner.js:149867:11)\n    at Object.throwErrByPath (http://localhost:57362/__cypress/runner/cypress_runner.js:149915:3)\n    at retry (http://localhost:57362/__cypress/runner/cypress_runner.js:144197:19)\n    at onFailFn (http://localhost:57362/__cypress/runner/cypress_runner.js:132448:16)\n    at tryCatcher (http://localhost:57362/__cypress/runner/cypress_runner.js:167415:23)\n    at Promise._settlePromiseFromHandler (http://localhost:57362/__cypress/runner/cypress_runner.js:165351:31)\n    at Promise._settlePromise (http://localhost:57362/__cypress/runner/cypress_runner.js:165408:18)\n    at Promise._settlePromise0 (http://localhost:57362/__cypress/runner/cypress_runner.js:165453:10)\n    at Promise._settlePromises (http://localhost:57362/__cypress/runner/cypress_runner.js:165528:18)\n    at Async../node_modules/bluebird/js/release/async.js.Async._drainQueue (http://localhost:57362/__cypress/runner/cypress_runner.js:162140:16)\n    at Async../node_modules/bluebird/js/release/async.js.Async._drainQueues (http://localhost:57362/__cypress/runner/cypress_runner.js:162150:10)\n    at Async.drainQueues (http://localhost:57362/__cypress/runner/cypress_runner.js:162024:14)",
                "diff": null
              },
              "uuid": "5ccfd02f-7210-4ad4-8546-3815ba406329",
              "parentUUID": "b22dde08-5d41-44df-8e7e-bfce6897e337",
              "isHook": false,
              "skipped": false
            },
            {
              "title": "Verifica se a paleta lista todas as cores disponíveis para utilização, lado a lado.",
              "fullTitle": "2 - Adicione à página uma paleta de quatro cores distintas. Verifica se a paleta lista todas as cores disponíveis para utilização, lado a lado.",
              "timedOut": null,
              "duration": 4772,
              "state": "failed",
              "speed": null,
              "pass": false,
              "fail": true,
              "pending": false,
              "context": null,
              "code": "cy.get('.color').then(function (colors) {\n  for (var index = 1; index < colors.length; index += 1) {\n    var currentColor = colors[index];\n    var previousColor = colors[index - 1];\n    cy.wrap(currentColor).should('be.onTheRightOf', previousColor).and('be.horizontallyAlignedWith', previousColor);\n  }\n});",
              "err": {
                "message": "CypressError: Timed out retrying: Expected to find element: '.color', but never found it.",
                "estack": "CypressError: Timed out retrying: Expected to find element: '.color', but never found it.\n    at cypressErr (http://localhost:57362/__cypress/runner/cypress_runner.js:149934:9)\n    at throwErr (http://localhost:57362/__cypress/runner/cypress_runner.js:149867:11)\n    at Object.throwErrByPath (http://localhost:57362/__cypress/runner/cypress_runner.js:149915:3)\n    at retry (http://localhost:57362/__cypress/runner/cypress_runner.js:144197:19)\n    at onFailFn (http://localhost:57362/__cypress/runner/cypress_runner.js:132448:16)\n    at tryCatcher (http://localhost:57362/__cypress/runner/cypress_runner.js:167415:23)\n    at Promise._settlePromiseFromHandler (http://localhost:57362/__cypress/runner/cypress_runner.js:165351:31)\n    at Promise._settlePromise (http://localhost:57362/__cypress/runner/cypress_runner.js:165408:18)\n    at Promise._settlePromise0 (http://localhost:57362/__cypress/runner/cypress_runner.js:165453:10)\n    at Promise._settlePromises (http://localhost:57362/__cypress/runner/cypress_runner.js:165528:18)\n    at Async../node_modules/bluebird/js/release/async.js.Async._drainQueue (http://localhost:57362/__cypress/runner/cypress_runner.js:162140:16)\n    at Async../node_modules/bluebird/js/release/async.js.Async._drainQueues (http://localhost:57362/__cypress/runner/cypress_runner.js:162150:10)\n    at Async.drainQueues (http://localhost:57362/__cypress/runner/cypress_runner.js:162024:14)",
                "diff": null
              },
              "uuid": "42cbf30e-78a6-47fd-84c7-2032ae01447d",
              "parentUUID": "b22dde08-5d41-44df-8e7e-bfce6897e337",
              "isHook": false,
              "skipped": false
            },
            {
              "title": "Verifica se a paleta de cores está posicionada abaixo do título 'Paleta de Cores'",
              "fullTitle": "2 - Adicione à página uma paleta de quatro cores distintas. Verifica se a paleta de cores está posicionada abaixo do título 'Paleta de Cores'",
              "timedOut": null,
              "duration": 5037,
              "state": "failed",
              "speed": null,
              "pass": false,
              "fail": true,
              "pending": false,
              "context": null,
              "code": "cy.get('h1#title').then(function (title) {\n  cy.get('#color-palette').should('be.belowOf', title);\n});",
              "err": {
                "message": "CypressError: Timed out retrying: Expected to find element: '#color-palette', but never found it.",
                "estack": "CypressError: Timed out retrying: Expected to find element: '#color-palette', but never found it.\n    at cypressErr (http://localhost:57362/__cypress/runner/cypress_runner.js:149934:9)\n    at throwErr (http://localhost:57362/__cypress/runner/cypress_runner.js:149867:11)\n    at Object.throwErrByPath (http://localhost:57362/__cypress/runner/cypress_runner.js:149915:3)\n    at retry (http://localhost:57362/__cypress/runner/cypress_runner.js:144197:19)\n    at onFailFn (http://localhost:57362/__cypress/runner/cypress_runner.js:132448:16)\n    at tryCatcher (http://localhost:57362/__cypress/runner/cypress_runner.js:167415:23)\n    at Promise._settlePromiseFromHandler (http://localhost:57362/__cypress/runner/cypress_runner.js:165351:31)\n    at Promise._settlePromise (http://localhost:57362/__cypress/runner/cypress_runner.js:165408:18)\n    at Promise._settlePromise0 (http://localhost:57362/__cypress/runner/cypress_runner.js:165453:10)\n    at Promise._settlePromises (http://localhost:57362/__cypress/runner/cypress_runner.js:165528:18)\n    at Async../node_modules/bluebird/js/release/async.js.Async._drainQueue (http://localhost:57362/__cypress/runner/cypress_runner.js:162140:16)\n    at Async../node_modules/bluebird/js/release/async.js.Async._drainQueues (http://localhost:57362/__cypress/runner/cypress_runner.js:162150:10)\n    at Async.drainQueues (http://localhost:57362/__cypress/runner/cypress_runner.js:162024:14)",
                "diff": null
              },
              "uuid": "7fc790fd-a970-4b68-9249-5831a32425f3",
              "parentUUID": "b22dde08-5d41-44df-8e7e-bfce6897e337",
              "isHook": false,
              "skipped": false
            },
            {
              "title": "Verifica se a paleta de cores não contém cores repetidas.",
              "fullTitle": "2 - Adicione à página uma paleta de quatro cores distintas. Verifica se a paleta de cores não contém cores repetidas.",
              "timedOut": null,
              "duration": 5379,
              "state": "failed",
              "speed": null,
              "pass": false,
              "fail": true,
              "pending": false,
              "context": null,
              "code": "cy.get('.color').then(function (colors) {\n  var allColors = Array.from(colors).map(function (color) {\n    return Cypress.$(color).css('background-color');\n  });\n  cy.log(allColors);\n  var uniqColors = (0, _toConsumableArray2[\"default\"])(new Set(allColors));\n  cy.log(uniqColors);\n  expect(allColors.length).to.eq(uniqColors.length);\n});",
              "err": {
                "message": "CypressError: Timed out retrying: Expected to find element: '.color', but never found it.",
                "estack": "CypressError: Timed out retrying: Expected to find element: '.color', but never found it.\n    at cypressErr (http://localhost:57362/__cypress/runner/cypress_runner.js:149934:9)\n    at throwErr (http://localhost:57362/__cypress/runner/cypress_runner.js:149867:11)\n    at Object.throwErrByPath (http://localhost:57362/__cypress/runner/cypress_runner.js:149915:3)\n    at retry (http://localhost:57362/__cypress/runner/cypress_runner.js:144197:19)\n    at onFailFn (http://localhost:57362/__cypress/runner/cypress_runner.js:132448:16)\n    at tryCatcher (http://localhost:57362/__cypress/runner/cypress_runner.js:167415:23)\n    at Promise._settlePromiseFromHandler (http://localhost:57362/__cypress/runner/cypress_runner.js:165351:31)\n    at Promise._settlePromise (http://localhost:57362/__cypress/runner/cypress_runner.js:165408:18)\n    at Promise._settlePromise0 (http://localhost:57362/__cypress/runner/cypress_runner.js:165453:10)\n    at Promise._settlePromises (http://localhost:57362/__cypress/runner/cypress_runner.js:165528:18)\n    at Async../node_modules/bluebird/js/release/async.js.Async._drainQueue (http://localhost:57362/__cypress/runner/cypress_runner.js:162140:16)\n    at Async../node_modules/bluebird/js/release/async.js.Async._drainQueues (http://localhost:57362/__cypress/runner/cypress_runner.js:162150:10)\n    at Async.drainQueues (http://localhost:57362/__cypress/runner/cypress_runner.js:162024:14)",
                "diff": null
              },
              "uuid": "c85d3291-4238-40a2-97d1-6a55aa2b912b",
              "parentUUID": "b22dde08-5d41-44df-8e7e-bfce6897e337",
              "isHook": false,
              "skipped": false
            }
          ],
          "suites": [],
          "passes": [],
          "failures": [
            "8fd37f56-c4d5-4d3e-ab6c-6b0d169501cf",
            "aaa83368-d480-4a0c-a32c-f5e58347271f",
            "58533bbf-9672-4fc7-adf9-b64951dd754c",
            "5ccfd02f-7210-4ad4-8546-3815ba406329",
            "42cbf30e-78a6-47fd-84c7-2032ae01447d",
            "7fc790fd-a970-4b68-9249-5831a32425f3",
            "c85d3291-4238-40a2-97d1-6a55aa2b912b"
          ],
          "pending": [],
          "skipped": [],
          "duration": 34185,
          "root": false,
          "rootEmpty": false,
          "_timeout": 2000
        },
        {
          "uuid": "d34d753c-4248-496d-ae8a-5fa2076d02dc",
          "title": "3 - Adicione a cor **preta** como a primeira cor da paleta de cores.",
          "fullFile": "",
          "file": "",
          "beforeHooks": [],
          "afterHooks": [],
          "tests": [
            {
              "title": "Verifica se a primeira cor da paleta é preta",
              "fullTitle": "3 - Adicione a cor **preta** como a primeira cor da paleta de cores. Verifica se a primeira cor da paleta é preta",
              "timedOut": null,
              "duration": 5415,
              "state": "failed",
              "speed": null,
              "pass": false,
              "fail": true,
              "pending": false,
              "context": null,
              "code": "cy.get('.color').first().should('have.css', 'background-color', BLACK);",
              "err": {
                "message": "CypressError: Timed out retrying: Expected to find element: '.color', but never found it.",
                "estack": "CypressError: Timed out retrying: Expected to find element: '.color', but never found it.\n    at cypressErr (http://localhost:57362/__cypress/runner/cypress_runner.js:149934:9)\n    at throwErr (http://localhost:57362/__cypress/runner/cypress_runner.js:149867:11)\n    at Object.throwErrByPath (http://localhost:57362/__cypress/runner/cypress_runner.js:149915:3)\n    at retry (http://localhost:57362/__cypress/runner/cypress_runner.js:144197:19)\n    at onFailFn (http://localhost:57362/__cypress/runner/cypress_runner.js:132448:16)\n    at tryCatcher (http://localhost:57362/__cypress/runner/cypress_runner.js:167415:23)\n    at Promise._settlePromiseFromHandler (http://localhost:57362/__cypress/runner/cypress_runner.js:165351:31)\n    at Promise._settlePromise (http://localhost:57362/__cypress/runner/cypress_runner.js:165408:18)\n    at Promise._settlePromise0 (http://localhost:57362/__cypress/runner/cypress_runner.js:165453:10)\n    at Promise._settlePromises (http://localhost:57362/__cypress/runner/cypress_runner.js:165528:18)\n    at Async../node_modules/bluebird/js/release/async.js.Async._drainQueue (http://localhost:57362/__cypress/runner/cypress_runner.js:162140:16)\n    at Async../node_modules/bluebird/js/release/async.js.Async._drainQueues (http://localhost:57362/__cypress/runner/cypress_runner.js:162150:10)\n    at Async.drainQueues (http://localhost:57362/__cypress/runner/cypress_runner.js:162024:14)",
                "diff": null
              },
              "uuid": "62c7a3ba-aade-4b3a-bc9e-5f23e46e540d",
              "parentUUID": "d34d753c-4248-496d-ae8a-5fa2076d02dc",
              "isHook": false,
              "skipped": false
            },
            {
              "title": "Verifica se as demais cores podem ser escolhidas livremente.",
              "fullTitle": "3 - Adicione a cor **preta** como a primeira cor da paleta de cores. Verifica se as demais cores podem ser escolhidas livremente.",
              "timedOut": null,
              "duration": 5187,
              "state": "failed",
              "speed": null,
              "pass": false,
              "fail": true,
              "pending": false,
              "context": null,
              "code": "cy.get('.color').eq(1).should('not.have.css', 'background-color', BLACK);\ncy.get('.color').eq(1).should('not.have.css', 'background-color', WHITE);\ncy.get('.color').eq(1).should('not.have.css', 'background-color', 'rgba(0, 0, 0, 0)');\ncy.get('.color').eq(1).should('have.css', 'background-color');\ncy.get('.color').eq(2).should('not.have.css', 'background-color', BLACK);\ncy.get('.color').eq(2).should('not.have.css', 'background-color', WHITE);\ncy.get('.color').eq(2).should('not.have.css', 'background-color', 'rgba(0, 0, 0, 0)');\ncy.get('.color').eq(2).should('have.css', 'background-color');\ncy.get('.color').eq(3).should('not.have.css', 'background-color', BLACK);\ncy.get('.color').eq(3).should('not.have.css', 'background-color', WHITE);\ncy.get('.color').eq(3).should('not.have.css', 'background-color', 'rgba(0, 0, 0, 0)');\ncy.get('.color').eq(3).should('have.css', 'background-color');",
              "err": {
                "message": "CypressError: Timed out retrying: Expected to find element: '.color', but never found it.",
                "estack": "CypressError: Timed out retrying: Expected to find element: '.color', but never found it.\n    at cypressErr (http://localhost:57362/__cypress/runner/cypress_runner.js:149934:9)\n    at throwErr (http://localhost:57362/__cypress/runner/cypress_runner.js:149867:11)\n    at Object.throwErrByPath (http://localhost:57362/__cypress/runner/cypress_runner.js:149915:3)\n    at retry (http://localhost:57362/__cypress/runner/cypress_runner.js:144197:19)\n    at onFailFn (http://localhost:57362/__cypress/runner/cypress_runner.js:132448:16)\n    at tryCatcher (http://localhost:57362/__cypress/runner/cypress_runner.js:167415:23)\n    at Promise._settlePromiseFromHandler (http://localhost:57362/__cypress/runner/cypress_runner.js:165351:31)\n    at Promise._settlePromise (http://localhost:57362/__cypress/runner/cypress_runner.js:165408:18)\n    at Promise._settlePromise0 (http://localhost:57362/__cypress/runner/cypress_runner.js:165453:10)\n    at Promise._settlePromises (http://localhost:57362/__cypress/runner/cypress_runner.js:165528:18)\n    at Async../node_modules/bluebird/js/release/async.js.Async._drainQueue (http://localhost:57362/__cypress/runner/cypress_runner.js:162140:16)\n    at Async../node_modules/bluebird/js/release/async.js.Async._drainQueues (http://localhost:57362/__cypress/runner/cypress_runner.js:162150:10)\n    at Async.drainQueues (http://localhost:57362/__cypress/runner/cypress_runner.js:162024:14)",
                "diff": null
              },
              "uuid": "4ad37a61-000c-4692-862b-b0ac33f4c08a",
              "parentUUID": "d34d753c-4248-496d-ae8a-5fa2076d02dc",
              "isHook": false,
              "skipped": false
            }
          ],
          "suites": [],
          "passes": [],
          "failures": [
            "62c7a3ba-aade-4b3a-bc9e-5f23e46e540d",
            "4ad37a61-000c-4692-862b-b0ac33f4c08a"
          ],
          "pending": [],
          "skipped": [],
          "duration": 10602,
          "root": false,
          "rootEmpty": false,
          "_timeout": 2000
        },
        {
          "uuid": "ad480936-016a-4cf0-b8fc-1268405aef61",
          "title": "4 - Adicione à página um quadro de pixels, com 25 pixels.",
          "fullFile": "",
          "file": "",
          "beforeHooks": [],
          "afterHooks": [],
          "tests": [
            {
              "title": "Verifica se o quadro de pixels possui o `id` denominado `pixel-board`",
              "fullTitle": "4 - Adicione à página um quadro de pixels, com 25 pixels. Verifica se o quadro de pixels possui o `id` denominado `pixel-board`",
              "timedOut": null,
              "duration": 5243,
              "state": "failed",
              "speed": null,
              "pass": false,
              "fail": true,
              "pending": false,
              "context": null,
              "code": "cy.get('#pixel-board').should('be.visible');",
              "err": {
                "message": "CypressError: Timed out retrying: Expected to find element: '#pixel-board', but never found it.",
                "estack": "CypressError: Timed out retrying: Expected to find element: '#pixel-board', but never found it.\n    at cypressErr (http://localhost:57362/__cypress/runner/cypress_runner.js:149934:9)\n    at throwErr (http://localhost:57362/__cypress/runner/cypress_runner.js:149867:11)\n    at Object.throwErrByPath (http://localhost:57362/__cypress/runner/cypress_runner.js:149915:3)\n    at retry (http://localhost:57362/__cypress/runner/cypress_runner.js:144197:19)\n    at onFailFn (http://localhost:57362/__cypress/runner/cypress_runner.js:132448:16)\n    at tryCatcher (http://localhost:57362/__cypress/runner/cypress_runner.js:167415:23)\n    at Promise._settlePromiseFromHandler (http://localhost:57362/__cypress/runner/cypress_runner.js:165351:31)\n    at Promise._settlePromise (http://localhost:57362/__cypress/runner/cypress_runner.js:165408:18)\n    at Promise._settlePromise0 (http://localhost:57362/__cypress/runner/cypress_runner.js:165453:10)\n    at Promise._settlePromises (http://localhost:57362/__cypress/runner/cypress_runner.js:165528:18)\n    at Async../node_modules/bluebird/js/release/async.js.Async._drainQueue (http://localhost:57362/__cypress/runner/cypress_runner.js:162140:16)\n    at Async../node_modules/bluebird/js/release/async.js.Async._drainQueues (http://localhost:57362/__cypress/runner/cypress_runner.js:162150:10)\n    at Async.drainQueues (http://localhost:57362/__cypress/runner/cypress_runner.js:162024:14)",
                "diff": null
              },
              "uuid": "d935f9e1-b4ed-45ce-9e69-d543faeb36fa",
              "parentUUID": "ad480936-016a-4cf0-b8fc-1268405aef61",
              "isHook": false,
              "skipped": false
            },
            {
              "title": "Verifica se cada pixel individual dentro do quadro possui a `classe` denominada `pixel`.",
              "fullTitle": "4 - Adicione à página um quadro de pixels, com 25 pixels. Verifica se cada pixel individual dentro do quadro possui a `classe` denominada `pixel`.",
              "timedOut": null,
              "duration": 5100,
              "state": "failed",
              "speed": null,
              "pass": false,
              "fail": true,
              "pending": false,
              "context": null,
              "code": "cy.get('.pixel').should('have.length', 25);",
              "err": {
                "message": "CypressError: Timed out retrying: Expected to find element: '.pixel', but never found it.",
                "estack": "CypressError: Timed out retrying: Expected to find element: '.pixel', but never found it.\n    at cypressErr (http://localhost:57362/__cypress/runner/cypress_runner.js:149934:9)\n    at throwErr (http://localhost:57362/__cypress/runner/cypress_runner.js:149867:11)\n    at Object.throwErrByPath (http://localhost:57362/__cypress/runner/cypress_runner.js:149915:3)\n    at retry (http://localhost:57362/__cypress/runner/cypress_runner.js:144197:19)\n    at onFailFn (http://localhost:57362/__cypress/runner/cypress_runner.js:132448:16)\n    at tryCatcher (http://localhost:57362/__cypress/runner/cypress_runner.js:167415:23)\n    at Promise._settlePromiseFromHandler (http://localhost:57362/__cypress/runner/cypress_runner.js:165351:31)\n    at Promise._settlePromise (http://localhost:57362/__cypress/runner/cypress_runner.js:165408:18)\n    at Promise._settlePromise0 (http://localhost:57362/__cypress/runner/cypress_runner.js:165453:10)\n    at Promise._settlePromises (http://localhost:57362/__cypress/runner/cypress_runner.js:165528:18)\n    at Async../node_modules/bluebird/js/release/async.js.Async._drainQueue (http://localhost:57362/__cypress/runner/cypress_runner.js:162140:16)\n    at Async../node_modules/bluebird/js/release/async.js.Async._drainQueues (http://localhost:57362/__cypress/runner/cypress_runner.js:162150:10)\n    at Async.drainQueues (http://localhost:57362/__cypress/runner/cypress_runner.js:162024:14)",
                "diff": null
              },
              "uuid": "c181e5cc-9de9-41ed-86ba-b5b78cd18d56",
              "parentUUID": "ad480936-016a-4cf0-b8fc-1268405aef61",
              "isHook": false,
              "skipped": false
            },
            {
              "title": "Verifica se a cor inicial dos pixels dentro do quadro, ao abrir a página, é branca.",
              "fullTitle": "4 - Adicione à página um quadro de pixels, com 25 pixels. Verifica se a cor inicial dos pixels dentro do quadro, ao abrir a página, é branca.",
              "timedOut": null,
              "duration": 4769,
              "state": "failed",
              "speed": null,
              "pass": false,
              "fail": true,
              "pending": false,
              "context": null,
              "code": "cy.get('.pixel').should('have.length', 25).each(function (pixel) {\n  expect(pixel).to.have.css('background-color', WHITE);\n});",
              "err": {
                "message": "CypressError: Timed out retrying: Expected to find element: '.pixel', but never found it.",
                "estack": "CypressError: Timed out retrying: Expected to find element: '.pixel', but never found it.\n    at cypressErr (http://localhost:57362/__cypress/runner/cypress_runner.js:149934:9)\n    at throwErr (http://localhost:57362/__cypress/runner/cypress_runner.js:149867:11)\n    at Object.throwErrByPath (http://localhost:57362/__cypress/runner/cypress_runner.js:149915:3)\n    at retry (http://localhost:57362/__cypress/runner/cypress_runner.js:144197:19)\n    at onFailFn (http://localhost:57362/__cypress/runner/cypress_runner.js:132448:16)\n    at tryCatcher (http://localhost:57362/__cypress/runner/cypress_runner.js:167415:23)\n    at Promise._settlePromiseFromHandler (http://localhost:57362/__cypress/runner/cypress_runner.js:165351:31)\n    at Promise._settlePromise (http://localhost:57362/__cypress/runner/cypress_runner.js:165408:18)\n    at Promise._settlePromise0 (http://localhost:57362/__cypress/runner/cypress_runner.js:165453:10)\n    at Promise._settlePromises (http://localhost:57362/__cypress/runner/cypress_runner.js:165528:18)\n    at Async../node_modules/bluebird/js/release/async.js.Async._drainQueue (http://localhost:57362/__cypress/runner/cypress_runner.js:162140:16)\n    at Async../node_modules/bluebird/js/release/async.js.Async._drainQueues (http://localhost:57362/__cypress/runner/cypress_runner.js:162150:10)\n    at Async.drainQueues (http://localhost:57362/__cypress/runner/cypress_runner.js:162024:14)",
                "diff": null
              },
              "uuid": "71093587-97aa-4256-9ce1-1cca1f93603e",
              "parentUUID": "ad480936-016a-4cf0-b8fc-1268405aef61",
              "isHook": false,
              "skipped": false
            },
            {
              "title": "Verifica se o quadro de pixels aparece abaixo da paleta de cores",
              "fullTitle": "4 - Adicione à página um quadro de pixels, com 25 pixels. Verifica se o quadro de pixels aparece abaixo da paleta de cores",
              "timedOut": null,
              "duration": 4757,
              "state": "failed",
              "speed": null,
              "pass": false,
              "fail": true,
              "pending": false,
              "context": null,
              "code": "cy.get('#color-palette').then(function (palette) {\n  cy.get('#pixel-board').should('be.belowOf', palette);\n});",
              "err": {
                "message": "CypressError: Timed out retrying: Expected to find element: '#color-palette', but never found it.",
                "estack": "CypressError: Timed out retrying: Expected to find element: '#color-palette', but never found it.\n    at cypressErr (http://localhost:57362/__cypress/runner/cypress_runner.js:149934:9)\n    at throwErr (http://localhost:57362/__cypress/runner/cypress_runner.js:149867:11)\n    at Object.throwErrByPath (http://localhost:57362/__cypress/runner/cypress_runner.js:149915:3)\n    at retry (http://localhost:57362/__cypress/runner/cypress_runner.js:144197:19)\n    at onFailFn (http://localhost:57362/__cypress/runner/cypress_runner.js:132448:16)\n    at tryCatcher (http://localhost:57362/__cypress/runner/cypress_runner.js:167415:23)\n    at Promise._settlePromiseFromHandler (http://localhost:57362/__cypress/runner/cypress_runner.js:165351:31)\n    at Promise._settlePromise (http://localhost:57362/__cypress/runner/cypress_runner.js:165408:18)\n    at Promise._settlePromise0 (http://localhost:57362/__cypress/runner/cypress_runner.js:165453:10)\n    at Promise._settlePromises (http://localhost:57362/__cypress/runner/cypress_runner.js:165528:18)\n    at Async../node_modules/bluebird/js/release/async.js.Async._drainQueue (http://localhost:57362/__cypress/runner/cypress_runner.js:162140:16)\n    at Async../node_modules/bluebird/js/release/async.js.Async._drainQueues (http://localhost:57362/__cypress/runner/cypress_runner.js:162150:10)\n    at Async.drainQueues (http://localhost:57362/__cypress/runner/cypress_runner.js:162024:14)",
                "diff": null
              },
              "uuid": "56f7e0ac-5935-4a39-8ebe-707fa122cdd8",
              "parentUUID": "ad480936-016a-4cf0-b8fc-1268405aef61",
              "isHook": false,
              "skipped": false
            }
          ],
          "suites": [],
          "passes": [],
          "failures": [
            "d935f9e1-b4ed-45ce-9e69-d543faeb36fa",
            "c181e5cc-9de9-41ed-86ba-b5b78cd18d56",
            "71093587-97aa-4256-9ce1-1cca1f93603e",
            "56f7e0ac-5935-4a39-8ebe-707fa122cdd8"
          ],
          "pending": [],
          "skipped": [],
          "duration": 19869,
          "root": false,
          "rootEmpty": false,
          "_timeout": 2000
        },
        {
          "uuid": "82b7f60c-fc58-4ebc-bb2c-da8d91c607eb",
          "title": "5 - Faça com que cada elemento do quadro de pixels possua 40 pixels de largura, 40 pixels de altura e seja delimitado por uma borda preta de 1 pixel.",
          "fullFile": "",
          "file": "",
          "beforeHooks": [],
          "afterHooks": [],
          "tests": [
            {
              "title": "Verifica se o quadro de pixels tem altura e comprimento de 5 elementos",
              "fullTitle": "5 - Faça com que cada elemento do quadro de pixels possua 40 pixels de largura, 40 pixels de altura e seja delimitado por uma borda preta de 1 pixel. Verifica se o quadro de pixels tem altura e comprimento de 5 elementos",
              "timedOut": null,
              "duration": 4806,
              "state": "failed",
              "speed": null,
              "pass": false,
              "fail": true,
              "pending": false,
              "context": null,
              "code": "cy.get('.pixel').should('have.length', 25).each(function (pixel) {\n  expect(pixel).to.have.css('background-color', WHITE);\n}).and(function (pixels) {\n  var rows = chunk(pixels, 5);\n  rows.forEach(function (row) {\n    for (var index = 1; index < row.length; index += 1) {\n      var current = pixels[index];\n      var previous = pixels[index - 1];\n      cy.wrap(current).should('be.onTheRightOf', previous).and('be.horizontallyAlignedWith', previous);\n    }\n  });\n  for (var index = 1; index < 5; index += 1) {\n    expect(pixels[index * 5]).to.be.belowOf(pixels[(index - 1) * 5]);\n  }\n});",
              "err": {
                "message": "CypressError: Timed out retrying: Expected to find element: '.pixel', but never found it.",
                "estack": "CypressError: Timed out retrying: Expected to find element: '.pixel', but never found it.\n    at cypressErr (http://localhost:57362/__cypress/runner/cypress_runner.js:149934:9)\n    at throwErr (http://localhost:57362/__cypress/runner/cypress_runner.js:149867:11)\n    at Object.throwErrByPath (http://localhost:57362/__cypress/runner/cypress_runner.js:149915:3)\n    at retry (http://localhost:57362/__cypress/runner/cypress_runner.js:144197:19)\n    at onFailFn (http://localhost:57362/__cypress/runner/cypress_runner.js:132448:16)\n    at tryCatcher (http://localhost:57362/__cypress/runner/cypress_runner.js:167415:23)\n    at Promise._settlePromiseFromHandler (http://localhost:57362/__cypress/runner/cypress_runner.js:165351:31)\n    at Promise._settlePromise (http://localhost:57362/__cypress/runner/cypress_runner.js:165408:18)\n    at Promise._settlePromise0 (http://localhost:57362/__cypress/runner/cypress_runner.js:165453:10)\n    at Promise._settlePromises (http://localhost:57362/__cypress/runner/cypress_runner.js:165528:18)\n    at Async../node_modules/bluebird/js/release/async.js.Async._drainQueue (http://localhost:57362/__cypress/runner/cypress_runner.js:162140:16)\n    at Async../node_modules/bluebird/js/release/async.js.Async._drainQueues (http://localhost:57362/__cypress/runner/cypress_runner.js:162150:10)\n    at Async.drainQueues (http://localhost:57362/__cypress/runner/cypress_runner.js:162024:14)",
                "diff": null
              },
              "uuid": "74e662c4-5d09-4ca1-a166-4ee1f8cab8bf",
              "parentUUID": "82b7f60c-fc58-4ebc-bb2c-da8d91c607eb",
              "isHook": false,
              "skipped": false
            },
            {
              "title": "Verifica se 40 pixels é o tamanho total do elemento, incluindo seu conteúdo e excluindo a borda preta, que deve ser criada à parte.",
              "fullTitle": "5 - Faça com que cada elemento do quadro de pixels possua 40 pixels de largura, 40 pixels de altura e seja delimitado por uma borda preta de 1 pixel. Verifica se 40 pixels é o tamanho total do elemento, incluindo seu conteúdo e excluindo a borda preta, que deve ser criada à parte.",
              "timedOut": null,
              "duration": 5504,
              "state": "failed",
              "speed": null,
              "pass": false,
              "fail": true,
              "pending": false,
              "context": null,
              "code": "cy.get('.pixel').each(function (pixel) {\n  cy.wrap(pixel).should('have.css', 'height', '40px').and('have.css', 'width', '40px').and('have.css', 'border', \"1px solid \".concat(BLACK));\n});",
              "err": {
                "message": "CypressError: Timed out retrying: Expected to find element: '.pixel', but never found it.",
                "estack": "CypressError: Timed out retrying: Expected to find element: '.pixel', but never found it.\n    at cypressErr (http://localhost:57362/__cypress/runner/cypress_runner.js:149934:9)\n    at throwErr (http://localhost:57362/__cypress/runner/cypress_runner.js:149867:11)\n    at Object.throwErrByPath (http://localhost:57362/__cypress/runner/cypress_runner.js:149915:3)\n    at retry (http://localhost:57362/__cypress/runner/cypress_runner.js:144197:19)\n    at onFailFn (http://localhost:57362/__cypress/runner/cypress_runner.js:132448:16)\n    at tryCatcher (http://localhost:57362/__cypress/runner/cypress_runner.js:167415:23)\n    at Promise._settlePromiseFromHandler (http://localhost:57362/__cypress/runner/cypress_runner.js:165351:31)\n    at Promise._settlePromise (http://localhost:57362/__cypress/runner/cypress_runner.js:165408:18)\n    at Promise._settlePromise0 (http://localhost:57362/__cypress/runner/cypress_runner.js:165453:10)\n    at Promise._settlePromises (http://localhost:57362/__cypress/runner/cypress_runner.js:165528:18)\n    at Async../node_modules/bluebird/js/release/async.js.Async._drainQueue (http://localhost:57362/__cypress/runner/cypress_runner.js:162140:16)\n    at Async../node_modules/bluebird/js/release/async.js.Async._drainQueues (http://localhost:57362/__cypress/runner/cypress_runner.js:162150:10)\n    at Async.drainQueues (http://localhost:57362/__cypress/runner/cypress_runner.js:162024:14)",
                "diff": null
              },
              "uuid": "e748a10c-1c7a-4b92-b42a-5de3e3678a41",
              "parentUUID": "82b7f60c-fc58-4ebc-bb2c-da8d91c607eb",
              "isHook": false,
              "skipped": false
            }
          ],
          "suites": [],
          "passes": [],
          "failures": [
            "74e662c4-5d09-4ca1-a166-4ee1f8cab8bf",
            "e748a10c-1c7a-4b92-b42a-5de3e3678a41"
          ],
          "pending": [],
          "skipped": [],
          "duration": 10310,
          "root": false,
          "rootEmpty": false,
          "_timeout": 2000
        },
        {
          "uuid": "a0fc8c84-b638-4536-a487-47261e511232",
          "title": "6 - Defina a cor preta como cor inicial. Ao carregar a página a cor preta já deve estar selecionada para pintar os pixels",
          "fullFile": "",
          "file": "",
          "beforeHooks": [],
          "afterHooks": [],
          "tests": [
            {
              "title": "Verifica se o elemento da cor preta possui, inicialmente, a `classe` `selected`",
              "fullTitle": "6 - Defina a cor preta como cor inicial. Ao carregar a página a cor preta já deve estar selecionada para pintar os pixels Verifica se o elemento da cor preta possui, inicialmente, a `classe` `selected`",
              "timedOut": null,
              "duration": 4897,
              "state": "failed",
              "speed": null,
              "pass": false,
              "fail": true,
              "pending": false,
              "context": null,
              "code": "cy.get('.selected').first().should('have.css', 'background-color', BLACK);",
              "err": {
                "message": "CypressError: Timed out retrying: Expected to find element: '.selected', but never found it.",
                "estack": "CypressError: Timed out retrying: Expected to find element: '.selected', but never found it.\n    at cypressErr (http://localhost:57362/__cypress/runner/cypress_runner.js:149934:9)\n    at throwErr (http://localhost:57362/__cypress/runner/cypress_runner.js:149867:11)\n    at Object.throwErrByPath (http://localhost:57362/__cypress/runner/cypress_runner.js:149915:3)\n    at retry (http://localhost:57362/__cypress/runner/cypress_runner.js:144197:19)\n    at onFailFn (http://localhost:57362/__cypress/runner/cypress_runner.js:132448:16)\n    at tryCatcher (http://localhost:57362/__cypress/runner/cypress_runner.js:167415:23)\n    at Promise._settlePromiseFromHandler (http://localhost:57362/__cypress/runner/cypress_runner.js:165351:31)\n    at Promise._settlePromise (http://localhost:57362/__cypress/runner/cypress_runner.js:165408:18)\n    at Promise._settlePromise0 (http://localhost:57362/__cypress/runner/cypress_runner.js:165453:10)\n    at Promise._settlePromises (http://localhost:57362/__cypress/runner/cypress_runner.js:165528:18)\n    at Async../node_modules/bluebird/js/release/async.js.Async._drainQueue (http://localhost:57362/__cypress/runner/cypress_runner.js:162140:16)\n    at Async../node_modules/bluebird/js/release/async.js.Async._drainQueues (http://localhost:57362/__cypress/runner/cypress_runner.js:162150:10)\n    at Async.drainQueues (http://localhost:57362/__cypress/runner/cypress_runner.js:162024:14)",
                "diff": null
              },
              "uuid": "440c43a6-e35b-4d73-81fe-5698b659d37e",
              "parentUUID": "a0fc8c84-b638-4536-a487-47261e511232",
              "isHook": false,
              "skipped": false
            },
            {
              "title": "Verifica se nenhuma outra cor da paleta tem a `classe` `selected`",
              "fullTitle": "6 - Defina a cor preta como cor inicial. Ao carregar a página a cor preta já deve estar selecionada para pintar os pixels Verifica se nenhuma outra cor da paleta tem a `classe` `selected`",
              "timedOut": null,
              "duration": 4888,
              "state": "failed",
              "speed": null,
              "pass": false,
              "fail": true,
              "pending": false,
              "context": null,
              "code": "cy.get('.color:not(:first-child)').each(function (color) {\n  cy.wrap(color).should('not.have.class', 'selected');\n});",
              "err": {
                "message": "CypressError: Timed out retrying: Expected to find element: '.color:not(:first-child)', but never found it.",
                "estack": "CypressError: Timed out retrying: Expected to find element: '.color:not(:first-child)', but never found it.\n    at cypressErr (http://localhost:57362/__cypress/runner/cypress_runner.js:149934:9)\n    at throwErr (http://localhost:57362/__cypress/runner/cypress_runner.js:149867:11)\n    at Object.throwErrByPath (http://localhost:57362/__cypress/runner/cypress_runner.js:149915:3)\n    at retry (http://localhost:57362/__cypress/runner/cypress_runner.js:144197:19)\n    at onFailFn (http://localhost:57362/__cypress/runner/cypress_runner.js:132448:16)\n    at tryCatcher (http://localhost:57362/__cypress/runner/cypress_runner.js:167415:23)\n    at Promise._settlePromiseFromHandler (http://localhost:57362/__cypress/runner/cypress_runner.js:165351:31)\n    at Promise._settlePromise (http://localhost:57362/__cypress/runner/cypress_runner.js:165408:18)\n    at Promise._settlePromise0 (http://localhost:57362/__cypress/runner/cypress_runner.js:165453:10)\n    at Promise._settlePromises (http://localhost:57362/__cypress/runner/cypress_runner.js:165528:18)\n    at Async../node_modules/bluebird/js/release/async.js.Async._drainQueue (http://localhost:57362/__cypress/runner/cypress_runner.js:162140:16)\n    at Async../node_modules/bluebird/js/release/async.js.Async._drainQueues (http://localhost:57362/__cypress/runner/cypress_runner.js:162150:10)\n    at Async.drainQueues (http://localhost:57362/__cypress/runner/cypress_runner.js:162024:14)",
                "diff": null
              },
              "uuid": "deb77d20-1f0b-4c31-9897-c25ab74e0b85",
              "parentUUID": "a0fc8c84-b638-4536-a487-47261e511232",
              "isHook": false,
              "skipped": false
            }
          ],
          "suites": [],
          "passes": [],
          "failures": [
            "440c43a6-e35b-4d73-81fe-5698b659d37e",
            "deb77d20-1f0b-4c31-9897-c25ab74e0b85"
          ],
          "pending": [],
          "skipped": [],
          "duration": 9785,
          "root": false,
          "rootEmpty": false,
          "_timeout": 2000
        },
        {
          "uuid": "a63dcaff-d222-4602-957b-01761447047b",
          "title": "7 - Clicar em uma das cores da paleta, faz com que ela seja selecionada e utilizada para preencher os pixels no quadro.",
          "fullFile": "",
          "file": "",
          "beforeHooks": [],
          "afterHooks": [],
          "tests": [
            {
              "title": "Verifica se somente uma cor da paleta de cores tem a classe `selected` de cada vez",
              "fullTitle": "7 - Clicar em uma das cores da paleta, faz com que ela seja selecionada e utilizada para preencher os pixels no quadro. Verifica se somente uma cor da paleta de cores tem a classe `selected` de cada vez",
              "timedOut": null,
              "duration": 4887,
              "state": "failed",
              "speed": null,
              "pass": false,
              "fail": true,
              "pending": false,
              "context": null,
              "code": "cy.get('.color').each(function (selectedColor, selectedColorIndex) {\n  cy.wrap(selectedColor).click();\n  cy.get('.color').each(function (color, colorIndex) {\n    if (colorIndex === selectedColorIndex) {\n      expect(color).to.have[\"class\"]('selected');\n    } else {\n      expect(color).not.to.have[\"class\"]('selected');\n    }\n  });\n});",
              "err": {
                "message": "CypressError: Timed out retrying: Expected to find element: '.color', but never found it.",
                "estack": "CypressError: Timed out retrying: Expected to find element: '.color', but never found it.\n    at cypressErr (http://localhost:57362/__cypress/runner/cypress_runner.js:149934:9)\n    at throwErr (http://localhost:57362/__cypress/runner/cypress_runner.js:149867:11)\n    at Object.throwErrByPath (http://localhost:57362/__cypress/runner/cypress_runner.js:149915:3)\n    at retry (http://localhost:57362/__cypress/runner/cypress_runner.js:144197:19)\n    at onFailFn (http://localhost:57362/__cypress/runner/cypress_runner.js:132448:16)\n    at tryCatcher (http://localhost:57362/__cypress/runner/cypress_runner.js:167415:23)\n    at Promise._settlePromiseFromHandler (http://localhost:57362/__cypress/runner/cypress_runner.js:165351:31)\n    at Promise._settlePromise (http://localhost:57362/__cypress/runner/cypress_runner.js:165408:18)\n    at Promise._settlePromise0 (http://localhost:57362/__cypress/runner/cypress_runner.js:165453:10)\n    at Promise._settlePromises (http://localhost:57362/__cypress/runner/cypress_runner.js:165528:18)\n    at Async../node_modules/bluebird/js/release/async.js.Async._drainQueue (http://localhost:57362/__cypress/runner/cypress_runner.js:162140:16)\n    at Async../node_modules/bluebird/js/release/async.js.Async._drainQueues (http://localhost:57362/__cypress/runner/cypress_runner.js:162150:10)\n    at Async.drainQueues (http://localhost:57362/__cypress/runner/cypress_runner.js:162024:14)",
                "diff": null
              },
              "uuid": "cff15157-5960-498e-84c6-df8849c51630",
              "parentUUID": "a63dcaff-d222-4602-957b-01761447047b",
              "isHook": false,
              "skipped": false
            },
            {
              "title": "Verifica se os pixels dentro do quadro não têm a classe `selected` quando são clicados",
              "fullTitle": "7 - Clicar em uma das cores da paleta, faz com que ela seja selecionada e utilizada para preencher os pixels no quadro. Verifica se os pixels dentro do quadro não têm a classe `selected` quando são clicados",
              "timedOut": null,
              "duration": 5142,
              "state": "failed",
              "speed": null,
              "pass": false,
              "fail": true,
              "pending": false,
              "context": null,
              "code": "cy.get('.color').each(function (color) {\n  var backgroundColor = color.css('background-color');\n  cy.wrap(color).click();\n  cy.get('.pixel').each(function (pixel) {\n    cy.wrap(pixel).click().should('not.have.class', 'selected');\n  });\n});",
              "err": {
                "message": "CypressError: Timed out retrying: Expected to find element: '.color', but never found it.",
                "estack": "CypressError: Timed out retrying: Expected to find element: '.color', but never found it.\n    at cypressErr (http://localhost:57362/__cypress/runner/cypress_runner.js:149934:9)\n    at throwErr (http://localhost:57362/__cypress/runner/cypress_runner.js:149867:11)\n    at Object.throwErrByPath (http://localhost:57362/__cypress/runner/cypress_runner.js:149915:3)\n    at retry (http://localhost:57362/__cypress/runner/cypress_runner.js:144197:19)\n    at onFailFn (http://localhost:57362/__cypress/runner/cypress_runner.js:132448:16)\n    at tryCatcher (http://localhost:57362/__cypress/runner/cypress_runner.js:167415:23)\n    at Promise._settlePromiseFromHandler (http://localhost:57362/__cypress/runner/cypress_runner.js:165351:31)\n    at Promise._settlePromise (http://localhost:57362/__cypress/runner/cypress_runner.js:165408:18)\n    at Promise._settlePromise0 (http://localhost:57362/__cypress/runner/cypress_runner.js:165453:10)\n    at Promise._settlePromises (http://localhost:57362/__cypress/runner/cypress_runner.js:165528:18)\n    at Async../node_modules/bluebird/js/release/async.js.Async._drainQueue (http://localhost:57362/__cypress/runner/cypress_runner.js:162140:16)\n    at Async../node_modules/bluebird/js/release/async.js.Async._drainQueues (http://localhost:57362/__cypress/runner/cypress_runner.js:162150:10)\n    at Async.drainQueues (http://localhost:57362/__cypress/runner/cypress_runner.js:162024:14)",
                "diff": null
              },
              "uuid": "addeb72d-6613-434e-a120-aa9163e8cdec",
              "parentUUID": "a63dcaff-d222-4602-957b-01761447047b",
              "isHook": false,
              "skipped": false
            }
          ],
          "suites": [],
          "passes": [],
          "failures": [
            "cff15157-5960-498e-84c6-df8849c51630",
            "addeb72d-6613-434e-a120-aa9163e8cdec"
          ],
          "pending": [],
          "skipped": [],
          "duration": 10029,
          "root": false,
          "rootEmpty": false,
          "_timeout": 2000
        },
        {
          "uuid": "652504aa-b04b-4a51-9378-dd0118dc3fb2",
          "title": "8 - Clicar em um pixel dentro do quadro após selecionar uma cor na paleta, faz com que o pixel seja preenchido com a cor selecionada.",
          "fullFile": "",
          "file": "",
          "beforeHooks": [],
          "afterHooks": [],
          "tests": [
            {
              "title": "Verifica se ao carregar a página deve ser possível pintar os pixels de preto",
              "fullTitle": "8 - Clicar em um pixel dentro do quadro após selecionar uma cor na paleta, faz com que o pixel seja preenchido com a cor selecionada. Verifica se ao carregar a página deve ser possível pintar os pixels de preto",
              "timedOut": null,
              "duration": 5049,
              "state": "failed",
              "speed": null,
              "pass": false,
              "fail": true,
              "pending": false,
              "context": null,
              "code": "cy.get('.pixel').each(function (pixel) {\n  cy.wrap(pixel).click().should('have.css', 'background-color', BLACK);\n});",
              "err": {
                "message": "CypressError: Timed out retrying: Expected to find element: '.pixel', but never found it.",
                "estack": "CypressError: Timed out retrying: Expected to find element: '.pixel', but never found it.\n    at cypressErr (http://localhost:57362/__cypress/runner/cypress_runner.js:149934:9)\n    at throwErr (http://localhost:57362/__cypress/runner/cypress_runner.js:149867:11)\n    at Object.throwErrByPath (http://localhost:57362/__cypress/runner/cypress_runner.js:149915:3)\n    at retry (http://localhost:57362/__cypress/runner/cypress_runner.js:144197:19)\n    at onFailFn (http://localhost:57362/__cypress/runner/cypress_runner.js:132448:16)\n    at tryCatcher (http://localhost:57362/__cypress/runner/cypress_runner.js:167415:23)\n    at Promise._settlePromiseFromHandler (http://localhost:57362/__cypress/runner/cypress_runner.js:165351:31)\n    at Promise._settlePromise (http://localhost:57362/__cypress/runner/cypress_runner.js:165408:18)\n    at Promise._settlePromise0 (http://localhost:57362/__cypress/runner/cypress_runner.js:165453:10)\n    at Promise._settlePromises (http://localhost:57362/__cypress/runner/cypress_runner.js:165528:18)\n    at Async../node_modules/bluebird/js/release/async.js.Async._drainQueue (http://localhost:57362/__cypress/runner/cypress_runner.js:162140:16)\n    at Async../node_modules/bluebird/js/release/async.js.Async._drainQueues (http://localhost:57362/__cypress/runner/cypress_runner.js:162150:10)\n    at Async.drainQueues (http://localhost:57362/__cypress/runner/cypress_runner.js:162024:14)",
                "diff": null
              },
              "uuid": "56f47775-2e63-4cc5-8012-4b12dd8acf56",
              "parentUUID": "652504aa-b04b-4a51-9378-dd0118dc3fb2",
              "isHook": false,
              "skipped": false
            },
            {
              "title": "Verifica se após selecionar uma outra cor na paleta, é possível pintar os pixels com essa cor",
              "fullTitle": "8 - Clicar em um pixel dentro do quadro após selecionar uma cor na paleta, faz com que o pixel seja preenchido com a cor selecionada. Verifica se após selecionar uma outra cor na paleta, é possível pintar os pixels com essa cor",
              "timedOut": null,
              "duration": 4924,
              "state": "failed",
              "speed": null,
              "pass": false,
              "fail": true,
              "pending": false,
              "context": null,
              "code": "cy.get('.color').each(function (color) {\n  var backgroundColor = color.css('background-color');\n  cy.wrap(color).click();\n  cy.get('.pixel').each(function (pixel) {\n    cy.wrap(pixel).click().should('have.css', 'background-color', backgroundColor);\n  });\n});",
              "err": {
                "message": "CypressError: Timed out retrying: Expected to find element: '.color', but never found it.",
                "estack": "CypressError: Timed out retrying: Expected to find element: '.color', but never found it.\n    at cypressErr (http://localhost:57362/__cypress/runner/cypress_runner.js:149934:9)\n    at throwErr (http://localhost:57362/__cypress/runner/cypress_runner.js:149867:11)\n    at Object.throwErrByPath (http://localhost:57362/__cypress/runner/cypress_runner.js:149915:3)\n    at retry (http://localhost:57362/__cypress/runner/cypress_runner.js:144197:19)\n    at onFailFn (http://localhost:57362/__cypress/runner/cypress_runner.js:132448:16)\n    at tryCatcher (http://localhost:57362/__cypress/runner/cypress_runner.js:167415:23)\n    at Promise._settlePromiseFromHandler (http://localhost:57362/__cypress/runner/cypress_runner.js:165351:31)\n    at Promise._settlePromise (http://localhost:57362/__cypress/runner/cypress_runner.js:165408:18)\n    at Promise._settlePromise0 (http://localhost:57362/__cypress/runner/cypress_runner.js:165453:10)\n    at Promise._settlePromises (http://localhost:57362/__cypress/runner/cypress_runner.js:165528:18)\n    at Async../node_modules/bluebird/js/release/async.js.Async._drainQueue (http://localhost:57362/__cypress/runner/cypress_runner.js:162140:16)\n    at Async../node_modules/bluebird/js/release/async.js.Async._drainQueues (http://localhost:57362/__cypress/runner/cypress_runner.js:162150:10)\n    at Async.drainQueues (http://localhost:57362/__cypress/runner/cypress_runner.js:162024:14)",
                "diff": null
              },
              "uuid": "1b4a2bd2-56f2-47ff-b4a5-d410b1173c6d",
              "parentUUID": "652504aa-b04b-4a51-9378-dd0118dc3fb2",
              "isHook": false,
              "skipped": false
            },
            {
              "title": "Verifica se somente o pixel que foi clicado foi preenchido com a cor selecionada, sem influenciar na cor dos demais pixels.",
              "fullTitle": "8 - Clicar em um pixel dentro do quadro após selecionar uma cor na paleta, faz com que o pixel seja preenchido com a cor selecionada. Verifica se somente o pixel que foi clicado foi preenchido com a cor selecionada, sem influenciar na cor dos demais pixels.",
              "timedOut": null,
              "duration": 4978,
              "state": "failed",
              "speed": null,
              "pass": false,
              "fail": true,
              "pending": false,
              "context": null,
              "code": "var colorToPixelIndexMap = {\n  0: 6,\n  1: 8,\n  2: 16,\n  3: 18\n};\ncy.get('.color').each(function (color, index) {\n  cy.wrap(color).click();\n  var backgroundColor = color.css('background-color');\n  var clickedPixelIndex = colorToPixelIndexMap[index];\n  cy.get('.pixel').eq(clickedPixelIndex).click();\n  cy.get('.pixel').eq(clickedPixelIndex - 1).should('not.have.css', 'background-color', backgroundColor);\n  cy.get('.pixel').eq(clickedPixelIndex + 1).should('not.have.css', 'background-color', backgroundColor);\n  cy.get('.pixel').eq(clickedPixelIndex - 5).should('not.have.css', 'background-color', backgroundColor);\n  cy.get('.pixel').eq(clickedPixelIndex + 5).should('not.have.css', 'background-color', backgroundColor);\n  cy.get('.pixel').eq(clickedPixelIndex - 6).should('not.have.css', 'background-color', backgroundColor);\n  cy.get('.pixel').eq(clickedPixelIndex - 4).should('not.have.css', 'background-color', backgroundColor);\n  cy.get('.pixel').eq(clickedPixelIndex + 4).should('not.have.css', 'background-color', backgroundColor);\n  cy.get('.pixel').eq(clickedPixelIndex + 6).should('not.have.css', 'background-color', backgroundColor);\n});",
              "err": {
                "message": "CypressError: Timed out retrying: Expected to find element: '.color', but never found it.",
                "estack": "CypressError: Timed out retrying: Expected to find element: '.color', but never found it.\n    at cypressErr (http://localhost:57362/__cypress/runner/cypress_runner.js:149934:9)\n    at throwErr (http://localhost:57362/__cypress/runner/cypress_runner.js:149867:11)\n    at Object.throwErrByPath (http://localhost:57362/__cypress/runner/cypress_runner.js:149915:3)\n    at retry (http://localhost:57362/__cypress/runner/cypress_runner.js:144197:19)\n    at onFailFn (http://localhost:57362/__cypress/runner/cypress_runner.js:132448:16)\n    at tryCatcher (http://localhost:57362/__cypress/runner/cypress_runner.js:167415:23)\n    at Promise._settlePromiseFromHandler (http://localhost:57362/__cypress/runner/cypress_runner.js:165351:31)\n    at Promise._settlePromise (http://localhost:57362/__cypress/runner/cypress_runner.js:165408:18)\n    at Promise._settlePromise0 (http://localhost:57362/__cypress/runner/cypress_runner.js:165453:10)\n    at Promise._settlePromises (http://localhost:57362/__cypress/runner/cypress_runner.js:165528:18)\n    at Async../node_modules/bluebird/js/release/async.js.Async._drainQueue (http://localhost:57362/__cypress/runner/cypress_runner.js:162140:16)\n    at Async../node_modules/bluebird/js/release/async.js.Async._drainQueues (http://localhost:57362/__cypress/runner/cypress_runner.js:162150:10)\n    at Async.drainQueues (http://localhost:57362/__cypress/runner/cypress_runner.js:162024:14)",
                "diff": null
              },
              "uuid": "18f8d0e3-2fdc-4503-b639-8488c6d35ec7",
              "parentUUID": "652504aa-b04b-4a51-9378-dd0118dc3fb2",
              "isHook": false,
              "skipped": false
            }
          ],
          "suites": [],
          "passes": [],
          "failures": [
            "56f47775-2e63-4cc5-8012-4b12dd8acf56",
            "1b4a2bd2-56f2-47ff-b4a5-d410b1173c6d",
            "18f8d0e3-2fdc-4503-b639-8488c6d35ec7"
          ],
          "pending": [],
          "skipped": [],
          "duration": 14951,
          "root": false,
          "rootEmpty": false,
          "_timeout": 2000
        },
        {
          "uuid": "5d217d6a-9466-481e-9fba-b499750b1cf0",
          "title": "9 - Crie um botão que, ao ser clicado, limpa o quadro preenchendo a cor de todos seus pixels com branco.",
          "fullFile": "",
          "file": "",
          "beforeHooks": [],
          "afterHooks": [],
          "tests": [
            {
              "title": "Verifica se o botão tem o `id` denominado `clear-board`",
              "fullTitle": "9 - Crie um botão que, ao ser clicado, limpa o quadro preenchendo a cor de todos seus pixels com branco. Verifica se o botão tem o `id` denominado `clear-board`",
              "timedOut": null,
              "duration": 5028,
              "state": "failed",
              "speed": null,
              "pass": false,
              "fail": true,
              "pending": false,
              "context": null,
              "code": "cy.get('#clear-board').should('be.visible');",
              "err": {
                "message": "CypressError: Timed out retrying: Expected to find element: '#clear-board', but never found it.",
                "estack": "CypressError: Timed out retrying: Expected to find element: '#clear-board', but never found it.\n    at cypressErr (http://localhost:57362/__cypress/runner/cypress_runner.js:149934:9)\n    at throwErr (http://localhost:57362/__cypress/runner/cypress_runner.js:149867:11)\n    at Object.throwErrByPath (http://localhost:57362/__cypress/runner/cypress_runner.js:149915:3)\n    at retry (http://localhost:57362/__cypress/runner/cypress_runner.js:144197:19)\n    at onFailFn (http://localhost:57362/__cypress/runner/cypress_runner.js:132448:16)\n    at tryCatcher (http://localhost:57362/__cypress/runner/cypress_runner.js:167415:23)\n    at Promise._settlePromiseFromHandler (http://localhost:57362/__cypress/runner/cypress_runner.js:165351:31)\n    at Promise._settlePromise (http://localhost:57362/__cypress/runner/cypress_runner.js:165408:18)\n    at Promise._settlePromise0 (http://localhost:57362/__cypress/runner/cypress_runner.js:165453:10)\n    at Promise._settlePromises (http://localhost:57362/__cypress/runner/cypress_runner.js:165528:18)\n    at Async../node_modules/bluebird/js/release/async.js.Async._drainQueue (http://localhost:57362/__cypress/runner/cypress_runner.js:162140:16)\n    at Async../node_modules/bluebird/js/release/async.js.Async._drainQueues (http://localhost:57362/__cypress/runner/cypress_runner.js:162150:10)\n    at Async.drainQueues (http://localhost:57362/__cypress/runner/cypress_runner.js:162024:14)",
                "diff": null
              },
              "uuid": "cf0c2106-614d-43a6-948b-0d29f886cd95",
              "parentUUID": "5d217d6a-9466-481e-9fba-b499750b1cf0",
              "isHook": false,
              "skipped": false
            },
            {
              "title": "Verifica se o botão está posicionado entre a paleta de cores e o quadro de pixels",
              "fullTitle": "9 - Crie um botão que, ao ser clicado, limpa o quadro preenchendo a cor de todos seus pixels com branco. Verifica se o botão está posicionado entre a paleta de cores e o quadro de pixels",
              "timedOut": null,
              "duration": 5180,
              "state": "failed",
              "speed": null,
              "pass": false,
              "fail": true,
              "pending": false,
              "context": null,
              "code": "cy.get('#color-palette').then(function (palette) {\n  cy.get('#clear-board').should('be.belowOf', palette);\n});\ncy.get('#clear-board').then(function (clearBtn) {\n  cy.get('#pixel-board').should('be.belowOf', clearBtn);\n});",
              "err": {
                "message": "CypressError: Timed out retrying: Expected to find element: '#color-palette', but never found it.",
                "estack": "CypressError: Timed out retrying: Expected to find element: '#color-palette', but never found it.\n    at cypressErr (http://localhost:57362/__cypress/runner/cypress_runner.js:149934:9)\n    at throwErr (http://localhost:57362/__cypress/runner/cypress_runner.js:149867:11)\n    at Object.throwErrByPath (http://localhost:57362/__cypress/runner/cypress_runner.js:149915:3)\n    at retry (http://localhost:57362/__cypress/runner/cypress_runner.js:144197:19)\n    at onFailFn (http://localhost:57362/__cypress/runner/cypress_runner.js:132448:16)\n    at tryCatcher (http://localhost:57362/__cypress/runner/cypress_runner.js:167415:23)\n    at Promise._settlePromiseFromHandler (http://localhost:57362/__cypress/runner/cypress_runner.js:165351:31)\n    at Promise._settlePromise (http://localhost:57362/__cypress/runner/cypress_runner.js:165408:18)\n    at Promise._settlePromise0 (http://localhost:57362/__cypress/runner/cypress_runner.js:165453:10)\n    at Promise._settlePromises (http://localhost:57362/__cypress/runner/cypress_runner.js:165528:18)\n    at Async../node_modules/bluebird/js/release/async.js.Async._drainQueue (http://localhost:57362/__cypress/runner/cypress_runner.js:162140:16)\n    at Async../node_modules/bluebird/js/release/async.js.Async._drainQueues (http://localhost:57362/__cypress/runner/cypress_runner.js:162150:10)\n    at Async.drainQueues (http://localhost:57362/__cypress/runner/cypress_runner.js:162024:14)",
                "diff": null
              },
              "uuid": "1e81cf1c-f152-434a-a823-d19e2a6e69d6",
              "parentUUID": "5d217d6a-9466-481e-9fba-b499750b1cf0",
              "isHook": false,
              "skipped": false
            },
            {
              "title": "Verifica se o texto do botão é 'Limpar'",
              "fullTitle": "9 - Crie um botão que, ao ser clicado, limpa o quadro preenchendo a cor de todos seus pixels com branco. Verifica se o texto do botão é 'Limpar'",
              "timedOut": null,
              "duration": 4929,
              "state": "failed",
              "speed": null,
              "pass": false,
              "fail": true,
              "pending": false,
              "context": null,
              "code": "cy.get('#clear-board').should('contain.text', 'Limpar');",
              "err": {
                "message": "CypressError: Timed out retrying: Expected to find element: '#clear-board', but never found it.",
                "estack": "CypressError: Timed out retrying: Expected to find element: '#clear-board', but never found it.\n    at cypressErr (http://localhost:57362/__cypress/runner/cypress_runner.js:149934:9)\n    at throwErr (http://localhost:57362/__cypress/runner/cypress_runner.js:149867:11)\n    at Object.throwErrByPath (http://localhost:57362/__cypress/runner/cypress_runner.js:149915:3)\n    at retry (http://localhost:57362/__cypress/runner/cypress_runner.js:144197:19)\n    at onFailFn (http://localhost:57362/__cypress/runner/cypress_runner.js:132448:16)\n    at tryCatcher (http://localhost:57362/__cypress/runner/cypress_runner.js:167415:23)\n    at Promise._settlePromiseFromHandler (http://localhost:57362/__cypress/runner/cypress_runner.js:165351:31)\n    at Promise._settlePromise (http://localhost:57362/__cypress/runner/cypress_runner.js:165408:18)\n    at Promise._settlePromise0 (http://localhost:57362/__cypress/runner/cypress_runner.js:165453:10)\n    at Promise._settlePromises (http://localhost:57362/__cypress/runner/cypress_runner.js:165528:18)\n    at Async../node_modules/bluebird/js/release/async.js.Async._drainQueue (http://localhost:57362/__cypress/runner/cypress_runner.js:162140:16)\n    at Async../node_modules/bluebird/js/release/async.js.Async._drainQueues (http://localhost:57362/__cypress/runner/cypress_runner.js:162150:10)\n    at Async.drainQueues (http://localhost:57362/__cypress/runner/cypress_runner.js:162024:14)",
                "diff": null
              },
              "uuid": "092d1bf0-113c-4011-8098-f96a1752f69b",
              "parentUUID": "5d217d6a-9466-481e-9fba-b499750b1cf0",
              "isHook": false,
              "skipped": false
            },
            {
              "title": "Verifica se ao clicar no botão, o quadro de pixels é totalmente preenchido de branco",
              "fullTitle": "9 - Crie um botão que, ao ser clicado, limpa o quadro preenchendo a cor de todos seus pixels com branco. Verifica se ao clicar no botão, o quadro de pixels é totalmente preenchido de branco",
              "timedOut": null,
              "duration": 4760,
              "state": "failed",
              "speed": null,
              "pass": false,
              "fail": true,
              "pending": false,
              "context": null,
              "code": "cy.get('.color').eq(1).then(function (color) {\n  var backgroundColor = color.css('background-color');\n  cy.wrap(color).click();\n  cy.get('.pixel').each(function (pixel) {\n    cy.wrap(pixel).click().should('have.css', 'background-color', backgroundColor);\n  });\n});\ncy.get('#clear-board').click();\ncy.get('.pixel').each(function (pixel) {\n  cy.wrap(pixel).should('have.css', 'background-color', WHITE);\n});",
              "err": {
                "message": "CypressError: Timed out retrying: Expected to find element: '.color', but never found it.",
                "estack": "CypressError: Timed out retrying: Expected to find element: '.color', but never found it.\n    at cypressErr (http://localhost:57362/__cypress/runner/cypress_runner.js:149934:9)\n    at throwErr (http://localhost:57362/__cypress/runner/cypress_runner.js:149867:11)\n    at Object.throwErrByPath (http://localhost:57362/__cypress/runner/cypress_runner.js:149915:3)\n    at retry (http://localhost:57362/__cypress/runner/cypress_runner.js:144197:19)\n    at onFailFn (http://localhost:57362/__cypress/runner/cypress_runner.js:132448:16)\n    at tryCatcher (http://localhost:57362/__cypress/runner/cypress_runner.js:167415:23)\n    at Promise._settlePromiseFromHandler (http://localhost:57362/__cypress/runner/cypress_runner.js:165351:31)\n    at Promise._settlePromise (http://localhost:57362/__cypress/runner/cypress_runner.js:165408:18)\n    at Promise._settlePromise0 (http://localhost:57362/__cypress/runner/cypress_runner.js:165453:10)\n    at Promise._settlePromises (http://localhost:57362/__cypress/runner/cypress_runner.js:165528:18)\n    at Async../node_modules/bluebird/js/release/async.js.Async._drainQueue (http://localhost:57362/__cypress/runner/cypress_runner.js:162140:16)\n    at Async../node_modules/bluebird/js/release/async.js.Async._drainQueues (http://localhost:57362/__cypress/runner/cypress_runner.js:162150:10)\n    at Async.drainQueues (http://localhost:57362/__cypress/runner/cypress_runner.js:162024:14)",
                "diff": null
              },
              "uuid": "7e51938a-3ef5-43d2-966f-a551069b86bb",
              "parentUUID": "5d217d6a-9466-481e-9fba-b499750b1cf0",
              "isHook": false,
              "skipped": false
            }
          ],
          "suites": [],
          "passes": [],
          "failures": [
            "cf0c2106-614d-43a6-948b-0d29f886cd95",
            "1e81cf1c-f152-434a-a823-d19e2a6e69d6",
            "092d1bf0-113c-4011-8098-f96a1752f69b",
            "7e51938a-3ef5-43d2-966f-a551069b86bb"
          ],
          "pending": [],
          "skipped": [],
          "duration": 19897,
          "root": false,
          "rootEmpty": false,
          "_timeout": 2000
        },
        {
          "uuid": "af539ff1-ac55-46c7-89e6-a91465789a2a",
          "title": "10 - Faça o quadro de pixels ter seu tamanho definido pelo usuário.",
          "fullFile": "",
          "file": "",
          "beforeHooks": [],
          "afterHooks": [],
          "tests": [
            {
              "title": "Verifica se existe um input com o id `board-size`",
              "fullTitle": "10 - Faça o quadro de pixels ter seu tamanho definido pelo usuário. Verifica se existe um input com o id `board-size`",
              "timedOut": null,
              "duration": 4833,
              "state": "failed",
              "speed": null,
              "pass": false,
              "fail": true,
              "pending": false,
              "context": null,
              "code": "cy.get('#board-size').should('be.visible');",
              "err": {
                "message": "CypressError: Timed out retrying: Expected to find element: '#board-size', but never found it.",
[...]
                "diff": null
              },
              "uuid": "eceed7b1-e659-49ec-83d0-81b34031034e",
              "parentUUID": "af539ff1-ac55-46c7-89e6-a91465789a2a",
              "isHook": false,
              "skipped": false
            },
            {
              "title": "Verifica se o novo quadro tem todos os pixels preenchidos com a cor branca",
              "fullTitle": "10 - Faça o quadro de pixels ter seu tamanho definido pelo usuário. Verifica se o novo quadro tem todos os pixels preenchidos com a cor branca",
              "timedOut": null,
              "duration": 4828,
              "state": "failed",
              "speed": null,
              "pass": false,
              "fail": true,
              "pending": false,
              "context": null,
              "code": "cy.get('#board-size').clear().type(6);\ncy.get('#generate-board').click();\ncy.get('.pixel').should('have.length', 36).each(function (pixel) {\n  expect(pixel).to.have.css('background-color', WHITE);\n});",
              "err": {
                "message": "CypressError: Timed out retrying: Expected to find element: '#board-size', but never found it.",
                "estack": "CypressError: Timed out retrying: Expected to find element: '#board-size', but never found it.\n    at cypressErr (http://localhost:57362/__cypress/runner/cypress_runner.js:149934:9)\n    at throwErr (http://localhost:57362/__cypress/runner/cypress_runner.js:149867:11)\n    at Object.throwErrByPath (http://localhost:57362/__cypress/runner/cypress_runner.js:149915:3)\n    at retry (http://localhost:57362/__cypress/runner/cypress_runner.js:144197:19)\n    at onFailFn (http://localhost:57362/__cypress/runner/cypress_runner.js:132448:16)\n    at tryCatcher (http://localhost:57362/__cypress/runner/cypress_runner.js:167415:23)\n    at Promise._settlePromiseFromHandler (http://localhost:57362/__cypress/runner/cypress_runner.js:165351:31)\n    at Promise._settlePromise (http://localhost:57362/__cypress/runner/cypress_runner.js:165408:18)\n    at Promise._settlePromise0 (http://localhost:57362/__cypress/runner/cypress_runner.js:165453:10)\n    at Promise._settlePromises (http://localhost:57362/__cypress/runner/cypress_runner.js:165528:18)\n    at Async../node_modules/bluebird/js/release/async.js.Async._drainQueue (http://localhost:57362/__cypress/runner/cypress_runner.js:162140:16)\n    at Async../node_modules/bluebird/js/release/async.js.Async._drainQueues (http://localhost:57362/__cypress/runner/cypress_runner.js:162150:10)\n    at Async.drainQueues (http://localhost:57362/__cypress/runner/cypress_runner.js:162024:14)",
                "diff": null
              },
              "uuid": "912b7972-f342-4003-bed6-4b4f1d8f628a",
              "parentUUID": "af539ff1-ac55-46c7-89e6-a91465789a2a",
              "isHook": false,
              "skipped": false
            }
          ],
          "suites": [],
          "passes": [],
          "failures": [
            "b96e6ac2-8e85-4c06-a41c-67c9e7d96be4",
            "d4a5ae1d-b611-4a6c-a4a5-ad91c2156ad6",
            "b0abd5f2-9e25-4557-b96f-0d6f9c0ae693",
            "5df354f7-93b2-4b20-bfe1-3882d0bcd3a7",
            "8df124ba-0777-4815-b71e-f5118c39edbf",
            "c0ed23a7-99af-45f4-b68d-d5255e556e49",
            "207defb8-0ed8-4acf-b1fb-94cf4f7bbec8",
            "eceed7b1-e659-49ec-83d0-81b34031034e",
            "912b7972-f342-4003-bed6-4b4f1d8f628a"
          ],
          "pending": [],
          "skipped": [],
          "duration": 43195,
          "root": false,
          "rootEmpty": false,
          "_timeout": 2000
        },
        {
          "uuid": "512a0c5a-5ed3-49c3-8c79-23c1be379208",
          "title": "11 - Limite o tamanho mínimo e máximo do board.",
          "fullFile": "",
          "file": "",
          "beforeHooks": [],
          "afterHooks": [],
          "tests": [
            {
              "title": "Verifica se a altura máxima do board é 50",
              "fullTitle": "11 - Limite o tamanho mínimo e máximo do board. Verifica se a altura máxima do board é 50",
              "timedOut": null,
              "duration": 4905,
              "state": "failed",
              "speed": null,
              "pass": false,
              "fail": true,
              "pending": false,
              "context": null,
              "code": "cy.get('#board-size').clear().type(50);\ncy.get('#generate-board').click();\ncy.get('.pixel').should('have.length', 2500);",
              "err": {
                "message": "CypressError: Timed out retrying: Expected to find element: '#board-size', but never found it.",
                "estack": "CypressError: Timed out retrying: Expected to find element: '#board-size', but never found it.\n    at cypressErr (http://localhost:57362/__cypress/runner/cypress_runner.js:149934:9)\n    at throwErr (http://localhost:57362/__cypress/runner/cypress_runner.js:149867:11)\n    at Object.throwErrByPath (http://localhost:57362/__cypress/runner/cypress_runner.js:149915:3)\n    at retry (http://localhost:57362/__cypress/runner/cypress_runner.js:144197:19)\n    at onFailFn (http://localhost:57362/__cypress/runner/cypress_runner.js:132448:16)\n    at tryCatcher (http://localhost:57362/__cypress/runner/cypress_runner.js:167415:23)\n    at Promise._settlePromiseFromHandler (http://localhost:57362/__cypress/runner/cypress_runner.js:165351:31)\n    at Promise._settlePromise (http://localhost:57362/__cypress/runner/cypress_runner.js:165408:18)\n    at Promise._settlePromise0 (http://localhost:57362/__cypress/runner/cypress_runner.js:165453:10)\n    at Promise._settlePromises (http://localhost:57362/__cypress/runner/cypress_runner.js:165528:18)\n    at Async../node_modules/bluebird/js/release/async.js.Async._drainQueue (http://localhost:57362/__cypress/runner/cypress_runner.js:162140:16)\n    at Async../node_modules/bluebird/js/release/async.js.Async._drainQueues (http://localhost:57362/__cypress/runner/cypress_runner.js:162150:10)\n    at Async.drainQueues (http://localhost:57362/__cypress/runner/cypress_runner.js:162024:14)",
                "diff": null
              },
              "uuid": "21862149-9ac6-4ce1-b916-f8ae2038062c",
              "parentUUID": "512a0c5a-5ed3-49c3-8c79-23c1be379208",
              "isHook": false,
              "skipped": false
            },
            {
              "title": "Verifica se a altura do board é 5 quando um valor menor é colocado no input",
              "fullTitle": "11 - Limite o tamanho mínimo e máximo do board. Verifica se a altura do board é 5 quando um valor menor é colocado no input",
              "timedOut": null,
              "duration": 4932,
              "state": "failed",
              "speed": null,
              "pass": false,
              "fail": true,
              "pending": false,
              "context": null,
              "code": "cy.get('#board-size').clear().type(4);\ncy.get('#generate-board').click();\ncy.get('.pixel').should('have.length', 25);",
              "err": {
                "message": "CypressError: Timed out retrying: Expected to find element: '#board-size', but never found it.",
                "estack": "CypressError: Timed out retrying: Expected to find element: '#board-size', but never found it.\n    at cypressErr (http://localhost:57362/__cypress/runner/cypress_runner.js:149934:9)\n    at throwErr (http://localhost:57362/__cypress/runner/cypress_runner.js:149867:11)\n    at Object.throwErrByPath (http://localhost:57362/__cypress/runner/cypress_runner.js:149915:3)\n    at retry (http://localhost:57362/__cypress/runner/cypress_runner.js:144197:19)\n    at onFailFn (http://localhost:57362/__cypress/runner/cypress_runner.js:132448:16)\n    at tryCatcher (http://localhost:57362/__cypress/runner/cypress_runner.js:167415:23)\n    at Promise._settlePromiseFromHandler (http://localhost:57362/__cypress/runner/cypress_runner.js:165351:31)\n    at Promise._settlePromise (http://localhost:57362/__cypress/runner/cypress_runner.js:165408:18)\n    at Promise._settlePromise0 (http://localhost:57362/__cypress/runner/cypress_runner.js:165453:10)\n    at Promise._settlePromises (http://localhost:57362/__cypress/runner/cypress_runner.js:165528:18)\n    at Async../node_modules/bluebird/js/release/async.js.Async._drainQueue (http://localhost:57362/__cypress/runner/cypress_runner.js:162140:16)\n    at Async../node_modules/bluebird/js/release/async.js.Async._drainQueues (http://localhost:57362/__cypress/runner/cypress_runner.js:162150:10)\n    at Async.drainQueues (http://localhost:57362/__cypress/runner/cypress_runner.js:162024:14)",
                "diff": null
              },
              "uuid": "d8d384fe-ce17-4d5a-9f20-9b21400b9f6e",
              "parentUUID": "512a0c5a-5ed3-49c3-8c79-23c1be379208",
              "isHook": false,
              "skipped": false
            },
            {
              "title": "Verifica se a altura do board é 50 quando um valor maior é colocado no input",
              "fullTitle": "11 - Limite o tamanho mínimo e máximo do board. Verifica se a altura do board é 50 quando um valor maior é colocado no input",
              "timedOut": null,
              "duration": 4754,
              "state": "failed",
              "speed": null,
              "pass": false,
              "fail": true,
              "pending": false,
              "context": null,
              "code": "cy.get('#board-size').clear().type(51);\ncy.get('#generate-board').click();\ncy.get('.pixel').should('have.length', 2500);",
              "err": {
                "message": "CypressError: Timed out retrying: Expected to find element: '#board-size', but never found it.",
                "estack": "CypressError: Timed out retrying: Expected to find element: '#board-size', but never found it.\n    at cypressErr (http://localhost:57362/__cypress/runner/cypress_runner.js:149934:9)\n    at throwErr (http://localhost:57362/__cypress/runner/cypress_runner.js:149867:11)\n    at Object.throwErrByPath (http://localhost:57362/__cypress/runner/cypress_runner.js:149915:3)\n    at retry (http://localhost:57362/__cypress/runner/cypress_runner.js:144197:19)\n    at onFailFn (http://localhost:57362/__cypress/runner/cypress_runner.js:132448:16)\n    at tryCatcher (http://localhost:57362/__cypress/runner/cypress_runner.js:167415:23)\n    at Promise._settlePromiseFromHandler (http://localhost:57362/__cypress/runner/cypress_runner.js:165351:31)\n    at Promise._settlePromise (http://localhost:57362/__cypress/runner/cypress_runner.js:165408:18)\n    at Promise._settlePromise0 (http://localhost:57362/__cypress/runner/cypress_runner.js:165453:10)\n    at Promise._settlePromises (http://localhost:57362/__cypress/runner/cypress_runner.js:165528:18)\n    at Async../node_modules/bluebird/js/release/async.js.Async._drainQueue (http://localhost:57362/__cypress/runner/cypress_runner.js:162140:16)\n    at Async../node_modules/bluebird/js/release/async.js.Async._drainQueues (http://localhost:57362/__cypress/runner/cypress_runner.js:162150:10)\n    at Async.drainQueues (http://localhost:57362/__cypress/runner/cypress_runner.js:162024:14)",
                "diff": null
              },
              "uuid": "6eaa7d9d-8746-4f2e-8d39-f1277a300340",
              "parentUUID": "512a0c5a-5ed3-49c3-8c79-23c1be379208",
              "isHook": false,
              "skipped": false
            }
          ],
          "suites": [],
          "passes": [],
          "failures": [
            "21862149-9ac6-4ce1-b916-f8ae2038062c",
            "d8d384fe-ce17-4d5a-9f20-9b21400b9f6e",
            "6eaa7d9d-8746-4f2e-8d39-f1277a300340"
          ],
          "pending": [],
          "skipped": [],
          "duration": 14591,
          "root": false,
          "rootEmpty": false,
          "_timeout": 2000
        },
        {
          "uuid": "ec1ed6ae-3252-42cb-808d-6a2b4b413ecc",
          "title": "12 - Faça com que as cores da paleta sejam geradas aleatoriamente ao carregar a página.",
          "fullFile": "",
          "file": "",
          "beforeHooks": [],
          "afterHooks": [],
          "tests": [
            {
              "title": "Verifica se as cores geradas na paleta são diferentes a cada carregamento da página",
              "fullTitle": "12 - Faça com que as cores da paleta sejam geradas aleatoriamente ao carregar a página. Verifica se as cores geradas na paleta são diferentes a cada carregamento da página",
              "timedOut": null,
              "duration": 4865,
              "state": "failed",
              "speed": null,
              "pass": false,
              "fail": true,
              "pending": false,
              "context": null,
              "code": "cy.get('.color').then(function (colors) {\n  var currentColors;\n  var previousColors;\n  previousColors = Array.from(colors).map(function (color) {\n    return Cypress.$(color).css('background-color');\n  });\n  for (var i = 0; i < 5; i += 1) {\n    cy.reload();\n    cy.get('.color').then(function (colors) {\n      currentColors = Array.from(colors).map(function (color) {\n        return Cypress.$(color).css('background-color');\n      });\n      expect(currentColors).not.to.deep.equal(previousColors);\n      previousColors = currentColors;\n    });\n  }\n});",
              "err": {
                "message": "CypressError: Timed out retrying: Expected to find element: '.color', but never found it.",
                "estack": "CypressError: Timed out retrying: Expected to find element: '.color', but never found it.\n    at cypressErr (http://localhost:57362/__cypress/runner/cypress_runner.js:149934:9)\n    at throwErr (http://localhost:57362/__cypress/runner/cypress_runner.js:149867:11)\n    at Object.throwErrByPath (http://localhost:57362/__cypress/runner/cypress_runner.js:149915:3)\n    at retry (http://localhost:57362/__cypress/runner/cypress_runner.js:144197:19)\n    at onFailFn (http://localhost:57362/__cypress/runner/cypress_runner.js:132448:16)\n    at tryCatcher (http://localhost:57362/__cypress/runner/cypress_runner.js:167415:23)\n    at Promise._settlePromiseFromHandler (http://localhost:57362/__cypress/runner/cypress_runner.js:165351:31)\n    at Promise._settlePromise (http://localhost:57362/__cypress/runner/cypress_runner.js:165408:18)\n    at Promise._settlePromise0 (http://localhost:57362/__cypress/runner/cypress_runner.js:165453:10)\n    at Promise._settlePromises (http://localhost:57362/__cypress/runner/cypress_runner.js:165528:18)\n    at Async../node_modules/bluebird/js/release/async.js.Async._drainQueue (http://localhost:57362/__cypress/runner/cypress_runner.js:162140:16)\n    at Async../node_modules/bluebird/js/release/async.js.Async._drainQueues (http://localhost:57362/__cypress/runner/cypress_runner.js:162150:10)\n    at Async.drainQueues (http://localhost:57362/__cypress/runner/cypress_runner.js:162024:14)",
                "diff": null
              },
              "uuid": "a0f8237c-b479-4934-be5e-5c720304d4db",
              "parentUUID": "ec1ed6ae-3252-42cb-808d-6a2b4b413ecc",
              "isHook": false,
              "skipped": false
            },
            {
              "title": "Verifica se a cor preta ainda está presente e é a primeira na sua paleta de cores",
              "fullTitle": "12 - Faça com que as cores da paleta sejam geradas aleatoriamente ao carregar a página. Verifica se a cor preta ainda está presente e é a primeira na sua paleta de cores",
              "timedOut": null,
              "duration": 4873,
              "state": "failed",
              "speed": null,
              "pass": false,
              "fail": true,
              "pending": false,
              "context": null,
              "code": "cy.get('.color').then(function (colors) {\n  var currentColors;\n  var previousColors;\n  previousColors = Array.from(colors).map(function (color) {\n    return Cypress.$(color).css('background-color');\n  });\n  expect(previousColors[0]).to.eq(BLACK);\n  for (var i = 0; i < 5; i += 1) {\n    cy.reload();\n    cy.get('.color').then(function (colors) {\n      currentColors = Array.from(colors).map(function (color) {\n        return Cypress.$(color).css('background-color');\n      });\n      expect(currentColors[0]).to.eq(BLACK);\n      expect(currentColors).not.to.deep.equal(previousColors);\n      previousColors = currentColors;\n    });\n  }\n});",
              "err": {
                "message": "CypressError: Timed out retrying: Expected to find element: '.color', but never found it.",
                "estack": "CypressError: Timed out retrying: Expected to find element: '.color', but never found it.\n    at cypressErr (http://localhost:57362/__cypress/runner/cypress_runner.js:149934:9)\n    at throwErr (http://localhost:57362/__cypress/runner/cypress_runner.js:149867:11)\n    at Object.throwErrByPath (http://localhost:57362/__cypress/runner/cypress_runner.js:149915:3)\n    at retry (http://localhost:57362/__cypress/runner/cypress_runner.js:144197:19)\n    at onFailFn (http://localhost:57362/__cypress/runner/cypress_runner.js:132448:16)\n    at tryCatcher (http://localhost:57362/__cypress/runner/cypress_runner.js:167415:23)\n    at Promise._settlePromiseFromHandler (http://localhost:57362/__cypress/runner/cypress_runner.js:165351:31)\n    at Promise._settlePromise (http://localhost:57362/__cypress/runner/cypress_runner.js:165408:18)\n    at Promise._settlePromise0 (http://localhost:57362/__cypress/runner/cypress_runner.js:165453:10)\n    at Promise._settlePromises (http://localhost:57362/__cypress/runner/cypress_runner.js:165528:18)\n    at Async../node_modules/bluebird/js/release/async.js.Async._drainQueue (http://localhost:57362/__cypress/runner/cypress_runner.js:162140:16)\n    at Async../node_modules/bluebird/js/release/async.js.Async._drainQueues (http://localhost:57362/__cypress/runner/cypress_runner.js:162150:10)\n    at Async.drainQueues (http://localhost:57362/__cypress/runner/cypress_runner.js:162024:14)",
                "diff": null
              },
              "uuid": "e2dba4c1-15b6-4a51-ac7c-d7ff9ce1b445",
              "parentUUID": "ec1ed6ae-3252-42cb-808d-6a2b4b413ecc",
              "isHook": false,
              "skipped": false
            }
          ],
          "suites": [],
          "passes": [],
          "failures": [
            "a0f8237c-b479-4934-be5e-5c720304d4db",
            "e2dba4c1-15b6-4a51-ac7c-d7ff9ce1b445"
          ],
          "pending": [],
          "skipped": [],
          "duration": 9738,
          "root": false,
          "rootEmpty": false,
          "_timeout": 2000
        }
      ],
      "passes": [],
      "failures": [],
      "pending": [],
      "skipped": [],
      "duration": 0,
      "root": true,
      "rootEmpty": true,
      "_timeout": 2000
    }
  ],
  "meta": {
    "mocha": {
      "version": "7.0.1"
    },
    "mochawesome": {
      "options": {
        "quiet": false,
        "reportFilename": "mochawesome",
        "saveHtml": false,
        "saveJson": true,
        "consoleReporter": "spec",
        "useInlineDiffs": false
      },
      "version": "4.1.0"
    },
    "marge": {
      "options": {
        "id": "default",
        "reportDir": "cypress/reports",
        "overwrite": true,
        "html": false,
        "json": true
      },
      "version": "4.1.0"
    }
  }
}