{
  "stats": {
    "suites": 12,
    "tests": 41,
    "passes": 0,
    "pending": 0,
    "failures": 41,
    "start": "2021-08-13T18:13:26.260Z",
    "end": "2021-08-13T18:16:27.025Z",
    "duration": 180765,
    "testsRegistered": 41,
    "passPercent": 0,
    "pendingPercent": 0,
    "other": 0,
    "hasOther": false,
    "skipped": 0,
    "hasSkipped": false
  },
  "results": [
    {
      "uuid": "f11db889-f92d-470a-acd5-36b650bed783",
      "title": "",
      "fullFile": "cypress/integration/project.spec.js",
      "file": "cypress/integration/project.spec.js",
      "beforeHooks": [],
      "afterHooks": [],
      "tests": [],
      "suites": [
        {
          "uuid": "824cf9ef-ffbe-4f71-850a-0384df9c86b6",
          "title": "1 - Adicione à página o título \"Paleta de Cores\".",
          "fullFile": "",
          "file": "",
          "beforeHooks": [],
          "afterHooks": [],
          "tests": [
            {
              "title": "Verifica se contém um elemento `h1` com o id `title` com o título correto",
              "fullTitle": "1 - Adicione à página o título \"Paleta de Cores\". Verifica se contém um elemento `h1` com o id `title` com o título correto",
              "timedOut": null,
              "duration": 4392,
              "state": "failed",
              "speed": null,
              "pass": false,
              "fail": true,
              "pending": false,
              "context": null,
              "code": "cy.get('h1#title').should('contain.text', 'Paleta de Cores');",
              "err": {
                "message": "CypressError: Timed out retrying: Expected to find element: 'h1#title', but never found it.",
                "estack": "CypressError: Timed out retrying: Expected to find element: 'h1#title', but never found it.\n    at cypressErr (http://localhost:46535/__cypress/runner/cypress_runner.js:149934:9)\n    at throwErr (http://localhost:46535/__cypress/runner/cypress_runner.js:149867:11)\n    at Object.throwErrByPath (http://localhost:46535/__cypress/runner/cypress_runner.js:149915:3)\n    at retry (http://localhost:46535/__cypress/runner/cypress_runner.js:144197:19)\n    at onFailFn (http://localhost:46535/__cypress/runner/cypress_runner.js:132448:16)\n    at tryCatcher (http://localhost:46535/__cypress/runner/cypress_runner.js:167415:23)\n    at Promise._settlePromiseFromHandler (http://localhost:46535/__cypress/runner/cypress_runner.js:165351:31)\n    at Promise._settlePromise (http://localhost:46535/__cypress/runner/cypress_runner.js:165408:18)\n    at Promise._settlePromise0 (http://localhost:46535/__cypress/runner/cypress_runner.js:165453:10)\n    at Promise._settlePromises (http://localhost:46535/__cypress/runner/cypress_runner.js:165528:18)\n    at Async../node_modules/bluebird/js/release/async.js.Async._drainQueue (http://localhost:46535/__cypress/runner/cypress_runner.js:162140:16)\n    at Async../node_modules/bluebird/js/release/async.js.Async._drainQueues (http://localhost:46535/__cypress/runner/cypress_runner.js:162150:10)\n    at Async.drainQueues (http://localhost:46535/__cypress/runner/cypress_runner.js:162024:14)",
                "diff": null
              },
              "uuid": "62b00787-04f7-488e-824c-88a29e8d20b9",
              "parentUUID": "824cf9ef-ffbe-4f71-850a-0384df9c86b6",
              "isHook": false,
              "skipped": false
            }
          ],
          "suites": [],
          "passes": [],
          "failures": [
            "62b00787-04f7-488e-824c-88a29e8d20b9"
          ],
          "pending": [],
          "skipped": [],
          "duration": 4392,
          "root": false,
          "rootEmpty": false,
          "_timeout": 2000
        },
        {
          "uuid": "3dab81fe-a3e7-4d22-be5a-d8b64ff94c5f",
          "title": "2 - Adicione à página uma paleta de quatro cores distintas.",
          "fullFile": "",
          "file": "",
          "beforeHooks": [],
          "afterHooks": [],
          "tests": [
            {
              "title": "A paleta de cores deve ser um elemento com `id` denominado `color-palette`",
              "fullTitle": "2 - Adicione à página uma paleta de quatro cores distintas. A paleta de cores deve ser um elemento com `id` denominado `color-palette`",
              "timedOut": null,
              "duration": 4353,
              "state": "failed",
              "speed": null,
              "pass": false,
              "fail": true,
              "pending": false,
              "context": null,
              "code": "cy.get('#color-palette').should('be.visible');",
              "err": {
                "message": "CypressError: Timed out retrying: Expected to find element: '#color-palette', but never found it.",
                "estack": "CypressError: Timed out retrying: Expected to find element: '#color-palette', but never found it.\n    at cypressErr (http://localhost:46535/__cypress/runner/cypress_runner.js:149934:9)\n    at throwErr (http://localhost:46535/__cypress/runner/cypress_runner.js:149867:11)\n    at Object.throwErrByPath (http://localhost:46535/__cypress/runner/cypress_runner.js:149915:3)\n    at retry (http://localhost:46535/__cypress/runner/cypress_runner.js:144197:19)\n    at onFailFn (http://localhost:46535/__cypress/runner/cypress_runner.js:132448:16)\n    at tryCatcher (http://localhost:46535/__cypress/runner/cypress_runner.js:167415:23)\n    at Promise._settlePromiseFromHandler (http://localhost:46535/__cypress/runner/cypress_runner.js:165351:31)\n    at Promise._settlePromise (http://localhost:46535/__cypress/runner/cypress_runner.js:165408:18)\n    at Promise._settlePromise0 (http://localhost:46535/__cypress/runner/cypress_runner.js:165453:10)\n    at Promise._settlePromises (http://localhost:46535/__cypress/runner/cypress_runner.js:165528:18)\n    at Async../node_modules/bluebird/js/release/async.js.Async._drainQueue (http://localhost:46535/__cypress/runner/cypress_runner.js:162140:16)\n    at Async../node_modules/bluebird/js/release/async.js.Async._drainQueues (http://localhost:46535/__cypress/runner/cypress_runner.js:162150:10)\n    at Async.drainQueues (http://localhost:46535/__cypress/runner/cypress_runner.js:162024:14)",
                "diff": null
              },
              "uuid": "befaaca1-aaae-4823-b22e-81c5cde04c81",
              "parentUUID": "3dab81fe-a3e7-4d22-be5a-d8b64ff94c5f",
              "isHook": false,
              "skipped": false
            },
            {
              "title": "Verifica se cada cor individual da paleta de cores possui a `classe` chamada `color`.",
              "fullTitle": "2 - Adicione à página uma paleta de quatro cores distintas. Verifica se cada cor individual da paleta de cores possui a `classe` chamada `color`.",
              "timedOut": null,
              "duration": 4333,
              "state": "failed",
              "speed": null,
              "pass": false,
              "fail": true,
              "pending": false,
              "context": null,
              "code": "cy.get('.color').should('have.length', 4).then(function (colors) {\n  for (var i = 0; i < colors.length; i++) {\n    cy.wrap(colors[i]).should('be.visible');\n  }\n});",
              "err": {
                "message": "CypressError: Timed out retrying: Expected to find element: '.color', but never found it.",
                "estack": "CypressError: Timed out retrying: Expected to find element: '.color', but never found it.\n    at cypressErr (http://localhost:46535/__cypress/runner/cypress_runner.js:149934:9)\n    at throwErr (http://localhost:46535/__cypress/runner/cypress_runner.js:149867:11)\n    at Object.throwErrByPath (http://localhost:46535/__cypress/runner/cypress_runner.js:149915:3)\n    at retry (http://localhost:46535/__cypress/runner/cypress_runner.js:144197:19)\n    at onFailFn (http://localhost:46535/__cypress/runner/cypress_runner.js:132448:16)\n    at tryCatcher (http://localhost:46535/__cypress/runner/cypress_runner.js:167415:23)\n    at Promise._settlePromiseFromHandler (http://localhost:46535/__cypress/runner/cypress_runner.js:165351:31)\n    at Promise._settlePromise (http://localhost:46535/__cypress/runner/cypress_runner.js:165408:18)\n    at Promise._settlePromise0 (http://localhost:46535/__cypress/runner/cypress_runner.js:165453:10)\n    at Promise._settlePromises (http://localhost:46535/__cypress/runner/cypress_runner.js:165528:18)\n    at Async../node_modules/bluebird/js/release/async.js.Async._drainQueue (http://localhost:46535/__cypress/runner/cypress_runner.js:162140:16)\n    at Async../node_modules/bluebird/js/release/async.js.Async._drainQueues (http://localhost:46535/__cypress/runner/cypress_runner.js:162150:10)\n    at Async.drainQueues (http://localhost:46535/__cypress/runner/cypress_runner.js:162024:14)",
                "diff": null
              },
              "uuid": "2b34a2a1-7ddf-49ca-8c4c-4bb2eff1b8dd",
              "parentUUID": "3dab81fe-a3e7-4d22-be5a-d8b64ff94c5f",
              "isHook": false,
              "skipped": false
            },
            {
              "title": "Verifica se a cor de fundo de cada elemento da paleta é a cor que o elemento representa. **A única cor não permitida na paleta é a cor branca.**",
              "fullTitle": "2 - Adicione à página uma paleta de quatro cores distintas. Verifica se a cor de fundo de cada elemento da paleta é a cor que o elemento representa. **A única cor não permitida na paleta é a cor branca.**",
              "timedOut": null,
              "duration": 4293,
              "state": "failed",
              "speed": null,
              "pass": false,
              "fail": true,
              "pending": false,
              "context": null,
              "code": "cy.get('.color').each(function (color) {\n  cy.wrap(color).should('have.class', 'color').and('not.have.css', 'background-color', WHITE);\n  cy.wrap(color).should('have.css', 'background-color');\n});",
              "err": {
                "message": "CypressError: Timed out retrying: Expected to find element: '.color', but never found it.",
                "estack": "CypressError: Timed out retrying: Expected to find element: '.color', but never found it.\n    at cypressErr (http://localhost:46535/__cypress/runner/cypress_runner.js:149934:9)\n    at throwErr (http://localhost:46535/__cypress/runner/cypress_runner.js:149867:11)\n    at Object.throwErrByPath (http://localhost:46535/__cypress/runner/cypress_runner.js:149915:3)\n    at retry (http://localhost:46535/__cypress/runner/cypress_runner.js:144197:19)\n    at onFailFn (http://localhost:46535/__cypress/runner/cypress_runner.js:132448:16)\n    at tryCatcher (http://localhost:46535/__cypress/runner/cypress_runner.js:167415:23)\n    at Promise._settlePromiseFromHandler (http://localhost:46535/__cypress/runner/cypress_runner.js:165351:31)\n    at Promise._settlePromise (http://localhost:46535/__cypress/runner/cypress_runner.js:165408:18)\n    at Promise._settlePromise0 (http://localhost:46535/__cypress/runner/cypress_runner.js:165453:10)\n    at Promise._settlePromises (http://localhost:46535/__cypress/runner/cypress_runner.js:165528:18)\n    at Async../node_modules/bluebird/js/release/async.js.Async._drainQueue (http://localhost:46535/__cypress/runner/cypress_runner.js:162140:16)\n    at Async../node_modules/bluebird/js/release/async.js.Async._drainQueues (http://localhost:46535/__cypress/runner/cypress_runner.js:162150:10)\n    at Async.drainQueues (http://localhost:46535/__cypress/runner/cypress_runner.js:162024:14)",
                "diff": null
              },
              "uuid": "ff6eb1af-ae5a-435b-b843-3341ab4c0de7",
              "parentUUID": "3dab81fe-a3e7-4d22-be5a-d8b64ff94c5f",
              "isHook": false,
              "skipped": false
            },
            {
              "title": "Verifica se cada elemento da paleta de cores tem uma borda preta, sólida e com 1 pixel de largura;",
              "fullTitle": "2 - Adicione à página uma paleta de quatro cores distintas. Verifica se cada elemento da paleta de cores tem uma borda preta, sólida e com 1 pixel de largura;",
              "timedOut": null,
              "duration": 4341,
              "state": "failed",
              "speed": null,
              "pass": false,
              "fail": true,
              "pending": false,
              "context": null,
              "code": "cy.get('.color').each(function (color) {\n  cy.wrap(color).and('have.css', 'border', \"1px solid \".concat(BLACK)).and('have.class', 'color');\n});",
              "err": {
                "message": "CypressError: Timed out retrying: Expected to find element: '.color', but never found it.",
                "estack": "CypressError: Timed out retrying: Expected to find element: '.color', but never found it.\n    at cypressErr (http://localhost:46535/__cypress/runner/cypress_runner.js:149934:9)\n    at throwErr (http://localhost:46535/__cypress/runner/cypress_runner.js:149867:11)\n    at Object.throwErrByPath (http://localhost:46535/__cypress/runner/cypress_runner.js:149915:3)\n    at retry (http://localhost:46535/__cypress/runner/cypress_runner.js:144197:19)\n    at onFailFn (http://localhost:46535/__cypress/runner/cypress_runner.js:132448:16)\n    at tryCatcher (http://localhost:46535/__cypress/runner/cypress_runner.js:167415:23)\n    at Promise._settlePromiseFromHandler (http://localhost:46535/__cypress/runner/cypress_runner.js:165351:31)\n    at Promise._settlePromise (http://localhost:46535/__cypress/runner/cypress_runner.js:165408:18)\n    at Promise._settlePromise0 (http://localhost:46535/__cypress/runner/cypress_runner.js:165453:10)\n    at Promise._settlePromises (http://localhost:46535/__cypress/runner/cypress_runner.js:165528:18)\n    at Async../node_modules/bluebird/js/release/async.js.Async._drainQueue (http://localhost:46535/__cypress/runner/cypress_runner.js:162140:16)\n    at Async../node_modules/bluebird/js/release/async.js.Async._drainQueues (http://localhost:46535/__cypress/runner/cypress_runner.js:162150:10)\n    at Async.drainQueues (http://localhost:46535/__cypress/runner/cypress_runner.js:162024:14)",
                "diff": null
              },
              "uuid": "facc8f92-762f-4988-bd76-711e4172891d",
              "parentUUID": "3dab81fe-a3e7-4d22-be5a-d8b64ff94c5f",
              "isHook": false,
              "skipped": false
            },
            {
              "title": "Verifica se a paleta lista todas as cores disponíveis para utilização, lado a lado.",
              "fullTitle": "2 - Adicione à página uma paleta de quatro cores distintas. Verifica se a paleta lista todas as cores disponíveis para utilização, lado a lado.",
              "timedOut": null,
              "duration": 4355,
              "state": "failed",
              "speed": null,
              "pass": false,
              "fail": true,
              "pending": false,
              "context": null,
              "code": "cy.get('.color').then(function (colors) {\n  for (var index = 1; index < colors.length; index += 1) {\n    var currentColor = colors[index];\n    var previousColor = colors[index - 1];\n    cy.wrap(currentColor).should('be.onTheRightOf', previousColor).and('be.horizontallyAlignedWith', previousColor);\n  }\n});",
              "err": {
                "message": "CypressError: Timed out retrying: Expected to find element: '.color', but never found it.",
                "estack": "CypressError: Timed out retrying: Expected to find element: '.color', but never found it.\n    at cypressErr (http://localhost:46535/__cypress/runner/cypress_runner.js:149934:9)\n    at throwErr (http://localhost:46535/__cypress/runner/cypress_runner.js:149867:11)\n    at Object.throwErrByPath (http://localhost:46535/__cypress/runner/cypress_runner.js:149915:3)\n    at retry (http://localhost:46535/__cypress/runner/cypress_runner.js:144197:19)\n    at onFailFn (http://localhost:46535/__cypress/runner/cypress_runner.js:132448:16)\n    at tryCatcher (http://localhost:46535/__cypress/runner/cypress_runner.js:167415:23)\n    at Promise._settlePromiseFromHandler (http://localhost:46535/__cypress/runner/cypress_runner.js:165351:31)\n    at Promise._settlePromise (http://localhost:46535/__cypress/runner/cypress_runner.js:165408:18)\n    at Promise._settlePromise0 (http://localhost:46535/__cypress/runner/cypress_runner.js:165453:10)\n    at Promise._settlePromises (http://localhost:46535/__cypress/runner/cypress_runner.js:165528:18)\n    at Async../node_modules/bluebird/js/release/async.js.Async._drainQueue (http://localhost:46535/__cypress/runner/cypress_runner.js:162140:16)\n    at Async../node_modules/bluebird/js/release/async.js.Async._drainQueues (http://localhost:46535/__cypress/runner/cypress_runner.js:162150:10)\n    at Async.drainQueues (http://localhost:46535/__cypress/runner/cypress_runner.js:162024:14)",
                "diff": null
              },
              "uuid": "000fdc1f-336e-4781-b6d5-e4cb2931fa5c",
              "parentUUID": "3dab81fe-a3e7-4d22-be5a-d8b64ff94c5f",
              "isHook": false,
              "skipped": false
            },
            {
              "title": "Verifica se a paleta de cores está posicionada abaixo do título 'Paleta de Cores'",
              "fullTitle": "2 - Adicione à página uma paleta de quatro cores distintas. Verifica se a paleta de cores está posicionada abaixo do título 'Paleta de Cores'",
              "timedOut": null,
              "duration": 4301,
              "state": "failed",
              "speed": null,
              "pass": false,
              "fail": true,
              "pending": false,
              "context": null,
              "code": "cy.get('h1#title').then(function (title) {\n  cy.get('#color-palette').should('be.belowOf', title);\n});",
              "err": {
                "message": "CypressError: Timed out retrying: Expected to find element: 'h1#title', but never found it.",
                "estack": "CypressError: Timed out retrying: Expected to find element: 'h1#title', but never found it.\n    at cypressErr (http://localhost:46535/__cypress/runner/cypress_runner.js:149934:9)\n    at throwErr (http://localhost:46535/__cypress/runner/cypress_runner.js:149867:11)\n    at Object.throwErrByPath (http://localhost:46535/__cypress/runner/cypress_runner.js:149915:3)\n    at retry (http://localhost:46535/__cypress/runner/cypress_runner.js:144197:19)\n    at onFailFn (http://localhost:46535/__cypress/runner/cypress_runner.js:132448:16)\n    at tryCatcher (http://localhost:46535/__cypress/runner/cypress_runner.js:167415:23)\n    at Promise._settlePromiseFromHandler (http://localhost:46535/__cypress/runner/cypress_runner.js:165351:31)\n    at Promise._settlePromise (http://localhost:46535/__cypress/runner/cypress_runner.js:165408:18)\n    at Promise._settlePromise0 (http://localhost:46535/__cypress/runner/cypress_runner.js:165453:10)\n    at Promise._settlePromises (http://localhost:46535/__cypress/runner/cypress_runner.js:165528:18)\n    at Async../node_modules/bluebird/js/release/async.js.Async._drainQueue (http://localhost:46535/__cypress/runner/cypress_runner.js:162140:16)\n    at Async../node_modules/bluebird/js/release/async.js.Async._drainQueues (http://localhost:46535/__cypress/runner/cypress_runner.js:162150:10)\n    at Async.drainQueues (http://localhost:46535/__cypress/runner/cypress_runner.js:162024:14)",
                "diff": null
              },
              "uuid": "25cd61b5-40c1-45fb-985f-7d4d2fb5fd5e",
              "parentUUID": "3dab81fe-a3e7-4d22-be5a-d8b64ff94c5f",
              "isHook": false,
              "skipped": false
            },
            {
              "title": "Verifica se a paleta de cores não contém cores repetidas.",
              "fullTitle": "2 - Adicione à página uma paleta de quatro cores distintas. Verifica se a paleta de cores não contém cores repetidas.",
              "timedOut": null,
              "duration": 4333,
              "state": "failed",
              "speed": null,
              "pass": false,
              "fail": true,
              "pending": false,
              "context": null,
              "code": "cy.get('.color').then(function (colors) {\n  var allColors = Array.from(colors).map(function (color) {\n    return Cypress.$(color).css('background-color');\n  });\n  cy.log(allColors);\n  var uniqColors = (0, _toConsumableArray2[\"default\"])(new Set(allColors));\n  cy.log(uniqColors);\n  expect(allColors.length).to.eq(uniqColors.length);\n});",
              "err": {
                "message": "CypressError: Timed out retrying: Expected to find element: '.color', but never found it.",
                "estack": "CypressError: Timed out retrying: Expected to find element: '.color', but never found it.\n    at cypressErr (http://localhost:46535/__cypress/runner/cypress_runner.js:149934:9)\n    at throwErr (http://localhost:46535/__cypress/runner/cypress_runner.js:149867:11)\n    at Object.throwErrByPath (http://localhost:46535/__cypress/runner/cypress_runner.js:149915:3)\n    at retry (http://localhost:46535/__cypress/runner/cypress_runner.js:144197:19)\n    at onFailFn (http://localhost:46535/__cypress/runner/cypress_runner.js:132448:16)\n    at tryCatcher (http://localhost:46535/__cypress/runner/cypress_runner.js:167415:23)\n    at Promise._settlePromiseFromHandler (http://localhost:46535/__cypress/runner/cypress_runner.js:165351:31)\n    at Promise._settlePromise (http://localhost:46535/__cypress/runner/cypress_runner.js:165408:18)\n    at Promise._settlePromise0 (http://localhost:46535/__cypress/runner/cypress_runner.js:165453:10)\n    at Promise._settlePromises (http://localhost:46535/__cypress/runner/cypress_runner.js:165528:18)\n    at Async../node_modules/bluebird/js/release/async.js.Async._drainQueue (http://localhost:46535/__cypress/runner/cypress_runner.js:162140:16)\n    at Async../node_modules/bluebird/js/release/async.js.Async._drainQueues (http://localhost:46535/__cypress/runner/cypress_runner.js:162150:10)\n    at Async.drainQueues (http://localhost:46535/__cypress/runner/cypress_runner.js:162024:14)",
                "diff": null
              },
              "uuid": "2c721dd2-f989-4510-a59c-543dcdb1d166",
              "parentUUID": "3dab81fe-a3e7-4d22-be5a-d8b64ff94c5f",
              "isHook": false,
              "skipped": false
            }
          ],
          "suites": [],
          "passes": [],
          "failures": [
            "befaaca1-aaae-4823-b22e-81c5cde04c81",
            "2b34a2a1-7ddf-49ca-8c4c-4bb2eff1b8dd",
            "ff6eb1af-ae5a-435b-b843-3341ab4c0de7",
            "facc8f92-762f-4988-bd76-711e4172891d",
            "000fdc1f-336e-4781-b6d5-e4cb2931fa5c",
            "25cd61b5-40c1-45fb-985f-7d4d2fb5fd5e",
            "2c721dd2-f989-4510-a59c-543dcdb1d166"
          ],
          "pending": [],
          "skipped": [],
          "duration": 30309,
          "root": false,
          "rootEmpty": false,
          "_timeout": 2000
        },
        {
          "uuid": "d5dca4c9-69b5-4cbf-a0c4-1cf7147f3a0f",
          "title": "3 - Adicione a cor **preta** como a primeira cor da paleta de cores.",
          "fullFile": "",
          "file": "",
          "beforeHooks": [],
          "afterHooks": [],
          "tests": [
            {
              "title": "Verifica se a primeira cor da paleta é preta",
              "fullTitle": "3 - Adicione a cor **preta** como a primeira cor da paleta de cores. Verifica se a primeira cor da paleta é preta",
              "timedOut": null,
              "duration": 4474,
              "state": "failed",
              "speed": null,
              "pass": false,
              "fail": true,
              "pending": false,
              "context": null,
              "code": "cy.get('.color').first().should('have.css', 'background-color', BLACK);",
              "err": {
                "message": "CypressError: Timed out retrying: Expected to find element: '.color', but never found it.",
                "estack": "CypressError: Timed out retrying: Expected to find element: '.color', but never found it.\n    at cypressErr (http://localhost:46535/__cypress/runner/cypress_runner.js:149934:9)\n    at throwErr (http://localhost:46535/__cypress/runner/cypress_runner.js:149867:11)\n    at Object.throwErrByPath (http://localhost:46535/__cypress/runner/cypress_runner.js:149915:3)\n    at retry (http://localhost:46535/__cypress/runner/cypress_runner.js:144197:19)\n    at onFailFn (http://localhost:46535/__cypress/runner/cypress_runner.js:132448:16)\n    at tryCatcher (http://localhost:46535/__cypress/runner/cypress_runner.js:167415:23)\n    at Promise._settlePromiseFromHandler (http://localhost:46535/__cypress/runner/cypress_runner.js:165351:31)\n    at Promise._settlePromise (http://localhost:46535/__cypress/runner/cypress_runner.js:165408:18)\n    at Promise._settlePromise0 (http://localhost:46535/__cypress/runner/cypress_runner.js:165453:10)\n    at Promise._settlePromises (http://localhost:46535/__cypress/runner/cypress_runner.js:165528:18)\n    at Async../node_modules/bluebird/js/release/async.js.Async._drainQueue (http://localhost:46535/__cypress/runner/cypress_runner.js:162140:16)\n    at Async../node_modules/bluebird/js/release/async.js.Async._drainQueues (http://localhost:46535/__cypress/runner/cypress_runner.js:162150:10)\n    at Async.drainQueues (http://localhost:46535/__cypress/runner/cypress_runner.js:162024:14)",
                "diff": null
              },
              "uuid": "41c86c49-62e6-48a7-b2fb-0854b53bff31",
              "parentUUID": "d5dca4c9-69b5-4cbf-a0c4-1cf7147f3a0f",
              "isHook": false,
              "skipped": false
            },
            {
              "title": "Verifica se as demais cores podem ser escolhidas livremente.",
              "fullTitle": "3 - Adicione a cor **preta** como a primeira cor da paleta de cores. Verifica se as demais cores podem ser escolhidas livremente.",
              "timedOut": null,
              "duration": 4304,
              "state": "failed",
              "speed": null,
              "pass": false,
              "fail": true,
              "pending": false,
              "context": null,
              "code": "cy.get('.color').eq(1).should('not.have.css', 'background-color', BLACK);\ncy.get('.color').eq(1).should('not.have.css', 'background-color', WHITE);\ncy.get('.color').eq(1).should('not.have.css', 'background-color', 'rgba(0, 0, 0, 0)');\ncy.get('.color').eq(1).should('have.css', 'background-color');\ncy.get('.color').eq(2).should('not.have.css', 'background-color', BLACK);\ncy.get('.color').eq(2).should('not.have.css', 'background-color', WHITE);\ncy.get('.color').eq(2).should('not.have.css', 'background-color', 'rgba(0, 0, 0, 0)');\ncy.get('.color').eq(2).should('have.css', 'background-color');\ncy.get('.color').eq(3).should('not.have.css', 'background-color', BLACK);\ncy.get('.color').eq(3).should('not.have.css', 'background-color', WHITE);\ncy.get('.color').eq(3).should('not.have.css', 'background-color', 'rgba(0, 0, 0, 0)');\ncy.get('.color').eq(3).should('have.css', 'background-color');",
              "err": {
                "message": "CypressError: Timed out retrying: Expected to find element: '.color', but never found it.",
                "estack": "CypressError: Timed out retrying: Expected to find element: '.color', but never found it.\n    at cypressErr (http://localhost:46535/__cypress/runner/cypress_runner.js:149934:9)\n    at throwErr (http://localhost:46535/__cypress/runner/cypress_runner.js:149867:11)\n    at Object.throwErrByPath (http://localhost:46535/__cypress/runner/cypress_runner.js:149915:3)\n    at retry (http://localhost:46535/__cypress/runner/cypress_runner.js:144197:19)\n    at onFailFn (http://localhost:46535/__cypress/runner/cypress_runner.js:132448:16)\n    at tryCatcher (http://localhost:46535/__cypress/runner/cypress_runner.js:167415:23)\n    at Promise._settlePromiseFromHandler (http://localhost:46535/__cypress/runner/cypress_runner.js:165351:31)\n    at Promise._settlePromise (http://localhost:46535/__cypress/runner/cypress_runner.js:165408:18)\n    at Promise._settlePromise0 (http://localhost:46535/__cypress/runner/cypress_runner.js:165453:10)\n    at Promise._settlePromises (http://localhost:46535/__cypress/runner/cypress_runner.js:165528:18)\n    at Async../node_modules/bluebird/js/release/async.js.Async._drainQueue (http://localhost:46535/__cypress/runner/cypress_runner.js:162140:16)\n    at Async../node_modules/bluebird/js/release/async.js.Async._drainQueues (http://localhost:46535/__cypress/runner/cypress_runner.js:162150:10)\n    at Async.drainQueues (http://localhost:46535/__cypress/runner/cypress_runner.js:162024:14)",
                "diff": null
              },
              "uuid": "66923713-6bf8-49d3-a444-0711bda8e81d",
              "parentUUID": "d5dca4c9-69b5-4cbf-a0c4-1cf7147f3a0f",
              "isHook": false,
              "skipped": false
            }
          ],
          "suites": [],
          "passes": [],
          "failures": [
            "41c86c49-62e6-48a7-b2fb-0854b53bff31",
            "66923713-6bf8-49d3-a444-0711bda8e81d"
          ],
          "pending": [],
          "skipped": [],
          "duration": 8778,
          "root": false,
          "rootEmpty": false,
          "_timeout": 2000
        },
        {
          "uuid": "91442cc0-f7ea-4486-819a-cd640d50a31c",
          "title": "4 - Adicione à página um quadro de pixels, com 25 pixels.",
          "fullFile": "",
          "file": "",
          "beforeHooks": [],
          "afterHooks": [],
          "tests": [
            {
              "title": "Verifica se o quadro de pixels possui o `id` denominado `pixel-board`",
              "fullTitle": "4 - Adicione à página um quadro de pixels, com 25 pixels. Verifica se o quadro de pixels possui o `id` denominado `pixel-board`",
              "timedOut": null,
              "duration": 4357,
              "state": "failed",
              "speed": null,
              "pass": false,
              "fail": true,
              "pending": false,
              "context": null,
              "code": "cy.get('#pixel-board').should('be.visible');",
              "err": {
                "message": "CypressError: Timed out retrying: Expected to find element: '#pixel-board', but never found it.",
                "estack": "CypressError: Timed out retrying: Expected to find element: '#pixel-board', but never found it.\n    at cypressErr (http://localhost:46535/__cypress/runner/cypress_runner.js:149934:9)\n    at throwErr (http://localhost:46535/__cypress/runner/cypress_runner.js:149867:11)\n    at Object.throwErrByPath (http://localhost:46535/__cypress/runner/cypress_runner.js:149915:3)\n    at retry (http://localhost:46535/__cypress/runner/cypress_runner.js:144197:19)\n    at onFailFn (http://localhost:46535/__cypress/runner/cypress_runner.js:132448:16)\n    at tryCatcher (http://localhost:46535/__cypress/runner/cypress_runner.js:167415:23)\n    at Promise._settlePromiseFromHandler (http://localhost:46535/__cypress/runner/cypress_runner.js:165351:31)\n    at Promise._settlePromise (http://localhost:46535/__cypress/runner/cypress_runner.js:165408:18)\n    at Promise._settlePromise0 (http://localhost:46535/__cypress/runner/cypress_runner.js:165453:10)\n    at Promise._settlePromises (http://localhost:46535/__cypress/runner/cypress_runner.js:165528:18)\n    at Async../node_modules/bluebird/js/release/async.js.Async._drainQueue (http://localhost:46535/__cypress/runner/cypress_runner.js:162140:16)\n    at Async../node_modules/bluebird/js/release/async.js.Async._drainQueues (http://localhost:46535/__cypress/runner/cypress_runner.js:162150:10)\n    at Async.drainQueues (http://localhost:46535/__cypress/runner/cypress_runner.js:162024:14)",
                "diff": null
              },
              "uuid": "bb2288cd-109e-45ea-8f37-a3c7333fbaea",
              "parentUUID": "91442cc0-f7ea-4486-819a-cd640d50a31c",
              "isHook": false,
              "skipped": false
            },
            {
              "title": "Verifica se cada pixel individual dentro do quadro possui a `classe` denominada `pixel`.",
              "fullTitle": "4 - Adicione à página um quadro de pixels, com 25 pixels. Verifica se cada pixel individual dentro do quadro possui a `classe` denominada `pixel`.",
              "timedOut": null,
              "duration": 4383,
              "state": "failed",
              "speed": null,
              "pass": false,
              "fail": true,
              "pending": false,
              "context": null,
              "code": "cy.get('.pixel').should('have.length', 25);",
              "err": {
                "message": "CypressError: Timed out retrying: Expected to find element: '.pixel', but never found it.",
                "estack": "CypressError: Timed out retrying: Expected to find element: '.pixel', but never found it.\n    at cypressErr (http://localhost:46535/__cypress/runner/cypress_runner.js:149934:9)\n    at throwErr (http://localhost:46535/__cypress/runner/cypress_runner.js:149867:11)\n    at Object.throwErrByPath (http://localhost:46535/__cypress/runner/cypress_runner.js:149915:3)\n    at retry (http://localhost:46535/__cypress/runner/cypress_runner.js:144197:19)\n    at onFailFn (http://localhost:46535/__cypress/runner/cypress_runner.js:132448:16)\n    at tryCatcher (http://localhost:46535/__cypress/runner/cypress_runner.js:167415:23)\n    at Promise._settlePromiseFromHandler (http://localhost:46535/__cypress/runner/cypress_runner.js:165351:31)\n    at Promise._settlePromise (http://localhost:46535/__cypress/runner/cypress_runner.js:165408:18)\n    at Promise._settlePromise0 (http://localhost:46535/__cypress/runner/cypress_runner.js:165453:10)\n    at Promise._settlePromises (http://localhost:46535/__cypress/runner/cypress_runner.js:165528:18)\n    at Async../node_modules/bluebird/js/release/async.js.Async._drainQueue (http://localhost:46535/__cypress/runner/cypress_runner.js:162140:16)\n    at Async../node_modules/bluebird/js/release/async.js.Async._drainQueues (http://localhost:46535/__cypress/runner/cypress_runner.js:162150:10)\n    at Async.drainQueues (http://localhost:46535/__cypress/runner/cypress_runner.js:162024:14)",
                "diff": null
              },
              "uuid": "4584c9ea-79bd-4314-984c-d08c0a3ce782",
              "parentUUID": "91442cc0-f7ea-4486-819a-cd640d50a31c",
              "isHook": false,
              "skipped": false
            },
            {
              "title": "Verifica se a cor inicial dos pixels dentro do quadro, ao abrir a página, é branca.",
              "fullTitle": "4 - Adicione à página um quadro de pixels, com 25 pixels. Verifica se a cor inicial dos pixels dentro do quadro, ao abrir a página, é branca.",
              "timedOut": null,
              "duration": 4416,
              "state": "failed",
              "speed": null,
              "pass": false,
              "fail": true,
              "pending": false,
              "context": null,
              "code": "cy.get('.pixel').should('have.length', 25).each(function (pixel) {\n  expect(pixel).to.have.css('background-color', WHITE);\n});",
              "err": {
                "message": "CypressError: Timed out retrying: Expected to find element: '.pixel', but never found it.",
                "estack": "CypressError: Timed out retrying: Expected to find element: '.pixel', but never found it.\n    at cypressErr (http://localhost:46535/__cypress/runner/cypress_runner.js:149934:9)\n    at throwErr (http://localhost:46535/__cypress/runner/cypress_runner.js:149867:11)\n    at Object.throwErrByPath (http://localhost:46535/__cypress/runner/cypress_runner.js:149915:3)\n    at retry (http://localhost:46535/__cypress/runner/cypress_runner.js:144197:19)\n    at onFailFn (http://localhost:46535/__cypress/runner/cypress_runner.js:132448:16)\n    at tryCatcher (http://localhost:46535/__cypress/runner/cypress_runner.js:167415:23)\n    at Promise._settlePromiseFromHandler (http://localhost:46535/__cypress/runner/cypress_runner.js:165351:31)\n    at Promise._settlePromise (http://localhost:46535/__cypress/runner/cypress_runner.js:165408:18)\n    at Promise._settlePromise0 (http://localhost:46535/__cypress/runner/cypress_runner.js:165453:10)\n    at Promise._settlePromises (http://localhost:46535/__cypress/runner/cypress_runner.js:165528:18)\n    at Async../node_modules/bluebird/js/release/async.js.Async._drainQueue (http://localhost:46535/__cypress/runner/cypress_runner.js:162140:16)\n    at Async../node_modules/bluebird/js/release/async.js.Async._drainQueues (http://localhost:46535/__cypress/runner/cypress_runner.js:162150:10)\n    at Async.drainQueues (http://localhost:46535/__cypress/runner/cypress_runner.js:162024:14)",
                "diff": null
              },
              "uuid": "92253c93-5ba4-4bb1-a268-44c9e7782b43",
              "parentUUID": "91442cc0-f7ea-4486-819a-cd640d50a31c",
              "isHook": false,
              "skipped": false
            },
            {
              "title": "Verifica se o quadro de pixels aparece abaixo da paleta de cores",
              "fullTitle": "4 - Adicione à página um quadro de pixels, com 25 pixels. Verifica se o quadro de pixels aparece abaixo da paleta de cores",
              "timedOut": null,
              "duration": 4382,
              "state": "failed",
              "speed": null,
              "pass": false,
              "fail": true,
              "pending": false,
              "context": null,
              "code": "cy.get('#color-palette').then(function (palette) {\n  cy.get('#pixel-board').should('be.belowOf', palette);\n});",
              "err": {
                "message": "CypressError: Timed out retrying: Expected to find element: '#color-palette', but never found it.",
                "estack": "CypressError: Timed out retrying: Expected to find element: '#color-palette', but never found it.\n    at cypressErr (http://localhost:46535/__cypress/runner/cypress_runner.js:149934:9)\n    at throwErr (http://localhost:46535/__cypress/runner/cypress_runner.js:149867:11)\n    at Object.throwErrByPath (http://localhost:46535/__cypress/runner/cypress_runner.js:149915:3)\n    at retry (http://localhost:46535/__cypress/runner/cypress_runner.js:144197:19)\n    at onFailFn (http://localhost:46535/__cypress/runner/cypress_runner.js:132448:16)\n    at tryCatcher (http://localhost:46535/__cypress/runner/cypress_runner.js:167415:23)\n    at Promise._settlePromiseFromHandler (http://localhost:46535/__cypress/runner/cypress_runner.js:165351:31)\n    at Promise._settlePromise (http://localhost:46535/__cypress/runner/cypress_runner.js:165408:18)\n    at Promise._settlePromise0 (http://localhost:46535/__cypress/runner/cypress_runner.js:165453:10)\n    at Promise._settlePromises (http://localhost:46535/__cypress/runner/cypress_runner.js:165528:18)\n    at Async../node_modules/bluebird/js/release/async.js.Async._drainQueue (http://localhost:46535/__cypress/runner/cypress_runner.js:162140:16)\n    at Async../node_modules/bluebird/js/release/async.js.Async._drainQueues (http://localhost:46535/__cypress/runner/cypress_runner.js:162150:10)\n    at Async.drainQueues (http://localhost:46535/__cypress/runner/cypress_runner.js:162024:14)",
                "diff": null
              },
              "uuid": "2b936bf8-6f2b-4381-860f-6acfd446e7a4",
              "parentUUID": "91442cc0-f7ea-4486-819a-cd640d50a31c",
              "isHook": false,
              "skipped": false
            }
          ],
          "suites": [],
          "passes": [],
          "failures": [
            "bb2288cd-109e-45ea-8f37-a3c7333fbaea",
            "4584c9ea-79bd-4314-984c-d08c0a3ce782",
            "92253c93-5ba4-4bb1-a268-44c9e7782b43",
            "2b936bf8-6f2b-4381-860f-6acfd446e7a4"
          ],
          "pending": [],
          "skipped": [],
          "duration": 17538,
          "root": false,
          "rootEmpty": false,
          "_timeout": 2000
        },
        {
          "uuid": "8ea16483-bbec-4871-88ca-caac94c1f460",
          "title": "5 - Faça com que cada elemento do quadro de pixels possua 40 pixels de largura, 40 pixels de altura e seja delimitado por uma borda preta de 1 pixel.",
          "fullFile": "",
          "file": "",
          "beforeHooks": [],
          "afterHooks": [],
          "tests": [
            {
              "title": "Verifica se o quadro de pixels tem altura e comprimento de 5 elementos",
              "fullTitle": "5 - Faça com que cada elemento do quadro de pixels possua 40 pixels de largura, 40 pixels de altura e seja delimitado por uma borda preta de 1 pixel. Verifica se o quadro de pixels tem altura e comprimento de 5 elementos",
              "timedOut": null,
              "duration": 4399,
              "state": "failed",
              "speed": null,
              "pass": false,
              "fail": true,
              "pending": false,
              "context": null,
              "code": "cy.get('.pixel').should('have.length', 25).each(function (pixel) {\n  expect(pixel).to.have.css('background-color', WHITE);\n}).and(function (pixels) {\n  var rows = chunk(pixels, 5);\n  rows.forEach(function (row) {\n    for (var index = 1; index < row.length; index += 1) {\n      var current = pixels[index];\n      var previous = pixels[index - 1];\n      cy.wrap(current).should('be.onTheRightOf', previous).and('be.horizontallyAlignedWith', previous);\n    }\n  });\n  for (var index = 1; index < 5; index += 1) {\n    expect(pixels[index * 5]).to.be.belowOf(pixels[(index - 1) * 5]);\n  }\n});",
              "err": {
                "message": "CypressError: Timed out retrying: Expected to find element: '.pixel', but never found it.",
                "estack": "CypressError: Timed out retrying: Expected to find element: '.pixel', but never found it.\n    at cypressErr (http://localhost:46535/__cypress/runner/cypress_runner.js:149934:9)\n    at throwErr (http://localhost:46535/__cypress/runner/cypress_runner.js:149867:11)\n    at Object.throwErrByPath (http://localhost:46535/__cypress/runner/cypress_runner.js:149915:3)\n    at retry (http://localhost:46535/__cypress/runner/cypress_runner.js:144197:19)\n    at onFailFn (http://localhost:46535/__cypress/runner/cypress_runner.js:132448:16)\n    at tryCatcher (http://localhost:46535/__cypress/runner/cypress_runner.js:167415:23)\n    at Promise._settlePromiseFromHandler (http://localhost:46535/__cypress/runner/cypress_runner.js:165351:31)\n    at Promise._settlePromise (http://localhost:46535/__cypress/runner/cypress_runner.js:165408:18)\n    at Promise._settlePromise0 (http://localhost:46535/__cypress/runner/cypress_runner.js:165453:10)\n    at Promise._settlePromises (http://localhost:46535/__cypress/runner/cypress_runner.js:165528:18)\n    at Async../node_modules/bluebird/js/release/async.js.Async._drainQueue (http://localhost:46535/__cypress/runner/cypress_runner.js:162140:16)\n    at Async../node_modules/bluebird/js/release/async.js.Async._drainQueues (http://localhost:46535/__cypress/runner/cypress_runner.js:162150:10)\n    at Async.drainQueues (http://localhost:46535/__cypress/runner/cypress_runner.js:162024:14)",
                "diff": null
              },
              "uuid": "aa852cba-b411-403e-9955-5af7dc7cae8b",
              "parentUUID": "8ea16483-bbec-4871-88ca-caac94c1f460",
              "isHook": false,
              "skipped": false
            },
            {
              "title": "Verifica se 40 pixels é o tamanho total do elemento, incluindo seu conteúdo e excluindo a borda preta, que deve ser criada à parte.",
              "fullTitle": "5 - Faça com que cada elemento do quadro de pixels possua 40 pixels de largura, 40 pixels de altura e seja delimitado por uma borda preta de 1 pixel. Verifica se 40 pixels é o tamanho total do elemento, incluindo seu conteúdo e excluindo a borda preta, que deve ser criada à parte.",
              "timedOut": null,
              "duration": 4351,
              "state": "failed",
              "speed": null,
              "pass": false,
              "fail": true,
              "pending": false,
              "context": null,
              "code": "cy.get('.pixel').each(function (pixel) {\n  cy.wrap(pixel).should('have.css', 'height', '40px').and('have.css', 'width', '40px').and('have.css', 'border', \"1px solid \".concat(BLACK));\n});",
              "err": {
                "message": "CypressError: Timed out retrying: Expected to find element: '.pixel', but never found it.",
                "estack": "CypressError: Timed out retrying: Expected to find element: '.pixel', but never found it.\n    at cypressErr (http://localhost:46535/__cypress/runner/cypress_runner.js:149934:9)\n    at throwErr (http://localhost:46535/__cypress/runner/cypress_runner.js:149867:11)\n    at Object.throwErrByPath (http://localhost:46535/__cypress/runner/cypress_runner.js:149915:3)\n    at retry (http://localhost:46535/__cypress/runner/cypress_runner.js:144197:19)\n    at onFailFn (http://localhost:46535/__cypress/runner/cypress_runner.js:132448:16)\n    at tryCatcher (http://localhost:46535/__cypress/runner/cypress_runner.js:167415:23)\n    at Promise._settlePromiseFromHandler (http://localhost:46535/__cypress/runner/cypress_runner.js:165351:31)\n    at Promise._settlePromise (http://localhost:46535/__cypress/runner/cypress_runner.js:165408:18)\n    at Promise._settlePromise0 (http://localhost:46535/__cypress/runner/cypress_runner.js:165453:10)\n    at Promise._settlePromises (http://localhost:46535/__cypress/runner/cypress_runner.js:165528:18)\n    at Async../node_modules/bluebird/js/release/async.js.Async._drainQueue (http://localhost:46535/__cypress/runner/cypress_runner.js:162140:16)\n    at Async../node_modules/bluebird/js/release/async.js.Async._drainQueues (http://localhost:46535/__cypress/runner/cypress_runner.js:162150:10)\n    at Async.drainQueues (http://localhost:46535/__cypress/runner/cypress_runner.js:162024:14)",
                "diff": null
              },
              "uuid": "e9660597-ac82-4167-8a9e-989ca37084ac",
              "parentUUID": "8ea16483-bbec-4871-88ca-caac94c1f460",
              "isHook": false,
              "skipped": false
            }
          ],
          "suites": [],
          "passes": [],
          "failures": [
            "aa852cba-b411-403e-9955-5af7dc7cae8b",
            "e9660597-ac82-4167-8a9e-989ca37084ac"
          ],
          "pending": [],
          "skipped": [],
          "duration": 8750,
          "root": false,
          "rootEmpty": false,
          "_timeout": 2000
        },
        {
          "uuid": "ea63157c-1138-4e94-b792-2192e4b1c1ca",
          "title": "6 - Defina a cor preta como cor inicial. Ao carregar a página a cor preta já deve estar selecionada para pintar os pixels",
          "fullFile": "",
          "file": "",
          "beforeHooks": [],
          "afterHooks": [],
          "tests": [
            {
              "title": "Verifica se o elemento da cor preta possui, inicialmente, a `classe` `selected`",
              "fullTitle": "6 - Defina a cor preta como cor inicial. Ao carregar a página a cor preta já deve estar selecionada para pintar os pixels Verifica se o elemento da cor preta possui, inicialmente, a `classe` `selected`",
              "timedOut": null,
              "duration": 4324,
              "state": "failed",
              "speed": null,
              "pass": false,
              "fail": true,
              "pending": false,
              "context": null,
              "code": "cy.get('.selected').first().should('have.css', 'background-color', BLACK);",
              "err": {
                "message": "CypressError: Timed out retrying: Expected to find element: '.selected', but never found it.",
                "estack": "CypressError: Timed out retrying: Expected to find element: '.selected', but never found it.\n    at cypressErr (http://localhost:46535/__cypress/runner/cypress_runner.js:149934:9)\n    at throwErr (http://localhost:46535/__cypress/runner/cypress_runner.js:149867:11)\n    at Object.throwErrByPath (http://localhost:46535/__cypress/runner/cypress_runner.js:149915:3)\n    at retry (http://localhost:46535/__cypress/runner/cypress_runner.js:144197:19)\n    at onFailFn (http://localhost:46535/__cypress/runner/cypress_runner.js:132448:16)\n    at tryCatcher (http://localhost:46535/__cypress/runner/cypress_runner.js:167415:23)\n    at Promise._settlePromiseFromHandler (http://localhost:46535/__cypress/runner/cypress_runner.js:165351:31)\n    at Promise._settlePromise (http://localhost:46535/__cypress/runner/cypress_runner.js:165408:18)\n    at Promise._settlePromise0 (http://localhost:46535/__cypress/runner/cypress_runner.js:165453:10)\n    at Promise._settlePromises (http://localhost:46535/__cypress/runner/cypress_runner.js:165528:18)\n    at Async../node_modules/bluebird/js/release/async.js.Async._drainQueue (http://localhost:46535/__cypress/runner/cypress_runner.js:162140:16)\n    at Async../node_modules/bluebird/js/release/async.js.Async._drainQueues (http://localhost:46535/__cypress/runner/cypress_runner.js:162150:10)\n    at Async.drainQueues (http://localhost:46535/__cypress/runner/cypress_runner.js:162024:14)",
                "diff": null
              },
              "uuid": "c120361a-559a-4fd7-9882-fbc86bea47f5",
              "parentUUID": "ea63157c-1138-4e94-b792-2192e4b1c1ca",
              "isHook": false,
              "skipped": false
            },
            {
              "title": "Verifica se nenhuma outra cor da paleta tem a `classe` `selected`",
              "fullTitle": "6 - Defina a cor preta como cor inicial. Ao carregar a página a cor preta já deve estar selecionada para pintar os pixels Verifica se nenhuma outra cor da paleta tem a `classe` `selected`",
              "timedOut": null,
              "duration": 4303,
              "state": "failed",
              "speed": null,
              "pass": false,
              "fail": true,
              "pending": false,
              "context": null,
              "code": "cy.get('.color:not(:first-child)').each(function (color) {\n  cy.wrap(color).should('not.have.class', 'selected');\n});",
              "err": {
                "message": "CypressError: Timed out retrying: Expected to find element: '.color:not(:first-child)', but never found it.",
                "estack": "CypressError: Timed out retrying: Expected to find element: '.color:not(:first-child)', but never found it.\n    at cypressErr (http://localhost:46535/__cypress/runner/cypress_runner.js:149934:9)\n    at throwErr (http://localhost:46535/__cypress/runner/cypress_runner.js:149867:11)\n    at Object.throwErrByPath (http://localhost:46535/__cypress/runner/cypress_runner.js:149915:3)\n    at retry (http://localhost:46535/__cypress/runner/cypress_runner.js:144197:19)\n    at onFailFn (http://localhost:46535/__cypress/runner/cypress_runner.js:132448:16)\n    at tryCatcher (http://localhost:46535/__cypress/runner/cypress_runner.js:167415:23)\n    at Promise._settlePromiseFromHandler (http://localhost:46535/__cypress/runner/cypress_runner.js:165351:31)\n    at Promise._settlePromise (http://localhost:46535/__cypress/runner/cypress_runner.js:165408:18)\n    at Promise._settlePromise0 (http://localhost:46535/__cypress/runner/cypress_runner.js:165453:10)\n    at Promise._settlePromises (http://localhost:46535/__cypress/runner/cypress_runner.js:165528:18)\n    at Async../node_modules/bluebird/js/release/async.js.Async._drainQueue (http://localhost:46535/__cypress/runner/cypress_runner.js:162140:16)\n    at Async../node_modules/bluebird/js/release/async.js.Async._drainQueues (http://localhost:46535/__cypress/runner/cypress_runner.js:162150:10)\n    at Async.drainQueues (http://localhost:46535/__cypress/runner/cypress_runner.js:162024:14)",
                "diff": null
              },
              "uuid": "0971b985-5de1-4c36-95e8-a3f2d206ed2c",
              "parentUUID": "ea63157c-1138-4e94-b792-2192e4b1c1ca",
              "isHook": false,
              "skipped": false
            }
          ],
          "suites": [],
          "passes": [],
          "failures": [
            "c120361a-559a-4fd7-9882-fbc86bea47f5",
            "0971b985-5de1-4c36-95e8-a3f2d206ed2c"
          ],
          "pending": [],
          "skipped": [],
          "duration": 8627,
          "root": false,
          "rootEmpty": false,
          "_timeout": 2000
        },
        {
          "uuid": "e21ebce4-6578-484b-966b-b8f334dbd6ad",
          "title": "7 - Clicar em uma das cores da paleta, faz com que ela seja selecionada e utilizada para preencher os pixels no quadro.",
          "fullFile": "",
          "file": "",
          "beforeHooks": [],
          "afterHooks": [],
          "tests": [
            {
              "title": "Verifica se somente uma cor da paleta de cores tem a classe `selected` de cada vez",
              "fullTitle": "7 - Clicar em uma das cores da paleta, faz com que ela seja selecionada e utilizada para preencher os pixels no quadro. Verifica se somente uma cor da paleta de cores tem a classe `selected` de cada vez",
              "timedOut": null,
              "duration": 4451,
              "state": "failed",
              "speed": null,
              "pass": false,
              "fail": true,
              "pending": false,
              "context": null,
              "code": "cy.get('.color').each(function (selectedColor, selectedColorIndex) {\n  cy.wrap(selectedColor).click();\n  cy.get('.color').each(function (color, colorIndex) {\n    if (colorIndex === selectedColorIndex) {\n      expect(color).to.have[\"class\"]('selected');\n    } else {\n      expect(color).not.to.have[\"class\"]('selected');\n    }\n  });\n});",
              "err": {
                "message": "CypressError: Timed out retrying: Expected to find element: '.color', but never found it.",
                "estack": "CypressError: Timed out retrying: Expected to find element: '.color', but never found it.\n    at cypressErr (http://localhost:46535/__cypress/runner/cypress_runner.js:149934:9)\n    at throwErr (http://localhost:46535/__cypress/runner/cypress_runner.js:149867:11)\n    at Object.throwErrByPath (http://localhost:46535/__cypress/runner/cypress_runner.js:149915:3)\n    at retry (http://localhost:46535/__cypress/runner/cypress_runner.js:144197:19)\n    at onFailFn (http://localhost:46535/__cypress/runner/cypress_runner.js:132448:16)\n    at tryCatcher (http://localhost:46535/__cypress/runner/cypress_runner.js:167415:23)\n    at Promise._settlePromiseFromHandler (http://localhost:46535/__cypress/runner/cypress_runner.js:165351:31)\n    at Promise._settlePromise (http://localhost:46535/__cypress/runner/cypress_runner.js:165408:18)\n    at Promise._settlePromise0 (http://localhost:46535/__cypress/runner/cypress_runner.js:165453:10)\n    at Promise._settlePromises (http://localhost:46535/__cypress/runner/cypress_runner.js:165528:18)\n    at Async../node_modules/bluebird/js/release/async.js.Async._drainQueue (http://localhost:46535/__cypress/runner/cypress_runner.js:162140:16)\n    at Async../node_modules/bluebird/js/release/async.js.Async._drainQueues (http://localhost:46535/__cypress/runner/cypress_runner.js:162150:10)\n    at Async.drainQueues (http://localhost:46535/__cypress/runner/cypress_runner.js:162024:14)",
                "diff": null
              },
              "uuid": "0db580b7-9833-46a3-a44a-6a883222b9e5",
              "parentUUID": "e21ebce4-6578-484b-966b-b8f334dbd6ad",
              "isHook": false,
              "skipped": false
            },
            {
              "title": "Verifica se os pixels dentro do quadro não têm a classe `selected` quando são clicados",
              "fullTitle": "7 - Clicar em uma das cores da paleta, faz com que ela seja selecionada e utilizada para preencher os pixels no quadro. Verifica se os pixels dentro do quadro não têm a classe `selected` quando são clicados",
              "timedOut": null,
              "duration": 4271,
              "state": "failed",
              "speed": null,
              "pass": false,
              "fail": true,
              "pending": false,
              "context": null,
              "code": "cy.get('.color').each(function (color) {\n  var backgroundColor = color.css('background-color');\n  cy.wrap(color).click();\n  cy.get('.pixel').each(function (pixel) {\n    cy.wrap(pixel).click().should('not.have.class', 'selected');\n  });\n});",
              "err": {
                "message": "CypressError: Timed out retrying: Expected to find element: '.color', but never found it.",
                "estack": "CypressError: Timed out retrying: Expected to find element: '.color', but never found it.\n    at cypressErr (http://localhost:46535/__cypress/runner/cypress_runner.js:149934:9)\n    at throwErr (http://localhost:46535/__cypress/runner/cypress_runner.js:149867:11)\n    at Object.throwErrByPath (http://localhost:46535/__cypress/runner/cypress_runner.js:149915:3)\n    at retry (http://localhost:46535/__cypress/runner/cypress_runner.js:144197:19)\n    at onFailFn (http://localhost:46535/__cypress/runner/cypress_runner.js:132448:16)\n    at tryCatcher (http://localhost:46535/__cypress/runner/cypress_runner.js:167415:23)\n    at Promise._settlePromiseFromHandler (http://localhost:46535/__cypress/runner/cypress_runner.js:165351:31)\n    at Promise._settlePromise (http://localhost:46535/__cypress/runner/cypress_runner.js:165408:18)\n    at Promise._settlePromise0 (http://localhost:46535/__cypress/runner/cypress_runner.js:165453:10)\n    at Promise._settlePromises (http://localhost:46535/__cypress/runner/cypress_runner.js:165528:18)\n    at Async../node_modules/bluebird/js/release/async.js.Async._drainQueue (http://localhost:46535/__cypress/runner/cypress_runner.js:162140:16)\n    at Async../node_modules/bluebird/js/release/async.js.Async._drainQueues (http://localhost:46535/__cypress/runner/cypress_runner.js:162150:10)\n    at Async.drainQueues (http://localhost:46535/__cypress/runner/cypress_runner.js:162024:14)",
                "diff": null
              },
              "uuid": "ba280831-99ef-4ba9-ab7e-1325c4e31322",
              "parentUUID": "e21ebce4-6578-484b-966b-b8f334dbd6ad",
              "isHook": false,
              "skipped": false
            }
          ],
          "suites": [],
          "passes": [],
          "failures": [
            "0db580b7-9833-46a3-a44a-6a883222b9e5",
            "ba280831-99ef-4ba9-ab7e-1325c4e31322"
          ],
          "pending": [],
          "skipped": [],
          "duration": 8722,
          "root": false,
          "rootEmpty": false,
          "_timeout": 2000
        },
        {
          "uuid": "b3505ef2-030a-42dd-9ab5-89f1ad60fd71",
          "title": "8 - Clicar em um pixel dentro do quadro após selecionar uma cor na paleta, faz com que o pixel seja preenchido com a cor selecionada.",
          "fullFile": "",
          "file": "",
          "beforeHooks": [],
          "afterHooks": [],
          "tests": [
            {
              "title": "Verifica se ao carregar a página deve ser possível pintar os pixels de preto",
              "fullTitle": "8 - Clicar em um pixel dentro do quadro após selecionar uma cor na paleta, faz com que o pixel seja preenchido com a cor selecionada. Verifica se ao carregar a página deve ser possível pintar os pixels de preto",
              "timedOut": null,
              "duration": 4328,
              "state": "failed",
              "speed": null,
              "pass": false,
              "fail": true,
              "pending": false,
              "context": null,
              "code": "cy.get('.pixel').each(function (pixel) {\n  cy.wrap(pixel).click().should('have.css', 'background-color', BLACK);\n});",
              "err": {
                "message": "CypressError: Timed out retrying: Expected to find element: '.pixel', but never found it.",
                "estack": "CypressError: Timed out retrying: Expected to find element: '.pixel', but never found it.\n    at cypressErr (http://localhost:46535/__cypress/runner/cypress_runner.js:149934:9)\n    at throwErr (http://localhost:46535/__cypress/runner/cypress_runner.js:149867:11)\n    at Object.throwErrByPath (http://localhost:46535/__cypress/runner/cypress_runner.js:149915:3)\n    at retry (http://localhost:46535/__cypress/runner/cypress_runner.js:144197:19)\n    at onFailFn (http://localhost:46535/__cypress/runner/cypress_runner.js:132448:16)\n    at tryCatcher (http://localhost:46535/__cypress/runner/cypress_runner.js:167415:23)\n    at Promise._settlePromiseFromHandler (http://localhost:46535/__cypress/runner/cypress_runner.js:165351:31)\n    at Promise._settlePromise (http://localhost:46535/__cypress/runner/cypress_runner.js:165408:18)\n    at Promise._settlePromise0 (http://localhost:46535/__cypress/runner/cypress_runner.js:165453:10)\n    at Promise._settlePromises (http://localhost:46535/__cypress/runner/cypress_runner.js:165528:18)\n    at Async../node_modules/bluebird/js/release/async.js.Async._drainQueue (http://localhost:46535/__cypress/runner/cypress_runner.js:162140:16)\n    at Async../node_modules/bluebird/js/release/async.js.Async._drainQueues (http://localhost:46535/__cypress/runner/cypress_runner.js:162150:10)\n    at Async.drainQueues (http://localhost:46535/__cypress/runner/cypress_runner.js:162024:14)",
                "diff": null
              },
              "uuid": "1a2eea25-26dd-4328-b7b6-7351bd5ccb13",
              "parentUUID": "b3505ef2-030a-42dd-9ab5-89f1ad60fd71",
              "isHook": false,
              "skipped": false
            },
            {
              "title": "Verifica se após selecionar uma outra cor na paleta, é possível pintar os pixels com essa cor",
              "fullTitle": "8 - Clicar em um pixel dentro do quadro após selecionar uma cor na paleta, faz com que o pixel seja preenchido com a cor selecionada. Verifica se após selecionar uma outra cor na paleta, é possível pintar os pixels com essa cor",
              "timedOut": null,
              "duration": 4438,
              "state": "failed",
              "speed": null,
              "pass": false,
              "fail": true,
              "pending": false,
              "context": null,
              "code": "cy.get('.color').each(function (color) {\n  var backgroundColor = color.css('background-color');\n  cy.wrap(color).click();\n  cy.get('.pixel').each(function (pixel) {\n    cy.wrap(pixel).click().should('have.css', 'background-color', backgroundColor);\n  });\n});",
              "err": {
                "message": "CypressError: Timed out retrying: Expected to find element: '.color', but never found it.",
                "estack": "CypressError: Timed out retrying: Expected to find element: '.color', but never found it.\n    at cypressErr (http://localhost:46535/__cypress/runner/cypress_runner.js:149934:9)\n    at throwErr (http://localhost:46535/__cypress/runner/cypress_runner.js:149867:11)\n    at Object.throwErrByPath (http://localhost:46535/__cypress/runner/cypress_runner.js:149915:3)\n    at retry (http://localhost:46535/__cypress/runner/cypress_runner.js:144197:19)\n    at onFailFn (http://localhost:46535/__cypress/runner/cypress_runner.js:132448:16)\n    at tryCatcher (http://localhost:46535/__cypress/runner/cypress_runner.js:167415:23)\n    at Promise._settlePromiseFromHandler (http://localhost:46535/__cypress/runner/cypress_runner.js:165351:31)\n    at Promise._settlePromise (http://localhost:46535/__cypress/runner/cypress_runner.js:165408:18)\n    at Promise._settlePromise0 (http://localhost:46535/__cypress/runner/cypress_runner.js:165453:10)\n    at Promise._settlePromises (http://localhost:46535/__cypress/runner/cypress_runner.js:165528:18)\n    at Async../node_modules/bluebird/js/release/async.js.Async._drainQueue (http://localhost:46535/__cypress/runner/cypress_runner.js:162140:16)\n    at Async../node_modules/bluebird/js/release/async.js.Async._drainQueues (http://localhost:46535/__cypress/runner/cypress_runner.js:162150:10)\n    at Async.drainQueues (http://localhost:46535/__cypress/runner/cypress_runner.js:162024:14)",
                "diff": null
              },
              "uuid": "ff7e7fda-33cd-4d65-bf8d-a7125559a0b8",
              "parentUUID": "b3505ef2-030a-42dd-9ab5-89f1ad60fd71",
              "isHook": false,
              "skipped": false
            },
            {
              "title": "Verifica se somente o pixel que foi clicado foi preenchido com a cor selecionada, sem influenciar na cor dos demais pixels.",
              "fullTitle": "8 - Clicar em um pixel dentro do quadro após selecionar uma cor na paleta, faz com que o pixel seja preenchido com a cor selecionada. Verifica se somente o pixel que foi clicado foi preenchido com a cor selecionada, sem influenciar na cor dos demais pixels.",
              "timedOut": null,
              "duration": 4303,
              "state": "failed",
              "speed": null,
              "pass": false,
              "fail": true,
              "pending": false,
              "context": null,
              "code": "var colorToPixelIndexMap = {\n  0: 6,\n  1: 8,\n  2: 16,\n  3: 18\n};\ncy.get('.color').each(function (color, index) {\n  cy.wrap(color).click();\n  var backgroundColor = color.css('background-color');\n  var clickedPixelIndex = colorToPixelIndexMap[index];\n  cy.get('.pixel').eq(clickedPixelIndex).click();\n  cy.get('.pixel').eq(clickedPixelIndex - 1).should('not.have.css', 'background-color', backgroundColor);\n  cy.get('.pixel').eq(clickedPixelIndex + 1).should('not.have.css', 'background-color', backgroundColor);\n  cy.get('.pixel').eq(clickedPixelIndex - 5).should('not.have.css', 'background-color', backgroundColor);\n  cy.get('.pixel').eq(clickedPixelIndex + 5).should('not.have.css', 'background-color', backgroundColor);\n  cy.get('.pixel').eq(clickedPixelIndex - 6).should('not.have.css', 'background-color', backgroundColor);\n  cy.get('.pixel').eq(clickedPixelIndex - 4).should('not.have.css', 'background-color', backgroundColor);\n  cy.get('.pixel').eq(clickedPixelIndex + 4).should('not.have.css', 'background-color', backgroundColor);\n  cy.get('.pixel').eq(clickedPixelIndex + 6).should('not.have.css', 'background-color', backgroundColor);\n});",
              "err": {
                "message": "CypressError: Timed out retrying: Expected to find element: '.color', but never found it.",
                "estack": "CypressError: Timed out retrying: Expected to find element: '.color', but never found it.\n    at cypressErr (http://localhost:46535/__cypress/runner/cypress_runner.js:149934:9)\n    at throwErr (http://localhost:46535/__cypress/runner/cypress_runner.js:149867:11)\n    at Object.throwErrByPath (http://localhost:46535/__cypress/runner/cypress_runner.js:149915:3)\n    at retry (http://localhost:46535/__cypress/runner/cypress_runner.js:144197:19)\n    at onFailFn (http://localhost:46535/__cypress/runner/cypress_runner.js:132448:16)\n    at tryCatcher (http://localhost:46535/__cypress/runner/cypress_runner.js:167415:23)\n    at Promise._settlePromiseFromHandler (http://localhost:46535/__cypress/runner/cypress_runner.js:165351:31)\n    at Promise._settlePromise (http://localhost:46535/__cypress/runner/cypress_runner.js:165408:18)\n    at Promise._settlePromise0 (http://localhost:46535/__cypress/runner/cypress_runner.js:165453:10)\n    at Promise._settlePromises (http://localhost:46535/__cypress/runner/cypress_runner.js:165528:18)\n    at Async../node_modules/bluebird/js/release/async.js.Async._drainQueue (http://localhost:46535/__cypress/runner/cypress_runner.js:162140:16)\n    at Async../node_modules/bluebird/js/release/async.js.Async._drainQueues (http://localhost:46535/__cypress/runner/cypress_runner.js:162150:10)\n    at Async.drainQueues (http://localhost:46535/__cypress/runner/cypress_runner.js:162024:14)",
                "diff": null
              },
              "uuid": "58baac44-1b39-42df-9dcb-52a3bea52d00",
              "parentUUID": "b3505ef2-030a-42dd-9ab5-89f1ad60fd71",
              "isHook": false,
              "skipped": false
            }
          ],
          "suites": [],
          "passes": [],
          "failures": [
            "1a2eea25-26dd-4328-b7b6-7351bd5ccb13",
            "ff7e7fda-33cd-4d65-bf8d-a7125559a0b8",
            "58baac44-1b39-42df-9dcb-52a3bea52d00"
          ],
          "pending": [],
          "skipped": [],
          "duration": 13069,
          "root": false,
          "rootEmpty": false,
          "_timeout": 2000
        },
        {
          "uuid": "005fc574-5bf6-4fac-8524-cd7cf6febb87",
          "title": "9 - Crie um botão que, ao ser clicado, limpa o quadro preenchendo a cor de todos seus pixels com branco.",
          "fullFile": "",
          "file": "",
          "beforeHooks": [],
          "afterHooks": [],
          "tests": [
            {
              "title": "Verifica se o botão tem o `id` denominado `clear-board`",
              "fullTitle": "9 - Crie um botão que, ao ser clicado, limpa o quadro preenchendo a cor de todos seus pixels com branco. Verifica se o botão tem o `id` denominado `clear-board`",
              "timedOut": null,
              "duration": 4365,
              "state": "failed",
              "speed": null,
              "pass": false,
              "fail": true,
              "pending": false,
              "context": null,
              "code": "cy.get('#clear-board').should('be.visible');",
              "err": {
                "message": "CypressError: Timed out retrying: Expected to find element: '#clear-board', but never found it.",
                "estack": "CypressError: Timed out retrying: Expected to find element: '#clear-board', but never found it.\n    at cypressErr (http://localhost:46535/__cypress/runner/cypress_runner.js:149934:9)\n    at throwErr (http://localhost:46535/__cypress/runner/cypress_runner.js:149867:11)\n    at Object.throwErrByPath (http://localhost:46535/__cypress/runner/cypress_runner.js:149915:3)\n    at retry (http://localhost:46535/__cypress/runner/cypress_runner.js:144197:19)\n    at onFailFn (http://localhost:46535/__cypress/runner/cypress_runner.js:132448:16)\n    at tryCatcher (http://localhost:46535/__cypress/runner/cypress_runner.js:167415:23)\n    at Promise._settlePromiseFromHandler (http://localhost:46535/__cypress/runner/cypress_runner.js:165351:31)\n    at Promise._settlePromise (http://localhost:46535/__cypress/runner/cypress_runner.js:165408:18)\n    at Promise._settlePromise0 (http://localhost:46535/__cypress/runner/cypress_runner.js:165453:10)\n    at Promise._settlePromises (http://localhost:46535/__cypress/runner/cypress_runner.js:165528:18)\n    at Async../node_modules/bluebird/js/release/async.js.Async._drainQueue (http://localhost:46535/__cypress/runner/cypress_runner.js:162140:16)\n    at Async../node_modules/bluebird/js/release/async.js.Async._drainQueues (http://localhost:46535/__cypress/runner/cypress_runner.js:162150:10)\n    at Async.drainQueues (http://localhost:46535/__cypress/runner/cypress_runner.js:162024:14)",
                "diff": null
              },
              "uuid": "1c360802-af0b-4b30-a282-161d2b6e7109",
              "parentUUID": "005fc574-5bf6-4fac-8524-cd7cf6febb87",
              "isHook": false,
              "skipped": false
            },
            {
              "title": "Verifica se o botão está posicionado entre a paleta de cores e o quadro de pixels",
              "fullTitle": "9 - Crie um botão que, ao ser clicado, limpa o quadro preenchendo a cor de todos seus pixels com branco. Verifica se o botão está posicionado entre a paleta de cores e o quadro de pixels",
              "timedOut": null,
              "duration": 4413,
              "state": "failed",
              "speed": null,
              "pass": false,
              "fail": true,
              "pending": false,
              "context": null,
              "code": "cy.get('#color-palette').then(function (palette) {\n  cy.get('#clear-board').should('be.belowOf', palette);\n});\ncy.get('#clear-board').then(function (clearBtn) {\n  cy.get('#pixel-board').should('be.belowOf', clearBtn);\n});",
              "err": {
                "message": "CypressError: Timed out retrying: Expected to find element: '#color-palette', but never found it.",
                "estack": "CypressError: Timed out retrying: Expected to find element: '#color-palette', but never found it.\n    at cypressErr (http://localhost:46535/__cypress/runner/cypress_runner.js:149934:9)\n    at throwErr (http://localhost:46535/__cypress/runner/cypress_runner.js:149867:11)\n    at Object.throwErrByPath (http://localhost:46535/__cypress/runner/cypress_runner.js:149915:3)\n    at retry (http://localhost:46535/__cypress/runner/cypress_runner.js:144197:19)\n    at onFailFn (http://localhost:46535/__cypress/runner/cypress_runner.js:132448:16)\n    at tryCatcher (http://localhost:46535/__cypress/runner/cypress_runner.js:167415:23)\n    at Promise._settlePromiseFromHandler (http://localhost:46535/__cypress/runner/cypress_runner.js:165351:31)\n    at Promise._settlePromise (http://localhost:46535/__cypress/runner/cypress_runner.js:165408:18)\n    at Promise._settlePromise0 (http://localhost:46535/__cypress/runner/cypress_runner.js:165453:10)\n    at Promise._settlePromises (http://localhost:46535/__cypress/runner/cypress_runner.js:165528:18)\n    at Async../node_modules/bluebird/js/release/async.js.Async._drainQueue (http://localhost:46535/__cypress/runner/cypress_runner.js:162140:16)\n    at Async../node_modules/bluebird/js/release/async.js.Async._drainQueues (http://localhost:46535/__cypress/runner/cypress_runner.js:162150:10)\n    at Async.drainQueues (http://localhost:46535/__cypress/runner/cypress_runner.js:162024:14)",
                "diff": null
              },
              "uuid": "db434bdf-2d66-40d9-9120-a220e08696cb",
              "parentUUID": "005fc574-5bf6-4fac-8524-cd7cf6febb87",
              "isHook": false,
              "skipped": false
            },
            {
              "title": "Verifica se o texto do botão é 'Limpar'",
              "fullTitle": "9 - Crie um botão que, ao ser clicado, limpa o quadro preenchendo a cor de todos seus pixels com branco. Verifica se o texto do botão é 'Limpar'",
              "timedOut": null,
              "duration": 4338,
              "state": "failed",
              "speed": null,
              "pass": false,
              "fail": true,
              "pending": false,
              "context": null,
              "code": "cy.get('#clear-board').should('contain.text', 'Limpar');",
              "err": {
                "message": "CypressError: Timed out retrying: Expected to find element: '#clear-board', but never found it.",
                "estack": "CypressError: Timed out retrying: Expected to find element: '#clear-board', but never found it.\n    at cypressErr (http://localhost:46535/__cypress/runner/cypress_runner.js:149934:9)\n    at throwErr (http://localhost:46535/__cypress/runner/cypress_runner.js:149867:11)\n    at Object.throwErrByPath (http://localhost:46535/__cypress/runner/cypress_runner.js:149915:3)\n    at retry (http://localhost:46535/__cypress/runner/cypress_runner.js:144197:19)\n    at onFailFn (http://localhost:46535/__cypress/runner/cypress_runner.js:132448:16)\n    at tryCatcher (http://localhost:46535/__cypress/runner/cypress_runner.js:167415:23)\n    at Promise._settlePromiseFromHandler (http://localhost:46535/__cypress/runner/cypress_runner.js:165351:31)\n    at Promise._settlePromise (http://localhost:46535/__cypress/runner/cypress_runner.js:165408:18)\n    at Promise._settlePromise0 (http://localhost:46535/__cypress/runner/cypress_runner.js:165453:10)\n    at Promise._settlePromises (http://localhost:46535/__cypress/runner/cypress_runner.js:165528:18)\n    at Async../node_modules/bluebird/js/release/async.js.Async._drainQueue (http://localhost:46535/__cypress/runner/cypress_runner.js:162140:16)\n    at Async../node_modules/bluebird/js/release/async.js.Async._drainQueues (http://localhost:46535/__cypress/runner/cypress_runner.js:162150:10)\n    at Async.drainQueues (http://localhost:46535/__cypress/runner/cypress_runner.js:162024:14)",
                "diff": null
              },
              "uuid": "25d8dad1-a70f-4582-99c7-baa8fb1de259",
              "parentUUID": "005fc574-5bf6-4fac-8524-cd7cf6febb87",
              "isHook": false,
              "skipped": false
            },
            {
              "title": "Verifica se ao clicar no botão, o quadro de pixels é totalmente preenchido de branco",
              "fullTitle": "9 - Crie um botão que, ao ser clicado, limpa o quadro preenchendo a cor de todos seus pixels com branco. Verifica se ao clicar no botão, o quadro de pixels é totalmente preenchido de branco",
              "timedOut": null,
              "duration": 4412,
              "state": "failed",
              "speed": null,
              "pass": false,
              "fail": true,
              "pending": false,
              "context": null,
              "code": "cy.get('.color').eq(1).then(function (color) {\n  var backgroundColor = color.css('background-color');\n  cy.wrap(color).click();\n  cy.get('.pixel').each(function (pixel) {\n    cy.wrap(pixel).click().should('have.css', 'background-color', backgroundColor);\n  });\n});\ncy.get('#clear-board').click();\ncy.get('.pixel').each(function (pixel) {\n  cy.wrap(pixel).should('have.css', 'background-color', WHITE);\n});",
              "err": {
                "message": "CypressError: Timed out retrying: Expected to find element: '.color', but never found it.",
                "estack": "CypressError: Timed out retrying: Expected to find element: '.color', but never found it.\n    at cypressErr (http://localhost:46535/__cypress/runner/cypress_runner.js:149934:9)\n    at throwErr (http://localhost:46535/__cypress/runner/cypress_runner.js:149867:11)\n    at Object.throwErrByPath (http://localhost:46535/__cypress/runner/cypress_runner.js:149915:3)\n    at retry (http://localhost:46535/__cypress/runner/cypress_runner.js:144197:19)\n    at onFailFn (http://localhost:46535/__cypress/runner/cypress_runner.js:132448:16)\n    at tryCatcher (http://localhost:46535/__cypress/runner/cypress_runner.js:167415:23)\n    at Promise._settlePromiseFromHandler (http://localhost:46535/__cypress/runner/cypress_runner.js:165351:31)\n    at Promise._settlePromise (http://localhost:46535/__cypress/runner/cypress_runner.js:165408:18)\n    at Promise._settlePromise0 (http://localhost:46535/__cypress/runner/cypress_runner.js:165453:10)\n    at Promise._settlePromises (http://localhost:46535/__cypress/runner/cypress_runner.js:165528:18)\n    at Async../node_modules/bluebird/js/release/async.js.Async._drainQueue (http://localhost:46535/__cypress/runner/cypress_runner.js:162140:16)\n    at Async../node_modules/bluebird/js/release/async.js.Async._drainQueues (http://localhost:46535/__cypress/runner/cypress_runner.js:162150:10)\n    at Async.drainQueues (http://localhost:46535/__cypress/runner/cypress_runner.js:162024:14)",
                "diff": null
              },
              "uuid": "e7352f79-384f-43ba-a795-36bc92c22056",
              "parentUUID": "005fc574-5bf6-4fac-8524-cd7cf6febb87",
              "isHook": false,
              "skipped": false
            }
          ],
          "suites": [],
          "passes": [],
          "failures": [
            "1c360802-af0b-4b30-a282-161d2b6e7109",
            "db434bdf-2d66-40d9-9120-a220e08696cb",
            "25d8dad1-a70f-4582-99c7-baa8fb1de259",
            "e7352f79-384f-43ba-a795-36bc92c22056"
          ],
          "pending": [],
[...]
                "diff": null
              },
              "uuid": "82d1ff64-396c-41cf-aa3f-d5090fd9314d",
              "parentUUID": "6c1c248a-07ee-43de-94b8-05835f0b3239",
              "isHook": false,
              "skipped": false
            },
            {
              "title": "Verifica se o novo quadro tem todos os pixels preenchidos com a cor branca",
              "fullTitle": "10 - Faça o quadro de pixels ter seu tamanho definido pelo usuário. Verifica se o novo quadro tem todos os pixels preenchidos com a cor branca",
              "timedOut": null,
              "duration": 4474,
              "state": "failed",
              "speed": null,
              "pass": false,
              "fail": true,
              "pending": false,
              "context": null,
              "code": "cy.get('#board-size').clear().type(6);\ncy.get('#generate-board').click();\ncy.get('.pixel').should('have.length', 36).each(function (pixel) {\n  expect(pixel).to.have.css('background-color', WHITE);\n});",
              "err": {
                "message": "CypressError: Timed out retrying: Expected to find element: '#board-size', but never found it.",
                "estack": "CypressError: Timed out retrying: Expected to find element: '#board-size', but never found it.\n    at cypressErr (http://localhost:46535/__cypress/runner/cypress_runner.js:149934:9)\n    at throwErr (http://localhost:46535/__cypress/runner/cypress_runner.js:149867:11)\n    at Object.throwErrByPath (http://localhost:46535/__cypress/runner/cypress_runner.js:149915:3)\n    at retry (http://localhost:46535/__cypress/runner/cypress_runner.js:144197:19)\n    at onFailFn (http://localhost:46535/__cypress/runner/cypress_runner.js:132448:16)\n    at tryCatcher (http://localhost:46535/__cypress/runner/cypress_runner.js:167415:23)\n    at Promise._settlePromiseFromHandler (http://localhost:46535/__cypress/runner/cypress_runner.js:165351:31)\n    at Promise._settlePromise (http://localhost:46535/__cypress/runner/cypress_runner.js:165408:18)\n    at Promise._settlePromise0 (http://localhost:46535/__cypress/runner/cypress_runner.js:165453:10)\n    at Promise._settlePromises (http://localhost:46535/__cypress/runner/cypress_runner.js:165528:18)\n    at Async../node_modules/bluebird/js/release/async.js.Async._drainQueue (http://localhost:46535/__cypress/runner/cypress_runner.js:162140:16)\n    at Async../node_modules/bluebird/js/release/async.js.Async._drainQueues (http://localhost:46535/__cypress/runner/cypress_runner.js:162150:10)\n    at Async.drainQueues (http://localhost:46535/__cypress/runner/cypress_runner.js:162024:14)",
                "diff": null
              },
              "uuid": "bf949816-fe91-4163-8744-d1b5f368f3df",
              "parentUUID": "6c1c248a-07ee-43de-94b8-05835f0b3239",
              "isHook": false,
              "skipped": false
            }
          ],
          "suites": [],
          "passes": [],
          "failures": [
            "b03a3904-da6b-4e14-993a-c20e1c8607c2",
            "27d8d0fa-d299-4acc-beba-f68ad561701b",
            "58ff10f5-0b90-44da-a940-830cc5940826",
            "e0d26578-3c7a-4f47-ad7a-b8298434cdbb",
            "7b2fffa9-67c0-4e94-8adf-4d1aba9d21d6",
            "e06516ff-868e-4c83-a1b9-14f253e6862d",
            "5f10e73d-dfae-43ef-aab0-028eb80fc184",
            "82d1ff64-396c-41cf-aa3f-d5090fd9314d",
            "bf949816-fe91-4163-8744-d1b5f368f3df"
          ],
          "pending": [],
          "skipped": [],
          "duration": 39629,
          "root": false,
          "rootEmpty": false,
          "_timeout": 2000
        },
        {
          "uuid": "3775eae1-5041-4d46-96f8-83fad312d1bc",
          "title": "11 - Limite o tamanho mínimo e máximo do board.",
          "fullFile": "",
          "file": "",
          "beforeHooks": [],
          "afterHooks": [],
          "tests": [
            {
              "title": "Verifica se a altura máxima do board é 50",
              "fullTitle": "11 - Limite o tamanho mínimo e máximo do board. Verifica se a altura máxima do board é 50",
              "timedOut": null,
              "duration": 4489,
              "state": "failed",
              "speed": null,
              "pass": false,
              "fail": true,
              "pending": false,
              "context": null,
              "code": "cy.get('#board-size').clear().type(50);\ncy.get('#generate-board').click();\ncy.get('.pixel').should('have.length', 2500);",
              "err": {
                "message": "CypressError: Timed out retrying: Expected to find element: '#board-size', but never found it.",
                "estack": "CypressError: Timed out retrying: Expected to find element: '#board-size', but never found it.\n    at cypressErr (http://localhost:46535/__cypress/runner/cypress_runner.js:149934:9)\n    at throwErr (http://localhost:46535/__cypress/runner/cypress_runner.js:149867:11)\n    at Object.throwErrByPath (http://localhost:46535/__cypress/runner/cypress_runner.js:149915:3)\n    at retry (http://localhost:46535/__cypress/runner/cypress_runner.js:144197:19)\n    at onFailFn (http://localhost:46535/__cypress/runner/cypress_runner.js:132448:16)\n    at tryCatcher (http://localhost:46535/__cypress/runner/cypress_runner.js:167415:23)\n    at Promise._settlePromiseFromHandler (http://localhost:46535/__cypress/runner/cypress_runner.js:165351:31)\n    at Promise._settlePromise (http://localhost:46535/__cypress/runner/cypress_runner.js:165408:18)\n    at Promise._settlePromise0 (http://localhost:46535/__cypress/runner/cypress_runner.js:165453:10)\n    at Promise._settlePromises (http://localhost:46535/__cypress/runner/cypress_runner.js:165528:18)\n    at Async../node_modules/bluebird/js/release/async.js.Async._drainQueue (http://localhost:46535/__cypress/runner/cypress_runner.js:162140:16)\n    at Async../node_modules/bluebird/js/release/async.js.Async._drainQueues (http://localhost:46535/__cypress/runner/cypress_runner.js:162150:10)\n    at Async.drainQueues (http://localhost:46535/__cypress/runner/cypress_runner.js:162024:14)",
                "diff": null
              },
              "uuid": "ab08af83-a6f7-490e-bcd8-454bd245b597",
              "parentUUID": "3775eae1-5041-4d46-96f8-83fad312d1bc",
              "isHook": false,
              "skipped": false
            },
            {
              "title": "Verifica se a altura do board é 5 quando um valor menor é colocado no input",
              "fullTitle": "11 - Limite o tamanho mínimo e máximo do board. Verifica se a altura do board é 5 quando um valor menor é colocado no input",
              "timedOut": null,
              "duration": 4424,
              "state": "failed",
              "speed": null,
              "pass": false,
              "fail": true,
              "pending": false,
              "context": null,
              "code": "cy.get('#board-size').clear().type(4);\ncy.get('#generate-board').click();\ncy.get('.pixel').should('have.length', 25);",
              "err": {
                "message": "CypressError: Timed out retrying: Expected to find element: '#board-size', but never found it.",
                "estack": "CypressError: Timed out retrying: Expected to find element: '#board-size', but never found it.\n    at cypressErr (http://localhost:46535/__cypress/runner/cypress_runner.js:149934:9)\n    at throwErr (http://localhost:46535/__cypress/runner/cypress_runner.js:149867:11)\n    at Object.throwErrByPath (http://localhost:46535/__cypress/runner/cypress_runner.js:149915:3)\n    at retry (http://localhost:46535/__cypress/runner/cypress_runner.js:144197:19)\n    at onFailFn (http://localhost:46535/__cypress/runner/cypress_runner.js:132448:16)\n    at tryCatcher (http://localhost:46535/__cypress/runner/cypress_runner.js:167415:23)\n    at Promise._settlePromiseFromHandler (http://localhost:46535/__cypress/runner/cypress_runner.js:165351:31)\n    at Promise._settlePromise (http://localhost:46535/__cypress/runner/cypress_runner.js:165408:18)\n    at Promise._settlePromise0 (http://localhost:46535/__cypress/runner/cypress_runner.js:165453:10)\n    at Promise._settlePromises (http://localhost:46535/__cypress/runner/cypress_runner.js:165528:18)\n    at Async../node_modules/bluebird/js/release/async.js.Async._drainQueue (http://localhost:46535/__cypress/runner/cypress_runner.js:162140:16)\n    at Async../node_modules/bluebird/js/release/async.js.Async._drainQueues (http://localhost:46535/__cypress/runner/cypress_runner.js:162150:10)\n    at Async.drainQueues (http://localhost:46535/__cypress/runner/cypress_runner.js:162024:14)",
                "diff": null
              },
              "uuid": "5c57dde8-2b20-4d24-9878-379fdad454f7",
              "parentUUID": "3775eae1-5041-4d46-96f8-83fad312d1bc",
              "isHook": false,
              "skipped": false
            },
            {
              "title": "Verifica se a altura do board é 50 quando um valor maior é colocado no input",
              "fullTitle": "11 - Limite o tamanho mínimo e máximo do board. Verifica se a altura do board é 50 quando um valor maior é colocado no input",
              "timedOut": null,
              "duration": 4324,
              "state": "failed",
              "speed": null,
              "pass": false,
              "fail": true,
              "pending": false,
              "context": null,
              "code": "cy.get('#board-size').clear().type(51);\ncy.get('#generate-board').click();\ncy.get('.pixel').should('have.length', 2500);",
              "err": {
                "message": "CypressError: Timed out retrying: Expected to find element: '#board-size', but never found it.",
                "estack": "CypressError: Timed out retrying: Expected to find element: '#board-size', but never found it.\n    at cypressErr (http://localhost:46535/__cypress/runner/cypress_runner.js:149934:9)\n    at throwErr (http://localhost:46535/__cypress/runner/cypress_runner.js:149867:11)\n    at Object.throwErrByPath (http://localhost:46535/__cypress/runner/cypress_runner.js:149915:3)\n    at retry (http://localhost:46535/__cypress/runner/cypress_runner.js:144197:19)\n    at onFailFn (http://localhost:46535/__cypress/runner/cypress_runner.js:132448:16)\n    at tryCatcher (http://localhost:46535/__cypress/runner/cypress_runner.js:167415:23)\n    at Promise._settlePromiseFromHandler (http://localhost:46535/__cypress/runner/cypress_runner.js:165351:31)\n    at Promise._settlePromise (http://localhost:46535/__cypress/runner/cypress_runner.js:165408:18)\n    at Promise._settlePromise0 (http://localhost:46535/__cypress/runner/cypress_runner.js:165453:10)\n    at Promise._settlePromises (http://localhost:46535/__cypress/runner/cypress_runner.js:165528:18)\n    at Async../node_modules/bluebird/js/release/async.js.Async._drainQueue (http://localhost:46535/__cypress/runner/cypress_runner.js:162140:16)\n    at Async../node_modules/bluebird/js/release/async.js.Async._drainQueues (http://localhost:46535/__cypress/runner/cypress_runner.js:162150:10)\n    at Async.drainQueues (http://localhost:46535/__cypress/runner/cypress_runner.js:162024:14)",
                "diff": null
              },
              "uuid": "bef2af87-ec0f-4a7b-b111-035297feae96",
              "parentUUID": "3775eae1-5041-4d46-96f8-83fad312d1bc",
              "isHook": false,
              "skipped": false
            }
          ],
          "suites": [],
          "passes": [],
          "failures": [
            "ab08af83-a6f7-490e-bcd8-454bd245b597",
            "5c57dde8-2b20-4d24-9878-379fdad454f7",
            "bef2af87-ec0f-4a7b-b111-035297feae96"
          ],
          "pending": [],
          "skipped": [],
          "duration": 13237,
          "root": false,
          "rootEmpty": false,
          "_timeout": 2000
        },
        {
          "uuid": "6a66d1fe-9266-4d57-9e77-b9e62c78c840",
          "title": "12 - Faça com que as cores da paleta sejam geradas aleatoriamente ao carregar a página.",
          "fullFile": "",
          "file": "",
          "beforeHooks": [],
          "afterHooks": [],
          "tests": [
            {
              "title": "Verifica se as cores geradas na paleta são diferentes a cada carregamento da página",
              "fullTitle": "12 - Faça com que as cores da paleta sejam geradas aleatoriamente ao carregar a página. Verifica se as cores geradas na paleta são diferentes a cada carregamento da página",
              "timedOut": null,
              "duration": 4430,
              "state": "failed",
              "speed": null,
              "pass": false,
              "fail": true,
              "pending": false,
              "context": null,
              "code": "cy.get('.color').then(function (colors) {\n  var currentColors;\n  var previousColors;\n  previousColors = Array.from(colors).map(function (color) {\n    return Cypress.$(color).css('background-color');\n  });\n  for (var i = 0; i < 5; i += 1) {\n    cy.reload();\n    cy.get('.color').then(function (colors) {\n      currentColors = Array.from(colors).map(function (color) {\n        return Cypress.$(color).css('background-color');\n      });\n      expect(currentColors).not.to.deep.equal(previousColors);\n      previousColors = currentColors;\n    });\n  }\n});",
              "err": {
                "message": "CypressError: Timed out retrying: Expected to find element: '.color', but never found it.",
                "estack": "CypressError: Timed out retrying: Expected to find element: '.color', but never found it.\n    at cypressErr (http://localhost:46535/__cypress/runner/cypress_runner.js:149934:9)\n    at throwErr (http://localhost:46535/__cypress/runner/cypress_runner.js:149867:11)\n    at Object.throwErrByPath (http://localhost:46535/__cypress/runner/cypress_runner.js:149915:3)\n    at retry (http://localhost:46535/__cypress/runner/cypress_runner.js:144197:19)\n    at onFailFn (http://localhost:46535/__cypress/runner/cypress_runner.js:132448:16)\n    at tryCatcher (http://localhost:46535/__cypress/runner/cypress_runner.js:167415:23)\n    at Promise._settlePromiseFromHandler (http://localhost:46535/__cypress/runner/cypress_runner.js:165351:31)\n    at Promise._settlePromise (http://localhost:46535/__cypress/runner/cypress_runner.js:165408:18)\n    at Promise._settlePromise0 (http://localhost:46535/__cypress/runner/cypress_runner.js:165453:10)\n    at Promise._settlePromises (http://localhost:46535/__cypress/runner/cypress_runner.js:165528:18)\n    at Async../node_modules/bluebird/js/release/async.js.Async._drainQueue (http://localhost:46535/__cypress/runner/cypress_runner.js:162140:16)\n    at Async../node_modules/bluebird/js/release/async.js.Async._drainQueues (http://localhost:46535/__cypress/runner/cypress_runner.js:162150:10)\n    at Async.drainQueues (http://localhost:46535/__cypress/runner/cypress_runner.js:162024:14)",
                "diff": null
              },
              "uuid": "9cc72ca5-8d9d-4f6b-975e-bcd2dc1932da",
              "parentUUID": "6a66d1fe-9266-4d57-9e77-b9e62c78c840",
              "isHook": false,
              "skipped": false
            },
            {
              "title": "Verifica se a cor preta ainda está presente e é a primeira na sua paleta de cores",
              "fullTitle": "12 - Faça com que as cores da paleta sejam geradas aleatoriamente ao carregar a página. Verifica se a cor preta ainda está presente e é a primeira na sua paleta de cores",
              "timedOut": null,
              "duration": 4386,
              "state": "failed",
              "speed": null,
              "pass": false,
              "fail": true,
              "pending": false,
              "context": null,
              "code": "cy.get('.color').then(function (colors) {\n  var currentColors;\n  var previousColors;\n  previousColors = Array.from(colors).map(function (color) {\n    return Cypress.$(color).css('background-color');\n  });\n  expect(previousColors[0]).to.eq(BLACK);\n  for (var i = 0; i < 5; i += 1) {\n    cy.reload();\n    cy.get('.color').then(function (colors) {\n      currentColors = Array.from(colors).map(function (color) {\n        return Cypress.$(color).css('background-color');\n      });\n      expect(currentColors[0]).to.eq(BLACK);\n      expect(currentColors).not.to.deep.equal(previousColors);\n      previousColors = currentColors;\n    });\n  }\n});",
              "err": {
                "message": "CypressError: Timed out retrying: Expected to find element: '.color', but never found it.",
                "estack": "CypressError: Timed out retrying: Expected to find element: '.color', but never found it.\n    at cypressErr (http://localhost:46535/__cypress/runner/cypress_runner.js:149934:9)\n    at throwErr (http://localhost:46535/__cypress/runner/cypress_runner.js:149867:11)\n    at Object.throwErrByPath (http://localhost:46535/__cypress/runner/cypress_runner.js:149915:3)\n    at retry (http://localhost:46535/__cypress/runner/cypress_runner.js:144197:19)\n    at onFailFn (http://localhost:46535/__cypress/runner/cypress_runner.js:132448:16)\n    at tryCatcher (http://localhost:46535/__cypress/runner/cypress_runner.js:167415:23)\n    at Promise._settlePromiseFromHandler (http://localhost:46535/__cypress/runner/cypress_runner.js:165351:31)\n    at Promise._settlePromise (http://localhost:46535/__cypress/runner/cypress_runner.js:165408:18)\n    at Promise._settlePromise0 (http://localhost:46535/__cypress/runner/cypress_runner.js:165453:10)\n    at Promise._settlePromises (http://localhost:46535/__cypress/runner/cypress_runner.js:165528:18)\n    at Async../node_modules/bluebird/js/release/async.js.Async._drainQueue (http://localhost:46535/__cypress/runner/cypress_runner.js:162140:16)\n    at Async../node_modules/bluebird/js/release/async.js.Async._drainQueues (http://localhost:46535/__cypress/runner/cypress_runner.js:162150:10)\n    at Async.drainQueues (http://localhost:46535/__cypress/runner/cypress_runner.js:162024:14)",
                "diff": null
              },
              "uuid": "d629270a-0d9f-495a-a8ba-a003b10c9bad",
              "parentUUID": "6a66d1fe-9266-4d57-9e77-b9e62c78c840",
              "isHook": false,
              "skipped": false
            }
          ],
          "suites": [],
          "passes": [],
          "failures": [
            "9cc72ca5-8d9d-4f6b-975e-bcd2dc1932da",
            "d629270a-0d9f-495a-a8ba-a003b10c9bad"
          ],
          "pending": [],
          "skipped": [],
          "duration": 8816,
          "root": false,
          "rootEmpty": false,
          "_timeout": 2000
        }
      ],
      "passes": [],
      "failures": [],
      "pending": [],
      "skipped": [],
      "duration": 0,
      "root": true,
      "rootEmpty": true,
      "_timeout": 2000
    }
  ],
  "meta": {
    "mocha": {
      "version": "7.0.1"
    },
    "mochawesome": {
      "options": {
        "quiet": false,
        "reportFilename": "mochawesome",
        "saveHtml": false,
        "saveJson": true,
        "consoleReporter": "spec",
        "useInlineDiffs": false
      },
      "version": "4.1.0"
    },
    "marge": {
      "options": {
        "id": "default",
        "reportDir": "cypress/reports",
        "overwrite": true,
        "html": false,
        "json": true
      },
      "version": "4.1.0"
    }
  }
}