{
  "stats": {
    "suites": 12,
    "tests": 41,
    "passes": 21,
    "pending": 0,
    "failures": 20,
    "start": "2021-08-14T00:25:05.152Z",
    "end": "2021-08-14T00:27:38.879Z",
    "duration": 153727,
    "testsRegistered": 41,
    "passPercent": 51.21951219512195,
    "pendingPercent": 0,
    "other": 0,
    "hasOther": false,
    "skipped": 0,
    "hasSkipped": false
  },
  "results": [
    {
      "uuid": "e88d38ae-d3ae-4fd1-a877-40490a147a89",
      "title": "",
      "fullFile": "cypress/integration/project.spec.js",
      "file": "cypress/integration/project.spec.js",
      "beforeHooks": [],
      "afterHooks": [],
      "tests": [],
      "suites": [
        {
          "uuid": "a057ded6-cc88-4582-b4fc-0a60cedb266a",
          "title": "1 - Adicione à página o título \"Paleta de Cores\".",
          "fullFile": "",
          "file": "",
          "beforeHooks": [],
          "afterHooks": [],
          "tests": [
            {
              "title": "Verifica se contém um elemento `h1` com o id `title` com o título correto",
              "fullTitle": "1 - Adicione à página o título \"Paleta de Cores\". Verifica se contém um elemento `h1` com o id `title` com o título correto",
              "timedOut": null,
              "duration": 790,
              "state": "passed",
              "speed": "slow",
              "pass": true,
              "fail": false,
              "pending": false,
              "context": null,
              "code": "cy.get('h1#title').should('contain.text', 'Paleta de Cores');",
              "err": {},
              "uuid": "900bf78a-fef4-4a4d-b1c7-5a696b1b7257",
              "parentUUID": "a057ded6-cc88-4582-b4fc-0a60cedb266a",
              "isHook": false,
              "skipped": false
            }
          ],
          "suites": [],
          "passes": [
            "900bf78a-fef4-4a4d-b1c7-5a696b1b7257"
          ],
          "failures": [],
          "pending": [],
          "skipped": [],
          "duration": 790,
          "root": false,
          "rootEmpty": false,
          "_timeout": 2000
        },
        {
          "uuid": "46d398e5-d4b9-4e78-8960-d00a2f4d0738",
          "title": "2 - Adicione à página uma paleta de quatro cores distintas.",
          "fullFile": "",
          "file": "",
          "beforeHooks": [],
          "afterHooks": [],
          "tests": [
            {
              "title": "A paleta de cores deve ser um elemento com `id` denominado `color-palette`",
              "fullTitle": "2 - Adicione à página uma paleta de quatro cores distintas. A paleta de cores deve ser um elemento com `id` denominado `color-palette`",
              "timedOut": null,
              "duration": 521,
              "state": "passed",
              "speed": "slow",
              "pass": true,
              "fail": false,
              "pending": false,
              "context": null,
              "code": "cy.get('#color-palette').should('be.visible');",
              "err": {},
              "uuid": "cf6bb356-97ce-409f-aaf4-1e02b98c5941",
              "parentUUID": "46d398e5-d4b9-4e78-8960-d00a2f4d0738",
              "isHook": false,
              "skipped": false
            },
            {
              "title": "Verifica se cada cor individual da paleta de cores possui a `classe` chamada `color`.",
              "fullTitle": "2 - Adicione à página uma paleta de quatro cores distintas. Verifica se cada cor individual da paleta de cores possui a `classe` chamada `color`.",
              "timedOut": null,
              "duration": 719,
              "state": "passed",
              "speed": "slow",
              "pass": true,
              "fail": false,
              "pending": false,
              "context": null,
              "code": "cy.get('.color').should('have.length', 4).then(function (colors) {\n  for (var i = 0; i < colors.length; i++) {\n    cy.wrap(colors[i]).should('be.visible');\n  }\n});",
              "err": {},
              "uuid": "88c89cc0-d925-4046-9470-4420f4f1a289",
              "parentUUID": "46d398e5-d4b9-4e78-8960-d00a2f4d0738",
              "isHook": false,
              "skipped": false
            },
            {
              "title": "Verifica se a cor de fundo de cada elemento da paleta é a cor que o elemento representa. **A única cor não permitida na paleta é a cor branca.**",
              "fullTitle": "2 - Adicione à página uma paleta de quatro cores distintas. Verifica se a cor de fundo de cada elemento da paleta é a cor que o elemento representa. **A única cor não permitida na paleta é a cor branca.**",
              "timedOut": null,
              "duration": 766,
              "state": "passed",
              "speed": "slow",
              "pass": true,
              "fail": false,
              "pending": false,
              "context": null,
              "code": "cy.get('.color').each(function (color) {\n  cy.wrap(color).should('have.class', 'color').and('not.have.css', 'background-color', WHITE);\n  cy.wrap(color).should('have.css', 'background-color');\n});",
              "err": {},
              "uuid": "c573259c-7412-4459-964c-a6007a43d413",
              "parentUUID": "46d398e5-d4b9-4e78-8960-d00a2f4d0738",
              "isHook": false,
              "skipped": false
            },
            {
              "title": "Verifica se cada elemento da paleta de cores tem uma borda preta, sólida e com 1 pixel de largura;",
              "fullTitle": "2 - Adicione à página uma paleta de quatro cores distintas. Verifica se cada elemento da paleta de cores tem uma borda preta, sólida e com 1 pixel de largura;",
              "timedOut": null,
              "duration": 576,
              "state": "passed",
              "speed": "slow",
              "pass": true,
              "fail": false,
              "pending": false,
              "context": null,
              "code": "cy.get('.color').each(function (color) {\n  cy.wrap(color).and('have.css', 'border', \"1px solid \".concat(BLACK)).and('have.class', 'color');\n});",
              "err": {},
              "uuid": "028abdd5-d53f-4286-a04d-582342e07106",
              "parentUUID": "46d398e5-d4b9-4e78-8960-d00a2f4d0738",
              "isHook": false,
              "skipped": false
            },
            {
              "title": "Verifica se a paleta lista todas as cores disponíveis para utilização, lado a lado.",
              "fullTitle": "2 - Adicione à página uma paleta de quatro cores distintas. Verifica se a paleta lista todas as cores disponíveis para utilização, lado a lado.",
              "timedOut": null,
              "duration": 737,
              "state": "passed",
              "speed": "slow",
              "pass": true,
              "fail": false,
              "pending": false,
              "context": null,
              "code": "cy.get('.color').then(function (colors) {\n  for (var index = 1; index < colors.length; index += 1) {\n    var currentColor = colors[index];\n    var previousColor = colors[index - 1];\n    cy.wrap(currentColor).should('be.onTheRightOf', previousColor).and('be.horizontallyAlignedWith', previousColor);\n  }\n});",
              "err": {},
              "uuid": "ccb841b2-82c8-4218-a45e-6136ca812a8c",
              "parentUUID": "46d398e5-d4b9-4e78-8960-d00a2f4d0738",
              "isHook": false,
              "skipped": false
            },
            {
              "title": "Verifica se a paleta de cores está posicionada abaixo do título 'Paleta de Cores'",
              "fullTitle": "2 - Adicione à página uma paleta de quatro cores distintas. Verifica se a paleta de cores está posicionada abaixo do título 'Paleta de Cores'",
              "timedOut": null,
              "duration": 634,
              "state": "passed",
              "speed": "slow",
              "pass": true,
              "fail": false,
              "pending": false,
              "context": null,
              "code": "cy.get('h1#title').then(function (title) {\n  cy.get('#color-palette').should('be.belowOf', title);\n});",
              "err": {},
              "uuid": "93e5d1b3-97d2-404f-9d9c-dc6ecd7b0b3e",
              "parentUUID": "46d398e5-d4b9-4e78-8960-d00a2f4d0738",
              "isHook": false,
              "skipped": false
            },
            {
              "title": "Verifica se a paleta de cores não contém cores repetidas.",
              "fullTitle": "2 - Adicione à página uma paleta de quatro cores distintas. Verifica se a paleta de cores não contém cores repetidas.",
              "timedOut": null,
              "duration": 652,
              "state": "passed",
              "speed": "slow",
              "pass": true,
              "fail": false,
              "pending": false,
              "context": null,
              "code": "cy.get('.color').then(function (colors) {\n  var allColors = Array.from(colors).map(function (color) {\n    return Cypress.$(color).css('background-color');\n  });\n  cy.log(allColors);\n  var uniqColors = (0, _toConsumableArray2[\"default\"])(new Set(allColors));\n  cy.log(uniqColors);\n  expect(allColors.length).to.eq(uniqColors.length);\n});",
              "err": {},
              "uuid": "134edac6-a56d-4b8b-b7fe-6d14f353d73f",
              "parentUUID": "46d398e5-d4b9-4e78-8960-d00a2f4d0738",
              "isHook": false,
              "skipped": false
            }
          ],
          "suites": [],
          "passes": [
            "cf6bb356-97ce-409f-aaf4-1e02b98c5941",
            "88c89cc0-d925-4046-9470-4420f4f1a289",
            "c573259c-7412-4459-964c-a6007a43d413",
            "028abdd5-d53f-4286-a04d-582342e07106",
            "ccb841b2-82c8-4218-a45e-6136ca812a8c",
            "93e5d1b3-97d2-404f-9d9c-dc6ecd7b0b3e",
            "134edac6-a56d-4b8b-b7fe-6d14f353d73f"
          ],
          "failures": [],
          "pending": [],
          "skipped": [],
          "duration": 4605,
          "root": false,
          "rootEmpty": false,
          "_timeout": 2000
        },
        {
          "uuid": "42989c09-42c7-4012-9791-9d2014346b9b",
          "title": "3 - Adicione a cor **preta** como a primeira cor da paleta de cores.",
          "fullFile": "",
          "file": "",
          "beforeHooks": [],
          "afterHooks": [],
          "tests": [
            {
              "title": "Verifica se a primeira cor da paleta é preta",
              "fullTitle": "3 - Adicione a cor **preta** como a primeira cor da paleta de cores. Verifica se a primeira cor da paleta é preta",
              "timedOut": null,
              "duration": 367,
              "state": "passed",
              "speed": "slow",
              "pass": true,
              "fail": false,
              "pending": false,
              "context": null,
              "code": "cy.get('.color').first().should('have.css', 'background-color', BLACK);",
              "err": {},
              "uuid": "e4bb9a26-6ef8-4f97-bd63-5d3b79db5be1",
              "parentUUID": "42989c09-42c7-4012-9791-9d2014346b9b",
              "isHook": false,
              "skipped": false
            },
            {
              "title": "Verifica se as demais cores podem ser escolhidas livremente.",
              "fullTitle": "3 - Adicione a cor **preta** como a primeira cor da paleta de cores. Verifica se as demais cores podem ser escolhidas livremente.",
              "timedOut": null,
              "duration": 1520,
              "state": "passed",
              "speed": "slow",
              "pass": true,
              "fail": false,
              "pending": false,
              "context": null,
              "code": "cy.get('.color').eq(1).should('not.have.css', 'background-color', BLACK);\ncy.get('.color').eq(1).should('not.have.css', 'background-color', WHITE);\ncy.get('.color').eq(1).should('not.have.css', 'background-color', 'rgba(0, 0, 0, 0)');\ncy.get('.color').eq(1).should('have.css', 'background-color');\ncy.get('.color').eq(2).should('not.have.css', 'background-color', BLACK);\ncy.get('.color').eq(2).should('not.have.css', 'background-color', WHITE);\ncy.get('.color').eq(2).should('not.have.css', 'background-color', 'rgba(0, 0, 0, 0)');\ncy.get('.color').eq(2).should('have.css', 'background-color');\ncy.get('.color').eq(3).should('not.have.css', 'background-color', BLACK);\ncy.get('.color').eq(3).should('not.have.css', 'background-color', WHITE);\ncy.get('.color').eq(3).should('not.have.css', 'background-color', 'rgba(0, 0, 0, 0)');\ncy.get('.color').eq(3).should('have.css', 'background-color');",
              "err": {},
              "uuid": "d044eadb-01d0-424d-b789-8f2c33fb1873",
              "parentUUID": "42989c09-42c7-4012-9791-9d2014346b9b",
              "isHook": false,
              "skipped": false
            }
          ],
          "suites": [],
          "passes": [
            "e4bb9a26-6ef8-4f97-bd63-5d3b79db5be1",
            "d044eadb-01d0-424d-b789-8f2c33fb1873"
          ],
          "failures": [],
          "pending": [],
          "skipped": [],
          "duration": 1887,
          "root": false,
          "rootEmpty": false,
          "_timeout": 2000
        },
        {
          "uuid": "8adbd470-5700-44d3-ab8a-331219b331ab",
          "title": "4 - Adicione à página um quadro de pixels, com 25 pixels.",
          "fullFile": "",
          "file": "",
          "beforeHooks": [],
          "afterHooks": [],
          "tests": [
            {
              "title": "Verifica se o quadro de pixels possui o `id` denominado `pixel-board`",
              "fullTitle": "4 - Adicione à página um quadro de pixels, com 25 pixels. Verifica se o quadro de pixels possui o `id` denominado `pixel-board`",
              "timedOut": null,
              "duration": 478,
              "state": "passed",
              "speed": "slow",
              "pass": true,
              "fail": false,
              "pending": false,
              "context": null,
              "code": "cy.get('#pixel-board').should('be.visible');",
              "err": {},
              "uuid": "4ecbe335-d1a4-4ccd-bcdb-2e1fa16c58b3",
              "parentUUID": "8adbd470-5700-44d3-ab8a-331219b331ab",
              "isHook": false,
              "skipped": false
            },
            {
              "title": "Verifica se cada pixel individual dentro do quadro possui a `classe` denominada `pixel`.",
              "fullTitle": "4 - Adicione à página um quadro de pixels, com 25 pixels. Verifica se cada pixel individual dentro do quadro possui a `classe` denominada `pixel`.",
              "timedOut": null,
              "duration": 816,
              "state": "passed",
              "speed": "slow",
              "pass": true,
              "fail": false,
              "pending": false,
              "context": null,
              "code": "cy.get('.pixel').should('have.length', 25);",
              "err": {},
              "uuid": "7d12c771-e236-4b0b-9f28-2e3fe130a1fe",
              "parentUUID": "8adbd470-5700-44d3-ab8a-331219b331ab",
              "isHook": false,
              "skipped": false
            },
            {
              "title": "Verifica se a cor inicial dos pixels dentro do quadro, ao abrir a página, é branca.",
              "fullTitle": "4 - Adicione à página um quadro de pixels, com 25 pixels. Verifica se a cor inicial dos pixels dentro do quadro, ao abrir a página, é branca.",
              "timedOut": null,
              "duration": 1032,
              "state": "passed",
              "speed": "slow",
              "pass": true,
              "fail": false,
              "pending": false,
              "context": null,
              "code": "cy.get('.pixel').should('have.length', 25).each(function (pixel) {\n  expect(pixel).to.have.css('background-color', WHITE);\n});",
              "err": {},
              "uuid": "1281fb39-6cfd-457f-8730-70eab9b27c29",
              "parentUUID": "8adbd470-5700-44d3-ab8a-331219b331ab",
              "isHook": false,
              "skipped": false
            },
            {
              "title": "Verifica se o quadro de pixels aparece abaixo da paleta de cores",
              "fullTitle": "4 - Adicione à página um quadro de pixels, com 25 pixels. Verifica se o quadro de pixels aparece abaixo da paleta de cores",
              "timedOut": null,
              "duration": 400,
              "state": "passed",
              "speed": "slow",
              "pass": true,
              "fail": false,
              "pending": false,
              "context": null,
              "code": "cy.get('#color-palette').then(function (palette) {\n  cy.get('#pixel-board').should('be.belowOf', palette);\n});",
              "err": {},
              "uuid": "9cff3671-1c5a-4bbc-a2d8-92127855b04f",
              "parentUUID": "8adbd470-5700-44d3-ab8a-331219b331ab",
              "isHook": false,
              "skipped": false
            }
          ],
          "suites": [],
          "passes": [
            "4ecbe335-d1a4-4ccd-bcdb-2e1fa16c58b3",
            "7d12c771-e236-4b0b-9f28-2e3fe130a1fe",
            "1281fb39-6cfd-457f-8730-70eab9b27c29",
            "9cff3671-1c5a-4bbc-a2d8-92127855b04f"
          ],
          "failures": [],
          "pending": [],
          "skipped": [],
          "duration": 2726,
          "root": false,
          "rootEmpty": false,
          "_timeout": 2000
        },
        {
          "uuid": "61588fda-7a67-4ed2-a23e-142d372b1b6b",
          "title": "5 - Faça com que cada elemento do quadro de pixels possua 40 pixels de largura, 40 pixels de altura e seja delimitado por uma borda preta de 1 pixel.",
          "fullFile": "",
          "file": "",
          "beforeHooks": [],
          "afterHooks": [],
          "tests": [
            {
              "title": "Verifica se o quadro de pixels tem altura e comprimento de 5 elementos",
              "fullTitle": "5 - Faça com que cada elemento do quadro de pixels possua 40 pixels de largura, 40 pixels de altura e seja delimitado por uma borda preta de 1 pixel. Verifica se o quadro de pixels tem altura e comprimento de 5 elementos",
              "timedOut": null,
              "duration": 1787,
              "state": "passed",
              "speed": "slow",
              "pass": true,
              "fail": false,
              "pending": false,
              "context": null,
              "code": "cy.get('.pixel').should('have.length', 25).each(function (pixel) {\n  expect(pixel).to.have.css('background-color', WHITE);\n}).and(function (pixels) {\n  var rows = chunk(pixels, 5);\n  rows.forEach(function (row) {\n    for (var index = 1; index < row.length; index += 1) {\n      var current = pixels[index];\n      var previous = pixels[index - 1];\n      cy.wrap(current).should('be.onTheRightOf', previous).and('be.horizontallyAlignedWith', previous);\n    }\n  });\n  for (var index = 1; index < 5; index += 1) {\n    expect(pixels[index * 5]).to.be.belowOf(pixels[(index - 1) * 5]);\n  }\n});",
              "err": {},
              "uuid": "bf7ede85-8144-4929-88ac-baaa5f07a4c7",
              "parentUUID": "61588fda-7a67-4ed2-a23e-142d372b1b6b",
              "isHook": false,
              "skipped": false
            },
            {
              "title": "Verifica se 40 pixels é o tamanho total do elemento, incluindo seu conteúdo e excluindo a borda preta, que deve ser criada à parte.",
              "fullTitle": "5 - Faça com que cada elemento do quadro de pixels possua 40 pixels de largura, 40 pixels de altura e seja delimitado por uma borda preta de 1 pixel. Verifica se 40 pixels é o tamanho total do elemento, incluindo seu conteúdo e excluindo a borda preta, que deve ser criada à parte.",
              "timedOut": null,
              "duration": 1532,
              "state": "passed",
              "speed": "slow",
              "pass": true,
              "fail": false,
              "pending": false,
              "context": null,
              "code": "cy.get('.pixel').each(function (pixel) {\n  cy.wrap(pixel).should('have.css', 'height', '40px').and('have.css', 'width', '40px').and('have.css', 'border', \"1px solid \".concat(BLACK));\n});",
              "err": {},
              "uuid": "8983a72f-8fbb-4dbd-bc88-e56db02193a3",
              "parentUUID": "61588fda-7a67-4ed2-a23e-142d372b1b6b",
              "isHook": false,
              "skipped": false
            }
          ],
          "suites": [],
          "passes": [
            "bf7ede85-8144-4929-88ac-baaa5f07a4c7",
            "8983a72f-8fbb-4dbd-bc88-e56db02193a3"
          ],
          "failures": [],
          "pending": [],
          "skipped": [],
          "duration": 3319,
          "root": false,
          "rootEmpty": false,
          "_timeout": 2000
        },
        {
          "uuid": "7d9ac619-7021-4838-b143-91e8ca343bfc",
          "title": "6 - Defina a cor preta como cor inicial. Ao carregar a página a cor preta já deve estar selecionada para pintar os pixels",
          "fullFile": "",
          "file": "",
          "beforeHooks": [],
          "afterHooks": [],
          "tests": [
            {
              "title": "Verifica se o elemento da cor preta possui, inicialmente, a `classe` `selected`",
              "fullTitle": "6 - Defina a cor preta como cor inicial. Ao carregar a página a cor preta já deve estar selecionada para pintar os pixels Verifica se o elemento da cor preta possui, inicialmente, a `classe` `selected`",
              "timedOut": null,
              "duration": 454,
              "state": "passed",
              "speed": "slow",
              "pass": true,
              "fail": false,
              "pending": false,
              "context": null,
              "code": "cy.get('.selected').first().should('have.css', 'background-color', BLACK);",
              "err": {},
              "uuid": "54114523-6b50-4505-bf1d-a0fa829bfa3a",
              "parentUUID": "7d9ac619-7021-4838-b143-91e8ca343bfc",
              "isHook": false,
              "skipped": false
            },
            {
              "title": "Verifica se nenhuma outra cor da paleta tem a `classe` `selected`",
              "fullTitle": "6 - Defina a cor preta como cor inicial. Ao carregar a página a cor preta já deve estar selecionada para pintar os pixels Verifica se nenhuma outra cor da paleta tem a `classe` `selected`",
              "timedOut": null,
              "duration": 460,
              "state": "passed",
              "speed": "slow",
              "pass": true,
              "fail": false,
              "pending": false,
              "context": null,
              "code": "cy.get('.color:not(:first-child)').each(function (color) {\n  cy.wrap(color).should('not.have.class', 'selected');\n});",
              "err": {},
              "uuid": "44e078a0-3802-4245-aa23-56da5ea2fbe1",
              "parentUUID": "7d9ac619-7021-4838-b143-91e8ca343bfc",
              "isHook": false,
              "skipped": false
            }
          ],
          "suites": [],
          "passes": [
            "54114523-6b50-4505-bf1d-a0fa829bfa3a",
            "44e078a0-3802-4245-aa23-56da5ea2fbe1"
          ],
          "failures": [],
          "pending": [],
          "skipped": [],
          "duration": 914,
          "root": false,
          "rootEmpty": false,
          "_timeout": 2000
        },
        {
          "uuid": "06ed4073-b9e8-4d6a-a8e5-bdf0d83c8ab3",
          "title": "7 - Clicar em uma das cores da paleta, faz com que ela seja selecionada e utilizada para preencher os pixels no quadro.",
          "fullFile": "",
          "file": "",
          "beforeHooks": [],
          "afterHooks": [],
          "tests": [
            {
              "title": "Verifica se somente uma cor da paleta de cores tem a classe `selected` de cada vez",
              "fullTitle": "7 - Clicar em uma das cores da paleta, faz com que ela seja selecionada e utilizada para preencher os pixels no quadro. Verifica se somente uma cor da paleta de cores tem a classe `selected` de cada vez",
              "timedOut": null,
              "duration": 1122,
              "state": "passed",
              "speed": "slow",
              "pass": true,
              "fail": false,
              "pending": false,
              "context": null,
              "code": "cy.get('.color').each(function (selectedColor, selectedColorIndex) {\n  cy.wrap(selectedColor).click();\n  cy.get('.color').each(function (color, colorIndex) {\n    if (colorIndex === selectedColorIndex) {\n      expect(color).to.have[\"class\"]('selected');\n    } else {\n      expect(color).not.to.have[\"class\"]('selected');\n    }\n  });\n});",
              "err": {},
              "uuid": "ad4e2056-d68c-4184-acb7-b95c4fe6851d",
              "parentUUID": "06ed4073-b9e8-4d6a-a8e5-bdf0d83c8ab3",
              "isHook": false,
              "skipped": false
            },
            {
              "title": "Verifica se os pixels dentro do quadro não têm a classe `selected` quando são clicados",
              "fullTitle": "7 - Clicar em uma das cores da paleta, faz com que ela seja selecionada e utilizada para preencher os pixels no quadro. Verifica se os pixels dentro do quadro não têm a classe `selected` quando são clicados",
              "timedOut": null,
              "duration": 11915,
              "state": "passed",
              "speed": "slow",
              "pass": true,
              "fail": false,
              "pending": false,
              "context": null,
              "code": "cy.get('.color').each(function (color) {\n  var backgroundColor = color.css('background-color');\n  cy.wrap(color).click();\n  cy.get('.pixel').each(function (pixel) {\n    cy.wrap(pixel).click().should('not.have.class', 'selected');\n  });\n});",
              "err": {},
              "uuid": "cd5041da-6236-4b08-b9ca-57090e8e3cea",
              "parentUUID": "06ed4073-b9e8-4d6a-a8e5-bdf0d83c8ab3",
              "isHook": false,
              "skipped": false
            }
          ],
          "suites": [],
          "passes": [
            "ad4e2056-d68c-4184-acb7-b95c4fe6851d",
            "cd5041da-6236-4b08-b9ca-57090e8e3cea"
          ],
          "failures": [],
          "pending": [],
          "skipped": [],
          "duration": 13037,
          "root": false,
          "rootEmpty": false,
          "_timeout": 2000
        },
        {
          "uuid": "5b1fed88-2015-42b3-8fb8-dd889205f04e",
          "title": "8 - Clicar em um pixel dentro do quadro após selecionar uma cor na paleta, faz com que o pixel seja preenchido com a cor selecionada.",
          "fullFile": "",
          "file": "",
          "beforeHooks": [],
          "afterHooks": [],
          "tests": [
            {
              "title": "Verifica se ao carregar a página deve ser possível pintar os pixels de preto",
              "fullTitle": "8 - Clicar em um pixel dentro do quadro após selecionar uma cor na paleta, faz com que o pixel seja preenchido com a cor selecionada. Verifica se ao carregar a página deve ser possível pintar os pixels de preto",
              "timedOut": null,
              "duration": 5418,
              "state": "failed",
              "speed": null,
              "pass": false,
              "fail": true,
              "pending": false,
              "context": null,
              "code": "cy.get('.pixel').each(function (pixel) {\n  cy.wrap(pixel).click().should('have.css', 'background-color', BLACK);\n});",
              "err": {
                "message": "CypressError: Timed out retrying: expected '<div.pixel>' to have CSS property 'background-color' with the value 'rgb(0, 0, 0)', but the value was 'rgb(255, 255, 255)'",
                "estack": "CypressError: Timed out retrying: expected '<div.pixel>' to have CSS property 'background-color' with the value 'rgb(0, 0, 0)', but the value was 'rgb(255, 255, 255)'\n    at cypressErr (http://localhost:56257/__cypress/runner/cypress_runner.js:149934:9)\n    at throwErr (http://localhost:56257/__cypress/runner/cypress_runner.js:149867:11)\n    at Object.throwErrByPath (http://localhost:56257/__cypress/runner/cypress_runner.js:149915:3)\n    at retry (http://localhost:56257/__cypress/runner/cypress_runner.js:144197:19)\n    at onFailFn (http://localhost:56257/__cypress/runner/cypress_runner.js:132448:16)\n    at tryCatcher (http://localhost:56257/__cypress/runner/cypress_runner.js:167415:23)\n    at Promise._settlePromiseFromHandler (http://localhost:56257/__cypress/runner/cypress_runner.js:165351:31)\n    at Promise._settlePromise (http://localhost:56257/__cypress/runner/cypress_runner.js:165408:18)\n    at Promise._settlePromise0 (http://localhost:56257/__cypress/runner/cypress_runner.js:165453:10)\n    at Promise._settlePromises (http://localhost:56257/__cypress/runner/cypress_runner.js:165528:18)\n    at Async../node_modules/bluebird/js/release/async.js.Async._drainQueue (http://localhost:56257/__cypress/runner/cypress_runner.js:162140:16)\n    at Async../node_modules/bluebird/js/release/async.js.Async._drainQueues (http://localhost:56257/__cypress/runner/cypress_runner.js:162150:10)\n    at Async.drainQueues (http://localhost:56257/__cypress/runner/cypress_runner.js:162024:14)",
                "diff": null
              },
              "uuid": "fefab905-dc07-4084-8ea9-96be54174208",
              "parentUUID": "5b1fed88-2015-42b3-8fb8-dd889205f04e",
              "isHook": false,
              "skipped": false
            },
            {
              "title": "Verifica se após selecionar uma outra cor na paleta, é possível pintar os pixels com essa cor",
              "fullTitle": "8 - Clicar em um pixel dentro do quadro após selecionar uma cor na paleta, faz com que o pixel seja preenchido com a cor selecionada. Verifica se após selecionar uma outra cor na paleta, é possível pintar os pixels com essa cor",
              "timedOut": null,
              "duration": 6225,
              "state": "failed",
              "speed": null,
              "pass": false,
              "fail": true,
              "pending": false,
              "context": null,
              "code": "cy.get('.color').each(function (color) {\n  var backgroundColor = color.css('background-color');\n  cy.wrap(color).click();\n  cy.get('.pixel').each(function (pixel) {\n    cy.wrap(pixel).click().should('have.css', 'background-color', backgroundColor);\n  });\n});",
              "err": {
                "message": "CypressError: Timed out retrying: expected '<div.pixel>' to have CSS property 'background-color' with the value 'rgb(0, 0, 0)', but the value was 'rgb(255, 255, 255)'",
                "estack": "CypressError: Timed out retrying: expected '<div.pixel>' to have CSS property 'background-color' with the value 'rgb(0, 0, 0)', but the value was 'rgb(255, 255, 255)'\n    at cypressErr (http://localhost:56257/__cypress/runner/cypress_runner.js:149934:9)\n    at throwErr (http://localhost:56257/__cypress/runner/cypress_runner.js:149867:11)\n    at Object.throwErrByPath (http://localhost:56257/__cypress/runner/cypress_runner.js:149915:3)\n    at retry (http://localhost:56257/__cypress/runner/cypress_runner.js:144197:19)\n    at onFailFn (http://localhost:56257/__cypress/runner/cypress_runner.js:132448:16)\n    at tryCatcher (http://localhost:56257/__cypress/runner/cypress_runner.js:167415:23)\n    at Promise._settlePromiseFromHandler (http://localhost:56257/__cypress/runner/cypress_runner.js:165351:31)\n    at Promise._settlePromise (http://localhost:56257/__cypress/runner/cypress_runner.js:165408:18)\n    at Promise._settlePromise0 (http://localhost:56257/__cypress/runner/cypress_runner.js:165453:10)\n    at Promise._settlePromises (http://localhost:56257/__cypress/runner/cypress_runner.js:165528:18)\n    at Async../node_modules/bluebird/js/release/async.js.Async._drainQueue (http://localhost:56257/__cypress/runner/cypress_runner.js:162140:16)\n    at Async../node_modules/bluebird/js/release/async.js.Async._drainQueues (http://localhost:56257/__cypress/runner/cypress_runner.js:162150:10)\n    at Async.drainQueues (http://localhost:56257/__cypress/runner/cypress_runner.js:162024:14)",
                "diff": null
              },
              "uuid": "8b392de9-3372-4222-87d6-20da5a222fe5",
              "parentUUID": "5b1fed88-2015-42b3-8fb8-dd889205f04e",
              "isHook": false,
              "skipped": false
            },
            {
              "title": "Verifica se somente o pixel que foi clicado foi preenchido com a cor selecionada, sem influenciar na cor dos demais pixels.",
              "fullTitle": "8 - Clicar em um pixel dentro do quadro após selecionar uma cor na paleta, faz com que o pixel seja preenchido com a cor selecionada. Verifica se somente o pixel que foi clicado foi preenchido com a cor selecionada, sem influenciar na cor dos demais pixels.",
              "timedOut": null,
              "duration": 6418,
              "state": "passed",
              "speed": "slow",
              "pass": true,
              "fail": false,
              "pending": false,
              "context": null,
              "code": "var colorToPixelIndexMap = {\n  0: 6,\n  1: 8,\n  2: 16,\n  3: 18\n};\ncy.get('.color').each(function (color, index) {\n  cy.wrap(color).click();\n  var backgroundColor = color.css('background-color');\n  var clickedPixelIndex = colorToPixelIndexMap[index];\n  cy.get('.pixel').eq(clickedPixelIndex).click();\n  cy.get('.pixel').eq(clickedPixelIndex - 1).should('not.have.css', 'background-color', backgroundColor);\n  cy.get('.pixel').eq(clickedPixelIndex + 1).should('not.have.css', 'background-color', backgroundColor);\n  cy.get('.pixel').eq(clickedPixelIndex - 5).should('not.have.css', 'background-color', backgroundColor);\n  cy.get('.pixel').eq(clickedPixelIndex + 5).should('not.have.css', 'background-color', backgroundColor);\n  cy.get('.pixel').eq(clickedPixelIndex - 6).should('not.have.css', 'background-color', backgroundColor);\n  cy.get('.pixel').eq(clickedPixelIndex - 4).should('not.have.css', 'background-color', backgroundColor);\n  cy.get('.pixel').eq(clickedPixelIndex + 4).should('not.have.css', 'background-color', backgroundColor);\n  cy.get('.pixel').eq(clickedPixelIndex + 6).should('not.have.css', 'background-color', backgroundColor);\n});",
              "err": {},
              "uuid": "2f202b69-5b7d-4b4b-b4a0-a48f3cce45ed",
              "parentUUID": "5b1fed88-2015-42b3-8fb8-dd889205f04e",
              "isHook": false,
              "skipped": false
            }
          ],
          "suites": [],
          "passes": [
            "2f202b69-5b7d-4b4b-b4a0-a48f3cce45ed"
          ],
          "failures": [
            "fefab905-dc07-4084-8ea9-96be54174208",
            "8b392de9-3372-4222-87d6-20da5a222fe5"
          ],
          "pending": [],
          "skipped": [],
          "duration": 18061,
          "root": false,
          "rootEmpty": false,
          "_timeout": 2000
        },
        {
          "uuid": "3bad5f3e-44c2-472c-b5d4-65042338672a",
          "title": "9 - Crie um botão que, ao ser clicado, limpa o quadro preenchendo a cor de todos seus pixels com branco.",
          "fullFile": "",
          "file": "",
          "beforeHooks": [],
          "afterHooks": [],
          "tests": [
            {
              "title": "Verifica se o botão tem o `id` denominado `clear-board`",
              "fullTitle": "9 - Crie um botão que, ao ser clicado, limpa o quadro preenchendo a cor de todos seus pixels com branco. Verifica se o botão tem o `id` denominado `clear-board`",
              "timedOut": null,
              "duration": 5504,
              "state": "failed",
              "speed": null,
              "pass": false,
              "fail": true,
              "pending": false,
              "context": null,
              "code": "cy.get('#clear-board').should('be.visible');",
              "err": {
                "message": "CypressError: Timed out retrying: Expected to find element: '#clear-board', but never found it.",
                "estack": "CypressError: Timed out retrying: Expected to find element: '#clear-board', but never found it.\n    at cypressErr (http://localhost:56257/__cypress/runner/cypress_runner.js:149934:9)\n    at throwErr (http://localhost:56257/__cypress/runner/cypress_runner.js:149867:11)\n    at Object.throwErrByPath (http://localhost:56257/__cypress/runner/cypress_runner.js:149915:3)\n    at retry (http://localhost:56257/__cypress/runner/cypress_runner.js:144197:19)\n    at onFailFn (http://localhost:56257/__cypress/runner/cypress_runner.js:132448:16)\n    at tryCatcher (http://localhost:56257/__cypress/runner/cypress_runner.js:167415:23)\n    at Promise._settlePromiseFromHandler (http://localhost:56257/__cypress/runner/cypress_runner.js:165351:31)\n    at Promise._settlePromise (http://localhost:56257/__cypress/runner/cypress_runner.js:165408:18)\n    at Promise._settlePromise0 (http://localhost:56257/__cypress/runner/cypress_runner.js:165453:10)\n    at Promise._settlePromises (http://localhost:56257/__cypress/runner/cypress_runner.js:165528:18)\n    at Async../node_modules/bluebird/js/release/async.js.Async._drainQueue (http://localhost:56257/__cypress/runner/cypress_runner.js:162140:16)\n    at Async../node_modules/bluebird/js/release/async.js.Async._drainQueues (http://localhost:56257/__cypress/runner/cypress_runner.js:162150:10)\n    at Async.drainQueues (http://localhost:56257/__cypress/runner/cypress_runner.js:162024:14)",
                "diff": null
              },
              "uuid": "e0708617-331c-4fa3-8865-86f598e776a9",
              "parentUUID": "3bad5f3e-44c2-472c-b5d4-65042338672a",
              "isHook": false,
              "skipped": false
            },
            {
              "title": "Verifica se o botão está posicionado entre a paleta de cores e o quadro de pixels",
              "fullTitle": "9 - Crie um botão que, ao ser clicado, limpa o quadro preenchendo a cor de todos seus pixels com branco. Verifica se o botão está posicionado entre a paleta de cores e o quadro de pixels",
              "timedOut": null,
              "duration": 5895,
              "state": "failed",
              "speed": null,
              "pass": false,
              "fail": true,
              "pending": false,
              "context": null,
              "code": "cy.get('#color-palette').then(function (palette) {\n  cy.get('#clear-board').should('be.belowOf', palette);\n});\ncy.get('#clear-board').then(function (clearBtn) {\n  cy.get('#pixel-board').should('be.belowOf', clearBtn);\n});",
              "err": {
                "message": "CypressError: Timed out retrying: Expected to find element: '#clear-board', but never found it.",
                "estack": "CypressError: Timed out retrying: Expected to find element: '#clear-board', but never found it.\n    at cypressErr (http://localhost:56257/__cypress/runner/cypress_runner.js:149934:9)\n    at throwErr (http://localhost:56257/__cypress/runner/cypress_runner.js:149867:11)\n    at Object.throwErrByPath (http://localhost:56257/__cypress/runner/cypress_runner.js:149915:3)\n    at retry (http://localhost:56257/__cypress/runner/cypress_runner.js:144197:19)\n    at onFailFn (http://localhost:56257/__cypress/runner/cypress_runner.js:132448:16)\n    at tryCatcher (http://localhost:56257/__cypress/runner/cypress_runner.js:167415:23)\n    at Promise._settlePromiseFromHandler (http://localhost:56257/__cypress/runner/cypress_runner.js:165351:31)\n    at Promise._settlePromise (http://localhost:56257/__cypress/runner/cypress_runner.js:165408:18)\n    at Promise._settlePromise0 (http://localhost:56257/__cypress/runner/cypress_runner.js:165453:10)\n    at Promise._settlePromises (http://localhost:56257/__cypress/runner/cypress_runner.js:165528:18)\n    at Async../node_modules/bluebird/js/release/async.js.Async._drainQueue (http://localhost:56257/__cypress/runner/cypress_runner.js:162140:16)\n    at Async../node_modules/bluebird/js/release/async.js.Async._drainQueues (http://localhost:56257/__cypress/runner/cypress_runner.js:162150:10)\n    at Async.drainQueues (http://localhost:56257/__cypress/runner/cypress_runner.js:162024:14)",
                "diff": null
              },
              "uuid": "4655139b-8607-40ec-8720-5126da7814f2",
              "parentUUID": "3bad5f3e-44c2-472c-b5d4-65042338672a",
              "isHook": false,
              "skipped": false
            },
            {
              "title": "Verifica se o texto do botão é 'Limpar'",
              "fullTitle": "9 - Crie um botão que, ao ser clicado, limpa o quadro preenchendo a cor de todos seus pixels com branco. Verifica se o texto do botão é 'Limpar'",
              "timedOut": null,
              "duration": 5848,
              "state": "failed",
              "speed": null,
              "pass": false,
              "fail": true,
              "pending": false,
              "context": null,
              "code": "cy.get('#clear-board').should('contain.text', 'Limpar');",
              "err": {
                "message": "CypressError: Timed out retrying: Expected to find element: '#clear-board', but never found it.",
                "estack": "CypressError: Timed out retrying: Expected to find element: '#clear-board', but never found it.\n    at cypressErr (http://localhost:56257/__cypress/runner/cypress_runner.js:149934:9)\n    at throwErr (http://localhost:56257/__cypress/runner/cypress_runner.js:149867:11)\n    at Object.throwErrByPath (http://localhost:56257/__cypress/runner/cypress_runner.js:149915:3)\n    at retry (http://localhost:56257/__cypress/runner/cypress_runner.js:144197:19)\n    at onFailFn (http://localhost:56257/__cypress/runner/cypress_runner.js:132448:16)\n    at tryCatcher (http://localhost:56257/__cypress/runner/cypress_runner.js:167415:23)\n    at Promise._settlePromiseFromHandler (http://localhost:56257/__cypress/runner/cypress_runner.js:165351:31)\n    at Promise._settlePromise (http://localhost:56257/__cypress/runner/cypress_runner.js:165408:18)\n    at Promise._settlePromise0 (http://localhost:56257/__cypress/runner/cypress_runner.js:165453:10)\n    at Promise._settlePromises (http://localhost:56257/__cypress/runner/cypress_runner.js:165528:18)\n    at Async../node_modules/bluebird/js/release/async.js.Async._drainQueue (http://localhost:56257/__cypress/runner/cypress_runner.js:162140:16)\n    at Async../node_modules/bluebird/js/release/async.js.Async._drainQueues (http://localhost:56257/__cypress/runner/cypress_runner.js:162150:10)\n    at Async.drainQueues (http://localhost:56257/__cypress/runner/cypress_runner.js:162024:14)",
                "diff": null
              },
              "uuid": "6df9c239-b50e-40d3-b2e1-1ca05cf5b652",
              "parentUUID": "3bad5f3e-44c2-472c-b5d4-65042338672a",
              "isHook": false,
              "skipped": false
            },
            {
              "title": "Verifica se ao clicar no botão, o quadro de pixels é totalmente preenchido de branco",
              "fullTitle": "9 - Crie um botão que, ao ser clicado, limpa o quadro preenchendo a cor de todos seus pixels com branco. Verifica se ao clicar no botão, o quadro de pixels é totalmente preenchido de branco",
              "timedOut": null,
              "duration": 6688,
              "state": "failed",
              "speed": null,
              "pass": false,
              "fail": true,
              "pending": false,
              "context": null,
              "code": "cy.get('.color').eq(1).then(function (color) {\n  var backgroundColor = color.css('background-color');\n  cy.wrap(color).click();\n  cy.get('.pixel').each(function (pixel) {\n    cy.wrap(pixel).click().should('have.css', 'background-color', backgroundColor);\n  });\n});\ncy.get('#clear-board').click();\ncy.get('.pixel').each(function (pixel) {\n  cy.wrap(pixel).should('have.css', 'background-color', WHITE);\n});",
              "err": {
                "message": "CypressError: Timed out retrying: expected '<div.pixel>' to have CSS property 'background-color' with the value 'rgb(128, 0, 128)', but the value was 'rgb(255, 255, 255)'",
                "estack": "CypressError: Timed out retrying: expected '<div.pixel>' to have CSS property 'background-color' with the value 'rgb(128, 0, 128)', but the value was 'rgb(255, 255, 255)'\n    at cypressErr (http://localhost:56257/__cypress/runner/cypress_runner.js:149934:9)\n    at throwErr (http://localhost:56257/__cypress/runner/cypress_runner.js:149867:11)\n    at Object.throwErrByPath (http://localhost:56257/__cypress/runner/cypress_runner.js:149915:3)\n    at retry (http://localhost:56257/__cypress/runner/cypress_runner.js:144197:19)\n    at onFailFn (http://localhost:56257/__cypress/runner/cypress_runner.js:132448:16)\n    at tryCatcher (http://localhost:56257/__cypress/runner/cypress_runner.js:167415:23)\n    at Promise._settlePromiseFromHandler (http://localhost:56257/__cypress/runner/cypress_runner.js:165351:31)\n    at Promise._settlePromise (http://localhost:56257/__cypress/runner/cypress_runner.js:165408:18)\n    at Promise._settlePromise0 (http://localhost:56257/__cypress/runner/cypress_runner.js:165453:10)\n    at Promise._settlePromises (http://localhost:56257/__cypress/runner/cypress_runner.js:165528:18)\n    at Async../node_modules/bluebird/js/release/async.js.Async._drainQueue (http://localhost:56257/__cypress/runner/cypress_runner.js:162140:16)\n    at Async../node_modules/bluebird/js/release/async.js.Async._drainQueues (http://localhost:56257/__cypress/runner/cypress_runner.js:162150:10)\n    at Async.drainQueues (http://localhost:56257/__cypress/runner/cypress_runner.js:162024:14)",
                "diff": null
              },
              "uuid": "d0763a94-c0db-408e-9053-c0aff6dd4793",
              "parentUUID": "3bad5f3e-44c2-472c-b5d4-65042338672a",
              "isHook": false,
              "skipped": false
            }
          ],
          "suites": [],
          "passes": [],
          "failures": [
            "e0708617-331c-4fa3-8865-86f598e776a9",
            "4655139b-8607-40ec-8720-5126da7814f2",
            "6df9c239-b50e-40d3-b2e1-1ca05cf5b652",
            "d0763a94-c0db-408e-9053-c0aff6dd4793"
          ],
          "pending": [],
          "skipped": [],
          "duration": 23935,
          "root": false,
          "rootEmpty": false,
          "_timeout": 2000
        },
        {
          "uuid": "cf90e716-a9d8-4c18-9c1e-4ff631bcecbf",
          "title": "10 - Faça o quadro de pixels ter seu tamanho definido pelo usuário.",
          "fullFile": "",
          "file": "",
          "beforeHooks": [],
          "afterHooks": [],
          "tests": [
            {
              "title": "Verifica se existe um input com o id `board-size`",
              "fullTitle": "10 - Faça o quadro de pixels ter seu tamanho definido pelo usuário. Verifica se existe um input com o id `board-size`",
              "timedOut": null,
              "duration": 6202,
              "state": "failed",
              "speed": null,
              "pass": false,
              "fail": true,
              "pending": false,
              "context": null,
              "code": "cy.get('#board-size').should('be.visible');",
              "err": {
                "message": "CypressError: Timed out retrying: Expected to find element: '#board-size', but never found it.",
                "estack": "CypressError: Timed out retrying: Expected to find element: '#board-size', but never found it.\n    at cypressErr (http://localhost:56257/__cypress/runner/cypress_runner.js:149934:9)\n    at throwErr (http://localhost:56257/__cypress/runner/cypress_runner.js:149867:11)\n    at Object.throwErrByPath (http://localhost:56257/__cypress/runner/cypress_runner.js:149915:3)\n    at retry (http://localhost:56257/__cypress/runner/cypress_runner.js:144197:19)\n    at onFailFn (http://localhost:56257/__cypress/runner/cypress_runner.js:132448:16)\n    at tryCatcher (http://localhost:56257/__cypress/runner/cypress_runner.js:167415:23)\n    at Promise._settlePromiseFromHandler (http://localhost:56257/__cypress/runner/cypress_runner.js:165351:31)\n    at Promise._settlePromise (http://localhost:56257/__cypress/runner/cypress_runner.js:165408:18)\n    at Promise._settlePromise0 (http://localhost:56257/__cypress/runner/cypress_runner.js:165453:10)\n    at Promise._settlePromises (http://localhost:56257/__cypress/runner/cypress_runner.js:165528:18)\n    at Async../node_modules/bluebird/js/release/async.js.Async._drainQueue (http://localhost:56257/__cypress/runner/cypress_runner.js:162140:16)\n    at Async../node_modules/bluebird/js/release/async.js.Async._drainQueues (http://localhost:56257/__cypress/runner/cypress_runner.js:162150:10)\n    at Async.drainQueues (http://localhost:56257/__cypress/runner/cypress_runner.js:162024:14)",
                "diff": null
              },
              "uuid": "352c29ca-2c42-4b44-bd81-5b5c50cee341",
              "parentUUID": "cf90e716-a9d8-4c18-9c1e-4ff631bcecbf",
              "isHook": false,
              "skipped": false
            },
            {
              "title": "Verifica se existe um botão com o id `generate-board`",
              "fullTitle": "10 - Faça o quadro de pixels ter seu tamanho definido pelo usuário. Verifica se existe um botão com o id `generate-board`",
              "timedOut": null,
              "duration": 6132,
              "state": "failed",
              "speed": null,
              "pass": false,
              "fail": true,
              "pending": false,
              "context": null,
              "code": "cy.get('#generate-board').should('be.visible');",
              "err": {
                "message": "CypressError: Timed out retrying: Expected to find element: '#generate-board', but never found it.",
                "estack": "CypressError: Timed out retrying: Expected to find element: '#generate-board', but never found it.\n    at cypressErr (http://localhost:56257/__cypress/runner/cypress_runner.js:149934:9)\n    at throwErr (http://localhost:56257/__cypress/runner/cypress_runner.js:149867:11)\n    at Object.throwErrByPath (http://localhost:56257/__cypress/runner/cypress_runner.js:149915:3)\n    at retry (http://localhost:56257/__cypress/runner/cypress_runner.js:144197:19)\n    at onFailFn (http://localhost:56257/__cypress/runner/cypress_runner.js:132448:16)\n    at tryCatcher (http://localhost:56257/__cypress/runner/cypress_runner.js:167415:23)\n    at Promise._settlePromiseFromHandler (http://localhost:56257/__cypress/runner/cypress_runner.js:165351:31)\n    at Promise._settlePromise (http://localhost:56257/__cypress/runner/cypress_runner.js:165408:18)\n    at Promise._settlePromise0 (http://localhost:56257/__cypress/runner/cypress_runner.js:165453:10)\n    at Promise._settlePromises (http://localhost:56257/__cypress/runner/cypress_runner.js:165528:18)\n    at Async../node_modules/bluebird/js/release/async.js.Async._drainQueue (http://localhost:56257/__cypress/runner/cypress_runner.js:162140:16)\n    at Async../node_modules/bluebird/js/release/async.js.Async._drainQueues (http://localhost:56257/__cypress/runner/cypress_runner.js:162150:10)\n    at Async.drainQueues (http://localhost:56257/__cypress/runner/cypress_runner.js:162024:14)",
                "diff": null
              },
              "uuid": "4c5c46e8-67a2-4bfb-94f6-7abbcf1666e5",
              "parentUUID": "cf90e716-a9d8-4c18-9c1e-4ff631bcecbf",
              "isHook": false,
              "skipped": false
            },
            {
              "title": "Verifica se o input só aceita número maiores que zero. Essa restrição deve ser feita usando os atributos do elemento `input`",
              "fullTitle": "10 - Faça o quadro de pixels ter seu tamanho definido pelo usuário. Verifica se o input só aceita número maiores que zero. Essa restrição deve ser feita usando os atributos do elemento `input`",
              "timedOut": null,
              "duration": 6367,
              "state": "failed",
              "speed": null,
              "pass": false,
              "fail": true,
              "pending": false,
              "context": null,
              "code": "cy.get('#board-size[type=\\'number\\'][min=\\'1\\']');",
              "err": {
                "message": "CypressError: Timed out retrying: Expected to find element: '#board-size[type='number'][min='1']', but never found it.",
                "estack": "CypressError: Timed out retrying: Expected to find element: '#board-size[type='number'][min='1']', but never found it.\n    at cypressErr (http://localhost:56257/__cypress/runner/cypress_runner.js:149934:9)\n    at throwErr (http://localhost:56257/__cypress/runner/cypress_runner.js:149867:11)\n    at Object.throwErrByPath (http://localhost:56257/__cypress/runner/cypress_runner.js:149915:3)\n    at retry (http://localhost:56257/__cypress/runner/cypress_runner.js:144197:19)\n    at onFailFn (http://localhost:56257/__cypress/runner/cypress_runner.js:132448:16)\n    at tryCatcher (http://localhost:56257/__cypress/runner/cypress_runner.js:167415:23)\n    at Promise._settlePromiseFromHandler (http://localhost:56257/__cypress/runner/cypress_runner.js:165351:31)\n    at Promise._settlePromise (http://localhost:56257/__cypress/runner/cypress_runner.js:165408:18)\n    at Promise._settlePromise0 (http://localhost:56257/__cypress/runner/cypress_runner.js:165453:10)\n    at Promise._settlePromises (http://localhost:56257/__cypress/runner/cypress_runner.js:165528:18)\n    at Async../node_modules/bluebird/js/release/async.js.Async._drainQueue (http://localhost:56257/__cypress/runner/cypress_runner.js:162140:16)\n    at Async../node_modules/bluebird/js/release/async.js.Async._drainQueues (http://localhost:56257/__cypress/runner/cypress_runner.js:162150:10)\n    at Async.drainQueues (http://localhost:56257/__cypress/runner/cypress_runner.js:162024:14)",
                "diff": null
              },
              "uuid": "16443a13-2081-4a77-b69a-7693e2a30c55",
              "parentUUID": "cf90e716-a9d8-4c18-9c1e-4ff631bcecbf",
              "isHook": false,
              "skipped": false
            },
            {
              "title": "Verifica se o botão contém o texto 'VQV'",
              "fullTitle": "10 - Faça o quadro de pixels ter seu tamanho definido pelo usuário. Verifica se o botão contém o texto 'VQV'",
              "timedOut": null,
              "duration": 5617,
              "state": "failed",
              "speed": null,
              "pass": false,
              "fail": true,
              "pending": false,
              "context": null,
              "code": "cy.get('#generate-board').contains(/vqv/i);",
              "err": {
                "message": "CypressError: Timed out retrying: Expected to find element: '#generate-board', but never found it.",
                "estack": "CypressError: Timed out retrying: Expected to find element: '#generate-board', but never found it.\n    at cypressErr (http://localhost:56257/__cypress/runner/cypress_runner.js:149934:9)\n    at throwErr (http://localhost:56257/__cypress/runner/cypress_runner.js:149867:11)\n    at Object.throwErrByPath (http://localhost:56257/__cypress/runner/cypress_runner.js:149915:3)\n    at retry (http://localhost:56257/__cypress/runner/cypress_runner.js:144197:19)\n    at onFailFn (http://localhost:56257/__cypress/runner/cypress_runner.js:132448:16)\n    at tryCatcher (http://localhost:56257/__cypress/runner/cypress_runner.js:167415:23)\n    at Promise._settlePromiseFromHandler (http://localhost:56257/__cypress/runner/cypress_runner.js:165351:31)\n    at Promise._settlePromise (http://localhost:56257/__cypress/runner/cypress_runner.js:165408:18)\n    at Promise._settlePromise0 (http://localhost:56257/__cypress/runner/cypress_runner.js:165453:10)\n    at Promise._settlePromises (http://localhost:56257/__cypress/runner/cypress_runner.js:165528:18)\n    at Async../node_modules/bluebird/js/release/async.js.Async._drainQueue (http://localhost:56257/__cypress/runner/cypress_runner.js:162140:16)\n    at Async../node_modules/bluebird/js/release/async.js.Async._drainQueues (http://localhost:56257/__cypress/runner/cypress_runner.js:162150:10)\n    at Async.drainQueues (http://localhost:56257/__cypress/runner/cypress_runner.js:162024:14)",
                "diff": null
              },
              "uuid": "1d1ae8a6-3382-4f2f-b4b2-2ca8377a25b6",
              "parentUUID": "cf90e716-a9d8-4c18-9c1e-4ff631bcecbf",
              "isHook": false,
              "skipped": false
            },
            {
              "title": "Verifica se o input está posicionado entre a paleta de cores e o quadro de pixels",
              "fullTitle": "10 - Faça o quadro de pixels ter seu tamanho definido pelo usuário. Verifica se o input está posicionado entre a paleta de cores e o quadro de pixels",
              "timedOut": null,
              "duration": 5357,
              "state": "failed",
              "speed": null,
              "pass": false,
              "fail": true,
              "pending": false,
              "context": null,
              "code": "cy.get('#color-palette').then(function (palette) {\n  cy.get('#board-size').should('be.belowOf', palette);\n});\ncy.get('#board-size').then(function (palette) {\n  cy.get('#pixel-board').should('be.belowOf', palette);\n});",
              "err": {
                "message": "CypressError: Timed out retrying: Expected to find element: '#board-size', but never found it.",
                "estack": "CypressError: Timed out retrying: Expected to find element: '#board-size', but never found it.\n    at cypressErr (http://localhost:56257/__cypress/runner/cypress_runner.js:149934:9)\n    at throwErr (http://localhost:56257/__cypress/runner/cypress_runner.js:149867:11)\n    at Object.throwErrByPath (http://localhost:56257/__cypress/runner/cypress_runner.js:149915:3)\n    at retry (http://localhost:56257/__cypress/runner/cypress_runner.js:144197:19)\n    at onFailFn (http://localhost:56257/__cypress/runner/cypress_runner.js:132448:16)\n    at tryCatcher (http://localhost:56257/__cypress/runner/cypress_runner.js:167415:23)\n    at Promise._settlePromiseFromHandler (http://localhost:56257/__cypress/runner/cypress_runner.js:165351:31)\n    at Promise._settlePromise (http://localhost:56257/__cypress/runner/cypress_runner.js:165408:18)\n    at Promise._settlePromise0 (http://localhost:56257/__cypress/runner/cypress_runner.js:165453:10)\n    at Promise._settlePromises (http://localhost:56257/__cypress/runner/cypress_runner.js:165528:18)\n    at Async../node_modules/bluebird/js/release/async.js.Async._drainQueue (http://localhost:56257/__cypress/runner/cypress_runner.js:162140:16)\n    at Async../node_modules/bluebird/js/release/async.js.Async._drainQueues (http://localhost:56257/__cypress/runner/cypress_runner.js:162150:10)\n    at Async.drainQueues (http://localhost:56257/__cypress/runner/cypress_runner.js:162024:14)",
                "diff": null
              },
              "uuid": "321664ee-827d-4a6c-bcfa-de08ddb4c181",
              "parentUUID": "cf90e716-a9d8-4c18-9c1e-4ff631bcecbf",
              "isHook": false,
              "skipped": false
            },
            {
              "title": "Verifica se o botão está posicionado ao lado do input",
              "fullTitle": "10 - Faça o quadro de pixels ter seu tamanho definido pelo usuário. Verifica se o botão está posicionado ao lado do input",
              "timedOut": null,
              "duration": 5678,
              "state": "failed",
              "speed": null,
              "pass": false,
              "fail": true,
              "pending": false,
              "context": null,
              "code": "cy.get('#board-size').then(function (board) {\n  cy.get('#generate-board').should('be.onTheRightOf', board);\n});",
              "err": {
                "message": "CypressError: Timed out retrying: Expected to find element: '#board-size', but never found it.",
                "estack": "CypressError: Timed out retrying: Expected to find element: '#board-size', but never found it.\n    at cypressErr (http://localhost:56257/__cypress/runner/cypress_runner.js:149934:9)\n    at throwErr (http://localhost:56257/__cypress/runner/cypress_runner.js:149867:11)\n    at Object.throwErrByPath (http://localhost:56257/__cypress/runner/cypress_runner.js:149915:3)\n    at retry (http://localhost:56257/__cypress/runner/cypress_runner.js:144197:19)\n    at onFailFn (http://localhost:56257/__cypress/runner/cypress_runner.js:132448:16)\n    at tryCatcher (http://localhost:56257/__cypress/runner/cypress_runner.js:167415:23)\n    at Promise._settlePromiseFromHandler (http://localhost:56257/__cypress/runner/cypress_runner.js:165351:31)\n    at Promise._settlePromise (http://localhost:56257/__cypress/runner/cypress_runner.js:165408:18)\n    at Promise._settlePromise0 (http://localhost:56257/__cypress/runner/cypress_runner.js:165453:10)\n    at Promise._settlePromises (http://localhost:56257/__cypress/runner/cypress_runner.js:165528:18)\n    at Async../node_modules/bluebird/js/release/async.js.Async._drainQueue (http://localhost:56257/__cypress/runner/cypress_runner.js:162140:16)\n    at Async../node_modules/bluebird/js/release/async.js.Async._drainQueues (http://localhost:56257/__cypress/runner/cypress_runner.js:162150:10)\n    at Async.drainQueues (http://localhost:56257/__cypress/runner/cypress_runner.js:162024:14)",
                "diff": null
              },
              "uuid": "df25e35a-07b0-4d1e-8daa-87de9db9e1d3",
              "parentUUID": "cf90e716-a9d8-4c18-9c1e-4ff631bcecbf",
              "isHook": false,
              "skipped": false
            },
            {
              "title": "Verifica se nenhum valor for colocado no input ao clicar no botão, um `alert` é exibido com o texto: 'Board inválido!'",
              "fullTitle": "10 - Faça o quadro de pixels ter seu tamanho definido pelo usuário. Verifica se nenhum valor for colocado no input ao clicar no botão, um `alert` é exibido com o texto: 'Board inválido!'",
              "timedOut": null,
              "duration": 6100,
              "state": "failed",
              "speed": null,
              "pass": false,
              "fail": true,
              "pending": false,
              "context": null,
              "code": "var alerted = false;\ncy.on('window:alert', function (msg) {\n  return alerted = msg;\n});\ncy.get('#generate-board').click().then(function () {\n  return expect(alerted).to.match(/Board inválido!/i);\n});",
              "err": {
                "message": "CypressError: Timed out retrying: Expected to find element: '#generate-board', but never found it.",
                "estack": "CypressError: Timed out retrying: Expected to find element: '#generate-board', but never found it.\n    at cypressErr (http://localhost:56257/__cypress/runner/cypress_runner.js:149934:9)\n    at throwErr (http://localhost:56257/__cypress/runner/cypress_runner.js:149867:11)\n    at Object.throwErrByPath (http://localhost:56257/__cypress/runner/cypress_runner.js:149915:3)\n    at retry (http://localhost:56257/__cypress/runner/cypress_runner.js:144197:19)\n    at onFailFn (http://localhost:56257/__cypress/runner/cypress_runner.js:132448:16)\n    at tryCatcher (http://localhost:56257/__cypress/runner/cypress_runner.js:167415:23)\n    at Promise._settlePromiseFromHandler (http://localhost:56257/__cypress/runner/cypress_runner.js:165351:31)\n    at Promise._settlePromise (http://localhost:56257/__cypress/runner/cypress_runner.js:165408:18)\n    at Promise._settlePromise0 (http://localhost:56257/__cypress/runner/cypress_runner.js:165453:10)\n    at Promise._settlePromises (http://localhost:56257/__cypress/runner/cypress_runner.js:165528:18)\n    at Async../node_modules/bluebird/js/release/async.js.Async._drainQueue (http://localhost:56257/__cypress/runner/cypress_runner.js:162140:16)\n    at Async../node_modules/bluebird/js/release/async.js.Async._drainQueues (http://localhost:56257/__cypress/runner/cypress_runner.js:162150:10)\n    at Async.drainQueues (http://localhost:56257/__cypress/runner/cypress_runner.js:162024:14)",
                "diff": null
              },
              "uuid": "1dc7cc35-1a31-4875-9708-707f963dda29",
              "parentUUID": "cf90e716-a9d8-4c18-9c1e-4ff631bcecbf",
              "isHook": false,
              "skipped": false
            },
            {
              "title": "Verifica se ao clicar no botão com um valor preenchido, o tamanho do board muda.",
              "fullTitle": "10 - Faça o quadro de pixels ter seu tamanho definido pelo usuário. Verifica se ao clicar no botão com um valor preenchido, o tamanho do board muda.",
              "timedOut": null,
              "duration": 5767,
              "state": "failed",
              "speed": null,
              "pass": false,
              "fail": true,
              "pending": false,
              "context": null,
              "code": "cy.get('#board-size').clear().type(10);\ncy.get('#generate-board').click();\ncy.get('.pixel').should('have.length', 100);",
              "err": {
                "message": "CypressError: Timed out retrying: Expected to find element: '#board-size', but never found it.",
                "estack": "CypressError: Timed out retrying: Expected to find element: '#board-size', but never found it.\n    at cypressErr (http://localhost:56257/__cypress/runner/cypress_runner.js:149934:9)\n    at throwErr (http://localhost:56257/__cypress/runner/cypress_runner.js:149867:11)\n    at Object.throwErrByPath (http://localhost:56257/__cypress/runner/cypress_runner.js:149915:3)\n    at retry (http://localhost:56257/__cypress/runner/cypress_runner.js:144197:19)\n    at onFailFn (http://localhost:56257/__cypress/runner/cypress_runner.js:132448:16)\n    at tryCatcher (http://localhost:56257/__cypress/runner/cypress_runner.js:167415:23)\n    at Promise._settlePromiseFromHandler (http://localhost:56257/__cypress/runner/cypress_runner.js:165351:31)\n    at Promise._settlePromise (http://localhost:56257/__cypress/runner/cypress_runner.js:165408:18)\n    at Promise._settlePromise0 (http://localhost:56257/__cypress/runner/cypress_runner.js:165453:10)\n    at Promise._settlePromises (http://localhost:56257/__cypress/runner/cypress_runner.js:165528:18)\n    at Async../node_modules/bluebird/js/release/async.js.Async._drainQueue (http://localhost:56257/__cypress/runner/cypress_runner.js:162140:16)\n    at Async../node_modules/bluebird/js/release/async.js.Async._drainQueues (http://localhost:56257/__cypress/runner/cypress_runner.js:162150:10)\n    at Async.drainQueues (http://localhost:56257/__cypress/runner/cypress_runner.js:162024:14)",
                "diff": null
              },
              "uuid": "60573b3d-753f-4978-b3d9-00419180b215",
              "parentUUID": "cf90e716-a9d8-4c18-9c1e-4ff631bcecbf",
              "isHook": false,
              "skipped": false
            },
            {
              "title": "Verifica se o novo quadro tem todos os pixels preenchidos com a cor branca",
              "fullTitle": "10 - Faça o quadro de pixels ter seu tamanho definido pelo usuário. Verifica se o novo quadro tem todos os pixels preenchidos com a cor branca",
              "timedOut": null,
              "duration": 5312,
              "state": "failed",
              "speed": null,
              "pass": false,
              "fail": true,
              "pending": false,
              "context": null,
              "code": "cy.get('#board-size').clear().type(6);\ncy.get('#generate-board').click();\ncy.get('.pixel').should('have.length', 36).each(function (pixel) {\n  expect(pixel).to.have.css('background-color', WHITE);\n});",
              "err": {
                "message": "CypressError: Timed out retrying: Expected to find element: '#board-size', but never found it.",
                "estack": "CypressError: Timed out retrying: Expected to find element: '#board-size', but never found it.\n    at cypressErr (http://localhost:56257/__cypress/runner/cypress_runner.js:149934:9)\n    at throwErr (http://localhost:56257/__cypress/runner/cypress_runner.js:149867:11)\n    at Object.throwErrByPath (http://localhost:56257/__cypress/runner/cypress_runner.js:149915:3)\n    at retry (http://localhost:56257/__cypress/runner/cypress_runner.js:144197:19)\n    at onFailFn (http://localhost:56257/__cypress/runner/cypress_runner.js:132448:16)\n    at tryCatcher (http://localhost:56257/__cypress/runner/cypress_runner.js:167415:23)\n    at Promise._settlePromiseFromHandler (http://localhost:56257/__cypress/runner/cypress_runner.js:165351:31)\n    at Promise._settlePromise (http://localhost:56257/__cypress/runner/cypress_runner.js:165408:18)\n    at Promise._settlePromise0 (http://localhost:56257/__cypress/runner/cypress_runner.js:165453:10)\n    at Promise._settlePromises (http://localhost:56257/__cypress/runner/cypress_runner.js:165528:18)\n    at Async../node_modules/bluebird/js/release/async.js.Async._drainQueue (http://localhost:56257/__cypress/runner/cypress_runner.js:162140:16)\n    at Async../node_modules/bluebird/js/release/async.js.Async._drainQueues (http://localhost:56257/__cypress/runner/cypress_runner.js:162150:10)\n    at Async.drainQueues (http://localhost:56257/__cypress/runner/cypress_runner.js:162024:14)",
                "diff": null
              },
              "uuid": "e3a1e798-ad8c-4f03-bce6-2aedaf3c2343",
              "parentUUID": "cf90e716-a9d8-4c18-9c1e-4ff631bcecbf",
              "isHook": false,
              "skipped": false
            }
          ],
          "suites": [],
          "passes": [],
          "failures": [
            "352c29ca-2c42-4b44-bd81-5b5c50cee341",
            "4c5c46e8-67a2-4bfb-94f6-7abbcf1666e5",
            "16443a13-2081-4a77-b69a-7693e2a30c55",
            "1d1ae8a6-3382-4f2f-b4b2-2ca8377a25b6",
            "321664ee-827d-4a6c-bcfa-de08ddb4c181",
            "df25e35a-07b0-4d1e-8daa-87de9db9e1d3",
            "1dc7cc35-1a31-4875-9708-707f963dda29",
            "60573b3d-753f-4978-b3d9-00419180b215",
            "e3a1e798-ad8c-4f03-bce6-2aedaf3c2343"
          ],
          "pending": [],
          "skipped": [],
          "duration": 52532,
          "root": false,
          "rootEmpty": false,
          "_timeout": 2000
        },
        {
          "uuid": "0f1334ab-9361-485e-ad45-1c5a8a168a07",
          "title": "11 - Limite o tamanho mínimo e máximo do board.",
          "fullFile": "",
          "file": "",
          "beforeHooks": [],
          "afterHooks": [],
          "tests": [
            {
              "title": "Verifica se a altura máxima do board é 50",
              "fullTitle": "11 - Limite o tamanho mínimo e máximo do board. Verifica se a altura máxima do board é 50",
              "timedOut": null,
              "duration": 5629,
              "state": "failed",
              "speed": null,
              "pass": false,
              "fail": true,
              "pending": false,
              "context": null,
              "code": "cy.get('#board-size').clear().type(50);\ncy.get('#generate-board').click();\ncy.get('.pixel').should('have.length', 2500);",
              "err": {
                "message": "CypressError: Timed out retrying: Expected to find element: '#board-size', but never found it.",
                "estack": "CypressError: Timed out retrying: Expected to find element: '#board-size', but never found it.\n    at cypressErr (http://localhost:56257/__cypress/runner/cypress_runner.js:149934:9)\n    at throwErr (http://localhost:56257/__cypress/runner/cypress_runner.js:149867:11)\n    at Object.throwErrByPath (http://localhost:56257/__cypress/runner/cypress_runner.js:149915:3)\n    at retry (http://localhost:56257/__cypress/runner/cypress_runner.js:144197:19)\n    at onFailFn (http://localhost:56257/__cypress/runner/cypress_runner.js:132448:16)\n    at tryCatcher (http://localhost:56257/__cypress/runner/cypress_runner.js:167415:23)\n    at Promise._settlePromiseFromHandler (http://localhost:56257/__cypress/runner/cypress_runner.js:165351:31)\n    at Promise._settlePromise (http://localhost:56257/__cypress/runner/cypress_runner.js:165408:18)\n    at Promise._settlePromise0 (http://localhost:56257/__cypress/runner/cypress_runner.js:165453:10)\n    at Promise._settlePromises (http://localhost:56257/__cypress/runner/cypress_runner.js:165528:18)\n    at Async../node_modules/bluebird/js/release/async.js.Async._drainQueue (http://localhost:56257/__cypress/runner/cypress_runner.js:162140:16)\n    at Async../node_modules/bluebird/js/release/async.js.Async._drainQueues (http://localhost:56257/__cypress/runner/cypress_runner.js:162150:10)\n    at Async.drainQueues (http://localhost:56257/__cypress/runner/cypress_runner.js:162024:14)",
                "diff": null
              },
              "uuid": "9bfcd96a-5f96-4570-a09a-a07e213aafde",
              "parentUUID": "0f1334ab-9361-485e-ad45-1c5a8a168a07",
              "isHook": false,
              "skipped": false
            },
            {
              "title": "Verifica se a altura do board é 5 quando um valor menor é colocado no input",
              "fullTitle": "11 - Limite o tamanho mínimo e máximo do board. Verifica se a altura do board é 5 quando um valor menor é colocado no input",
              "timedOut": null,
              "duration": 5288,
              "state": "failed",
              "speed": null,
              "pass": false,
              "fail": true,
              "pending": false,
              "context": null,
              "code": "cy.get('#board-size').clear().type(4);\ncy.get('#generate-board').click();\ncy.get('.pixel').should('have.length', 25);",
              "err": {
                "message": "CypressError: Timed out retrying: Expected to find element: '#board-size', but never found it.",
                "estack": "CypressError: Timed out retrying: Expected to find element: '#board-size', but never found it.\n    at cypressErr (http://localhost:56257/__cypress/runner/cypress_runner.js:149934:9)\n    at throwErr (http://localhost:56257/__cypress/runner/cypress_runner.js:149867:11)\n    at Object.throwErrByPath (http://localhost:56257/__cypress/runner/cypress_runner.js:149915:3)\n    at retry (http://localhost:56257/__cypress/runner/cypress_runner.js:144197:19)\n    at onFailFn (http://localhost:56257/__cypress/runner/cypress_runner.js:132448:16)\n    at tryCatcher (http://localhost:56257/__cypress/runner/cypress_runner.js:167415:23)\n    at Promise._settlePromiseFromHandler (http://localhost:56257/__cypress/runner/cypress_runner.js:165351:31)\n    at Promise._settlePromise (http://localhost:56257/__cypress/runner/cypress_runner.js:165408:18)\n    at Promise._settlePromise0 (http://localhost:56257/__cypress/runner/cypress_runner.js:165453:10)\n    at Promise._settlePromises (http://localhost:56257/__cypress/runner/cypress_runner.js:165528:18)\n    at Async../node_modules/bluebird/js/release/async.js.Async._drainQueue (http://localhost:56257/__cypress/runner/cypress_runner.js:162140:16)\n    at Async../node_modules/bluebird/js/release/async.js.Async._drainQueues (http://localhost:56257/__cypress/runner/cypress_runner.js:162150:10)\n    at Async.drainQueues (http://localhost:56257/__cypress/runner/cypress_runner.js:162024:14)",
                "diff": null
              },
              "uuid": "ceafafa1-b1ee-441d-b424-f9192e11ca91",
              "parentUUID": "0f1334ab-9361-485e-ad45-1c5a8a168a07",
              "isHook": false,
              "skipped": false
            },
            {
              "title": "Verifica se a altura do board é 50 quando um valor maior é colocado no input",
              "fullTitle": "11 - Limite o tamanho mínimo e máximo do board. Verifica se a altura do board é 50 quando um valor maior é colocado no input",
              "timedOut": null,
              "duration": 6152,
              "state": "failed",
              "speed": null,
              "pass": false,
              "fail": true,
              "pending": false,
              "context": null,
              "code": "cy.get('#board-size').clear().type(51);\ncy.get('#generate-board').click();\ncy.get('.pixel').should('have.length', 2500);",
              "err": {
                "message": "CypressError: Timed out retrying: Expected to find element: '#board-size', but never found it.",
                "estack": "CypressError: Timed out retrying: Expected to find element: '#board-size', but never found it.\n    at cypressErr (http://localhost:56257/__cypress/runner/cypress_runner.js:149934:9)\n    at throwErr (http://localhost:56257/__cypress/runner/cypress_runner.js:149867:11)\n    at Object.throwErrByPath (http://localhost:56257/__cypress/runner/cypress_runner.js:149915:3)\n    at retry (http://localhost:56257/__cypress/runner/cypress_runner.js:144197:19)\n    at onFailFn (http://localhost:56257/__cypress/runner/cypress_runner.js:132448:16)\n    at tryCatcher (http://localhost:56257/__cypress/runner/cypress_runner.js:167415:23)\n    at Promise._settlePromiseFromHandler (http://localhost:56257/__cypress/runner/cypress_runner.js:165351:31)\n    at Promise._settlePromise (http://localhost:56257/__cypress/runner/cypress_runner.js:165408:18)\n    at Promise._settlePromise0 (http://localhost:56257/__cypress/runner/cypress_runner.js:165453:10)\n    at Promise._settlePromises (http://localhost:56257/__cypress/runner/cypress_runner.js:165528:18)\n    at Async../node_modules/bluebird/js/release/async.js.Async._drainQueue (http://localhost:56257/__cypress/runner/cypress_runner.js:162140:16)\n    at Async../node_modules/bluebird/js/release/async.js.Async._drainQueues (http://localhost:56257/__cypress/runner/cypress_runner.js:162150:10)\n    at Async.drainQueues (http://localhost:56257/__cypress/runner/cypress_runner.js:162024:14)",
                "diff": null
              },
              "uuid": "853e473f-67d9-46b9-aca9-0e957798f548",
              "parentUUID": "0f1334ab-9361-485e-ad45-1c5a8a168a07",
              "isHook": false,
              "skipped": false
            }
          ],
          "suites": [],
          "passes": [],
          "failures": [
            "9bfcd96a-5f96-4570-a09a-a07e213aafde",
            "ceafafa1-b1ee-441d-b424-f9192e11ca91",
            "853e473f-67d9-46b9-aca9-0e957798f548"
          ],
          "pending": [],
          "skipped": [],
          "duration": 17069,
          "root": false,
          "rootEmpty": false,
          "_timeout": 2000
        },
        {
          "uuid": "f13ad8f0-fb94-452c-8c36-8e5bfbcf2f01",
          "title": "12 - Faça com que as cores da paleta sejam geradas aleatoriamente ao carregar a página.",
          "fullFile": "",
          "file": "",
          "beforeHooks": [],
          "afterHooks": [],
          "tests": [
            {
              "title": "Verifica se as cores geradas na paleta são diferentes a cada carregamento da página",
              "fullTitle": "12 - Faça com que as cores da paleta sejam geradas aleatoriamente ao carregar a página. Verifica se as cores geradas na paleta são diferentes a cada carregamento da página",
              "timedOut": null,
              "duration": 1822,
              "state": "failed",
              "speed": null,
              "pass": false,
              "fail": true,
              "pending": false,
              "context": null,
              "code": "cy.get('.color').then(function (colors) {\n  var currentColors;\n  var previousColors;\n  previousColors = Array.from(colors).map(function (color) {\n    return Cypress.$(color).css('background-color');\n  });\n  for (var i = 0; i < 5; i += 1) {\n    cy.reload();\n    cy.get('.color').then(function (colors) {\n      currentColors = Array.from(colors).map(function (color) {\n        return Cypress.$(color).css('background-color');\n      });\n      expect(currentColors).not.to.deep.equal(previousColors);\n      previousColors = currentColors;\n    });\n  }\n});",
              "err": {
                "message": "AssertionError: expected [ Array(4) ] to not deeply equal [ Array(4) ]",
                "estack": "AssertionError: expected [ Array(4) ] to not deeply equal [ Array(4) ]\n    at getRet (http://localhost:56257/__cypress/runner/cypress_runner.js:136585:16)\n    at tryCatcher (http://localhost:56257/__cypress/runner/cypress_runner.js:167415:23)\n    at Function.Promise.attempt.Promise.try (http://localhost:56257/__cypress/runner/cypress_runner.js:164690:29)\n    at Context.thenFn (http://localhost:56257/__cypress/runner/cypress_runner.js:136599:23)\n    at Context.then (http://localhost:56257/__cypress/runner/cypress_runner.js:136971:21)\n    at Context.<anonymous> (http://localhost:56257/__cypress/runner/cypress_runner.js:148875:21)\n    at http://localhost:56257/__cypress/runner/cypress_runner.js:148351:33\n    at tryCatcher (http://localhost:56257/__cypress/runner/cypress_runner.js:167415:23)\n    at Promise._settlePromiseFromHandler (http://localhost:56257/__cypress/runner/cypress_runner.js:165351:31)\n    at Promise._settlePromise (http://localhost:56257/__cypress/runner/cypress_runner.js:165408:18)\n    at Promise._settlePromiseCtx (http://localhost:56257/__cypress/runner/cypress_runner.js:165445:10)\n    at Async../node_modules/bluebird/js/release/async.js.Async._drainQueue (http://localhost:56257/__cypress/runner/cypress_runner.js:162145:12)\n    at Async../node_modules/bluebird/js/release/async.js.Async._drainQueues (http://localhost:56257/__cypress/runner/cypress_runner.js:162150:10)\n    at Async.drainQueues (http://localhost:56257/__cypress/runner/cypress_runner.js:162024:14)",
                "diff": ""
              },
              "uuid": "506c86d9-a242-4840-b860-c2635039c496",
              "parentUUID": "f13ad8f0-fb94-452c-8c36-8e5bfbcf2f01",
              "isHook": false,
              "skipped": false
            },
            {
              "title": "Verifica se a cor preta ainda está presente e é a primeira na sua paleta de cores",
              "fullTitle": "12 - Faça com que as cores da paleta sejam geradas aleatoriamente ao carregar a página. Verifica se a cor preta ainda está presente e é a primeira na sua paleta de cores",
              "timedOut": null,
              "duration": 1871,
              "state": "failed",
              "speed": null,
              "pass": false,
              "fail": true,
              "pending": false,
              "context": null,
              "code": "cy.get('.color').then(function (colors) {\n  var currentColors;\n  var previousColors;\n  previousColors = Array.from(colors).map(function (color) {\n    return Cypress.$(color).css('background-color');\n  });\n  expect(previousColors[0]).to.eq(BLACK);\n  for (var i = 0; i < 5; i += 1) {\n    cy.reload();\n    cy.get('.color').then(function (colors) {\n      currentColors = Array.from(colors).map(function (color) {\n        return Cypress.$(color).css('background-color');\n      });\n      expect(currentColors[0]).to.eq(BLACK);\n      expect(currentColors).not.to.deep.equal(previousColors);\n      previousColors = currentColors;\n    });\n  }\n});",
              "err": {
                "message": "AssertionError: expected [ Array(4) ] to not deeply equal [ Array(4) ]",
                "estack": "AssertionError: expected [ Array(4) ] to not deeply equal [ Array(4) ]\n    at getRet (http://localhost:56257/__cypress/runner/cypress_runner.js:136585:16)\n    at tryCatcher (http://localhost:56257/__cypress/runner/cypress_runner.js:167415:23)\n    at Function.Promise.attempt.Promise.try (http://localhost:56257/__cypress/runner/cypress_runner.js:164690:29)\n    at Context.thenFn (http://localhost:56257/__cypress/runner/cypress_runner.js:136599:23)\n    at Context.then (http://localhost:56257/__cypress/runner/cypress_runner.js:136971:21)\n    at Context.<anonymous> (http://localhost:56257/__cypress/runner/cypress_runner.js:148875:21)\n    at http://localhost:56257/__cypress/runner/cypress_runner.js:148351:33\n    at tryCatcher (http://localhost:56257/__cypress/runner/cypress_runner.js:167415:23)\n    at Promise._settlePromiseFromHandler (http://localhost:56257/__cypress/runner/cypress_runner.js:165351:31)\n    at Promise._settlePromise (http://localhost:56257/__cypress/runner/cypress_runner.js:165408:18)\n    at Promise._settlePromiseCtx (http://localhost:56257/__cypress/runner/cypress_runner.js:165445:10)\n    at Async../node_modules/bluebird/js/release/async.js.Async._drainQueue (http://localhost:56257/__cypress/runner/cypress_runner.js:162145:12)\n    at Async../node_modules/bluebird/js/release/async.js.Async._drainQueues (http://localhost:56257/__cypress/runner/cypress_runner.js:162150:10)\n    at Async.drainQueues (http://localhost:56257/__cypress/runner/cypress_runner.js:162024:14)",
                "diff": ""
              },
              "uuid": "ba043318-7de8-445e-b45f-7b46d7154821",
              "parentUUID": "f13ad8f0-fb94-452c-8c36-8e5bfbcf2f01",
              "isHook": false,
              "skipped": false
            }
          ],
          "suites": [],
          "passes": [],
          "failures": [
            "506c86d9-a242-4840-b860-c2635039c496",
            "ba043318-7de8-445e-b45f-7b46d7154821"
          ],
          "pending": [],
          "skipped": [],
          "duration": 3693,
          "root": false,
          "rootEmpty": false,
          "_timeout": 2000
        }
      ],
      "passes": [],
      "failures": [],
      "pending": [],
      "skipped": [],
      "duration": 0,
      "root": true,
      "rootEmpty": true,
      "_timeout": 2000
    }
  ],
  "meta": {
    "mocha": {
      "version": "7.0.1"
    },
    "mochawesome": {
      "options": {
        "quiet": false,
        "reportFilename": "mochawesome",
        "saveHtml": false,
        "saveJson": true,
        "consoleReporter": "spec",
        "useInlineDiffs": false
      },
      "version": "4.1.0"
    },
    "marge": {
      "options": {
        "id": "default",
        "reportDir": "cypress/reports",
        "overwrite": true,
        "html": false,
        "json": true
      },
      "version": "4.1.0"
    }
  }
}