{
  "stats": {
    "suites": 12,
    "tests": 41,
    "passes": 24,
    "pending": 0,
    "failures": 17,
    "start": "2021-08-23T22:26:49.830Z",
    "end": "2021-08-23T22:28:12.294Z",
    "duration": 82464,
    "testsRegistered": 41,
    "passPercent": 58.536585365853654,
    "pendingPercent": 0,
    "other": 0,
    "hasOther": false,
    "skipped": 0,
    "hasSkipped": false
  },
  "results": [
    {
      "uuid": "e06215d1-1d34-474a-964a-bb22f6373906",
      "title": "",
      "fullFile": "cypress/integration/project.spec.js",
      "file": "cypress/integration/project.spec.js",
      "beforeHooks": [],
      "afterHooks": [],
      "tests": [],
      "suites": [
        {
          "uuid": "c5fd96d2-a4ba-4499-a8a4-3da534fa8de2",
          "title": "1 - Adicione à página o título \"Paleta de Cores\".",
          "fullFile": "",
          "file": "",
          "beforeHooks": [],
          "afterHooks": [],
          "tests": [
            {
              "title": "Verifica se contém um elemento `h1` com o id `title` com o título correto",
              "fullTitle": "1 - Adicione à página o título \"Paleta de Cores\". Verifica se contém um elemento `h1` com o id `title` com o título correto",
              "timedOut": null,
              "duration": 217,
              "state": "passed",
              "speed": "slow",
              "pass": true,
              "fail": false,
              "pending": false,
              "context": null,
              "code": "cy.get('h1#title').should('contain.text', 'Paleta de Cores');",
              "err": {},
              "uuid": "a549e230-b4bf-4673-a86f-239e132b7990",
              "parentUUID": "c5fd96d2-a4ba-4499-a8a4-3da534fa8de2",
              "isHook": false,
              "skipped": false
            }
          ],
          "suites": [],
          "passes": [
            "a549e230-b4bf-4673-a86f-239e132b7990"
          ],
          "failures": [],
          "pending": [],
          "skipped": [],
          "duration": 217,
          "root": false,
          "rootEmpty": false,
          "_timeout": 2000
        },
        {
          "uuid": "0b135961-db38-49eb-bf2a-cea52067a80e",
          "title": "2 - Adicione à página uma paleta de quatro cores distintas.",
          "fullFile": "",
          "file": "",
          "beforeHooks": [],
          "afterHooks": [],
          "tests": [
            {
              "title": "A paleta de cores deve ser um elemento com `id` denominado `color-palette`",
              "fullTitle": "2 - Adicione à página uma paleta de quatro cores distintas. A paleta de cores deve ser um elemento com `id` denominado `color-palette`",
              "timedOut": null,
              "duration": 193,
              "state": "passed",
              "speed": "slow",
              "pass": true,
              "fail": false,
              "pending": false,
              "context": null,
              "code": "cy.get('#color-palette').should('be.visible');",
              "err": {},
              "uuid": "897db458-3015-46df-a1e4-0d42e3d3a748",
              "parentUUID": "0b135961-db38-49eb-bf2a-cea52067a80e",
              "isHook": false,
              "skipped": false
            },
            {
              "title": "Verifica se cada cor individual da paleta de cores possui a `classe` chamada `color`.",
              "fullTitle": "2 - Adicione à página uma paleta de quatro cores distintas. Verifica se cada cor individual da paleta de cores possui a `classe` chamada `color`.",
              "timedOut": null,
              "duration": 161,
              "state": "passed",
              "speed": "slow",
              "pass": true,
              "fail": false,
              "pending": false,
              "context": null,
              "code": "cy.get('.color').should('have.length', 4).then(function (colors) {\n  for (var i = 0; i < colors.length; i++) {\n    cy.wrap(colors[i]).should('be.visible');\n  }\n});",
              "err": {},
              "uuid": "300e2644-cd6a-4b7a-85f0-58842f5ff8ed",
              "parentUUID": "0b135961-db38-49eb-bf2a-cea52067a80e",
              "isHook": false,
              "skipped": false
            },
            {
              "title": "Verifica se a cor de fundo de cada elemento da paleta é a cor que o elemento representa. **A única cor não permitida na paleta é a cor branca.**",
              "fullTitle": "2 - Adicione à página uma paleta de quatro cores distintas. Verifica se a cor de fundo de cada elemento da paleta é a cor que o elemento representa. **A única cor não permitida na paleta é a cor branca.**",
              "timedOut": null,
              "duration": 249,
              "state": "passed",
              "speed": "slow",
              "pass": true,
              "fail": false,
              "pending": false,
              "context": null,
              "code": "cy.get('.color').each(function (color) {\n  cy.wrap(color).should('have.class', 'color').and('not.have.css', 'background-color', WHITE);\n  cy.wrap(color).should('have.css', 'background-color');\n});",
              "err": {},
              "uuid": "a8601685-728a-4106-bfb4-71cab5607023",
              "parentUUID": "0b135961-db38-49eb-bf2a-cea52067a80e",
              "isHook": false,
              "skipped": false
            },
            {
              "title": "Verifica se cada elemento da paleta de cores tem uma borda preta, sólida e com 1 pixel de largura;",
              "fullTitle": "2 - Adicione à página uma paleta de quatro cores distintas. Verifica se cada elemento da paleta de cores tem uma borda preta, sólida e com 1 pixel de largura;",
              "timedOut": null,
              "duration": 197,
              "state": "passed",
              "speed": "slow",
              "pass": true,
              "fail": false,
              "pending": false,
              "context": null,
              "code": "cy.get('.color').each(function (color) {\n  cy.wrap(color).and('have.css', 'border', \"1px solid \".concat(BLACK)).and('have.class', 'color');\n});",
              "err": {},
              "uuid": "2a8524eb-cfec-4e1d-9018-3d28f058fdab",
              "parentUUID": "0b135961-db38-49eb-bf2a-cea52067a80e",
              "isHook": false,
              "skipped": false
            },
            {
              "title": "Verifica se a paleta lista todas as cores disponíveis para utilização, lado a lado.",
              "fullTitle": "2 - Adicione à página uma paleta de quatro cores distintas. Verifica se a paleta lista todas as cores disponíveis para utilização, lado a lado.",
              "timedOut": null,
              "duration": 98,
              "state": "passed",
              "speed": "slow",
              "pass": true,
              "fail": false,
              "pending": false,
              "context": null,
              "code": "cy.get('.color').then(function (colors) {\n  for (var index = 1; index < colors.length; index += 1) {\n    var currentColor = colors[index];\n    var previousColor = colors[index - 1];\n    cy.wrap(currentColor).should('be.onTheRightOf', previousColor).and('be.horizontallyAlignedWith', previousColor);\n  }\n});",
              "err": {},
              "uuid": "43c62c88-4f3f-4a6c-9ae9-908f30daf395",
              "parentUUID": "0b135961-db38-49eb-bf2a-cea52067a80e",
              "isHook": false,
              "skipped": false
            },
            {
              "title": "Verifica se a paleta de cores está posicionada abaixo do título 'Paleta de Cores'",
              "fullTitle": "2 - Adicione à página uma paleta de quatro cores distintas. Verifica se a paleta de cores está posicionada abaixo do título 'Paleta de Cores'",
              "timedOut": null,
              "duration": 106,
              "state": "passed",
              "speed": "slow",
              "pass": true,
              "fail": false,
              "pending": false,
              "context": null,
              "code": "cy.get('h1#title').then(function (title) {\n  cy.get('#color-palette').should('be.belowOf', title);\n});",
              "err": {},
              "uuid": "ea55da16-3311-4e1f-ba04-0affa41b2892",
              "parentUUID": "0b135961-db38-49eb-bf2a-cea52067a80e",
              "isHook": false,
              "skipped": false
            },
            {
              "title": "Verifica se a paleta de cores não contém cores repetidas.",
              "fullTitle": "2 - Adicione à página uma paleta de quatro cores distintas. Verifica se a paleta de cores não contém cores repetidas.",
              "timedOut": null,
              "duration": 125,
              "state": "passed",
              "speed": "slow",
              "pass": true,
              "fail": false,
              "pending": false,
              "context": null,
              "code": "cy.get('.color').then(function (colors) {\n  var allColors = Array.from(colors).map(function (color) {\n    return Cypress.$(color).css('background-color');\n  });\n  cy.log(allColors);\n  var uniqColors = (0, _toConsumableArray2[\"default\"])(new Set(allColors));\n  cy.log(uniqColors);\n  expect(allColors.length).to.eq(uniqColors.length);\n});",
              "err": {},
              "uuid": "ab95c364-3ddc-4ba1-b4b0-d55f949f8429",
              "parentUUID": "0b135961-db38-49eb-bf2a-cea52067a80e",
              "isHook": false,
              "skipped": false
            }
          ],
          "suites": [],
          "passes": [
            "897db458-3015-46df-a1e4-0d42e3d3a748",
            "300e2644-cd6a-4b7a-85f0-58842f5ff8ed",
            "a8601685-728a-4106-bfb4-71cab5607023",
            "2a8524eb-cfec-4e1d-9018-3d28f058fdab",
            "43c62c88-4f3f-4a6c-9ae9-908f30daf395",
            "ea55da16-3311-4e1f-ba04-0affa41b2892",
            "ab95c364-3ddc-4ba1-b4b0-d55f949f8429"
          ],
          "failures": [],
          "pending": [],
          "skipped": [],
          "duration": 1129,
          "root": false,
          "rootEmpty": false,
          "_timeout": 2000
        },
        {
          "uuid": "6f7092ad-7ac4-4d2f-a09c-5d6bdb9f876b",
          "title": "3 - Adicione a cor **preta** como a primeira cor da paleta de cores.",
          "fullFile": "",
          "file": "",
          "beforeHooks": [],
          "afterHooks": [],
          "tests": [
            {
              "title": "Verifica se a primeira cor da paleta é preta",
              "fullTitle": "3 - Adicione a cor **preta** como a primeira cor da paleta de cores. Verifica se a primeira cor da paleta é preta",
              "timedOut": null,
              "duration": 112,
              "state": "passed",
              "speed": "slow",
              "pass": true,
              "fail": false,
              "pending": false,
              "context": null,
              "code": "cy.get('.color').first().should('have.css', 'background-color', BLACK);",
              "err": {},
              "uuid": "15d82dd0-ef75-4a63-9e15-00d9f5d17ae6",
              "parentUUID": "6f7092ad-7ac4-4d2f-a09c-5d6bdb9f876b",
              "isHook": false,
              "skipped": false
            },
            {
              "title": "Verifica se as demais cores podem ser escolhidas livremente.",
              "fullTitle": "3 - Adicione a cor **preta** como a primeira cor da paleta de cores. Verifica se as demais cores podem ser escolhidas livremente.",
              "timedOut": null,
              "duration": 245,
              "state": "passed",
              "speed": "slow",
              "pass": true,
              "fail": false,
              "pending": false,
              "context": null,
              "code": "cy.get('.color').eq(1).should('not.have.css', 'background-color', BLACK);\ncy.get('.color').eq(1).should('not.have.css', 'background-color', WHITE);\ncy.get('.color').eq(1).should('not.have.css', 'background-color', 'rgba(0, 0, 0, 0)');\ncy.get('.color').eq(1).should('have.css', 'background-color');\ncy.get('.color').eq(2).should('not.have.css', 'background-color', BLACK);\ncy.get('.color').eq(2).should('not.have.css', 'background-color', WHITE);\ncy.get('.color').eq(2).should('not.have.css', 'background-color', 'rgba(0, 0, 0, 0)');\ncy.get('.color').eq(2).should('have.css', 'background-color');\ncy.get('.color').eq(3).should('not.have.css', 'background-color', BLACK);\ncy.get('.color').eq(3).should('not.have.css', 'background-color', WHITE);\ncy.get('.color').eq(3).should('not.have.css', 'background-color', 'rgba(0, 0, 0, 0)');\ncy.get('.color').eq(3).should('have.css', 'background-color');",
              "err": {},
              "uuid": "613fc764-5ba1-4aca-93f5-4263b26c7bd0",
              "parentUUID": "6f7092ad-7ac4-4d2f-a09c-5d6bdb9f876b",
              "isHook": false,
              "skipped": false
            }
          ],
          "suites": [],
          "passes": [
            "15d82dd0-ef75-4a63-9e15-00d9f5d17ae6",
            "613fc764-5ba1-4aca-93f5-4263b26c7bd0"
          ],
          "failures": [],
          "pending": [],
          "skipped": [],
          "duration": 357,
          "root": false,
          "rootEmpty": false,
          "_timeout": 2000
        },
        {
          "uuid": "7f358c65-247a-4dd1-b7f3-a7a129f814dc",
          "title": "4 - Adicione à página um quadro de pixels, com 25 pixels.",
          "fullFile": "",
          "file": "",
          "beforeHooks": [],
          "afterHooks": [],
          "tests": [
            {
              "title": "Verifica se o quadro de pixels possui o `id` denominado `pixel-board`",
              "fullTitle": "4 - Adicione à página um quadro de pixels, com 25 pixels. Verifica se o quadro de pixels possui o `id` denominado `pixel-board`",
              "timedOut": null,
              "duration": 96,
              "state": "passed",
              "speed": "slow",
              "pass": true,
              "fail": false,
              "pending": false,
              "context": null,
              "code": "cy.get('#pixel-board').should('be.visible');",
              "err": {},
              "uuid": "77a5b2c8-43a0-4efc-b60e-be73e2699ffd",
              "parentUUID": "7f358c65-247a-4dd1-b7f3-a7a129f814dc",
              "isHook": false,
              "skipped": false
            },
            {
              "title": "Verifica se cada pixel individual dentro do quadro possui a `classe` denominada `pixel`.",
              "fullTitle": "4 - Adicione à página um quadro de pixels, com 25 pixels. Verifica se cada pixel individual dentro do quadro possui a `classe` denominada `pixel`.",
              "timedOut": null,
              "duration": 181,
              "state": "passed",
              "speed": "slow",
              "pass": true,
              "fail": false,
              "pending": false,
              "context": null,
              "code": "cy.get('.pixel').should('have.length', 25);",
              "err": {},
              "uuid": "39275b89-f3a7-407c-998b-cd1707147e4c",
              "parentUUID": "7f358c65-247a-4dd1-b7f3-a7a129f814dc",
              "isHook": false,
              "skipped": false
            },
            {
              "title": "Verifica se a cor inicial dos pixels dentro do quadro, ao abrir a página, é branca.",
              "fullTitle": "4 - Adicione à página um quadro de pixels, com 25 pixels. Verifica se a cor inicial dos pixels dentro do quadro, ao abrir a página, é branca.",
              "timedOut": null,
              "duration": 204,
              "state": "passed",
              "speed": "slow",
              "pass": true,
              "fail": false,
              "pending": false,
              "context": null,
              "code": "cy.get('.pixel').should('have.length', 25).each(function (pixel) {\n  expect(pixel).to.have.css('background-color', WHITE);\n});",
              "err": {},
              "uuid": "5b582bf9-ac84-4757-8977-57d7da06b0ea",
              "parentUUID": "7f358c65-247a-4dd1-b7f3-a7a129f814dc",
              "isHook": false,
              "skipped": false
            },
            {
              "title": "Verifica se o quadro de pixels aparece abaixo da paleta de cores",
              "fullTitle": "4 - Adicione à página um quadro de pixels, com 25 pixels. Verifica se o quadro de pixels aparece abaixo da paleta de cores",
              "timedOut": null,
              "duration": 96,
              "state": "passed",
              "speed": "slow",
              "pass": true,
              "fail": false,
              "pending": false,
              "context": null,
              "code": "cy.get('#color-palette').then(function (palette) {\n  cy.get('#pixel-board').should('be.belowOf', palette);\n});",
              "err": {},
              "uuid": "50e77819-1c3d-4897-985c-d7b79eef8d8c",
              "parentUUID": "7f358c65-247a-4dd1-b7f3-a7a129f814dc",
              "isHook": false,
              "skipped": false
            }
          ],
          "suites": [],
          "passes": [
            "77a5b2c8-43a0-4efc-b60e-be73e2699ffd",
            "39275b89-f3a7-407c-998b-cd1707147e4c",
            "5b582bf9-ac84-4757-8977-57d7da06b0ea",
            "50e77819-1c3d-4897-985c-d7b79eef8d8c"
          ],
          "failures": [],
          "pending": [],
          "skipped": [],
          "duration": 577,
          "root": false,
          "rootEmpty": false,
          "_timeout": 2000
        },
        {
          "uuid": "ad7d62b6-2ab9-4b68-a354-68545688240c",
          "title": "5 - Faça com que cada elemento do quadro de pixels possua 40 pixels de largura, 40 pixels de altura e seja delimitado por uma borda preta de 1 pixel.",
          "fullFile": "",
          "file": "",
          "beforeHooks": [],
          "afterHooks": [],
          "tests": [
            {
              "title": "Verifica se o quadro de pixels tem altura e comprimento de 5 elementos",
              "fullTitle": "5 - Faça com que cada elemento do quadro de pixels possua 40 pixels de largura, 40 pixels de altura e seja delimitado por uma borda preta de 1 pixel. Verifica se o quadro de pixels tem altura e comprimento de 5 elementos",
              "timedOut": null,
              "duration": 349,
              "state": "passed",
              "speed": "slow",
              "pass": true,
              "fail": false,
              "pending": false,
              "context": null,
              "code": "cy.get('.pixel').should('have.length', 25).each(function (pixel) {\n  expect(pixel).to.have.css('background-color', WHITE);\n}).and(function (pixels) {\n  var rows = chunk(pixels, 5);\n  rows.forEach(function (row) {\n    for (var index = 1; index < row.length; index += 1) {\n      var current = pixels[index];\n      var previous = pixels[index - 1];\n      cy.wrap(current).should('be.onTheRightOf', previous).and('be.horizontallyAlignedWith', previous);\n    }\n  });\n  for (var index = 1; index < 5; index += 1) {\n    expect(pixels[index * 5]).to.be.belowOf(pixels[(index - 1) * 5]);\n  }\n});",
              "err": {},
              "uuid": "d9765adc-c0b0-486e-a239-aa9fb8be8ab9",
              "parentUUID": "ad7d62b6-2ab9-4b68-a354-68545688240c",
              "isHook": false,
              "skipped": false
            },
            {
              "title": "Verifica se 40 pixels é o tamanho total do elemento, incluindo seu conteúdo e excluindo a borda preta, que deve ser criada à parte.",
              "fullTitle": "5 - Faça com que cada elemento do quadro de pixels possua 40 pixels de largura, 40 pixels de altura e seja delimitado por uma borda preta de 1 pixel. Verifica se 40 pixels é o tamanho total do elemento, incluindo seu conteúdo e excluindo a borda preta, que deve ser criada à parte.",
              "timedOut": null,
              "duration": 292,
              "state": "passed",
              "speed": "slow",
              "pass": true,
              "fail": false,
              "pending": false,
              "context": null,
              "code": "cy.get('.pixel').each(function (pixel) {\n  cy.wrap(pixel).should('have.css', 'height', '40px').and('have.css', 'width', '40px').and('have.css', 'border', \"1px solid \".concat(BLACK));\n});",
              "err": {},
              "uuid": "d5008f38-a36e-47e7-9f64-dc5ebb2f5917",
              "parentUUID": "ad7d62b6-2ab9-4b68-a354-68545688240c",
              "isHook": false,
              "skipped": false
            }
          ],
          "suites": [],
          "passes": [
            "d9765adc-c0b0-486e-a239-aa9fb8be8ab9",
            "d5008f38-a36e-47e7-9f64-dc5ebb2f5917"
          ],
          "failures": [],
          "pending": [],
          "skipped": [],
          "duration": 641,
          "root": false,
          "rootEmpty": false,
          "_timeout": 2000
        },
        {
          "uuid": "68eb57ef-fa3e-4e8b-8697-a5f39ae4b685",
          "title": "6 - Defina a cor preta como cor inicial. Ao carregar a página a cor preta já deve estar selecionada para pintar os pixels",
          "fullFile": "",
          "file": "",
          "beforeHooks": [],
          "afterHooks": [],
          "tests": [
            {
              "title": "Verifica se o elemento da cor preta possui, inicialmente, a `classe` `selected`",
              "fullTitle": "6 - Defina a cor preta como cor inicial. Ao carregar a página a cor preta já deve estar selecionada para pintar os pixels Verifica se o elemento da cor preta possui, inicialmente, a `classe` `selected`",
              "timedOut": null,
              "duration": 77,
              "state": "passed",
              "speed": "slow",
              "pass": true,
              "fail": false,
              "pending": false,
              "context": null,
              "code": "cy.get('.selected').first().should('have.css', 'background-color', BLACK);",
              "err": {},
              "uuid": "9859b032-4727-4d69-a7f7-a2a008c9f37a",
              "parentUUID": "68eb57ef-fa3e-4e8b-8697-a5f39ae4b685",
              "isHook": false,
              "skipped": false
            },
            {
              "title": "Verifica se nenhuma outra cor da paleta tem a `classe` `selected`",
              "fullTitle": "6 - Defina a cor preta como cor inicial. Ao carregar a página a cor preta já deve estar selecionada para pintar os pixels Verifica se nenhuma outra cor da paleta tem a `classe` `selected`",
              "timedOut": null,
              "duration": 178,
              "state": "passed",
              "speed": "slow",
              "pass": true,
              "fail": false,
              "pending": false,
              "context": null,
              "code": "cy.get('.color:not(:first-child)').each(function (color) {\n  cy.wrap(color).should('not.have.class', 'selected');\n});",
              "err": {},
              "uuid": "88474fe1-aa51-45f4-bbce-e1736d294f1d",
              "parentUUID": "68eb57ef-fa3e-4e8b-8697-a5f39ae4b685",
              "isHook": false,
              "skipped": false
            }
          ],
          "suites": [],
          "passes": [
            "9859b032-4727-4d69-a7f7-a2a008c9f37a",
            "88474fe1-aa51-45f4-bbce-e1736d294f1d"
          ],
          "failures": [],
          "pending": [],
          "skipped": [],
          "duration": 255,
          "root": false,
          "rootEmpty": false,
          "_timeout": 2000
        },
        {
          "uuid": "8f248821-0a43-4b7b-ba48-a6ef805dc999",
          "title": "7 - Clicar em uma das cores da paleta, faz com que ela seja selecionada e utilizada para preencher os pixels no quadro.",
          "fullFile": "",
          "file": "",
          "beforeHooks": [],
          "afterHooks": [],
          "tests": [
            {
              "title": "Verifica se somente uma cor da paleta de cores tem a classe `selected` de cada vez",
              "fullTitle": "7 - Clicar em uma das cores da paleta, faz com que ela seja selecionada e utilizada para preencher os pixels no quadro. Verifica se somente uma cor da paleta de cores tem a classe `selected` de cada vez",
              "timedOut": null,
              "duration": 478,
              "state": "passed",
              "speed": "slow",
              "pass": true,
              "fail": false,
              "pending": false,
              "context": null,
              "code": "cy.get('.color').each(function (selectedColor, selectedColorIndex) {\n  cy.wrap(selectedColor).click();\n  cy.get('.color').each(function (color, colorIndex) {\n    if (colorIndex === selectedColorIndex) {\n      expect(color).to.have[\"class\"]('selected');\n    } else {\n      expect(color).not.to.have[\"class\"]('selected');\n    }\n  });\n});",
              "err": {},
              "uuid": "6ccda737-32ed-4c1f-8d7b-a887be48d747",
              "parentUUID": "8f248821-0a43-4b7b-ba48-a6ef805dc999",
              "isHook": false,
              "skipped": false
            },
            {
              "title": "Verifica se os pixels dentro do quadro não têm a classe `selected` quando são clicados",
              "fullTitle": "7 - Clicar em uma das cores da paleta, faz com que ela seja selecionada e utilizada para preencher os pixels no quadro. Verifica se os pixels dentro do quadro não têm a classe `selected` quando são clicados",
              "timedOut": null,
              "duration": 8649,
              "state": "passed",
              "speed": "slow",
              "pass": true,
              "fail": false,
              "pending": false,
              "context": null,
              "code": "cy.get('.color').each(function (color) {\n  var backgroundColor = color.css('background-color');\n  cy.wrap(color).click();\n  cy.get('.pixel').each(function (pixel) {\n    cy.wrap(pixel).click().should('not.have.class', 'selected');\n  });\n});",
              "err": {},
              "uuid": "9a38e17b-e134-447d-8e81-69587230bbfc",
              "parentUUID": "8f248821-0a43-4b7b-ba48-a6ef805dc999",
              "isHook": false,
              "skipped": false
            }
          ],
          "suites": [],
          "passes": [
            "6ccda737-32ed-4c1f-8d7b-a887be48d747",
            "9a38e17b-e134-447d-8e81-69587230bbfc"
          ],
          "failures": [],
          "pending": [],
          "skipped": [],
          "duration": 9127,
          "root": false,
          "rootEmpty": false,
          "_timeout": 2000
        },
        {
          "uuid": "6be94099-ba21-4778-98e5-36bdff76f2bc",
          "title": "8 - Clicar em um pixel dentro do quadro após selecionar uma cor na paleta, faz com que o pixel seja preenchido com a cor selecionada.",
          "fullFile": "",
          "file": "",
          "beforeHooks": [],
          "afterHooks": [],
          "tests": [
            {
              "title": "Verifica se ao carregar a página deve ser possível pintar os pixels de preto",
              "fullTitle": "8 - Clicar em um pixel dentro do quadro após selecionar uma cor na paleta, faz com que o pixel seja preenchido com a cor selecionada. Verifica se ao carregar a página deve ser possível pintar os pixels de preto",
              "timedOut": null,
              "duration": 4476,
              "state": "failed",
              "speed": null,
              "pass": false,
              "fail": true,
              "pending": false,
              "context": null,
              "code": "cy.get('.pixel').each(function (pixel) {\n  cy.wrap(pixel).click().should('have.css', 'background-color', BLACK);\n});",
              "err": {
                "message": "CypressError: Timed out retrying: expected '<div.pixel>' to have CSS property 'background-color' with the value 'rgb(0, 0, 0)', but the value was 'rgb(255, 255, 255)'",
                "estack": "CypressError: Timed out retrying: expected '<div.pixel>' to have CSS property 'background-color' with the value 'rgb(0, 0, 0)', but the value was 'rgb(255, 255, 255)'\n    at cypressErr (http://localhost:39367/__cypress/runner/cypress_runner.js:149934:9)\n    at throwErr (http://localhost:39367/__cypress/runner/cypress_runner.js:149867:11)\n    at Object.throwErrByPath (http://localhost:39367/__cypress/runner/cypress_runner.js:149915:3)\n    at retry (http://localhost:39367/__cypress/runner/cypress_runner.js:144197:19)\n    at onFailFn (http://localhost:39367/__cypress/runner/cypress_runner.js:132448:16)\n    at tryCatcher (http://localhost:39367/__cypress/runner/cypress_runner.js:167415:23)\n    at Promise._settlePromiseFromHandler (http://localhost:39367/__cypress/runner/cypress_runner.js:165351:31)\n    at Promise._settlePromise (http://localhost:39367/__cypress/runner/cypress_runner.js:165408:18)\n    at Promise._settlePromise0 (http://localhost:39367/__cypress/runner/cypress_runner.js:165453:10)\n    at Promise._settlePromises (http://localhost:39367/__cypress/runner/cypress_runner.js:165528:18)\n    at Async../node_modules/bluebird/js/release/async.js.Async._drainQueue (http://localhost:39367/__cypress/runner/cypress_runner.js:162140:16)\n    at Async../node_modules/bluebird/js/release/async.js.Async._drainQueues (http://localhost:39367/__cypress/runner/cypress_runner.js:162150:10)\n    at Async.drainQueues (http://localhost:39367/__cypress/runner/cypress_runner.js:162024:14)",
                "diff": null
              },
              "uuid": "1aff4b0c-1114-42f2-95de-acdf87d5ee5d",
              "parentUUID": "6be94099-ba21-4778-98e5-36bdff76f2bc",
              "isHook": false,
              "skipped": false
            },
            {
              "title": "Verifica se após selecionar uma outra cor na paleta, é possível pintar os pixels com essa cor",
              "fullTitle": "8 - Clicar em um pixel dentro do quadro após selecionar uma cor na paleta, faz com que o pixel seja preenchido com a cor selecionada. Verifica se após selecionar uma outra cor na paleta, é possível pintar os pixels com essa cor",
              "timedOut": null,
              "duration": 4500,
              "state": "failed",
              "speed": null,
              "pass": false,
              "fail": true,
              "pending": false,
              "context": null,
              "code": "cy.get('.color').each(function (color) {\n  var backgroundColor = color.css('background-color');\n  cy.wrap(color).click();\n  cy.get('.pixel').each(function (pixel) {\n    cy.wrap(pixel).click().should('have.css', 'background-color', backgroundColor);\n  });\n});",
              "err": {
                "message": "CypressError: Timed out retrying: expected '<div.pixel>' to have CSS property 'background-color' with the value 'rgb(0, 0, 0)', but the value was 'rgb(255, 255, 255)'",
                "estack": "CypressError: Timed out retrying: expected '<div.pixel>' to have CSS property 'background-color' with the value 'rgb(0, 0, 0)', but the value was 'rgb(255, 255, 255)'\n    at cypressErr (http://localhost:39367/__cypress/runner/cypress_runner.js:149934:9)\n    at throwErr (http://localhost:39367/__cypress/runner/cypress_runner.js:149867:11)\n    at Object.throwErrByPath (http://localhost:39367/__cypress/runner/cypress_runner.js:149915:3)\n    at retry (http://localhost:39367/__cypress/runner/cypress_runner.js:144197:19)\n    at onFailFn (http://localhost:39367/__cypress/runner/cypress_runner.js:132448:16)\n    at tryCatcher (http://localhost:39367/__cypress/runner/cypress_runner.js:167415:23)\n    at Promise._settlePromiseFromHandler (http://localhost:39367/__cypress/runner/cypress_runner.js:165351:31)\n    at Promise._settlePromise (http://localhost:39367/__cypress/runner/cypress_runner.js:165408:18)\n    at Promise._settlePromise0 (http://localhost:39367/__cypress/runner/cypress_runner.js:165453:10)\n    at Promise._settlePromises (http://localhost:39367/__cypress/runner/cypress_runner.js:165528:18)\n    at Async../node_modules/bluebird/js/release/async.js.Async._drainQueue (http://localhost:39367/__cypress/runner/cypress_runner.js:162140:16)\n    at Async../node_modules/bluebird/js/release/async.js.Async._drainQueues (http://localhost:39367/__cypress/runner/cypress_runner.js:162150:10)\n    at Async.drainQueues (http://localhost:39367/__cypress/runner/cypress_runner.js:162024:14)",
                "diff": null
              },
              "uuid": "4f598962-27ab-4355-af18-2d0611c12f56",
              "parentUUID": "6be94099-ba21-4778-98e5-36bdff76f2bc",
              "isHook": false,
              "skipped": false
            },
            {
              "title": "Verifica se somente o pixel que foi clicado foi preenchido com a cor selecionada, sem influenciar na cor dos demais pixels.",
              "fullTitle": "8 - Clicar em um pixel dentro do quadro após selecionar uma cor na paleta, faz com que o pixel seja preenchido com a cor selecionada. Verifica se somente o pixel que foi clicado foi preenchido com a cor selecionada, sem influenciar na cor dos demais pixels.",
              "timedOut": null,
              "duration": 1532,
              "state": "passed",
              "speed": "slow",
              "pass": true,
              "fail": false,
              "pending": false,
              "context": null,
              "code": "var colorToPixelIndexMap = {\n  0: 6,\n  1: 8,\n  2: 16,\n  3: 18\n};\ncy.get('.color').each(function (color, index) {\n  cy.wrap(color).click();\n  var backgroundColor = color.css('background-color');\n  var clickedPixelIndex = colorToPixelIndexMap[index];\n  cy.get('.pixel').eq(clickedPixelIndex).click();\n  cy.get('.pixel').eq(clickedPixelIndex - 1).should('not.have.css', 'background-color', backgroundColor);\n  cy.get('.pixel').eq(clickedPixelIndex + 1).should('not.have.css', 'background-color', backgroundColor);\n  cy.get('.pixel').eq(clickedPixelIndex - 5).should('not.have.css', 'background-color', backgroundColor);\n  cy.get('.pixel').eq(clickedPixelIndex + 5).should('not.have.css', 'background-color', backgroundColor);\n  cy.get('.pixel').eq(clickedPixelIndex - 6).should('not.have.css', 'background-color', backgroundColor);\n  cy.get('.pixel').eq(clickedPixelIndex - 4).should('not.have.css', 'background-color', backgroundColor);\n  cy.get('.pixel').eq(clickedPixelIndex + 4).should('not.have.css', 'background-color', backgroundColor);\n  cy.get('.pixel').eq(clickedPixelIndex + 6).should('not.have.css', 'background-color', backgroundColor);\n});",
              "err": {},
              "uuid": "7b53c306-1939-429f-8def-1acf7f0cf524",
              "parentUUID": "6be94099-ba21-4778-98e5-36bdff76f2bc",
              "isHook": false,
              "skipped": false
            }
          ],
          "suites": [],
          "passes": [
            "7b53c306-1939-429f-8def-1acf7f0cf524"
          ],
          "failures": [
            "1aff4b0c-1114-42f2-95de-acdf87d5ee5d",
            "4f598962-27ab-4355-af18-2d0611c12f56"
          ],
          "pending": [],
          "skipped": [],
          "duration": 10508,
          "root": false,
          "rootEmpty": false,
          "_timeout": 2000
        },
        {
          "uuid": "f1d18f5e-b618-425c-9d98-95b3f1e81414",
          "title": "9 - Crie um botão que, ao ser clicado, limpa o quadro preenchendo a cor de todos seus pixels com branco.",
          "fullFile": "",
          "file": "",
          "beforeHooks": [],
          "afterHooks": [],
          "tests": [
            {
              "title": "Verifica se o botão tem o `id` denominado `clear-board`",
              "fullTitle": "9 - Crie um botão que, ao ser clicado, limpa o quadro preenchendo a cor de todos seus pixels com branco. Verifica se o botão tem o `id` denominado `clear-board`",
              "timedOut": null,
              "duration": 275,
              "state": "passed",
              "speed": "slow",
              "pass": true,
              "fail": false,
              "pending": false,
              "context": null,
              "code": "cy.get('#clear-board').should('be.visible');",
              "err": {},
              "uuid": "86ef6ba0-147e-43ad-b67e-3b88e1180954",
              "parentUUID": "f1d18f5e-b618-425c-9d98-95b3f1e81414",
              "isHook": false,
              "skipped": false
            },
            {
              "title": "Verifica se o botão está posicionado entre a paleta de cores e o quadro de pixels",
              "fullTitle": "9 - Crie um botão que, ao ser clicado, limpa o quadro preenchendo a cor de todos seus pixels com branco. Verifica se o botão está posicionado entre a paleta de cores e o quadro de pixels",
              "timedOut": null,
              "duration": 152,
              "state": "passed",
              "speed": "slow",
              "pass": true,
              "fail": false,
              "pending": false,
              "context": null,
              "code": "cy.get('#color-palette').then(function (palette) {\n  cy.get('#clear-board').should('be.belowOf', palette);\n});\ncy.get('#clear-board').then(function (clearBtn) {\n  cy.get('#pixel-board').should('be.belowOf', clearBtn);\n});",
              "err": {},
              "uuid": "e21aa5b3-4b11-4d31-b7c8-69f1e89cdc52",
              "parentUUID": "f1d18f5e-b618-425c-9d98-95b3f1e81414",
              "isHook": false,
              "skipped": false
            },
            {
              "title": "Verifica se o texto do botão é 'Limpar'",
              "fullTitle": "9 - Crie um botão que, ao ser clicado, limpa o quadro preenchendo a cor de todos seus pixels com branco. Verifica se o texto do botão é 'Limpar'",
              "timedOut": null,
              "duration": 78,
              "state": "passed",
              "speed": "slow",
              "pass": true,
              "fail": false,
              "pending": false,
              "context": null,
              "code": "cy.get('#clear-board').should('contain.text', 'Limpar');",
              "err": {},
              "uuid": "45336c1e-76c2-4767-bbad-636efd619df6",
              "parentUUID": "f1d18f5e-b618-425c-9d98-95b3f1e81414",
              "isHook": false,
              "skipped": false
            },
            {
              "title": "Verifica se ao clicar no botão, o quadro de pixels é totalmente preenchido de branco",
              "fullTitle": "9 - Crie um botão que, ao ser clicado, limpa o quadro preenchendo a cor de todos seus pixels com branco. Verifica se ao clicar no botão, o quadro de pixels é totalmente preenchido de branco",
              "timedOut": null,
              "duration": 4396,
              "state": "failed",
              "speed": null,
              "pass": false,
              "fail": true,
              "pending": false,
              "context": null,
              "code": "cy.get('.color').eq(1).then(function (color) {\n  var backgroundColor = color.css('background-color');\n  cy.wrap(color).click();\n  cy.get('.pixel').each(function (pixel) {\n    cy.wrap(pixel).click().should('have.css', 'background-color', backgroundColor);\n  });\n});\ncy.get('#clear-board').click();\ncy.get('.pixel').each(function (pixel) {\n  cy.wrap(pixel).should('have.css', 'background-color', WHITE);\n});",
              "err": {
                "message": "CypressError: Timed out retrying: expected '<div.pixel>' to have CSS property 'background-color' with the value 'rgb(0, 0, 139)', but the value was 'rgb(255, 255, 255)'",
                "estack": "CypressError: Timed out retrying: expected '<div.pixel>' to have CSS property 'background-color' with the value 'rgb(0, 0, 139)', but the value was 'rgb(255, 255, 255)'\n    at cypressErr (http://localhost:39367/__cypress/runner/cypress_runner.js:149934:9)\n    at throwErr (http://localhost:39367/__cypress/runner/cypress_runner.js:149867:11)\n    at Object.throwErrByPath (http://localhost:39367/__cypress/runner/cypress_runner.js:149915:3)\n    at retry (http://localhost:39367/__cypress/runner/cypress_runner.js:144197:19)\n    at onFailFn (http://localhost:39367/__cypress/runner/cypress_runner.js:132448:16)\n    at tryCatcher (http://localhost:39367/__cypress/runner/cypress_runner.js:167415:23)\n    at Promise._settlePromiseFromHandler (http://localhost:39367/__cypress/runner/cypress_runner.js:165351:31)\n    at Promise._settlePromise (http://localhost:39367/__cypress/runner/cypress_runner.js:165408:18)\n    at Promise._settlePromise0 (http://localhost:39367/__cypress/runner/cypress_runner.js:165453:10)\n    at Promise._settlePromises (http://localhost:39367/__cypress/runner/cypress_runner.js:165528:18)\n    at Async../node_modules/bluebird/js/release/async.js.Async._drainQueue (http://localhost:39367/__cypress/runner/cypress_runner.js:162140:16)\n    at Async../node_modules/bluebird/js/release/async.js.Async._drainQueues (http://localhost:39367/__cypress/runner/cypress_runner.js:162150:10)\n    at Async.drainQueues (http://localhost:39367/__cypress/runner/cypress_runner.js:162024:14)",
                "diff": null
              },
              "uuid": "16a4143d-7c46-437d-8d59-ee22782ff0d8",
              "parentUUID": "f1d18f5e-b618-425c-9d98-95b3f1e81414",
              "isHook": false,
              "skipped": false
            }
          ],
          "suites": [],
          "passes": [
            "86ef6ba0-147e-43ad-b67e-3b88e1180954",
            "e21aa5b3-4b11-4d31-b7c8-69f1e89cdc52",
            "45336c1e-76c2-4767-bbad-636efd619df6"
          ],
          "failures": [
            "16a4143d-7c46-437d-8d59-ee22782ff0d8"
          ],
          "pending": [],
          "skipped": [],
          "duration": 4901,
          "root": false,
          "rootEmpty": false,
          "_timeout": 2000
        },
        {
          "uuid": "5a000631-a750-4dcf-9d4a-f66dc6e62401",
          "title": "10 - Faça o quadro de pixels ter seu tamanho definido pelo usuário.",
          "fullFile": "",
          "file": "",
          "beforeHooks": [],
          "afterHooks": [],
          "tests": [
            {
              "title": "Verifica se existe um input com o id `board-size`",
              "fullTitle": "10 - Faça o quadro de pixels ter seu tamanho definido pelo usuário. Verifica se existe um input com o id `board-size`",
              "timedOut": null,
              "duration": 4428,
              "state": "failed",
              "speed": null,
              "pass": false,
              "fail": true,
              "pending": false,
              "context": null,
              "code": "cy.get('#board-size').should('be.visible');",
              "err": {
                "message": "CypressError: Timed out retrying: Expected to find element: '#board-size', but never found it.",
                "estack": "CypressError: Timed out retrying: Expected to find element: '#board-size', but never found it.\n    at cypressErr (http://localhost:39367/__cypress/runner/cypress_runner.js:149934:9)\n    at throwErr (http://localhost:39367/__cypress/runner/cypress_runner.js:149867:11)\n    at Object.throwErrByPath (http://localhost:39367/__cypress/runner/cypress_runner.js:149915:3)\n    at retry (http://localhost:39367/__cypress/runner/cypress_runner.js:144197:19)\n    at onFailFn (http://localhost:39367/__cypress/runner/cypress_runner.js:132448:16)\n    at tryCatcher (http://localhost:39367/__cypress/runner/cypress_runner.js:167415:23)\n    at Promise._settlePromiseFromHandler (http://localhost:39367/__cypress/runner/cypress_runner.js:165351:31)\n    at Promise._settlePromise (http://localhost:39367/__cypress/runner/cypress_runner.js:165408:18)\n    at Promise._settlePromise0 (http://localhost:39367/__cypress/runner/cypress_runner.js:165453:10)\n    at Promise._settlePromises (http://localhost:39367/__cypress/runner/cypress_runner.js:165528:18)\n    at Async../node_modules/bluebird/js/release/async.js.Async._drainQueue (http://localhost:39367/__cypress/runner/cypress_runner.js:162140:16)\n    at Async../node_modules/bluebird/js/release/async.js.Async._drainQueues (http://localhost:39367/__cypress/runner/cypress_runner.js:162150:10)\n    at Async.drainQueues (http://localhost:39367/__cypress/runner/cypress_runner.js:162024:14)",
                "diff": null
              },
              "uuid": "a8e6c02d-3763-47e1-b38c-a2f8875f7d11",
              "parentUUID": "5a000631-a750-4dcf-9d4a-f66dc6e62401",
              "isHook": false,
              "skipped": false
            },
            {
              "title": "Verifica se existe um botão com o id `generate-board`",
              "fullTitle": "10 - Faça o quadro de pixels ter seu tamanho definido pelo usuário. Verifica se existe um botão com o id `generate-board`",
              "timedOut": null,
              "duration": 4374,
              "state": "failed",
              "speed": null,
              "pass": false,
              "fail": true,
              "pending": false,
              "context": null,
              "code": "cy.get('#generate-board').should('be.visible');",
              "err": {
                "message": "CypressError: Timed out retrying: Expected to find element: '#generate-board', but never found it.",
                "estack": "CypressError: Timed out retrying: Expected to find element: '#generate-board', but never found it.\n    at cypressErr (http://localhost:39367/__cypress/runner/cypress_runner.js:149934:9)\n    at throwErr (http://localhost:39367/__cypress/runner/cypress_runner.js:149867:11)\n    at Object.throwErrByPath (http://localhost:39367/__cypress/runner/cypress_runner.js:149915:3)\n    at retry (http://localhost:39367/__cypress/runner/cypress_runner.js:144197:19)\n    at onFailFn (http://localhost:39367/__cypress/runner/cypress_runner.js:132448:16)\n    at tryCatcher (http://localhost:39367/__cypress/runner/cypress_runner.js:167415:23)\n    at Promise._settlePromiseFromHandler (http://localhost:39367/__cypress/runner/cypress_runner.js:165351:31)\n    at Promise._settlePromise (http://localhost:39367/__cypress/runner/cypress_runner.js:165408:18)\n    at Promise._settlePromise0 (http://localhost:39367/__cypress/runner/cypress_runner.js:165453:10)\n    at Promise._settlePromises (http://localhost:39367/__cypress/runner/cypress_runner.js:165528:18)\n    at Async../node_modules/bluebird/js/release/async.js.Async._drainQueue (http://localhost:39367/__cypress/runner/cypress_runner.js:162140:16)\n    at Async../node_modules/bluebird/js/release/async.js.Async._drainQueues (http://localhost:39367/__cypress/runner/cypress_runner.js:162150:10)\n    at Async.drainQueues (http://localhost:39367/__cypress/runner/cypress_runner.js:162024:14)",
                "diff": null
              },
              "uuid": "e6758d48-94f9-4ffe-9e3d-f92b3d7edc88",
              "parentUUID": "5a000631-a750-4dcf-9d4a-f66dc6e62401",
              "isHook": false,
              "skipped": false
            },
            {
              "title": "Verifica se o input só aceita número maiores que zero. Essa restrição deve ser feita usando os atributos do elemento `input`",
              "fullTitle": "10 - Faça o quadro de pixels ter seu tamanho definido pelo usuário. Verifica se o input só aceita número maiores que zero. Essa restrição deve ser feita usando os atributos do elemento `input`",
              "timedOut": null,
              "duration": 4377,
              "state": "failed",
              "speed": null,
              "pass": false,
              "fail": true,
              "pending": false,
              "context": null,
              "code": "cy.get('#board-size[type=\\'number\\'][min=\\'1\\']');",
              "err": {
                "message": "CypressError: Timed out retrying: Expected to find element: '#board-size[type='number'][min='1']', but never found it.",
                "estack": "CypressError: Timed out retrying: Expected to find element: '#board-size[type='number'][min='1']', but never found it.\n    at cypressErr (http://localhost:39367/__cypress/runner/cypress_runner.js:149934:9)\n    at throwErr (http://localhost:39367/__cypress/runner/cypress_runner.js:149867:11)\n    at Object.throwErrByPath (http://localhost:39367/__cypress/runner/cypress_runner.js:149915:3)\n    at retry (http://localhost:39367/__cypress/runner/cypress_runner.js:144197:19)\n    at onFailFn (http://localhost:39367/__cypress/runner/cypress_runner.js:132448:16)\n    at tryCatcher (http://localhost:39367/__cypress/runner/cypress_runner.js:167415:23)\n    at Promise._settlePromiseFromHandler (http://localhost:39367/__cypress/runner/cypress_runner.js:165351:31)\n    at Promise._settlePromise (http://localhost:39367/__cypress/runner/cypress_runner.js:165408:18)\n    at Promise._settlePromise0 (http://localhost:39367/__cypress/runner/cypress_runner.js:165453:10)\n    at Promise._settlePromises (http://localhost:39367/__cypress/runner/cypress_runner.js:165528:18)\n    at Async../node_modules/bluebird/js/release/async.js.Async._drainQueue (http://localhost:39367/__cypress/runner/cypress_runner.js:162140:16)\n    at Async../node_modules/bluebird/js/release/async.js.Async._drainQueues (http://localhost:39367/__cypress/runner/cypress_runner.js:162150:10)\n    at Async.drainQueues (http://localhost:39367/__cypress/runner/cypress_runner.js:162024:14)",
                "diff": null
              },
              "uuid": "1f9642ed-84ee-4fff-878d-fd0c712b1411",
              "parentUUID": "5a000631-a750-4dcf-9d4a-f66dc6e62401",
              "isHook": false,
              "skipped": false
            },
            {
              "title": "Verifica se o botão contém o texto 'VQV'",
              "fullTitle": "10 - Faça o quadro de pixels ter seu tamanho definido pelo usuário. Verifica se o botão contém o texto 'VQV'",
              "timedOut": null,
              "duration": 4352,
              "state": "failed",
              "speed": null,
              "pass": false,
              "fail": true,
              "pending": false,
              "context": null,
              "code": "cy.get('#generate-board').contains(/vqv/i);",
              "err": {
                "message": "CypressError: Timed out retrying: Expected to find element: '#generate-board', but never found it.",
                "estack": "CypressError: Timed out retrying: Expected to find element: '#generate-board', but never found it.\n    at cypressErr (http://localhost:39367/__cypress/runner/cypress_runner.js:149934:9)\n    at throwErr (http://localhost:39367/__cypress/runner/cypress_runner.js:149867:11)\n    at Object.throwErrByPath (http://localhost:39367/__cypress/runner/cypress_runner.js:149915:3)\n    at retry (http://localhost:39367/__cypress/runner/cypress_runner.js:144197:19)\n    at onFailFn (http://localhost:39367/__cypress/runner/cypress_runner.js:132448:16)\n    at tryCatcher (http://localhost:39367/__cypress/runner/cypress_runner.js:167415:23)\n    at Promise._settlePromiseFromHandler (http://localhost:39367/__cypress/runner/cypress_runner.js:165351:31)\n    at Promise._settlePromise (http://localhost:39367/__cypress/runner/cypress_runner.js:165408:18)\n    at Promise._settlePromise0 (http://localhost:39367/__cypress/runner/cypress_runner.js:165453:10)\n    at Promise._settlePromises (http://localhost:39367/__cypress/runner/cypress_runner.js:165528:18)\n    at Async../node_modules/bluebird/js/release/async.js.Async._drainQueue (http://localhost:39367/__cypress/runner/cypress_runner.js:162140:16)\n    at Async../node_modules/bluebird/js/release/async.js.Async._drainQueues (http://localhost:39367/__cypress/runner/cypress_runner.js:162150:10)\n    at Async.drainQueues (http://localhost:39367/__cypress/runner/cypress_runner.js:162024:14)",
                "diff": null
              },
              "uuid": "63ad0101-f98d-4037-9325-05e275981566",
              "parentUUID": "5a000631-a750-4dcf-9d4a-f66dc6e62401",
              "isHook": false,
              "skipped": false
            },
            {
              "title": "Verifica se o input está posicionado entre a paleta de cores e o quadro de pixels",
              "fullTitle": "10 - Faça o quadro de pixels ter seu tamanho definido pelo usuário. Verifica se o input está posicionado entre a paleta de cores e o quadro de pixels",
              "timedOut": null,
              "duration": 4382,
              "state": "failed",
              "speed": null,
              "pass": false,
              "fail": true,
              "pending": false,
              "context": null,
              "code": "cy.get('#color-palette').then(function (palette) {\n  cy.get('#board-size').should('be.belowOf', palette);\n});\ncy.get('#board-size').then(function (palette) {\n  cy.get('#pixel-board').should('be.belowOf', palette);\n});",
              "err": {
                "message": "CypressError: Timed out retrying: Expected to find element: '#board-size', but never found it.",
                "estack": "CypressError: Timed out retrying: Expected to find element: '#board-size', but never found it.\n    at cypressErr (http://localhost:39367/__cypress/runner/cypress_runner.js:149934:9)\n    at throwErr (http://localhost:39367/__cypress/runner/cypress_runner.js:149867:11)\n    at Object.throwErrByPath (http://localhost:39367/__cypress/runner/cypress_runner.js:149915:3)\n    at retry (http://localhost:39367/__cypress/runner/cypress_runner.js:144197:19)\n    at onFailFn (http://localhost:39367/__cypress/runner/cypress_runner.js:132448:16)\n    at tryCatcher (http://localhost:39367/__cypress/runner/cypress_runner.js:167415:23)\n    at Promise._settlePromiseFromHandler (http://localhost:39367/__cypress/runner/cypress_runner.js:165351:31)\n    at Promise._settlePromise (http://localhost:39367/__cypress/runner/cypress_runner.js:165408:18)\n    at Promise._settlePromise0 (http://localhost:39367/__cypress/runner/cypress_runner.js:165453:10)\n    at Promise._settlePromises (http://localhost:39367/__cypress/runner/cypress_runner.js:165528:18)\n    at Async../node_modules/bluebird/js/release/async.js.Async._drainQueue (http://localhost:39367/__cypress/runner/cypress_runner.js:162140:16)\n    at Async../node_modules/bluebird/js/release/async.js.Async._drainQueues (http://localhost:39367/__cypress/runner/cypress_runner.js:162150:10)\n    at Async.drainQueues (http://localhost:39367/__cypress/runner/cypress_runner.js:162024:14)",
                "diff": null
              },
              "uuid": "21be0144-3b2c-4e7a-80cb-a376d017b455",
              "parentUUID": "5a000631-a750-4dcf-9d4a-f66dc6e62401",
              "isHook": false,
              "skipped": false
            },
            {
              "title": "Verifica se o botão está posicionado ao lado do input",
              "fullTitle": "10 - Faça o quadro de pixels ter seu tamanho definido pelo usuário. Verifica se o botão está posicionado ao lado do input",
              "timedOut": null,
              "duration": 4339,
              "state": "failed",
              "speed": null,
              "pass": false,
              "fail": true,
              "pending": false,
              "context": null,
              "code": "cy.get('#board-size').then(function (board) {\n  cy.get('#generate-board').should('be.onTheRightOf', board);\n});",
              "err": {
                "message": "CypressError: Timed out retrying: Expected to find element: '#board-size', but never found it.",
                "estack": "CypressError: Timed out retrying: Expected to find element: '#board-size', but never found it.\n    at cypressErr (http://localhost:39367/__cypress/runner/cypress_runner.js:149934:9)\n    at throwErr (http://localhost:39367/__cypress/runner/cypress_runner.js:149867:11)\n    at Object.throwErrByPath (http://localhost:39367/__cypress/runner/cypress_runner.js:149915:3)\n    at retry (http://localhost:39367/__cypress/runner/cypress_runner.js:144197:19)\n    at onFailFn (http://localhost:39367/__cypress/runner/cypress_runner.js:132448:16)\n    at tryCatcher (http://localhost:39367/__cypress/runner/cypress_runner.js:167415:23)\n    at Promise._settlePromiseFromHandler (http://localhost:39367/__cypress/runner/cypress_runner.js:165351:31)\n    at Promise._settlePromise (http://localhost:39367/__cypress/runner/cypress_runner.js:165408:18)\n    at Promise._settlePromise0 (http://localhost:39367/__cypress/runner/cypress_runner.js:165453:10)\n    at Promise._settlePromises (http://localhost:39367/__cypress/runner/cypress_runner.js:165528:18)\n    at Async../node_modules/bluebird/js/release/async.js.Async._drainQueue (http://localhost:39367/__cypress/runner/cypress_runner.js:162140:16)\n    at Async../node_modules/bluebird/js/release/async.js.Async._drainQueues (http://localhost:39367/__cypress/runner/cypress_runner.js:162150:10)\n    at Async.drainQueues (http://localhost:39367/__cypress/runner/cypress_runner.js:162024:14)",
                "diff": null
              },
              "uuid": "ad0e6f9d-47ce-4932-84ee-9f7936730568",
              "parentUUID": "5a000631-a750-4dcf-9d4a-f66dc6e62401",
              "isHook": false,
              "skipped": false
            },
            {
              "title": "Verifica se nenhum valor for colocado no input ao clicar no botão, um `alert` é exibido com o texto: 'Board inválido!'",
              "fullTitle": "10 - Faça o quadro de pixels ter seu tamanho definido pelo usuário. Verifica se nenhum valor for colocado no input ao clicar no botão, um `alert` é exibido com o texto: 'Board inválido!'",
              "timedOut": null,
              "duration": 4433,
              "state": "failed",
              "speed": null,
              "pass": false,
              "fail": true,
              "pending": false,
              "context": null,
              "code": "var alerted = false;\ncy.on('window:alert', function (msg) {\n  return alerted = msg;\n});\ncy.get('#generate-board').click().then(function () {\n  return expect(alerted).to.match(/Board inválido!/i);\n});",
              "err": {
                "message": "CypressError: Timed out retrying: Expected to find element: '#generate-board', but never found it.",
                "estack": "CypressError: Timed out retrying: Expected to find element: '#generate-board', but never found it.\n    at cypressErr (http://localhost:39367/__cypress/runner/cypress_runner.js:149934:9)\n    at throwErr (http://localhost:39367/__cypress/runner/cypress_runner.js:149867:11)\n    at Object.throwErrByPath (http://localhost:39367/__cypress/runner/cypress_runner.js:149915:3)\n    at retry (http://localhost:39367/__cypress/runner/cypress_runner.js:144197:19)\n    at onFailFn (http://localhost:39367/__cypress/runner/cypress_runner.js:132448:16)\n    at tryCatcher (http://localhost:39367/__cypress/runner/cypress_runner.js:167415:23)\n    at Promise._settlePromiseFromHandler (http://localhost:39367/__cypress/runner/cypress_runner.js:165351:31)\n    at Promise._settlePromise (http://localhost:39367/__cypress/runner/cypress_runner.js:165408:18)\n    at Promise._settlePromise0 (http://localhost:39367/__cypress/runner/cypress_runner.js:165453:10)\n    at Promise._settlePromises (http://localhost:39367/__cypress/runner/cypress_runner.js:165528:18)\n    at Async../node_modules/bluebird/js/release/async.js.Async._drainQueue (http://localhost:39367/__cypress/runner/cypress_runner.js:162140:16)\n    at Async../node_modules/bluebird/js/release/async.js.Async._drainQueues (http://localhost:39367/__cypress/runner/cypress_runner.js:162150:10)\n    at Async.drainQueues (http://localhost:39367/__cypress/runner/cypress_runner.js:162024:14)",
                "diff": null
              },
              "uuid": "eca4308b-aa57-4b41-8275-44c4e84af3e7",
              "parentUUID": "5a000631-a750-4dcf-9d4a-f66dc6e62401",
              "isHook": false,
              "skipped": false
            },
            {
              "title": "Verifica se ao clicar no botão com um valor preenchido, o tamanho do board muda.",
              "fullTitle": "10 - Faça o quadro de pixels ter seu tamanho definido pelo usuário. Verifica se ao clicar no botão com um valor preenchido, o tamanho do board muda.",
              "timedOut": null,
              "duration": 4425,
              "state": "failed",
              "speed": null,
              "pass": false,
              "fail": true,
              "pending": false,
              "context": null,
              "code": "cy.get('#board-size').clear().type(10);\ncy.get('#generate-board').click();\ncy.get('.pixel').should('have.length', 100);",
              "err": {
                "message": "CypressError: Timed out retrying: Expected to find element: '#board-size', but never found it.",
                "estack": "CypressError: Timed out retrying: Expected to find element: '#board-size', but never found it.\n    at cypressErr (http://localhost:39367/__cypress/runner/cypress_runner.js:149934:9)\n    at throwErr (http://localhost:39367/__cypress/runner/cypress_runner.js:149867:11)\n    at Object.throwErrByPath (http://localhost:39367/__cypress/runner/cypress_runner.js:149915:3)\n    at retry (http://localhost:39367/__cypress/runner/cypress_runner.js:144197:19)\n    at onFailFn (http://localhost:39367/__cypress/runner/cypress_runner.js:132448:16)\n    at tryCatcher (http://localhost:39367/__cypress/runner/cypress_runner.js:167415:23)\n    at Promise._settlePromiseFromHandler (http://localhost:39367/__cypress/runner/cypress_runner.js:165351:31)\n    at Promise._settlePromise (http://localhost:39367/__cypress/runner/cypress_runner.js:165408:18)\n    at Promise._settlePromise0 (http://localhost:39367/__cypress/runner/cypress_runner.js:165453:10)\n    at Promise._settlePromises (http://localhost:39367/__cypress/runner/cypress_runner.js:165528:18)\n    at Async../node_modules/bluebird/js/release/async.js.Async._drainQueue (http://localhost:39367/__cypress/runner/cypress_runner.js:162140:16)\n    at Async../node_modules/bluebird/js/release/async.js.Async._drainQueues (http://localhost:39367/__cypress/runner/cypress_runner.js:162150:10)\n    at Async.drainQueues (http://localhost:39367/__cypress/runner/cypress_runner.js:162024:14)",
                "diff": null
              },
              "uuid": "f8eda58d-2d2e-47a5-a3a5-6aad7f76af18",
              "parentUUID": "5a000631-a750-4dcf-9d4a-f66dc6e62401",
              "isHook": false,
              "skipped": false
            },
            {
              "title": "Verifica se o novo quadro tem todos os pixels preenchidos com a cor branca",
              "fullTitle": "10 - Faça o quadro de pixels ter seu tamanho definido pelo usuário. Verifica se o novo quadro tem todos os pixels preenchidos com a cor branca",
              "timedOut": null,
              "duration": 4340,
              "state": "failed",
              "speed": null,
              "pass": false,
              "fail": true,
              "pending": false,
              "context": null,
              "code": "cy.get('#board-size').clear().type(6);\ncy.get('#generate-board').click();\ncy.get('.pixel').should('have.length', 36).each(function (pixel) {\n  expect(pixel).to.have.css('background-color', WHITE);\n});",
              "err": {
                "message": "CypressError: Timed out retrying: Expected to find element: '#board-size', but never found it.",
                "estack": "CypressError: Timed out retrying: Expected to find element: '#board-size', but never found it.\n    at cypressErr (http://localhost:39367/__cypress/runner/cypress_runner.js:149934:9)\n    at throwErr (http://localhost:39367/__cypress/runner/cypress_runner.js:149867:11)\n    at Object.throwErrByPath (http://localhost:39367/__cypress/runner/cypress_runner.js:149915:3)\n    at retry (http://localhost:39367/__cypress/runner/cypress_runner.js:144197:19)\n    at onFailFn (http://localhost:39367/__cypress/runner/cypress_runner.js:132448:16)\n    at tryCatcher (http://localhost:39367/__cypress/runner/cypress_runner.js:167415:23)\n    at Promise._settlePromiseFromHandler (http://localhost:39367/__cypress/runner/cypress_runner.js:165351:31)\n    at Promise._settlePromise (http://localhost:39367/__cypress/runner/cypress_runner.js:165408:18)\n    at Promise._settlePromise0 (http://localhost:39367/__cypress/runner/cypress_runner.js:165453:10)\n    at Promise._settlePromises (http://localhost:39367/__cypress/runner/cypress_runner.js:165528:18)\n    at Async../node_modules/bluebird/js/release/async.js.Async._drainQueue (http://localhost:39367/__cypress/runner/cypress_runner.js:162140:16)\n    at Async../node_modules/bluebird/js/release/async.js.Async._drainQueues (http://localhost:39367/__cypress/runner/cypress_runner.js:162150:10)\n    at Async.drainQueues (http://localhost:39367/__cypress/runner/cypress_runner.js:162024:14)",
                "diff": null
              },
              "uuid": "5970b191-e48b-4742-8f51-98a4de68dbbe",
              "parentUUID": "5a000631-a750-4dcf-9d4a-f66dc6e62401",
              "isHook": false,
              "skipped": false
            }
          ],
          "suites": [],
          "passes": [],
          "failures": [
            "a8e6c02d-3763-47e1-b38c-a2f8875f7d11",
            "e6758d48-94f9-4ffe-9e3d-f92b3d7edc88",
            "1f9642ed-84ee-4fff-878d-fd0c712b1411",
            "63ad0101-f98d-4037-9325-05e275981566",
            "21be0144-3b2c-4e7a-80cb-a376d017b455",
            "ad0e6f9d-47ce-4932-84ee-9f7936730568",
            "eca4308b-aa57-4b41-8275-44c4e84af3e7",
            "f8eda58d-2d2e-47a5-a3a5-6aad7f76af18",
            "5970b191-e48b-4742-8f51-98a4de68dbbe"
          ],
          "pending": [],
          "skipped": [],
          "duration": 39450,
          "root": false,
          "rootEmpty": false,
          "_timeout": 2000
        },
        {
          "uuid": "1d592f18-80a7-458e-aff3-877a39d945ba",
          "title": "11 - Limite o tamanho mínimo e máximo do board.",
          "fullFile": "",
          "file": "",
          "beforeHooks": [],
          "afterHooks": [],
          "tests": [
            {
              "title": "Verifica se a altura máxima do board é 50",
              "fullTitle": "11 - Limite o tamanho mínimo e máximo do board. Verifica se a altura máxima do board é 50",
              "timedOut": null,
              "duration": 4352,
              "state": "failed",
              "speed": null,
              "pass": false,
              "fail": true,
              "pending": false,
              "context": null,
              "code": "cy.get('#board-size').clear().type(50);\ncy.get('#generate-board').click();\ncy.get('.pixel').should('have.length', 2500);",
              "err": {
                "message": "CypressError: Timed out retrying: Expected to find element: '#board-size', but never found it.",
                "estack": "CypressError: Timed out retrying: Expected to find element: '#board-size', but never found it.\n    at cypressErr (http://localhost:39367/__cypress/runner/cypress_runner.js:149934:9)\n    at throwErr (http://localhost:39367/__cypress/runner/cypress_runner.js:149867:11)\n    at Object.throwErrByPath (http://localhost:39367/__cypress/runner/cypress_runner.js:149915:3)\n    at retry (http://localhost:39367/__cypress/runner/cypress_runner.js:144197:19)\n    at onFailFn (http://localhost:39367/__cypress/runner/cypress_runner.js:132448:16)\n    at tryCatcher (http://localhost:39367/__cypress/runner/cypress_runner.js:167415:23)\n    at Promise._settlePromiseFromHandler (http://localhost:39367/__cypress/runner/cypress_runner.js:165351:31)\n    at Promise._settlePromise (http://localhost:39367/__cypress/runner/cypress_runner.js:165408:18)\n    at Promise._settlePromise0 (http://localhost:39367/__cypress/runner/cypress_runner.js:165453:10)\n    at Promise._settlePromises (http://localhost:39367/__cypress/runner/cypress_runner.js:165528:18)\n    at Async../node_modules/bluebird/js/release/async.js.Async._drainQueue (http://localhost:39367/__cypress/runner/cypress_runner.js:162140:16)\n    at Async../node_modules/bluebird/js/release/async.js.Async._drainQueues (http://localhost:39367/__cypress/runner/cypress_runner.js:162150:10)\n    at Async.drainQueues (http://localhost:39367/__cypress/runner/cypress_runner.js:162024:14)",
                "diff": null
              },
              "uuid": "fe0e03ac-a632-4a2f-8991-d7d5a07c1458",
              "parentUUID": "1d592f18-80a7-458e-aff3-877a39d945ba",
              "isHook": false,
              "skipped": false
            },
            {
              "title": "Verifica se a altura do board é 5 quando um valor menor é colocado no input",
              "fullTitle": "11 - Limite o tamanho mínimo e máximo do board. Verifica se a altura do board é 5 quando um valor menor é colocado no input",
              "timedOut": null,
              "duration": 4371,
              "state": "failed",
              "speed": null,
              "pass": false,
              "fail": true,
              "pending": false,
              "context": null,
              "code": "cy.get('#board-size').clear().type(4);\ncy.get('#generate-board').click();\ncy.get('.pixel').should('have.length', 25);",
              "err": {
                "message": "CypressError: Timed out retrying: Expected to find element: '#board-size', but never found it.",
                "estack": "CypressError: Timed out retrying: Expected to find element: '#board-size', but never found it.\n    at cypressErr (http://localhost:39367/__cypress/runner/cypress_runner.js:149934:9)\n    at throwErr (http://localhost:39367/__cypress/runner/cypress_runner.js:149867:11)\n    at Object.throwErrByPath (http://localhost:39367/__cypress/runner/cypress_runner.js:149915:3)\n    at retry (http://localhost:39367/__cypress/runner/cypress_runner.js:144197:19)\n    at onFailFn (http://localhost:39367/__cypress/runner/cypress_runner.js:132448:16)\n    at tryCatcher (http://localhost:39367/__cypress/runner/cypress_runner.js:167415:23)\n    at Promise._settlePromiseFromHandler (http://localhost:39367/__cypress/runner/cypress_runner.js:165351:31)\n    at Promise._settlePromise (http://localhost:39367/__cypress/runner/cypress_runner.js:165408:18)\n    at Promise._settlePromise0 (http://localhost:39367/__cypress/runner/cypress_runner.js:165453:10)\n    at Promise._settlePromises (http://localhost:39367/__cypress/runner/cypress_runner.js:165528:18)\n    at Async../node_modules/bluebird/js/release/async.js.Async._drainQueue (http://localhost:39367/__cypress/runner/cypress_runner.js:162140:16)\n    at Async../node_modules/bluebird/js/release/async.js.Async._drainQueues (http://localhost:39367/__cypress/runner/cypress_runner.js:162150:10)\n    at Async.drainQueues (http://localhost:39367/__cypress/runner/cypress_runner.js:162024:14)",
                "diff": null
              },
              "uuid": "b89f2b29-7ac3-44dd-830d-2dd477d43017",
              "parentUUID": "1d592f18-80a7-458e-aff3-877a39d945ba",
              "isHook": false,
              "skipped": false
            },
            {
              "title": "Verifica se a altura do board é 50 quando um valor maior é colocado no input",
              "fullTitle": "11 - Limite o tamanho mínimo e máximo do board. Verifica se a altura do board é 50 quando um valor maior é colocado no input",
              "timedOut": null,
              "duration": 4369,
              "state": "failed",
              "speed": null,
              "pass": false,
              "fail": true,
              "pending": false,
              "context": null,
              "code": "cy.get('#board-size').clear().type(51);\ncy.get('#generate-board').click();\ncy.get('.pixel').should('have.length', 2500);",
              "err": {
                "message": "CypressError: Timed out retrying: Expected to find element: '#board-size', but never found it.",
                "estack": "CypressError: Timed out retrying: Expected to find element: '#board-size', but never found it.\n    at cypressErr (http://localhost:39367/__cypress/runner/cypress_runner.js:149934:9)\n    at throwErr (http://localhost:39367/__cypress/runner/cypress_runner.js:149867:11)\n    at Object.throwErrByPath (http://localhost:39367/__cypress/runner/cypress_runner.js:149915:3)\n    at retry (http://localhost:39367/__cypress/runner/cypress_runner.js:144197:19)\n    at onFailFn (http://localhost:39367/__cypress/runner/cypress_runner.js:132448:16)\n    at tryCatcher (http://localhost:39367/__cypress/runner/cypress_runner.js:167415:23)\n    at Promise._settlePromiseFromHandler (http://localhost:39367/__cypress/runner/cypress_runner.js:165351:31)\n    at Promise._settlePromise (http://localhost:39367/__cypress/runner/cypress_runner.js:165408:18)\n    at Promise._settlePromise0 (http://localhost:39367/__cypress/runner/cypress_runner.js:165453:10)\n    at Promise._settlePromises (http://localhost:39367/__cypress/runner/cypress_runner.js:165528:18)\n    at Async../node_modules/bluebird/js/release/async.js.Async._drainQueue (http://localhost:39367/__cypress/runner/cypress_runner.js:162140:16)\n    at Async../node_modules/bluebird/js/release/async.js.Async._drainQueues (http://localhost:39367/__cypress/runner/cypress_runner.js:162150:10)\n    at Async.drainQueues (http://localhost:39367/__cypress/runner/cypress_runner.js:162024:14)",
                "diff": null
              },
              "uuid": "eb319957-7d32-43ab-9b0f-01369d27e15b",
              "parentUUID": "1d592f18-80a7-458e-aff3-877a39d945ba",
              "isHook": false,
              "skipped": false
            }
          ],
          "suites": [],
          "passes": [],
          "failures": [
            "fe0e03ac-a632-4a2f-8991-d7d5a07c1458",
            "b89f2b29-7ac3-44dd-830d-2dd477d43017",
            "eb319957-7d32-43ab-9b0f-01369d27e15b"
          ],
          "pending": [],
          "skipped": [],
          "duration": 13092,
          "root": false,
          "rootEmpty": false,
          "_timeout": 2000
        },
        {
          "uuid": "3d2900c2-9e5c-4ca6-9fab-1e5f1cdc60f5",
          "title": "12 - Faça com que as cores da paleta sejam geradas aleatoriamente ao carregar a página.",
          "fullFile": "",
          "file": "",
          "beforeHooks": [],
          "afterHooks": [],
          "tests": [
            {
              "title": "Verifica se as cores geradas na paleta são diferentes a cada carregamento da página",
              "fullTitle": "12 - Faça com que as cores da paleta sejam geradas aleatoriamente ao carregar a página. Verifica se as cores geradas na paleta são diferentes a cada carregamento da página",
              "timedOut": null,
              "duration": 508,
              "state": "failed",
              "speed": null,
              "pass": false,
              "fail": true,
              "pending": false,
              "context": null,
              "code": "cy.get('.color').then(function (colors) {\n  var currentColors;\n  var previousColors;\n  previousColors = Array.from(colors).map(function (color) {\n    return Cypress.$(color).css('background-color');\n  });\n  for (var i = 0; i < 5; i += 1) {\n    cy.reload();\n    cy.get('.color').then(function (colors) {\n      currentColors = Array.from(colors).map(function (color) {\n        return Cypress.$(color).css('background-color');\n      });\n      expect(currentColors).not.to.deep.equal(previousColors);\n      previousColors = currentColors;\n    });\n  }\n});",
              "err": {
                "message": "AssertionError: expected [ Array(4) ] to not deeply equal [ Array(4) ]",
                "estack": "AssertionError: expected [ Array(4) ] to not deeply equal [ Array(4) ]\n    at getRet (http://localhost:39367/__cypress/runner/cypress_runner.js:136585:16)\n    at tryCatcher (http://localhost:39367/__cypress/runner/cypress_runner.js:167415:23)\n    at Function.Promise.attempt.Promise.try (http://localhost:39367/__cypress/runner/cypress_runner.js:164690:29)\n    at Context.thenFn (http://localhost:39367/__cypress/runner/cypress_runner.js:136599:23)\n    at Context.then (http://localhost:39367/__cypress/runner/cypress_runner.js:136971:21)\n    at Context.<anonymous> (http://localhost:39367/__cypress/runner/cypress_runner.js:148875:21)\n    at http://localhost:39367/__cypress/runner/cypress_runner.js:148351:33\n    at tryCatcher (http://localhost:39367/__cypress/runner/cypress_runner.js:167415:23)\n    at Promise._settlePromiseFromHandler (http://localhost:39367/__cypress/runner/cypress_runner.js:165351:31)\n    at Promise._settlePromise (http://localhost:39367/__cypress/runner/cypress_runner.js:165408:18)\n    at Promise._settlePromiseCtx (http://localhost:39367/__cypress/runner/cypress_runner.js:165445:10)\n    at Async../node_modules/bluebird/js/release/async.js.Async._drainQueue (http://localhost:39367/__cypress/runner/cypress_runner.js:162145:12)\n    at Async../node_modules/bluebird/js/release/async.js.Async._drainQueues (http://localhost:39367/__cypress/runner/cypress_runner.js:162150:10)\n    at Async.drainQueues (http://localhost:39367/__cypress/runner/cypress_runner.js:162024:14)",
                "diff": ""
              },
              "uuid": "8cb3fb57-18bf-4e57-af48-0d4a5bdcac0c",
              "parentUUID": "3d2900c2-9e5c-4ca6-9fab-1e5f1cdc60f5",
              "isHook": false,
              "skipped": false
            },
            {
              "title": "Verifica se a cor preta ainda está presente e é a primeira na sua paleta de cores",
              "fullTitle": "12 - Faça com que as cores da paleta sejam geradas aleatoriamente ao carregar a página. Verifica se a cor preta ainda está presente e é a primeira na sua paleta de cores",
              "timedOut": null,
              "duration": 411,
              "state": "failed",
              "speed": null,
              "pass": false,
              "fail": true,
              "pending": false,
              "context": null,
              "code": "cy.get('.color').then(function (colors) {\n  var currentColors;\n  var previousColors;\n  previousColors = Array.from(colors).map(function (color) {\n    return Cypress.$(color).css('background-color');\n  });\n  expect(previousColors[0]).to.eq(BLACK);\n  for (var i = 0; i < 5; i += 1) {\n    cy.reload();\n    cy.get('.color').then(function (colors) {\n      currentColors = Array.from(colors).map(function (color) {\n        return Cypress.$(color).css('background-color');\n      });\n      expect(currentColors[0]).to.eq(BLACK);\n      expect(currentColors).not.to.deep.equal(previousColors);\n      previousColors = currentColors;\n    });\n  }\n});",
              "err": {
                "message": "AssertionError: expected [ Array(4) ] to not deeply equal [ Array(4) ]",
                "estack": "AssertionError: expected [ Array(4) ] to not deeply equal [ Array(4) ]\n    at getRet (http://localhost:39367/__cypress/runner/cypress_runner.js:136585:16)\n    at tryCatcher (http://localhost:39367/__cypress/runner/cypress_runner.js:167415:23)\n    at Function.Promise.attempt.Promise.try (http://localhost:39367/__cypress/runner/cypress_runner.js:164690:29)\n    at Context.thenFn (http://localhost:39367/__cypress/runner/cypress_runner.js:136599:23)\n    at Context.then (http://localhost:39367/__cypress/runner/cypress_runner.js:136971:21)\n    at Context.<anonymous> (http://localhost:39367/__cypress/runner/cypress_runner.js:148875:21)\n    at http://localhost:39367/__cypress/runner/cypress_runner.js:148351:33\n    at tryCatcher (http://localhost:39367/__cypress/runner/cypress_runner.js:167415:23)\n    at Promise._settlePromiseFromHandler (http://localhost:39367/__cypress/runner/cypress_runner.js:165351:31)\n    at Promise._settlePromise (http://localhost:39367/__cypress/runner/cypress_runner.js:165408:18)\n    at Promise._settlePromiseCtx (http://localhost:39367/__cypress/runner/cypress_runner.js:165445:10)\n    at Async../node_modules/bluebird/js/release/async.js.Async._drainQueue (http://localhost:39367/__cypress/runner/cypress_runner.js:162145:12)\n    at Async../node_modules/bluebird/js/release/async.js.Async._drainQueues (http://localhost:39367/__cypress/runner/cypress_runner.js:162150:10)\n    at Async.drainQueues (http://localhost:39367/__cypress/runner/cypress_runner.js:162024:14)",
                "diff": ""
              },
              "uuid": "3f8057cf-1cfc-49b0-bed4-0631b87f8ac0",
              "parentUUID": "3d2900c2-9e5c-4ca6-9fab-1e5f1cdc60f5",
              "isHook": false,
              "skipped": false
            }
          ],
          "suites": [],
          "passes": [],
          "failures": [
            "8cb3fb57-18bf-4e57-af48-0d4a5bdcac0c",
            "3f8057cf-1cfc-49b0-bed4-0631b87f8ac0"
          ],
          "pending": [],
          "skipped": [],
          "duration": 919,
          "root": false,
          "rootEmpty": false,
          "_timeout": 2000
        }
      ],
      "passes": [],
      "failures": [],
      "pending": [],
      "skipped": [],
      "duration": 0,
      "root": true,
      "rootEmpty": true,
      "_timeout": 2000
    }
  ],
  "meta": {
    "mocha": {
      "version": "7.0.1"
    },
    "mochawesome": {
      "options": {
        "quiet": false,
        "reportFilename": "mochawesome",
        "saveHtml": false,
        "saveJson": true,
        "consoleReporter": "spec",
        "useInlineDiffs": false
      },
      "version": "4.1.0"
    },
    "marge": {
      "options": {
        "id": "default",
        "reportDir": "cypress/reports",
        "overwrite": true,
        "html": false,
        "json": true
      },
      "version": "4.1.0"
    }
  }
}