{
  "stats": {
    "suites": 12,
    "tests": 41,
    "passes": 10,
    "pending": 0,
    "failures": 31,
    "start": "2021-08-13T19:06:24.567Z",
    "end": "2021-08-13T19:09:21.952Z",
    "duration": 177385,
    "testsRegistered": 41,
    "passPercent": 24.390243902439025,
    "pendingPercent": 0,
    "other": 0,
    "hasOther": false,
    "skipped": 0,
    "hasSkipped": false
  },
  "results": [
    {
      "uuid": "640e7f1c-5d21-4a72-b16e-3d8d6441f009",
      "title": "",
      "fullFile": "cypress/integration/project.spec.js",
      "file": "cypress/integration/project.spec.js",
      "beforeHooks": [],
      "afterHooks": [],
      "tests": [],
      "suites": [
        {
          "uuid": "7f03b039-7591-44a6-9191-aed61f50ac85",
          "title": "1 - Adicione à página o título \"Paleta de Cores\".",
          "fullFile": "",
          "file": "",
          "beforeHooks": [],
          "afterHooks": [],
          "tests": [
            {
              "title": "Verifica se contém um elemento `h1` com o id `title` com o título correto",
              "fullTitle": "1 - Adicione à página o título \"Paleta de Cores\". Verifica se contém um elemento `h1` com o id `title` com o título correto",
              "timedOut": null,
              "duration": 964,
              "state": "passed",
              "speed": "slow",
              "pass": true,
              "fail": false,
              "pending": false,
              "context": null,
              "code": "cy.get('h1#title').should('contain.text', 'Paleta de Cores');",
              "err": {},
              "uuid": "f45846bd-f38d-4fdc-8b01-62ebb0989489",
              "parentUUID": "7f03b039-7591-44a6-9191-aed61f50ac85",
              "isHook": false,
              "skipped": false
            }
          ],
          "suites": [],
          "passes": [
            "f45846bd-f38d-4fdc-8b01-62ebb0989489"
          ],
          "failures": [],
          "pending": [],
          "skipped": [],
          "duration": 964,
          "root": false,
          "rootEmpty": false,
          "_timeout": 2000
        },
        {
          "uuid": "d4dcd903-d0a3-4648-b313-c747de2c8f84",
          "title": "2 - Adicione à página uma paleta de quatro cores distintas.",
          "fullFile": "",
          "file": "",
          "beforeHooks": [],
          "afterHooks": [],
          "tests": [
            {
              "title": "A paleta de cores deve ser um elemento com `id` denominado `color-palette`",
              "fullTitle": "2 - Adicione à página uma paleta de quatro cores distintas. A paleta de cores deve ser um elemento com `id` denominado `color-palette`",
              "timedOut": null,
              "duration": 518,
              "state": "passed",
              "speed": "slow",
              "pass": true,
              "fail": false,
              "pending": false,
              "context": null,
              "code": "cy.get('#color-palette').should('be.visible');",
              "err": {},
              "uuid": "08fffd64-c8ab-4bd8-8fdd-1c0ee44e69b8",
              "parentUUID": "d4dcd903-d0a3-4648-b313-c747de2c8f84",
              "isHook": false,
              "skipped": false
            },
            {
              "title": "Verifica se cada cor individual da paleta de cores possui a `classe` chamada `color`.",
              "fullTitle": "2 - Adicione à página uma paleta de quatro cores distintas. Verifica se cada cor individual da paleta de cores possui a `classe` chamada `color`.",
              "timedOut": null,
              "duration": 699,
              "state": "passed",
              "speed": "slow",
              "pass": true,
              "fail": false,
              "pending": false,
              "context": null,
              "code": "cy.get('.color').should('have.length', 4).then(function (colors) {\n  for (var i = 0; i < colors.length; i++) {\n    cy.wrap(colors[i]).should('be.visible');\n  }\n});",
              "err": {},
              "uuid": "ce53f388-b593-45ea-b063-a037619f7276",
              "parentUUID": "d4dcd903-d0a3-4648-b313-c747de2c8f84",
              "isHook": false,
              "skipped": false
            },
            {
              "title": "Verifica se a cor de fundo de cada elemento da paleta é a cor que o elemento representa. **A única cor não permitida na paleta é a cor branca.**",
              "fullTitle": "2 - Adicione à página uma paleta de quatro cores distintas. Verifica se a cor de fundo de cada elemento da paleta é a cor que o elemento representa. **A única cor não permitida na paleta é a cor branca.**",
              "timedOut": null,
              "duration": 773,
              "state": "passed",
              "speed": "slow",
              "pass": true,
              "fail": false,
              "pending": false,
              "context": null,
              "code": "cy.get('.color').each(function (color) {\n  cy.wrap(color).should('have.class', 'color').and('not.have.css', 'background-color', WHITE);\n  cy.wrap(color).should('have.css', 'background-color');\n});",
              "err": {},
              "uuid": "710ae4c5-ba6d-4cbc-a25a-62136c8294ae",
              "parentUUID": "d4dcd903-d0a3-4648-b313-c747de2c8f84",
              "isHook": false,
              "skipped": false
            },
            {
              "title": "Verifica se cada elemento da paleta de cores tem uma borda preta, sólida e com 1 pixel de largura;",
              "fullTitle": "2 - Adicione à página uma paleta de quatro cores distintas. Verifica se cada elemento da paleta de cores tem uma borda preta, sólida e com 1 pixel de largura;",
              "timedOut": null,
              "duration": 433,
              "state": "passed",
              "speed": "slow",
              "pass": true,
              "fail": false,
              "pending": false,
              "context": null,
              "code": "cy.get('.color').each(function (color) {\n  cy.wrap(color).and('have.css', 'border', \"1px solid \".concat(BLACK)).and('have.class', 'color');\n});",
              "err": {},
              "uuid": "94d011c9-4fb4-4dfa-9aa2-b1a3aa5c032e",
              "parentUUID": "d4dcd903-d0a3-4648-b313-c747de2c8f84",
              "isHook": false,
              "skipped": false
            },
            {
              "title": "Verifica se a paleta lista todas as cores disponíveis para utilização, lado a lado.",
              "fullTitle": "2 - Adicione à página uma paleta de quatro cores distintas. Verifica se a paleta lista todas as cores disponíveis para utilização, lado a lado.",
              "timedOut": null,
              "duration": 584,
              "state": "passed",
              "speed": "slow",
              "pass": true,
              "fail": false,
              "pending": false,
              "context": null,
              "code": "cy.get('.color').then(function (colors) {\n  for (var index = 1; index < colors.length; index += 1) {\n    var currentColor = colors[index];\n    var previousColor = colors[index - 1];\n    cy.wrap(currentColor).should('be.onTheRightOf', previousColor).and('be.horizontallyAlignedWith', previousColor);\n  }\n});",
              "err": {},
              "uuid": "b8b01544-3a32-4d29-a1a0-b8424256f989",
              "parentUUID": "d4dcd903-d0a3-4648-b313-c747de2c8f84",
              "isHook": false,
              "skipped": false
            },
            {
              "title": "Verifica se a paleta de cores está posicionada abaixo do título 'Paleta de Cores'",
              "fullTitle": "2 - Adicione à página uma paleta de quatro cores distintas. Verifica se a paleta de cores está posicionada abaixo do título 'Paleta de Cores'",
              "timedOut": null,
              "duration": 784,
              "state": "passed",
              "speed": "slow",
              "pass": true,
              "fail": false,
              "pending": false,
              "context": null,
              "code": "cy.get('h1#title').then(function (title) {\n  cy.get('#color-palette').should('be.belowOf', title);\n});",
              "err": {},
              "uuid": "8d531f1e-2851-4dd6-a74e-833fd43dd224",
              "parentUUID": "d4dcd903-d0a3-4648-b313-c747de2c8f84",
              "isHook": false,
              "skipped": false
            },
            {
              "title": "Verifica se a paleta de cores não contém cores repetidas.",
              "fullTitle": "2 - Adicione à página uma paleta de quatro cores distintas. Verifica se a paleta de cores não contém cores repetidas.",
              "timedOut": null,
              "duration": 438,
              "state": "passed",
              "speed": "slow",
              "pass": true,
              "fail": false,
              "pending": false,
              "context": null,
              "code": "cy.get('.color').then(function (colors) {\n  var allColors = Array.from(colors).map(function (color) {\n    return Cypress.$(color).css('background-color');\n  });\n  cy.log(allColors);\n  var uniqColors = (0, _toConsumableArray2[\"default\"])(new Set(allColors));\n  cy.log(uniqColors);\n  expect(allColors.length).to.eq(uniqColors.length);\n});",
              "err": {},
              "uuid": "0659aa6f-737a-4f1e-9655-b291237e34d8",
              "parentUUID": "d4dcd903-d0a3-4648-b313-c747de2c8f84",
              "isHook": false,
              "skipped": false
            }
          ],
          "suites": [],
          "passes": [
            "08fffd64-c8ab-4bd8-8fdd-1c0ee44e69b8",
            "ce53f388-b593-45ea-b063-a037619f7276",
            "710ae4c5-ba6d-4cbc-a25a-62136c8294ae",
            "94d011c9-4fb4-4dfa-9aa2-b1a3aa5c032e",
            "b8b01544-3a32-4d29-a1a0-b8424256f989",
            "8d531f1e-2851-4dd6-a74e-833fd43dd224",
            "0659aa6f-737a-4f1e-9655-b291237e34d8"
          ],
          "failures": [],
          "pending": [],
          "skipped": [],
          "duration": 4229,
          "root": false,
          "rootEmpty": false,
          "_timeout": 2000
        },
        {
          "uuid": "c9279299-cdfa-4448-98ac-08f1f4e5b51e",
          "title": "3 - Adicione a cor **preta** como a primeira cor da paleta de cores.",
          "fullFile": "",
          "file": "",
          "beforeHooks": [],
          "afterHooks": [],
          "tests": [
            {
              "title": "Verifica se a primeira cor da paleta é preta",
              "fullTitle": "3 - Adicione a cor **preta** como a primeira cor da paleta de cores. Verifica se a primeira cor da paleta é preta",
              "timedOut": null,
              "duration": 5752,
              "state": "failed",
              "speed": null,
              "pass": false,
              "fail": true,
              "pending": false,
              "context": null,
              "code": "cy.get('.color').first().should('have.css', 'background-color', BLACK);",
              "err": {
                "message": "CypressError: Timed out retrying: expected '<div.color>' to have CSS property 'background-color' with the value 'rgb(0, 0, 0)', but the value was 'rgb(0, 255, 255)'",
                "estack": "CypressError: Timed out retrying: expected '<div.color>' to have CSS property 'background-color' with the value 'rgb(0, 0, 0)', but the value was 'rgb(0, 255, 255)'\n    at cypressErr (http://localhost:51171/__cypress/runner/cypress_runner.js:149934:9)\n    at throwErr (http://localhost:51171/__cypress/runner/cypress_runner.js:149867:11)\n    at Object.throwErrByPath (http://localhost:51171/__cypress/runner/cypress_runner.js:149915:3)\n    at retry (http://localhost:51171/__cypress/runner/cypress_runner.js:144197:19)\n    at onFailFn (http://localhost:51171/__cypress/runner/cypress_runner.js:132448:16)\n    at tryCatcher (http://localhost:51171/__cypress/runner/cypress_runner.js:167415:23)\n    at Promise._settlePromiseFromHandler (http://localhost:51171/__cypress/runner/cypress_runner.js:165351:31)\n    at Promise._settlePromise (http://localhost:51171/__cypress/runner/cypress_runner.js:165408:18)\n    at Promise._settlePromise0 (http://localhost:51171/__cypress/runner/cypress_runner.js:165453:10)\n    at Promise._settlePromises (http://localhost:51171/__cypress/runner/cypress_runner.js:165528:18)\n    at Async../node_modules/bluebird/js/release/async.js.Async._drainQueue (http://localhost:51171/__cypress/runner/cypress_runner.js:162140:16)\n    at Async../node_modules/bluebird/js/release/async.js.Async._drainQueues (http://localhost:51171/__cypress/runner/cypress_runner.js:162150:10)\n    at Async.drainQueues (http://localhost:51171/__cypress/runner/cypress_runner.js:162024:14)",
                "diff": null
              },
              "uuid": "310f269c-9798-4745-b87d-0fcd012d125e",
              "parentUUID": "c9279299-cdfa-4448-98ac-08f1f4e5b51e",
              "isHook": false,
              "skipped": false
            },
            {
              "title": "Verifica se as demais cores podem ser escolhidas livremente.",
              "fullTitle": "3 - Adicione a cor **preta** como a primeira cor da paleta de cores. Verifica se as demais cores podem ser escolhidas livremente.",
              "timedOut": null,
              "duration": 1093,
              "state": "passed",
              "speed": "slow",
              "pass": true,
              "fail": false,
              "pending": false,
              "context": null,
              "code": "cy.get('.color').eq(1).should('not.have.css', 'background-color', BLACK);\ncy.get('.color').eq(1).should('not.have.css', 'background-color', WHITE);\ncy.get('.color').eq(1).should('not.have.css', 'background-color', 'rgba(0, 0, 0, 0)');\ncy.get('.color').eq(1).should('have.css', 'background-color');\ncy.get('.color').eq(2).should('not.have.css', 'background-color', BLACK);\ncy.get('.color').eq(2).should('not.have.css', 'background-color', WHITE);\ncy.get('.color').eq(2).should('not.have.css', 'background-color', 'rgba(0, 0, 0, 0)');\ncy.get('.color').eq(2).should('have.css', 'background-color');\ncy.get('.color').eq(3).should('not.have.css', 'background-color', BLACK);\ncy.get('.color').eq(3).should('not.have.css', 'background-color', WHITE);\ncy.get('.color').eq(3).should('not.have.css', 'background-color', 'rgba(0, 0, 0, 0)');\ncy.get('.color').eq(3).should('have.css', 'background-color');",
              "err": {},
              "uuid": "4f918070-59d1-4d34-a818-ac74f40f884f",
              "parentUUID": "c9279299-cdfa-4448-98ac-08f1f4e5b51e",
              "isHook": false,
              "skipped": false
            }
          ],
          "suites": [],
          "passes": [
            "4f918070-59d1-4d34-a818-ac74f40f884f"
          ],
          "failures": [
            "310f269c-9798-4745-b87d-0fcd012d125e"
          ],
          "pending": [],
          "skipped": [],
          "duration": 6845,
          "root": false,
          "rootEmpty": false,
          "_timeout": 2000
        },
        {
          "uuid": "316fd29a-f1f2-4058-a540-f4981bcb9baa",
          "title": "4 - Adicione à página um quadro de pixels, com 25 pixels.",
          "fullFile": "",
          "file": "",
          "beforeHooks": [],
          "afterHooks": [],
          "tests": [
            {
              "title": "Verifica se o quadro de pixels possui o `id` denominado `pixel-board`",
              "fullTitle": "4 - Adicione à página um quadro de pixels, com 25 pixels. Verifica se o quadro de pixels possui o `id` denominado `pixel-board`",
              "timedOut": null,
              "duration": 5462,
              "state": "failed",
              "speed": null,
              "pass": false,
              "fail": true,
              "pending": false,
              "context": null,
              "code": "cy.get('#pixel-board').should('be.visible');",
              "err": {
                "message": "CypressError: Timed out retrying: Expected to find element: '#pixel-board', but never found it.",
                "estack": "CypressError: Timed out retrying: Expected to find element: '#pixel-board', but never found it.\n    at cypressErr (http://localhost:51171/__cypress/runner/cypress_runner.js:149934:9)\n    at throwErr (http://localhost:51171/__cypress/runner/cypress_runner.js:149867:11)\n    at Object.throwErrByPath (http://localhost:51171/__cypress/runner/cypress_runner.js:149915:3)\n    at retry (http://localhost:51171/__cypress/runner/cypress_runner.js:144197:19)\n    at onFailFn (http://localhost:51171/__cypress/runner/cypress_runner.js:132448:16)\n    at tryCatcher (http://localhost:51171/__cypress/runner/cypress_runner.js:167415:23)\n    at Promise._settlePromiseFromHandler (http://localhost:51171/__cypress/runner/cypress_runner.js:165351:31)\n    at Promise._settlePromise (http://localhost:51171/__cypress/runner/cypress_runner.js:165408:18)\n    at Promise._settlePromise0 (http://localhost:51171/__cypress/runner/cypress_runner.js:165453:10)\n    at Promise._settlePromises (http://localhost:51171/__cypress/runner/cypress_runner.js:165528:18)\n    at Async../node_modules/bluebird/js/release/async.js.Async._drainQueue (http://localhost:51171/__cypress/runner/cypress_runner.js:162140:16)\n    at Async../node_modules/bluebird/js/release/async.js.Async._drainQueues (http://localhost:51171/__cypress/runner/cypress_runner.js:162150:10)\n    at Async.drainQueues (http://localhost:51171/__cypress/runner/cypress_runner.js:162024:14)",
                "diff": null
              },
              "uuid": "af7de8ff-b5fb-4408-8204-48ab9472d527",
              "parentUUID": "316fd29a-f1f2-4058-a540-f4981bcb9baa",
              "isHook": false,
              "skipped": false
            },
            {
              "title": "Verifica se cada pixel individual dentro do quadro possui a `classe` denominada `pixel`.",
              "fullTitle": "4 - Adicione à página um quadro de pixels, com 25 pixels. Verifica se cada pixel individual dentro do quadro possui a `classe` denominada `pixel`.",
              "timedOut": null,
              "duration": 5071,
              "state": "failed",
              "speed": null,
              "pass": false,
              "fail": true,
              "pending": false,
              "context": null,
              "code": "cy.get('.pixel').should('have.length', 25);",
              "err": {
                "message": "CypressError: Timed out retrying: Expected to find element: '.pixel', but never found it.",
                "estack": "CypressError: Timed out retrying: Expected to find element: '.pixel', but never found it.\n    at cypressErr (http://localhost:51171/__cypress/runner/cypress_runner.js:149934:9)\n    at throwErr (http://localhost:51171/__cypress/runner/cypress_runner.js:149867:11)\n    at Object.throwErrByPath (http://localhost:51171/__cypress/runner/cypress_runner.js:149915:3)\n    at retry (http://localhost:51171/__cypress/runner/cypress_runner.js:144197:19)\n    at onFailFn (http://localhost:51171/__cypress/runner/cypress_runner.js:132448:16)\n    at tryCatcher (http://localhost:51171/__cypress/runner/cypress_runner.js:167415:23)\n    at Promise._settlePromiseFromHandler (http://localhost:51171/__cypress/runner/cypress_runner.js:165351:31)\n    at Promise._settlePromise (http://localhost:51171/__cypress/runner/cypress_runner.js:165408:18)\n    at Promise._settlePromise0 (http://localhost:51171/__cypress/runner/cypress_runner.js:165453:10)\n    at Promise._settlePromises (http://localhost:51171/__cypress/runner/cypress_runner.js:165528:18)\n    at Async../node_modules/bluebird/js/release/async.js.Async._drainQueue (http://localhost:51171/__cypress/runner/cypress_runner.js:162140:16)\n    at Async../node_modules/bluebird/js/release/async.js.Async._drainQueues (http://localhost:51171/__cypress/runner/cypress_runner.js:162150:10)\n    at Async.drainQueues (http://localhost:51171/__cypress/runner/cypress_runner.js:162024:14)",
                "diff": null
              },
              "uuid": "aa079bfd-7c4a-4b8b-8724-4dbbaeaf76a4",
              "parentUUID": "316fd29a-f1f2-4058-a540-f4981bcb9baa",
              "isHook": false,
              "skipped": false
            },
            {
              "title": "Verifica se a cor inicial dos pixels dentro do quadro, ao abrir a página, é branca.",
              "fullTitle": "4 - Adicione à página um quadro de pixels, com 25 pixels. Verifica se a cor inicial dos pixels dentro do quadro, ao abrir a página, é branca.",
              "timedOut": null,
              "duration": 5470,
              "state": "failed",
              "speed": null,
              "pass": false,
              "fail": true,
              "pending": false,
              "context": null,
              "code": "cy.get('.pixel').should('have.length', 25).each(function (pixel) {\n  expect(pixel).to.have.css('background-color', WHITE);\n});",
              "err": {
                "message": "CypressError: Timed out retrying: Expected to find element: '.pixel', but never found it.",
                "estack": "CypressError: Timed out retrying: Expected to find element: '.pixel', but never found it.\n    at cypressErr (http://localhost:51171/__cypress/runner/cypress_runner.js:149934:9)\n    at throwErr (http://localhost:51171/__cypress/runner/cypress_runner.js:149867:11)\n    at Object.throwErrByPath (http://localhost:51171/__cypress/runner/cypress_runner.js:149915:3)\n    at retry (http://localhost:51171/__cypress/runner/cypress_runner.js:144197:19)\n    at onFailFn (http://localhost:51171/__cypress/runner/cypress_runner.js:132448:16)\n    at tryCatcher (http://localhost:51171/__cypress/runner/cypress_runner.js:167415:23)\n    at Promise._settlePromiseFromHandler (http://localhost:51171/__cypress/runner/cypress_runner.js:165351:31)\n    at Promise._settlePromise (http://localhost:51171/__cypress/runner/cypress_runner.js:165408:18)\n    at Promise._settlePromise0 (http://localhost:51171/__cypress/runner/cypress_runner.js:165453:10)\n    at Promise._settlePromises (http://localhost:51171/__cypress/runner/cypress_runner.js:165528:18)\n    at Async../node_modules/bluebird/js/release/async.js.Async._drainQueue (http://localhost:51171/__cypress/runner/cypress_runner.js:162140:16)\n    at Async../node_modules/bluebird/js/release/async.js.Async._drainQueues (http://localhost:51171/__cypress/runner/cypress_runner.js:162150:10)\n    at Async.drainQueues (http://localhost:51171/__cypress/runner/cypress_runner.js:162024:14)",
                "diff": null
              },
              "uuid": "24437f34-0fbe-492d-a870-33718283dfc9",
              "parentUUID": "316fd29a-f1f2-4058-a540-f4981bcb9baa",
              "isHook": false,
              "skipped": false
            },
            {
              "title": "Verifica se o quadro de pixels aparece abaixo da paleta de cores",
              "fullTitle": "4 - Adicione à página um quadro de pixels, com 25 pixels. Verifica se o quadro de pixels aparece abaixo da paleta de cores",
              "timedOut": null,
              "duration": 5519,
              "state": "failed",
              "speed": null,
              "pass": false,
              "fail": true,
              "pending": false,
              "context": null,
              "code": "cy.get('#color-palette').then(function (palette) {\n  cy.get('#pixel-board').should('be.belowOf', palette);\n});",
              "err": {
                "message": "CypressError: Timed out retrying: Expected to find element: '#pixel-board', but never found it.",
                "estack": "CypressError: Timed out retrying: Expected to find element: '#pixel-board', but never found it.\n    at cypressErr (http://localhost:51171/__cypress/runner/cypress_runner.js:149934:9)\n    at throwErr (http://localhost:51171/__cypress/runner/cypress_runner.js:149867:11)\n    at Object.throwErrByPath (http://localhost:51171/__cypress/runner/cypress_runner.js:149915:3)\n    at retry (http://localhost:51171/__cypress/runner/cypress_runner.js:144197:19)\n    at onFailFn (http://localhost:51171/__cypress/runner/cypress_runner.js:132448:16)\n    at tryCatcher (http://localhost:51171/__cypress/runner/cypress_runner.js:167415:23)\n    at Promise._settlePromiseFromHandler (http://localhost:51171/__cypress/runner/cypress_runner.js:165351:31)\n    at Promise._settlePromise (http://localhost:51171/__cypress/runner/cypress_runner.js:165408:18)\n    at Promise._settlePromise0 (http://localhost:51171/__cypress/runner/cypress_runner.js:165453:10)\n    at Promise._settlePromises (http://localhost:51171/__cypress/runner/cypress_runner.js:165528:18)\n    at Async../node_modules/bluebird/js/release/async.js.Async._drainQueue (http://localhost:51171/__cypress/runner/cypress_runner.js:162140:16)\n    at Async../node_modules/bluebird/js/release/async.js.Async._drainQueues (http://localhost:51171/__cypress/runner/cypress_runner.js:162150:10)\n    at Async.drainQueues (http://localhost:51171/__cypress/runner/cypress_runner.js:162024:14)",
                "diff": null
              },
              "uuid": "10bb336d-c44f-44f1-8c25-489236dde343",
              "parentUUID": "316fd29a-f1f2-4058-a540-f4981bcb9baa",
              "isHook": false,
              "skipped": false
            }
          ],
          "suites": [],
          "passes": [],
          "failures": [
            "af7de8ff-b5fb-4408-8204-48ab9472d527",
            "aa079bfd-7c4a-4b8b-8724-4dbbaeaf76a4",
            "24437f34-0fbe-492d-a870-33718283dfc9",
            "10bb336d-c44f-44f1-8c25-489236dde343"
          ],
          "pending": [],
          "skipped": [],
          "duration": 21522,
          "root": false,
          "rootEmpty": false,
          "_timeout": 2000
        },
        {
          "uuid": "9093c338-7241-41aa-90d9-dc1098f53a6c",
          "title": "5 - Faça com que cada elemento do quadro de pixels possua 40 pixels de largura, 40 pixels de altura e seja delimitado por uma borda preta de 1 pixel.",
          "fullFile": "",
          "file": "",
          "beforeHooks": [],
          "afterHooks": [],
          "tests": [
            {
              "title": "Verifica se o quadro de pixels tem altura e comprimento de 5 elementos",
              "fullTitle": "5 - Faça com que cada elemento do quadro de pixels possua 40 pixels de largura, 40 pixels de altura e seja delimitado por uma borda preta de 1 pixel. Verifica se o quadro de pixels tem altura e comprimento de 5 elementos",
              "timedOut": null,
              "duration": 5296,
              "state": "failed",
              "speed": null,
              "pass": false,
              "fail": true,
              "pending": false,
              "context": null,
              "code": "cy.get('.pixel').should('have.length', 25).each(function (pixel) {\n  expect(pixel).to.have.css('background-color', WHITE);\n}).and(function (pixels) {\n  var rows = chunk(pixels, 5);\n  rows.forEach(function (row) {\n    for (var index = 1; index < row.length; index += 1) {\n      var current = pixels[index];\n      var previous = pixels[index - 1];\n      cy.wrap(current).should('be.onTheRightOf', previous).and('be.horizontallyAlignedWith', previous);\n    }\n  });\n  for (var index = 1; index < 5; index += 1) {\n    expect(pixels[index * 5]).to.be.belowOf(pixels[(index - 1) * 5]);\n  }\n});",
              "err": {
                "message": "CypressError: Timed out retrying: Expected to find element: '.pixel', but never found it.",
                "estack": "CypressError: Timed out retrying: Expected to find element: '.pixel', but never found it.\n    at cypressErr (http://localhost:51171/__cypress/runner/cypress_runner.js:149934:9)\n    at throwErr (http://localhost:51171/__cypress/runner/cypress_runner.js:149867:11)\n    at Object.throwErrByPath (http://localhost:51171/__cypress/runner/cypress_runner.js:149915:3)\n    at retry (http://localhost:51171/__cypress/runner/cypress_runner.js:144197:19)\n    at onFailFn (http://localhost:51171/__cypress/runner/cypress_runner.js:132448:16)\n    at tryCatcher (http://localhost:51171/__cypress/runner/cypress_runner.js:167415:23)\n    at Promise._settlePromiseFromHandler (http://localhost:51171/__cypress/runner/cypress_runner.js:165351:31)\n    at Promise._settlePromise (http://localhost:51171/__cypress/runner/cypress_runner.js:165408:18)\n    at Promise._settlePromise0 (http://localhost:51171/__cypress/runner/cypress_runner.js:165453:10)\n    at Promise._settlePromises (http://localhost:51171/__cypress/runner/cypress_runner.js:165528:18)\n    at Async../node_modules/bluebird/js/release/async.js.Async._drainQueue (http://localhost:51171/__cypress/runner/cypress_runner.js:162140:16)\n    at Async../node_modules/bluebird/js/release/async.js.Async._drainQueues (http://localhost:51171/__cypress/runner/cypress_runner.js:162150:10)\n    at Async.drainQueues (http://localhost:51171/__cypress/runner/cypress_runner.js:162024:14)",
                "diff": null
              },
              "uuid": "bd99d084-e721-4bd5-9ee6-ff3edc4fda6e",
              "parentUUID": "9093c338-7241-41aa-90d9-dc1098f53a6c",
              "isHook": false,
              "skipped": false
            },
            {
              "title": "Verifica se 40 pixels é o tamanho total do elemento, incluindo seu conteúdo e excluindo a borda preta, que deve ser criada à parte.",
              "fullTitle": "5 - Faça com que cada elemento do quadro de pixels possua 40 pixels de largura, 40 pixels de altura e seja delimitado por uma borda preta de 1 pixel. Verifica se 40 pixels é o tamanho total do elemento, incluindo seu conteúdo e excluindo a borda preta, que deve ser criada à parte.",
              "timedOut": null,
              "duration": 7000,
              "state": "failed",
              "speed": null,
              "pass": false,
              "fail": true,
              "pending": false,
              "context": null,
              "code": "cy.get('.pixel').each(function (pixel) {\n  cy.wrap(pixel).should('have.css', 'height', '40px').and('have.css', 'width', '40px').and('have.css', 'border', \"1px solid \".concat(BLACK));\n});",
              "err": {
                "message": "CypressError: Timed out retrying: Expected to find element: '.pixel', but never found it.",
                "estack": "CypressError: Timed out retrying: Expected to find element: '.pixel', but never found it.\n    at cypressErr (http://localhost:51171/__cypress/runner/cypress_runner.js:149934:9)\n    at throwErr (http://localhost:51171/__cypress/runner/cypress_runner.js:149867:11)\n    at Object.throwErrByPath (http://localhost:51171/__cypress/runner/cypress_runner.js:149915:3)\n    at retry (http://localhost:51171/__cypress/runner/cypress_runner.js:144197:19)\n    at onFailFn (http://localhost:51171/__cypress/runner/cypress_runner.js:132448:16)\n    at tryCatcher (http://localhost:51171/__cypress/runner/cypress_runner.js:167415:23)\n    at Promise._settlePromiseFromHandler (http://localhost:51171/__cypress/runner/cypress_runner.js:165351:31)\n    at Promise._settlePromise (http://localhost:51171/__cypress/runner/cypress_runner.js:165408:18)\n    at Promise._settlePromise0 (http://localhost:51171/__cypress/runner/cypress_runner.js:165453:10)\n    at Promise._settlePromises (http://localhost:51171/__cypress/runner/cypress_runner.js:165528:18)\n    at Async../node_modules/bluebird/js/release/async.js.Async._drainQueue (http://localhost:51171/__cypress/runner/cypress_runner.js:162140:16)\n    at Async../node_modules/bluebird/js/release/async.js.Async._drainQueues (http://localhost:51171/__cypress/runner/cypress_runner.js:162150:10)\n    at Async.drainQueues (http://localhost:51171/__cypress/runner/cypress_runner.js:162024:14)",
                "diff": null
              },
              "uuid": "4f720aa7-9189-4705-92a7-ee52f411f36c",
              "parentUUID": "9093c338-7241-41aa-90d9-dc1098f53a6c",
              "isHook": false,
              "skipped": false
            }
          ],
          "suites": [],
          "passes": [],
          "failures": [
            "bd99d084-e721-4bd5-9ee6-ff3edc4fda6e",
            "4f720aa7-9189-4705-92a7-ee52f411f36c"
          ],
          "pending": [],
          "skipped": [],
          "duration": 12296,
          "root": false,
          "rootEmpty": false,
          "_timeout": 2000
        },
        {
          "uuid": "8e1cfae3-77aa-410a-aca1-c065881d928d",
          "title": "6 - Defina a cor preta como cor inicial. Ao carregar a página a cor preta já deve estar selecionada para pintar os pixels",
          "fullFile": "",
          "file": "",
          "beforeHooks": [],
          "afterHooks": [],
          "tests": [
            {
              "title": "Verifica se o elemento da cor preta possui, inicialmente, a `classe` `selected`",
              "fullTitle": "6 - Defina a cor preta como cor inicial. Ao carregar a página a cor preta já deve estar selecionada para pintar os pixels Verifica se o elemento da cor preta possui, inicialmente, a `classe` `selected`",
              "timedOut": null,
              "duration": 5235,
              "state": "failed",
              "speed": null,
              "pass": false,
              "fail": true,
              "pending": false,
              "context": null,
              "code": "cy.get('.selected').first().should('have.css', 'background-color', BLACK);",
              "err": {
                "message": "CypressError: Timed out retrying: Expected to find element: '.selected', but never found it.",
                "estack": "CypressError: Timed out retrying: Expected to find element: '.selected', but never found it.\n    at cypressErr (http://localhost:51171/__cypress/runner/cypress_runner.js:149934:9)\n    at throwErr (http://localhost:51171/__cypress/runner/cypress_runner.js:149867:11)\n    at Object.throwErrByPath (http://localhost:51171/__cypress/runner/cypress_runner.js:149915:3)\n    at retry (http://localhost:51171/__cypress/runner/cypress_runner.js:144197:19)\n    at onFailFn (http://localhost:51171/__cypress/runner/cypress_runner.js:132448:16)\n    at tryCatcher (http://localhost:51171/__cypress/runner/cypress_runner.js:167415:23)\n    at Promise._settlePromiseFromHandler (http://localhost:51171/__cypress/runner/cypress_runner.js:165351:31)\n    at Promise._settlePromise (http://localhost:51171/__cypress/runner/cypress_runner.js:165408:18)\n    at Promise._settlePromise0 (http://localhost:51171/__cypress/runner/cypress_runner.js:165453:10)\n    at Promise._settlePromises (http://localhost:51171/__cypress/runner/cypress_runner.js:165528:18)\n    at Async../node_modules/bluebird/js/release/async.js.Async._drainQueue (http://localhost:51171/__cypress/runner/cypress_runner.js:162140:16)\n    at Async../node_modules/bluebird/js/release/async.js.Async._drainQueues (http://localhost:51171/__cypress/runner/cypress_runner.js:162150:10)\n    at Async.drainQueues (http://localhost:51171/__cypress/runner/cypress_runner.js:162024:14)",
                "diff": null
              },
              "uuid": "33be0ead-2e5b-4674-9cd2-d8475e1ec1b3",
              "parentUUID": "8e1cfae3-77aa-410a-aca1-c065881d928d",
              "isHook": false,
              "skipped": false
            },
            {
              "title": "Verifica se nenhuma outra cor da paleta tem a `classe` `selected`",
              "fullTitle": "6 - Defina a cor preta como cor inicial. Ao carregar a página a cor preta já deve estar selecionada para pintar os pixels Verifica se nenhuma outra cor da paleta tem a `classe` `selected`",
              "timedOut": null,
              "duration": 550,
              "state": "passed",
              "speed": "slow",
              "pass": true,
              "fail": false,
              "pending": false,
              "context": null,
              "code": "cy.get('.color:not(:first-child)').each(function (color) {\n  cy.wrap(color).should('not.have.class', 'selected');\n});",
              "err": {},
              "uuid": "342f69b6-a721-4cb8-a694-bcc186c8a758",
              "parentUUID": "8e1cfae3-77aa-410a-aca1-c065881d928d",
              "isHook": false,
              "skipped": false
            }
          ],
          "suites": [],
          "passes": [
            "342f69b6-a721-4cb8-a694-bcc186c8a758"
          ],
          "failures": [
            "33be0ead-2e5b-4674-9cd2-d8475e1ec1b3"
          ],
          "pending": [],
          "skipped": [],
          "duration": 5785,
          "root": false,
          "rootEmpty": false,
          "_timeout": 2000
        },
        {
          "uuid": "27cf0708-6b23-4fa3-acdb-85591eb0297c",
          "title": "7 - Clicar em uma das cores da paleta, faz com que ela seja selecionada e utilizada para preencher os pixels no quadro.",
          "fullFile": "",
          "file": "",
          "beforeHooks": [],
          "afterHooks": [],
          "tests": [
            {
              "title": "Verifica se somente uma cor da paleta de cores tem a classe `selected` de cada vez",
              "fullTitle": "7 - Clicar em uma das cores da paleta, faz com que ela seja selecionada e utilizada para preencher os pixels no quadro. Verifica se somente uma cor da paleta de cores tem a classe `selected` de cada vez",
              "timedOut": null,
              "duration": 1309,
              "state": "failed",
              "speed": null,
              "pass": false,
              "fail": true,
              "pending": false,
              "context": null,
              "code": "cy.get('.color').each(function (selectedColor, selectedColorIndex) {\n  cy.wrap(selectedColor).click();\n  cy.get('.color').each(function (color, colorIndex) {\n    if (colorIndex === selectedColorIndex) {\n      expect(color).to.have[\"class\"]('selected');\n    } else {\n      expect(color).not.to.have[\"class\"]('selected');\n    }\n  });\n});",
              "err": {
                "message": "AssertionError: expected '<div.color>' to have class 'selected'",
                "estack": "AssertionError: expected '<div.color>' to have class 'selected'\n    at callback (http://localhost:51171/__cypress/runner/cypress_runner.js:136947:20)\n    at getRet (http://localhost:51171/__cypress/runner/cypress_runner.js:136585:16)\n    at tryCatcher (http://localhost:51171/__cypress/runner/cypress_runner.js:167415:23)\n    at Function.Promise.attempt.Promise.try (http://localhost:51171/__cypress/runner/cypress_runner.js:164690:29)\n    at thenFn (http://localhost:51171/__cypress/runner/cypress_runner.js:136599:23)\n    at yieldItem (http://localhost:51171/__cypress/runner/cypress_runner.js:136954:16)\n    at tryCatcher (http://localhost:51171/__cypress/runner/cypress_runner.js:167415:23)\n    at Object.gotValue (http://localhost:51171/__cypress/runner/cypress_runner.js:166557:18)\n    at Object.gotAccum (http://localhost:51171/__cypress/runner/cypress_runner.js:166546:25)\n    at Object.tryCatcher (http://localhost:51171/__cypress/runner/cypress_runner.js:167415:23)\n    at Promise._settlePromiseFromHandler (http://localhost:51171/__cypress/runner/cypress_runner.js:165351:31)\n    at Promise._settlePromise (http://localhost:51171/__cypress/runner/cypress_runner.js:165408:18)\n    at Promise._settlePromiseCtx (http://localhost:51171/__cypress/runner/cypress_runner.js:165445:10)\n    at Async../node_modules/bluebird/js/release/async.js.Async._drainQueue (http://localhost:51171/__cypress/runner/cypress_runner.js:162145:12)\n    at Async../node_modules/bluebird/js/release/async.js.Async._drainQueues (http://localhost:51171/__cypress/runner/cypress_runner.js:162150:10)\n    at Async.drainQueues (http://localhost:51171/__cypress/runner/cypress_runner.js:162024:14)",
                "diff": "- { '0': <div class=\"color\" style=\"border: 1px solid black; background-color: black;\"></div>,\n-   length: 1,\n-   jquery: '3.1.1',\n-   constructor: \n-    { [Function: jQuery]\n-      fn: \n-       { jquery: '3.1.1',\n-         constructor: [Circular],\n-         length: 0,\n-         toArray: [Function: toArray],\n-         get: [Function: get],\n-         pushStack: [Function: pushStack],\n-         each: [Function: each],\n-         map: [Function: map],\n-         slice: [Function: slice],\n-         first: [Function: first],\n-         last: [Function: last],\n-         eq: [Function: eq],\n-         end: [Function: end],\n-         push: [Function: push],\n-         sort: [Function: sort],\n-         splice: [Function: splice],\n-         extend: [Function],\n-         find: [Function: find],\n-         filter: [Function: filter],\n-         not: [Function: not],\n-         is: [Function: is],\n-         init: [Function],\n-         has: [Function: has],\n-         closest: [Function: closest],\n-         index: [Function: index],\n-         add: [Function: add],\n-         addBack: [Function: addBack],\n-         parent: [Function],\n-         parents: [Function],\n-         parentsUntil: [Function],\n-         next: [Function],\n-         prev: [Function],\n-         nextAll: [Function],\n-         prevAll: [Function],\n-         nextUntil: [Function],\n-         prevUntil: [Function],\n-         siblings: [Function],\n-         children: [Function],\n-         contents: [Function],\n-         ready: [Function],\n-         data: [Function: data],\n-         removeData: [Function: removeData],\n-         queue: [Function: queue],\n-         dequeue: [Function: dequeue],\n-         clearQueue: [Function: clearQueue],\n-         promise: [Function: promise],\n-         show: [Function],\n-         hide: [Function],\n-         toggle: [Function],\n-         on: [Function: on],\n-         one: [Function: one],\n-         off: [Function: off],\n-         detach: [Function: detach],\n-         remove: [Function: remove],\n-         text: [Function: text],\n-         append: [Function: append],\n-         prepend: [Function: prepend],\n-         before: [Function: before],\n-         after: [Function: after],\n-         empty: [Function: empty],\n-         clone: [Function: clone],\n-         html: [Function: html],\n-         replaceWith: [Function: replaceWith],\n-         appendTo: [Function],\n-         prependTo: [Function],\n-         insertBefore: [Function],\n-         insertAfter: [Function],\n-         replaceAll: [Function],\n-         css: [Function: css],\n-         fadeTo: [Function: fadeTo],\n-         animate: [Function: animate],\n-         stop: [Function: stop],\n-         finish: [Function: finish],\n-         slideDown: [Function],\n-         slideUp: [Function],\n-         slideToggle: [Function],\n-         fadeIn: [Function],\n-         fadeOut: [Function],\n-         fadeToggle: [Function],\n-         delay: [Function],\n-         attr: [Function: attr],\n-         removeAttr: [Function: removeAttr],\n-         prop: [Function: prop],\n-         removeProp: [Function: removeProp],\n-         addClass: [Function: addClass],\n-         removeClass: [Function: removeClass],\n-         toggleClass: [Function: toggleClass],\n-         hasClass: [Function: hasClass],\n-         val: [Function: val],\n-         trigger: [Function: trigger],\n-         triggerHandler: [Function: triggerHandler],\n-         blur: [Function],\n-         focus: [Function],\n-         focusin: [Function],\n-         focusout: [Function],\n-         resize: [Function],\n-         scroll: [Function],\n-         click: [Function],\n-         dblclick: [Function],\n-         mousedown: [Function],\n-         mouseup: [Function],\n-         mousemove: [Function],\n-         mouseover: [Function],\n-         mouseout: [Function],\n-         mouseenter: [Function],\n-         mouseleave: [Function],\n-         change: [Function],\n-         select: [Function],\n-         submit: [Function],\n-         keydown: [Function],\n-         keypress: [Function],\n-         keyup: [Function],\n-         contextmenu: [Function],\n-         hover: [Function: hover],\n-         serialize: [Function: serialize],\n-         serializeArray: [Function: serializeArray],\n-         wrapAll: [Function: wrapAll],\n-         wrapInner: [Function: wrapInner],\n-         wrap: [Function: wrap],\n-         unwrap: [Function: unwrap],\n-         load: [Function],\n-         ajaxStart: [Function],\n-         ajaxStop: [Function],\n-         ajaxComplete: [Function],\n-         ajaxError: [Function],\n-         ajaxSuccess: [Function],\n-         ajaxSend: [Function],\n-         offset: [Function: offset],\n-         position: [Function: position],\n-         offsetParent: [Function: offsetParent],\n-         scrollLeft: [Function],\n-         scrollTop: [Function],\n-         innerHeight: [Function],\n-         height: [Function],\n-         outerHeight: [Function],\n-         innerWidth: [Function],\n-         width: [Function],\n-         outerWidth: [Function],\n-         bind: [Function: bind],\n-         unbind: [Function: unbind],\n-         delegate: [Function: delegate],\n-         undelegate: [Function: undelegate],\n-         scrollTo: [Function] },\n-      extend: [Function],\n-      expando: 'jQuery311018581444304829398',\n-      isReady: true,\n-      error: [Function: error],\n-      noop: [Function: noop],\n-      isFunction: [Function: isFunction],\n-      isArray: [Function: isArray],\n-      isWindow: [Function: isWindow],\n-      isNumeric: [Function: isNumeric],\n-      isPlainObject: [Function: isPlainObject],\n-      isEmptyObject: [Function: isEmptyObject],\n-      type: [Function: type],\n-      globalEval: [Function: globalEval],\n-      camelCase: [Function: camelCase],\n-      nodeName: [Function: nodeName],\n-      each: [Function: each],\n-      trim: [Function: trim],\n-      makeArray: [Function: makeArray],\n-      inArray: [Function: inArray],\n-      merge: [Function: merge],\n-      grep: [Function: grep],\n-      map: [Function: map],\n-      guid: 7,\n-      proxy: [Function: proxy],\n-      now: [Function: now],\n-      support: \n-       { checkClone: true,\n-         noCloneChecked: true,\n-         clearCloneStyle: true,\n-         pixelPosition: [Function: pixelPosition],\n-         boxSizingReliable: [Function: boxSizingReliable],\n-         pixelMarginRight: [Function: pixelMarginRight],\n-         reliableMarginLeft: [Function: reliableMarginLeft],\n-         checkOn: true,\n-         optSelected: true,\n-         radioValue: true,\n-         focusin: false,\n-         cors: true,\n-         ajax: true,\n-         createHTMLDocument: true },\n-      find: \n-       { [Function: Sizzle]\n-         support: [Object],\n-         isXML: [Function],\n-         setDocument: [Function],\n-         matches: [Function],\n-         matchesSelector: [Function],\n-         contains: [Function],\n-         attr: [Function],\n-         escape: [Function],\n-         error: [Function],\n-         uniqueSort: [Function],\n-         getText: [Function],\n-         selectors: [Object],\n-         tokenize: [Function],\n-         compile: [Function],\n-         select: [Function] },\n-      expr: \n-       { cacheLength: 1,\n-         createPseudo: [Function: markFunction],\n-         match: [Object],\n-         attrHandle: [Object],\n-         find: [Object],\n-         relative: [Object],\n-         preFilter: [Object],\n-         filter: [Object],\n-         pseudos: [Object],\n-         filters: [Object],\n-         setFilters: [Object],\n-         ':': [Object] },\n-      unique: [Function],\n-      uniqueSort: [Function],\n-      text: [Function],\n-      isXMLDoc: [Function],\n-      contains: [Function],\n-      escapeSelector: [Function],\n-      filter: [Function],\n-      Callbacks: [Function],\n-      Deferred: { [Function: Deferred] exceptionHook: [Function] },\n-      when: [Function: when],\n-      readyException: [Function],\n-      readyWait: 0,\n-      holdReady: [Function: holdReady],\n-      ready: { [Function: ready] then: [Function: then] },\n-      hasData: [Function: hasData],\n-      data: [Function: data],\n-      removeData: [Function: removeData],\n-      _data: [Function: _data],\n-      _removeData: [Function: _removeData],\n-      queue: [Function: queue],\n-      dequeue: [Function: dequeue],\n-      _queueHooks: [Function: _queueHooks],\n-      event: \n-       { global: [Object],\n-         add: [Function: add],\n-         remove: [Function: remove],\n-         dispatch: [Function: dispatch],\n-         handlers: [Function: handlers],\n-         addProp: [Function: addProp],\n-         fix: [Function: fix],\n-         special: [Object],\n-         trigger: [Function: trigger],\n-         simulate: [Function: simulate] },\n-      removeEvent: [Function],\n-      Event: [Function],\n-      htmlPrefilter: [Function: htmlPrefilter],\n-      clone: [Function: clone],\n-      cleanData: [Function: cleanData],\n-      cssHooks: \n-       { opacity: [Object],\n-         height: [Object],\n-         width: [Object],\n-         marginLeft: [Object],\n-         margin: [Object],\n-         padding: [Object],\n-         borderWidth: [Object],\n-         top: [Object],\n-         left: [Object] },\n-      cssNumber: \n-       { animationIterationCount: true,\n-         columnCount: true,\n-         fillOpacity: true,\n-         flexGrow: true,\n-         flexShrink: true,\n-         fontWeight: true,\n-         lineHeight: true,\n-         opacity: true,\n-         order: true,\n-         orphans: true,\n-         widows: true,\n-         zIndex: true,\n-         zoom: true },\n-      cssProps: \n-       { float: 'cssFloat',\n-         width: 'width',\n-         display: 'display',\n-         boxSizing: 'boxSizing',\n-         height: 'height',\n-         overflow: 'overflow',\n-         overflowY: 'overflowY',\n-         overflowX: 'overflowX',\n-         visibility: 'visibility',\n-         position: 'position',\n-         backgroundColor: 'backgroundColor',\n-         border: 'border',\n-         paddingRight: 'paddingRight',\n-         borderRightWidth: 'borderRightWidth',\n-         paddingLeft: 'paddingLeft',\n-         borderLeftWidth: 'borderLeftWidth',\n-         paddingTop: 'paddingTop',\n-         borderTopWidth: 'borderTopWidth',\n-         paddingBottom: 'paddingBottom',\n-         borderBottomWidth: 'borderBottomWidth' },\n-      style: [Function: style],\n-      css: [Function: css],\n-      Tween: { [Function: Tween] propHooks: [Object] },\n-      easing: \n-       { linear: [Function: linear],\n-         swing: [Function: swing],\n-         _default: 'swing' },\n-      fx: \n-       { [Function: init]\n-         step: {},\n-         tick: [Function],\n-         timer: [Function],\n-         interval: 13,\n-         start: [Function],\n-         stop: [Function],\n-         speeds: [Object] },\n-      Animation: \n-       { [Function: Animation]\n-         tweeners: [Object],\n-         tweener: [Function: tweener],\n-         prefilters: [Object],\n-         prefilter: [Function: prefilter] },\n-      speed: [Function],\n-      timers: [],\n-      attr: [Function: attr],\n-      attrHooks: { type: [Object] },\n-      removeAttr: [Function: removeAttr],\n-      prop: [Function: prop],\n-      propHooks: { tabIndex: [Object] },\n-      propFix: \n-       { for: 'htmlFor',\n-         class: 'className',\n-         tabindex: 'tabIndex',\n-         readonly: 'readOnly',\n-         maxlength: 'maxLength',\n-         cellspacing: 'cellSpacing',\n-         cellpadding: 'cellPadding',\n-         rowspan: 'rowSpan',\n-         colspan: 'colSpan',\n-         usemap: 'useMap',\n-         frameborder: 'frameBorder',\n-         contenteditable: 'contentEditable' },\n-      valHooks: \n-       { option: [Object],\n-         select: [Object],\n-         radio: [Object],\n-         checkbox: [Object] },\n-      parseXML: [Function],\n-      param: [Function],\n-      active: 0,\n-      lastModified: {},\n-      etag: {},\n-      ajaxSettings: \n-       { url: 'http://localhost:51171/__/#/tests/integration/project.spec.js',\n-         type: 'GET',\n-         isLocal: false,\n-         global: true,\n-         processData: true,\n-         async: true,\n-         contentType: 'application/x-www-form-urlencoded; charset=UTF-8',\n-         accepts: [Object],\n-         contents: [Object],\n-         responseFields: [Object],\n-         converters: [Object],\n-         flatOptions: [Object],\n-         xhr: [Function],\n-         jsonp: 'callback',\n-         jsonpCallback: [Function: jsonpCallback],\n-         cache: false },\n-      ajaxSetup: [Function: ajaxSetup],\n-      ajaxPrefilter: [Function],\n-      ajaxTransport: [Function],\n-      ajax: [Function: ajax],\n-      getJSON: [Function: getJSON],\n-      getScript: [Function: getScript],\n-      get: [Function],\n-      post: [Function],\n-      _evalUrl: [Function],\n-      parseHTML: [Function],\n-      offset: { setOffset: [Function: setOffset] },\n-      parseJSON: [Function: parse],\n-      noConflict: [Function],\n-      scrollTo: { [Function] defaults: [Object], max: [Function] } },\n-   toArray: [Function: toArray],\n-   get: [Function: get],\n-   pushStack: [Function: pushStack],\n-   each: [Function: each],\n-   map: [Function: map],\n-   slice: [Function: slice],\n-   first: [Function: first],\n-   last: [Function: last],\n-   eq: [Function: eq],\n-   end: [Function: end],\n-   push: [Function: push],\n-   sort: [Function: sort],\n-   splice: [Function: splice],\n-   extend: [Function],\n-   find: [Function: find],\n-   filter: [Function: filter],\n-   not: [Function: not],\n-   is: [Function: is],\n-   init: [Function],\n-   has: [Function: has],\n-   closest: [Function: closest],\n-   index: [Function: index],\n-   add: [Function: add],\n-   addBack: [Function: addBack],\n-   parent: [Function],\n-   parents: [Function],\n-   parentsUntil: [Function],\n-   next: [Function],\n-   prev: [Function],\n-   nextAll: [Function],\n-   prevAll: [Function],\n-   nextUntil: [Function],\n-   prevUntil: [Function],\n-   siblings: [Function],\n-   children: [Function],\n-   contents: [Function],\n-   ready: [Function],\n-   data: [Function: data],\n-   removeData: [Function: removeData],\n-   queue: [Function: queue],\n-   dequeue: [Function: dequeue],\n-   clearQueue: [Function: clearQueue],\n-   promise: [Function: promise],\n-   show: [Function],\n-   hide: [Function],\n-   toggle: [Function],\n-   on: [Function: on],\n-   one: [Function: one],\n-   off: [Function: off],\n-   detach: [Function: detach],\n-   remove: [Function: remove],\n-   text: [Function: text],\n-   append: [Function: append],\n-   prepend: [Function: prepend],\n-   before: [Function: before],\n-   after: [Function: after],\n-   empty: [Function: empty],\n-   clone: [Function: clone],\n-   html: [Function: html],\n-   replaceWith: [Function: replaceWith],\n-   appendTo: [Function],\n-   prependTo: [Function],\n-   insertBefore: [Function],\n-   insertAfter: [Function],\n-   replaceAll: [Function],\n-   css: [Function: css],\n-   fadeTo: [Function: fadeTo],\n-   animate: [Function: animate],\n-   stop: [Function: stop],\n-   finish: [Function: finish],\n-   slideDown: [Function],\n-   slideUp: [Function],\n-   slideToggle: [Function],\n-   fadeIn: [Function],\n-   fadeOut: [Function],\n-   fadeToggle: [Function],\n-   delay: [Function],\n-   attr: [Function: attr],\n-   removeAttr: [Function: removeAttr],\n-   prop: [Function: prop],\n-   removeProp: [Function: removeProp],\n-   addClass: [Function: addClass],\n-   removeClass: [Function: removeClass],\n-   toggleClass: [Function: toggleClass],\n-   hasClass: [Function: hasClass],\n-   val: [Function: val],\n-   trigger: [Function: trigger],\n-   triggerHandler: [Function: triggerHandler],\n-   blur: [Function],\n-   focus: [Function],\n-   focusin: [Function],\n-   focusout: [Function],\n-   resize: [Function],\n-   scroll: [Function],\n-   click: [Function],\n-   dblclick: [Function],\n-   mousedown: [Function],\n-   mouseup: [Function],\n-   mousemove: [Function],\n-   mouseover: [Function],\n-   mouseout: [Function],\n-   mouseenter: [Function],\n-   mouseleave: [Function],\n-   change: [Function],\n-   select: [Function],\n-   submit: [Function],\n-   keydown: [Function],\n-   keypress: [Function],\n-   keyup: [Function],\n-   contextmenu: [Function],\n-   hover: [Function: hover],\n-   serialize: [Function: serialize],\n-   serializeArray: [Function: serializeArray],\n-   wrapAll: [Function: wrapAll],\n-   wrapInner: [Function: wrapInner],\n-   wrap: [Function: wrap],\n-   unwrap: [Function: unwrap],\n-   load: [Function],\n-   ajaxStart: [Function],\n-   ajaxStop: [Function],\n-   ajaxComplete: [Function],\n-   ajaxError: [Function],\n-   ajaxSuccess: [Function],\n-   ajaxSend: [Function],\n-   offset: [Function: offset],\n-   position: [Function: position],\n-   offsetParent: [Function: offsetParent],\n-   scrollLeft: [Function],\n-   scrollTop: [Function],\n-   innerHeight: [Function],\n-   height: [Function],\n-   outerHeight: [Function],\n-   innerWidth: [Function],\n-   width: [Function],\n-   outerWidth: [Function],\n-   bind: [Function: bind],\n-   unbind: [Function: unbind],\n-   delegate: [Function: delegate],\n-   undelegate: [Function: undelegate],\n-   scrollTo: [Function] }\n+ 'selected'\n"
              },
              "uuid": "e88e85ec-729b-4188-874d-5501fd4a6186",
              "parentUUID": "27cf0708-6b23-4fa3-acdb-85591eb0297c",
              "isHook": false,
              "skipped": false
            },
            {
              "title": "Verifica se os pixels dentro do quadro não têm a classe `selected` quando são clicados",
              "fullTitle": "7 - Clicar em uma das cores da paleta, faz com que ela seja selecionada e utilizada para preencher os pixels no quadro. Verifica se os pixels dentro do quadro não têm a classe `selected` quando são clicados",
              "timedOut": null,
              "duration": 5235,
              "state": "failed",
              "speed": null,
              "pass": false,
              "fail": true,
              "pending": false,
              "context": null,
              "code": "cy.get('.color').each(function (color) {\n  var backgroundColor = color.css('background-color');\n  cy.wrap(color).click();\n  cy.get('.pixel').each(function (pixel) {\n    cy.wrap(pixel).click().should('not.have.class', 'selected');\n  });\n});",
              "err": {
                "message": "CypressError: Timed out retrying: Expected to find element: '.pixel', but never found it.",
                "estack": "CypressError: Timed out retrying: Expected to find element: '.pixel', but never found it.\n    at cypressErr (http://localhost:51171/__cypress/runner/cypress_runner.js:149934:9)\n    at throwErr (http://localhost:51171/__cypress/runner/cypress_runner.js:149867:11)\n    at Object.throwErrByPath (http://localhost:51171/__cypress/runner/cypress_runner.js:149915:3)\n    at retry (http://localhost:51171/__cypress/runner/cypress_runner.js:144197:19)\n    at onFailFn (http://localhost:51171/__cypress/runner/cypress_runner.js:132448:16)\n    at tryCatcher (http://localhost:51171/__cypress/runner/cypress_runner.js:167415:23)\n    at Promise._settlePromiseFromHandler (http://localhost:51171/__cypress/runner/cypress_runner.js:165351:31)\n    at Promise._settlePromise (http://localhost:51171/__cypress/runner/cypress_runner.js:165408:18)\n    at Promise._settlePromise0 (http://localhost:51171/__cypress/runner/cypress_runner.js:165453:10)\n    at Promise._settlePromises (http://localhost:51171/__cypress/runner/cypress_runner.js:165528:18)\n    at Async../node_modules/bluebird/js/release/async.js.Async._drainQueue (http://localhost:51171/__cypress/runner/cypress_runner.js:162140:16)\n    at Async../node_modules/bluebird/js/release/async.js.Async._drainQueues (http://localhost:51171/__cypress/runner/cypress_runner.js:162150:10)\n    at Async.drainQueues (http://localhost:51171/__cypress/runner/cypress_runner.js:162024:14)",
                "diff": null
              },
              "uuid": "01157f92-996b-403c-9357-3b25453dc85c",
              "parentUUID": "27cf0708-6b23-4fa3-acdb-85591eb0297c",
              "isHook": false,
              "skipped": false
            }
          ],
          "suites": [],
          "passes": [],
          "failures": [
            "e88e85ec-729b-4188-874d-5501fd4a6186",
            "01157f92-996b-403c-9357-3b25453dc85c"
          ],
          "pending": [],
          "skipped": [],
          "duration": 6544,
          "root": false,
          "rootEmpty": false,
          "_timeout": 2000
        },
        {
          "uuid": "745b4a79-2464-427a-b5db-3a6b90c5efd2",
          "title": "8 - Clicar em um pixel dentro do quadro após selecionar uma cor na paleta, faz com que o pixel seja preenchido com a cor selecionada.",
          "fullFile": "",
          "file": "",
          "beforeHooks": [],
          "afterHooks": [],
          "tests": [
            {
              "title": "Verifica se ao carregar a página deve ser possível pintar os pixels de preto",
              "fullTitle": "8 - Clicar em um pixel dentro do quadro após selecionar uma cor na paleta, faz com que o pixel seja preenchido com a cor selecionada. Verifica se ao carregar a página deve ser possível pintar os pixels de preto",
              "timedOut": null,
              "duration": 5320,
              "state": "failed",
              "speed": null,
              "pass": false,
              "fail": true,
              "pending": false,
              "context": null,
              "code": "cy.get('.pixel').each(function (pixel) {\n  cy.wrap(pixel).click().should('have.css', 'background-color', BLACK);\n});",
              "err": {
                "message": "CypressError: Timed out retrying: Expected to find element: '.pixel', but never found it.",
                "estack": "CypressError: Timed out retrying: Expected to find element: '.pixel', but never found it.\n    at cypressErr (http://localhost:51171/__cypress/runner/cypress_runner.js:149934:9)\n    at throwErr (http://localhost:51171/__cypress/runner/cypress_runner.js:149867:11)\n    at Object.throwErrByPath (http://localhost:51171/__cypress/runner/cypress_runner.js:149915:3)\n    at retry (http://localhost:51171/__cypress/runner/cypress_runner.js:144197:19)\n    at onFailFn (http://localhost:51171/__cypress/runner/cypress_runner.js:132448:16)\n    at tryCatcher (http://localhost:51171/__cypress/runner/cypress_runner.js:167415:23)\n    at Promise._settlePromiseFromHandler (http://localhost:51171/__cypress/runner/cypress_runner.js:165351:31)\n    at Promise._settlePromise (http://localhost:51171/__cypress/runner/cypress_runner.js:165408:18)\n    at Promise._settlePromise0 (http://localhost:51171/__cypress/runner/cypress_runner.js:165453:10)\n    at Promise._settlePromises (http://localhost:51171/__cypress/runner/cypress_runner.js:165528:18)\n    at Async../node_modules/bluebird/js/release/async.js.Async._drainQueue (http://localhost:51171/__cypress/runner/cypress_runner.js:162140:16)\n    at Async../node_modules/bluebird/js/release/async.js.Async._drainQueues (http://localhost:51171/__cypress/runner/cypress_runner.js:162150:10)\n    at Async.drainQueues (http://localhost:51171/__cypress/runner/cypress_runner.js:162024:14)",
                "diff": null
              },
              "uuid": "379db685-230e-4be3-b238-2694931a6df4",
              "parentUUID": "745b4a79-2464-427a-b5db-3a6b90c5efd2",
              "isHook": false,
              "skipped": false
            },
            {
              "title": "Verifica se após selecionar uma outra cor na paleta, é possível pintar os pixels com essa cor",
              "fullTitle": "8 - Clicar em um pixel dentro do quadro após selecionar uma cor na paleta, faz com que o pixel seja preenchido com a cor selecionada. Verifica se após selecionar uma outra cor na paleta, é possível pintar os pixels com essa cor",
              "timedOut": null,
              "duration": 5530,
              "state": "failed",
              "speed": null,
              "pass": false,
              "fail": true,
              "pending": false,
              "context": null,
              "code": "cy.get('.color').each(function (color) {\n  var backgroundColor = color.css('background-color');\n  cy.wrap(color).click();\n  cy.get('.pixel').each(function (pixel) {\n    cy.wrap(pixel).click().should('have.css', 'background-color', backgroundColor);\n  });\n});",
              "err": {
                "message": "CypressError: Timed out retrying: Expected to find element: '.pixel', but never found it.",
                "estack": "CypressError: Timed out retrying: Expected to find element: '.pixel', but never found it.\n    at cypressErr (http://localhost:51171/__cypress/runner/cypress_runner.js:149934:9)\n    at throwErr (http://localhost:51171/__cypress/runner/cypress_runner.js:149867:11)\n    at Object.throwErrByPath (http://localhost:51171/__cypress/runner/cypress_runner.js:149915:3)\n    at retry (http://localhost:51171/__cypress/runner/cypress_runner.js:144197:19)\n    at onFailFn (http://localhost:51171/__cypress/runner/cypress_runner.js:132448:16)\n    at tryCatcher (http://localhost:51171/__cypress/runner/cypress_runner.js:167415:23)\n    at Promise._settlePromiseFromHandler (http://localhost:51171/__cypress/runner/cypress_runner.js:165351:31)\n    at Promise._settlePromise (http://localhost:51171/__cypress/runner/cypress_runner.js:165408:18)\n    at Promise._settlePromise0 (http://localhost:51171/__cypress/runner/cypress_runner.js:165453:10)\n    at Promise._settlePromises (http://localhost:51171/__cypress/runner/cypress_runner.js:165528:18)\n    at Async../node_modules/bluebird/js/release/async.js.Async._drainQueue (http://localhost:51171/__cypress/runner/cypress_runner.js:162140:16)\n    at Async../node_modules/bluebird/js/release/async.js.Async._drainQueues (http://localhost:51171/__cypress/runner/cypress_runner.js:162150:10)\n    at Async.drainQueues (http://localhost:51171/__cypress/runner/cypress_runner.js:162024:14)",
                "diff": null
              },
              "uuid": "5e4d68b9-1a1e-4681-886a-03ba9d44445f",
              "parentUUID": "745b4a79-2464-427a-b5db-3a6b90c5efd2",
              "isHook": false,
              "skipped": false
            },
            {
              "title": "Verifica se somente o pixel que foi clicado foi preenchido com a cor selecionada, sem influenciar na cor dos demais pixels.",
              "fullTitle": "8 - Clicar em um pixel dentro do quadro após selecionar uma cor na paleta, faz com que o pixel seja preenchido com a cor selecionada. Verifica se somente o pixel que foi clicado foi preenchido com a cor selecionada, sem influenciar na cor dos demais pixels.",
              "timedOut": null,
              "duration": 5431,
              "state": "failed",
              "speed": null,
              "pass": false,
              "fail": true,
              "pending": false,
              "context": null,
              "code": "var colorToPixelIndexMap = {\n  0: 6,\n  1: 8,\n  2: 16,\n  3: 18\n};\ncy.get('.color').each(function (color, index) {\n  cy.wrap(color).click();\n  var backgroundColor = color.css('background-color');\n  var clickedPixelIndex = colorToPixelIndexMap[index];\n  cy.get('.pixel').eq(clickedPixelIndex).click();\n  cy.get('.pixel').eq(clickedPixelIndex - 1).should('not.have.css', 'background-color', backgroundColor);\n  cy.get('.pixel').eq(clickedPixelIndex + 1).should('not.have.css', 'background-color', backgroundColor);\n  cy.get('.pixel').eq(clickedPixelIndex - 5).should('not.have.css', 'background-color', backgroundColor);\n  cy.get('.pixel').eq(clickedPixelIndex + 5).should('not.have.css', 'background-color', backgroundColor);\n  cy.get('.pixel').eq(clickedPixelIndex - 6).should('not.have.css', 'background-color', backgroundColor);\n  cy.get('.pixel').eq(clickedPixelIndex - 4).should('not.have.css', 'background-color', backgroundColor);\n  cy.get('.pixel').eq(clickedPixelIndex + 4).should('not.have.css', 'background-color', backgroundColor);\n  cy.get('.pixel').eq(clickedPixelIndex + 6).should('not.have.css', 'background-color', backgroundColor);\n});",
              "err": {
                "message": "CypressError: Timed out retrying: Expected to find element: '.pixel', but never found it.",
                "estack": "CypressError: Timed out retrying: Expected to find element: '.pixel', but never found it.\n    at cypressErr (http://localhost:51171/__cypress/runner/cypress_runner.js:149934:9)\n    at throwErr (http://localhost:51171/__cypress/runner/cypress_runner.js:149867:11)\n    at Object.throwErrByPath (http://localhost:51171/__cypress/runner/cypress_runner.js:149915:3)\n    at retry (http://localhost:51171/__cypress/runner/cypress_runner.js:144197:19)\n    at onFailFn (http://localhost:51171/__cypress/runner/cypress_runner.js:132448:16)\n    at tryCatcher (http://localhost:51171/__cypress/runner/cypress_runner.js:167415:23)\n    at Promise._settlePromiseFromHandler (http://localhost:51171/__cypress/runner/cypress_runner.js:165351:31)\n    at Promise._settlePromise (http://localhost:51171/__cypress/runner/cypress_runner.js:165408:18)\n    at Promise._settlePromise0 (http://localhost:51171/__cypress/runner/cypress_runner.js:165453:10)\n    at Promise._settlePromises (http://localhost:51171/__cypress/runner/cypress_runner.js:165528:18)\n    at Async../node_modules/bluebird/js/release/async.js.Async._drainQueue (http://localhost:51171/__cypress/runner/cypress_runner.js:162140:16)\n    at Async../node_modules/bluebird/js/release/async.js.Async._drainQueues (http://localhost:51171/__cypress/runner/cypress_runner.js:162150:10)\n    at Async.drainQueues (http://localhost:51171/__cypress/runner/cypress_runner.js:162024:14)",
                "diff": null
              },
              "uuid": "f9b36625-9e2b-4172-b33a-486379329347",
              "parentUUID": "745b4a79-2464-427a-b5db-3a6b90c5efd2",
              "isHook": false,
              "skipped": false
            }
          ],
          "suites": [],
          "passes": [],
          "failures": [
            "379db685-230e-4be3-b238-2694931a6df4",
            "5e4d68b9-1a1e-4681-886a-03ba9d44445f",
            "f9b36625-9e2b-4172-b33a-486379329347"
          ],
          "pending": [],
          "skipped": [],
          "duration": 16281,
          "root": false,
          "rootEmpty": false,
          "_timeout": 2000
        },
        {
          "uuid": "1be4da69-4bff-4ee9-8e9e-0f4e412c4a60",
          "title": "9 - Crie um botão que, ao ser clicado, limpa o quadro preenchendo a cor de todos seus pixels com branco.",
          "fullFile": "",
          "file": "",
          "beforeHooks": [],
          "afterHooks": [],
          "tests": [
            {
              "title": "Verifica se o botão tem o `id` denominado `clear-board`",
              "fullTitle": "9 - Crie um botão que, ao ser clicado, limpa o quadro preenchendo a cor de todos seus pixels com branco. Verifica se o botão tem o `id` denominado `clear-board`",
              "timedOut": null,
              "duration": 5282,
              "state": "failed",
              "speed": null,
              "pass": false,
              "fail": true,
              "pending": false,
              "context": null,
              "code": "cy.get('#clear-board').should('be.visible');",
              "err": {
                "message": "CypressError: Timed out retrying: Expected to find element: '#clear-board', but never found it.",
                "estack": "CypressError: Timed out retrying: Expected to find element: '#clear-board', but never found it.\n    at cypressErr (http://localhost:51171/__cypress/runner/cypress_runner.js:149934:9)\n    at throwErr (http://localhost:51171/__cypress/runner/cypress_runner.js:149867:11)\n    at Object.throwErrByPath (http://localhost:51171/__cypress/runner/cypress_runner.js:149915:3)\n    at retry (http://localhost:51171/__cypress/runner/cypress_runner.js:144197:19)\n    at onFailFn (http://localhost:51171/__cypress/runner/cypress_runner.js:132448:16)\n    at tryCatcher (http://localhost:51171/__cypress/runner/cypress_runner.js:167415:23)\n    at Promise._settlePromiseFromHandler (http://localhost:51171/__cypress/runner/cypress_runner.js:165351:31)\n    at Promise._settlePromise (http://localhost:51171/__cypress/runner/cypress_runner.js:165408:18)\n    at Promise._settlePromise0 (http://localhost:51171/__cypress/runner/cypress_runner.js:165453:10)\n    at Promise._settlePromises (http://localhost:51171/__cypress/runner/cypress_runner.js:165528:18)\n    at Async../node_modules/bluebird/js/release/async.js.Async._drainQueue (http://localhost:51171/__cypress/runner/cypress_runner.js:162140:16)\n    at Async../node_modules/bluebird/js/release/async.js.Async._drainQueues (http://localhost:51171/__cypress/runner/cypress_runner.js:162150:10)\n    at Async.drainQueues (http://localhost:51171/__cypress/runner/cypress_runner.js:162024:14)",
                "diff": null
              },
              "uuid": "63108cf7-f977-4f63-a0a2-5f7e63d84f8e",
              "parentUUID": "1be4da69-4bff-4ee9-8e9e-0f4e412c4a60",
              "isHook": false,
              "skipped": false
            },
            {
              "title": "Verifica se o botão está posicionado entre a paleta de cores e o quadro de pixels",
              "fullTitle": "9 - Crie um botão que, ao ser clicado, limpa o quadro preenchendo a cor de todos seus pixels com branco. Verifica se o botão está posicionado entre a paleta de cores e o quadro de pixels",
              "timedOut": null,
              "duration": 5195,
              "state": "failed",
              "speed": null,
              "pass": false,
              "fail": true,
              "pending": false,
              "context": null,
              "code": "cy.get('#color-palette').then(function (palette) {\n  cy.get('#clear-board').should('be.belowOf', palette);\n});\ncy.get('#clear-board').then(function (clearBtn) {\n  cy.get('#pixel-board').should('be.belowOf', clearBtn);\n});",
              "err": {
                "message": "CypressError: Timed out retrying: Expected to find element: '#clear-board', but never found it.",
                "estack": "CypressError: Timed out retrying: Expected to find element: '#clear-board', but never found it.\n    at cypressErr (http://localhost:51171/__cypress/runner/cypress_runner.js:149934:9)\n    at throwErr (http://localhost:51171/__cypress/runner/cypress_runner.js:149867:11)\n    at Object.throwErrByPath (http://localhost:51171/__cypress/runner/cypress_runner.js:149915:3)\n    at retry (http://localhost:51171/__cypress/runner/cypress_runner.js:144197:19)\n    at onFailFn (http://localhost:51171/__cypress/runner/cypress_runner.js:132448:16)\n    at tryCatcher (http://localhost:51171/__cypress/runner/cypress_runner.js:167415:23)\n    at Promise._settlePromiseFromHandler (http://localhost:51171/__cypress/runner/cypress_runner.js:165351:31)\n    at Promise._settlePromise (http://localhost:51171/__cypress/runner/cypress_runner.js:165408:18)\n    at Promise._settlePromise0 (http://localhost:51171/__cypress/runner/cypress_runner.js:165453:10)\n    at Promise._settlePromises (http://localhost:51171/__cypress/runner/cypress_runner.js:165528:18)\n    at Async../node_modules/bluebird/js/release/async.js.Async._drainQueue (http://localhost:51171/__cypress/runner/cypress_runner.js:162140:16)\n    at Async../node_modules/bluebird/js/release/async.js.Async._drainQueues (http://localhost:51171/__cypress/runner/cypress_runner.js:162150:10)\n    at Async.drainQueues (http://localhost:51171/__cypress/runner/cypress_runner.js:162024:14)",
                "diff": null
              },
              "uuid": "e3660c8d-c008-4b2f-92f1-df087bac9a2e",
              "parentUUID": "1be4da69-4bff-4ee9-8e9e-0f4e412c4a60",
              "isHook": false,
              "skipped": false
            },
            {
              "title": "Verifica se o texto do botão é 'Limpar'",
              "fullTitle": "9 - Crie um botão que, ao ser clicado, limpa o quadro preenchendo a cor de todos seus pixels com branco. Verifica se o texto do botão é 'Limpar'",
              "timedOut": null,
              "duration": 5404,
              "state": "failed",
              "speed": null,
              "pass": false,
              "fail": true,
              "pending": false,
              "context": null,
              "code": "cy.get('#clear-board').should('contain.text', 'Limpar');",
              "err": {
                "message": "CypressError: Timed out retrying: Expected to find element: '#clear-board', but never found it.",
                "estack": "CypressError: Timed out retrying: Expected to find element: '#clear-board', but never found it.\n    at cypressErr (http://localhost:51171/__cypress/runner/cypress_runner.js:149934:9)\n    at throwErr (http://localhost:51171/__cypress/runner/cypress_runner.js:149867:11)\n    at Object.throwErrByPath (http://localhost:51171/__cypress/runner/cypress_runner.js:149915:3)\n    at retry (http://localhost:51171/__cypress/runner/cypress_runner.js:144197:19)\n    at onFailFn (http://localhost:51171/__cypress/runner/cypress_runner.js:132448:16)\n    at tryCatcher (http://localhost:51171/__cypress/runner/cypress_runner.js:167415:23)\n    at Promise._settlePromiseFromHandler (http://localhost:51171/__cypress/runner/cypress_runner.js:165351:31)\n    at Promise._settlePromise (http://localhost:51171/__cypress/runner/cypress_runner.js:165408:18)\n    at Promise._settlePromise0 (http://localhost:51171/__cypress/runner/cypress_runner.js:165453:10)\n    at Promise._settlePromises (http://localhost:51171/__cypress/runner/cypress_runner.js:165528:18)\n    at Async../node_modules/bluebird/js/release/async.js.Async._drainQueue (http://localhost:51171/__cypress/runner/cypress_runner.js:162140:16)\n    at Async../node_modules/bluebird/js/release/async.js.Async._drainQueues (http://localhost:51171/__cypress/runner/cypress_runner.js:162150:10)\n    at Async.drainQueues (http://localhost:51171/__cypress/runner/cypress_runner.js:162024:14)",
                "diff": null
              },
              "uuid": "371866b6-0699-4b36-bcf2-e20cca4c4271",
              "parentUUID": "1be4da69-4bff-4ee9-8e9e-0f4e412c4a60",
              "isHook": false,
              "skipped": false
            },
            {
              "title": "Verifica se ao clicar no botão, o quadro de pixels é totalmente preenchido de branco",
              "fullTitle": "9 - Crie um botão que, ao ser clicado, limpa o quadro preenchendo a cor de todos seus pixels com branco. Verifica se ao clicar no botão, o quadro de pixels é totalmente preenchido de branco",
              "timedOut": null,
              "duration": 5465,
              "state": "failed",
              "speed": null,
              "pass": false,
              "fail": true,
              "pending": false,
              "context": null,
              "code": "cy.get('.color').eq(1).then(function (color) {\n  var backgroundColor = color.css('background-color');\n  cy.wrap(color).click();\n  cy.get('.pixel').each(function (pixel) {\n    cy.wrap(pixel).click().should('have.css', 'background-color', backgroundColor);\n  });\n});\ncy.get('#clear-board').click();\ncy.get('.pixel').each(function (pixel) {\n  cy.wrap(pixel).should('have.css', 'background-color', WHITE);\n});",
              "err": {
                "message": "CypressError: Timed out retrying: Expected to find element: '.pixel', but never found it.",
[...]
                "diff": null
              },
              "uuid": "a91cc595-d152-4f5e-b81f-43c48775e06c",
              "parentUUID": "a5858036-6874-4045-9272-d3d15e103ab5",
              "isHook": false,
              "skipped": false
            },
            {
              "title": "Verifica se o novo quadro tem todos os pixels preenchidos com a cor branca",
              "fullTitle": "10 - Faça o quadro de pixels ter seu tamanho definido pelo usuário. Verifica se o novo quadro tem todos os pixels preenchidos com a cor branca",
              "timedOut": null,
              "duration": 5951,
              "state": "failed",
              "speed": null,
              "pass": false,
              "fail": true,
              "pending": false,
              "context": null,
              "code": "cy.get('#board-size').clear().type(6);\ncy.get('#generate-board').click();\ncy.get('.pixel').should('have.length', 36).each(function (pixel) {\n  expect(pixel).to.have.css('background-color', WHITE);\n});",
              "err": {
                "message": "CypressError: Timed out retrying: Expected to find element: '#board-size', but never found it.",
                "estack": "CypressError: Timed out retrying: Expected to find element: '#board-size', but never found it.\n    at cypressErr (http://localhost:51171/__cypress/runner/cypress_runner.js:149934:9)\n    at throwErr (http://localhost:51171/__cypress/runner/cypress_runner.js:149867:11)\n    at Object.throwErrByPath (http://localhost:51171/__cypress/runner/cypress_runner.js:149915:3)\n    at retry (http://localhost:51171/__cypress/runner/cypress_runner.js:144197:19)\n    at onFailFn (http://localhost:51171/__cypress/runner/cypress_runner.js:132448:16)\n    at tryCatcher (http://localhost:51171/__cypress/runner/cypress_runner.js:167415:23)\n    at Promise._settlePromiseFromHandler (http://localhost:51171/__cypress/runner/cypress_runner.js:165351:31)\n    at Promise._settlePromise (http://localhost:51171/__cypress/runner/cypress_runner.js:165408:18)\n    at Promise._settlePromise0 (http://localhost:51171/__cypress/runner/cypress_runner.js:165453:10)\n    at Promise._settlePromises (http://localhost:51171/__cypress/runner/cypress_runner.js:165528:18)\n    at Async../node_modules/bluebird/js/release/async.js.Async._drainQueue (http://localhost:51171/__cypress/runner/cypress_runner.js:162140:16)\n    at Async../node_modules/bluebird/js/release/async.js.Async._drainQueues (http://localhost:51171/__cypress/runner/cypress_runner.js:162150:10)\n    at Async.drainQueues (http://localhost:51171/__cypress/runner/cypress_runner.js:162024:14)",
                "diff": null
              },
              "uuid": "974cfb4e-2ff6-42ac-9cd9-6a1f49bc80d9",
              "parentUUID": "a5858036-6874-4045-9272-d3d15e103ab5",
              "isHook": false,
              "skipped": false
            }
          ],
          "suites": [],
          "passes": [],
          "failures": [
            "6c121a46-c66e-40d7-9d05-c8912005eae1",
            "026a1e36-80db-424d-b23a-864cb5329a50",
            "f065d2ae-52aa-4fea-bdf5-402086b0df5b",
            "36241e9c-6be8-478a-b453-c570aa1f6940",
            "efde3bc3-4561-40fa-b756-169e10a99bf3",
            "05beb2f0-ca21-4dc1-845a-d7bf35b601a4",
            "e2926dca-2a1f-45b5-b8d0-442a4bb731db",
            "a91cc595-d152-4f5e-b81f-43c48775e06c",
            "974cfb4e-2ff6-42ac-9cd9-6a1f49bc80d9"
          ],
          "pending": [],
          "skipped": [],
          "duration": 50750,
          "root": false,
          "rootEmpty": false,
          "_timeout": 2000
        },
        {
          "uuid": "293aa931-ef56-4429-a681-5d6118a9c8a5",
          "title": "11 - Limite o tamanho mínimo e máximo do board.",
          "fullFile": "",
          "file": "",
          "beforeHooks": [],
          "afterHooks": [],
          "tests": [
            {
              "title": "Verifica se a altura máxima do board é 50",
              "fullTitle": "11 - Limite o tamanho mínimo e máximo do board. Verifica se a altura máxima do board é 50",
              "timedOut": null,
              "duration": 5867,
              "state": "failed",
              "speed": null,
              "pass": false,
              "fail": true,
              "pending": false,
              "context": null,
              "code": "cy.get('#board-size').clear().type(50);\ncy.get('#generate-board').click();\ncy.get('.pixel').should('have.length', 2500);",
              "err": {
                "message": "CypressError: Timed out retrying: Expected to find element: '#board-size', but never found it.",
                "estack": "CypressError: Timed out retrying: Expected to find element: '#board-size', but never found it.\n    at cypressErr (http://localhost:51171/__cypress/runner/cypress_runner.js:149934:9)\n    at throwErr (http://localhost:51171/__cypress/runner/cypress_runner.js:149867:11)\n    at Object.throwErrByPath (http://localhost:51171/__cypress/runner/cypress_runner.js:149915:3)\n    at retry (http://localhost:51171/__cypress/runner/cypress_runner.js:144197:19)\n    at onFailFn (http://localhost:51171/__cypress/runner/cypress_runner.js:132448:16)\n    at tryCatcher (http://localhost:51171/__cypress/runner/cypress_runner.js:167415:23)\n    at Promise._settlePromiseFromHandler (http://localhost:51171/__cypress/runner/cypress_runner.js:165351:31)\n    at Promise._settlePromise (http://localhost:51171/__cypress/runner/cypress_runner.js:165408:18)\n    at Promise._settlePromise0 (http://localhost:51171/__cypress/runner/cypress_runner.js:165453:10)\n    at Promise._settlePromises (http://localhost:51171/__cypress/runner/cypress_runner.js:165528:18)\n    at Async../node_modules/bluebird/js/release/async.js.Async._drainQueue (http://localhost:51171/__cypress/runner/cypress_runner.js:162140:16)\n    at Async../node_modules/bluebird/js/release/async.js.Async._drainQueues (http://localhost:51171/__cypress/runner/cypress_runner.js:162150:10)\n    at Async.drainQueues (http://localhost:51171/__cypress/runner/cypress_runner.js:162024:14)",
                "diff": null
              },
              "uuid": "3714a53f-0437-4cda-906a-fd2d936ab2f3",
              "parentUUID": "293aa931-ef56-4429-a681-5d6118a9c8a5",
              "isHook": false,
              "skipped": false
            },
            {
              "title": "Verifica se a altura do board é 5 quando um valor menor é colocado no input",
              "fullTitle": "11 - Limite o tamanho mínimo e máximo do board. Verifica se a altura do board é 5 quando um valor menor é colocado no input",
              "timedOut": null,
              "duration": 5271,
              "state": "failed",
              "speed": null,
              "pass": false,
              "fail": true,
              "pending": false,
              "context": null,
              "code": "cy.get('#board-size').clear().type(4);\ncy.get('#generate-board').click();\ncy.get('.pixel').should('have.length', 25);",
              "err": {
                "message": "CypressError: Timed out retrying: Expected to find element: '#board-size', but never found it.",
                "estack": "CypressError: Timed out retrying: Expected to find element: '#board-size', but never found it.\n    at cypressErr (http://localhost:51171/__cypress/runner/cypress_runner.js:149934:9)\n    at throwErr (http://localhost:51171/__cypress/runner/cypress_runner.js:149867:11)\n    at Object.throwErrByPath (http://localhost:51171/__cypress/runner/cypress_runner.js:149915:3)\n    at retry (http://localhost:51171/__cypress/runner/cypress_runner.js:144197:19)\n    at onFailFn (http://localhost:51171/__cypress/runner/cypress_runner.js:132448:16)\n    at tryCatcher (http://localhost:51171/__cypress/runner/cypress_runner.js:167415:23)\n    at Promise._settlePromiseFromHandler (http://localhost:51171/__cypress/runner/cypress_runner.js:165351:31)\n    at Promise._settlePromise (http://localhost:51171/__cypress/runner/cypress_runner.js:165408:18)\n    at Promise._settlePromise0 (http://localhost:51171/__cypress/runner/cypress_runner.js:165453:10)\n    at Promise._settlePromises (http://localhost:51171/__cypress/runner/cypress_runner.js:165528:18)\n    at Async../node_modules/bluebird/js/release/async.js.Async._drainQueue (http://localhost:51171/__cypress/runner/cypress_runner.js:162140:16)\n    at Async../node_modules/bluebird/js/release/async.js.Async._drainQueues (http://localhost:51171/__cypress/runner/cypress_runner.js:162150:10)\n    at Async.drainQueues (http://localhost:51171/__cypress/runner/cypress_runner.js:162024:14)",
                "diff": null
              },
              "uuid": "61187d4e-6004-478a-b2ac-820e72855ac5",
              "parentUUID": "293aa931-ef56-4429-a681-5d6118a9c8a5",
              "isHook": false,
              "skipped": false
            },
            {
              "title": "Verifica se a altura do board é 50 quando um valor maior é colocado no input",
              "fullTitle": "11 - Limite o tamanho mínimo e máximo do board. Verifica se a altura do board é 50 quando um valor maior é colocado no input",
              "timedOut": null,
              "duration": 5524,
              "state": "failed",
              "speed": null,
              "pass": false,
              "fail": true,
              "pending": false,
              "context": null,
              "code": "cy.get('#board-size').clear().type(51);\ncy.get('#generate-board').click();\ncy.get('.pixel').should('have.length', 2500);",
              "err": {
                "message": "CypressError: Timed out retrying: Expected to find element: '#board-size', but never found it.",
                "estack": "CypressError: Timed out retrying: Expected to find element: '#board-size', but never found it.\n    at cypressErr (http://localhost:51171/__cypress/runner/cypress_runner.js:149934:9)\n    at throwErr (http://localhost:51171/__cypress/runner/cypress_runner.js:149867:11)\n    at Object.throwErrByPath (http://localhost:51171/__cypress/runner/cypress_runner.js:149915:3)\n    at retry (http://localhost:51171/__cypress/runner/cypress_runner.js:144197:19)\n    at onFailFn (http://localhost:51171/__cypress/runner/cypress_runner.js:132448:16)\n    at tryCatcher (http://localhost:51171/__cypress/runner/cypress_runner.js:167415:23)\n    at Promise._settlePromiseFromHandler (http://localhost:51171/__cypress/runner/cypress_runner.js:165351:31)\n    at Promise._settlePromise (http://localhost:51171/__cypress/runner/cypress_runner.js:165408:18)\n    at Promise._settlePromise0 (http://localhost:51171/__cypress/runner/cypress_runner.js:165453:10)\n    at Promise._settlePromises (http://localhost:51171/__cypress/runner/cypress_runner.js:165528:18)\n    at Async../node_modules/bluebird/js/release/async.js.Async._drainQueue (http://localhost:51171/__cypress/runner/cypress_runner.js:162140:16)\n    at Async../node_modules/bluebird/js/release/async.js.Async._drainQueues (http://localhost:51171/__cypress/runner/cypress_runner.js:162150:10)\n    at Async.drainQueues (http://localhost:51171/__cypress/runner/cypress_runner.js:162024:14)",
                "diff": null
              },
              "uuid": "83999555-3058-4429-92ff-80eddd6f5bb4",
              "parentUUID": "293aa931-ef56-4429-a681-5d6118a9c8a5",
              "isHook": false,
              "skipped": false
            }
          ],
          "suites": [],
          "passes": [],
          "failures": [
            "3714a53f-0437-4cda-906a-fd2d936ab2f3",
            "61187d4e-6004-478a-b2ac-820e72855ac5",
            "83999555-3058-4429-92ff-80eddd6f5bb4"
          ],
          "pending": [],
          "skipped": [],
          "duration": 16662,
          "root": false,
          "rootEmpty": false,
          "_timeout": 2000
        },
        {
          "uuid": "73c1f993-5b77-4a6d-8d0b-ea3adcfa5dc8",
          "title": "12 - Faça com que as cores da paleta sejam geradas aleatoriamente ao carregar a página.",
          "fullFile": "",
          "file": "",
          "beforeHooks": [],
          "afterHooks": [],
          "tests": [
            {
              "title": "Verifica se as cores geradas na paleta são diferentes a cada carregamento da página",
              "fullTitle": "12 - Faça com que as cores da paleta sejam geradas aleatoriamente ao carregar a página. Verifica se as cores geradas na paleta são diferentes a cada carregamento da página",
              "timedOut": null,
              "duration": 2041,
              "state": "failed",
              "speed": null,
              "pass": false,
              "fail": true,
              "pending": false,
              "context": null,
              "code": "cy.get('.color').then(function (colors) {\n  var currentColors;\n  var previousColors;\n  previousColors = Array.from(colors).map(function (color) {\n    return Cypress.$(color).css('background-color');\n  });\n  for (var i = 0; i < 5; i += 1) {\n    cy.reload();\n    cy.get('.color').then(function (colors) {\n      currentColors = Array.from(colors).map(function (color) {\n        return Cypress.$(color).css('background-color');\n      });\n      expect(currentColors).not.to.deep.equal(previousColors);\n      previousColors = currentColors;\n    });\n  }\n});",
              "err": {
                "message": "AssertionError: expected [ Array(4) ] to not deeply equal [ Array(4) ]",
                "estack": "AssertionError: expected [ Array(4) ] to not deeply equal [ Array(4) ]\n    at getRet (http://localhost:51171/__cypress/runner/cypress_runner.js:136585:16)\n    at tryCatcher (http://localhost:51171/__cypress/runner/cypress_runner.js:167415:23)\n    at Function.Promise.attempt.Promise.try (http://localhost:51171/__cypress/runner/cypress_runner.js:164690:29)\n    at Context.thenFn (http://localhost:51171/__cypress/runner/cypress_runner.js:136599:23)\n    at Context.then (http://localhost:51171/__cypress/runner/cypress_runner.js:136971:21)\n    at Context.<anonymous> (http://localhost:51171/__cypress/runner/cypress_runner.js:148875:21)\n    at http://localhost:51171/__cypress/runner/cypress_runner.js:148351:33\n    at tryCatcher (http://localhost:51171/__cypress/runner/cypress_runner.js:167415:23)\n    at Promise._settlePromiseFromHandler (http://localhost:51171/__cypress/runner/cypress_runner.js:165351:31)\n    at Promise._settlePromise (http://localhost:51171/__cypress/runner/cypress_runner.js:165408:18)\n    at Promise._settlePromiseCtx (http://localhost:51171/__cypress/runner/cypress_runner.js:165445:10)\n    at Async../node_modules/bluebird/js/release/async.js.Async._drainQueue (http://localhost:51171/__cypress/runner/cypress_runner.js:162145:12)\n    at Async../node_modules/bluebird/js/release/async.js.Async._drainQueues (http://localhost:51171/__cypress/runner/cypress_runner.js:162150:10)\n    at Async.drainQueues (http://localhost:51171/__cypress/runner/cypress_runner.js:162024:14)",
                "diff": ""
              },
              "uuid": "01744147-f2d8-45d2-9979-d92d3f09796c",
              "parentUUID": "73c1f993-5b77-4a6d-8d0b-ea3adcfa5dc8",
              "isHook": false,
              "skipped": false
            },
            {
              "title": "Verifica se a cor preta ainda está presente e é a primeira na sua paleta de cores",
              "fullTitle": "12 - Faça com que as cores da paleta sejam geradas aleatoriamente ao carregar a página. Verifica se a cor preta ainda está presente e é a primeira na sua paleta de cores",
              "timedOut": null,
              "duration": 1527,
              "state": "failed",
              "speed": null,
              "pass": false,
              "fail": true,
              "pending": false,
              "context": null,
              "code": "cy.get('.color').then(function (colors) {\n  var currentColors;\n  var previousColors;\n  previousColors = Array.from(colors).map(function (color) {\n    return Cypress.$(color).css('background-color');\n  });\n  expect(previousColors[0]).to.eq(BLACK);\n  for (var i = 0; i < 5; i += 1) {\n    cy.reload();\n    cy.get('.color').then(function (colors) {\n      currentColors = Array.from(colors).map(function (color) {\n        return Cypress.$(color).css('background-color');\n      });\n      expect(currentColors[0]).to.eq(BLACK);\n      expect(currentColors).not.to.deep.equal(previousColors);\n      previousColors = currentColors;\n    });\n  }\n});",
              "err": {
                "message": "AssertionError: expected [ Array(4) ] to not deeply equal [ Array(4) ]",
                "estack": "AssertionError: expected [ Array(4) ] to not deeply equal [ Array(4) ]\n    at getRet (http://localhost:51171/__cypress/runner/cypress_runner.js:136585:16)\n    at tryCatcher (http://localhost:51171/__cypress/runner/cypress_runner.js:167415:23)\n    at Function.Promise.attempt.Promise.try (http://localhost:51171/__cypress/runner/cypress_runner.js:164690:29)\n    at Context.thenFn (http://localhost:51171/__cypress/runner/cypress_runner.js:136599:23)\n    at Context.then (http://localhost:51171/__cypress/runner/cypress_runner.js:136971:21)\n    at Context.<anonymous> (http://localhost:51171/__cypress/runner/cypress_runner.js:148875:21)\n    at http://localhost:51171/__cypress/runner/cypress_runner.js:148351:33\n    at tryCatcher (http://localhost:51171/__cypress/runner/cypress_runner.js:167415:23)\n    at Promise._settlePromiseFromHandler (http://localhost:51171/__cypress/runner/cypress_runner.js:165351:31)\n    at Promise._settlePromise (http://localhost:51171/__cypress/runner/cypress_runner.js:165408:18)\n    at Promise._settlePromiseCtx (http://localhost:51171/__cypress/runner/cypress_runner.js:165445:10)\n    at Async../node_modules/bluebird/js/release/async.js.Async._drainQueue (http://localhost:51171/__cypress/runner/cypress_runner.js:162145:12)\n    at Async../node_modules/bluebird/js/release/async.js.Async._drainQueues (http://localhost:51171/__cypress/runner/cypress_runner.js:162150:10)\n    at Async.drainQueues (http://localhost:51171/__cypress/runner/cypress_runner.js:162024:14)",
                "diff": ""
              },
              "uuid": "47afafc8-a0d4-465f-a084-1d318f646c86",
              "parentUUID": "73c1f993-5b77-4a6d-8d0b-ea3adcfa5dc8",
              "isHook": false,
              "skipped": false
            }
          ],
          "suites": [],
          "passes": [],
          "failures": [
            "01744147-f2d8-45d2-9979-d92d3f09796c",
            "47afafc8-a0d4-465f-a084-1d318f646c86"
          ],
          "pending": [],
          "skipped": [],
          "duration": 3568,
          "root": false,
          "rootEmpty": false,
          "_timeout": 2000
        }
      ],
      "passes": [],
      "failures": [],
      "pending": [],
      "skipped": [],
      "duration": 0,
      "root": true,
      "rootEmpty": true,
      "_timeout": 2000
    }
  ],
  "meta": {
    "mocha": {
      "version": "7.0.1"
    },
    "mochawesome": {
      "options": {
        "quiet": false,
        "reportFilename": "mochawesome",
        "saveHtml": false,
        "saveJson": true,
        "consoleReporter": "spec",
        "useInlineDiffs": false
      },
      "version": "4.1.0"
    },
    "marge": {
      "options": {
        "id": "default",
        "reportDir": "cypress/reports",
        "overwrite": true,
        "html": false,
        "json": true
      },
      "version": "4.1.0"
    }
  }
}