{
  "stats": {
    "suites": 12,
    "tests": 41,
    "passes": 1,
    "pending": 0,
    "failures": 40,
    "start": "2021-08-14T02:24:00.689Z",
    "end": "2021-08-14T02:27:06.735Z",
    "duration": 186046,
    "testsRegistered": 41,
    "passPercent": 2.4390243902439024,
    "pendingPercent": 0,
    "other": 0,
    "hasOther": false,
    "skipped": 0,
    "hasSkipped": false
  },
  "results": [
    {
      "uuid": "97f887d9-e62e-4f25-856b-799da55821c9",
      "title": "",
      "fullFile": "cypress/integration/project.spec.js",
      "file": "cypress/integration/project.spec.js",
      "beforeHooks": [],
      "afterHooks": [],
      "tests": [],
      "suites": [
        {
          "uuid": "21673b44-d8cb-441f-8744-1dd6b24e6164",
          "title": "1 - Adicione à página o título \"Paleta de Cores\".",
          "fullFile": "",
          "file": "",
          "beforeHooks": [],
          "afterHooks": [],
          "tests": [
            {
              "title": "Verifica se contém um elemento `h1` com o id `title` com o título correto",
              "fullTitle": "1 - Adicione à página o título \"Paleta de Cores\". Verifica se contém um elemento `h1` com o id `title` com o título correto",
              "timedOut": null,
              "duration": 409,
              "state": "passed",
              "speed": "slow",
              "pass": true,
              "fail": false,
              "pending": false,
              "context": null,
              "code": "cy.get('h1#title').should('contain.text', 'Paleta de Cores');",
              "err": {},
              "uuid": "14327313-13ec-4536-afe7-96e7e8827282",
              "parentUUID": "21673b44-d8cb-441f-8744-1dd6b24e6164",
              "isHook": false,
              "skipped": false
            }
          ],
          "suites": [],
          "passes": [
            "14327313-13ec-4536-afe7-96e7e8827282"
          ],
          "failures": [],
          "pending": [],
          "skipped": [],
          "duration": 409,
          "root": false,
          "rootEmpty": false,
          "_timeout": 2000
        },
        {
          "uuid": "fe4e1e8e-5ca2-4e48-b563-d8fc151b8a09",
          "title": "2 - Adicione à página uma paleta de quatro cores distintas.",
          "fullFile": "",
          "file": "",
          "beforeHooks": [],
          "afterHooks": [],
          "tests": [
            {
              "title": "A paleta de cores deve ser um elemento com `id` denominado `color-palette`",
              "fullTitle": "2 - Adicione à página uma paleta de quatro cores distintas. A paleta de cores deve ser um elemento com `id` denominado `color-palette`",
              "timedOut": null,
              "duration": 4550,
              "state": "failed",
              "speed": null,
              "pass": false,
              "fail": true,
              "pending": false,
              "context": null,
              "code": "cy.get('#color-palette').should('be.visible');",
              "err": {
                "message": "CypressError: Timed out retrying: Expected to find element: '#color-palette', but never found it.",
                "estack": "CypressError: Timed out retrying: Expected to find element: '#color-palette', but never found it.\n    at cypressErr (http://localhost:41593/__cypress/runner/cypress_runner.js:149934:9)\n    at throwErr (http://localhost:41593/__cypress/runner/cypress_runner.js:149867:11)\n    at Object.throwErrByPath (http://localhost:41593/__cypress/runner/cypress_runner.js:149915:3)\n    at retry (http://localhost:41593/__cypress/runner/cypress_runner.js:144197:19)\n    at onFailFn (http://localhost:41593/__cypress/runner/cypress_runner.js:132448:16)\n    at tryCatcher (http://localhost:41593/__cypress/runner/cypress_runner.js:167415:23)\n    at Promise._settlePromiseFromHandler (http://localhost:41593/__cypress/runner/cypress_runner.js:165351:31)\n    at Promise._settlePromise (http://localhost:41593/__cypress/runner/cypress_runner.js:165408:18)\n    at Promise._settlePromise0 (http://localhost:41593/__cypress/runner/cypress_runner.js:165453:10)\n    at Promise._settlePromises (http://localhost:41593/__cypress/runner/cypress_runner.js:165528:18)\n    at Async../node_modules/bluebird/js/release/async.js.Async._drainQueue (http://localhost:41593/__cypress/runner/cypress_runner.js:162140:16)\n    at Async../node_modules/bluebird/js/release/async.js.Async._drainQueues (http://localhost:41593/__cypress/runner/cypress_runner.js:162150:10)\n    at Async.drainQueues (http://localhost:41593/__cypress/runner/cypress_runner.js:162024:14)",
                "diff": null
              },
              "uuid": "b2abad99-edcf-453b-bc20-376ece9b2808",
              "parentUUID": "fe4e1e8e-5ca2-4e48-b563-d8fc151b8a09",
              "isHook": false,
              "skipped": false
            },
            {
              "title": "Verifica se cada cor individual da paleta de cores possui a `classe` chamada `color`.",
              "fullTitle": "2 - Adicione à página uma paleta de quatro cores distintas. Verifica se cada cor individual da paleta de cores possui a `classe` chamada `color`.",
              "timedOut": null,
              "duration": 4537,
              "state": "failed",
              "speed": null,
              "pass": false,
              "fail": true,
              "pending": false,
              "context": null,
              "code": "cy.get('.color').should('have.length', 4).then(function (colors) {\n  for (var i = 0; i < colors.length; i++) {\n    cy.wrap(colors[i]).should('be.visible');\n  }\n});",
              "err": {
                "message": "CypressError: Timed out retrying: Expected to find element: '.color', but never found it.",
                "estack": "CypressError: Timed out retrying: Expected to find element: '.color', but never found it.\n    at cypressErr (http://localhost:41593/__cypress/runner/cypress_runner.js:149934:9)\n    at throwErr (http://localhost:41593/__cypress/runner/cypress_runner.js:149867:11)\n    at Object.throwErrByPath (http://localhost:41593/__cypress/runner/cypress_runner.js:149915:3)\n    at retry (http://localhost:41593/__cypress/runner/cypress_runner.js:144197:19)\n    at onFailFn (http://localhost:41593/__cypress/runner/cypress_runner.js:132448:16)\n    at tryCatcher (http://localhost:41593/__cypress/runner/cypress_runner.js:167415:23)\n    at Promise._settlePromiseFromHandler (http://localhost:41593/__cypress/runner/cypress_runner.js:165351:31)\n    at Promise._settlePromise (http://localhost:41593/__cypress/runner/cypress_runner.js:165408:18)\n    at Promise._settlePromise0 (http://localhost:41593/__cypress/runner/cypress_runner.js:165453:10)\n    at Promise._settlePromises (http://localhost:41593/__cypress/runner/cypress_runner.js:165528:18)\n    at Async../node_modules/bluebird/js/release/async.js.Async._drainQueue (http://localhost:41593/__cypress/runner/cypress_runner.js:162140:16)\n    at Async../node_modules/bluebird/js/release/async.js.Async._drainQueues (http://localhost:41593/__cypress/runner/cypress_runner.js:162150:10)\n    at Async.drainQueues (http://localhost:41593/__cypress/runner/cypress_runner.js:162024:14)",
                "diff": null
              },
              "uuid": "bb1bb07d-c946-4600-bab8-4b74975dbc52",
              "parentUUID": "fe4e1e8e-5ca2-4e48-b563-d8fc151b8a09",
              "isHook": false,
              "skipped": false
            },
            {
              "title": "Verifica se a cor de fundo de cada elemento da paleta é a cor que o elemento representa. **A única cor não permitida na paleta é a cor branca.**",
              "fullTitle": "2 - Adicione à página uma paleta de quatro cores distintas. Verifica se a cor de fundo de cada elemento da paleta é a cor que o elemento representa. **A única cor não permitida na paleta é a cor branca.**",
              "timedOut": null,
              "duration": 4647,
              "state": "failed",
              "speed": null,
              "pass": false,
              "fail": true,
              "pending": false,
              "context": null,
              "code": "cy.get('.color').each(function (color) {\n  cy.wrap(color).should('have.class', 'color').and('not.have.css', 'background-color', WHITE);\n  cy.wrap(color).should('have.css', 'background-color');\n});",
              "err": {
                "message": "CypressError: Timed out retrying: Expected to find element: '.color', but never found it.",
                "estack": "CypressError: Timed out retrying: Expected to find element: '.color', but never found it.\n    at cypressErr (http://localhost:41593/__cypress/runner/cypress_runner.js:149934:9)\n    at throwErr (http://localhost:41593/__cypress/runner/cypress_runner.js:149867:11)\n    at Object.throwErrByPath (http://localhost:41593/__cypress/runner/cypress_runner.js:149915:3)\n    at retry (http://localhost:41593/__cypress/runner/cypress_runner.js:144197:19)\n    at onFailFn (http://localhost:41593/__cypress/runner/cypress_runner.js:132448:16)\n    at tryCatcher (http://localhost:41593/__cypress/runner/cypress_runner.js:167415:23)\n    at Promise._settlePromiseFromHandler (http://localhost:41593/__cypress/runner/cypress_runner.js:165351:31)\n    at Promise._settlePromise (http://localhost:41593/__cypress/runner/cypress_runner.js:165408:18)\n    at Promise._settlePromise0 (http://localhost:41593/__cypress/runner/cypress_runner.js:165453:10)\n    at Promise._settlePromises (http://localhost:41593/__cypress/runner/cypress_runner.js:165528:18)\n    at Async../node_modules/bluebird/js/release/async.js.Async._drainQueue (http://localhost:41593/__cypress/runner/cypress_runner.js:162140:16)\n    at Async../node_modules/bluebird/js/release/async.js.Async._drainQueues (http://localhost:41593/__cypress/runner/cypress_runner.js:162150:10)\n    at Async.drainQueues (http://localhost:41593/__cypress/runner/cypress_runner.js:162024:14)",
                "diff": null
              },
              "uuid": "4fa741a9-1802-48a0-b167-742c3ffe421f",
              "parentUUID": "fe4e1e8e-5ca2-4e48-b563-d8fc151b8a09",
              "isHook": false,
              "skipped": false
            },
            {
              "title": "Verifica se cada elemento da paleta de cores tem uma borda preta, sólida e com 1 pixel de largura;",
              "fullTitle": "2 - Adicione à página uma paleta de quatro cores distintas. Verifica se cada elemento da paleta de cores tem uma borda preta, sólida e com 1 pixel de largura;",
              "timedOut": null,
              "duration": 4565,
              "state": "failed",
              "speed": null,
              "pass": false,
              "fail": true,
              "pending": false,
              "context": null,
              "code": "cy.get('.color').each(function (color) {\n  cy.wrap(color).and('have.css', 'border', \"1px solid \".concat(BLACK)).and('have.class', 'color');\n});",
              "err": {
                "message": "CypressError: Timed out retrying: Expected to find element: '.color', but never found it.",
                "estack": "CypressError: Timed out retrying: Expected to find element: '.color', but never found it.\n    at cypressErr (http://localhost:41593/__cypress/runner/cypress_runner.js:149934:9)\n    at throwErr (http://localhost:41593/__cypress/runner/cypress_runner.js:149867:11)\n    at Object.throwErrByPath (http://localhost:41593/__cypress/runner/cypress_runner.js:149915:3)\n    at retry (http://localhost:41593/__cypress/runner/cypress_runner.js:144197:19)\n    at onFailFn (http://localhost:41593/__cypress/runner/cypress_runner.js:132448:16)\n    at tryCatcher (http://localhost:41593/__cypress/runner/cypress_runner.js:167415:23)\n    at Promise._settlePromiseFromHandler (http://localhost:41593/__cypress/runner/cypress_runner.js:165351:31)\n    at Promise._settlePromise (http://localhost:41593/__cypress/runner/cypress_runner.js:165408:18)\n    at Promise._settlePromise0 (http://localhost:41593/__cypress/runner/cypress_runner.js:165453:10)\n    at Promise._settlePromises (http://localhost:41593/__cypress/runner/cypress_runner.js:165528:18)\n    at Async../node_modules/bluebird/js/release/async.js.Async._drainQueue (http://localhost:41593/__cypress/runner/cypress_runner.js:162140:16)\n    at Async../node_modules/bluebird/js/release/async.js.Async._drainQueues (http://localhost:41593/__cypress/runner/cypress_runner.js:162150:10)\n    at Async.drainQueues (http://localhost:41593/__cypress/runner/cypress_runner.js:162024:14)",
                "diff": null
              },
              "uuid": "4dc31465-901b-4c03-9889-a33bd6987a29",
              "parentUUID": "fe4e1e8e-5ca2-4e48-b563-d8fc151b8a09",
              "isHook": false,
              "skipped": false
            },
            {
              "title": "Verifica se a paleta lista todas as cores disponíveis para utilização, lado a lado.",
              "fullTitle": "2 - Adicione à página uma paleta de quatro cores distintas. Verifica se a paleta lista todas as cores disponíveis para utilização, lado a lado.",
              "timedOut": null,
              "duration": 4565,
              "state": "failed",
              "speed": null,
              "pass": false,
              "fail": true,
              "pending": false,
              "context": null,
              "code": "cy.get('.color').then(function (colors) {\n  for (var index = 1; index < colors.length; index += 1) {\n    var currentColor = colors[index];\n    var previousColor = colors[index - 1];\n    cy.wrap(currentColor).should('be.onTheRightOf', previousColor).and('be.horizontallyAlignedWith', previousColor);\n  }\n});",
              "err": {
                "message": "CypressError: Timed out retrying: Expected to find element: '.color', but never found it.",
                "estack": "CypressError: Timed out retrying: Expected to find element: '.color', but never found it.\n    at cypressErr (http://localhost:41593/__cypress/runner/cypress_runner.js:149934:9)\n    at throwErr (http://localhost:41593/__cypress/runner/cypress_runner.js:149867:11)\n    at Object.throwErrByPath (http://localhost:41593/__cypress/runner/cypress_runner.js:149915:3)\n    at retry (http://localhost:41593/__cypress/runner/cypress_runner.js:144197:19)\n    at onFailFn (http://localhost:41593/__cypress/runner/cypress_runner.js:132448:16)\n    at tryCatcher (http://localhost:41593/__cypress/runner/cypress_runner.js:167415:23)\n    at Promise._settlePromiseFromHandler (http://localhost:41593/__cypress/runner/cypress_runner.js:165351:31)\n    at Promise._settlePromise (http://localhost:41593/__cypress/runner/cypress_runner.js:165408:18)\n    at Promise._settlePromise0 (http://localhost:41593/__cypress/runner/cypress_runner.js:165453:10)\n    at Promise._settlePromises (http://localhost:41593/__cypress/runner/cypress_runner.js:165528:18)\n    at Async../node_modules/bluebird/js/release/async.js.Async._drainQueue (http://localhost:41593/__cypress/runner/cypress_runner.js:162140:16)\n    at Async../node_modules/bluebird/js/release/async.js.Async._drainQueues (http://localhost:41593/__cypress/runner/cypress_runner.js:162150:10)\n    at Async.drainQueues (http://localhost:41593/__cypress/runner/cypress_runner.js:162024:14)",
                "diff": null
              },
              "uuid": "db00fa86-9061-4c78-b046-d495489d135b",
              "parentUUID": "fe4e1e8e-5ca2-4e48-b563-d8fc151b8a09",
              "isHook": false,
              "skipped": false
            },
            {
              "title": "Verifica se a paleta de cores está posicionada abaixo do título 'Paleta de Cores'",
              "fullTitle": "2 - Adicione à página uma paleta de quatro cores distintas. Verifica se a paleta de cores está posicionada abaixo do título 'Paleta de Cores'",
              "timedOut": null,
              "duration": 4554,
              "state": "failed",
              "speed": null,
              "pass": false,
              "fail": true,
              "pending": false,
              "context": null,
              "code": "cy.get('h1#title').then(function (title) {\n  cy.get('#color-palette').should('be.belowOf', title);\n});",
              "err": {
                "message": "CypressError: Timed out retrying: Expected to find element: '#color-palette', but never found it.",
                "estack": "CypressError: Timed out retrying: Expected to find element: '#color-palette', but never found it.\n    at cypressErr (http://localhost:41593/__cypress/runner/cypress_runner.js:149934:9)\n    at throwErr (http://localhost:41593/__cypress/runner/cypress_runner.js:149867:11)\n    at Object.throwErrByPath (http://localhost:41593/__cypress/runner/cypress_runner.js:149915:3)\n    at retry (http://localhost:41593/__cypress/runner/cypress_runner.js:144197:19)\n    at onFailFn (http://localhost:41593/__cypress/runner/cypress_runner.js:132448:16)\n    at tryCatcher (http://localhost:41593/__cypress/runner/cypress_runner.js:167415:23)\n    at Promise._settlePromiseFromHandler (http://localhost:41593/__cypress/runner/cypress_runner.js:165351:31)\n    at Promise._settlePromise (http://localhost:41593/__cypress/runner/cypress_runner.js:165408:18)\n    at Promise._settlePromise0 (http://localhost:41593/__cypress/runner/cypress_runner.js:165453:10)\n    at Promise._settlePromises (http://localhost:41593/__cypress/runner/cypress_runner.js:165528:18)\n    at Async../node_modules/bluebird/js/release/async.js.Async._drainQueue (http://localhost:41593/__cypress/runner/cypress_runner.js:162140:16)\n    at Async../node_modules/bluebird/js/release/async.js.Async._drainQueues (http://localhost:41593/__cypress/runner/cypress_runner.js:162150:10)\n    at Async.drainQueues (http://localhost:41593/__cypress/runner/cypress_runner.js:162024:14)",
                "diff": null
              },
              "uuid": "1ec12d1e-d735-4f55-a79b-485145e0fc6a",
              "parentUUID": "fe4e1e8e-5ca2-4e48-b563-d8fc151b8a09",
              "isHook": false,
              "skipped": false
            },
            {
              "title": "Verifica se a paleta de cores não contém cores repetidas.",
              "fullTitle": "2 - Adicione à página uma paleta de quatro cores distintas. Verifica se a paleta de cores não contém cores repetidas.",
              "timedOut": null,
              "duration": 4510,
              "state": "failed",
              "speed": null,
              "pass": false,
              "fail": true,
              "pending": false,
              "context": null,
              "code": "cy.get('.color').then(function (colors) {\n  var allColors = Array.from(colors).map(function (color) {\n    return Cypress.$(color).css('background-color');\n  });\n  cy.log(allColors);\n  var uniqColors = (0, _toConsumableArray2[\"default\"])(new Set(allColors));\n  cy.log(uniqColors);\n  expect(allColors.length).to.eq(uniqColors.length);\n});",
              "err": {
                "message": "CypressError: Timed out retrying: Expected to find element: '.color', but never found it.",
                "estack": "CypressError: Timed out retrying: Expected to find element: '.color', but never found it.\n    at cypressErr (http://localhost:41593/__cypress/runner/cypress_runner.js:149934:9)\n    at throwErr (http://localhost:41593/__cypress/runner/cypress_runner.js:149867:11)\n    at Object.throwErrByPath (http://localhost:41593/__cypress/runner/cypress_runner.js:149915:3)\n    at retry (http://localhost:41593/__cypress/runner/cypress_runner.js:144197:19)\n    at onFailFn (http://localhost:41593/__cypress/runner/cypress_runner.js:132448:16)\n    at tryCatcher (http://localhost:41593/__cypress/runner/cypress_runner.js:167415:23)\n    at Promise._settlePromiseFromHandler (http://localhost:41593/__cypress/runner/cypress_runner.js:165351:31)\n    at Promise._settlePromise (http://localhost:41593/__cypress/runner/cypress_runner.js:165408:18)\n    at Promise._settlePromise0 (http://localhost:41593/__cypress/runner/cypress_runner.js:165453:10)\n    at Promise._settlePromises (http://localhost:41593/__cypress/runner/cypress_runner.js:165528:18)\n    at Async../node_modules/bluebird/js/release/async.js.Async._drainQueue (http://localhost:41593/__cypress/runner/cypress_runner.js:162140:16)\n    at Async../node_modules/bluebird/js/release/async.js.Async._drainQueues (http://localhost:41593/__cypress/runner/cypress_runner.js:162150:10)\n    at Async.drainQueues (http://localhost:41593/__cypress/runner/cypress_runner.js:162024:14)",
                "diff": null
              },
              "uuid": "e2372a19-960a-4b5b-a2b8-e27ac354ac33",
              "parentUUID": "fe4e1e8e-5ca2-4e48-b563-d8fc151b8a09",
              "isHook": false,
              "skipped": false
            }
          ],
          "suites": [],
          "passes": [],
          "failures": [
            "b2abad99-edcf-453b-bc20-376ece9b2808",
            "bb1bb07d-c946-4600-bab8-4b74975dbc52",
            "4fa741a9-1802-48a0-b167-742c3ffe421f",
            "4dc31465-901b-4c03-9889-a33bd6987a29",
            "db00fa86-9061-4c78-b046-d495489d135b",
            "1ec12d1e-d735-4f55-a79b-485145e0fc6a",
            "e2372a19-960a-4b5b-a2b8-e27ac354ac33"
          ],
          "pending": [],
          "skipped": [],
          "duration": 31928,
          "root": false,
          "rootEmpty": false,
          "_timeout": 2000
        },
        {
          "uuid": "5ac79364-f0b8-49dc-8d71-d23c74b7d1f7",
          "title": "3 - Adicione a cor **preta** como a primeira cor da paleta de cores.",
          "fullFile": "",
          "file": "",
          "beforeHooks": [],
          "afterHooks": [],
          "tests": [
            {
              "title": "Verifica se a primeira cor da paleta é preta",
              "fullTitle": "3 - Adicione a cor **preta** como a primeira cor da paleta de cores. Verifica se a primeira cor da paleta é preta",
              "timedOut": null,
              "duration": 4616,
              "state": "failed",
              "speed": null,
              "pass": false,
              "fail": true,
              "pending": false,
              "context": null,
              "code": "cy.get('.color').first().should('have.css', 'background-color', BLACK);",
              "err": {
                "message": "CypressError: Timed out retrying: Expected to find element: '.color', but never found it.",
                "estack": "CypressError: Timed out retrying: Expected to find element: '.color', but never found it.\n    at cypressErr (http://localhost:41593/__cypress/runner/cypress_runner.js:149934:9)\n    at throwErr (http://localhost:41593/__cypress/runner/cypress_runner.js:149867:11)\n    at Object.throwErrByPath (http://localhost:41593/__cypress/runner/cypress_runner.js:149915:3)\n    at retry (http://localhost:41593/__cypress/runner/cypress_runner.js:144197:19)\n    at onFailFn (http://localhost:41593/__cypress/runner/cypress_runner.js:132448:16)\n    at tryCatcher (http://localhost:41593/__cypress/runner/cypress_runner.js:167415:23)\n    at Promise._settlePromiseFromHandler (http://localhost:41593/__cypress/runner/cypress_runner.js:165351:31)\n    at Promise._settlePromise (http://localhost:41593/__cypress/runner/cypress_runner.js:165408:18)\n    at Promise._settlePromise0 (http://localhost:41593/__cypress/runner/cypress_runner.js:165453:10)\n    at Promise._settlePromises (http://localhost:41593/__cypress/runner/cypress_runner.js:165528:18)\n    at Async../node_modules/bluebird/js/release/async.js.Async._drainQueue (http://localhost:41593/__cypress/runner/cypress_runner.js:162140:16)\n    at Async../node_modules/bluebird/js/release/async.js.Async._drainQueues (http://localhost:41593/__cypress/runner/cypress_runner.js:162150:10)\n    at Async.drainQueues (http://localhost:41593/__cypress/runner/cypress_runner.js:162024:14)",
                "diff": null
              },
              "uuid": "ee82bfdf-bc1e-42f9-9993-bc8ac1ab6416",
              "parentUUID": "5ac79364-f0b8-49dc-8d71-d23c74b7d1f7",
              "isHook": false,
              "skipped": false
            },
            {
              "title": "Verifica se as demais cores podem ser escolhidas livremente.",
              "fullTitle": "3 - Adicione a cor **preta** como a primeira cor da paleta de cores. Verifica se as demais cores podem ser escolhidas livremente.",
              "timedOut": null,
              "duration": 4645,
              "state": "failed",
              "speed": null,
              "pass": false,
              "fail": true,
              "pending": false,
              "context": null,
              "code": "cy.get('.color').eq(1).should('not.have.css', 'background-color', BLACK);\ncy.get('.color').eq(1).should('not.have.css', 'background-color', WHITE);\ncy.get('.color').eq(1).should('not.have.css', 'background-color', 'rgba(0, 0, 0, 0)');\ncy.get('.color').eq(1).should('have.css', 'background-color');\ncy.get('.color').eq(2).should('not.have.css', 'background-color', BLACK);\ncy.get('.color').eq(2).should('not.have.css', 'background-color', WHITE);\ncy.get('.color').eq(2).should('not.have.css', 'background-color', 'rgba(0, 0, 0, 0)');\ncy.get('.color').eq(2).should('have.css', 'background-color');\ncy.get('.color').eq(3).should('not.have.css', 'background-color', BLACK);\ncy.get('.color').eq(3).should('not.have.css', 'background-color', WHITE);\ncy.get('.color').eq(3).should('not.have.css', 'background-color', 'rgba(0, 0, 0, 0)');\ncy.get('.color').eq(3).should('have.css', 'background-color');",
              "err": {
                "message": "CypressError: Timed out retrying: Expected to find element: '.color', but never found it.",
                "estack": "CypressError: Timed out retrying: Expected to find element: '.color', but never found it.\n    at cypressErr (http://localhost:41593/__cypress/runner/cypress_runner.js:149934:9)\n    at throwErr (http://localhost:41593/__cypress/runner/cypress_runner.js:149867:11)\n    at Object.throwErrByPath (http://localhost:41593/__cypress/runner/cypress_runner.js:149915:3)\n    at retry (http://localhost:41593/__cypress/runner/cypress_runner.js:144197:19)\n    at onFailFn (http://localhost:41593/__cypress/runner/cypress_runner.js:132448:16)\n    at tryCatcher (http://localhost:41593/__cypress/runner/cypress_runner.js:167415:23)\n    at Promise._settlePromiseFromHandler (http://localhost:41593/__cypress/runner/cypress_runner.js:165351:31)\n    at Promise._settlePromise (http://localhost:41593/__cypress/runner/cypress_runner.js:165408:18)\n    at Promise._settlePromise0 (http://localhost:41593/__cypress/runner/cypress_runner.js:165453:10)\n    at Promise._settlePromises (http://localhost:41593/__cypress/runner/cypress_runner.js:165528:18)\n    at Async../node_modules/bluebird/js/release/async.js.Async._drainQueue (http://localhost:41593/__cypress/runner/cypress_runner.js:162140:16)\n    at Async../node_modules/bluebird/js/release/async.js.Async._drainQueues (http://localhost:41593/__cypress/runner/cypress_runner.js:162150:10)\n    at Async.drainQueues (http://localhost:41593/__cypress/runner/cypress_runner.js:162024:14)",
                "diff": null
              },
              "uuid": "2d95fa85-782b-48ee-921b-a1f9fa1515c1",
              "parentUUID": "5ac79364-f0b8-49dc-8d71-d23c74b7d1f7",
              "isHook": false,
              "skipped": false
            }
          ],
          "suites": [],
          "passes": [],
          "failures": [
            "ee82bfdf-bc1e-42f9-9993-bc8ac1ab6416",
            "2d95fa85-782b-48ee-921b-a1f9fa1515c1"
          ],
          "pending": [],
          "skipped": [],
          "duration": 9261,
          "root": false,
          "rootEmpty": false,
          "_timeout": 2000
        },
        {
          "uuid": "91d26fb2-36b6-47d5-8e18-9744ae564415",
          "title": "4 - Adicione à página um quadro de pixels, com 25 pixels.",
          "fullFile": "",
          "file": "",
          "beforeHooks": [],
          "afterHooks": [],
          "tests": [
            {
              "title": "Verifica se o quadro de pixels possui o `id` denominado `pixel-board`",
              "fullTitle": "4 - Adicione à página um quadro de pixels, com 25 pixels. Verifica se o quadro de pixels possui o `id` denominado `pixel-board`",
              "timedOut": null,
              "duration": 4681,
              "state": "failed",
              "speed": null,
              "pass": false,
              "fail": true,
              "pending": false,
              "context": null,
              "code": "cy.get('#pixel-board').should('be.visible');",
              "err": {
                "message": "CypressError: Timed out retrying: Expected to find element: '#pixel-board', but never found it.",
                "estack": "CypressError: Timed out retrying: Expected to find element: '#pixel-board', but never found it.\n    at cypressErr (http://localhost:41593/__cypress/runner/cypress_runner.js:149934:9)\n    at throwErr (http://localhost:41593/__cypress/runner/cypress_runner.js:149867:11)\n    at Object.throwErrByPath (http://localhost:41593/__cypress/runner/cypress_runner.js:149915:3)\n    at retry (http://localhost:41593/__cypress/runner/cypress_runner.js:144197:19)\n    at onFailFn (http://localhost:41593/__cypress/runner/cypress_runner.js:132448:16)\n    at tryCatcher (http://localhost:41593/__cypress/runner/cypress_runner.js:167415:23)\n    at Promise._settlePromiseFromHandler (http://localhost:41593/__cypress/runner/cypress_runner.js:165351:31)\n    at Promise._settlePromise (http://localhost:41593/__cypress/runner/cypress_runner.js:165408:18)\n    at Promise._settlePromise0 (http://localhost:41593/__cypress/runner/cypress_runner.js:165453:10)\n    at Promise._settlePromises (http://localhost:41593/__cypress/runner/cypress_runner.js:165528:18)\n    at Async../node_modules/bluebird/js/release/async.js.Async._drainQueue (http://localhost:41593/__cypress/runner/cypress_runner.js:162140:16)\n    at Async../node_modules/bluebird/js/release/async.js.Async._drainQueues (http://localhost:41593/__cypress/runner/cypress_runner.js:162150:10)\n    at Async.drainQueues (http://localhost:41593/__cypress/runner/cypress_runner.js:162024:14)",
                "diff": null
              },
              "uuid": "06ccade7-4d81-4b76-8092-79f1c8f04ec9",
              "parentUUID": "91d26fb2-36b6-47d5-8e18-9744ae564415",
              "isHook": false,
              "skipped": false
            },
            {
              "title": "Verifica se cada pixel individual dentro do quadro possui a `classe` denominada `pixel`.",
              "fullTitle": "4 - Adicione à página um quadro de pixels, com 25 pixels. Verifica se cada pixel individual dentro do quadro possui a `classe` denominada `pixel`.",
              "timedOut": null,
              "duration": 4556,
              "state": "failed",
              "speed": null,
              "pass": false,
              "fail": true,
              "pending": false,
              "context": null,
              "code": "cy.get('.pixel').should('have.length', 25);",
              "err": {
                "message": "CypressError: Timed out retrying: Expected to find element: '.pixel', but never found it.",
                "estack": "CypressError: Timed out retrying: Expected to find element: '.pixel', but never found it.\n    at cypressErr (http://localhost:41593/__cypress/runner/cypress_runner.js:149934:9)\n    at throwErr (http://localhost:41593/__cypress/runner/cypress_runner.js:149867:11)\n    at Object.throwErrByPath (http://localhost:41593/__cypress/runner/cypress_runner.js:149915:3)\n    at retry (http://localhost:41593/__cypress/runner/cypress_runner.js:144197:19)\n    at onFailFn (http://localhost:41593/__cypress/runner/cypress_runner.js:132448:16)\n    at tryCatcher (http://localhost:41593/__cypress/runner/cypress_runner.js:167415:23)\n    at Promise._settlePromiseFromHandler (http://localhost:41593/__cypress/runner/cypress_runner.js:165351:31)\n    at Promise._settlePromise (http://localhost:41593/__cypress/runner/cypress_runner.js:165408:18)\n    at Promise._settlePromise0 (http://localhost:41593/__cypress/runner/cypress_runner.js:165453:10)\n    at Promise._settlePromises (http://localhost:41593/__cypress/runner/cypress_runner.js:165528:18)\n    at Async../node_modules/bluebird/js/release/async.js.Async._drainQueue (http://localhost:41593/__cypress/runner/cypress_runner.js:162140:16)\n    at Async../node_modules/bluebird/js/release/async.js.Async._drainQueues (http://localhost:41593/__cypress/runner/cypress_runner.js:162150:10)\n    at Async.drainQueues (http://localhost:41593/__cypress/runner/cypress_runner.js:162024:14)",
                "diff": null
              },
              "uuid": "c0d04b43-c51f-41f7-aa4a-42a6f4e01dbb",
              "parentUUID": "91d26fb2-36b6-47d5-8e18-9744ae564415",
              "isHook": false,
              "skipped": false
            },
            {
              "title": "Verifica se a cor inicial dos pixels dentro do quadro, ao abrir a página, é branca.",
              "fullTitle": "4 - Adicione à página um quadro de pixels, com 25 pixels. Verifica se a cor inicial dos pixels dentro do quadro, ao abrir a página, é branca.",
              "timedOut": null,
              "duration": 4499,
              "state": "failed",
              "speed": null,
              "pass": false,
              "fail": true,
              "pending": false,
              "context": null,
              "code": "cy.get('.pixel').should('have.length', 25).each(function (pixel) {\n  expect(pixel).to.have.css('background-color', WHITE);\n});",
              "err": {
                "message": "CypressError: Timed out retrying: Expected to find element: '.pixel', but never found it.",
                "estack": "CypressError: Timed out retrying: Expected to find element: '.pixel', but never found it.\n    at cypressErr (http://localhost:41593/__cypress/runner/cypress_runner.js:149934:9)\n    at throwErr (http://localhost:41593/__cypress/runner/cypress_runner.js:149867:11)\n    at Object.throwErrByPath (http://localhost:41593/__cypress/runner/cypress_runner.js:149915:3)\n    at retry (http://localhost:41593/__cypress/runner/cypress_runner.js:144197:19)\n    at onFailFn (http://localhost:41593/__cypress/runner/cypress_runner.js:132448:16)\n    at tryCatcher (http://localhost:41593/__cypress/runner/cypress_runner.js:167415:23)\n    at Promise._settlePromiseFromHandler (http://localhost:41593/__cypress/runner/cypress_runner.js:165351:31)\n    at Promise._settlePromise (http://localhost:41593/__cypress/runner/cypress_runner.js:165408:18)\n    at Promise._settlePromise0 (http://localhost:41593/__cypress/runner/cypress_runner.js:165453:10)\n    at Promise._settlePromises (http://localhost:41593/__cypress/runner/cypress_runner.js:165528:18)\n    at Async../node_modules/bluebird/js/release/async.js.Async._drainQueue (http://localhost:41593/__cypress/runner/cypress_runner.js:162140:16)\n    at Async../node_modules/bluebird/js/release/async.js.Async._drainQueues (http://localhost:41593/__cypress/runner/cypress_runner.js:162150:10)\n    at Async.drainQueues (http://localhost:41593/__cypress/runner/cypress_runner.js:162024:14)",
                "diff": null
              },
              "uuid": "2d66d84e-c271-4b47-9ea7-2d7ffd6c3a42",
              "parentUUID": "91d26fb2-36b6-47d5-8e18-9744ae564415",
              "isHook": false,
              "skipped": false
            },
            {
              "title": "Verifica se o quadro de pixels aparece abaixo da paleta de cores",
              "fullTitle": "4 - Adicione à página um quadro de pixels, com 25 pixels. Verifica se o quadro de pixels aparece abaixo da paleta de cores",
              "timedOut": null,
              "duration": 4509,
              "state": "failed",
              "speed": null,
              "pass": false,
              "fail": true,
              "pending": false,
              "context": null,
              "code": "cy.get('#color-palette').then(function (palette) {\n  cy.get('#pixel-board').should('be.belowOf', palette);\n});",
              "err": {
                "message": "CypressError: Timed out retrying: Expected to find element: '#color-palette', but never found it.",
                "estack": "CypressError: Timed out retrying: Expected to find element: '#color-palette', but never found it.\n    at cypressErr (http://localhost:41593/__cypress/runner/cypress_runner.js:149934:9)\n    at throwErr (http://localhost:41593/__cypress/runner/cypress_runner.js:149867:11)\n    at Object.throwErrByPath (http://localhost:41593/__cypress/runner/cypress_runner.js:149915:3)\n    at retry (http://localhost:41593/__cypress/runner/cypress_runner.js:144197:19)\n    at onFailFn (http://localhost:41593/__cypress/runner/cypress_runner.js:132448:16)\n    at tryCatcher (http://localhost:41593/__cypress/runner/cypress_runner.js:167415:23)\n    at Promise._settlePromiseFromHandler (http://localhost:41593/__cypress/runner/cypress_runner.js:165351:31)\n    at Promise._settlePromise (http://localhost:41593/__cypress/runner/cypress_runner.js:165408:18)\n    at Promise._settlePromise0 (http://localhost:41593/__cypress/runner/cypress_runner.js:165453:10)\n    at Promise._settlePromises (http://localhost:41593/__cypress/runner/cypress_runner.js:165528:18)\n    at Async../node_modules/bluebird/js/release/async.js.Async._drainQueue (http://localhost:41593/__cypress/runner/cypress_runner.js:162140:16)\n    at Async../node_modules/bluebird/js/release/async.js.Async._drainQueues (http://localhost:41593/__cypress/runner/cypress_runner.js:162150:10)\n    at Async.drainQueues (http://localhost:41593/__cypress/runner/cypress_runner.js:162024:14)",
                "diff": null
              },
              "uuid": "48d2803e-6411-4cb3-98c3-20f8eb155c4c",
              "parentUUID": "91d26fb2-36b6-47d5-8e18-9744ae564415",
              "isHook": false,
              "skipped": false
            }
          ],
          "suites": [],
          "passes": [],
          "failures": [
            "06ccade7-4d81-4b76-8092-79f1c8f04ec9",
            "c0d04b43-c51f-41f7-aa4a-42a6f4e01dbb",
            "2d66d84e-c271-4b47-9ea7-2d7ffd6c3a42",
            "48d2803e-6411-4cb3-98c3-20f8eb155c4c"
          ],
          "pending": [],
          "skipped": [],
          "duration": 18245,
          "root": false,
          "rootEmpty": false,
          "_timeout": 2000
        },
        {
          "uuid": "06f2b1eb-f3ba-4525-9892-f92b740400ab",
          "title": "5 - Faça com que cada elemento do quadro de pixels possua 40 pixels de largura, 40 pixels de altura e seja delimitado por uma borda preta de 1 pixel.",
          "fullFile": "",
          "file": "",
          "beforeHooks": [],
          "afterHooks": [],
          "tests": [
            {
              "title": "Verifica se o quadro de pixels tem altura e comprimento de 5 elementos",
              "fullTitle": "5 - Faça com que cada elemento do quadro de pixels possua 40 pixels de largura, 40 pixels de altura e seja delimitado por uma borda preta de 1 pixel. Verifica se o quadro de pixels tem altura e comprimento de 5 elementos",
              "timedOut": null,
              "duration": 4626,
              "state": "failed",
              "speed": null,
              "pass": false,
              "fail": true,
              "pending": false,
              "context": null,
              "code": "cy.get('.pixel').should('have.length', 25).each(function (pixel) {\n  expect(pixel).to.have.css('background-color', WHITE);\n}).and(function (pixels) {\n  var rows = chunk(pixels, 5);\n  rows.forEach(function (row) {\n    for (var index = 1; index < row.length; index += 1) {\n      var current = pixels[index];\n      var previous = pixels[index - 1];\n      cy.wrap(current).should('be.onTheRightOf', previous).and('be.horizontallyAlignedWith', previous);\n    }\n  });\n  for (var index = 1; index < 5; index += 1) {\n    expect(pixels[index * 5]).to.be.belowOf(pixels[(index - 1) * 5]);\n  }\n});",
              "err": {
                "message": "CypressError: Timed out retrying: Expected to find element: '.pixel', but never found it.",
                "estack": "CypressError: Timed out retrying: Expected to find element: '.pixel', but never found it.\n    at cypressErr (http://localhost:41593/__cypress/runner/cypress_runner.js:149934:9)\n    at throwErr (http://localhost:41593/__cypress/runner/cypress_runner.js:149867:11)\n    at Object.throwErrByPath (http://localhost:41593/__cypress/runner/cypress_runner.js:149915:3)\n    at retry (http://localhost:41593/__cypress/runner/cypress_runner.js:144197:19)\n    at onFailFn (http://localhost:41593/__cypress/runner/cypress_runner.js:132448:16)\n    at tryCatcher (http://localhost:41593/__cypress/runner/cypress_runner.js:167415:23)\n    at Promise._settlePromiseFromHandler (http://localhost:41593/__cypress/runner/cypress_runner.js:165351:31)\n    at Promise._settlePromise (http://localhost:41593/__cypress/runner/cypress_runner.js:165408:18)\n    at Promise._settlePromise0 (http://localhost:41593/__cypress/runner/cypress_runner.js:165453:10)\n    at Promise._settlePromises (http://localhost:41593/__cypress/runner/cypress_runner.js:165528:18)\n    at Async../node_modules/bluebird/js/release/async.js.Async._drainQueue (http://localhost:41593/__cypress/runner/cypress_runner.js:162140:16)\n    at Async../node_modules/bluebird/js/release/async.js.Async._drainQueues (http://localhost:41593/__cypress/runner/cypress_runner.js:162150:10)\n    at Async.drainQueues (http://localhost:41593/__cypress/runner/cypress_runner.js:162024:14)",
                "diff": null
              },
              "uuid": "b9d7d002-6c57-46a8-a215-abd29d1bf620",
              "parentUUID": "06f2b1eb-f3ba-4525-9892-f92b740400ab",
              "isHook": false,
              "skipped": false
            },
            {
              "title": "Verifica se 40 pixels é o tamanho total do elemento, incluindo seu conteúdo e excluindo a borda preta, que deve ser criada à parte.",
              "fullTitle": "5 - Faça com que cada elemento do quadro de pixels possua 40 pixels de largura, 40 pixels de altura e seja delimitado por uma borda preta de 1 pixel. Verifica se 40 pixels é o tamanho total do elemento, incluindo seu conteúdo e excluindo a borda preta, que deve ser criada à parte.",
              "timedOut": null,
              "duration": 4566,
              "state": "failed",
              "speed": null,
              "pass": false,
              "fail": true,
              "pending": false,
              "context": null,
              "code": "cy.get('.pixel').each(function (pixel) {\n  cy.wrap(pixel).should('have.css', 'height', '40px').and('have.css', 'width', '40px').and('have.css', 'border', \"1px solid \".concat(BLACK));\n});",
              "err": {
                "message": "CypressError: Timed out retrying: Expected to find element: '.pixel', but never found it.",
                "estack": "CypressError: Timed out retrying: Expected to find element: '.pixel', but never found it.\n    at cypressErr (http://localhost:41593/__cypress/runner/cypress_runner.js:149934:9)\n    at throwErr (http://localhost:41593/__cypress/runner/cypress_runner.js:149867:11)\n    at Object.throwErrByPath (http://localhost:41593/__cypress/runner/cypress_runner.js:149915:3)\n    at retry (http://localhost:41593/__cypress/runner/cypress_runner.js:144197:19)\n    at onFailFn (http://localhost:41593/__cypress/runner/cypress_runner.js:132448:16)\n    at tryCatcher (http://localhost:41593/__cypress/runner/cypress_runner.js:167415:23)\n    at Promise._settlePromiseFromHandler (http://localhost:41593/__cypress/runner/cypress_runner.js:165351:31)\n    at Promise._settlePromise (http://localhost:41593/__cypress/runner/cypress_runner.js:165408:18)\n    at Promise._settlePromise0 (http://localhost:41593/__cypress/runner/cypress_runner.js:165453:10)\n    at Promise._settlePromises (http://localhost:41593/__cypress/runner/cypress_runner.js:165528:18)\n    at Async../node_modules/bluebird/js/release/async.js.Async._drainQueue (http://localhost:41593/__cypress/runner/cypress_runner.js:162140:16)\n    at Async../node_modules/bluebird/js/release/async.js.Async._drainQueues (http://localhost:41593/__cypress/runner/cypress_runner.js:162150:10)\n    at Async.drainQueues (http://localhost:41593/__cypress/runner/cypress_runner.js:162024:14)",
                "diff": null
              },
              "uuid": "01f6ed02-c21f-48f2-83c1-881159c085cc",
              "parentUUID": "06f2b1eb-f3ba-4525-9892-f92b740400ab",
              "isHook": false,
              "skipped": false
            }
          ],
          "suites": [],
          "passes": [],
          "failures": [
            "b9d7d002-6c57-46a8-a215-abd29d1bf620",
            "01f6ed02-c21f-48f2-83c1-881159c085cc"
          ],
          "pending": [],
          "skipped": [],
          "duration": 9192,
          "root": false,
          "rootEmpty": false,
          "_timeout": 2000
        },
        {
          "uuid": "4dcd8424-bf90-4547-a8f6-47421cf834d8",
          "title": "6 - Defina a cor preta como cor inicial. Ao carregar a página a cor preta já deve estar selecionada para pintar os pixels",
          "fullFile": "",
          "file": "",
          "beforeHooks": [],
          "afterHooks": [],
          "tests": [
            {
              "title": "Verifica se o elemento da cor preta possui, inicialmente, a `classe` `selected`",
              "fullTitle": "6 - Defina a cor preta como cor inicial. Ao carregar a página a cor preta já deve estar selecionada para pintar os pixels Verifica se o elemento da cor preta possui, inicialmente, a `classe` `selected`",
              "timedOut": null,
              "duration": 4483,
              "state": "failed",
              "speed": null,
              "pass": false,
              "fail": true,
              "pending": false,
              "context": null,
              "code": "cy.get('.selected').first().should('have.css', 'background-color', BLACK);",
              "err": {
                "message": "CypressError: Timed out retrying: Expected to find element: '.selected', but never found it.",
                "estack": "CypressError: Timed out retrying: Expected to find element: '.selected', but never found it.\n    at cypressErr (http://localhost:41593/__cypress/runner/cypress_runner.js:149934:9)\n    at throwErr (http://localhost:41593/__cypress/runner/cypress_runner.js:149867:11)\n    at Object.throwErrByPath (http://localhost:41593/__cypress/runner/cypress_runner.js:149915:3)\n    at retry (http://localhost:41593/__cypress/runner/cypress_runner.js:144197:19)\n    at onFailFn (http://localhost:41593/__cypress/runner/cypress_runner.js:132448:16)\n    at tryCatcher (http://localhost:41593/__cypress/runner/cypress_runner.js:167415:23)\n    at Promise._settlePromiseFromHandler (http://localhost:41593/__cypress/runner/cypress_runner.js:165351:31)\n    at Promise._settlePromise (http://localhost:41593/__cypress/runner/cypress_runner.js:165408:18)\n    at Promise._settlePromise0 (http://localhost:41593/__cypress/runner/cypress_runner.js:165453:10)\n    at Promise._settlePromises (http://localhost:41593/__cypress/runner/cypress_runner.js:165528:18)\n    at Async../node_modules/bluebird/js/release/async.js.Async._drainQueue (http://localhost:41593/__cypress/runner/cypress_runner.js:162140:16)\n    at Async../node_modules/bluebird/js/release/async.js.Async._drainQueues (http://localhost:41593/__cypress/runner/cypress_runner.js:162150:10)\n    at Async.drainQueues (http://localhost:41593/__cypress/runner/cypress_runner.js:162024:14)",
                "diff": null
              },
              "uuid": "d6a55654-29ac-4be4-ba95-96abe0d21350",
              "parentUUID": "4dcd8424-bf90-4547-a8f6-47421cf834d8",
              "isHook": false,
              "skipped": false
            },
            {
              "title": "Verifica se nenhuma outra cor da paleta tem a `classe` `selected`",
              "fullTitle": "6 - Defina a cor preta como cor inicial. Ao carregar a página a cor preta já deve estar selecionada para pintar os pixels Verifica se nenhuma outra cor da paleta tem a `classe` `selected`",
              "timedOut": null,
              "duration": 4566,
              "state": "failed",
              "speed": null,
              "pass": false,
              "fail": true,
              "pending": false,
              "context": null,
              "code": "cy.get('.color:not(:first-child)').each(function (color) {\n  cy.wrap(color).should('not.have.class', 'selected');\n});",
              "err": {
                "message": "CypressError: Timed out retrying: Expected to find element: '.color:not(:first-child)', but never found it.",
                "estack": "CypressError: Timed out retrying: Expected to find element: '.color:not(:first-child)', but never found it.\n    at cypressErr (http://localhost:41593/__cypress/runner/cypress_runner.js:149934:9)\n    at throwErr (http://localhost:41593/__cypress/runner/cypress_runner.js:149867:11)\n    at Object.throwErrByPath (http://localhost:41593/__cypress/runner/cypress_runner.js:149915:3)\n    at retry (http://localhost:41593/__cypress/runner/cypress_runner.js:144197:19)\n    at onFailFn (http://localhost:41593/__cypress/runner/cypress_runner.js:132448:16)\n    at tryCatcher (http://localhost:41593/__cypress/runner/cypress_runner.js:167415:23)\n    at Promise._settlePromiseFromHandler (http://localhost:41593/__cypress/runner/cypress_runner.js:165351:31)\n    at Promise._settlePromise (http://localhost:41593/__cypress/runner/cypress_runner.js:165408:18)\n    at Promise._settlePromise0 (http://localhost:41593/__cypress/runner/cypress_runner.js:165453:10)\n    at Promise._settlePromises (http://localhost:41593/__cypress/runner/cypress_runner.js:165528:18)\n    at Async../node_modules/bluebird/js/release/async.js.Async._drainQueue (http://localhost:41593/__cypress/runner/cypress_runner.js:162140:16)\n    at Async../node_modules/bluebird/js/release/async.js.Async._drainQueues (http://localhost:41593/__cypress/runner/cypress_runner.js:162150:10)\n    at Async.drainQueues (http://localhost:41593/__cypress/runner/cypress_runner.js:162024:14)",
                "diff": null
              },
              "uuid": "aef40c35-9e29-48a7-a295-0284a4788cd7",
              "parentUUID": "4dcd8424-bf90-4547-a8f6-47421cf834d8",
              "isHook": false,
              "skipped": false
            }
          ],
          "suites": [],
          "passes": [],
          "failures": [
            "d6a55654-29ac-4be4-ba95-96abe0d21350",
            "aef40c35-9e29-48a7-a295-0284a4788cd7"
          ],
          "pending": [],
          "skipped": [],
          "duration": 9049,
          "root": false,
          "rootEmpty": false,
          "_timeout": 2000
        },
        {
          "uuid": "8475cfcd-f924-4745-a86a-1fecb9c97817",
          "title": "7 - Clicar em uma das cores da paleta, faz com que ela seja selecionada e utilizada para preencher os pixels no quadro.",
          "fullFile": "",
          "file": "",
          "beforeHooks": [],
          "afterHooks": [],
          "tests": [
            {
              "title": "Verifica se somente uma cor da paleta de cores tem a classe `selected` de cada vez",
              "fullTitle": "7 - Clicar em uma das cores da paleta, faz com que ela seja selecionada e utilizada para preencher os pixels no quadro. Verifica se somente uma cor da paleta de cores tem a classe `selected` de cada vez",
              "timedOut": null,
              "duration": 4629,
              "state": "failed",
              "speed": null,
              "pass": false,
              "fail": true,
              "pending": false,
              "context": null,
              "code": "cy.get('.color').each(function (selectedColor, selectedColorIndex) {\n  cy.wrap(selectedColor).click();\n  cy.get('.color').each(function (color, colorIndex) {\n    if (colorIndex === selectedColorIndex) {\n      expect(color).to.have[\"class\"]('selected');\n    } else {\n      expect(color).not.to.have[\"class\"]('selected');\n    }\n  });\n});",
              "err": {
                "message": "CypressError: Timed out retrying: Expected to find element: '.color', but never found it.",
                "estack": "CypressError: Timed out retrying: Expected to find element: '.color', but never found it.\n    at cypressErr (http://localhost:41593/__cypress/runner/cypress_runner.js:149934:9)\n    at throwErr (http://localhost:41593/__cypress/runner/cypress_runner.js:149867:11)\n    at Object.throwErrByPath (http://localhost:41593/__cypress/runner/cypress_runner.js:149915:3)\n    at retry (http://localhost:41593/__cypress/runner/cypress_runner.js:144197:19)\n    at onFailFn (http://localhost:41593/__cypress/runner/cypress_runner.js:132448:16)\n    at tryCatcher (http://localhost:41593/__cypress/runner/cypress_runner.js:167415:23)\n    at Promise._settlePromiseFromHandler (http://localhost:41593/__cypress/runner/cypress_runner.js:165351:31)\n    at Promise._settlePromise (http://localhost:41593/__cypress/runner/cypress_runner.js:165408:18)\n    at Promise._settlePromise0 (http://localhost:41593/__cypress/runner/cypress_runner.js:165453:10)\n    at Promise._settlePromises (http://localhost:41593/__cypress/runner/cypress_runner.js:165528:18)\n    at Async../node_modules/bluebird/js/release/async.js.Async._drainQueue (http://localhost:41593/__cypress/runner/cypress_runner.js:162140:16)\n    at Async../node_modules/bluebird/js/release/async.js.Async._drainQueues (http://localhost:41593/__cypress/runner/cypress_runner.js:162150:10)\n    at Async.drainQueues (http://localhost:41593/__cypress/runner/cypress_runner.js:162024:14)",
                "diff": null
              },
              "uuid": "8f347799-19c8-42a5-bad8-307f3f4658b6",
              "parentUUID": "8475cfcd-f924-4745-a86a-1fecb9c97817",
              "isHook": false,
              "skipped": false
            },
            {
              "title": "Verifica se os pixels dentro do quadro não têm a classe `selected` quando são clicados",
              "fullTitle": "7 - Clicar em uma das cores da paleta, faz com que ela seja selecionada e utilizada para preencher os pixels no quadro. Verifica se os pixels dentro do quadro não têm a classe `selected` quando são clicados",
              "timedOut": null,
              "duration": 4473,
              "state": "failed",
              "speed": null,
              "pass": false,
              "fail": true,
              "pending": false,
              "context": null,
              "code": "cy.get('.color').each(function (color) {\n  var backgroundColor = color.css('background-color');\n  cy.wrap(color).click();\n  cy.get('.pixel').each(function (pixel) {\n    cy.wrap(pixel).click().should('not.have.class', 'selected');\n  });\n});",
              "err": {
                "message": "CypressError: Timed out retrying: Expected to find element: '.color', but never found it.",
                "estack": "CypressError: Timed out retrying: Expected to find element: '.color', but never found it.\n    at cypressErr (http://localhost:41593/__cypress/runner/cypress_runner.js:149934:9)\n    at throwErr (http://localhost:41593/__cypress/runner/cypress_runner.js:149867:11)\n    at Object.throwErrByPath (http://localhost:41593/__cypress/runner/cypress_runner.js:149915:3)\n    at retry (http://localhost:41593/__cypress/runner/cypress_runner.js:144197:19)\n    at onFailFn (http://localhost:41593/__cypress/runner/cypress_runner.js:132448:16)\n    at tryCatcher (http://localhost:41593/__cypress/runner/cypress_runner.js:167415:23)\n    at Promise._settlePromiseFromHandler (http://localhost:41593/__cypress/runner/cypress_runner.js:165351:31)\n    at Promise._settlePromise (http://localhost:41593/__cypress/runner/cypress_runner.js:165408:18)\n    at Promise._settlePromise0 (http://localhost:41593/__cypress/runner/cypress_runner.js:165453:10)\n    at Promise._settlePromises (http://localhost:41593/__cypress/runner/cypress_runner.js:165528:18)\n    at Async../node_modules/bluebird/js/release/async.js.Async._drainQueue (http://localhost:41593/__cypress/runner/cypress_runner.js:162140:16)\n    at Async../node_modules/bluebird/js/release/async.js.Async._drainQueues (http://localhost:41593/__cypress/runner/cypress_runner.js:162150:10)\n    at Async.drainQueues (http://localhost:41593/__cypress/runner/cypress_runner.js:162024:14)",
                "diff": null
              },
              "uuid": "58b0a6be-4408-4114-8674-649797e14116",
              "parentUUID": "8475cfcd-f924-4745-a86a-1fecb9c97817",
              "isHook": false,
              "skipped": false
            }
          ],
          "suites": [],
          "passes": [],
          "failures": [
            "8f347799-19c8-42a5-bad8-307f3f4658b6",
            "58b0a6be-4408-4114-8674-649797e14116"
          ],
          "pending": [],
          "skipped": [],
          "duration": 9102,
          "root": false,
          "rootEmpty": false,
          "_timeout": 2000
        },
        {
          "uuid": "cb5d8b1b-d913-4afe-a093-03bceab2e776",
          "title": "8 - Clicar em um pixel dentro do quadro após selecionar uma cor na paleta, faz com que o pixel seja preenchido com a cor selecionada.",
          "fullFile": "",
          "file": "",
          "beforeHooks": [],
          "afterHooks": [],
          "tests": [
            {
              "title": "Verifica se ao carregar a página deve ser possível pintar os pixels de preto",
              "fullTitle": "8 - Clicar em um pixel dentro do quadro após selecionar uma cor na paleta, faz com que o pixel seja preenchido com a cor selecionada. Verifica se ao carregar a página deve ser possível pintar os pixels de preto",
              "timedOut": null,
              "duration": 4648,
              "state": "failed",
              "speed": null,
              "pass": false,
              "fail": true,
              "pending": false,
              "context": null,
              "code": "cy.get('.pixel').each(function (pixel) {\n  cy.wrap(pixel).click().should('have.css', 'background-color', BLACK);\n});",
              "err": {
                "message": "CypressError: Timed out retrying: Expected to find element: '.pixel', but never found it.",
                "estack": "CypressError: Timed out retrying: Expected to find element: '.pixel', but never found it.\n    at cypressErr (http://localhost:41593/__cypress/runner/cypress_runner.js:149934:9)\n    at throwErr (http://localhost:41593/__cypress/runner/cypress_runner.js:149867:11)\n    at Object.throwErrByPath (http://localhost:41593/__cypress/runner/cypress_runner.js:149915:3)\n    at retry (http://localhost:41593/__cypress/runner/cypress_runner.js:144197:19)\n    at onFailFn (http://localhost:41593/__cypress/runner/cypress_runner.js:132448:16)\n    at tryCatcher (http://localhost:41593/__cypress/runner/cypress_runner.js:167415:23)\n    at Promise._settlePromiseFromHandler (http://localhost:41593/__cypress/runner/cypress_runner.js:165351:31)\n    at Promise._settlePromise (http://localhost:41593/__cypress/runner/cypress_runner.js:165408:18)\n    at Promise._settlePromise0 (http://localhost:41593/__cypress/runner/cypress_runner.js:165453:10)\n    at Promise._settlePromises (http://localhost:41593/__cypress/runner/cypress_runner.js:165528:18)\n    at Async../node_modules/bluebird/js/release/async.js.Async._drainQueue (http://localhost:41593/__cypress/runner/cypress_runner.js:162140:16)\n    at Async../node_modules/bluebird/js/release/async.js.Async._drainQueues (http://localhost:41593/__cypress/runner/cypress_runner.js:162150:10)\n    at Async.drainQueues (http://localhost:41593/__cypress/runner/cypress_runner.js:162024:14)",
                "diff": null
              },
              "uuid": "eb25de82-7f7f-4f55-b289-46efd6f59561",
              "parentUUID": "cb5d8b1b-d913-4afe-a093-03bceab2e776",
              "isHook": false,
              "skipped": false
            },
            {
              "title": "Verifica se após selecionar uma outra cor na paleta, é possível pintar os pixels com essa cor",
              "fullTitle": "8 - Clicar em um pixel dentro do quadro após selecionar uma cor na paleta, faz com que o pixel seja preenchido com a cor selecionada. Verifica se após selecionar uma outra cor na paleta, é possível pintar os pixels com essa cor",
              "timedOut": null,
              "duration": 4604,
              "state": "failed",
              "speed": null,
              "pass": false,
              "fail": true,
              "pending": false,
              "context": null,
              "code": "cy.get('.color').each(function (color) {\n  var backgroundColor = color.css('background-color');\n  cy.wrap(color).click();\n  cy.get('.pixel').each(function (pixel) {\n    cy.wrap(pixel).click().should('have.css', 'background-color', backgroundColor);\n  });\n});",
              "err": {
                "message": "CypressError: Timed out retrying: Expected to find element: '.color', but never found it.",
                "estack": "CypressError: Timed out retrying: Expected to find element: '.color', but never found it.\n    at cypressErr (http://localhost:41593/__cypress/runner/cypress_runner.js:149934:9)\n    at throwErr (http://localhost:41593/__cypress/runner/cypress_runner.js:149867:11)\n    at Object.throwErrByPath (http://localhost:41593/__cypress/runner/cypress_runner.js:149915:3)\n    at retry (http://localhost:41593/__cypress/runner/cypress_runner.js:144197:19)\n    at onFailFn (http://localhost:41593/__cypress/runner/cypress_runner.js:132448:16)\n    at tryCatcher (http://localhost:41593/__cypress/runner/cypress_runner.js:167415:23)\n    at Promise._settlePromiseFromHandler (http://localhost:41593/__cypress/runner/cypress_runner.js:165351:31)\n    at Promise._settlePromise (http://localhost:41593/__cypress/runner/cypress_runner.js:165408:18)\n    at Promise._settlePromise0 (http://localhost:41593/__cypress/runner/cypress_runner.js:165453:10)\n    at Promise._settlePromises (http://localhost:41593/__cypress/runner/cypress_runner.js:165528:18)\n    at Async../node_modules/bluebird/js/release/async.js.Async._drainQueue (http://localhost:41593/__cypress/runner/cypress_runner.js:162140:16)\n    at Async../node_modules/bluebird/js/release/async.js.Async._drainQueues (http://localhost:41593/__cypress/runner/cypress_runner.js:162150:10)\n    at Async.drainQueues (http://localhost:41593/__cypress/runner/cypress_runner.js:162024:14)",
                "diff": null
              },
              "uuid": "0f0a2171-d76f-45d5-8fb7-a7e92aa1de2b",
              "parentUUID": "cb5d8b1b-d913-4afe-a093-03bceab2e776",
              "isHook": false,
              "skipped": false
            },
            {
              "title": "Verifica se somente o pixel que foi clicado foi preenchido com a cor selecionada, sem influenciar na cor dos demais pixels.",
              "fullTitle": "8 - Clicar em um pixel dentro do quadro após selecionar uma cor na paleta, faz com que o pixel seja preenchido com a cor selecionada. Verifica se somente o pixel que foi clicado foi preenchido com a cor selecionada, sem influenciar na cor dos demais pixels.",
              "timedOut": null,
              "duration": 4518,
              "state": "failed",
              "speed": null,
              "pass": false,
              "fail": true,
              "pending": false,
              "context": null,
              "code": "var colorToPixelIndexMap = {\n  0: 6,\n  1: 8,\n  2: 16,\n  3: 18\n};\ncy.get('.color').each(function (color, index) {\n  cy.wrap(color).click();\n  var backgroundColor = color.css('background-color');\n  var clickedPixelIndex = colorToPixelIndexMap[index];\n  cy.get('.pixel').eq(clickedPixelIndex).click();\n  cy.get('.pixel').eq(clickedPixelIndex - 1).should('not.have.css', 'background-color', backgroundColor);\n  cy.get('.pixel').eq(clickedPixelIndex + 1).should('not.have.css', 'background-color', backgroundColor);\n  cy.get('.pixel').eq(clickedPixelIndex - 5).should('not.have.css', 'background-color', backgroundColor);\n  cy.get('.pixel').eq(clickedPixelIndex + 5).should('not.have.css', 'background-color', backgroundColor);\n  cy.get('.pixel').eq(clickedPixelIndex - 6).should('not.have.css', 'background-color', backgroundColor);\n  cy.get('.pixel').eq(clickedPixelIndex - 4).should('not.have.css', 'background-color', backgroundColor);\n  cy.get('.pixel').eq(clickedPixelIndex + 4).should('not.have.css', 'background-color', backgroundColor);\n  cy.get('.pixel').eq(clickedPixelIndex + 6).should('not.have.css', 'background-color', backgroundColor);\n});",
              "err": {
                "message": "CypressError: Timed out retrying: Expected to find element: '.color', but never found it.",
                "estack": "CypressError: Timed out retrying: Expected to find element: '.color', but never found it.\n    at cypressErr (http://localhost:41593/__cypress/runner/cypress_runner.js:149934:9)\n    at throwErr (http://localhost:41593/__cypress/runner/cypress_runner.js:149867:11)\n    at Object.throwErrByPath (http://localhost:41593/__cypress/runner/cypress_runner.js:149915:3)\n    at retry (http://localhost:41593/__cypress/runner/cypress_runner.js:144197:19)\n    at onFailFn (http://localhost:41593/__cypress/runner/cypress_runner.js:132448:16)\n    at tryCatcher (http://localhost:41593/__cypress/runner/cypress_runner.js:167415:23)\n    at Promise._settlePromiseFromHandler (http://localhost:41593/__cypress/runner/cypress_runner.js:165351:31)\n    at Promise._settlePromise (http://localhost:41593/__cypress/runner/cypress_runner.js:165408:18)\n    at Promise._settlePromise0 (http://localhost:41593/__cypress/runner/cypress_runner.js:165453:10)\n    at Promise._settlePromises (http://localhost:41593/__cypress/runner/cypress_runner.js:165528:18)\n    at Async../node_modules/bluebird/js/release/async.js.Async._drainQueue (http://localhost:41593/__cypress/runner/cypress_runner.js:162140:16)\n    at Async../node_modules/bluebird/js/release/async.js.Async._drainQueues (http://localhost:41593/__cypress/runner/cypress_runner.js:162150:10)\n    at Async.drainQueues (http://localhost:41593/__cypress/runner/cypress_runner.js:162024:14)",
                "diff": null
              },
              "uuid": "f0c372e6-f199-4f73-bd7e-f78a46971a58",
              "parentUUID": "cb5d8b1b-d913-4afe-a093-03bceab2e776",
              "isHook": false,
              "skipped": false
            }
          ],
          "suites": [],
          "passes": [],
          "failures": [
            "eb25de82-7f7f-4f55-b289-46efd6f59561",
            "0f0a2171-d76f-45d5-8fb7-a7e92aa1de2b",
            "f0c372e6-f199-4f73-bd7e-f78a46971a58"
          ],
          "pending": [],
          "skipped": [],
          "duration": 13770,
          "root": false,
          "rootEmpty": false,
          "_timeout": 2000
        },
        {
          "uuid": "21d8068b-eb09-4ef9-954a-91e86e8dc7d3",
          "title": "9 - Crie um botão que, ao ser clicado, limpa o quadro preenchendo a cor de todos seus pixels com branco.",
          "fullFile": "",
          "file": "",
          "beforeHooks": [],
          "afterHooks": [],
          "tests": [
            {
              "title": "Verifica se o botão tem o `id` denominado `clear-board`",
              "fullTitle": "9 - Crie um botão que, ao ser clicado, limpa o quadro preenchendo a cor de todos seus pixels com branco. Verifica se o botão tem o `id` denominado `clear-board`",
              "timedOut": null,
              "duration": 4570,
              "state": "failed",
              "speed": null,
              "pass": false,
              "fail": true,
              "pending": false,
              "context": null,
              "code": "cy.get('#clear-board').should('be.visible');",
              "err": {
                "message": "CypressError: Timed out retrying: Expected to find element: '#clear-board', but never found it.",
                "estack": "CypressError: Timed out retrying: Expected to find element: '#clear-board', but never found it.\n    at cypressErr (http://localhost:41593/__cypress/runner/cypress_runner.js:149934:9)\n    at throwErr (http://localhost:41593/__cypress/runner/cypress_runner.js:149867:11)\n    at Object.throwErrByPath (http://localhost:41593/__cypress/runner/cypress_runner.js:149915:3)\n    at retry (http://localhost:41593/__cypress/runner/cypress_runner.js:144197:19)\n    at onFailFn (http://localhost:41593/__cypress/runner/cypress_runner.js:132448:16)\n    at tryCatcher (http://localhost:41593/__cypress/runner/cypress_runner.js:167415:23)\n    at Promise._settlePromiseFromHandler (http://localhost:41593/__cypress/runner/cypress_runner.js:165351:31)\n    at Promise._settlePromise (http://localhost:41593/__cypress/runner/cypress_runner.js:165408:18)\n    at Promise._settlePromise0 (http://localhost:41593/__cypress/runner/cypress_runner.js:165453:10)\n    at Promise._settlePromises (http://localhost:41593/__cypress/runner/cypress_runner.js:165528:18)\n    at Async../node_modules/bluebird/js/release/async.js.Async._drainQueue (http://localhost:41593/__cypress/runner/cypress_runner.js:162140:16)\n    at Async../node_modules/bluebird/js/release/async.js.Async._drainQueues (http://localhost:41593/__cypress/runner/cypress_runner.js:162150:10)\n    at Async.drainQueues (http://localhost:41593/__cypress/runner/cypress_runner.js:162024:14)",
                "diff": null
              },
              "uuid": "204660ad-5c90-4d0c-9256-6bcba4ddb739",
              "parentUUID": "21d8068b-eb09-4ef9-954a-91e86e8dc7d3",
              "isHook": false,
              "skipped": false
            },
            {
              "title": "Verifica se o botão está posicionado entre a paleta de cores e o quadro de pixels",
              "fullTitle": "9 - Crie um botão que, ao ser clicado, limpa o quadro preenchendo a cor de todos seus pixels com branco. Verifica se o botão está posicionado entre a paleta de cores e o quadro de pixels",
              "timedOut": null,
              "duration": 4550,
              "state": "failed",
              "speed": null,
              "pass": false,
              "fail": true,
              "pending": false,
              "context": null,
              "code": "cy.get('#color-palette').then(function (palette) {\n  cy.get('#clear-board').should('be.belowOf', palette);\n});\ncy.get('#clear-board').then(function (clearBtn) {\n  cy.get('#pixel-board').should('be.belowOf', clearBtn);\n});",
              "err": {
                "message": "CypressError: Timed out retrying: Expected to find element: '#color-palette', but never found it.",
                "estack": "CypressError: Timed out retrying: Expected to find element: '#color-palette', but never found it.\n    at cypressErr (http://localhost:41593/__cypress/runner/cypress_runner.js:149934:9)\n    at throwErr (http://localhost:41593/__cypress/runner/cypress_runner.js:149867:11)\n    at Object.throwErrByPath (http://localhost:41593/__cypress/runner/cypress_runner.js:149915:3)\n    at retry (http://localhost:41593/__cypress/runner/cypress_runner.js:144197:19)\n    at onFailFn (http://localhost:41593/__cypress/runner/cypress_runner.js:132448:16)\n    at tryCatcher (http://localhost:41593/__cypress/runner/cypress_runner.js:167415:23)\n    at Promise._settlePromiseFromHandler (http://localhost:41593/__cypress/runner/cypress_runner.js:165351:31)\n    at Promise._settlePromise (http://localhost:41593/__cypress/runner/cypress_runner.js:165408:18)\n    at Promise._settlePromise0 (http://localhost:41593/__cypress/runner/cypress_runner.js:165453:10)\n    at Promise._settlePromises (http://localhost:41593/__cypress/runner/cypress_runner.js:165528:18)\n    at Async../node_modules/bluebird/js/release/async.js.Async._drainQueue (http://localhost:41593/__cypress/runner/cypress_runner.js:162140:16)\n    at Async../node_modules/bluebird/js/release/async.js.Async._drainQueues (http://localhost:41593/__cypress/runner/cypress_runner.js:162150:10)\n    at Async.drainQueues (http://localhost:41593/__cypress/runner/cypress_runner.js:162024:14)",
                "diff": null
              },
              "uuid": "4f6b3c0a-af9a-42af-ae61-f0500fa9cadf",
              "parentUUID": "21d8068b-eb09-4ef9-954a-91e86e8dc7d3",
              "isHook": false,
              "skipped": false
            },
            {
              "title": "Verifica se o texto do botão é 'Limpar'",
              "fullTitle": "9 - Crie um botão que, ao ser clicado, limpa o quadro preenchendo a cor de todos seus pixels com branco. Verifica se o texto do botão é 'Limpar'",
              "timedOut": null,
              "duration": 4528,
              "state": "failed",
              "speed": null,
              "pass": false,
              "fail": true,
              "pending": false,
              "context": null,
              "code": "cy.get('#clear-board').should('contain.text', 'Limpar');",
              "err": {
                "message": "CypressError: Timed out retrying: Expected to find element: '#clear-board', but never found it.",
                "estack": "CypressError: Timed out retrying: Expected to find element: '#clear-board', but never found it.\n    at cypressErr (http://localhost:41593/__cypress/runner/cypress_runner.js:149934:9)\n    at throwErr (http://localhost:41593/__cypress/runner/cypress_runner.js:149867:11)\n    at Object.throwErrByPath (http://localhost:41593/__cypress/runner/cypress_runner.js:149915:3)\n    at retry (http://localhost:41593/__cypress/runner/cypress_runner.js:144197:19)\n    at onFailFn (http://localhost:41593/__cypress/runner/cypress_runner.js:132448:16)\n    at tryCatcher (http://localhost:41593/__cypress/runner/cypress_runner.js:167415:23)\n    at Promise._settlePromiseFromHandler (http://localhost:41593/__cypress/runner/cypress_runner.js:165351:31)\n    at Promise._settlePromise (http://localhost:41593/__cypress/runner/cypress_runner.js:165408:18)\n    at Promise._settlePromise0 (http://localhost:41593/__cypress/runner/cypress_runner.js:165453:10)\n    at Promise._settlePromises (http://localhost:41593/__cypress/runner/cypress_runner.js:165528:18)\n    at Async../node_modules/bluebird/js/release/async.js.Async._drainQueue (http://localhost:41593/__cypress/runner/cypress_runner.js:162140:16)\n    at Async../node_modules/bluebird/js/release/async.js.Async._drainQueues (http://localhost:41593/__cypress/runner/cypress_runner.js:162150:10)\n    at Async.drainQueues (http://localhost:41593/__cypress/runner/cypress_runner.js:162024:14)",
                "diff": null
              },
              "uuid": "951af987-c5e6-498f-9bee-513fedc92b33",
              "parentUUID": "21d8068b-eb09-4ef9-954a-91e86e8dc7d3",
              "isHook": false,
              "skipped": false
            },
            {
              "title": "Verifica se ao clicar no botão, o quadro de pixels é totalmente preenchido de branco",
              "fullTitle": "9 - Crie um botão que, ao ser clicado, limpa o quadro preenchendo a cor de todos seus pixels com branco. Verifica se ao clicar no botão, o quadro de pixels é totalmente preenchido de branco",
              "timedOut": null,
              "duration": 4605,
              "state": "failed",
              "speed": null,
              "pass": false,
              "fail": true,
              "pending": false,
              "context": null,
              "code": "cy.get('.color').eq(1).then(function (color) {\n  var backgroundColor = color.css('background-color');\n  cy.wrap(color).click();\n  cy.get('.pixel').each(function (pixel) {\n    cy.wrap(pixel).click().should('have.css', 'background-color', backgroundColor);\n  });\n});\ncy.get('#clear-board').click();\ncy.get('.pixel').each(function (pixel) {\n  cy.wrap(pixel).should('have.css', 'background-color', WHITE);\n});",
              "err": {
                "message": "CypressError: Timed out retrying: Expected to find element: '.color', but never found it.",
                "estack": "CypressError: Timed out retrying: Expected to find element: '.color', but never found it.\n    at cypressErr (http://localhost:41593/__cypress/runner/cypress_runner.js:149934:9)\n    at throwErr (http://localhost:41593/__cypress/runner/cypress_runner.js:149867:11)\n    at Object.throwErrByPath (http://localhost:41593/__cypress/runner/cypress_runner.js:149915:3)\n    at retry (http://localhost:41593/__cypress/runner/cypress_runner.js:144197:19)\n    at onFailFn (http://localhost:41593/__cypress/runner/cypress_runner.js:132448:16)\n    at tryCatcher (http://localhost:41593/__cypress/runner/cypress_runner.js:167415:23)\n    at Promise._settlePromiseFromHandler (http://localhost:41593/__cypress/runner/cypress_runner.js:165351:31)\n    at Promise._settlePromise (http://localhost:41593/__cypress/runner/cypress_runner.js:165408:18)\n    at Promise._settlePromise0 (http://localhost:41593/__cypress/runner/cypress_runner.js:165453:10)\n    at Promise._settlePromises (http://localhost:41593/__cypress/runner/cypress_runner.js:165528:18)\n    at Async../node_modules/bluebird/js/release/async.js.Async._drainQueue (http://localhost:41593/__cypress/runner/cypress_runner.js:162140:16)\n    at Async../node_modules/bluebird/js/release/async.js.Async._drainQueues (http://localhost:41593/__cypress/runner/cypress_runner.js:162150:10)\n    at Async.drainQueues (http://localhost:41593/__cypress/runner/cypress_runner.js:162024:14)",
                "diff": null
              },
              "uuid": "fe8e31b9-c2e5-4227-976e-1f8856ce4972",
              "parentUUID": "21d8068b-eb09-4ef9-954a-91e86e8dc7d3",
              "isHook": false,
              "skipped": false
            }
          ],
          "suites": [],
          "passes": [],
          "failures": [
            "204660ad-5c90-4d0c-9256-6bcba4ddb739",
            "4f6b3c0a-af9a-42af-ae61-f0500fa9cadf",
            "951af987-c5e6-498f-9bee-513fedc92b33",
            "fe8e31b9-c2e5-4227-976e-1f8856ce4972"
          ],
          "pending": [],
          "skipped": [],
          "duration": 18253,
          "root": false,
          "rootEmpty": false,
          "_timeout": 2000
        },
        {
          "uuid": "0fc569c0-6811-4f94-b416-a188d94fd2d3",
          "title": "10 - Faça o quadro de pixels ter seu tamanho definido pelo usuário.",
          "fullFile": "",
          "file": "",
          "beforeHooks": [],
          "afterHooks": [],
          "tests": [
            {
              "title": "Verifica se existe um input com o id `board-size`",
              "fullTitle": "10 - Faça o quadro de pixels ter seu tamanho definido pelo usuário. Verifica se existe um input com o id `board-size`",
              "timedOut": null,
              "duration": 4532,
              "state": "failed",
              "speed": null,
              "pass": false,
              "fail": true,
              "pending": false,
              "context": null,
              "code": "cy.get('#board-size').should('be.visible');",
              "err": {
                "message": "CypressError: Timed out retrying: Expected to find element: '#board-size', but never found it.",
[...]
                "diff": null
              },
              "uuid": "af8ae1dc-e543-4025-a919-119c1dac0798",
              "parentUUID": "0fc569c0-6811-4f94-b416-a188d94fd2d3",
              "isHook": false,
              "skipped": false
            },
            {
              "title": "Verifica se o novo quadro tem todos os pixels preenchidos com a cor branca",
              "fullTitle": "10 - Faça o quadro de pixels ter seu tamanho definido pelo usuário. Verifica se o novo quadro tem todos os pixels preenchidos com a cor branca",
              "timedOut": null,
              "duration": 4613,
              "state": "failed",
              "speed": null,
              "pass": false,
              "fail": true,
              "pending": false,
              "context": null,
              "code": "cy.get('#board-size').clear().type(6);\ncy.get('#generate-board').click();\ncy.get('.pixel').should('have.length', 36).each(function (pixel) {\n  expect(pixel).to.have.css('background-color', WHITE);\n});",
              "err": {
                "message": "CypressError: Timed out retrying: Expected to find element: '#board-size', but never found it.",
                "estack": "CypressError: Timed out retrying: Expected to find element: '#board-size', but never found it.\n    at cypressErr (http://localhost:41593/__cypress/runner/cypress_runner.js:149934:9)\n    at throwErr (http://localhost:41593/__cypress/runner/cypress_runner.js:149867:11)\n    at Object.throwErrByPath (http://localhost:41593/__cypress/runner/cypress_runner.js:149915:3)\n    at retry (http://localhost:41593/__cypress/runner/cypress_runner.js:144197:19)\n    at onFailFn (http://localhost:41593/__cypress/runner/cypress_runner.js:132448:16)\n    at tryCatcher (http://localhost:41593/__cypress/runner/cypress_runner.js:167415:23)\n    at Promise._settlePromiseFromHandler (http://localhost:41593/__cypress/runner/cypress_runner.js:165351:31)\n    at Promise._settlePromise (http://localhost:41593/__cypress/runner/cypress_runner.js:165408:18)\n    at Promise._settlePromise0 (http://localhost:41593/__cypress/runner/cypress_runner.js:165453:10)\n    at Promise._settlePromises (http://localhost:41593/__cypress/runner/cypress_runner.js:165528:18)\n    at Async../node_modules/bluebird/js/release/async.js.Async._drainQueue (http://localhost:41593/__cypress/runner/cypress_runner.js:162140:16)\n    at Async../node_modules/bluebird/js/release/async.js.Async._drainQueues (http://localhost:41593/__cypress/runner/cypress_runner.js:162150:10)\n    at Async.drainQueues (http://localhost:41593/__cypress/runner/cypress_runner.js:162024:14)",
                "diff": null
              },
              "uuid": "45cf3d4e-04f0-4172-9bc7-322cc82d87ee",
              "parentUUID": "0fc569c0-6811-4f94-b416-a188d94fd2d3",
              "isHook": false,
              "skipped": false
            }
          ],
          "suites": [],
          "passes": [],
          "failures": [
            "dd6ea88c-922c-4249-9cdd-a05b836403cd",
            "4cfa4dfb-1189-48b7-8cbf-c506bce68605",
            "215736a5-ca55-489b-b7a6-d8cb38c910ac",
            "3fa4a090-41d7-45bb-96b5-1a5f305a0d1d",
            "0a6673b2-ba28-483b-b784-27de59b55fd9",
            "81ca1352-fc1c-4734-ab8f-c640b783ba0b",
            "2b8e42c9-fcde-499c-9766-805f4059cb89",
            "af8ae1dc-e543-4025-a919-119c1dac0798",
            "45cf3d4e-04f0-4172-9bc7-322cc82d87ee"
          ],
          "pending": [],
          "skipped": [],
          "duration": 41566,
          "root": false,
          "rootEmpty": false,
          "_timeout": 2000
        },
        {
          "uuid": "62ade096-4551-44de-9c4a-666c562c68b8",
          "title": "11 - Limite o tamanho mínimo e máximo do board.",
          "fullFile": "",
          "file": "",
          "beforeHooks": [],
          "afterHooks": [],
          "tests": [
            {
              "title": "Verifica se a altura máxima do board é 50",
              "fullTitle": "11 - Limite o tamanho mínimo e máximo do board. Verifica se a altura máxima do board é 50",
              "timedOut": null,
              "duration": 4735,
              "state": "failed",
              "speed": null,
              "pass": false,
              "fail": true,
              "pending": false,
              "context": null,
              "code": "cy.get('#board-size').clear().type(50);\ncy.get('#generate-board').click();\ncy.get('.pixel').should('have.length', 2500);",
              "err": {
                "message": "CypressError: Timed out retrying: Expected to find element: '#board-size', but never found it.",
                "estack": "CypressError: Timed out retrying: Expected to find element: '#board-size', but never found it.\n    at cypressErr (http://localhost:41593/__cypress/runner/cypress_runner.js:149934:9)\n    at throwErr (http://localhost:41593/__cypress/runner/cypress_runner.js:149867:11)\n    at Object.throwErrByPath (http://localhost:41593/__cypress/runner/cypress_runner.js:149915:3)\n    at retry (http://localhost:41593/__cypress/runner/cypress_runner.js:144197:19)\n    at onFailFn (http://localhost:41593/__cypress/runner/cypress_runner.js:132448:16)\n    at tryCatcher (http://localhost:41593/__cypress/runner/cypress_runner.js:167415:23)\n    at Promise._settlePromiseFromHandler (http://localhost:41593/__cypress/runner/cypress_runner.js:165351:31)\n    at Promise._settlePromise (http://localhost:41593/__cypress/runner/cypress_runner.js:165408:18)\n    at Promise._settlePromise0 (http://localhost:41593/__cypress/runner/cypress_runner.js:165453:10)\n    at Promise._settlePromises (http://localhost:41593/__cypress/runner/cypress_runner.js:165528:18)\n    at Async../node_modules/bluebird/js/release/async.js.Async._drainQueue (http://localhost:41593/__cypress/runner/cypress_runner.js:162140:16)\n    at Async../node_modules/bluebird/js/release/async.js.Async._drainQueues (http://localhost:41593/__cypress/runner/cypress_runner.js:162150:10)\n    at Async.drainQueues (http://localhost:41593/__cypress/runner/cypress_runner.js:162024:14)",
                "diff": null
              },
              "uuid": "45fb8ac1-202a-4bfb-bf8a-206ccbcd20be",
              "parentUUID": "62ade096-4551-44de-9c4a-666c562c68b8",
              "isHook": false,
              "skipped": false
            },
            {
              "title": "Verifica se a altura do board é 5 quando um valor menor é colocado no input",
              "fullTitle": "11 - Limite o tamanho mínimo e máximo do board. Verifica se a altura do board é 5 quando um valor menor é colocado no input",
              "timedOut": null,
              "duration": 4533,
              "state": "failed",
              "speed": null,
              "pass": false,
              "fail": true,
              "pending": false,
              "context": null,
              "code": "cy.get('#board-size').clear().type(4);\ncy.get('#generate-board').click();\ncy.get('.pixel').should('have.length', 25);",
              "err": {
                "message": "CypressError: Timed out retrying: Expected to find element: '#board-size', but never found it.",
                "estack": "CypressError: Timed out retrying: Expected to find element: '#board-size', but never found it.\n    at cypressErr (http://localhost:41593/__cypress/runner/cypress_runner.js:149934:9)\n    at throwErr (http://localhost:41593/__cypress/runner/cypress_runner.js:149867:11)\n    at Object.throwErrByPath (http://localhost:41593/__cypress/runner/cypress_runner.js:149915:3)\n    at retry (http://localhost:41593/__cypress/runner/cypress_runner.js:144197:19)\n    at onFailFn (http://localhost:41593/__cypress/runner/cypress_runner.js:132448:16)\n    at tryCatcher (http://localhost:41593/__cypress/runner/cypress_runner.js:167415:23)\n    at Promise._settlePromiseFromHandler (http://localhost:41593/__cypress/runner/cypress_runner.js:165351:31)\n    at Promise._settlePromise (http://localhost:41593/__cypress/runner/cypress_runner.js:165408:18)\n    at Promise._settlePromise0 (http://localhost:41593/__cypress/runner/cypress_runner.js:165453:10)\n    at Promise._settlePromises (http://localhost:41593/__cypress/runner/cypress_runner.js:165528:18)\n    at Async../node_modules/bluebird/js/release/async.js.Async._drainQueue (http://localhost:41593/__cypress/runner/cypress_runner.js:162140:16)\n    at Async../node_modules/bluebird/js/release/async.js.Async._drainQueues (http://localhost:41593/__cypress/runner/cypress_runner.js:162150:10)\n    at Async.drainQueues (http://localhost:41593/__cypress/runner/cypress_runner.js:162024:14)",
                "diff": null
              },
              "uuid": "c64dcc3d-6131-4638-b316-22848893f367",
              "parentUUID": "62ade096-4551-44de-9c4a-666c562c68b8",
              "isHook": false,
              "skipped": false
            },
            {
              "title": "Verifica se a altura do board é 50 quando um valor maior é colocado no input",
              "fullTitle": "11 - Limite o tamanho mínimo e máximo do board. Verifica se a altura do board é 50 quando um valor maior é colocado no input",
              "timedOut": null,
              "duration": 4552,
              "state": "failed",
              "speed": null,
              "pass": false,
              "fail": true,
              "pending": false,
              "context": null,
              "code": "cy.get('#board-size').clear().type(51);\ncy.get('#generate-board').click();\ncy.get('.pixel').should('have.length', 2500);",
              "err": {
                "message": "CypressError: Timed out retrying: Expected to find element: '#board-size', but never found it.",
                "estack": "CypressError: Timed out retrying: Expected to find element: '#board-size', but never found it.\n    at cypressErr (http://localhost:41593/__cypress/runner/cypress_runner.js:149934:9)\n    at throwErr (http://localhost:41593/__cypress/runner/cypress_runner.js:149867:11)\n    at Object.throwErrByPath (http://localhost:41593/__cypress/runner/cypress_runner.js:149915:3)\n    at retry (http://localhost:41593/__cypress/runner/cypress_runner.js:144197:19)\n    at onFailFn (http://localhost:41593/__cypress/runner/cypress_runner.js:132448:16)\n    at tryCatcher (http://localhost:41593/__cypress/runner/cypress_runner.js:167415:23)\n    at Promise._settlePromiseFromHandler (http://localhost:41593/__cypress/runner/cypress_runner.js:165351:31)\n    at Promise._settlePromise (http://localhost:41593/__cypress/runner/cypress_runner.js:165408:18)\n    at Promise._settlePromise0 (http://localhost:41593/__cypress/runner/cypress_runner.js:165453:10)\n    at Promise._settlePromises (http://localhost:41593/__cypress/runner/cypress_runner.js:165528:18)\n    at Async../node_modules/bluebird/js/release/async.js.Async._drainQueue (http://localhost:41593/__cypress/runner/cypress_runner.js:162140:16)\n    at Async../node_modules/bluebird/js/release/async.js.Async._drainQueues (http://localhost:41593/__cypress/runner/cypress_runner.js:162150:10)\n    at Async.drainQueues (http://localhost:41593/__cypress/runner/cypress_runner.js:162024:14)",
                "diff": null
              },
              "uuid": "ab48bd66-4d7d-4d95-98a0-05493f65df9b",
              "parentUUID": "62ade096-4551-44de-9c4a-666c562c68b8",
              "isHook": false,
              "skipped": false
            }
          ],
          "suites": [],
          "passes": [],
          "failures": [
            "45fb8ac1-202a-4bfb-bf8a-206ccbcd20be",
            "c64dcc3d-6131-4638-b316-22848893f367",
            "ab48bd66-4d7d-4d95-98a0-05493f65df9b"
          ],
          "pending": [],
          "skipped": [],
          "duration": 13820,
          "root": false,
          "rootEmpty": false,
          "_timeout": 2000
        },
        {
          "uuid": "2e441804-dccc-475a-900e-cd155beefe28",
          "title": "12 - Faça com que as cores da paleta sejam geradas aleatoriamente ao carregar a página.",
          "fullFile": "",
          "file": "",
          "beforeHooks": [],
          "afterHooks": [],
          "tests": [
            {
              "title": "Verifica se as cores geradas na paleta são diferentes a cada carregamento da página",
              "fullTitle": "12 - Faça com que as cores da paleta sejam geradas aleatoriamente ao carregar a página. Verifica se as cores geradas na paleta são diferentes a cada carregamento da página",
              "timedOut": null,
              "duration": 4562,
              "state": "failed",
              "speed": null,
              "pass": false,
              "fail": true,
              "pending": false,
              "context": null,
              "code": "cy.get('.color').then(function (colors) {\n  var currentColors;\n  var previousColors;\n  previousColors = Array.from(colors).map(function (color) {\n    return Cypress.$(color).css('background-color');\n  });\n  for (var i = 0; i < 5; i += 1) {\n    cy.reload();\n    cy.get('.color').then(function (colors) {\n      currentColors = Array.from(colors).map(function (color) {\n        return Cypress.$(color).css('background-color');\n      });\n      expect(currentColors).not.to.deep.equal(previousColors);\n      previousColors = currentColors;\n    });\n  }\n});",
              "err": {
                "message": "CypressError: Timed out retrying: Expected to find element: '.color', but never found it.",
                "estack": "CypressError: Timed out retrying: Expected to find element: '.color', but never found it.\n    at cypressErr (http://localhost:41593/__cypress/runner/cypress_runner.js:149934:9)\n    at throwErr (http://localhost:41593/__cypress/runner/cypress_runner.js:149867:11)\n    at Object.throwErrByPath (http://localhost:41593/__cypress/runner/cypress_runner.js:149915:3)\n    at retry (http://localhost:41593/__cypress/runner/cypress_runner.js:144197:19)\n    at onFailFn (http://localhost:41593/__cypress/runner/cypress_runner.js:132448:16)\n    at tryCatcher (http://localhost:41593/__cypress/runner/cypress_runner.js:167415:23)\n    at Promise._settlePromiseFromHandler (http://localhost:41593/__cypress/runner/cypress_runner.js:165351:31)\n    at Promise._settlePromise (http://localhost:41593/__cypress/runner/cypress_runner.js:165408:18)\n    at Promise._settlePromise0 (http://localhost:41593/__cypress/runner/cypress_runner.js:165453:10)\n    at Promise._settlePromises (http://localhost:41593/__cypress/runner/cypress_runner.js:165528:18)\n    at Async../node_modules/bluebird/js/release/async.js.Async._drainQueue (http://localhost:41593/__cypress/runner/cypress_runner.js:162140:16)\n    at Async../node_modules/bluebird/js/release/async.js.Async._drainQueues (http://localhost:41593/__cypress/runner/cypress_runner.js:162150:10)\n    at Async.drainQueues (http://localhost:41593/__cypress/runner/cypress_runner.js:162024:14)",
                "diff": null
              },
              "uuid": "fca2a602-4475-463b-a307-d39e0143ceb2",
              "parentUUID": "2e441804-dccc-475a-900e-cd155beefe28",
              "isHook": false,
              "skipped": false
            },
            {
              "title": "Verifica se a cor preta ainda está presente e é a primeira na sua paleta de cores",
              "fullTitle": "12 - Faça com que as cores da paleta sejam geradas aleatoriamente ao carregar a página. Verifica se a cor preta ainda está presente e é a primeira na sua paleta de cores",
              "timedOut": null,
              "duration": 4601,
              "state": "failed",
              "speed": null,
              "pass": false,
              "fail": true,
              "pending": false,
              "context": null,
              "code": "cy.get('.color').then(function (colors) {\n  var currentColors;\n  var previousColors;\n  previousColors = Array.from(colors).map(function (color) {\n    return Cypress.$(color).css('background-color');\n  });\n  expect(previousColors[0]).to.eq(BLACK);\n  for (var i = 0; i < 5; i += 1) {\n    cy.reload();\n    cy.get('.color').then(function (colors) {\n      currentColors = Array.from(colors).map(function (color) {\n        return Cypress.$(color).css('background-color');\n      });\n      expect(currentColors[0]).to.eq(BLACK);\n      expect(currentColors).not.to.deep.equal(previousColors);\n      previousColors = currentColors;\n    });\n  }\n});",
              "err": {
                "message": "CypressError: Timed out retrying: Expected to find element: '.color', but never found it.",
                "estack": "CypressError: Timed out retrying: Expected to find element: '.color', but never found it.\n    at cypressErr (http://localhost:41593/__cypress/runner/cypress_runner.js:149934:9)\n    at throwErr (http://localhost:41593/__cypress/runner/cypress_runner.js:149867:11)\n    at Object.throwErrByPath (http://localhost:41593/__cypress/runner/cypress_runner.js:149915:3)\n    at retry (http://localhost:41593/__cypress/runner/cypress_runner.js:144197:19)\n    at onFailFn (http://localhost:41593/__cypress/runner/cypress_runner.js:132448:16)\n    at tryCatcher (http://localhost:41593/__cypress/runner/cypress_runner.js:167415:23)\n    at Promise._settlePromiseFromHandler (http://localhost:41593/__cypress/runner/cypress_runner.js:165351:31)\n    at Promise._settlePromise (http://localhost:41593/__cypress/runner/cypress_runner.js:165408:18)\n    at Promise._settlePromise0 (http://localhost:41593/__cypress/runner/cypress_runner.js:165453:10)\n    at Promise._settlePromises (http://localhost:41593/__cypress/runner/cypress_runner.js:165528:18)\n    at Async../node_modules/bluebird/js/release/async.js.Async._drainQueue (http://localhost:41593/__cypress/runner/cypress_runner.js:162140:16)\n    at Async../node_modules/bluebird/js/release/async.js.Async._drainQueues (http://localhost:41593/__cypress/runner/cypress_runner.js:162150:10)\n    at Async.drainQueues (http://localhost:41593/__cypress/runner/cypress_runner.js:162024:14)",
                "diff": null
              },
              "uuid": "3c91e12c-96c2-48f5-a0ee-a29a4d60c3a0",
              "parentUUID": "2e441804-dccc-475a-900e-cd155beefe28",
              "isHook": false,
              "skipped": false
            }
          ],
          "suites": [],
          "passes": [],
          "failures": [
            "fca2a602-4475-463b-a307-d39e0143ceb2",
            "3c91e12c-96c2-48f5-a0ee-a29a4d60c3a0"
          ],
          "pending": [],
          "skipped": [],
          "duration": 9163,
          "root": false,
          "rootEmpty": false,
          "_timeout": 2000
        }
      ],
      "passes": [],
      "failures": [],
      "pending": [],
      "skipped": [],
      "duration": 0,
      "root": true,
      "rootEmpty": true,
      "_timeout": 2000
    }
  ],
  "meta": {
    "mocha": {
      "version": "7.0.1"
    },
    "mochawesome": {
      "options": {
        "quiet": false,
        "reportFilename": "mochawesome",
        "saveHtml": false,
        "saveJson": true,
        "consoleReporter": "spec",
        "useInlineDiffs": false
      },
      "version": "4.1.0"
    },
    "marge": {
      "options": {
        "id": "default",
        "reportDir": "cypress/reports",
        "overwrite": true,
        "html": false,
        "json": true
      },
      "version": "4.1.0"
    }
  }
}