{
  "stats": {
    "suites": 12,
    "tests": 41,
    "passes": 22,
    "pending": 0,
    "failures": 19,
    "start": "2021-08-23T19:47:55.838Z",
    "end": "2021-08-23T19:49:34.994Z",
    "duration": 99156,
    "testsRegistered": 41,
    "passPercent": 53.65853658536586,
    "pendingPercent": 0,
    "other": 0,
    "hasOther": false,
    "skipped": 0,
    "hasSkipped": false
  },
  "results": [
    {
      "uuid": "3630caf7-1928-4cc2-8623-a84cd621a5b3",
      "title": "",
      "fullFile": "cypress/integration/project.spec.js",
      "file": "cypress/integration/project.spec.js",
      "beforeHooks": [],
      "afterHooks": [],
      "tests": [],
      "suites": [
        {
          "uuid": "edcdf927-b1c1-490d-8ad2-0360c5b30812",
          "title": "1 - Adicione à página o título \"Paleta de Cores\".",
          "fullFile": "",
          "file": "",
          "beforeHooks": [],
          "afterHooks": [],
          "tests": [
            {
              "title": "Verifica se contém um elemento `h1` com o id `title` com o título correto",
              "fullTitle": "1 - Adicione à página o título \"Paleta de Cores\". Verifica se contém um elemento `h1` com o id `title` com o título correto",
              "timedOut": null,
              "duration": 174,
              "state": "passed",
              "speed": "slow",
              "pass": true,
              "fail": false,
              "pending": false,
              "context": null,
              "code": "cy.get('h1#title').should('contain.text', 'Paleta de Cores');",
              "err": {},
              "uuid": "dfbb10f4-3b6a-49d2-a22f-979d364ac731",
              "parentUUID": "edcdf927-b1c1-490d-8ad2-0360c5b30812",
              "isHook": false,
              "skipped": false
            }
          ],
          "suites": [],
          "passes": [
            "dfbb10f4-3b6a-49d2-a22f-979d364ac731"
          ],
          "failures": [],
          "pending": [],
          "skipped": [],
          "duration": 174,
          "root": false,
          "rootEmpty": false,
          "_timeout": 2000
        },
        {
          "uuid": "52830e7e-681d-48bc-934f-f6ecce2d4c1a",
          "title": "2 - Adicione à página uma paleta de quatro cores distintas.",
          "fullFile": "",
          "file": "",
          "beforeHooks": [],
          "afterHooks": [],
          "tests": [
            {
              "title": "A paleta de cores deve ser um elemento com `id` denominado `color-palette`",
              "fullTitle": "2 - Adicione à página uma paleta de quatro cores distintas. A paleta de cores deve ser um elemento com `id` denominado `color-palette`",
              "timedOut": null,
              "duration": 85,
              "state": "passed",
              "speed": "slow",
              "pass": true,
              "fail": false,
              "pending": false,
              "context": null,
              "code": "cy.get('#color-palette').should('be.visible');",
              "err": {},
              "uuid": "a9e15ec7-12e8-4872-b64a-6700b5f5fb0e",
              "parentUUID": "52830e7e-681d-48bc-934f-f6ecce2d4c1a",
              "isHook": false,
              "skipped": false
            },
            {
              "title": "Verifica se cada cor individual da paleta de cores possui a `classe` chamada `color`.",
              "fullTitle": "2 - Adicione à página uma paleta de quatro cores distintas. Verifica se cada cor individual da paleta de cores possui a `classe` chamada `color`.",
              "timedOut": null,
              "duration": 106,
              "state": "passed",
              "speed": "slow",
              "pass": true,
              "fail": false,
              "pending": false,
              "context": null,
              "code": "cy.get('.color').should('have.length', 4).then(function (colors) {\n  for (var i = 0; i < colors.length; i++) {\n    cy.wrap(colors[i]).should('be.visible');\n  }\n});",
              "err": {},
              "uuid": "ce8bcc5b-ddba-4a8a-bf28-e2cfaaaac5f6",
              "parentUUID": "52830e7e-681d-48bc-934f-f6ecce2d4c1a",
              "isHook": false,
              "skipped": false
            },
            {
              "title": "Verifica se a cor de fundo de cada elemento da paleta é a cor que o elemento representa. **A única cor não permitida na paleta é a cor branca.**",
              "fullTitle": "2 - Adicione à página uma paleta de quatro cores distintas. Verifica se a cor de fundo de cada elemento da paleta é a cor que o elemento representa. **A única cor não permitida na paleta é a cor branca.**",
              "timedOut": null,
              "duration": 105,
              "state": "passed",
              "speed": "slow",
              "pass": true,
              "fail": false,
              "pending": false,
              "context": null,
              "code": "cy.get('.color').each(function (color) {\n  cy.wrap(color).should('have.class', 'color').and('not.have.css', 'background-color', WHITE);\n  cy.wrap(color).should('have.css', 'background-color');\n});",
              "err": {},
              "uuid": "2c4f3e04-206d-4a0c-9cfd-812d6d89f1d3",
              "parentUUID": "52830e7e-681d-48bc-934f-f6ecce2d4c1a",
              "isHook": false,
              "skipped": false
            },
            {
              "title": "Verifica se cada elemento da paleta de cores tem uma borda preta, sólida e com 1 pixel de largura;",
              "fullTitle": "2 - Adicione à página uma paleta de quatro cores distintas. Verifica se cada elemento da paleta de cores tem uma borda preta, sólida e com 1 pixel de largura;",
              "timedOut": null,
              "duration": 100,
              "state": "passed",
              "speed": "slow",
              "pass": true,
              "fail": false,
              "pending": false,
              "context": null,
              "code": "cy.get('.color').each(function (color) {\n  cy.wrap(color).and('have.css', 'border', \"1px solid \".concat(BLACK)).and('have.class', 'color');\n});",
              "err": {},
              "uuid": "4a088e02-e5ab-4525-bd1a-82db740b9c1e",
              "parentUUID": "52830e7e-681d-48bc-934f-f6ecce2d4c1a",
              "isHook": false,
              "skipped": false
            },
            {
              "title": "Verifica se a paleta lista todas as cores disponíveis para utilização, lado a lado.",
              "fullTitle": "2 - Adicione à página uma paleta de quatro cores distintas. Verifica se a paleta lista todas as cores disponíveis para utilização, lado a lado.",
              "timedOut": null,
              "duration": 119,
              "state": "passed",
              "speed": "slow",
              "pass": true,
              "fail": false,
              "pending": false,
              "context": null,
              "code": "cy.get('.color').then(function (colors) {\n  for (var index = 1; index < colors.length; index += 1) {\n    var currentColor = colors[index];\n    var previousColor = colors[index - 1];\n    cy.wrap(currentColor).should('be.onTheRightOf', previousColor).and('be.horizontallyAlignedWith', previousColor);\n  }\n});",
              "err": {},
              "uuid": "fefddc28-4662-41da-a7c1-97c950733a8c",
              "parentUUID": "52830e7e-681d-48bc-934f-f6ecce2d4c1a",
              "isHook": false,
              "skipped": false
            },
            {
              "title": "Verifica se a paleta de cores está posicionada abaixo do título 'Paleta de Cores'",
              "fullTitle": "2 - Adicione à página uma paleta de quatro cores distintas. Verifica se a paleta de cores está posicionada abaixo do título 'Paleta de Cores'",
              "timedOut": null,
              "duration": 107,
              "state": "passed",
              "speed": "slow",
              "pass": true,
              "fail": false,
              "pending": false,
              "context": null,
              "code": "cy.get('h1#title').then(function (title) {\n  cy.get('#color-palette').should('be.belowOf', title);\n});",
              "err": {},
              "uuid": "f46d1b9e-7360-405c-b7c3-799725359359",
              "parentUUID": "52830e7e-681d-48bc-934f-f6ecce2d4c1a",
              "isHook": false,
              "skipped": false
            },
            {
              "title": "Verifica se a paleta de cores não contém cores repetidas.",
              "fullTitle": "2 - Adicione à página uma paleta de quatro cores distintas. Verifica se a paleta de cores não contém cores repetidas.",
              "timedOut": null,
              "duration": 96,
              "state": "passed",
              "speed": "slow",
              "pass": true,
              "fail": false,
              "pending": false,
              "context": null,
              "code": "cy.get('.color').then(function (colors) {\n  var allColors = Array.from(colors).map(function (color) {\n    return Cypress.$(color).css('background-color');\n  });\n  cy.log(allColors);\n  var uniqColors = (0, _toConsumableArray2[\"default\"])(new Set(allColors));\n  cy.log(uniqColors);\n  expect(allColors.length).to.eq(uniqColors.length);\n});",
              "err": {},
              "uuid": "4ab3e8e9-0384-44f2-97fd-26ed691ccc34",
              "parentUUID": "52830e7e-681d-48bc-934f-f6ecce2d4c1a",
              "isHook": false,
              "skipped": false
            }
          ],
          "suites": [],
          "passes": [
            "a9e15ec7-12e8-4872-b64a-6700b5f5fb0e",
            "ce8bcc5b-ddba-4a8a-bf28-e2cfaaaac5f6",
            "2c4f3e04-206d-4a0c-9cfd-812d6d89f1d3",
            "4a088e02-e5ab-4525-bd1a-82db740b9c1e",
            "fefddc28-4662-41da-a7c1-97c950733a8c",
            "f46d1b9e-7360-405c-b7c3-799725359359",
            "4ab3e8e9-0384-44f2-97fd-26ed691ccc34"
          ],
          "failures": [],
          "pending": [],
          "skipped": [],
          "duration": 718,
          "root": false,
          "rootEmpty": false,
          "_timeout": 2000
        },
        {
          "uuid": "c0c96699-020e-42d8-84ef-a3d81eaba46b",
          "title": "3 - Adicione a cor **preta** como a primeira cor da paleta de cores.",
          "fullFile": "",
          "file": "",
          "beforeHooks": [],
          "afterHooks": [],
          "tests": [
            {
              "title": "Verifica se a primeira cor da paleta é preta",
              "fullTitle": "3 - Adicione a cor **preta** como a primeira cor da paleta de cores. Verifica se a primeira cor da paleta é preta",
              "timedOut": null,
              "duration": 78,
              "state": "passed",
              "speed": "slow",
              "pass": true,
              "fail": false,
              "pending": false,
              "context": null,
              "code": "cy.get('.color').first().should('have.css', 'background-color', BLACK);",
              "err": {},
              "uuid": "e62868ac-79c2-425f-87aa-ad1512ef0b4b",
              "parentUUID": "c0c96699-020e-42d8-84ef-a3d81eaba46b",
              "isHook": false,
              "skipped": false
            },
            {
              "title": "Verifica se as demais cores podem ser escolhidas livremente.",
              "fullTitle": "3 - Adicione a cor **preta** como a primeira cor da paleta de cores. Verifica se as demais cores podem ser escolhidas livremente.",
              "timedOut": null,
              "duration": 130,
              "state": "passed",
              "speed": "slow",
              "pass": true,
              "fail": false,
              "pending": false,
              "context": null,
              "code": "cy.get('.color').eq(1).should('not.have.css', 'background-color', BLACK);\ncy.get('.color').eq(1).should('not.have.css', 'background-color', WHITE);\ncy.get('.color').eq(1).should('not.have.css', 'background-color', 'rgba(0, 0, 0, 0)');\ncy.get('.color').eq(1).should('have.css', 'background-color');\ncy.get('.color').eq(2).should('not.have.css', 'background-color', BLACK);\ncy.get('.color').eq(2).should('not.have.css', 'background-color', WHITE);\ncy.get('.color').eq(2).should('not.have.css', 'background-color', 'rgba(0, 0, 0, 0)');\ncy.get('.color').eq(2).should('have.css', 'background-color');\ncy.get('.color').eq(3).should('not.have.css', 'background-color', BLACK);\ncy.get('.color').eq(3).should('not.have.css', 'background-color', WHITE);\ncy.get('.color').eq(3).should('not.have.css', 'background-color', 'rgba(0, 0, 0, 0)');\ncy.get('.color').eq(3).should('have.css', 'background-color');",
              "err": {},
              "uuid": "9e568d17-86db-44ee-823b-7210e33c8b4a",
              "parentUUID": "c0c96699-020e-42d8-84ef-a3d81eaba46b",
              "isHook": false,
              "skipped": false
            }
          ],
          "suites": [],
          "passes": [
            "e62868ac-79c2-425f-87aa-ad1512ef0b4b",
            "9e568d17-86db-44ee-823b-7210e33c8b4a"
          ],
          "failures": [],
          "pending": [],
          "skipped": [],
          "duration": 208,
          "root": false,
          "rootEmpty": false,
          "_timeout": 2000
        },
        {
          "uuid": "68f60d85-a4a0-4057-bc8b-140907c9a817",
          "title": "4 - Adicione à página um quadro de pixels, com 25 pixels.",
          "fullFile": "",
          "file": "",
          "beforeHooks": [],
          "afterHooks": [],
          "tests": [
            {
              "title": "Verifica se o quadro de pixels possui o `id` denominado `pixel-board`",
              "fullTitle": "4 - Adicione à página um quadro de pixels, com 25 pixels. Verifica se o quadro de pixels possui o `id` denominado `pixel-board`",
              "timedOut": null,
              "duration": 86,
              "state": "passed",
              "speed": "slow",
              "pass": true,
              "fail": false,
              "pending": false,
              "context": null,
              "code": "cy.get('#pixel-board').should('be.visible');",
              "err": {},
              "uuid": "f982b527-672a-40a4-8857-93d153e73838",
              "parentUUID": "68f60d85-a4a0-4057-bc8b-140907c9a817",
              "isHook": false,
              "skipped": false
            },
            {
              "title": "Verifica se cada pixel individual dentro do quadro possui a `classe` denominada `pixel`.",
              "fullTitle": "4 - Adicione à página um quadro de pixels, com 25 pixels. Verifica se cada pixel individual dentro do quadro possui a `classe` denominada `pixel`.",
              "timedOut": null,
              "duration": 103,
              "state": "passed",
              "speed": "slow",
              "pass": true,
              "fail": false,
              "pending": false,
              "context": null,
              "code": "cy.get('.pixel').should('have.length', 25);",
              "err": {},
              "uuid": "5409fea9-35a7-4929-b576-caf600936785",
              "parentUUID": "68f60d85-a4a0-4057-bc8b-140907c9a817",
              "isHook": false,
              "skipped": false
            },
            {
              "title": "Verifica se a cor inicial dos pixels dentro do quadro, ao abrir a página, é branca.",
              "fullTitle": "4 - Adicione à página um quadro de pixels, com 25 pixels. Verifica se a cor inicial dos pixels dentro do quadro, ao abrir a página, é branca.",
              "timedOut": null,
              "duration": 144,
              "state": "passed",
              "speed": "slow",
              "pass": true,
              "fail": false,
              "pending": false,
              "context": null,
              "code": "cy.get('.pixel').should('have.length', 25).each(function (pixel) {\n  expect(pixel).to.have.css('background-color', WHITE);\n});",
              "err": {},
              "uuid": "44743f9d-8591-4a71-bc28-d1bb335eabb0",
              "parentUUID": "68f60d85-a4a0-4057-bc8b-140907c9a817",
              "isHook": false,
              "skipped": false
            },
            {
              "title": "Verifica se o quadro de pixels aparece abaixo da paleta de cores",
              "fullTitle": "4 - Adicione à página um quadro de pixels, com 25 pixels. Verifica se o quadro de pixels aparece abaixo da paleta de cores",
              "timedOut": null,
              "duration": 80,
              "state": "passed",
              "speed": "slow",
              "pass": true,
              "fail": false,
              "pending": false,
              "context": null,
              "code": "cy.get('#color-palette').then(function (palette) {\n  cy.get('#pixel-board').should('be.belowOf', palette);\n});",
              "err": {},
              "uuid": "78604058-c84f-4943-9df7-91f9b248d491",
              "parentUUID": "68f60d85-a4a0-4057-bc8b-140907c9a817",
              "isHook": false,
              "skipped": false
            }
          ],
          "suites": [],
          "passes": [
            "f982b527-672a-40a4-8857-93d153e73838",
            "5409fea9-35a7-4929-b576-caf600936785",
            "44743f9d-8591-4a71-bc28-d1bb335eabb0",
            "78604058-c84f-4943-9df7-91f9b248d491"
          ],
          "failures": [],
          "pending": [],
          "skipped": [],
          "duration": 413,
          "root": false,
          "rootEmpty": false,
          "_timeout": 2000
        },
        {
          "uuid": "514baed6-5a09-494d-ad7e-bc4e01c853cc",
          "title": "5 - Faça com que cada elemento do quadro de pixels possua 40 pixels de largura, 40 pixels de altura e seja delimitado por uma borda preta de 1 pixel.",
          "fullFile": "",
          "file": "",
          "beforeHooks": [],
          "afterHooks": [],
          "tests": [
            {
              "title": "Verifica se o quadro de pixels tem altura e comprimento de 5 elementos",
              "fullTitle": "5 - Faça com que cada elemento do quadro de pixels possua 40 pixels de largura, 40 pixels de altura e seja delimitado por uma borda preta de 1 pixel. Verifica se o quadro de pixels tem altura e comprimento de 5 elementos",
              "timedOut": null,
              "duration": 321,
              "state": "passed",
              "speed": "slow",
              "pass": true,
              "fail": false,
              "pending": false,
              "context": null,
              "code": "cy.get('.pixel').should('have.length', 25).each(function (pixel) {\n  expect(pixel).to.have.css('background-color', WHITE);\n}).and(function (pixels) {\n  var rows = chunk(pixels, 5);\n  rows.forEach(function (row) {\n    for (var index = 1; index < row.length; index += 1) {\n      var current = pixels[index];\n      var previous = pixels[index - 1];\n      cy.wrap(current).should('be.onTheRightOf', previous).and('be.horizontallyAlignedWith', previous);\n    }\n  });\n  for (var index = 1; index < 5; index += 1) {\n    expect(pixels[index * 5]).to.be.belowOf(pixels[(index - 1) * 5]);\n  }\n});",
              "err": {},
              "uuid": "5c927987-b06b-49f6-9000-da55b4fb583e",
              "parentUUID": "514baed6-5a09-494d-ad7e-bc4e01c853cc",
              "isHook": false,
              "skipped": false
            },
            {
              "title": "Verifica se 40 pixels é o tamanho total do elemento, incluindo seu conteúdo e excluindo a borda preta, que deve ser criada à parte.",
              "fullTitle": "5 - Faça com que cada elemento do quadro de pixels possua 40 pixels de largura, 40 pixels de altura e seja delimitado por uma borda preta de 1 pixel. Verifica se 40 pixels é o tamanho total do elemento, incluindo seu conteúdo e excluindo a borda preta, que deve ser criada à parte.",
              "timedOut": null,
              "duration": 258,
              "state": "passed",
              "speed": "slow",
              "pass": true,
              "fail": false,
              "pending": false,
              "context": null,
              "code": "cy.get('.pixel').each(function (pixel) {\n  cy.wrap(pixel).should('have.css', 'height', '40px').and('have.css', 'width', '40px').and('have.css', 'border', \"1px solid \".concat(BLACK));\n});",
              "err": {},
              "uuid": "f3749f90-9050-4f1d-9452-21b1d8100442",
              "parentUUID": "514baed6-5a09-494d-ad7e-bc4e01c853cc",
              "isHook": false,
              "skipped": false
            }
          ],
          "suites": [],
          "passes": [
            "5c927987-b06b-49f6-9000-da55b4fb583e",
            "f3749f90-9050-4f1d-9452-21b1d8100442"
          ],
          "failures": [],
          "pending": [],
          "skipped": [],
          "duration": 579,
          "root": false,
          "rootEmpty": false,
          "_timeout": 2000
        },
        {
          "uuid": "a5b5c8e1-0746-425c-b7d1-8bf6dc3291a2",
          "title": "6 - Defina a cor preta como cor inicial. Ao carregar a página a cor preta já deve estar selecionada para pintar os pixels",
          "fullFile": "",
          "file": "",
          "beforeHooks": [],
          "afterHooks": [],
          "tests": [
            {
              "title": "Verifica se o elemento da cor preta possui, inicialmente, a `classe` `selected`",
              "fullTitle": "6 - Defina a cor preta como cor inicial. Ao carregar a página a cor preta já deve estar selecionada para pintar os pixels Verifica se o elemento da cor preta possui, inicialmente, a `classe` `selected`",
              "timedOut": null,
              "duration": 83,
              "state": "passed",
              "speed": "slow",
              "pass": true,
              "fail": false,
              "pending": false,
              "context": null,
              "code": "cy.get('.selected').first().should('have.css', 'background-color', BLACK);",
              "err": {},
              "uuid": "fae1fd89-c24d-4b2f-9c91-73aa9224f536",
              "parentUUID": "a5b5c8e1-0746-425c-b7d1-8bf6dc3291a2",
              "isHook": false,
              "skipped": false
            },
            {
              "title": "Verifica se nenhuma outra cor da paleta tem a `classe` `selected`",
              "fullTitle": "6 - Defina a cor preta como cor inicial. Ao carregar a página a cor preta já deve estar selecionada para pintar os pixels Verifica se nenhuma outra cor da paleta tem a `classe` `selected`",
              "timedOut": null,
              "duration": 58,
              "state": "passed",
              "speed": "medium",
              "pass": true,
              "fail": false,
              "pending": false,
              "context": null,
              "code": "cy.get('.color:not(:first-child)').each(function (color) {\n  cy.wrap(color).should('not.have.class', 'selected');\n});",
              "err": {},
              "uuid": "db9dcf21-5205-45e9-a068-ae7354f7e2d7",
              "parentUUID": "a5b5c8e1-0746-425c-b7d1-8bf6dc3291a2",
              "isHook": false,
              "skipped": false
            }
          ],
          "suites": [],
          "passes": [
            "fae1fd89-c24d-4b2f-9c91-73aa9224f536",
            "db9dcf21-5205-45e9-a068-ae7354f7e2d7"
          ],
          "failures": [],
          "pending": [],
          "skipped": [],
          "duration": 141,
          "root": false,
          "rootEmpty": false,
          "_timeout": 2000
        },
        {
          "uuid": "ae2693f7-8f4f-408b-bb34-c78aec2537b8",
          "title": "7 - Clicar em uma das cores da paleta, faz com que ela seja selecionada e utilizada para preencher os pixels no quadro.",
          "fullFile": "",
          "file": "",
          "beforeHooks": [],
          "afterHooks": [],
          "tests": [
            {
              "title": "Verifica se somente uma cor da paleta de cores tem a classe `selected` de cada vez",
              "fullTitle": "7 - Clicar em uma das cores da paleta, faz com que ela seja selecionada e utilizada para preencher os pixels no quadro. Verifica se somente uma cor da paleta de cores tem a classe `selected` de cada vez",
              "timedOut": null,
              "duration": 430,
              "state": "passed",
              "speed": "slow",
              "pass": true,
              "fail": false,
              "pending": false,
              "context": null,
              "code": "cy.get('.color').each(function (selectedColor, selectedColorIndex) {\n  cy.wrap(selectedColor).click();\n  cy.get('.color').each(function (color, colorIndex) {\n    if (colorIndex === selectedColorIndex) {\n      expect(color).to.have[\"class\"]('selected');\n    } else {\n      expect(color).not.to.have[\"class\"]('selected');\n    }\n  });\n});",
              "err": {},
              "uuid": "38de1261-c309-40a6-8cd9-6097b5669882",
              "parentUUID": "ae2693f7-8f4f-408b-bb34-c78aec2537b8",
              "isHook": false,
              "skipped": false
            },
            {
              "title": "Verifica se os pixels dentro do quadro não têm a classe `selected` quando são clicados",
              "fullTitle": "7 - Clicar em uma das cores da paleta, faz com que ela seja selecionada e utilizada para preencher os pixels no quadro. Verifica se os pixels dentro do quadro não têm a classe `selected` quando são clicados",
              "timedOut": null,
              "duration": 8270,
              "state": "passed",
              "speed": "slow",
              "pass": true,
              "fail": false,
              "pending": false,
              "context": null,
              "code": "cy.get('.color').each(function (color) {\n  var backgroundColor = color.css('background-color');\n  cy.wrap(color).click();\n  cy.get('.pixel').each(function (pixel) {\n    cy.wrap(pixel).click().should('not.have.class', 'selected');\n  });\n});",
              "err": {},
              "uuid": "e7fd9264-4133-40c3-8964-32df962d2893",
              "parentUUID": "ae2693f7-8f4f-408b-bb34-c78aec2537b8",
              "isHook": false,
              "skipped": false
            }
          ],
          "suites": [],
          "passes": [
            "38de1261-c309-40a6-8cd9-6097b5669882",
            "e7fd9264-4133-40c3-8964-32df962d2893"
          ],
          "failures": [],
          "pending": [],
          "skipped": [],
          "duration": 8700,
          "root": false,
          "rootEmpty": false,
          "_timeout": 2000
        },
        {
          "uuid": "9ea043cb-80c2-46ab-be19-72ea11ad3c0e",
          "title": "8 - Clicar em um pixel dentro do quadro após selecionar uma cor na paleta, faz com que o pixel seja preenchido com a cor selecionada.",
          "fullFile": "",
          "file": "",
          "beforeHooks": [],
          "afterHooks": [],
          "tests": [
            {
              "title": "Verifica se ao carregar a página deve ser possível pintar os pixels de preto",
              "fullTitle": "8 - Clicar em um pixel dentro do quadro após selecionar uma cor na paleta, faz com que o pixel seja preenchido com a cor selecionada. Verifica se ao carregar a página deve ser possível pintar os pixels de preto",
              "timedOut": null,
              "duration": 4505,
              "state": "failed",
              "speed": null,
              "pass": false,
              "fail": true,
              "pending": false,
              "context": null,
              "code": "cy.get('.pixel').each(function (pixel) {\n  cy.wrap(pixel).click().should('have.css', 'background-color', BLACK);\n});",
              "err": {
                "message": "CypressError: Timed out retrying: expected '<div.pixel>' to have CSS property 'background-color' with the value 'rgb(0, 0, 0)', but the value was 'rgb(255, 255, 255)'",
                "estack": "CypressError: Timed out retrying: expected '<div.pixel>' to have CSS property 'background-color' with the value 'rgb(0, 0, 0)', but the value was 'rgb(255, 255, 255)'\n    at cypressErr (http://localhost:54919/__cypress/runner/cypress_runner.js:149934:9)\n    at throwErr (http://localhost:54919/__cypress/runner/cypress_runner.js:149867:11)\n    at Object.throwErrByPath (http://localhost:54919/__cypress/runner/cypress_runner.js:149915:3)\n    at retry (http://localhost:54919/__cypress/runner/cypress_runner.js:144197:19)\n    at onFailFn (http://localhost:54919/__cypress/runner/cypress_runner.js:132448:16)\n    at tryCatcher (http://localhost:54919/__cypress/runner/cypress_runner.js:167415:23)\n    at Promise._settlePromiseFromHandler (http://localhost:54919/__cypress/runner/cypress_runner.js:165351:31)\n    at Promise._settlePromise (http://localhost:54919/__cypress/runner/cypress_runner.js:165408:18)\n    at Promise._settlePromise0 (http://localhost:54919/__cypress/runner/cypress_runner.js:165453:10)\n    at Promise._settlePromises (http://localhost:54919/__cypress/runner/cypress_runner.js:165528:18)\n    at Async../node_modules/bluebird/js/release/async.js.Async._drainQueue (http://localhost:54919/__cypress/runner/cypress_runner.js:162140:16)\n    at Async../node_modules/bluebird/js/release/async.js.Async._drainQueues (http://localhost:54919/__cypress/runner/cypress_runner.js:162150:10)\n    at Async.drainQueues (http://localhost:54919/__cypress/runner/cypress_runner.js:162024:14)",
                "diff": null
              },
              "uuid": "e55d5937-1af9-4c2a-89be-f0d36e6f9b4f",
              "parentUUID": "9ea043cb-80c2-46ab-be19-72ea11ad3c0e",
              "isHook": false,
              "skipped": false
            },
            {
              "title": "Verifica se após selecionar uma outra cor na paleta, é possível pintar os pixels com essa cor",
              "fullTitle": "8 - Clicar em um pixel dentro do quadro após selecionar uma cor na paleta, faz com que o pixel seja preenchido com a cor selecionada. Verifica se após selecionar uma outra cor na paleta, é possível pintar os pixels com essa cor",
              "timedOut": null,
              "duration": 8141,
              "state": "passed",
              "speed": "slow",
              "pass": true,
              "fail": false,
              "pending": false,
              "context": null,
              "code": "cy.get('.color').each(function (color) {\n  var backgroundColor = color.css('background-color');\n  cy.wrap(color).click();\n  cy.get('.pixel').each(function (pixel) {\n    cy.wrap(pixel).click().should('have.css', 'background-color', backgroundColor);\n  });\n});",
              "err": {},
              "uuid": "c70c1806-f55a-4626-b138-093a22f40d01",
              "parentUUID": "9ea043cb-80c2-46ab-be19-72ea11ad3c0e",
              "isHook": false,
              "skipped": false
            },
            {
              "title": "Verifica se somente o pixel que foi clicado foi preenchido com a cor selecionada, sem influenciar na cor dos demais pixels.",
              "fullTitle": "8 - Clicar em um pixel dentro do quadro após selecionar uma cor na paleta, faz com que o pixel seja preenchido com a cor selecionada. Verifica se somente o pixel que foi clicado foi preenchido com a cor selecionada, sem influenciar na cor dos demais pixels.",
              "timedOut": null,
              "duration": 1122,
              "state": "passed",
              "speed": "slow",
              "pass": true,
              "fail": false,
              "pending": false,
              "context": null,
              "code": "var colorToPixelIndexMap = {\n  0: 6,\n  1: 8,\n  2: 16,\n  3: 18\n};\ncy.get('.color').each(function (color, index) {\n  cy.wrap(color).click();\n  var backgroundColor = color.css('background-color');\n  var clickedPixelIndex = colorToPixelIndexMap[index];\n  cy.get('.pixel').eq(clickedPixelIndex).click();\n  cy.get('.pixel').eq(clickedPixelIndex - 1).should('not.have.css', 'background-color', backgroundColor);\n  cy.get('.pixel').eq(clickedPixelIndex + 1).should('not.have.css', 'background-color', backgroundColor);\n  cy.get('.pixel').eq(clickedPixelIndex - 5).should('not.have.css', 'background-color', backgroundColor);\n  cy.get('.pixel').eq(clickedPixelIndex + 5).should('not.have.css', 'background-color', backgroundColor);\n  cy.get('.pixel').eq(clickedPixelIndex - 6).should('not.have.css', 'background-color', backgroundColor);\n  cy.get('.pixel').eq(clickedPixelIndex - 4).should('not.have.css', 'background-color', backgroundColor);\n  cy.get('.pixel').eq(clickedPixelIndex + 4).should('not.have.css', 'background-color', backgroundColor);\n  cy.get('.pixel').eq(clickedPixelIndex + 6).should('not.have.css', 'background-color', backgroundColor);\n});",
              "err": {},
              "uuid": "3da1101d-b2ea-47ed-9e8a-a14f85b48c53",
              "parentUUID": "9ea043cb-80c2-46ab-be19-72ea11ad3c0e",
              "isHook": false,
              "skipped": false
            }
          ],
          "suites": [],
          "passes": [
            "c70c1806-f55a-4626-b138-093a22f40d01",
            "3da1101d-b2ea-47ed-9e8a-a14f85b48c53"
          ],
          "failures": [
            "e55d5937-1af9-4c2a-89be-f0d36e6f9b4f"
          ],
          "pending": [],
          "skipped": [],
          "duration": 13768,
          "root": false,
          "rootEmpty": false,
          "_timeout": 2000
        },
        {
          "uuid": "1586ae5f-e16a-49ae-bda2-207c3695c42d",
          "title": "9 - Crie um botão que, ao ser clicado, limpa o quadro preenchendo a cor de todos seus pixels com branco.",
          "fullFile": "",
          "file": "",
          "beforeHooks": [],
          "afterHooks": [],
          "tests": [
            {
              "title": "Verifica se o botão tem o `id` denominado `clear-board`",
              "fullTitle": "9 - Crie um botão que, ao ser clicado, limpa o quadro preenchendo a cor de todos seus pixels com branco. Verifica se o botão tem o `id` denominado `clear-board`",
              "timedOut": null,
              "duration": 4399,
              "state": "failed",
              "speed": null,
              "pass": false,
              "fail": true,
              "pending": false,
              "context": null,
              "code": "cy.get('#clear-board').should('be.visible');",
              "err": {
                "message": "CypressError: Timed out retrying: Expected to find element: '#clear-board', but never found it.",
                "estack": "CypressError: Timed out retrying: Expected to find element: '#clear-board', but never found it.\n    at cypressErr (http://localhost:54919/__cypress/runner/cypress_runner.js:149934:9)\n    at throwErr (http://localhost:54919/__cypress/runner/cypress_runner.js:149867:11)\n    at Object.throwErrByPath (http://localhost:54919/__cypress/runner/cypress_runner.js:149915:3)\n    at retry (http://localhost:54919/__cypress/runner/cypress_runner.js:144197:19)\n    at onFailFn (http://localhost:54919/__cypress/runner/cypress_runner.js:132448:16)\n    at tryCatcher (http://localhost:54919/__cypress/runner/cypress_runner.js:167415:23)\n    at Promise._settlePromiseFromHandler (http://localhost:54919/__cypress/runner/cypress_runner.js:165351:31)\n    at Promise._settlePromise (http://localhost:54919/__cypress/runner/cypress_runner.js:165408:18)\n    at Promise._settlePromise0 (http://localhost:54919/__cypress/runner/cypress_runner.js:165453:10)\n    at Promise._settlePromises (http://localhost:54919/__cypress/runner/cypress_runner.js:165528:18)\n    at Async../node_modules/bluebird/js/release/async.js.Async._drainQueue (http://localhost:54919/__cypress/runner/cypress_runner.js:162140:16)\n    at Async../node_modules/bluebird/js/release/async.js.Async._drainQueues (http://localhost:54919/__cypress/runner/cypress_runner.js:162150:10)\n    at Async.drainQueues (http://localhost:54919/__cypress/runner/cypress_runner.js:162024:14)",
                "diff": null
              },
              "uuid": "8d24a616-7a94-4837-a9c3-35a68c42a7cc",
              "parentUUID": "1586ae5f-e16a-49ae-bda2-207c3695c42d",
              "isHook": false,
              "skipped": false
            },
            {
              "title": "Verifica se o botão está posicionado entre a paleta de cores e o quadro de pixels",
              "fullTitle": "9 - Crie um botão que, ao ser clicado, limpa o quadro preenchendo a cor de todos seus pixels com branco. Verifica se o botão está posicionado entre a paleta de cores e o quadro de pixels",
              "timedOut": null,
              "duration": 4384,
              "state": "failed",
              "speed": null,
              "pass": false,
              "fail": true,
              "pending": false,
              "context": null,
              "code": "cy.get('#color-palette').then(function (palette) {\n  cy.get('#clear-board').should('be.belowOf', palette);\n});\ncy.get('#clear-board').then(function (clearBtn) {\n  cy.get('#pixel-board').should('be.belowOf', clearBtn);\n});",
              "err": {
                "message": "CypressError: Timed out retrying: Expected to find element: '#clear-board', but never found it.",
                "estack": "CypressError: Timed out retrying: Expected to find element: '#clear-board', but never found it.\n    at cypressErr (http://localhost:54919/__cypress/runner/cypress_runner.js:149934:9)\n    at throwErr (http://localhost:54919/__cypress/runner/cypress_runner.js:149867:11)\n    at Object.throwErrByPath (http://localhost:54919/__cypress/runner/cypress_runner.js:149915:3)\n    at retry (http://localhost:54919/__cypress/runner/cypress_runner.js:144197:19)\n    at onFailFn (http://localhost:54919/__cypress/runner/cypress_runner.js:132448:16)\n    at tryCatcher (http://localhost:54919/__cypress/runner/cypress_runner.js:167415:23)\n    at Promise._settlePromiseFromHandler (http://localhost:54919/__cypress/runner/cypress_runner.js:165351:31)\n    at Promise._settlePromise (http://localhost:54919/__cypress/runner/cypress_runner.js:165408:18)\n    at Promise._settlePromise0 (http://localhost:54919/__cypress/runner/cypress_runner.js:165453:10)\n    at Promise._settlePromises (http://localhost:54919/__cypress/runner/cypress_runner.js:165528:18)\n    at Async../node_modules/bluebird/js/release/async.js.Async._drainQueue (http://localhost:54919/__cypress/runner/cypress_runner.js:162140:16)\n    at Async../node_modules/bluebird/js/release/async.js.Async._drainQueues (http://localhost:54919/__cypress/runner/cypress_runner.js:162150:10)\n    at Async.drainQueues (http://localhost:54919/__cypress/runner/cypress_runner.js:162024:14)",
                "diff": null
              },
              "uuid": "a580afbd-442d-49d3-af0e-b460ced37e88",
              "parentUUID": "1586ae5f-e16a-49ae-bda2-207c3695c42d",
              "isHook": false,
              "skipped": false
            },
            {
              "title": "Verifica se o texto do botão é 'Limpar'",
              "fullTitle": "9 - Crie um botão que, ao ser clicado, limpa o quadro preenchendo a cor de todos seus pixels com branco. Verifica se o texto do botão é 'Limpar'",
              "timedOut": null,
              "duration": 4396,
              "state": "failed",
              "speed": null,
              "pass": false,
              "fail": true,
              "pending": false,
              "context": null,
              "code": "cy.get('#clear-board').should('contain.text', 'Limpar');",
              "err": {
                "message": "CypressError: Timed out retrying: Expected to find element: '#clear-board', but never found it.",
                "estack": "CypressError: Timed out retrying: Expected to find element: '#clear-board', but never found it.\n    at cypressErr (http://localhost:54919/__cypress/runner/cypress_runner.js:149934:9)\n    at throwErr (http://localhost:54919/__cypress/runner/cypress_runner.js:149867:11)\n    at Object.throwErrByPath (http://localhost:54919/__cypress/runner/cypress_runner.js:149915:3)\n    at retry (http://localhost:54919/__cypress/runner/cypress_runner.js:144197:19)\n    at onFailFn (http://localhost:54919/__cypress/runner/cypress_runner.js:132448:16)\n    at tryCatcher (http://localhost:54919/__cypress/runner/cypress_runner.js:167415:23)\n    at Promise._settlePromiseFromHandler (http://localhost:54919/__cypress/runner/cypress_runner.js:165351:31)\n    at Promise._settlePromise (http://localhost:54919/__cypress/runner/cypress_runner.js:165408:18)\n    at Promise._settlePromise0 (http://localhost:54919/__cypress/runner/cypress_runner.js:165453:10)\n    at Promise._settlePromises (http://localhost:54919/__cypress/runner/cypress_runner.js:165528:18)\n    at Async../node_modules/bluebird/js/release/async.js.Async._drainQueue (http://localhost:54919/__cypress/runner/cypress_runner.js:162140:16)\n    at Async../node_modules/bluebird/js/release/async.js.Async._drainQueues (http://localhost:54919/__cypress/runner/cypress_runner.js:162150:10)\n    at Async.drainQueues (http://localhost:54919/__cypress/runner/cypress_runner.js:162024:14)",
                "diff": null
              },
              "uuid": "e2ffc759-6eb0-4501-8f4d-1c344dd8cabb",
              "parentUUID": "1586ae5f-e16a-49ae-bda2-207c3695c42d",
              "isHook": false,
              "skipped": false
            },
            {
              "title": "Verifica se ao clicar no botão, o quadro de pixels é totalmente preenchido de branco",
              "fullTitle": "9 - Crie um botão que, ao ser clicado, limpa o quadro preenchendo a cor de todos seus pixels com branco. Verifica se ao clicar no botão, o quadro de pixels é totalmente preenchido de branco",
              "timedOut": null,
              "duration": 6481,
              "state": "failed",
              "speed": null,
              "pass": false,
              "fail": true,
              "pending": false,
              "context": null,
              "code": "cy.get('.color').eq(1).then(function (color) {\n  var backgroundColor = color.css('background-color');\n  cy.wrap(color).click();\n  cy.get('.pixel').each(function (pixel) {\n    cy.wrap(pixel).click().should('have.css', 'background-color', backgroundColor);\n  });\n});\ncy.get('#clear-board').click();\ncy.get('.pixel').each(function (pixel) {\n  cy.wrap(pixel).should('have.css', 'background-color', WHITE);\n});",
              "err": {
                "message": "CypressError: Timed out retrying: Expected to find element: '#clear-board', but never found it.",
                "estack": "CypressError: Timed out retrying: Expected to find element: '#clear-board', but never found it.\n    at cypressErr (http://localhost:54919/__cypress/runner/cypress_runner.js:149934:9)\n    at throwErr (http://localhost:54919/__cypress/runner/cypress_runner.js:149867:11)\n    at Object.throwErrByPath (http://localhost:54919/__cypress/runner/cypress_runner.js:149915:3)\n    at retry (http://localhost:54919/__cypress/runner/cypress_runner.js:144197:19)\n    at onFailFn (http://localhost:54919/__cypress/runner/cypress_runner.js:132448:16)\n    at tryCatcher (http://localhost:54919/__cypress/runner/cypress_runner.js:167415:23)\n    at Promise._settlePromiseFromHandler (http://localhost:54919/__cypress/runner/cypress_runner.js:165351:31)\n    at Promise._settlePromise (http://localhost:54919/__cypress/runner/cypress_runner.js:165408:18)\n    at Promise._settlePromise0 (http://localhost:54919/__cypress/runner/cypress_runner.js:165453:10)\n    at Promise._settlePromises (http://localhost:54919/__cypress/runner/cypress_runner.js:165528:18)\n    at Async../node_modules/bluebird/js/release/async.js.Async._drainQueue (http://localhost:54919/__cypress/runner/cypress_runner.js:162140:16)\n    at Async../node_modules/bluebird/js/release/async.js.Async._drainQueues (http://localhost:54919/__cypress/runner/cypress_runner.js:162150:10)\n    at Async.drainQueues (http://localhost:54919/__cypress/runner/cypress_runner.js:162024:14)",
                "diff": null
              },
              "uuid": "1b93d439-e095-4172-a3a0-65d44eb00e1d",
              "parentUUID": "1586ae5f-e16a-49ae-bda2-207c3695c42d",
              "isHook": false,
              "skipped": false
            }
          ],
          "suites": [],
          "passes": [],
          "failures": [
            "8d24a616-7a94-4837-a9c3-35a68c42a7cc",
            "a580afbd-442d-49d3-af0e-b460ced37e88",
            "e2ffc759-6eb0-4501-8f4d-1c344dd8cabb",
            "1b93d439-e095-4172-a3a0-65d44eb00e1d"
          ],
          "pending": [],
          "skipped": [],
          "duration": 19660,
          "root": false,
          "rootEmpty": false,
          "_timeout": 2000
        },
        {
          "uuid": "d7f95ddd-d435-4b62-a22e-6c01353579e9",
          "title": "10 - Faça o quadro de pixels ter seu tamanho definido pelo usuário.",
          "fullFile": "",
          "file": "",
          "beforeHooks": [],
          "afterHooks": [],
          "tests": [
            {
              "title": "Verifica se existe um input com o id `board-size`",
              "fullTitle": "10 - Faça o quadro de pixels ter seu tamanho definido pelo usuário. Verifica se existe um input com o id `board-size`",
              "timedOut": null,
              "duration": 4430,
              "state": "failed",
              "speed": null,
              "pass": false,
              "fail": true,
              "pending": false,
              "context": null,
              "code": "cy.get('#board-size').should('be.visible');",
              "err": {
                "message": "CypressError: Timed out retrying: Expected to find element: '#board-size', but never found it.",
                "estack": "CypressError: Timed out retrying: Expected to find element: '#board-size', but never found it.\n    at cypressErr (http://localhost:54919/__cypress/runner/cypress_runner.js:149934:9)\n    at throwErr (http://localhost:54919/__cypress/runner/cypress_runner.js:149867:11)\n    at Object.throwErrByPath (http://localhost:54919/__cypress/runner/cypress_runner.js:149915:3)\n    at retry (http://localhost:54919/__cypress/runner/cypress_runner.js:144197:19)\n    at onFailFn (http://localhost:54919/__cypress/runner/cypress_runner.js:132448:16)\n    at tryCatcher (http://localhost:54919/__cypress/runner/cypress_runner.js:167415:23)\n    at Promise._settlePromiseFromHandler (http://localhost:54919/__cypress/runner/cypress_runner.js:165351:31)\n    at Promise._settlePromise (http://localhost:54919/__cypress/runner/cypress_runner.js:165408:18)\n    at Promise._settlePromise0 (http://localhost:54919/__cypress/runner/cypress_runner.js:165453:10)\n    at Promise._settlePromises (http://localhost:54919/__cypress/runner/cypress_runner.js:165528:18)\n    at Async../node_modules/bluebird/js/release/async.js.Async._drainQueue (http://localhost:54919/__cypress/runner/cypress_runner.js:162140:16)\n    at Async../node_modules/bluebird/js/release/async.js.Async._drainQueues (http://localhost:54919/__cypress/runner/cypress_runner.js:162150:10)\n    at Async.drainQueues (http://localhost:54919/__cypress/runner/cypress_runner.js:162024:14)",
                "diff": null
              },
              "uuid": "c91f403e-e744-4e0f-8a0a-d5fc3793d065",
              "parentUUID": "d7f95ddd-d435-4b62-a22e-6c01353579e9",
              "isHook": false,
              "skipped": false
            },
            {
              "title": "Verifica se existe um botão com o id `generate-board`",
              "fullTitle": "10 - Faça o quadro de pixels ter seu tamanho definido pelo usuário. Verifica se existe um botão com o id `generate-board`",
              "timedOut": null,
              "duration": 4386,
              "state": "failed",
              "speed": null,
              "pass": false,
              "fail": true,
              "pending": false,
              "context": null,
              "code": "cy.get('#generate-board').should('be.visible');",
              "err": {
                "message": "CypressError: Timed out retrying: Expected to find element: '#generate-board', but never found it.",
                "estack": "CypressError: Timed out retrying: Expected to find element: '#generate-board', but never found it.\n    at cypressErr (http://localhost:54919/__cypress/runner/cypress_runner.js:149934:9)\n    at throwErr (http://localhost:54919/__cypress/runner/cypress_runner.js:149867:11)\n    at Object.throwErrByPath (http://localhost:54919/__cypress/runner/cypress_runner.js:149915:3)\n    at retry (http://localhost:54919/__cypress/runner/cypress_runner.js:144197:19)\n    at onFailFn (http://localhost:54919/__cypress/runner/cypress_runner.js:132448:16)\n    at tryCatcher (http://localhost:54919/__cypress/runner/cypress_runner.js:167415:23)\n    at Promise._settlePromiseFromHandler (http://localhost:54919/__cypress/runner/cypress_runner.js:165351:31)\n    at Promise._settlePromise (http://localhost:54919/__cypress/runner/cypress_runner.js:165408:18)\n    at Promise._settlePromise0 (http://localhost:54919/__cypress/runner/cypress_runner.js:165453:10)\n    at Promise._settlePromises (http://localhost:54919/__cypress/runner/cypress_runner.js:165528:18)\n    at Async../node_modules/bluebird/js/release/async.js.Async._drainQueue (http://localhost:54919/__cypress/runner/cypress_runner.js:162140:16)\n    at Async../node_modules/bluebird/js/release/async.js.Async._drainQueues (http://localhost:54919/__cypress/runner/cypress_runner.js:162150:10)\n    at Async.drainQueues (http://localhost:54919/__cypress/runner/cypress_runner.js:162024:14)",
                "diff": null
              },
              "uuid": "608a0122-b0a7-4e02-8ad7-4dcdec8ae7b9",
              "parentUUID": "d7f95ddd-d435-4b62-a22e-6c01353579e9",
              "isHook": false,
              "skipped": false
            },
            {
              "title": "Verifica se o input só aceita número maiores que zero. Essa restrição deve ser feita usando os atributos do elemento `input`",
              "fullTitle": "10 - Faça o quadro de pixels ter seu tamanho definido pelo usuário. Verifica se o input só aceita número maiores que zero. Essa restrição deve ser feita usando os atributos do elemento `input`",
              "timedOut": null,
              "duration": 4363,
              "state": "failed",
              "speed": null,
              "pass": false,
              "fail": true,
              "pending": false,
              "context": null,
              "code": "cy.get('#board-size[type=\\'number\\'][min=\\'1\\']');",
              "err": {
                "message": "CypressError: Timed out retrying: Expected to find element: '#board-size[type='number'][min='1']', but never found it.",
                "estack": "CypressError: Timed out retrying: Expected to find element: '#board-size[type='number'][min='1']', but never found it.\n    at cypressErr (http://localhost:54919/__cypress/runner/cypress_runner.js:149934:9)\n    at throwErr (http://localhost:54919/__cypress/runner/cypress_runner.js:149867:11)\n    at Object.throwErrByPath (http://localhost:54919/__cypress/runner/cypress_runner.js:149915:3)\n    at retry (http://localhost:54919/__cypress/runner/cypress_runner.js:144197:19)\n    at onFailFn (http://localhost:54919/__cypress/runner/cypress_runner.js:132448:16)\n    at tryCatcher (http://localhost:54919/__cypress/runner/cypress_runner.js:167415:23)\n    at Promise._settlePromiseFromHandler (http://localhost:54919/__cypress/runner/cypress_runner.js:165351:31)\n    at Promise._settlePromise (http://localhost:54919/__cypress/runner/cypress_runner.js:165408:18)\n    at Promise._settlePromise0 (http://localhost:54919/__cypress/runner/cypress_runner.js:165453:10)\n    at Promise._settlePromises (http://localhost:54919/__cypress/runner/cypress_runner.js:165528:18)\n    at Async../node_modules/bluebird/js/release/async.js.Async._drainQueue (http://localhost:54919/__cypress/runner/cypress_runner.js:162140:16)\n    at Async../node_modules/bluebird/js/release/async.js.Async._drainQueues (http://localhost:54919/__cypress/runner/cypress_runner.js:162150:10)\n    at Async.drainQueues (http://localhost:54919/__cypress/runner/cypress_runner.js:162024:14)",
                "diff": null
              },
              "uuid": "daac1f11-9948-45d9-b86b-cc17558767ab",
              "parentUUID": "d7f95ddd-d435-4b62-a22e-6c01353579e9",
              "isHook": false,
              "skipped": false
            },
            {
              "title": "Verifica se o botão contém o texto 'VQV'",
              "fullTitle": "10 - Faça o quadro de pixels ter seu tamanho definido pelo usuário. Verifica se o botão contém o texto 'VQV'",
              "timedOut": null,
              "duration": 4396,
              "state": "failed",
              "speed": null,
              "pass": false,
              "fail": true,
              "pending": false,
              "context": null,
              "code": "cy.get('#generate-board').contains(/vqv/i);",
              "err": {
                "message": "CypressError: Timed out retrying: Expected to find element: '#generate-board', but never found it.",
                "estack": "CypressError: Timed out retrying: Expected to find element: '#generate-board', but never found it.\n    at cypressErr (http://localhost:54919/__cypress/runner/cypress_runner.js:149934:9)\n    at throwErr (http://localhost:54919/__cypress/runner/cypress_runner.js:149867:11)\n    at Object.throwErrByPath (http://localhost:54919/__cypress/runner/cypress_runner.js:149915:3)\n    at retry (http://localhost:54919/__cypress/runner/cypress_runner.js:144197:19)\n    at onFailFn (http://localhost:54919/__cypress/runner/cypress_runner.js:132448:16)\n    at tryCatcher (http://localhost:54919/__cypress/runner/cypress_runner.js:167415:23)\n    at Promise._settlePromiseFromHandler (http://localhost:54919/__cypress/runner/cypress_runner.js:165351:31)\n    at Promise._settlePromise (http://localhost:54919/__cypress/runner/cypress_runner.js:165408:18)\n    at Promise._settlePromise0 (http://localhost:54919/__cypress/runner/cypress_runner.js:165453:10)\n    at Promise._settlePromises (http://localhost:54919/__cypress/runner/cypress_runner.js:165528:18)\n    at Async../node_modules/bluebird/js/release/async.js.Async._drainQueue (http://localhost:54919/__cypress/runner/cypress_runner.js:162140:16)\n    at Async../node_modules/bluebird/js/release/async.js.Async._drainQueues (http://localhost:54919/__cypress/runner/cypress_runner.js:162150:10)\n    at Async.drainQueues (http://localhost:54919/__cypress/runner/cypress_runner.js:162024:14)",
                "diff": null
              },
              "uuid": "69dd7342-4036-44ac-9c67-630848be2f0d",
              "parentUUID": "d7f95ddd-d435-4b62-a22e-6c01353579e9",
              "isHook": false,
              "skipped": false
            },
            {
              "title": "Verifica se o input está posicionado entre a paleta de cores e o quadro de pixels",
              "fullTitle": "10 - Faça o quadro de pixels ter seu tamanho definido pelo usuário. Verifica se o input está posicionado entre a paleta de cores e o quadro de pixels",
              "timedOut": null,
              "duration": 4485,
              "state": "failed",
              "speed": null,
              "pass": false,
              "fail": true,
              "pending": false,
              "context": null,
              "code": "cy.get('#color-palette').then(function (palette) {\n  cy.get('#board-size').should('be.belowOf', palette);\n});\ncy.get('#board-size').then(function (palette) {\n  cy.get('#pixel-board').should('be.belowOf', palette);\n});",
              "err": {
                "message": "CypressError: Timed out retrying: Expected to find element: '#board-size', but never found it.",
                "estack": "CypressError: Timed out retrying: Expected to find element: '#board-size', but never found it.\n    at cypressErr (http://localhost:54919/__cypress/runner/cypress_runner.js:149934:9)\n    at throwErr (http://localhost:54919/__cypress/runner/cypress_runner.js:149867:11)\n    at Object.throwErrByPath (http://localhost:54919/__cypress/runner/cypress_runner.js:149915:3)\n    at retry (http://localhost:54919/__cypress/runner/cypress_runner.js:144197:19)\n    at onFailFn (http://localhost:54919/__cypress/runner/cypress_runner.js:132448:16)\n    at tryCatcher (http://localhost:54919/__cypress/runner/cypress_runner.js:167415:23)\n    at Promise._settlePromiseFromHandler (http://localhost:54919/__cypress/runner/cypress_runner.js:165351:31)\n    at Promise._settlePromise (http://localhost:54919/__cypress/runner/cypress_runner.js:165408:18)\n    at Promise._settlePromise0 (http://localhost:54919/__cypress/runner/cypress_runner.js:165453:10)\n    at Promise._settlePromises (http://localhost:54919/__cypress/runner/cypress_runner.js:165528:18)\n    at Async../node_modules/bluebird/js/release/async.js.Async._drainQueue (http://localhost:54919/__cypress/runner/cypress_runner.js:162140:16)\n    at Async../node_modules/bluebird/js/release/async.js.Async._drainQueues (http://localhost:54919/__cypress/runner/cypress_runner.js:162150:10)\n    at Async.drainQueues (http://localhost:54919/__cypress/runner/cypress_runner.js:162024:14)",
                "diff": null
              },
              "uuid": "b4ebe4f3-b24c-4725-b48a-48e5f0b2d7fc",
              "parentUUID": "d7f95ddd-d435-4b62-a22e-6c01353579e9",
              "isHook": false,
              "skipped": false
            },
            {
              "title": "Verifica se o botão está posicionado ao lado do input",
              "fullTitle": "10 - Faça o quadro de pixels ter seu tamanho definido pelo usuário. Verifica se o botão está posicionado ao lado do input",
              "timedOut": null,
              "duration": 4398,
              "state": "failed",
              "speed": null,
              "pass": false,
              "fail": true,
              "pending": false,
              "context": null,
              "code": "cy.get('#board-size').then(function (board) {\n  cy.get('#generate-board').should('be.onTheRightOf', board);\n});",
              "err": {
                "message": "CypressError: Timed out retrying: Expected to find element: '#board-size', but never found it.",
                "estack": "CypressError: Timed out retrying: Expected to find element: '#board-size', but never found it.\n    at cypressErr (http://localhost:54919/__cypress/runner/cypress_runner.js:149934:9)\n    at throwErr (http://localhost:54919/__cypress/runner/cypress_runner.js:149867:11)\n    at Object.throwErrByPath (http://localhost:54919/__cypress/runner/cypress_runner.js:149915:3)\n    at retry (http://localhost:54919/__cypress/runner/cypress_runner.js:144197:19)\n    at onFailFn (http://localhost:54919/__cypress/runner/cypress_runner.js:132448:16)\n    at tryCatcher (http://localhost:54919/__cypress/runner/cypress_runner.js:167415:23)\n    at Promise._settlePromiseFromHandler (http://localhost:54919/__cypress/runner/cypress_runner.js:165351:31)\n    at Promise._settlePromise (http://localhost:54919/__cypress/runner/cypress_runner.js:165408:18)\n    at Promise._settlePromise0 (http://localhost:54919/__cypress/runner/cypress_runner.js:165453:10)\n    at Promise._settlePromises (http://localhost:54919/__cypress/runner/cypress_runner.js:165528:18)\n    at Async../node_modules/bluebird/js/release/async.js.Async._drainQueue (http://localhost:54919/__cypress/runner/cypress_runner.js:162140:16)\n    at Async../node_modules/bluebird/js/release/async.js.Async._drainQueues (http://localhost:54919/__cypress/runner/cypress_runner.js:162150:10)\n    at Async.drainQueues (http://localhost:54919/__cypress/runner/cypress_runner.js:162024:14)",
                "diff": null
              },
              "uuid": "82b5a305-e85e-411d-ace0-7cd036083c8f",
              "parentUUID": "d7f95ddd-d435-4b62-a22e-6c01353579e9",
              "isHook": false,
              "skipped": false
            },
            {
              "title": "Verifica se nenhum valor for colocado no input ao clicar no botão, um `alert` é exibido com o texto: 'Board inválido!'",
              "fullTitle": "10 - Faça o quadro de pixels ter seu tamanho definido pelo usuário. Verifica se nenhum valor for colocado no input ao clicar no botão, um `alert` é exibido com o texto: 'Board inválido!'",
              "timedOut": null,
              "duration": 4392,
              "state": "failed",
              "speed": null,
              "pass": false,
              "fail": true,
              "pending": false,
              "context": null,
              "code": "var alerted = false;\ncy.on('window:alert', function (msg) {\n  return alerted = msg;\n});\ncy.get('#generate-board').click().then(function () {\n  return expect(alerted).to.match(/Board inválido!/i);\n});",
              "err": {
                "message": "CypressError: Timed out retrying: Expected to find element: '#generate-board', but never found it.",
                "estack": "CypressError: Timed out retrying: Expected to find element: '#generate-board', but never found it.\n    at cypressErr (http://localhost:54919/__cypress/runner/cypress_runner.js:149934:9)\n    at throwErr (http://localhost:54919/__cypress/runner/cypress_runner.js:149867:11)\n    at Object.throwErrByPath (http://localhost:54919/__cypress/runner/cypress_runner.js:149915:3)\n    at retry (http://localhost:54919/__cypress/runner/cypress_runner.js:144197:19)\n    at onFailFn (http://localhost:54919/__cypress/runner/cypress_runner.js:132448:16)\n    at tryCatcher (http://localhost:54919/__cypress/runner/cypress_runner.js:167415:23)\n    at Promise._settlePromiseFromHandler (http://localhost:54919/__cypress/runner/cypress_runner.js:165351:31)\n    at Promise._settlePromise (http://localhost:54919/__cypress/runner/cypress_runner.js:165408:18)\n    at Promise._settlePromise0 (http://localhost:54919/__cypress/runner/cypress_runner.js:165453:10)\n    at Promise._settlePromises (http://localhost:54919/__cypress/runner/cypress_runner.js:165528:18)\n    at Async../node_modules/bluebird/js/release/async.js.Async._drainQueue (http://localhost:54919/__cypress/runner/cypress_runner.js:162140:16)\n    at Async../node_modules/bluebird/js/release/async.js.Async._drainQueues (http://localhost:54919/__cypress/runner/cypress_runner.js:162150:10)\n    at Async.drainQueues (http://localhost:54919/__cypress/runner/cypress_runner.js:162024:14)",
                "diff": null
              },
              "uuid": "45da3728-3093-4c12-be8f-b2c1cb0d944a",
              "parentUUID": "d7f95ddd-d435-4b62-a22e-6c01353579e9",
              "isHook": false,
              "skipped": false
            },
            {
              "title": "Verifica se ao clicar no botão com um valor preenchido, o tamanho do board muda.",
              "fullTitle": "10 - Faça o quadro de pixels ter seu tamanho definido pelo usuário. Verifica se ao clicar no botão com um valor preenchido, o tamanho do board muda.",
              "timedOut": null,
              "duration": 4404,
              "state": "failed",
              "speed": null,
              "pass": false,
              "fail": true,
              "pending": false,
              "context": null,
              "code": "cy.get('#board-size').clear().type(10);\ncy.get('#generate-board').click();\ncy.get('.pixel').should('have.length', 100);",
              "err": {
                "message": "CypressError: Timed out retrying: Expected to find element: '#board-size', but never found it.",
                "estack": "CypressError: Timed out retrying: Expected to find element: '#board-size', but never found it.\n    at cypressErr (http://localhost:54919/__cypress/runner/cypress_runner.js:149934:9)\n    at throwErr (http://localhost:54919/__cypress/runner/cypress_runner.js:149867:11)\n    at Object.throwErrByPath (http://localhost:54919/__cypress/runner/cypress_runner.js:149915:3)\n    at retry (http://localhost:54919/__cypress/runner/cypress_runner.js:144197:19)\n    at onFailFn (http://localhost:54919/__cypress/runner/cypress_runner.js:132448:16)\n    at tryCatcher (http://localhost:54919/__cypress/runner/cypress_runner.js:167415:23)\n    at Promise._settlePromiseFromHandler (http://localhost:54919/__cypress/runner/cypress_runner.js:165351:31)\n    at Promise._settlePromise (http://localhost:54919/__cypress/runner/cypress_runner.js:165408:18)\n    at Promise._settlePromise0 (http://localhost:54919/__cypress/runner/cypress_runner.js:165453:10)\n    at Promise._settlePromises (http://localhost:54919/__cypress/runner/cypress_runner.js:165528:18)\n    at Async../node_modules/bluebird/js/release/async.js.Async._drainQueue (http://localhost:54919/__cypress/runner/cypress_runner.js:162140:16)\n    at Async../node_modules/bluebird/js/release/async.js.Async._drainQueues (http://localhost:54919/__cypress/runner/cypress_runner.js:162150:10)\n    at Async.drainQueues (http://localhost:54919/__cypress/runner/cypress_runner.js:162024:14)",
                "diff": null
              },
              "uuid": "223b6027-d092-4b2f-9c3c-f733f0438197",
              "parentUUID": "d7f95ddd-d435-4b62-a22e-6c01353579e9",
              "isHook": false,
              "skipped": false
            },
            {
              "title": "Verifica se o novo quadro tem todos os pixels preenchidos com a cor branca",
              "fullTitle": "10 - Faça o quadro de pixels ter seu tamanho definido pelo usuário. Verifica se o novo quadro tem todos os pixels preenchidos com a cor branca",
              "timedOut": null,
              "duration": 4445,
              "state": "failed",
              "speed": null,
              "pass": false,
              "fail": true,
              "pending": false,
              "context": null,
              "code": "cy.get('#board-size').clear().type(6);\ncy.get('#generate-board').click();\ncy.get('.pixel').should('have.length', 36).each(function (pixel) {\n  expect(pixel).to.have.css('background-color', WHITE);\n});",
              "err": {
                "message": "CypressError: Timed out retrying: Expected to find element: '#board-size', but never found it.",
                "estack": "CypressError: Timed out retrying: Expected to find element: '#board-size', but never found it.\n    at cypressErr (http://localhost:54919/__cypress/runner/cypress_runner.js:149934:9)\n    at throwErr (http://localhost:54919/__cypress/runner/cypress_runner.js:149867:11)\n    at Object.throwErrByPath (http://localhost:54919/__cypress/runner/cypress_runner.js:149915:3)\n    at retry (http://localhost:54919/__cypress/runner/cypress_runner.js:144197:19)\n    at onFailFn (http://localhost:54919/__cypress/runner/cypress_runner.js:132448:16)\n    at tryCatcher (http://localhost:54919/__cypress/runner/cypress_runner.js:167415:23)\n    at Promise._settlePromiseFromHandler (http://localhost:54919/__cypress/runner/cypress_runner.js:165351:31)\n    at Promise._settlePromise (http://localhost:54919/__cypress/runner/cypress_runner.js:165408:18)\n    at Promise._settlePromise0 (http://localhost:54919/__cypress/runner/cypress_runner.js:165453:10)\n    at Promise._settlePromises (http://localhost:54919/__cypress/runner/cypress_runner.js:165528:18)\n    at Async../node_modules/bluebird/js/release/async.js.Async._drainQueue (http://localhost:54919/__cypress/runner/cypress_runner.js:162140:16)\n    at Async../node_modules/bluebird/js/release/async.js.Async._drainQueues (http://localhost:54919/__cypress/runner/cypress_runner.js:162150:10)\n    at Async.drainQueues (http://localhost:54919/__cypress/runner/cypress_runner.js:162024:14)",
                "diff": null
              },
              "uuid": "c198a4fc-4889-4a04-bfee-42dfbde7d189",
              "parentUUID": "d7f95ddd-d435-4b62-a22e-6c01353579e9",
              "isHook": false,
              "skipped": false
            }
          ],
          "suites": [],
          "passes": [],
          "failures": [
            "c91f403e-e744-4e0f-8a0a-d5fc3793d065",
            "608a0122-b0a7-4e02-8ad7-4dcdec8ae7b9",
            "daac1f11-9948-45d9-b86b-cc17558767ab",
            "69dd7342-4036-44ac-9c67-630848be2f0d",
            "b4ebe4f3-b24c-4725-b48a-48e5f0b2d7fc",
            "82b5a305-e85e-411d-ace0-7cd036083c8f",
            "45da3728-3093-4c12-be8f-b2c1cb0d944a",
            "223b6027-d092-4b2f-9c3c-f733f0438197",
            "c198a4fc-4889-4a04-bfee-42dfbde7d189"
          ],
          "pending": [],
          "skipped": [],
          "duration": 39699,
          "root": false,
          "rootEmpty": false,
          "_timeout": 2000
        },
        {
          "uuid": "1fb5e5ee-7289-4c97-98ad-ea327aed5fa2",
          "title": "11 - Limite o tamanho mínimo e máximo do board.",
          "fullFile": "",
          "file": "",
          "beforeHooks": [],
          "afterHooks": [],
          "tests": [
            {
              "title": "Verifica se a altura máxima do board é 50",
              "fullTitle": "11 - Limite o tamanho mínimo e máximo do board. Verifica se a altura máxima do board é 50",
              "timedOut": null,
              "duration": 4418,
              "state": "failed",
              "speed": null,
              "pass": false,
              "fail": true,
              "pending": false,
              "context": null,
              "code": "cy.get('#board-size').clear().type(50);\ncy.get('#generate-board').click();\ncy.get('.pixel').should('have.length', 2500);",
              "err": {
                "message": "CypressError: Timed out retrying: Expected to find element: '#board-size', but never found it.",
                "estack": "CypressError: Timed out retrying: Expected to find element: '#board-size', but never found it.\n    at cypressErr (http://localhost:54919/__cypress/runner/cypress_runner.js:149934:9)\n    at throwErr (http://localhost:54919/__cypress/runner/cypress_runner.js:149867:11)\n    at Object.throwErrByPath (http://localhost:54919/__cypress/runner/cypress_runner.js:149915:3)\n    at retry (http://localhost:54919/__cypress/runner/cypress_runner.js:144197:19)\n    at onFailFn (http://localhost:54919/__cypress/runner/cypress_runner.js:132448:16)\n    at tryCatcher (http://localhost:54919/__cypress/runner/cypress_runner.js:167415:23)\n    at Promise._settlePromiseFromHandler (http://localhost:54919/__cypress/runner/cypress_runner.js:165351:31)\n    at Promise._settlePromise (http://localhost:54919/__cypress/runner/cypress_runner.js:165408:18)\n    at Promise._settlePromise0 (http://localhost:54919/__cypress/runner/cypress_runner.js:165453:10)\n    at Promise._settlePromises (http://localhost:54919/__cypress/runner/cypress_runner.js:165528:18)\n    at Async../node_modules/bluebird/js/release/async.js.Async._drainQueue (http://localhost:54919/__cypress/runner/cypress_runner.js:162140:16)\n    at Async../node_modules/bluebird/js/release/async.js.Async._drainQueues (http://localhost:54919/__cypress/runner/cypress_runner.js:162150:10)\n    at Async.drainQueues (http://localhost:54919/__cypress/runner/cypress_runner.js:162024:14)",
                "diff": null
              },
              "uuid": "6bf2ed0e-b009-45f9-bf19-afc96107a5f1",
              "parentUUID": "1fb5e5ee-7289-4c97-98ad-ea327aed5fa2",
              "isHook": false,
              "skipped": false
            },
            {
              "title": "Verifica se a altura do board é 5 quando um valor menor é colocado no input",
              "fullTitle": "11 - Limite o tamanho mínimo e máximo do board. Verifica se a altura do board é 5 quando um valor menor é colocado no input",
              "timedOut": null,
              "duration": 4398,
              "state": "failed",
              "speed": null,
              "pass": false,
              "fail": true,
              "pending": false,
              "context": null,
              "code": "cy.get('#board-size').clear().type(4);\ncy.get('#generate-board').click();\ncy.get('.pixel').should('have.length', 25);",
              "err": {
                "message": "CypressError: Timed out retrying: Expected to find element: '#board-size', but never found it.",
                "estack": "CypressError: Timed out retrying: Expected to find element: '#board-size', but never found it.\n    at cypressErr (http://localhost:54919/__cypress/runner/cypress_runner.js:149934:9)\n    at throwErr (http://localhost:54919/__cypress/runner/cypress_runner.js:149867:11)\n    at Object.throwErrByPath (http://localhost:54919/__cypress/runner/cypress_runner.js:149915:3)\n    at retry (http://localhost:54919/__cypress/runner/cypress_runner.js:144197:19)\n    at onFailFn (http://localhost:54919/__cypress/runner/cypress_runner.js:132448:16)\n    at tryCatcher (http://localhost:54919/__cypress/runner/cypress_runner.js:167415:23)\n    at Promise._settlePromiseFromHandler (http://localhost:54919/__cypress/runner/cypress_runner.js:165351:31)\n    at Promise._settlePromise (http://localhost:54919/__cypress/runner/cypress_runner.js:165408:18)\n    at Promise._settlePromise0 (http://localhost:54919/__cypress/runner/cypress_runner.js:165453:10)\n    at Promise._settlePromises (http://localhost:54919/__cypress/runner/cypress_runner.js:165528:18)\n    at Async../node_modules/bluebird/js/release/async.js.Async._drainQueue (http://localhost:54919/__cypress/runner/cypress_runner.js:162140:16)\n    at Async../node_modules/bluebird/js/release/async.js.Async._drainQueues (http://localhost:54919/__cypress/runner/cypress_runner.js:162150:10)\n    at Async.drainQueues (http://localhost:54919/__cypress/runner/cypress_runner.js:162024:14)",
                "diff": null
              },
              "uuid": "52d129f7-fe55-44a7-980a-529b5f69e984",
              "parentUUID": "1fb5e5ee-7289-4c97-98ad-ea327aed5fa2",
              "isHook": false,
              "skipped": false
            },
            {
              "title": "Verifica se a altura do board é 50 quando um valor maior é colocado no input",
              "fullTitle": "11 - Limite o tamanho mínimo e máximo do board. Verifica se a altura do board é 50 quando um valor maior é colocado no input",
              "timedOut": null,
              "duration": 4381,
              "state": "failed",
              "speed": null,
              "pass": false,
              "fail": true,
              "pending": false,
              "context": null,
              "code": "cy.get('#board-size').clear().type(51);\ncy.get('#generate-board').click();\ncy.get('.pixel').should('have.length', 2500);",
              "err": {
                "message": "CypressError: Timed out retrying: Expected to find element: '#board-size', but never found it.",
                "estack": "CypressError: Timed out retrying: Expected to find element: '#board-size', but never found it.\n    at cypressErr (http://localhost:54919/__cypress/runner/cypress_runner.js:149934:9)\n    at throwErr (http://localhost:54919/__cypress/runner/cypress_runner.js:149867:11)\n    at Object.throwErrByPath (http://localhost:54919/__cypress/runner/cypress_runner.js:149915:3)\n    at retry (http://localhost:54919/__cypress/runner/cypress_runner.js:144197:19)\n    at onFailFn (http://localhost:54919/__cypress/runner/cypress_runner.js:132448:16)\n    at tryCatcher (http://localhost:54919/__cypress/runner/cypress_runner.js:167415:23)\n    at Promise._settlePromiseFromHandler (http://localhost:54919/__cypress/runner/cypress_runner.js:165351:31)\n    at Promise._settlePromise (http://localhost:54919/__cypress/runner/cypress_runner.js:165408:18)\n    at Promise._settlePromise0 (http://localhost:54919/__cypress/runner/cypress_runner.js:165453:10)\n    at Promise._settlePromises (http://localhost:54919/__cypress/runner/cypress_runner.js:165528:18)\n    at Async../node_modules/bluebird/js/release/async.js.Async._drainQueue (http://localhost:54919/__cypress/runner/cypress_runner.js:162140:16)\n    at Async../node_modules/bluebird/js/release/async.js.Async._drainQueues (http://localhost:54919/__cypress/runner/cypress_runner.js:162150:10)\n    at Async.drainQueues (http://localhost:54919/__cypress/runner/cypress_runner.js:162024:14)",
                "diff": null
              },
              "uuid": "80faf730-8b2e-4c2d-b32d-04a0f26dcad3",
              "parentUUID": "1fb5e5ee-7289-4c97-98ad-ea327aed5fa2",
              "isHook": false,
              "skipped": false
            }
          ],
          "suites": [],
          "passes": [],
          "failures": [
            "6bf2ed0e-b009-45f9-bf19-afc96107a5f1",
            "52d129f7-fe55-44a7-980a-529b5f69e984",
            "80faf730-8b2e-4c2d-b32d-04a0f26dcad3"
          ],
          "pending": [],
          "skipped": [],
          "duration": 13197,
          "root": false,
          "rootEmpty": false,
          "_timeout": 2000
        },
        {
          "uuid": "f759ae6f-9dea-4670-93f5-d80d35fedf73",
          "title": "12 - Faça com que as cores da paleta sejam geradas aleatoriamente ao carregar a página.",
          "fullFile": "",
          "file": "",
          "beforeHooks": [],
          "afterHooks": [],
          "tests": [
            {
              "title": "Verifica se as cores geradas na paleta são diferentes a cada carregamento da página",
              "fullTitle": "12 - Faça com que as cores da paleta sejam geradas aleatoriamente ao carregar a página. Verifica se as cores geradas na paleta são diferentes a cada carregamento da página",
              "timedOut": null,
              "duration": 531,
              "state": "failed",
              "speed": null,
              "pass": false,
              "fail": true,
              "pending": false,
              "context": null,
              "code": "cy.get('.color').then(function (colors) {\n  var currentColors;\n  var previousColors;\n  previousColors = Array.from(colors).map(function (color) {\n    return Cypress.$(color).css('background-color');\n  });\n  for (var i = 0; i < 5; i += 1) {\n    cy.reload();\n    cy.get('.color').then(function (colors) {\n      currentColors = Array.from(colors).map(function (color) {\n        return Cypress.$(color).css('background-color');\n      });\n      expect(currentColors).not.to.deep.equal(previousColors);\n      previousColors = currentColors;\n    });\n  }\n});",
              "err": {
                "message": "AssertionError: expected [ Array(4) ] to not deeply equal [ Array(4) ]",
                "estack": "AssertionError: expected [ Array(4) ] to not deeply equal [ Array(4) ]\n    at getRet (http://localhost:54919/__cypress/runner/cypress_runner.js:136585:16)\n    at tryCatcher (http://localhost:54919/__cypress/runner/cypress_runner.js:167415:23)\n    at Function.Promise.attempt.Promise.try (http://localhost:54919/__cypress/runner/cypress_runner.js:164690:29)\n    at Context.thenFn (http://localhost:54919/__cypress/runner/cypress_runner.js:136599:23)\n    at Context.then (http://localhost:54919/__cypress/runner/cypress_runner.js:136971:21)\n    at Context.<anonymous> (http://localhost:54919/__cypress/runner/cypress_runner.js:148875:21)\n    at http://localhost:54919/__cypress/runner/cypress_runner.js:148351:33\n    at tryCatcher (http://localhost:54919/__cypress/runner/cypress_runner.js:167415:23)\n    at Promise._settlePromiseFromHandler (http://localhost:54919/__cypress/runner/cypress_runner.js:165351:31)\n    at Promise._settlePromise (http://localhost:54919/__cypress/runner/cypress_runner.js:165408:18)\n    at Promise._settlePromiseCtx (http://localhost:54919/__cypress/runner/cypress_runner.js:165445:10)\n    at Async../node_modules/bluebird/js/release/async.js.Async._drainQueue (http://localhost:54919/__cypress/runner/cypress_runner.js:162145:12)\n    at Async../node_modules/bluebird/js/release/async.js.Async._drainQueues (http://localhost:54919/__cypress/runner/cypress_runner.js:162150:10)\n    at Async.drainQueues (http://localhost:54919/__cypress/runner/cypress_runner.js:162024:14)",
                "diff": ""
              },
              "uuid": "815b1489-6c43-43f2-bc18-b8db08e22c04",
              "parentUUID": "f759ae6f-9dea-4670-93f5-d80d35fedf73",
              "isHook": false,
              "skipped": false
            },
            {
              "title": "Verifica se a cor preta ainda está presente e é a primeira na sua paleta de cores",
              "fullTitle": "12 - Faça com que as cores da paleta sejam geradas aleatoriamente ao carregar a página. Verifica se a cor preta ainda está presente e é a primeira na sua paleta de cores",
              "timedOut": null,
              "duration": 484,
              "state": "failed",
              "speed": null,
              "pass": false,
              "fail": true,
              "pending": false,
              "context": null,
              "code": "cy.get('.color').then(function (colors) {\n  var currentColors;\n  var previousColors;\n  previousColors = Array.from(colors).map(function (color) {\n    return Cypress.$(color).css('background-color');\n  });\n  expect(previousColors[0]).to.eq(BLACK);\n  for (var i = 0; i < 5; i += 1) {\n    cy.reload();\n    cy.get('.color').then(function (colors) {\n      currentColors = Array.from(colors).map(function (color) {\n        return Cypress.$(color).css('background-color');\n      });\n      expect(currentColors[0]).to.eq(BLACK);\n      expect(currentColors).not.to.deep.equal(previousColors);\n      previousColors = currentColors;\n    });\n  }\n});",
              "err": {
                "message": "AssertionError: expected [ Array(4) ] to not deeply equal [ Array(4) ]",
                "estack": "AssertionError: expected [ Array(4) ] to not deeply equal [ Array(4) ]\n    at getRet (http://localhost:54919/__cypress/runner/cypress_runner.js:136585:16)\n    at tryCatcher (http://localhost:54919/__cypress/runner/cypress_runner.js:167415:23)\n    at Function.Promise.attempt.Promise.try (http://localhost:54919/__cypress/runner/cypress_runner.js:164690:29)\n    at Context.thenFn (http://localhost:54919/__cypress/runner/cypress_runner.js:136599:23)\n    at Context.then (http://localhost:54919/__cypress/runner/cypress_runner.js:136971:21)\n    at Context.<anonymous> (http://localhost:54919/__cypress/runner/cypress_runner.js:148875:21)\n    at http://localhost:54919/__cypress/runner/cypress_runner.js:148351:33\n    at tryCatcher (http://localhost:54919/__cypress/runner/cypress_runner.js:167415:23)\n    at Promise._settlePromiseFromHandler (http://localhost:54919/__cypress/runner/cypress_runner.js:165351:31)\n    at Promise._settlePromise (http://localhost:54919/__cypress/runner/cypress_runner.js:165408:18)\n    at Promise._settlePromiseCtx (http://localhost:54919/__cypress/runner/cypress_runner.js:165445:10)\n    at Async../node_modules/bluebird/js/release/async.js.Async._drainQueue (http://localhost:54919/__cypress/runner/cypress_runner.js:162145:12)\n    at Async../node_modules/bluebird/js/release/async.js.Async._drainQueues (http://localhost:54919/__cypress/runner/cypress_runner.js:162150:10)\n    at Async.drainQueues (http://localhost:54919/__cypress/runner/cypress_runner.js:162024:14)",
                "diff": ""
              },
              "uuid": "3e5072a2-61ba-452c-b626-c77c96fe0907",
              "parentUUID": "f759ae6f-9dea-4670-93f5-d80d35fedf73",
              "isHook": false,
              "skipped": false
            }
          ],
          "suites": [],
          "passes": [],
          "failures": [
            "815b1489-6c43-43f2-bc18-b8db08e22c04",
            "3e5072a2-61ba-452c-b626-c77c96fe0907"
          ],
          "pending": [],
          "skipped": [],
          "duration": 1015,
          "root": false,
          "rootEmpty": false,
          "_timeout": 2000
        }
      ],
      "passes": [],
      "failures": [],
      "pending": [],
      "skipped": [],
      "duration": 0,
      "root": true,
      "rootEmpty": true,
      "_timeout": 2000
    }
  ],
  "meta": {
    "mocha": {
      "version": "7.0.1"
    },
    "mochawesome": {
      "options": {
        "quiet": false,
        "reportFilename": "mochawesome",
        "saveHtml": false,
        "saveJson": true,
        "consoleReporter": "spec",
        "useInlineDiffs": false
      },
      "version": "4.1.0"
    },
    "marge": {
      "options": {
        "id": "default",
        "reportDir": "cypress/reports",
        "overwrite": true,
        "html": false,
        "json": true
      },
      "version": "4.1.0"
    }
  }
}