{
  "stats": {
    "suites": 12,
    "tests": 41,
    "passes": 21,
    "pending": 0,
    "failures": 20,
    "start": "2021-08-21T01:39:22.817Z",
    "end": "2021-08-21T01:41:12.228Z",
    "duration": 109411,
    "testsRegistered": 41,
    "passPercent": 51.21951219512195,
    "pendingPercent": 0,
    "other": 0,
    "hasOther": false,
    "skipped": 0,
    "hasSkipped": false
  },
  "results": [
    {
      "uuid": "89dc5854-dc63-4852-a4ae-0fb37d3135c7",
      "title": "",
      "fullFile": "cypress/integration/project.spec.js",
      "file": "cypress/integration/project.spec.js",
      "beforeHooks": [],
      "afterHooks": [],
      "tests": [],
      "suites": [
        {
          "uuid": "1b01e75c-7d63-4487-9c97-cf93623f9dad",
          "title": "1 - Adicione à página o título \"Paleta de Cores\".",
          "fullFile": "",
          "file": "",
          "beforeHooks": [],
          "afterHooks": [],
          "tests": [
            {
              "title": "Verifica se contém um elemento `h1` com o id `title` com o título correto",
              "fullTitle": "1 - Adicione à página o título \"Paleta de Cores\". Verifica se contém um elemento `h1` com o id `title` com o título correto",
              "timedOut": null,
              "duration": 482,
              "state": "passed",
              "speed": "slow",
              "pass": true,
              "fail": false,
              "pending": false,
              "context": null,
              "code": "cy.get('h1#title').should('contain.text', 'Paleta de Cores');",
              "err": {},
              "uuid": "bec7e6d0-82d6-45f2-8ece-7bb3a46e0d0a",
              "parentUUID": "1b01e75c-7d63-4487-9c97-cf93623f9dad",
              "isHook": false,
              "skipped": false
            }
          ],
          "suites": [],
          "passes": [
            "bec7e6d0-82d6-45f2-8ece-7bb3a46e0d0a"
          ],
          "failures": [],
          "pending": [],
          "skipped": [],
          "duration": 482,
          "root": false,
          "rootEmpty": false,
          "_timeout": 2000
        },
        {
          "uuid": "3bc46a4c-81e0-471b-9502-c3e6d564fea9",
          "title": "2 - Adicione à página uma paleta de quatro cores distintas.",
          "fullFile": "",
          "file": "",
          "beforeHooks": [],
          "afterHooks": [],
          "tests": [
            {
              "title": "A paleta de cores deve ser um elemento com `id` denominado `color-palette`",
              "fullTitle": "2 - Adicione à página uma paleta de quatro cores distintas. A paleta de cores deve ser um elemento com `id` denominado `color-palette`",
              "timedOut": null,
              "duration": 379,
              "state": "passed",
              "speed": "slow",
              "pass": true,
              "fail": false,
              "pending": false,
              "context": null,
              "code": "cy.get('#color-palette').should('be.visible');",
              "err": {},
              "uuid": "3cf506f7-70da-4331-bd62-a03ccc060786",
              "parentUUID": "3bc46a4c-81e0-471b-9502-c3e6d564fea9",
              "isHook": false,
              "skipped": false
            },
            {
              "title": "Verifica se cada cor individual da paleta de cores possui a `classe` chamada `color`.",
              "fullTitle": "2 - Adicione à página uma paleta de quatro cores distintas. Verifica se cada cor individual da paleta de cores possui a `classe` chamada `color`.",
              "timedOut": null,
              "duration": 367,
              "state": "passed",
              "speed": "slow",
              "pass": true,
              "fail": false,
              "pending": false,
              "context": null,
              "code": "cy.get('.color').should('have.length', 4).then(function (colors) {\n  for (var i = 0; i < colors.length; i++) {\n    cy.wrap(colors[i]).should('be.visible');\n  }\n});",
              "err": {},
              "uuid": "1b2e04d6-6738-437c-892c-2fe57a1ba3ad",
              "parentUUID": "3bc46a4c-81e0-471b-9502-c3e6d564fea9",
              "isHook": false,
              "skipped": false
            },
            {
              "title": "Verifica se a cor de fundo de cada elemento da paleta é a cor que o elemento representa. **A única cor não permitida na paleta é a cor branca.**",
              "fullTitle": "2 - Adicione à página uma paleta de quatro cores distintas. Verifica se a cor de fundo de cada elemento da paleta é a cor que o elemento representa. **A única cor não permitida na paleta é a cor branca.**",
              "timedOut": null,
              "duration": 438,
              "state": "passed",
              "speed": "slow",
              "pass": true,
              "fail": false,
              "pending": false,
              "context": null,
              "code": "cy.get('.color').each(function (color) {\n  cy.wrap(color).should('have.class', 'color').and('not.have.css', 'background-color', WHITE);\n  cy.wrap(color).should('have.css', 'background-color');\n});",
              "err": {},
              "uuid": "01fc8731-e037-49b4-8510-a7ea4ae4ed87",
              "parentUUID": "3bc46a4c-81e0-471b-9502-c3e6d564fea9",
              "isHook": false,
              "skipped": false
            },
            {
              "title": "Verifica se cada elemento da paleta de cores tem uma borda preta, sólida e com 1 pixel de largura;",
              "fullTitle": "2 - Adicione à página uma paleta de quatro cores distintas. Verifica se cada elemento da paleta de cores tem uma borda preta, sólida e com 1 pixel de largura;",
              "timedOut": null,
              "duration": 286,
              "state": "passed",
              "speed": "slow",
              "pass": true,
              "fail": false,
              "pending": false,
              "context": null,
              "code": "cy.get('.color').each(function (color) {\n  cy.wrap(color).and('have.css', 'border', \"1px solid \".concat(BLACK)).and('have.class', 'color');\n});",
              "err": {},
              "uuid": "94440795-2466-4316-bb36-bbf861101b9e",
              "parentUUID": "3bc46a4c-81e0-471b-9502-c3e6d564fea9",
              "isHook": false,
              "skipped": false
            },
            {
              "title": "Verifica se a paleta lista todas as cores disponíveis para utilização, lado a lado.",
              "fullTitle": "2 - Adicione à página uma paleta de quatro cores distintas. Verifica se a paleta lista todas as cores disponíveis para utilização, lado a lado.",
              "timedOut": null,
              "duration": 174,
              "state": "passed",
              "speed": "slow",
              "pass": true,
              "fail": false,
              "pending": false,
              "context": null,
              "code": "cy.get('.color').then(function (colors) {\n  for (var index = 1; index < colors.length; index += 1) {\n    var currentColor = colors[index];\n    var previousColor = colors[index - 1];\n    cy.wrap(currentColor).should('be.onTheRightOf', previousColor).and('be.horizontallyAlignedWith', previousColor);\n  }\n});",
              "err": {},
              "uuid": "2ca995d9-6a80-4c75-8c07-0d5d6fd8abd6",
              "parentUUID": "3bc46a4c-81e0-471b-9502-c3e6d564fea9",
              "isHook": false,
              "skipped": false
            },
            {
              "title": "Verifica se a paleta de cores está posicionada abaixo do título 'Paleta de Cores'",
              "fullTitle": "2 - Adicione à página uma paleta de quatro cores distintas. Verifica se a paleta de cores está posicionada abaixo do título 'Paleta de Cores'",
              "timedOut": null,
              "duration": 225,
              "state": "passed",
              "speed": "slow",
              "pass": true,
              "fail": false,
              "pending": false,
              "context": null,
              "code": "cy.get('h1#title').then(function (title) {\n  cy.get('#color-palette').should('be.belowOf', title);\n});",
              "err": {},
              "uuid": "6ed18443-b13d-4d6c-9b3c-3299269f0edf",
              "parentUUID": "3bc46a4c-81e0-471b-9502-c3e6d564fea9",
              "isHook": false,
              "skipped": false
            },
            {
              "title": "Verifica se a paleta de cores não contém cores repetidas.",
              "fullTitle": "2 - Adicione à página uma paleta de quatro cores distintas. Verifica se a paleta de cores não contém cores repetidas.",
              "timedOut": null,
              "duration": 162,
              "state": "passed",
              "speed": "slow",
              "pass": true,
              "fail": false,
              "pending": false,
              "context": null,
              "code": "cy.get('.color').then(function (colors) {\n  var allColors = Array.from(colors).map(function (color) {\n    return Cypress.$(color).css('background-color');\n  });\n  cy.log(allColors);\n  var uniqColors = (0, _toConsumableArray2[\"default\"])(new Set(allColors));\n  cy.log(uniqColors);\n  expect(allColors.length).to.eq(uniqColors.length);\n});",
              "err": {},
              "uuid": "17683832-7047-4ea8-b652-173119182883",
              "parentUUID": "3bc46a4c-81e0-471b-9502-c3e6d564fea9",
              "isHook": false,
              "skipped": false
            }
          ],
          "suites": [],
          "passes": [
            "3cf506f7-70da-4331-bd62-a03ccc060786",
            "1b2e04d6-6738-437c-892c-2fe57a1ba3ad",
            "01fc8731-e037-49b4-8510-a7ea4ae4ed87",
            "94440795-2466-4316-bb36-bbf861101b9e",
            "2ca995d9-6a80-4c75-8c07-0d5d6fd8abd6",
            "6ed18443-b13d-4d6c-9b3c-3299269f0edf",
            "17683832-7047-4ea8-b652-173119182883"
          ],
          "failures": [],
          "pending": [],
          "skipped": [],
          "duration": 2031,
          "root": false,
          "rootEmpty": false,
          "_timeout": 2000
        },
        {
          "uuid": "9d90a851-9a8f-40e2-9056-c87f7d153444",
          "title": "3 - Adicione a cor **preta** como a primeira cor da paleta de cores.",
          "fullFile": "",
          "file": "",
          "beforeHooks": [],
          "afterHooks": [],
          "tests": [
            {
              "title": "Verifica se a primeira cor da paleta é preta",
              "fullTitle": "3 - Adicione a cor **preta** como a primeira cor da paleta de cores. Verifica se a primeira cor da paleta é preta",
              "timedOut": null,
              "duration": 216,
              "state": "passed",
              "speed": "slow",
              "pass": true,
              "fail": false,
              "pending": false,
              "context": null,
              "code": "cy.get('.color').first().should('have.css', 'background-color', BLACK);",
              "err": {},
              "uuid": "acb1a11a-80f3-4570-8b11-e365b4fb578b",
              "parentUUID": "9d90a851-9a8f-40e2-9056-c87f7d153444",
              "isHook": false,
              "skipped": false
            },
            {
              "title": "Verifica se as demais cores podem ser escolhidas livremente.",
              "fullTitle": "3 - Adicione a cor **preta** como a primeira cor da paleta de cores. Verifica se as demais cores podem ser escolhidas livremente.",
              "timedOut": null,
              "duration": 372,
              "state": "passed",
              "speed": "slow",
              "pass": true,
              "fail": false,
              "pending": false,
              "context": null,
              "code": "cy.get('.color').eq(1).should('not.have.css', 'background-color', BLACK);\ncy.get('.color').eq(1).should('not.have.css', 'background-color', WHITE);\ncy.get('.color').eq(1).should('not.have.css', 'background-color', 'rgba(0, 0, 0, 0)');\ncy.get('.color').eq(1).should('have.css', 'background-color');\ncy.get('.color').eq(2).should('not.have.css', 'background-color', BLACK);\ncy.get('.color').eq(2).should('not.have.css', 'background-color', WHITE);\ncy.get('.color').eq(2).should('not.have.css', 'background-color', 'rgba(0, 0, 0, 0)');\ncy.get('.color').eq(2).should('have.css', 'background-color');\ncy.get('.color').eq(3).should('not.have.css', 'background-color', BLACK);\ncy.get('.color').eq(3).should('not.have.css', 'background-color', WHITE);\ncy.get('.color').eq(3).should('not.have.css', 'background-color', 'rgba(0, 0, 0, 0)');\ncy.get('.color').eq(3).should('have.css', 'background-color');",
              "err": {},
              "uuid": "6b54b1eb-58bd-4c81-950e-64230f44041c",
              "parentUUID": "9d90a851-9a8f-40e2-9056-c87f7d153444",
              "isHook": false,
              "skipped": false
            }
          ],
          "suites": [],
          "passes": [
            "acb1a11a-80f3-4570-8b11-e365b4fb578b",
            "6b54b1eb-58bd-4c81-950e-64230f44041c"
          ],
          "failures": [],
          "pending": [],
          "skipped": [],
          "duration": 588,
          "root": false,
          "rootEmpty": false,
          "_timeout": 2000
        },
        {
          "uuid": "cbf7ecfd-3079-4e48-bded-e66da1b3b1d8",
          "title": "4 - Adicione à página um quadro de pixels, com 25 pixels.",
          "fullFile": "",
          "file": "",
          "beforeHooks": [],
          "afterHooks": [],
          "tests": [
            {
              "title": "Verifica se o quadro de pixels possui o `id` denominado `pixel-board`",
              "fullTitle": "4 - Adicione à página um quadro de pixels, com 25 pixels. Verifica se o quadro de pixels possui o `id` denominado `pixel-board`",
              "timedOut": null,
              "duration": 225,
              "state": "passed",
              "speed": "slow",
              "pass": true,
              "fail": false,
              "pending": false,
              "context": null,
              "code": "cy.get('#pixel-board').should('be.visible');",
              "err": {},
              "uuid": "45f3b508-9aac-496a-9dde-c0b43af7abbb",
              "parentUUID": "cbf7ecfd-3079-4e48-bded-e66da1b3b1d8",
              "isHook": false,
              "skipped": false
            },
            {
              "title": "Verifica se cada pixel individual dentro do quadro possui a `classe` denominada `pixel`.",
              "fullTitle": "4 - Adicione à página um quadro de pixels, com 25 pixels. Verifica se cada pixel individual dentro do quadro possui a `classe` denominada `pixel`.",
              "timedOut": null,
              "duration": 299,
              "state": "passed",
              "speed": "slow",
              "pass": true,
              "fail": false,
              "pending": false,
              "context": null,
              "code": "cy.get('.pixel').should('have.length', 25);",
              "err": {},
              "uuid": "d5938161-235b-4935-81fe-bea990a4e935",
              "parentUUID": "cbf7ecfd-3079-4e48-bded-e66da1b3b1d8",
              "isHook": false,
              "skipped": false
            },
            {
              "title": "Verifica se a cor inicial dos pixels dentro do quadro, ao abrir a página, é branca.",
              "fullTitle": "4 - Adicione à página um quadro de pixels, com 25 pixels. Verifica se a cor inicial dos pixels dentro do quadro, ao abrir a página, é branca.",
              "timedOut": null,
              "duration": 369,
              "state": "passed",
              "speed": "slow",
              "pass": true,
              "fail": false,
              "pending": false,
              "context": null,
              "code": "cy.get('.pixel').should('have.length', 25).each(function (pixel) {\n  expect(pixel).to.have.css('background-color', WHITE);\n});",
              "err": {},
              "uuid": "23916f46-ca5b-459e-9e0b-aa3526acf9f2",
              "parentUUID": "cbf7ecfd-3079-4e48-bded-e66da1b3b1d8",
              "isHook": false,
              "skipped": false
            },
            {
              "title": "Verifica se o quadro de pixels aparece abaixo da paleta de cores",
              "fullTitle": "4 - Adicione à página um quadro de pixels, com 25 pixels. Verifica se o quadro de pixels aparece abaixo da paleta de cores",
              "timedOut": null,
              "duration": 265,
              "state": "passed",
              "speed": "slow",
              "pass": true,
              "fail": false,
              "pending": false,
              "context": null,
              "code": "cy.get('#color-palette').then(function (palette) {\n  cy.get('#pixel-board').should('be.belowOf', palette);\n});",
              "err": {},
              "uuid": "07ed6da7-70b3-4c97-8238-e22bb0984556",
              "parentUUID": "cbf7ecfd-3079-4e48-bded-e66da1b3b1d8",
              "isHook": false,
              "skipped": false
            }
          ],
          "suites": [],
          "passes": [
            "45f3b508-9aac-496a-9dde-c0b43af7abbb",
            "d5938161-235b-4935-81fe-bea990a4e935",
            "23916f46-ca5b-459e-9e0b-aa3526acf9f2",
            "07ed6da7-70b3-4c97-8238-e22bb0984556"
          ],
          "failures": [],
          "pending": [],
          "skipped": [],
          "duration": 1158,
          "root": false,
          "rootEmpty": false,
          "_timeout": 2000
        },
        {
          "uuid": "9c673a35-8b6c-4729-be74-8fa1581e20db",
          "title": "5 - Faça com que cada elemento do quadro de pixels possua 40 pixels de largura, 40 pixels de altura e seja delimitado por uma borda preta de 1 pixel.",
          "fullFile": "",
          "file": "",
          "beforeHooks": [],
          "afterHooks": [],
          "tests": [
            {
              "title": "Verifica se o quadro de pixels tem altura e comprimento de 5 elementos",
              "fullTitle": "5 - Faça com que cada elemento do quadro de pixels possua 40 pixels de largura, 40 pixels de altura e seja delimitado por uma borda preta de 1 pixel. Verifica se o quadro de pixels tem altura e comprimento de 5 elementos",
              "timedOut": null,
              "duration": 599,
              "state": "passed",
              "speed": "slow",
              "pass": true,
              "fail": false,
              "pending": false,
              "context": null,
              "code": "cy.get('.pixel').should('have.length', 25).each(function (pixel) {\n  expect(pixel).to.have.css('background-color', WHITE);\n}).and(function (pixels) {\n  var rows = chunk(pixels, 5);\n  rows.forEach(function (row) {\n    for (var index = 1; index < row.length; index += 1) {\n      var current = pixels[index];\n      var previous = pixels[index - 1];\n      cy.wrap(current).should('be.onTheRightOf', previous).and('be.horizontallyAlignedWith', previous);\n    }\n  });\n  for (var index = 1; index < 5; index += 1) {\n    expect(pixels[index * 5]).to.be.belowOf(pixels[(index - 1) * 5]);\n  }\n});",
              "err": {},
              "uuid": "2951e8a5-f92b-47db-92d0-b7e4b8fad7a7",
              "parentUUID": "9c673a35-8b6c-4729-be74-8fa1581e20db",
              "isHook": false,
              "skipped": false
            },
            {
              "title": "Verifica se 40 pixels é o tamanho total do elemento, incluindo seu conteúdo e excluindo a borda preta, que deve ser criada à parte.",
              "fullTitle": "5 - Faça com que cada elemento do quadro de pixels possua 40 pixels de largura, 40 pixels de altura e seja delimitado por uma borda preta de 1 pixel. Verifica se 40 pixels é o tamanho total do elemento, incluindo seu conteúdo e excluindo a borda preta, que deve ser criada à parte.",
              "timedOut": null,
              "duration": 547,
              "state": "passed",
              "speed": "slow",
              "pass": true,
              "fail": false,
              "pending": false,
              "context": null,
              "code": "cy.get('.pixel').each(function (pixel) {\n  cy.wrap(pixel).should('have.css', 'height', '40px').and('have.css', 'width', '40px').and('have.css', 'border', \"1px solid \".concat(BLACK));\n});",
              "err": {},
              "uuid": "d71e310f-79b5-4801-b0d2-fcc996d84690",
              "parentUUID": "9c673a35-8b6c-4729-be74-8fa1581e20db",
              "isHook": false,
              "skipped": false
            }
          ],
          "suites": [],
          "passes": [
            "2951e8a5-f92b-47db-92d0-b7e4b8fad7a7",
            "d71e310f-79b5-4801-b0d2-fcc996d84690"
          ],
          "failures": [],
          "pending": [],
          "skipped": [],
          "duration": 1146,
          "root": false,
          "rootEmpty": false,
          "_timeout": 2000
        },
        {
          "uuid": "a15b8dda-9ebc-4cb4-8363-b71628a500ce",
          "title": "6 - Defina a cor preta como cor inicial. Ao carregar a página a cor preta já deve estar selecionada para pintar os pixels",
          "fullFile": "",
          "file": "",
          "beforeHooks": [],
          "afterHooks": [],
          "tests": [
            {
              "title": "Verifica se o elemento da cor preta possui, inicialmente, a `classe` `selected`",
              "fullTitle": "6 - Defina a cor preta como cor inicial. Ao carregar a página a cor preta já deve estar selecionada para pintar os pixels Verifica se o elemento da cor preta possui, inicialmente, a `classe` `selected`",
              "timedOut": null,
              "duration": 212,
              "state": "passed",
              "speed": "slow",
              "pass": true,
              "fail": false,
              "pending": false,
              "context": null,
              "code": "cy.get('.selected').first().should('have.css', 'background-color', BLACK);",
              "err": {},
              "uuid": "fd9a57af-6e3f-4e64-9b7c-e586140605e0",
              "parentUUID": "a15b8dda-9ebc-4cb4-8363-b71628a500ce",
              "isHook": false,
              "skipped": false
            },
            {
              "title": "Verifica se nenhuma outra cor da paleta tem a `classe` `selected`",
              "fullTitle": "6 - Defina a cor preta como cor inicial. Ao carregar a página a cor preta já deve estar selecionada para pintar os pixels Verifica se nenhuma outra cor da paleta tem a `classe` `selected`",
              "timedOut": null,
              "duration": 231,
              "state": "passed",
              "speed": "slow",
              "pass": true,
              "fail": false,
              "pending": false,
              "context": null,
              "code": "cy.get('.color:not(:first-child)').each(function (color) {\n  cy.wrap(color).should('not.have.class', 'selected');\n});",
              "err": {},
              "uuid": "38eb49d6-d098-4287-96f4-d65ca90ed489",
              "parentUUID": "a15b8dda-9ebc-4cb4-8363-b71628a500ce",
              "isHook": false,
              "skipped": false
            }
          ],
          "suites": [],
          "passes": [
            "fd9a57af-6e3f-4e64-9b7c-e586140605e0",
            "38eb49d6-d098-4287-96f4-d65ca90ed489"
          ],
          "failures": [],
          "pending": [],
          "skipped": [],
          "duration": 443,
          "root": false,
          "rootEmpty": false,
          "_timeout": 2000
        },
        {
          "uuid": "b36819a1-4258-4443-b38c-656a2f2ddb6f",
          "title": "7 - Clicar em uma das cores da paleta, faz com que ela seja selecionada e utilizada para preencher os pixels no quadro.",
          "fullFile": "",
          "file": "",
          "beforeHooks": [],
          "afterHooks": [],
          "tests": [
            {
              "title": "Verifica se somente uma cor da paleta de cores tem a classe `selected` de cada vez",
              "fullTitle": "7 - Clicar em uma das cores da paleta, faz com que ela seja selecionada e utilizada para preencher os pixels no quadro. Verifica se somente uma cor da paleta de cores tem a classe `selected` de cada vez",
              "timedOut": null,
              "duration": 651,
              "state": "passed",
              "speed": "slow",
              "pass": true,
              "fail": false,
              "pending": false,
              "context": null,
              "code": "cy.get('.color').each(function (selectedColor, selectedColorIndex) {\n  cy.wrap(selectedColor).click();\n  cy.get('.color').each(function (color, colorIndex) {\n    if (colorIndex === selectedColorIndex) {\n      expect(color).to.have[\"class\"]('selected');\n    } else {\n      expect(color).not.to.have[\"class\"]('selected');\n    }\n  });\n});",
              "err": {},
              "uuid": "c11047f5-399d-4475-b578-1f6b806083ec",
              "parentUUID": "b36819a1-4258-4443-b38c-656a2f2ddb6f",
              "isHook": false,
              "skipped": false
            },
            {
              "title": "Verifica se os pixels dentro do quadro não têm a classe `selected` quando são clicados",
              "fullTitle": "7 - Clicar em uma das cores da paleta, faz com que ela seja selecionada e utilizada para preencher os pixels no quadro. Verifica se os pixels dentro do quadro não têm a classe `selected` quando são clicados",
              "timedOut": null,
              "duration": 9821,
              "state": "passed",
              "speed": "slow",
              "pass": true,
              "fail": false,
              "pending": false,
              "context": null,
              "code": "cy.get('.color').each(function (color) {\n  var backgroundColor = color.css('background-color');\n  cy.wrap(color).click();\n  cy.get('.pixel').each(function (pixel) {\n    cy.wrap(pixel).click().should('not.have.class', 'selected');\n  });\n});",
              "err": {},
              "uuid": "6e290ca2-82c5-4c5d-a40b-e2566be34f42",
              "parentUUID": "b36819a1-4258-4443-b38c-656a2f2ddb6f",
              "isHook": false,
              "skipped": false
            }
          ],
          "suites": [],
          "passes": [
            "c11047f5-399d-4475-b578-1f6b806083ec",
            "6e290ca2-82c5-4c5d-a40b-e2566be34f42"
          ],
          "failures": [],
          "pending": [],
          "skipped": [],
          "duration": 10472,
          "root": false,
          "rootEmpty": false,
          "_timeout": 2000
        },
        {
          "uuid": "71b0ba83-d4a6-40c2-af77-384ced86d9b6",
          "title": "8 - Clicar em um pixel dentro do quadro após selecionar uma cor na paleta, faz com que o pixel seja preenchido com a cor selecionada.",
          "fullFile": "",
          "file": "",
          "beforeHooks": [],
          "afterHooks": [],
          "tests": [
            {
              "title": "Verifica se ao carregar a página deve ser possível pintar os pixels de preto",
              "fullTitle": "8 - Clicar em um pixel dentro do quadro após selecionar uma cor na paleta, faz com que o pixel seja preenchido com a cor selecionada. Verifica se ao carregar a página deve ser possível pintar os pixels de preto",
              "timedOut": null,
              "duration": 4749,
              "state": "failed",
              "speed": null,
              "pass": false,
              "fail": true,
              "pending": false,
              "context": null,
              "code": "cy.get('.pixel').each(function (pixel) {\n  cy.wrap(pixel).click().should('have.css', 'background-color', BLACK);\n});",
              "err": {
                "message": "CypressError: Timed out retrying: expected '<div.pixel>' to have CSS property 'background-color' with the value 'rgb(0, 0, 0)', but the value was 'rgb(255, 255, 255)'",
                "estack": "CypressError: Timed out retrying: expected '<div.pixel>' to have CSS property 'background-color' with the value 'rgb(0, 0, 0)', but the value was 'rgb(255, 255, 255)'\n    at cypressErr (http://localhost:34811/__cypress/runner/cypress_runner.js:149934:9)\n    at throwErr (http://localhost:34811/__cypress/runner/cypress_runner.js:149867:11)\n    at Object.throwErrByPath (http://localhost:34811/__cypress/runner/cypress_runner.js:149915:3)\n    at retry (http://localhost:34811/__cypress/runner/cypress_runner.js:144197:19)\n    at onFailFn (http://localhost:34811/__cypress/runner/cypress_runner.js:132448:16)\n    at tryCatcher (http://localhost:34811/__cypress/runner/cypress_runner.js:167415:23)\n    at Promise._settlePromiseFromHandler (http://localhost:34811/__cypress/runner/cypress_runner.js:165351:31)\n    at Promise._settlePromise (http://localhost:34811/__cypress/runner/cypress_runner.js:165408:18)\n    at Promise._settlePromise0 (http://localhost:34811/__cypress/runner/cypress_runner.js:165453:10)\n    at Promise._settlePromises (http://localhost:34811/__cypress/runner/cypress_runner.js:165528:18)\n    at Async../node_modules/bluebird/js/release/async.js.Async._drainQueue (http://localhost:34811/__cypress/runner/cypress_runner.js:162140:16)\n    at Async../node_modules/bluebird/js/release/async.js.Async._drainQueues (http://localhost:34811/__cypress/runner/cypress_runner.js:162150:10)\n    at Async.drainQueues (http://localhost:34811/__cypress/runner/cypress_runner.js:162024:14)",
                "diff": null
              },
              "uuid": "004fdb63-35a8-442c-ba0d-90340e39994f",
              "parentUUID": "71b0ba83-d4a6-40c2-af77-384ced86d9b6",
              "isHook": false,
              "skipped": false
            },
            {
              "title": "Verifica se após selecionar uma outra cor na paleta, é possível pintar os pixels com essa cor",
              "fullTitle": "8 - Clicar em um pixel dentro do quadro após selecionar uma cor na paleta, faz com que o pixel seja preenchido com a cor selecionada. Verifica se após selecionar uma outra cor na paleta, é possível pintar os pixels com essa cor",
              "timedOut": null,
              "duration": 5069,
              "state": "failed",
              "speed": null,
              "pass": false,
              "fail": true,
              "pending": false,
              "context": null,
              "code": "cy.get('.color').each(function (color) {\n  var backgroundColor = color.css('background-color');\n  cy.wrap(color).click();\n  cy.get('.pixel').each(function (pixel) {\n    cy.wrap(pixel).click().should('have.css', 'background-color', backgroundColor);\n  });\n});",
              "err": {
                "message": "CypressError: Timed out retrying: expected '<div.pixel>' to have CSS property 'background-color' with the value 'rgb(0, 0, 0)', but the value was 'rgb(255, 255, 255)'",
                "estack": "CypressError: Timed out retrying: expected '<div.pixel>' to have CSS property 'background-color' with the value 'rgb(0, 0, 0)', but the value was 'rgb(255, 255, 255)'\n    at cypressErr (http://localhost:34811/__cypress/runner/cypress_runner.js:149934:9)\n    at throwErr (http://localhost:34811/__cypress/runner/cypress_runner.js:149867:11)\n    at Object.throwErrByPath (http://localhost:34811/__cypress/runner/cypress_runner.js:149915:3)\n    at retry (http://localhost:34811/__cypress/runner/cypress_runner.js:144197:19)\n    at onFailFn (http://localhost:34811/__cypress/runner/cypress_runner.js:132448:16)\n    at tryCatcher (http://localhost:34811/__cypress/runner/cypress_runner.js:167415:23)\n    at Promise._settlePromiseFromHandler (http://localhost:34811/__cypress/runner/cypress_runner.js:165351:31)\n    at Promise._settlePromise (http://localhost:34811/__cypress/runner/cypress_runner.js:165408:18)\n    at Promise._settlePromise0 (http://localhost:34811/__cypress/runner/cypress_runner.js:165453:10)\n    at Promise._settlePromises (http://localhost:34811/__cypress/runner/cypress_runner.js:165528:18)\n    at Async../node_modules/bluebird/js/release/async.js.Async._drainQueue (http://localhost:34811/__cypress/runner/cypress_runner.js:162140:16)\n    at Async../node_modules/bluebird/js/release/async.js.Async._drainQueues (http://localhost:34811/__cypress/runner/cypress_runner.js:162150:10)\n    at Async.drainQueues (http://localhost:34811/__cypress/runner/cypress_runner.js:162024:14)",
                "diff": null
              },
              "uuid": "3c22d022-5267-4e8d-82af-c54063ddfd28",
              "parentUUID": "71b0ba83-d4a6-40c2-af77-384ced86d9b6",
              "isHook": false,
              "skipped": false
            },
            {
              "title": "Verifica se somente o pixel que foi clicado foi preenchido com a cor selecionada, sem influenciar na cor dos demais pixels.",
              "fullTitle": "8 - Clicar em um pixel dentro do quadro após selecionar uma cor na paleta, faz com que o pixel seja preenchido com a cor selecionada. Verifica se somente o pixel que foi clicado foi preenchido com a cor selecionada, sem influenciar na cor dos demais pixels.",
              "timedOut": null,
              "duration": 2537,
              "state": "passed",
              "speed": "slow",
              "pass": true,
              "fail": false,
              "pending": false,
              "context": null,
              "code": "var colorToPixelIndexMap = {\n  0: 6,\n  1: 8,\n  2: 16,\n  3: 18\n};\ncy.get('.color').each(function (color, index) {\n  cy.wrap(color).click();\n  var backgroundColor = color.css('background-color');\n  var clickedPixelIndex = colorToPixelIndexMap[index];\n  cy.get('.pixel').eq(clickedPixelIndex).click();\n  cy.get('.pixel').eq(clickedPixelIndex - 1).should('not.have.css', 'background-color', backgroundColor);\n  cy.get('.pixel').eq(clickedPixelIndex + 1).should('not.have.css', 'background-color', backgroundColor);\n  cy.get('.pixel').eq(clickedPixelIndex - 5).should('not.have.css', 'background-color', backgroundColor);\n  cy.get('.pixel').eq(clickedPixelIndex + 5).should('not.have.css', 'background-color', backgroundColor);\n  cy.get('.pixel').eq(clickedPixelIndex - 6).should('not.have.css', 'background-color', backgroundColor);\n  cy.get('.pixel').eq(clickedPixelIndex - 4).should('not.have.css', 'background-color', backgroundColor);\n  cy.get('.pixel').eq(clickedPixelIndex + 4).should('not.have.css', 'background-color', backgroundColor);\n  cy.get('.pixel').eq(clickedPixelIndex + 6).should('not.have.css', 'background-color', backgroundColor);\n});",
              "err": {},
              "uuid": "b4d64d02-3a94-4baa-9bb8-21854bab3631",
              "parentUUID": "71b0ba83-d4a6-40c2-af77-384ced86d9b6",
              "isHook": false,
              "skipped": false
            }
          ],
          "suites": [],
          "passes": [
            "b4d64d02-3a94-4baa-9bb8-21854bab3631"
          ],
          "failures": [
            "004fdb63-35a8-442c-ba0d-90340e39994f",
            "3c22d022-5267-4e8d-82af-c54063ddfd28"
          ],
          "pending": [],
          "skipped": [],
          "duration": 12355,
          "root": false,
          "rootEmpty": false,
          "_timeout": 2000
        },
        {
          "uuid": "e2bf86ab-b3b4-4f62-a4e5-bde7f9b70c30",
          "title": "9 - Crie um botão que, ao ser clicado, limpa o quadro preenchendo a cor de todos seus pixels com branco.",
          "fullFile": "",
          "file": "",
          "beforeHooks": [],
          "afterHooks": [],
          "tests": [
            {
              "title": "Verifica se o botão tem o `id` denominado `clear-board`",
              "fullTitle": "9 - Crie um botão que, ao ser clicado, limpa o quadro preenchendo a cor de todos seus pixels com branco. Verifica se o botão tem o `id` denominado `clear-board`",
              "timedOut": null,
              "duration": 4544,
              "state": "failed",
              "speed": null,
              "pass": false,
              "fail": true,
              "pending": false,
              "context": null,
              "code": "cy.get('#clear-board').should('be.visible');",
              "err": {
                "message": "CypressError: Timed out retrying: Expected to find element: '#clear-board', but never found it.",
                "estack": "CypressError: Timed out retrying: Expected to find element: '#clear-board', but never found it.\n    at cypressErr (http://localhost:34811/__cypress/runner/cypress_runner.js:149934:9)\n    at throwErr (http://localhost:34811/__cypress/runner/cypress_runner.js:149867:11)\n    at Object.throwErrByPath (http://localhost:34811/__cypress/runner/cypress_runner.js:149915:3)\n    at retry (http://localhost:34811/__cypress/runner/cypress_runner.js:144197:19)\n    at onFailFn (http://localhost:34811/__cypress/runner/cypress_runner.js:132448:16)\n    at tryCatcher (http://localhost:34811/__cypress/runner/cypress_runner.js:167415:23)\n    at Promise._settlePromiseFromHandler (http://localhost:34811/__cypress/runner/cypress_runner.js:165351:31)\n    at Promise._settlePromise (http://localhost:34811/__cypress/runner/cypress_runner.js:165408:18)\n    at Promise._settlePromise0 (http://localhost:34811/__cypress/runner/cypress_runner.js:165453:10)\n    at Promise._settlePromises (http://localhost:34811/__cypress/runner/cypress_runner.js:165528:18)\n    at Async../node_modules/bluebird/js/release/async.js.Async._drainQueue (http://localhost:34811/__cypress/runner/cypress_runner.js:162140:16)\n    at Async../node_modules/bluebird/js/release/async.js.Async._drainQueues (http://localhost:34811/__cypress/runner/cypress_runner.js:162150:10)\n    at Async.drainQueues (http://localhost:34811/__cypress/runner/cypress_runner.js:162024:14)",
                "diff": null
              },
              "uuid": "8fcdfb14-28da-4008-9a5a-0b891eccf0c6",
              "parentUUID": "e2bf86ab-b3b4-4f62-a4e5-bde7f9b70c30",
              "isHook": false,
              "skipped": false
            },
            {
              "title": "Verifica se o botão está posicionado entre a paleta de cores e o quadro de pixels",
              "fullTitle": "9 - Crie um botão que, ao ser clicado, limpa o quadro preenchendo a cor de todos seus pixels com branco. Verifica se o botão está posicionado entre a paleta de cores e o quadro de pixels",
              "timedOut": null,
              "duration": 4754,
              "state": "failed",
              "speed": null,
              "pass": false,
              "fail": true,
              "pending": false,
              "context": null,
              "code": "cy.get('#color-palette').then(function (palette) {\n  cy.get('#clear-board').should('be.belowOf', palette);\n});\ncy.get('#clear-board').then(function (clearBtn) {\n  cy.get('#pixel-board').should('be.belowOf', clearBtn);\n});",
              "err": {
                "message": "CypressError: Timed out retrying: Expected to find element: '#clear-board', but never found it.",
                "estack": "CypressError: Timed out retrying: Expected to find element: '#clear-board', but never found it.\n    at cypressErr (http://localhost:34811/__cypress/runner/cypress_runner.js:149934:9)\n    at throwErr (http://localhost:34811/__cypress/runner/cypress_runner.js:149867:11)\n    at Object.throwErrByPath (http://localhost:34811/__cypress/runner/cypress_runner.js:149915:3)\n    at retry (http://localhost:34811/__cypress/runner/cypress_runner.js:144197:19)\n    at onFailFn (http://localhost:34811/__cypress/runner/cypress_runner.js:132448:16)\n    at tryCatcher (http://localhost:34811/__cypress/runner/cypress_runner.js:167415:23)\n    at Promise._settlePromiseFromHandler (http://localhost:34811/__cypress/runner/cypress_runner.js:165351:31)\n    at Promise._settlePromise (http://localhost:34811/__cypress/runner/cypress_runner.js:165408:18)\n    at Promise._settlePromise0 (http://localhost:34811/__cypress/runner/cypress_runner.js:165453:10)\n    at Promise._settlePromises (http://localhost:34811/__cypress/runner/cypress_runner.js:165528:18)\n    at Async../node_modules/bluebird/js/release/async.js.Async._drainQueue (http://localhost:34811/__cypress/runner/cypress_runner.js:162140:16)\n    at Async../node_modules/bluebird/js/release/async.js.Async._drainQueues (http://localhost:34811/__cypress/runner/cypress_runner.js:162150:10)\n    at Async.drainQueues (http://localhost:34811/__cypress/runner/cypress_runner.js:162024:14)",
                "diff": null
              },
              "uuid": "d191bbfd-4677-4022-8c25-47ea1a959f51",
              "parentUUID": "e2bf86ab-b3b4-4f62-a4e5-bde7f9b70c30",
              "isHook": false,
              "skipped": false
            },
            {
              "title": "Verifica se o texto do botão é 'Limpar'",
              "fullTitle": "9 - Crie um botão que, ao ser clicado, limpa o quadro preenchendo a cor de todos seus pixels com branco. Verifica se o texto do botão é 'Limpar'",
              "timedOut": null,
              "duration": 4797,
              "state": "failed",
              "speed": null,
              "pass": false,
              "fail": true,
              "pending": false,
              "context": null,
              "code": "cy.get('#clear-board').should('contain.text', 'Limpar');",
              "err": {
                "message": "CypressError: Timed out retrying: Expected to find element: '#clear-board', but never found it.",
                "estack": "CypressError: Timed out retrying: Expected to find element: '#clear-board', but never found it.\n    at cypressErr (http://localhost:34811/__cypress/runner/cypress_runner.js:149934:9)\n    at throwErr (http://localhost:34811/__cypress/runner/cypress_runner.js:149867:11)\n    at Object.throwErrByPath (http://localhost:34811/__cypress/runner/cypress_runner.js:149915:3)\n    at retry (http://localhost:34811/__cypress/runner/cypress_runner.js:144197:19)\n    at onFailFn (http://localhost:34811/__cypress/runner/cypress_runner.js:132448:16)\n    at tryCatcher (http://localhost:34811/__cypress/runner/cypress_runner.js:167415:23)\n    at Promise._settlePromiseFromHandler (http://localhost:34811/__cypress/runner/cypress_runner.js:165351:31)\n    at Promise._settlePromise (http://localhost:34811/__cypress/runner/cypress_runner.js:165408:18)\n    at Promise._settlePromise0 (http://localhost:34811/__cypress/runner/cypress_runner.js:165453:10)\n    at Promise._settlePromises (http://localhost:34811/__cypress/runner/cypress_runner.js:165528:18)\n    at Async../node_modules/bluebird/js/release/async.js.Async._drainQueue (http://localhost:34811/__cypress/runner/cypress_runner.js:162140:16)\n    at Async../node_modules/bluebird/js/release/async.js.Async._drainQueues (http://localhost:34811/__cypress/runner/cypress_runner.js:162150:10)\n    at Async.drainQueues (http://localhost:34811/__cypress/runner/cypress_runner.js:162024:14)",
                "diff": null
              },
              "uuid": "98b3941b-f436-47d9-a64a-6b57f091a822",
              "parentUUID": "e2bf86ab-b3b4-4f62-a4e5-bde7f9b70c30",
              "isHook": false,
              "skipped": false
            },
            {
              "title": "Verifica se ao clicar no botão, o quadro de pixels é totalmente preenchido de branco",
              "fullTitle": "9 - Crie um botão que, ao ser clicado, limpa o quadro preenchendo a cor de todos seus pixels com branco. Verifica se ao clicar no botão, o quadro de pixels é totalmente preenchido de branco",
              "timedOut": null,
              "duration": 4962,
              "state": "failed",
              "speed": null,
              "pass": false,
              "fail": true,
              "pending": false,
              "context": null,
              "code": "cy.get('.color').eq(1).then(function (color) {\n  var backgroundColor = color.css('background-color');\n  cy.wrap(color).click();\n  cy.get('.pixel').each(function (pixel) {\n    cy.wrap(pixel).click().should('have.css', 'background-color', backgroundColor);\n  });\n});\ncy.get('#clear-board').click();\ncy.get('.pixel').each(function (pixel) {\n  cy.wrap(pixel).should('have.css', 'background-color', WHITE);\n});",
              "err": {
                "message": "CypressError: Timed out retrying: expected '<div.pixel>' to have CSS property 'background-color' with the value 'rgb(255, 0, 0)', but the value was 'rgb(255, 255, 255)'",
                "estack": "CypressError: Timed out retrying: expected '<div.pixel>' to have CSS property 'background-color' with the value 'rgb(255, 0, 0)', but the value was 'rgb(255, 255, 255)'\n    at cypressErr (http://localhost:34811/__cypress/runner/cypress_runner.js:149934:9)\n    at throwErr (http://localhost:34811/__cypress/runner/cypress_runner.js:149867:11)\n    at Object.throwErrByPath (http://localhost:34811/__cypress/runner/cypress_runner.js:149915:3)\n    at retry (http://localhost:34811/__cypress/runner/cypress_runner.js:144197:19)\n    at onFailFn (http://localhost:34811/__cypress/runner/cypress_runner.js:132448:16)\n    at tryCatcher (http://localhost:34811/__cypress/runner/cypress_runner.js:167415:23)\n    at Promise._settlePromiseFromHandler (http://localhost:34811/__cypress/runner/cypress_runner.js:165351:31)\n    at Promise._settlePromise (http://localhost:34811/__cypress/runner/cypress_runner.js:165408:18)\n    at Promise._settlePromise0 (http://localhost:34811/__cypress/runner/cypress_runner.js:165453:10)\n    at Promise._settlePromises (http://localhost:34811/__cypress/runner/cypress_runner.js:165528:18)\n    at Async../node_modules/bluebird/js/release/async.js.Async._drainQueue (http://localhost:34811/__cypress/runner/cypress_runner.js:162140:16)\n    at Async../node_modules/bluebird/js/release/async.js.Async._drainQueues (http://localhost:34811/__cypress/runner/cypress_runner.js:162150:10)\n    at Async.drainQueues (http://localhost:34811/__cypress/runner/cypress_runner.js:162024:14)",
                "diff": null
              },
              "uuid": "6019c146-eaa5-4d3a-b500-aa190a13dcb1",
              "parentUUID": "e2bf86ab-b3b4-4f62-a4e5-bde7f9b70c30",
              "isHook": false,
              "skipped": false
            }
          ],
          "suites": [],
          "passes": [],
          "failures": [
            "8fcdfb14-28da-4008-9a5a-0b891eccf0c6",
            "d191bbfd-4677-4022-8c25-47ea1a959f51",
            "98b3941b-f436-47d9-a64a-6b57f091a822",
            "6019c146-eaa5-4d3a-b500-aa190a13dcb1"
          ],
          "pending": [],
          "skipped": [],
          "duration": 19057,
          "root": false,
          "rootEmpty": false,
          "_timeout": 2000
        },
        {
          "uuid": "02617454-fee9-473f-bee5-943b436a4ee8",
          "title": "10 - Faça o quadro de pixels ter seu tamanho definido pelo usuário.",
          "fullFile": "",
          "file": "",
          "beforeHooks": [],
          "afterHooks": [],
          "tests": [
            {
              "title": "Verifica se existe um input com o id `board-size`",
              "fullTitle": "10 - Faça o quadro de pixels ter seu tamanho definido pelo usuário. Verifica se existe um input com o id `board-size`",
              "timedOut": null,
              "duration": 4740,
              "state": "failed",
              "speed": null,
              "pass": false,
              "fail": true,
              "pending": false,
              "context": null,
              "code": "cy.get('#board-size').should('be.visible');",
              "err": {
                "message": "CypressError: Timed out retrying: Expected to find element: '#board-size', but never found it.",
                "estack": "CypressError: Timed out retrying: Expected to find element: '#board-size', but never found it.\n    at cypressErr (http://localhost:34811/__cypress/runner/cypress_runner.js:149934:9)\n    at throwErr (http://localhost:34811/__cypress/runner/cypress_runner.js:149867:11)\n    at Object.throwErrByPath (http://localhost:34811/__cypress/runner/cypress_runner.js:149915:3)\n    at retry (http://localhost:34811/__cypress/runner/cypress_runner.js:144197:19)\n    at onFailFn (http://localhost:34811/__cypress/runner/cypress_runner.js:132448:16)\n    at tryCatcher (http://localhost:34811/__cypress/runner/cypress_runner.js:167415:23)\n    at Promise._settlePromiseFromHandler (http://localhost:34811/__cypress/runner/cypress_runner.js:165351:31)\n    at Promise._settlePromise (http://localhost:34811/__cypress/runner/cypress_runner.js:165408:18)\n    at Promise._settlePromise0 (http://localhost:34811/__cypress/runner/cypress_runner.js:165453:10)\n    at Promise._settlePromises (http://localhost:34811/__cypress/runner/cypress_runner.js:165528:18)\n    at Async../node_modules/bluebird/js/release/async.js.Async._drainQueue (http://localhost:34811/__cypress/runner/cypress_runner.js:162140:16)\n    at Async../node_modules/bluebird/js/release/async.js.Async._drainQueues (http://localhost:34811/__cypress/runner/cypress_runner.js:162150:10)\n    at Async.drainQueues (http://localhost:34811/__cypress/runner/cypress_runner.js:162024:14)",
                "diff": null
              },
              "uuid": "cd5f07dd-100b-4dac-bc34-28a4394eb1ab",
              "parentUUID": "02617454-fee9-473f-bee5-943b436a4ee8",
              "isHook": false,
              "skipped": false
            },
            {
              "title": "Verifica se existe um botão com o id `generate-board`",
              "fullTitle": "10 - Faça o quadro de pixels ter seu tamanho definido pelo usuário. Verifica se existe um botão com o id `generate-board`",
              "timedOut": null,
              "duration": 4777,
              "state": "failed",
              "speed": null,
              "pass": false,
              "fail": true,
              "pending": false,
              "context": null,
              "code": "cy.get('#generate-board').should('be.visible');",
              "err": {
                "message": "CypressError: Timed out retrying: Expected to find element: '#generate-board', but never found it.",
                "estack": "CypressError: Timed out retrying: Expected to find element: '#generate-board', but never found it.\n    at cypressErr (http://localhost:34811/__cypress/runner/cypress_runner.js:149934:9)\n    at throwErr (http://localhost:34811/__cypress/runner/cypress_runner.js:149867:11)\n    at Object.throwErrByPath (http://localhost:34811/__cypress/runner/cypress_runner.js:149915:3)\n    at retry (http://localhost:34811/__cypress/runner/cypress_runner.js:144197:19)\n    at onFailFn (http://localhost:34811/__cypress/runner/cypress_runner.js:132448:16)\n    at tryCatcher (http://localhost:34811/__cypress/runner/cypress_runner.js:167415:23)\n    at Promise._settlePromiseFromHandler (http://localhost:34811/__cypress/runner/cypress_runner.js:165351:31)\n    at Promise._settlePromise (http://localhost:34811/__cypress/runner/cypress_runner.js:165408:18)\n    at Promise._settlePromise0 (http://localhost:34811/__cypress/runner/cypress_runner.js:165453:10)\n    at Promise._settlePromises (http://localhost:34811/__cypress/runner/cypress_runner.js:165528:18)\n    at Async../node_modules/bluebird/js/release/async.js.Async._drainQueue (http://localhost:34811/__cypress/runner/cypress_runner.js:162140:16)\n    at Async../node_modules/bluebird/js/release/async.js.Async._drainQueues (http://localhost:34811/__cypress/runner/cypress_runner.js:162150:10)\n    at Async.drainQueues (http://localhost:34811/__cypress/runner/cypress_runner.js:162024:14)",
                "diff": null
              },
              "uuid": "239ea9ef-1ac0-4ad9-be31-59f7a73ec6bf",
              "parentUUID": "02617454-fee9-473f-bee5-943b436a4ee8",
              "isHook": false,
              "skipped": false
            },
            {
              "title": "Verifica se o input só aceita número maiores que zero. Essa restrição deve ser feita usando os atributos do elemento `input`",
              "fullTitle": "10 - Faça o quadro de pixels ter seu tamanho definido pelo usuário. Verifica se o input só aceita número maiores que zero. Essa restrição deve ser feita usando os atributos do elemento `input`",
              "timedOut": null,
              "duration": 4663,
              "state": "failed",
              "speed": null,
              "pass": false,
              "fail": true,
              "pending": false,
              "context": null,
              "code": "cy.get('#board-size[type=\\'number\\'][min=\\'1\\']');",
              "err": {
                "message": "CypressError: Timed out retrying: Expected to find element: '#board-size[type='number'][min='1']', but never found it.",
                "estack": "CypressError: Timed out retrying: Expected to find element: '#board-size[type='number'][min='1']', but never found it.\n    at cypressErr (http://localhost:34811/__cypress/runner/cypress_runner.js:149934:9)\n    at throwErr (http://localhost:34811/__cypress/runner/cypress_runner.js:149867:11)\n    at Object.throwErrByPath (http://localhost:34811/__cypress/runner/cypress_runner.js:149915:3)\n    at retry (http://localhost:34811/__cypress/runner/cypress_runner.js:144197:19)\n    at onFailFn (http://localhost:34811/__cypress/runner/cypress_runner.js:132448:16)\n    at tryCatcher (http://localhost:34811/__cypress/runner/cypress_runner.js:167415:23)\n    at Promise._settlePromiseFromHandler (http://localhost:34811/__cypress/runner/cypress_runner.js:165351:31)\n    at Promise._settlePromise (http://localhost:34811/__cypress/runner/cypress_runner.js:165408:18)\n    at Promise._settlePromise0 (http://localhost:34811/__cypress/runner/cypress_runner.js:165453:10)\n    at Promise._settlePromises (http://localhost:34811/__cypress/runner/cypress_runner.js:165528:18)\n    at Async../node_modules/bluebird/js/release/async.js.Async._drainQueue (http://localhost:34811/__cypress/runner/cypress_runner.js:162140:16)\n    at Async../node_modules/bluebird/js/release/async.js.Async._drainQueues (http://localhost:34811/__cypress/runner/cypress_runner.js:162150:10)\n    at Async.drainQueues (http://localhost:34811/__cypress/runner/cypress_runner.js:162024:14)",
                "diff": null
              },
              "uuid": "bcf79adc-e157-4142-94b3-065f51691f88",
              "parentUUID": "02617454-fee9-473f-bee5-943b436a4ee8",
              "isHook": false,
              "skipped": false
            },
            {
              "title": "Verifica se o botão contém o texto 'VQV'",
              "fullTitle": "10 - Faça o quadro de pixels ter seu tamanho definido pelo usuário. Verifica se o botão contém o texto 'VQV'",
              "timedOut": null,
              "duration": 4882,
              "state": "failed",
              "speed": null,
              "pass": false,
              "fail": true,
              "pending": false,
              "context": null,
              "code": "cy.get('#generate-board').contains(/vqv/i);",
              "err": {
                "message": "CypressError: Timed out retrying: Expected to find element: '#generate-board', but never found it.",
                "estack": "CypressError: Timed out retrying: Expected to find element: '#generate-board', but never found it.\n    at cypressErr (http://localhost:34811/__cypress/runner/cypress_runner.js:149934:9)\n    at throwErr (http://localhost:34811/__cypress/runner/cypress_runner.js:149867:11)\n    at Object.throwErrByPath (http://localhost:34811/__cypress/runner/cypress_runner.js:149915:3)\n    at retry (http://localhost:34811/__cypress/runner/cypress_runner.js:144197:19)\n    at onFailFn (http://localhost:34811/__cypress/runner/cypress_runner.js:132448:16)\n    at tryCatcher (http://localhost:34811/__cypress/runner/cypress_runner.js:167415:23)\n    at Promise._settlePromiseFromHandler (http://localhost:34811/__cypress/runner/cypress_runner.js:165351:31)\n    at Promise._settlePromise (http://localhost:34811/__cypress/runner/cypress_runner.js:165408:18)\n    at Promise._settlePromise0 (http://localhost:34811/__cypress/runner/cypress_runner.js:165453:10)\n    at Promise._settlePromises (http://localhost:34811/__cypress/runner/cypress_runner.js:165528:18)\n    at Async../node_modules/bluebird/js/release/async.js.Async._drainQueue (http://localhost:34811/__cypress/runner/cypress_runner.js:162140:16)\n    at Async../node_modules/bluebird/js/release/async.js.Async._drainQueues (http://localhost:34811/__cypress/runner/cypress_runner.js:162150:10)\n    at Async.drainQueues (http://localhost:34811/__cypress/runner/cypress_runner.js:162024:14)",
                "diff": null
              },
              "uuid": "78e91db8-ff09-4d15-8b6e-0dead81f380d",
              "parentUUID": "02617454-fee9-473f-bee5-943b436a4ee8",
              "isHook": false,
              "skipped": false
            },
            {
              "title": "Verifica se o input está posicionado entre a paleta de cores e o quadro de pixels",
              "fullTitle": "10 - Faça o quadro de pixels ter seu tamanho definido pelo usuário. Verifica se o input está posicionado entre a paleta de cores e o quadro de pixels",
              "timedOut": null,
              "duration": 4852,
              "state": "failed",
              "speed": null,
              "pass": false,
              "fail": true,
              "pending": false,
              "context": null,
              "code": "cy.get('#color-palette').then(function (palette) {\n  cy.get('#board-size').should('be.belowOf', palette);\n});\ncy.get('#board-size').then(function (palette) {\n  cy.get('#pixel-board').should('be.belowOf', palette);\n});",
              "err": {
                "message": "CypressError: Timed out retrying: Expected to find element: '#board-size', but never found it.",
                "estack": "CypressError: Timed out retrying: Expected to find element: '#board-size', but never found it.\n    at cypressErr (http://localhost:34811/__cypress/runner/cypress_runner.js:149934:9)\n    at throwErr (http://localhost:34811/__cypress/runner/cypress_runner.js:149867:11)\n    at Object.throwErrByPath (http://localhost:34811/__cypress/runner/cypress_runner.js:149915:3)\n    at retry (http://localhost:34811/__cypress/runner/cypress_runner.js:144197:19)\n    at onFailFn (http://localhost:34811/__cypress/runner/cypress_runner.js:132448:16)\n    at tryCatcher (http://localhost:34811/__cypress/runner/cypress_runner.js:167415:23)\n    at Promise._settlePromiseFromHandler (http://localhost:34811/__cypress/runner/cypress_runner.js:165351:31)\n    at Promise._settlePromise (http://localhost:34811/__cypress/runner/cypress_runner.js:165408:18)\n    at Promise._settlePromise0 (http://localhost:34811/__cypress/runner/cypress_runner.js:165453:10)\n    at Promise._settlePromises (http://localhost:34811/__cypress/runner/cypress_runner.js:165528:18)\n    at Async../node_modules/bluebird/js/release/async.js.Async._drainQueue (http://localhost:34811/__cypress/runner/cypress_runner.js:162140:16)\n    at Async../node_modules/bluebird/js/release/async.js.Async._drainQueues (http://localhost:34811/__cypress/runner/cypress_runner.js:162150:10)\n    at Async.drainQueues (http://localhost:34811/__cypress/runner/cypress_runner.js:162024:14)",
                "diff": null
              },
              "uuid": "6ea6dba0-5b7e-4d1a-ba2b-b966dd08bfb8",
              "parentUUID": "02617454-fee9-473f-bee5-943b436a4ee8",
              "isHook": false,
              "skipped": false
            },
            {
              "title": "Verifica se o botão está posicionado ao lado do input",
              "fullTitle": "10 - Faça o quadro de pixels ter seu tamanho definido pelo usuário. Verifica se o botão está posicionado ao lado do input",
              "timedOut": null,
              "duration": 4849,
              "state": "failed",
              "speed": null,
              "pass": false,
              "fail": true,
              "pending": false,
              "context": null,
              "code": "cy.get('#board-size').then(function (board) {\n  cy.get('#generate-board').should('be.onTheRightOf', board);\n});",
              "err": {
                "message": "CypressError: Timed out retrying: Expected to find element: '#board-size', but never found it.",
                "estack": "CypressError: Timed out retrying: Expected to find element: '#board-size', but never found it.\n    at cypressErr (http://localhost:34811/__cypress/runner/cypress_runner.js:149934:9)\n    at throwErr (http://localhost:34811/__cypress/runner/cypress_runner.js:149867:11)\n    at Object.throwErrByPath (http://localhost:34811/__cypress/runner/cypress_runner.js:149915:3)\n    at retry (http://localhost:34811/__cypress/runner/cypress_runner.js:144197:19)\n    at onFailFn (http://localhost:34811/__cypress/runner/cypress_runner.js:132448:16)\n    at tryCatcher (http://localhost:34811/__cypress/runner/cypress_runner.js:167415:23)\n    at Promise._settlePromiseFromHandler (http://localhost:34811/__cypress/runner/cypress_runner.js:165351:31)\n    at Promise._settlePromise (http://localhost:34811/__cypress/runner/cypress_runner.js:165408:18)\n    at Promise._settlePromise0 (http://localhost:34811/__cypress/runner/cypress_runner.js:165453:10)\n    at Promise._settlePromises (http://localhost:34811/__cypress/runner/cypress_runner.js:165528:18)\n    at Async../node_modules/bluebird/js/release/async.js.Async._drainQueue (http://localhost:34811/__cypress/runner/cypress_runner.js:162140:16)\n    at Async../node_modules/bluebird/js/release/async.js.Async._drainQueues (http://localhost:34811/__cypress/runner/cypress_runner.js:162150:10)\n    at Async.drainQueues (http://localhost:34811/__cypress/runner/cypress_runner.js:162024:14)",
                "diff": null
              },
              "uuid": "aaa21f21-7fa5-458f-871a-91ad090c4ae1",
              "parentUUID": "02617454-fee9-473f-bee5-943b436a4ee8",
              "isHook": false,
              "skipped": false
            },
            {
              "title": "Verifica se nenhum valor for colocado no input ao clicar no botão, um `alert` é exibido com o texto: 'Board inválido!'",
              "fullTitle": "10 - Faça o quadro de pixels ter seu tamanho definido pelo usuário. Verifica se nenhum valor for colocado no input ao clicar no botão, um `alert` é exibido com o texto: 'Board inválido!'",
              "timedOut": null,
              "duration": 4835,
              "state": "failed",
              "speed": null,
              "pass": false,
              "fail": true,
              "pending": false,
              "context": null,
              "code": "var alerted = false;\ncy.on('window:alert', function (msg) {\n  return alerted = msg;\n});\ncy.get('#generate-board').click().then(function () {\n  return expect(alerted).to.match(/Board inválido!/i);\n});",
              "err": {
                "message": "CypressError: Timed out retrying: Expected to find element: '#generate-board', but never found it.",
                "estack": "CypressError: Timed out retrying: Expected to find element: '#generate-board', but never found it.\n    at cypressErr (http://localhost:34811/__cypress/runner/cypress_runner.js:149934:9)\n    at throwErr (http://localhost:34811/__cypress/runner/cypress_runner.js:149867:11)\n    at Object.throwErrByPath (http://localhost:34811/__cypress/runner/cypress_runner.js:149915:3)\n    at retry (http://localhost:34811/__cypress/runner/cypress_runner.js:144197:19)\n    at onFailFn (http://localhost:34811/__cypress/runner/cypress_runner.js:132448:16)\n    at tryCatcher (http://localhost:34811/__cypress/runner/cypress_runner.js:167415:23)\n    at Promise._settlePromiseFromHandler (http://localhost:34811/__cypress/runner/cypress_runner.js:165351:31)\n    at Promise._settlePromise (http://localhost:34811/__cypress/runner/cypress_runner.js:165408:18)\n    at Promise._settlePromise0 (http://localhost:34811/__cypress/runner/cypress_runner.js:165453:10)\n    at Promise._settlePromises (http://localhost:34811/__cypress/runner/cypress_runner.js:165528:18)\n    at Async../node_modules/bluebird/js/release/async.js.Async._drainQueue (http://localhost:34811/__cypress/runner/cypress_runner.js:162140:16)\n    at Async../node_modules/bluebird/js/release/async.js.Async._drainQueues (http://localhost:34811/__cypress/runner/cypress_runner.js:162150:10)\n    at Async.drainQueues (http://localhost:34811/__cypress/runner/cypress_runner.js:162024:14)",
                "diff": null
              },
              "uuid": "5a520f22-948d-40cf-a7bc-0106076db931",
              "parentUUID": "02617454-fee9-473f-bee5-943b436a4ee8",
              "isHook": false,
              "skipped": false
            },
            {
              "title": "Verifica se ao clicar no botão com um valor preenchido, o tamanho do board muda.",
              "fullTitle": "10 - Faça o quadro de pixels ter seu tamanho definido pelo usuário. Verifica se ao clicar no botão com um valor preenchido, o tamanho do board muda.",
              "timedOut": null,
              "duration": 4959,
              "state": "failed",
              "speed": null,
              "pass": false,
              "fail": true,
              "pending": false,
              "context": null,
              "code": "cy.get('#board-size').clear().type(10);\ncy.get('#generate-board').click();\ncy.get('.pixel').should('have.length', 100);",
              "err": {
                "message": "CypressError: Timed out retrying: Expected to find element: '#board-size', but never found it.",
                "estack": "CypressError: Timed out retrying: Expected to find element: '#board-size', but never found it.\n    at cypressErr (http://localhost:34811/__cypress/runner/cypress_runner.js:149934:9)\n    at throwErr (http://localhost:34811/__cypress/runner/cypress_runner.js:149867:11)\n    at Object.throwErrByPath (http://localhost:34811/__cypress/runner/cypress_runner.js:149915:3)\n    at retry (http://localhost:34811/__cypress/runner/cypress_runner.js:144197:19)\n    at onFailFn (http://localhost:34811/__cypress/runner/cypress_runner.js:132448:16)\n    at tryCatcher (http://localhost:34811/__cypress/runner/cypress_runner.js:167415:23)\n    at Promise._settlePromiseFromHandler (http://localhost:34811/__cypress/runner/cypress_runner.js:165351:31)\n    at Promise._settlePromise (http://localhost:34811/__cypress/runner/cypress_runner.js:165408:18)\n    at Promise._settlePromise0 (http://localhost:34811/__cypress/runner/cypress_runner.js:165453:10)\n    at Promise._settlePromises (http://localhost:34811/__cypress/runner/cypress_runner.js:165528:18)\n    at Async../node_modules/bluebird/js/release/async.js.Async._drainQueue (http://localhost:34811/__cypress/runner/cypress_runner.js:162140:16)\n    at Async../node_modules/bluebird/js/release/async.js.Async._drainQueues (http://localhost:34811/__cypress/runner/cypress_runner.js:162150:10)\n    at Async.drainQueues (http://localhost:34811/__cypress/runner/cypress_runner.js:162024:14)",
                "diff": null
              },
              "uuid": "bc3efe56-a051-49bb-ba76-bc681f03605c",
              "parentUUID": "02617454-fee9-473f-bee5-943b436a4ee8",
              "isHook": false,
              "skipped": false
            },
            {
              "title": "Verifica se o novo quadro tem todos os pixels preenchidos com a cor branca",
              "fullTitle": "10 - Faça o quadro de pixels ter seu tamanho definido pelo usuário. Verifica se o novo quadro tem todos os pixels preenchidos com a cor branca",
              "timedOut": null,
              "duration": 4783,
              "state": "failed",
              "speed": null,
              "pass": false,
              "fail": true,
              "pending": false,
              "context": null,
              "code": "cy.get('#board-size').clear().type(6);\ncy.get('#generate-board').click();\ncy.get('.pixel').should('have.length', 36).each(function (pixel) {\n  expect(pixel).to.have.css('background-color', WHITE);\n});",
              "err": {
                "message": "CypressError: Timed out retrying: Expected to find element: '#board-size', but never found it.",
                "estack": "CypressError: Timed out retrying: Expected to find element: '#board-size', but never found it.\n    at cypressErr (http://localhost:34811/__cypress/runner/cypress_runner.js:149934:9)\n    at throwErr (http://localhost:34811/__cypress/runner/cypress_runner.js:149867:11)\n    at Object.throwErrByPath (http://localhost:34811/__cypress/runner/cypress_runner.js:149915:3)\n    at retry (http://localhost:34811/__cypress/runner/cypress_runner.js:144197:19)\n    at onFailFn (http://localhost:34811/__cypress/runner/cypress_runner.js:132448:16)\n    at tryCatcher (http://localhost:34811/__cypress/runner/cypress_runner.js:167415:23)\n    at Promise._settlePromiseFromHandler (http://localhost:34811/__cypress/runner/cypress_runner.js:165351:31)\n    at Promise._settlePromise (http://localhost:34811/__cypress/runner/cypress_runner.js:165408:18)\n    at Promise._settlePromise0 (http://localhost:34811/__cypress/runner/cypress_runner.js:165453:10)\n    at Promise._settlePromises (http://localhost:34811/__cypress/runner/cypress_runner.js:165528:18)\n    at Async../node_modules/bluebird/js/release/async.js.Async._drainQueue (http://localhost:34811/__cypress/runner/cypress_runner.js:162140:16)\n    at Async../node_modules/bluebird/js/release/async.js.Async._drainQueues (http://localhost:34811/__cypress/runner/cypress_runner.js:162150:10)\n    at Async.drainQueues (http://localhost:34811/__cypress/runner/cypress_runner.js:162024:14)",
                "diff": null
              },
              "uuid": "b1fe1a8a-ef6b-4801-b191-7cebae8517ee",
              "parentUUID": "02617454-fee9-473f-bee5-943b436a4ee8",
              "isHook": false,
              "skipped": false
            }
          ],
          "suites": [],
          "passes": [],
          "failures": [
            "cd5f07dd-100b-4dac-bc34-28a4394eb1ab",
            "239ea9ef-1ac0-4ad9-be31-59f7a73ec6bf",
            "bcf79adc-e157-4142-94b3-065f51691f88",
            "78e91db8-ff09-4d15-8b6e-0dead81f380d",
            "6ea6dba0-5b7e-4d1a-ba2b-b966dd08bfb8",
            "aaa21f21-7fa5-458f-871a-91ad090c4ae1",
            "5a520f22-948d-40cf-a7bc-0106076db931",
            "bc3efe56-a051-49bb-ba76-bc681f03605c",
            "b1fe1a8a-ef6b-4801-b191-7cebae8517ee"
          ],
          "pending": [],
          "skipped": [],
          "duration": 43340,
          "root": false,
          "rootEmpty": false,
          "_timeout": 2000
        },
        {
          "uuid": "fe767454-b557-4cd5-aaf3-c231f62a4f57",
          "title": "11 - Limite o tamanho mínimo e máximo do board.",
          "fullFile": "",
          "file": "",
          "beforeHooks": [],
          "afterHooks": [],
          "tests": [
            {
              "title": "Verifica se a altura máxima do board é 50",
              "fullTitle": "11 - Limite o tamanho mínimo e máximo do board. Verifica se a altura máxima do board é 50",
              "timedOut": null,
              "duration": 4720,
              "state": "failed",
              "speed": null,
              "pass": false,
              "fail": true,
              "pending": false,
              "context": null,
              "code": "cy.get('#board-size').clear().type(50);\ncy.get('#generate-board').click();\ncy.get('.pixel').should('have.length', 2500);",
              "err": {
                "message": "CypressError: Timed out retrying: Expected to find element: '#board-size', but never found it.",
                "estack": "CypressError: Timed out retrying: Expected to find element: '#board-size', but never found it.\n    at cypressErr (http://localhost:34811/__cypress/runner/cypress_runner.js:149934:9)\n    at throwErr (http://localhost:34811/__cypress/runner/cypress_runner.js:149867:11)\n    at Object.throwErrByPath (http://localhost:34811/__cypress/runner/cypress_runner.js:149915:3)\n    at retry (http://localhost:34811/__cypress/runner/cypress_runner.js:144197:19)\n    at onFailFn (http://localhost:34811/__cypress/runner/cypress_runner.js:132448:16)\n    at tryCatcher (http://localhost:34811/__cypress/runner/cypress_runner.js:167415:23)\n    at Promise._settlePromiseFromHandler (http://localhost:34811/__cypress/runner/cypress_runner.js:165351:31)\n    at Promise._settlePromise (http://localhost:34811/__cypress/runner/cypress_runner.js:165408:18)\n    at Promise._settlePromise0 (http://localhost:34811/__cypress/runner/cypress_runner.js:165453:10)\n    at Promise._settlePromises (http://localhost:34811/__cypress/runner/cypress_runner.js:165528:18)\n    at Async../node_modules/bluebird/js/release/async.js.Async._drainQueue (http://localhost:34811/__cypress/runner/cypress_runner.js:162140:16)\n    at Async../node_modules/bluebird/js/release/async.js.Async._drainQueues (http://localhost:34811/__cypress/runner/cypress_runner.js:162150:10)\n    at Async.drainQueues (http://localhost:34811/__cypress/runner/cypress_runner.js:162024:14)",
                "diff": null
              },
              "uuid": "5994e48b-1818-42a9-9dc5-2309372f5a00",
              "parentUUID": "fe767454-b557-4cd5-aaf3-c231f62a4f57",
              "isHook": false,
              "skipped": false
            },
            {
              "title": "Verifica se a altura do board é 5 quando um valor menor é colocado no input",
              "fullTitle": "11 - Limite o tamanho mínimo e máximo do board. Verifica se a altura do board é 5 quando um valor menor é colocado no input",
              "timedOut": null,
              "duration": 4732,
              "state": "failed",
              "speed": null,
              "pass": false,
              "fail": true,
              "pending": false,
              "context": null,
              "code": "cy.get('#board-size').clear().type(4);\ncy.get('#generate-board').click();\ncy.get('.pixel').should('have.length', 25);",
              "err": {
                "message": "CypressError: Timed out retrying: Expected to find element: '#board-size', but never found it.",
                "estack": "CypressError: Timed out retrying: Expected to find element: '#board-size', but never found it.\n    at cypressErr (http://localhost:34811/__cypress/runner/cypress_runner.js:149934:9)\n    at throwErr (http://localhost:34811/__cypress/runner/cypress_runner.js:149867:11)\n    at Object.throwErrByPath (http://localhost:34811/__cypress/runner/cypress_runner.js:149915:3)\n    at retry (http://localhost:34811/__cypress/runner/cypress_runner.js:144197:19)\n    at onFailFn (http://localhost:34811/__cypress/runner/cypress_runner.js:132448:16)\n    at tryCatcher (http://localhost:34811/__cypress/runner/cypress_runner.js:167415:23)\n    at Promise._settlePromiseFromHandler (http://localhost:34811/__cypress/runner/cypress_runner.js:165351:31)\n    at Promise._settlePromise (http://localhost:34811/__cypress/runner/cypress_runner.js:165408:18)\n    at Promise._settlePromise0 (http://localhost:34811/__cypress/runner/cypress_runner.js:165453:10)\n    at Promise._settlePromises (http://localhost:34811/__cypress/runner/cypress_runner.js:165528:18)\n    at Async../node_modules/bluebird/js/release/async.js.Async._drainQueue (http://localhost:34811/__cypress/runner/cypress_runner.js:162140:16)\n    at Async../node_modules/bluebird/js/release/async.js.Async._drainQueues (http://localhost:34811/__cypress/runner/cypress_runner.js:162150:10)\n    at Async.drainQueues (http://localhost:34811/__cypress/runner/cypress_runner.js:162024:14)",
                "diff": null
              },
              "uuid": "a8021241-ee80-4415-bca8-5b36001f2a3c",
              "parentUUID": "fe767454-b557-4cd5-aaf3-c231f62a4f57",
              "isHook": false,
              "skipped": false
            },
            {
              "title": "Verifica se a altura do board é 50 quando um valor maior é colocado no input",
              "fullTitle": "11 - Limite o tamanho mínimo e máximo do board. Verifica se a altura do board é 50 quando um valor maior é colocado no input",
              "timedOut": null,
              "duration": 4855,
              "state": "failed",
              "speed": null,
              "pass": false,
              "fail": true,
              "pending": false,
              "context": null,
              "code": "cy.get('#board-size').clear().type(51);\ncy.get('#generate-board').click();\ncy.get('.pixel').should('have.length', 2500);",
              "err": {
                "message": "CypressError: Timed out retrying: Expected to find element: '#board-size', but never found it.",
                "estack": "CypressError: Timed out retrying: Expected to find element: '#board-size', but never found it.\n    at cypressErr (http://localhost:34811/__cypress/runner/cypress_runner.js:149934:9)\n    at throwErr (http://localhost:34811/__cypress/runner/cypress_runner.js:149867:11)\n    at Object.throwErrByPath (http://localhost:34811/__cypress/runner/cypress_runner.js:149915:3)\n    at retry (http://localhost:34811/__cypress/runner/cypress_runner.js:144197:19)\n    at onFailFn (http://localhost:34811/__cypress/runner/cypress_runner.js:132448:16)\n    at tryCatcher (http://localhost:34811/__cypress/runner/cypress_runner.js:167415:23)\n    at Promise._settlePromiseFromHandler (http://localhost:34811/__cypress/runner/cypress_runner.js:165351:31)\n    at Promise._settlePromise (http://localhost:34811/__cypress/runner/cypress_runner.js:165408:18)\n    at Promise._settlePromise0 (http://localhost:34811/__cypress/runner/cypress_runner.js:165453:10)\n    at Promise._settlePromises (http://localhost:34811/__cypress/runner/cypress_runner.js:165528:18)\n    at Async../node_modules/bluebird/js/release/async.js.Async._drainQueue (http://localhost:34811/__cypress/runner/cypress_runner.js:162140:16)\n    at Async../node_modules/bluebird/js/release/async.js.Async._drainQueues (http://localhost:34811/__cypress/runner/cypress_runner.js:162150:10)\n    at Async.drainQueues (http://localhost:34811/__cypress/runner/cypress_runner.js:162024:14)",
                "diff": null
              },
              "uuid": "b402a027-9a0f-4ce1-ad1a-f21220dfcb86",
              "parentUUID": "fe767454-b557-4cd5-aaf3-c231f62a4f57",
              "isHook": false,
              "skipped": false
            }
          ],
          "suites": [],
          "passes": [],
          "failures": [
            "5994e48b-1818-42a9-9dc5-2309372f5a00",
            "a8021241-ee80-4415-bca8-5b36001f2a3c",
            "b402a027-9a0f-4ce1-ad1a-f21220dfcb86"
          ],
          "pending": [],
          "skipped": [],
          "duration": 14307,
          "root": false,
          "rootEmpty": false,
          "_timeout": 2000
        },
        {
          "uuid": "1190aa1f-ff65-403d-ba0a-d36ba4c81856",
          "title": "12 - Faça com que as cores da paleta sejam geradas aleatoriamente ao carregar a página.",
          "fullFile": "",
          "file": "",
          "beforeHooks": [],
          "afterHooks": [],
          "tests": [
            {
              "title": "Verifica se as cores geradas na paleta são diferentes a cada carregamento da página",
              "fullTitle": "12 - Faça com que as cores da paleta sejam geradas aleatoriamente ao carregar a página. Verifica se as cores geradas na paleta são diferentes a cada carregamento da página",
              "timedOut": null,
              "duration": 930,
              "state": "failed",
              "speed": null,
              "pass": false,
              "fail": true,
              "pending": false,
              "context": null,
              "code": "cy.get('.color').then(function (colors) {\n  var currentColors;\n  var previousColors;\n  previousColors = Array.from(colors).map(function (color) {\n    return Cypress.$(color).css('background-color');\n  });\n  for (var i = 0; i < 5; i += 1) {\n    cy.reload();\n    cy.get('.color').then(function (colors) {\n      currentColors = Array.from(colors).map(function (color) {\n        return Cypress.$(color).css('background-color');\n      });\n      expect(currentColors).not.to.deep.equal(previousColors);\n      previousColors = currentColors;\n    });\n  }\n});",
              "err": {
                "message": "AssertionError: expected [ Array(4) ] to not deeply equal [ Array(4) ]",
                "estack": "AssertionError: expected [ Array(4) ] to not deeply equal [ Array(4) ]\n    at getRet (http://localhost:34811/__cypress/runner/cypress_runner.js:136585:16)\n    at tryCatcher (http://localhost:34811/__cypress/runner/cypress_runner.js:167415:23)\n    at Function.Promise.attempt.Promise.try (http://localhost:34811/__cypress/runner/cypress_runner.js:164690:29)\n    at Context.thenFn (http://localhost:34811/__cypress/runner/cypress_runner.js:136599:23)\n    at Context.then (http://localhost:34811/__cypress/runner/cypress_runner.js:136971:21)\n    at Context.<anonymous> (http://localhost:34811/__cypress/runner/cypress_runner.js:148875:21)\n    at http://localhost:34811/__cypress/runner/cypress_runner.js:148351:33\n    at tryCatcher (http://localhost:34811/__cypress/runner/cypress_runner.js:167415:23)\n    at Promise._settlePromiseFromHandler (http://localhost:34811/__cypress/runner/cypress_runner.js:165351:31)\n    at Promise._settlePromise (http://localhost:34811/__cypress/runner/cypress_runner.js:165408:18)\n    at Promise._settlePromiseCtx (http://localhost:34811/__cypress/runner/cypress_runner.js:165445:10)\n    at Async../node_modules/bluebird/js/release/async.js.Async._drainQueue (http://localhost:34811/__cypress/runner/cypress_runner.js:162145:12)\n    at Async../node_modules/bluebird/js/release/async.js.Async._drainQueues (http://localhost:34811/__cypress/runner/cypress_runner.js:162150:10)\n    at Async.drainQueues (http://localhost:34811/__cypress/runner/cypress_runner.js:162024:14)",
                "diff": ""
              },
              "uuid": "ea465435-b8b0-4db6-bde4-f70a90f565c9",
              "parentUUID": "1190aa1f-ff65-403d-ba0a-d36ba4c81856",
              "isHook": false,
              "skipped": false
            },
            {
              "title": "Verifica se a cor preta ainda está presente e é a primeira na sua paleta de cores",
              "fullTitle": "12 - Faça com que as cores da paleta sejam geradas aleatoriamente ao carregar a página. Verifica se a cor preta ainda está presente e é a primeira na sua paleta de cores",
              "timedOut": null,
              "duration": 1180,
              "state": "failed",
              "speed": null,
              "pass": false,
              "fail": true,
              "pending": false,
              "context": null,
              "code": "cy.get('.color').then(function (colors) {\n  var currentColors;\n  var previousColors;\n  previousColors = Array.from(colors).map(function (color) {\n    return Cypress.$(color).css('background-color');\n  });\n  expect(previousColors[0]).to.eq(BLACK);\n  for (var i = 0; i < 5; i += 1) {\n    cy.reload();\n    cy.get('.color').then(function (colors) {\n      currentColors = Array.from(colors).map(function (color) {\n        return Cypress.$(color).css('background-color');\n      });\n      expect(currentColors[0]).to.eq(BLACK);\n      expect(currentColors).not.to.deep.equal(previousColors);\n      previousColors = currentColors;\n    });\n  }\n});",
              "err": {
                "message": "AssertionError: expected [ Array(4) ] to not deeply equal [ Array(4) ]",
                "estack": "AssertionError: expected [ Array(4) ] to not deeply equal [ Array(4) ]\n    at getRet (http://localhost:34811/__cypress/runner/cypress_runner.js:136585:16)\n    at tryCatcher (http://localhost:34811/__cypress/runner/cypress_runner.js:167415:23)\n    at Function.Promise.attempt.Promise.try (http://localhost:34811/__cypress/runner/cypress_runner.js:164690:29)\n    at Context.thenFn (http://localhost:34811/__cypress/runner/cypress_runner.js:136599:23)\n    at Context.then (http://localhost:34811/__cypress/runner/cypress_runner.js:136971:21)\n    at Context.<anonymous> (http://localhost:34811/__cypress/runner/cypress_runner.js:148875:21)\n    at http://localhost:34811/__cypress/runner/cypress_runner.js:148351:33\n    at tryCatcher (http://localhost:34811/__cypress/runner/cypress_runner.js:167415:23)\n    at Promise._settlePromiseFromHandler (http://localhost:34811/__cypress/runner/cypress_runner.js:165351:31)\n    at Promise._settlePromise (http://localhost:34811/__cypress/runner/cypress_runner.js:165408:18)\n    at Promise._settlePromiseCtx (http://localhost:34811/__cypress/runner/cypress_runner.js:165445:10)\n    at Async../node_modules/bluebird/js/release/async.js.Async._drainQueue (http://localhost:34811/__cypress/runner/cypress_runner.js:162145:12)\n    at Async../node_modules/bluebird/js/release/async.js.Async._drainQueues (http://localhost:34811/__cypress/runner/cypress_runner.js:162150:10)\n    at Async.drainQueues (http://localhost:34811/__cypress/runner/cypress_runner.js:162024:14)",
                "diff": ""
              },
              "uuid": "fb9deeae-7f04-47ca-a585-d090d04222ee",
              "parentUUID": "1190aa1f-ff65-403d-ba0a-d36ba4c81856",
              "isHook": false,
              "skipped": false
            }
          ],
          "suites": [],
          "passes": [],
          "failures": [
            "ea465435-b8b0-4db6-bde4-f70a90f565c9",
            "fb9deeae-7f04-47ca-a585-d090d04222ee"
          ],
          "pending": [],
          "skipped": [],
          "duration": 2110,
          "root": false,
          "rootEmpty": false,
          "_timeout": 2000
        }
      ],
      "passes": [],
      "failures": [],
      "pending": [],
      "skipped": [],
      "duration": 0,
      "root": true,
      "rootEmpty": true,
      "_timeout": 2000
    }
  ],
  "meta": {
    "mocha": {
      "version": "7.0.1"
    },
    "mochawesome": {
      "options": {
        "quiet": false,
        "reportFilename": "mochawesome",
        "saveHtml": false,
        "saveJson": true,
        "consoleReporter": "spec",
        "useInlineDiffs": false
      },
      "version": "4.1.0"
    },
    "marge": {
      "options": {
        "id": "default",
        "reportDir": "cypress/reports",
        "overwrite": true,
        "html": false,
        "json": true
      },
      "version": "4.1.0"
    }
  }
}