{
  "stats": {
    "suites": 12,
    "tests": 41,
    "passes": 22,
    "pending": 0,
    "failures": 19,
    "start": "2021-08-16T01:34:23.317Z",
    "end": "2021-08-16T01:36:01.019Z",
    "duration": 97702,
    "testsRegistered": 41,
    "passPercent": 53.65853658536586,
    "pendingPercent": 0,
    "other": 0,
    "hasOther": false,
    "skipped": 0,
    "hasSkipped": false
  },
  "results": [
    {
      "uuid": "6ccd3a9c-b81c-49c7-9a3e-9f52bfdb147a",
      "title": "",
      "fullFile": "cypress/integration/project.spec.js",
      "file": "cypress/integration/project.spec.js",
      "beforeHooks": [],
      "afterHooks": [],
      "tests": [],
      "suites": [
        {
          "uuid": "f4951f46-2daa-44be-a25e-def38f12654b",
          "title": "1 - Adicione à página o título \"Paleta de Cores\".",
          "fullFile": "",
          "file": "",
          "beforeHooks": [],
          "afterHooks": [],
          "tests": [
            {
              "title": "Verifica se contém um elemento `h1` com o id `title` com o título correto",
              "fullTitle": "1 - Adicione à página o título \"Paleta de Cores\". Verifica se contém um elemento `h1` com o id `title` com o título correto",
              "timedOut": null,
              "duration": 101,
              "state": "passed",
              "speed": "slow",
              "pass": true,
              "fail": false,
              "pending": false,
              "context": null,
              "code": "cy.get('h1#title').should('contain.text', 'Paleta de Cores');",
              "err": {},
              "uuid": "963a376c-72b9-49e4-ad39-816267ec2582",
              "parentUUID": "f4951f46-2daa-44be-a25e-def38f12654b",
              "isHook": false,
              "skipped": false
            }
          ],
          "suites": [],
          "passes": [
            "963a376c-72b9-49e4-ad39-816267ec2582"
          ],
          "failures": [],
          "pending": [],
          "skipped": [],
          "duration": 101,
          "root": false,
          "rootEmpty": false,
          "_timeout": 2000
        },
        {
          "uuid": "df423744-81e7-46e7-a72b-8e9e1dad0a27",
          "title": "2 - Adicione à página uma paleta de quatro cores distintas.",
          "fullFile": "",
          "file": "",
          "beforeHooks": [],
          "afterHooks": [],
          "tests": [
            {
              "title": "A paleta de cores deve ser um elemento com `id` denominado `color-palette`",
              "fullTitle": "2 - Adicione à página uma paleta de quatro cores distintas. A paleta de cores deve ser um elemento com `id` denominado `color-palette`",
              "timedOut": null,
              "duration": 43,
              "state": "passed",
              "speed": "medium",
              "pass": true,
              "fail": false,
              "pending": false,
              "context": null,
              "code": "cy.get('#color-palette').should('be.visible');",
              "err": {},
              "uuid": "85e809b8-ecb7-4a24-9ae4-010ee88c006e",
              "parentUUID": "df423744-81e7-46e7-a72b-8e9e1dad0a27",
              "isHook": false,
              "skipped": false
            },
            {
              "title": "Verifica se cada cor individual da paleta de cores possui a `classe` chamada `color`.",
              "fullTitle": "2 - Adicione à página uma paleta de quatro cores distintas. Verifica se cada cor individual da paleta de cores possui a `classe` chamada `color`.",
              "timedOut": null,
              "duration": 98,
              "state": "passed",
              "speed": "slow",
              "pass": true,
              "fail": false,
              "pending": false,
              "context": null,
              "code": "cy.get('.color').should('have.length', 4).then(function (colors) {\n  for (var i = 0; i < colors.length; i++) {\n    cy.wrap(colors[i]).should('be.visible');\n  }\n});",
              "err": {},
              "uuid": "a0a2c3ab-1efc-4dd7-a810-c84a57db4cdc",
              "parentUUID": "df423744-81e7-46e7-a72b-8e9e1dad0a27",
              "isHook": false,
              "skipped": false
            },
            {
              "title": "Verifica se a cor de fundo de cada elemento da paleta é a cor que o elemento representa. **A única cor não permitida na paleta é a cor branca.**",
              "fullTitle": "2 - Adicione à página uma paleta de quatro cores distintas. Verifica se a cor de fundo de cada elemento da paleta é a cor que o elemento representa. **A única cor não permitida na paleta é a cor branca.**",
              "timedOut": null,
              "duration": 64,
              "state": "passed",
              "speed": "medium",
              "pass": true,
              "fail": false,
              "pending": false,
              "context": null,
              "code": "cy.get('.color').each(function (color) {\n  cy.wrap(color).should('have.class', 'color').and('not.have.css', 'background-color', WHITE);\n  cy.wrap(color).should('have.css', 'background-color');\n});",
              "err": {},
              "uuid": "fa30bff5-1eaf-413d-9649-7b46be46c0a1",
              "parentUUID": "df423744-81e7-46e7-a72b-8e9e1dad0a27",
              "isHook": false,
              "skipped": false
            },
            {
              "title": "Verifica se cada elemento da paleta de cores tem uma borda preta, sólida e com 1 pixel de largura;",
              "fullTitle": "2 - Adicione à página uma paleta de quatro cores distintas. Verifica se cada elemento da paleta de cores tem uma borda preta, sólida e com 1 pixel de largura;",
              "timedOut": null,
              "duration": 61,
              "state": "passed",
              "speed": "medium",
              "pass": true,
              "fail": false,
              "pending": false,
              "context": null,
              "code": "cy.get('.color').each(function (color) {\n  cy.wrap(color).and('have.css', 'border', \"1px solid \".concat(BLACK)).and('have.class', 'color');\n});",
              "err": {},
              "uuid": "d82d0aec-35a0-45fb-bfc6-93accbffe292",
              "parentUUID": "df423744-81e7-46e7-a72b-8e9e1dad0a27",
              "isHook": false,
              "skipped": false
            },
            {
              "title": "Verifica se a paleta lista todas as cores disponíveis para utilização, lado a lado.",
              "fullTitle": "2 - Adicione à página uma paleta de quatro cores distintas. Verifica se a paleta lista todas as cores disponíveis para utilização, lado a lado.",
              "timedOut": null,
              "duration": 57,
              "state": "passed",
              "speed": "medium",
              "pass": true,
              "fail": false,
              "pending": false,
              "context": null,
              "code": "cy.get('.color').then(function (colors) {\n  for (var index = 1; index < colors.length; index += 1) {\n    var currentColor = colors[index];\n    var previousColor = colors[index - 1];\n    cy.wrap(currentColor).should('be.onTheRightOf', previousColor).and('be.horizontallyAlignedWith', previousColor);\n  }\n});",
              "err": {},
              "uuid": "7b799b5a-a2d8-4ccd-b0e9-d2455998a039",
              "parentUUID": "df423744-81e7-46e7-a72b-8e9e1dad0a27",
              "isHook": false,
              "skipped": false
            },
            {
              "title": "Verifica se a paleta de cores está posicionada abaixo do título 'Paleta de Cores'",
              "fullTitle": "2 - Adicione à página uma paleta de quatro cores distintas. Verifica se a paleta de cores está posicionada abaixo do título 'Paleta de Cores'",
              "timedOut": null,
              "duration": 63,
              "state": "passed",
              "speed": "medium",
              "pass": true,
              "fail": false,
              "pending": false,
              "context": null,
              "code": "cy.get('h1#title').then(function (title) {\n  cy.get('#color-palette').should('be.belowOf', title);\n});",
              "err": {},
              "uuid": "794a4008-251a-43ae-b45e-25a03352dfaa",
              "parentUUID": "df423744-81e7-46e7-a72b-8e9e1dad0a27",
              "isHook": false,
              "skipped": false
            },
            {
              "title": "Verifica se a paleta de cores não contém cores repetidas.",
              "fullTitle": "2 - Adicione à página uma paleta de quatro cores distintas. Verifica se a paleta de cores não contém cores repetidas.",
              "timedOut": null,
              "duration": 49,
              "state": "passed",
              "speed": "medium",
              "pass": true,
              "fail": false,
              "pending": false,
              "context": null,
              "code": "cy.get('.color').then(function (colors) {\n  var allColors = Array.from(colors).map(function (color) {\n    return Cypress.$(color).css('background-color');\n  });\n  cy.log(allColors);\n  var uniqColors = (0, _toConsumableArray2[\"default\"])(new Set(allColors));\n  cy.log(uniqColors);\n  expect(allColors.length).to.eq(uniqColors.length);\n});",
              "err": {},
              "uuid": "9cb260b1-ed0e-43fb-b506-ad247f52b3f3",
              "parentUUID": "df423744-81e7-46e7-a72b-8e9e1dad0a27",
              "isHook": false,
              "skipped": false
            }
          ],
          "suites": [],
          "passes": [
            "85e809b8-ecb7-4a24-9ae4-010ee88c006e",
            "a0a2c3ab-1efc-4dd7-a810-c84a57db4cdc",
            "fa30bff5-1eaf-413d-9649-7b46be46c0a1",
            "d82d0aec-35a0-45fb-bfc6-93accbffe292",
            "7b799b5a-a2d8-4ccd-b0e9-d2455998a039",
            "794a4008-251a-43ae-b45e-25a03352dfaa",
            "9cb260b1-ed0e-43fb-b506-ad247f52b3f3"
          ],
          "failures": [],
          "pending": [],
          "skipped": [],
          "duration": 435,
          "root": false,
          "rootEmpty": false,
          "_timeout": 2000
        },
        {
          "uuid": "d0b8c15d-3311-4307-8746-f57b56525fe2",
          "title": "3 - Adicione a cor **preta** como a primeira cor da paleta de cores.",
          "fullFile": "",
          "file": "",
          "beforeHooks": [],
          "afterHooks": [],
          "tests": [
            {
              "title": "Verifica se a primeira cor da paleta é preta",
              "fullTitle": "3 - Adicione a cor **preta** como a primeira cor da paleta de cores. Verifica se a primeira cor da paleta é preta",
              "timedOut": null,
              "duration": 79,
              "state": "passed",
              "speed": "slow",
              "pass": true,
              "fail": false,
              "pending": false,
              "context": null,
              "code": "cy.get('.color').first().should('have.css', 'background-color', BLACK);",
              "err": {},
              "uuid": "14410ec4-af5e-43df-8096-9484e59e70dd",
              "parentUUID": "d0b8c15d-3311-4307-8746-f57b56525fe2",
              "isHook": false,
              "skipped": false
            },
            {
              "title": "Verifica se as demais cores podem ser escolhidas livremente.",
              "fullTitle": "3 - Adicione a cor **preta** como a primeira cor da paleta de cores. Verifica se as demais cores podem ser escolhidas livremente.",
              "timedOut": null,
              "duration": 122,
              "state": "passed",
              "speed": "slow",
              "pass": true,
              "fail": false,
              "pending": false,
              "context": null,
              "code": "cy.get('.color').eq(1).should('not.have.css', 'background-color', BLACK);\ncy.get('.color').eq(1).should('not.have.css', 'background-color', WHITE);\ncy.get('.color').eq(1).should('not.have.css', 'background-color', 'rgba(0, 0, 0, 0)');\ncy.get('.color').eq(1).should('have.css', 'background-color');\ncy.get('.color').eq(2).should('not.have.css', 'background-color', BLACK);\ncy.get('.color').eq(2).should('not.have.css', 'background-color', WHITE);\ncy.get('.color').eq(2).should('not.have.css', 'background-color', 'rgba(0, 0, 0, 0)');\ncy.get('.color').eq(2).should('have.css', 'background-color');\ncy.get('.color').eq(3).should('not.have.css', 'background-color', BLACK);\ncy.get('.color').eq(3).should('not.have.css', 'background-color', WHITE);\ncy.get('.color').eq(3).should('not.have.css', 'background-color', 'rgba(0, 0, 0, 0)');\ncy.get('.color').eq(3).should('have.css', 'background-color');",
              "err": {},
              "uuid": "a4b6d4ad-16e9-49ac-bfa6-e853c90032e1",
              "parentUUID": "d0b8c15d-3311-4307-8746-f57b56525fe2",
              "isHook": false,
              "skipped": false
            }
          ],
          "suites": [],
          "passes": [
            "14410ec4-af5e-43df-8096-9484e59e70dd",
            "a4b6d4ad-16e9-49ac-bfa6-e853c90032e1"
          ],
          "failures": [],
          "pending": [],
          "skipped": [],
          "duration": 201,
          "root": false,
          "rootEmpty": false,
          "_timeout": 2000
        },
        {
          "uuid": "6b791f62-01d3-433a-968d-c7629ca8eafe",
          "title": "4 - Adicione à página um quadro de pixels, com 25 pixels.",
          "fullFile": "",
          "file": "",
          "beforeHooks": [],
          "afterHooks": [],
          "tests": [
            {
              "title": "Verifica se o quadro de pixels possui o `id` denominado `pixel-board`",
              "fullTitle": "4 - Adicione à página um quadro de pixels, com 25 pixels. Verifica se o quadro de pixels possui o `id` denominado `pixel-board`",
              "timedOut": null,
              "duration": 66,
              "state": "passed",
              "speed": "medium",
              "pass": true,
              "fail": false,
              "pending": false,
              "context": null,
              "code": "cy.get('#pixel-board').should('be.visible');",
              "err": {},
              "uuid": "f0c2d498-643c-4609-9e26-beb6a8d88dd7",
              "parentUUID": "6b791f62-01d3-433a-968d-c7629ca8eafe",
              "isHook": false,
              "skipped": false
            },
            {
              "title": "Verifica se cada pixel individual dentro do quadro possui a `classe` denominada `pixel`.",
              "fullTitle": "4 - Adicione à página um quadro de pixels, com 25 pixels. Verifica se cada pixel individual dentro do quadro possui a `classe` denominada `pixel`.",
              "timedOut": null,
              "duration": 71,
              "state": "passed",
              "speed": "medium",
              "pass": true,
              "fail": false,
              "pending": false,
              "context": null,
              "code": "cy.get('.pixel').should('have.length', 25);",
              "err": {},
              "uuid": "197ad822-101f-415f-bf31-9ca299c147b4",
              "parentUUID": "6b791f62-01d3-433a-968d-c7629ca8eafe",
              "isHook": false,
              "skipped": false
            },
            {
              "title": "Verifica se a cor inicial dos pixels dentro do quadro, ao abrir a página, é branca.",
              "fullTitle": "4 - Adicione à página um quadro de pixels, com 25 pixels. Verifica se a cor inicial dos pixels dentro do quadro, ao abrir a página, é branca.",
              "timedOut": null,
              "duration": 94,
              "state": "passed",
              "speed": "slow",
              "pass": true,
              "fail": false,
              "pending": false,
              "context": null,
              "code": "cy.get('.pixel').should('have.length', 25).each(function (pixel) {\n  expect(pixel).to.have.css('background-color', WHITE);\n});",
              "err": {},
              "uuid": "86ebaa18-4cbb-486c-acbf-64061aa1eb88",
              "parentUUID": "6b791f62-01d3-433a-968d-c7629ca8eafe",
              "isHook": false,
              "skipped": false
            },
            {
              "title": "Verifica se o quadro de pixels aparece abaixo da paleta de cores",
              "fullTitle": "4 - Adicione à página um quadro de pixels, com 25 pixels. Verifica se o quadro de pixels aparece abaixo da paleta de cores",
              "timedOut": null,
              "duration": 51,
              "state": "passed",
              "speed": "medium",
              "pass": true,
              "fail": false,
              "pending": false,
              "context": null,
              "code": "cy.get('#color-palette').then(function (palette) {\n  cy.get('#pixel-board').should('be.belowOf', palette);\n});",
              "err": {},
              "uuid": "3ef24830-b0b5-4dba-ba3a-83167aa5b226",
              "parentUUID": "6b791f62-01d3-433a-968d-c7629ca8eafe",
              "isHook": false,
              "skipped": false
            }
          ],
          "suites": [],
          "passes": [
            "f0c2d498-643c-4609-9e26-beb6a8d88dd7",
            "197ad822-101f-415f-bf31-9ca299c147b4",
            "86ebaa18-4cbb-486c-acbf-64061aa1eb88",
            "3ef24830-b0b5-4dba-ba3a-83167aa5b226"
          ],
          "failures": [],
          "pending": [],
          "skipped": [],
          "duration": 282,
          "root": false,
          "rootEmpty": false,
          "_timeout": 2000
        },
        {
          "uuid": "86335075-bff9-4b99-9285-e8e90481b914",
          "title": "5 - Faça com que cada elemento do quadro de pixels possua 40 pixels de largura, 40 pixels de altura e seja delimitado por uma borda preta de 1 pixel.",
          "fullFile": "",
          "file": "",
          "beforeHooks": [],
          "afterHooks": [],
          "tests": [
            {
              "title": "Verifica se o quadro de pixels tem altura e comprimento de 5 elementos",
              "fullTitle": "5 - Faça com que cada elemento do quadro de pixels possua 40 pixels de largura, 40 pixels de altura e seja delimitado por uma borda preta de 1 pixel. Verifica se o quadro de pixels tem altura e comprimento de 5 elementos",
              "timedOut": null,
              "duration": 191,
              "state": "passed",
              "speed": "slow",
              "pass": true,
              "fail": false,
              "pending": false,
              "context": null,
              "code": "cy.get('.pixel').should('have.length', 25).each(function (pixel) {\n  expect(pixel).to.have.css('background-color', WHITE);\n}).and(function (pixels) {\n  var rows = chunk(pixels, 5);\n  rows.forEach(function (row) {\n    for (var index = 1; index < row.length; index += 1) {\n      var current = pixels[index];\n      var previous = pixels[index - 1];\n      cy.wrap(current).should('be.onTheRightOf', previous).and('be.horizontallyAlignedWith', previous);\n    }\n  });\n  for (var index = 1; index < 5; index += 1) {\n    expect(pixels[index * 5]).to.be.belowOf(pixels[(index - 1) * 5]);\n  }\n});",
              "err": {},
              "uuid": "2a9f8d84-8736-4e62-9191-2ea1c3e14af5",
              "parentUUID": "86335075-bff9-4b99-9285-e8e90481b914",
              "isHook": false,
              "skipped": false
            },
            {
              "title": "Verifica se 40 pixels é o tamanho total do elemento, incluindo seu conteúdo e excluindo a borda preta, que deve ser criada à parte.",
              "fullTitle": "5 - Faça com que cada elemento do quadro de pixels possua 40 pixels de largura, 40 pixels de altura e seja delimitado por uma borda preta de 1 pixel. Verifica se 40 pixels é o tamanho total do elemento, incluindo seu conteúdo e excluindo a borda preta, que deve ser criada à parte.",
              "timedOut": null,
              "duration": 4184,
              "state": "failed",
              "speed": null,
              "pass": false,
              "fail": true,
              "pending": false,
              "context": null,
              "code": "cy.get('.pixel').each(function (pixel) {\n  cy.wrap(pixel).should('have.css', 'height', '40px').and('have.css', 'width', '40px').and('have.css', 'border', \"1px solid \".concat(BLACK));\n});",
              "err": {
                "message": "CypressError: Timed out retrying: expected '<li.pixel>' to have CSS property 'height' with the value '40px', but the value was '140px'",
                "estack": "CypressError: Timed out retrying: expected '<li.pixel>' to have CSS property 'height' with the value '40px', but the value was '140px'\n    at cypressErr (http://localhost:39967/__cypress/runner/cypress_runner.js:149934:9)\n    at throwErr (http://localhost:39967/__cypress/runner/cypress_runner.js:149867:11)\n    at Object.throwErrByPath (http://localhost:39967/__cypress/runner/cypress_runner.js:149915:3)\n    at retry (http://localhost:39967/__cypress/runner/cypress_runner.js:144197:19)\n    at onFailFn (http://localhost:39967/__cypress/runner/cypress_runner.js:132448:16)\n    at tryCatcher (http://localhost:39967/__cypress/runner/cypress_runner.js:167415:23)\n    at Promise._settlePromiseFromHandler (http://localhost:39967/__cypress/runner/cypress_runner.js:165351:31)\n    at Promise._settlePromise (http://localhost:39967/__cypress/runner/cypress_runner.js:165408:18)\n    at Promise._settlePromise0 (http://localhost:39967/__cypress/runner/cypress_runner.js:165453:10)\n    at Promise._settlePromises (http://localhost:39967/__cypress/runner/cypress_runner.js:165528:18)\n    at Async../node_modules/bluebird/js/release/async.js.Async._drainQueue (http://localhost:39967/__cypress/runner/cypress_runner.js:162140:16)\n    at Async../node_modules/bluebird/js/release/async.js.Async._drainQueues (http://localhost:39967/__cypress/runner/cypress_runner.js:162150:10)\n    at Async.drainQueues (http://localhost:39967/__cypress/runner/cypress_runner.js:162024:14)",
                "diff": null
              },
              "uuid": "8ee73a41-c8cc-493f-a081-47878c968e9a",
              "parentUUID": "86335075-bff9-4b99-9285-e8e90481b914",
              "isHook": false,
              "skipped": false
            }
          ],
          "suites": [],
          "passes": [
            "2a9f8d84-8736-4e62-9191-2ea1c3e14af5"
          ],
          "failures": [
            "8ee73a41-c8cc-493f-a081-47878c968e9a"
          ],
          "pending": [],
          "skipped": [],
          "duration": 4375,
          "root": false,
          "rootEmpty": false,
          "_timeout": 2000
        },
        {
          "uuid": "ac78d1a3-6408-4939-a228-c9aa7623902a",
          "title": "6 - Defina a cor preta como cor inicial. Ao carregar a página a cor preta já deve estar selecionada para pintar os pixels",
          "fullFile": "",
          "file": "",
          "beforeHooks": [],
          "afterHooks": [],
          "tests": [
            {
              "title": "Verifica se o elemento da cor preta possui, inicialmente, a `classe` `selected`",
              "fullTitle": "6 - Defina a cor preta como cor inicial. Ao carregar a página a cor preta já deve estar selecionada para pintar os pixels Verifica se o elemento da cor preta possui, inicialmente, a `classe` `selected`",
              "timedOut": null,
              "duration": 67,
              "state": "passed",
              "speed": "medium",
              "pass": true,
              "fail": false,
              "pending": false,
              "context": null,
              "code": "cy.get('.selected').first().should('have.css', 'background-color', BLACK);",
              "err": {},
              "uuid": "ba78efd0-b761-46cd-87da-bfeef6167b53",
              "parentUUID": "ac78d1a3-6408-4939-a228-c9aa7623902a",
              "isHook": false,
              "skipped": false
            },
            {
              "title": "Verifica se nenhuma outra cor da paleta tem a `classe` `selected`",
              "fullTitle": "6 - Defina a cor preta como cor inicial. Ao carregar a página a cor preta já deve estar selecionada para pintar os pixels Verifica se nenhuma outra cor da paleta tem a `classe` `selected`",
              "timedOut": null,
              "duration": 57,
              "state": "passed",
              "speed": "medium",
              "pass": true,
              "fail": false,
              "pending": false,
              "context": null,
              "code": "cy.get('.color:not(:first-child)').each(function (color) {\n  cy.wrap(color).should('not.have.class', 'selected');\n});",
              "err": {},
              "uuid": "9a7ec677-6cf2-4315-aa64-331e518e1826",
              "parentUUID": "ac78d1a3-6408-4939-a228-c9aa7623902a",
              "isHook": false,
              "skipped": false
            }
          ],
          "suites": [],
          "passes": [
            "ba78efd0-b761-46cd-87da-bfeef6167b53",
            "9a7ec677-6cf2-4315-aa64-331e518e1826"
          ],
          "failures": [],
          "pending": [],
          "skipped": [],
          "duration": 124,
          "root": false,
          "rootEmpty": false,
          "_timeout": 2000
        },
        {
          "uuid": "0e942a28-70c1-42b4-8a9c-7d3bc0643586",
          "title": "7 - Clicar em uma das cores da paleta, faz com que ela seja selecionada e utilizada para preencher os pixels no quadro.",
          "fullFile": "",
          "file": "",
          "beforeHooks": [],
          "afterHooks": [],
          "tests": [
            {
              "title": "Verifica se somente uma cor da paleta de cores tem a classe `selected` de cada vez",
              "fullTitle": "7 - Clicar em uma das cores da paleta, faz com que ela seja selecionada e utilizada para preencher os pixels no quadro. Verifica se somente uma cor da paleta de cores tem a classe `selected` de cada vez",
              "timedOut": null,
              "duration": 386,
              "state": "passed",
              "speed": "slow",
              "pass": true,
              "fail": false,
              "pending": false,
              "context": null,
              "code": "cy.get('.color').each(function (selectedColor, selectedColorIndex) {\n  cy.wrap(selectedColor).click();\n  cy.get('.color').each(function (color, colorIndex) {\n    if (colorIndex === selectedColorIndex) {\n      expect(color).to.have[\"class\"]('selected');\n    } else {\n      expect(color).not.to.have[\"class\"]('selected');\n    }\n  });\n});",
              "err": {},
              "uuid": "7579d956-2a17-4845-9485-bdad73a1b090",
              "parentUUID": "0e942a28-70c1-42b4-8a9c-7d3bc0643586",
              "isHook": false,
              "skipped": false
            },
            {
              "title": "Verifica se os pixels dentro do quadro não têm a classe `selected` quando são clicados",
              "fullTitle": "7 - Clicar em uma das cores da paleta, faz com que ela seja selecionada e utilizada para preencher os pixels no quadro. Verifica se os pixels dentro do quadro não têm a classe `selected` quando são clicados",
              "timedOut": null,
              "duration": 8876,
              "state": "passed",
              "speed": "slow",
              "pass": true,
              "fail": false,
              "pending": false,
              "context": null,
              "code": "cy.get('.color').each(function (color) {\n  var backgroundColor = color.css('background-color');\n  cy.wrap(color).click();\n  cy.get('.pixel').each(function (pixel) {\n    cy.wrap(pixel).click().should('not.have.class', 'selected');\n  });\n});",
              "err": {},
              "uuid": "34b7386d-1c52-49e2-b248-58516c6d08d9",
              "parentUUID": "0e942a28-70c1-42b4-8a9c-7d3bc0643586",
              "isHook": false,
              "skipped": false
            }
          ],
          "suites": [],
          "passes": [
            "7579d956-2a17-4845-9485-bdad73a1b090",
            "34b7386d-1c52-49e2-b248-58516c6d08d9"
          ],
          "failures": [],
          "pending": [],
          "skipped": [],
          "duration": 9262,
          "root": false,
          "rootEmpty": false,
          "_timeout": 2000
        },
        {
          "uuid": "e31afb0f-bcb2-4238-a8f8-89a1cf28227c",
          "title": "8 - Clicar em um pixel dentro do quadro após selecionar uma cor na paleta, faz com que o pixel seja preenchido com a cor selecionada.",
          "fullFile": "",
          "file": "",
          "beforeHooks": [],
          "afterHooks": [],
          "tests": [
            {
              "title": "Verifica se ao carregar a página deve ser possível pintar os pixels de preto",
              "fullTitle": "8 - Clicar em um pixel dentro do quadro após selecionar uma cor na paleta, faz com que o pixel seja preenchido com a cor selecionada. Verifica se ao carregar a página deve ser possível pintar os pixels de preto",
              "timedOut": null,
              "duration": 2170,
              "state": "passed",
              "speed": "slow",
              "pass": true,
              "fail": false,
              "pending": false,
              "context": null,
              "code": "cy.get('.pixel').each(function (pixel) {\n  cy.wrap(pixel).click().should('have.css', 'background-color', BLACK);\n});",
              "err": {},
              "uuid": "ada6584c-962f-4f2a-8ee6-093e0790ae91",
              "parentUUID": "e31afb0f-bcb2-4238-a8f8-89a1cf28227c",
              "isHook": false,
              "skipped": false
            },
            {
              "title": "Verifica se após selecionar uma outra cor na paleta, é possível pintar os pixels com essa cor",
              "fullTitle": "8 - Clicar em um pixel dentro do quadro após selecionar uma cor na paleta, faz com que o pixel seja preenchido com a cor selecionada. Verifica se após selecionar uma outra cor na paleta, é possível pintar os pixels com essa cor",
              "timedOut": null,
              "duration": 8860,
              "state": "passed",
              "speed": "slow",
              "pass": true,
              "fail": false,
              "pending": false,
              "context": null,
              "code": "cy.get('.color').each(function (color) {\n  var backgroundColor = color.css('background-color');\n  cy.wrap(color).click();\n  cy.get('.pixel').each(function (pixel) {\n    cy.wrap(pixel).click().should('have.css', 'background-color', backgroundColor);\n  });\n});",
              "err": {},
              "uuid": "0d03746c-accc-4207-af16-5a6bfcf843a9",
              "parentUUID": "e31afb0f-bcb2-4238-a8f8-89a1cf28227c",
              "isHook": false,
              "skipped": false
            },
            {
              "title": "Verifica se somente o pixel que foi clicado foi preenchido com a cor selecionada, sem influenciar na cor dos demais pixels.",
              "fullTitle": "8 - Clicar em um pixel dentro do quadro após selecionar uma cor na paleta, faz com que o pixel seja preenchido com a cor selecionada. Verifica se somente o pixel que foi clicado foi preenchido com a cor selecionada, sem influenciar na cor dos demais pixels.",
              "timedOut": null,
              "duration": 1184,
              "state": "passed",
              "speed": "slow",
              "pass": true,
              "fail": false,
              "pending": false,
              "context": null,
              "code": "var colorToPixelIndexMap = {\n  0: 6,\n  1: 8,\n  2: 16,\n  3: 18\n};\ncy.get('.color').each(function (color, index) {\n  cy.wrap(color).click();\n  var backgroundColor = color.css('background-color');\n  var clickedPixelIndex = colorToPixelIndexMap[index];\n  cy.get('.pixel').eq(clickedPixelIndex).click();\n  cy.get('.pixel').eq(clickedPixelIndex - 1).should('not.have.css', 'background-color', backgroundColor);\n  cy.get('.pixel').eq(clickedPixelIndex + 1).should('not.have.css', 'background-color', backgroundColor);\n  cy.get('.pixel').eq(clickedPixelIndex - 5).should('not.have.css', 'background-color', backgroundColor);\n  cy.get('.pixel').eq(clickedPixelIndex + 5).should('not.have.css', 'background-color', backgroundColor);\n  cy.get('.pixel').eq(clickedPixelIndex - 6).should('not.have.css', 'background-color', backgroundColor);\n  cy.get('.pixel').eq(clickedPixelIndex - 4).should('not.have.css', 'background-color', backgroundColor);\n  cy.get('.pixel').eq(clickedPixelIndex + 4).should('not.have.css', 'background-color', backgroundColor);\n  cy.get('.pixel').eq(clickedPixelIndex + 6).should('not.have.css', 'background-color', backgroundColor);\n});",
              "err": {},
              "uuid": "a7f53f88-603a-4525-a621-56378293648f",
              "parentUUID": "e31afb0f-bcb2-4238-a8f8-89a1cf28227c",
              "isHook": false,
              "skipped": false
            }
          ],
          "suites": [],
          "passes": [
            "ada6584c-962f-4f2a-8ee6-093e0790ae91",
            "0d03746c-accc-4207-af16-5a6bfcf843a9",
            "a7f53f88-603a-4525-a621-56378293648f"
          ],
          "failures": [],
          "pending": [],
          "skipped": [],
          "duration": 12214,
          "root": false,
          "rootEmpty": false,
          "_timeout": 2000
        },
        {
          "uuid": "6a253196-5511-4c86-901d-8e2f22a0c083",
          "title": "9 - Crie um botão que, ao ser clicado, limpa o quadro preenchendo a cor de todos seus pixels com branco.",
          "fullFile": "",
          "file": "",
          "beforeHooks": [],
          "afterHooks": [],
          "tests": [
            {
              "title": "Verifica se o botão tem o `id` denominado `clear-board`",
              "fullTitle": "9 - Crie um botão que, ao ser clicado, limpa o quadro preenchendo a cor de todos seus pixels com branco. Verifica se o botão tem o `id` denominado `clear-board`",
              "timedOut": null,
              "duration": 4187,
              "state": "failed",
              "speed": null,
              "pass": false,
              "fail": true,
              "pending": false,
              "context": null,
              "code": "cy.get('#clear-board').should('be.visible');",
              "err": {
                "message": "CypressError: Timed out retrying: Expected to find element: '#clear-board', but never found it.",
                "estack": "CypressError: Timed out retrying: Expected to find element: '#clear-board', but never found it.\n    at cypressErr (http://localhost:39967/__cypress/runner/cypress_runner.js:149934:9)\n    at throwErr (http://localhost:39967/__cypress/runner/cypress_runner.js:149867:11)\n    at Object.throwErrByPath (http://localhost:39967/__cypress/runner/cypress_runner.js:149915:3)\n    at retry (http://localhost:39967/__cypress/runner/cypress_runner.js:144197:19)\n    at onFailFn (http://localhost:39967/__cypress/runner/cypress_runner.js:132448:16)\n    at tryCatcher (http://localhost:39967/__cypress/runner/cypress_runner.js:167415:23)\n    at Promise._settlePromiseFromHandler (http://localhost:39967/__cypress/runner/cypress_runner.js:165351:31)\n    at Promise._settlePromise (http://localhost:39967/__cypress/runner/cypress_runner.js:165408:18)\n    at Promise._settlePromise0 (http://localhost:39967/__cypress/runner/cypress_runner.js:165453:10)\n    at Promise._settlePromises (http://localhost:39967/__cypress/runner/cypress_runner.js:165528:18)\n    at Async../node_modules/bluebird/js/release/async.js.Async._drainQueue (http://localhost:39967/__cypress/runner/cypress_runner.js:162140:16)\n    at Async../node_modules/bluebird/js/release/async.js.Async._drainQueues (http://localhost:39967/__cypress/runner/cypress_runner.js:162150:10)\n    at Async.drainQueues (http://localhost:39967/__cypress/runner/cypress_runner.js:162024:14)",
                "diff": null
              },
              "uuid": "b3cfe3bc-a9c5-4b19-91d8-f69644130b60",
              "parentUUID": "6a253196-5511-4c86-901d-8e2f22a0c083",
              "isHook": false,
              "skipped": false
            },
            {
              "title": "Verifica se o botão está posicionado entre a paleta de cores e o quadro de pixels",
              "fullTitle": "9 - Crie um botão que, ao ser clicado, limpa o quadro preenchendo a cor de todos seus pixels com branco. Verifica se o botão está posicionado entre a paleta de cores e o quadro de pixels",
              "timedOut": null,
              "duration": 4147,
              "state": "failed",
              "speed": null,
              "pass": false,
              "fail": true,
              "pending": false,
              "context": null,
              "code": "cy.get('#color-palette').then(function (palette) {\n  cy.get('#clear-board').should('be.belowOf', palette);\n});\ncy.get('#clear-board').then(function (clearBtn) {\n  cy.get('#pixel-board').should('be.belowOf', clearBtn);\n});",
              "err": {
                "message": "CypressError: Timed out retrying: Expected to find element: '#clear-board', but never found it.",
                "estack": "CypressError: Timed out retrying: Expected to find element: '#clear-board', but never found it.\n    at cypressErr (http://localhost:39967/__cypress/runner/cypress_runner.js:149934:9)\n    at throwErr (http://localhost:39967/__cypress/runner/cypress_runner.js:149867:11)\n    at Object.throwErrByPath (http://localhost:39967/__cypress/runner/cypress_runner.js:149915:3)\n    at retry (http://localhost:39967/__cypress/runner/cypress_runner.js:144197:19)\n    at onFailFn (http://localhost:39967/__cypress/runner/cypress_runner.js:132448:16)\n    at tryCatcher (http://localhost:39967/__cypress/runner/cypress_runner.js:167415:23)\n    at Promise._settlePromiseFromHandler (http://localhost:39967/__cypress/runner/cypress_runner.js:165351:31)\n    at Promise._settlePromise (http://localhost:39967/__cypress/runner/cypress_runner.js:165408:18)\n    at Promise._settlePromise0 (http://localhost:39967/__cypress/runner/cypress_runner.js:165453:10)\n    at Promise._settlePromises (http://localhost:39967/__cypress/runner/cypress_runner.js:165528:18)\n    at Async../node_modules/bluebird/js/release/async.js.Async._drainQueue (http://localhost:39967/__cypress/runner/cypress_runner.js:162140:16)\n    at Async../node_modules/bluebird/js/release/async.js.Async._drainQueues (http://localhost:39967/__cypress/runner/cypress_runner.js:162150:10)\n    at Async.drainQueues (http://localhost:39967/__cypress/runner/cypress_runner.js:162024:14)",
                "diff": null
              },
              "uuid": "f6a34db2-3039-4bec-a2c9-d7a4e7bec0a1",
              "parentUUID": "6a253196-5511-4c86-901d-8e2f22a0c083",
              "isHook": false,
              "skipped": false
            },
            {
              "title": "Verifica se o texto do botão é 'Limpar'",
              "fullTitle": "9 - Crie um botão que, ao ser clicado, limpa o quadro preenchendo a cor de todos seus pixels com branco. Verifica se o texto do botão é 'Limpar'",
              "timedOut": null,
              "duration": 4169,
              "state": "failed",
              "speed": null,
              "pass": false,
              "fail": true,
              "pending": false,
              "context": null,
              "code": "cy.get('#clear-board').should('contain.text', 'Limpar');",
              "err": {
                "message": "CypressError: Timed out retrying: Expected to find element: '#clear-board', but never found it.",
                "estack": "CypressError: Timed out retrying: Expected to find element: '#clear-board', but never found it.\n    at cypressErr (http://localhost:39967/__cypress/runner/cypress_runner.js:149934:9)\n    at throwErr (http://localhost:39967/__cypress/runner/cypress_runner.js:149867:11)\n    at Object.throwErrByPath (http://localhost:39967/__cypress/runner/cypress_runner.js:149915:3)\n    at retry (http://localhost:39967/__cypress/runner/cypress_runner.js:144197:19)\n    at onFailFn (http://localhost:39967/__cypress/runner/cypress_runner.js:132448:16)\n    at tryCatcher (http://localhost:39967/__cypress/runner/cypress_runner.js:167415:23)\n    at Promise._settlePromiseFromHandler (http://localhost:39967/__cypress/runner/cypress_runner.js:165351:31)\n    at Promise._settlePromise (http://localhost:39967/__cypress/runner/cypress_runner.js:165408:18)\n    at Promise._settlePromise0 (http://localhost:39967/__cypress/runner/cypress_runner.js:165453:10)\n    at Promise._settlePromises (http://localhost:39967/__cypress/runner/cypress_runner.js:165528:18)\n    at Async../node_modules/bluebird/js/release/async.js.Async._drainQueue (http://localhost:39967/__cypress/runner/cypress_runner.js:162140:16)\n    at Async../node_modules/bluebird/js/release/async.js.Async._drainQueues (http://localhost:39967/__cypress/runner/cypress_runner.js:162150:10)\n    at Async.drainQueues (http://localhost:39967/__cypress/runner/cypress_runner.js:162024:14)",
                "diff": null
              },
              "uuid": "e75ccd8c-8f0f-4da0-994a-2781b47277e1",
              "parentUUID": "6a253196-5511-4c86-901d-8e2f22a0c083",
              "isHook": false,
              "skipped": false
            },
            {
              "title": "Verifica se ao clicar no botão, o quadro de pixels é totalmente preenchido de branco",
              "fullTitle": "9 - Crie um botão que, ao ser clicado, limpa o quadro preenchendo a cor de todos seus pixels com branco. Verifica se ao clicar no botão, o quadro de pixels é totalmente preenchido de branco",
              "timedOut": null,
              "duration": 6339,
              "state": "failed",
              "speed": null,
              "pass": false,
              "fail": true,
              "pending": false,
              "context": null,
              "code": "cy.get('.color').eq(1).then(function (color) {\n  var backgroundColor = color.css('background-color');\n  cy.wrap(color).click();\n  cy.get('.pixel').each(function (pixel) {\n    cy.wrap(pixel).click().should('have.css', 'background-color', backgroundColor);\n  });\n});\ncy.get('#clear-board').click();\ncy.get('.pixel').each(function (pixel) {\n  cy.wrap(pixel).should('have.css', 'background-color', WHITE);\n});",
              "err": {
                "message": "CypressError: Timed out retrying: Expected to find element: '#clear-board', but never found it.",
                "estack": "CypressError: Timed out retrying: Expected to find element: '#clear-board', but never found it.\n    at cypressErr (http://localhost:39967/__cypress/runner/cypress_runner.js:149934:9)\n    at throwErr (http://localhost:39967/__cypress/runner/cypress_runner.js:149867:11)\n    at Object.throwErrByPath (http://localhost:39967/__cypress/runner/cypress_runner.js:149915:3)\n    at retry (http://localhost:39967/__cypress/runner/cypress_runner.js:144197:19)\n    at onFailFn (http://localhost:39967/__cypress/runner/cypress_runner.js:132448:16)\n    at tryCatcher (http://localhost:39967/__cypress/runner/cypress_runner.js:167415:23)\n    at Promise._settlePromiseFromHandler (http://localhost:39967/__cypress/runner/cypress_runner.js:165351:31)\n    at Promise._settlePromise (http://localhost:39967/__cypress/runner/cypress_runner.js:165408:18)\n    at Promise._settlePromise0 (http://localhost:39967/__cypress/runner/cypress_runner.js:165453:10)\n    at Promise._settlePromises (http://localhost:39967/__cypress/runner/cypress_runner.js:165528:18)\n    at Async../node_modules/bluebird/js/release/async.js.Async._drainQueue (http://localhost:39967/__cypress/runner/cypress_runner.js:162140:16)\n    at Async../node_modules/bluebird/js/release/async.js.Async._drainQueues (http://localhost:39967/__cypress/runner/cypress_runner.js:162150:10)\n    at Async.drainQueues (http://localhost:39967/__cypress/runner/cypress_runner.js:162024:14)",
                "diff": null
              },
              "uuid": "47e08928-5c05-465c-913e-2405de32377d",
              "parentUUID": "6a253196-5511-4c86-901d-8e2f22a0c083",
              "isHook": false,
              "skipped": false
            }
          ],
          "suites": [],
          "passes": [],
          "failures": [
            "b3cfe3bc-a9c5-4b19-91d8-f69644130b60",
            "f6a34db2-3039-4bec-a2c9-d7a4e7bec0a1",
            "e75ccd8c-8f0f-4da0-994a-2781b47277e1",
            "47e08928-5c05-465c-913e-2405de32377d"
          ],
          "pending": [],
          "skipped": [],
          "duration": 18842,
          "root": false,
          "rootEmpty": false,
          "_timeout": 2000
        },
        {
          "uuid": "b6a2eb70-cd89-4399-9a0d-8e87be743e67",
          "title": "10 - Faça o quadro de pixels ter seu tamanho definido pelo usuário.",
          "fullFile": "",
          "file": "",
          "beforeHooks": [],
          "afterHooks": [],
          "tests": [
            {
              "title": "Verifica se existe um input com o id `board-size`",
              "fullTitle": "10 - Faça o quadro de pixels ter seu tamanho definido pelo usuário. Verifica se existe um input com o id `board-size`",
              "timedOut": null,
              "duration": 4180,
              "state": "failed",
              "speed": null,
              "pass": false,
              "fail": true,
              "pending": false,
              "context": null,
              "code": "cy.get('#board-size').should('be.visible');",
              "err": {
                "message": "CypressError: Timed out retrying: Expected to find element: '#board-size', but never found it.",
                "estack": "CypressError: Timed out retrying: Expected to find element: '#board-size', but never found it.\n    at cypressErr (http://localhost:39967/__cypress/runner/cypress_runner.js:149934:9)\n    at throwErr (http://localhost:39967/__cypress/runner/cypress_runner.js:149867:11)\n    at Object.throwErrByPath (http://localhost:39967/__cypress/runner/cypress_runner.js:149915:3)\n    at retry (http://localhost:39967/__cypress/runner/cypress_runner.js:144197:19)\n    at onFailFn (http://localhost:39967/__cypress/runner/cypress_runner.js:132448:16)\n    at tryCatcher (http://localhost:39967/__cypress/runner/cypress_runner.js:167415:23)\n    at Promise._settlePromiseFromHandler (http://localhost:39967/__cypress/runner/cypress_runner.js:165351:31)\n    at Promise._settlePromise (http://localhost:39967/__cypress/runner/cypress_runner.js:165408:18)\n    at Promise._settlePromise0 (http://localhost:39967/__cypress/runner/cypress_runner.js:165453:10)\n    at Promise._settlePromises (http://localhost:39967/__cypress/runner/cypress_runner.js:165528:18)\n    at Async../node_modules/bluebird/js/release/async.js.Async._drainQueue (http://localhost:39967/__cypress/runner/cypress_runner.js:162140:16)\n    at Async../node_modules/bluebird/js/release/async.js.Async._drainQueues (http://localhost:39967/__cypress/runner/cypress_runner.js:162150:10)\n    at Async.drainQueues (http://localhost:39967/__cypress/runner/cypress_runner.js:162024:14)",
                "diff": null
              },
              "uuid": "fae30928-7c9d-485a-b3ed-eebf94c409e7",
              "parentUUID": "b6a2eb70-cd89-4399-9a0d-8e87be743e67",
              "isHook": false,
              "skipped": false
            },
            {
              "title": "Verifica se existe um botão com o id `generate-board`",
              "fullTitle": "10 - Faça o quadro de pixels ter seu tamanho definido pelo usuário. Verifica se existe um botão com o id `generate-board`",
              "timedOut": null,
              "duration": 4183,
              "state": "failed",
              "speed": null,
              "pass": false,
              "fail": true,
              "pending": false,
              "context": null,
              "code": "cy.get('#generate-board').should('be.visible');",
              "err": {
                "message": "CypressError: Timed out retrying: Expected to find element: '#generate-board', but never found it.",
                "estack": "CypressError: Timed out retrying: Expected to find element: '#generate-board', but never found it.\n    at cypressErr (http://localhost:39967/__cypress/runner/cypress_runner.js:149934:9)\n    at throwErr (http://localhost:39967/__cypress/runner/cypress_runner.js:149867:11)\n    at Object.throwErrByPath (http://localhost:39967/__cypress/runner/cypress_runner.js:149915:3)\n    at retry (http://localhost:39967/__cypress/runner/cypress_runner.js:144197:19)\n    at onFailFn (http://localhost:39967/__cypress/runner/cypress_runner.js:132448:16)\n    at tryCatcher (http://localhost:39967/__cypress/runner/cypress_runner.js:167415:23)\n    at Promise._settlePromiseFromHandler (http://localhost:39967/__cypress/runner/cypress_runner.js:165351:31)\n    at Promise._settlePromise (http://localhost:39967/__cypress/runner/cypress_runner.js:165408:18)\n    at Promise._settlePromise0 (http://localhost:39967/__cypress/runner/cypress_runner.js:165453:10)\n    at Promise._settlePromises (http://localhost:39967/__cypress/runner/cypress_runner.js:165528:18)\n    at Async../node_modules/bluebird/js/release/async.js.Async._drainQueue (http://localhost:39967/__cypress/runner/cypress_runner.js:162140:16)\n    at Async../node_modules/bluebird/js/release/async.js.Async._drainQueues (http://localhost:39967/__cypress/runner/cypress_runner.js:162150:10)\n    at Async.drainQueues (http://localhost:39967/__cypress/runner/cypress_runner.js:162024:14)",
                "diff": null
              },
              "uuid": "d247a2f1-3f6f-48e7-83f4-4824e108a002",
              "parentUUID": "b6a2eb70-cd89-4399-9a0d-8e87be743e67",
              "isHook": false,
              "skipped": false
            },
            {
              "title": "Verifica se o input só aceita número maiores que zero. Essa restrição deve ser feita usando os atributos do elemento `input`",
              "fullTitle": "10 - Faça o quadro de pixels ter seu tamanho definido pelo usuário. Verifica se o input só aceita número maiores que zero. Essa restrição deve ser feita usando os atributos do elemento `input`",
              "timedOut": null,
              "duration": 4216,
              "state": "failed",
              "speed": null,
              "pass": false,
              "fail": true,
              "pending": false,
              "context": null,
              "code": "cy.get('#board-size[type=\\'number\\'][min=\\'1\\']');",
              "err": {
                "message": "CypressError: Timed out retrying: Expected to find element: '#board-size[type='number'][min='1']', but never found it.",
                "estack": "CypressError: Timed out retrying: Expected to find element: '#board-size[type='number'][min='1']', but never found it.\n    at cypressErr (http://localhost:39967/__cypress/runner/cypress_runner.js:149934:9)\n    at throwErr (http://localhost:39967/__cypress/runner/cypress_runner.js:149867:11)\n    at Object.throwErrByPath (http://localhost:39967/__cypress/runner/cypress_runner.js:149915:3)\n    at retry (http://localhost:39967/__cypress/runner/cypress_runner.js:144197:19)\n    at onFailFn (http://localhost:39967/__cypress/runner/cypress_runner.js:132448:16)\n    at tryCatcher (http://localhost:39967/__cypress/runner/cypress_runner.js:167415:23)\n    at Promise._settlePromiseFromHandler (http://localhost:39967/__cypress/runner/cypress_runner.js:165351:31)\n    at Promise._settlePromise (http://localhost:39967/__cypress/runner/cypress_runner.js:165408:18)\n    at Promise._settlePromise0 (http://localhost:39967/__cypress/runner/cypress_runner.js:165453:10)\n    at Promise._settlePromises (http://localhost:39967/__cypress/runner/cypress_runner.js:165528:18)\n    at Async../node_modules/bluebird/js/release/async.js.Async._drainQueue (http://localhost:39967/__cypress/runner/cypress_runner.js:162140:16)\n    at Async../node_modules/bluebird/js/release/async.js.Async._drainQueues (http://localhost:39967/__cypress/runner/cypress_runner.js:162150:10)\n    at Async.drainQueues (http://localhost:39967/__cypress/runner/cypress_runner.js:162024:14)",
                "diff": null
              },
              "uuid": "3f2a8d6b-86ad-4dba-8972-ffb2ef69b1ad",
              "parentUUID": "b6a2eb70-cd89-4399-9a0d-8e87be743e67",
              "isHook": false,
              "skipped": false
            },
            {
              "title": "Verifica se o botão contém o texto 'VQV'",
              "fullTitle": "10 - Faça o quadro de pixels ter seu tamanho definido pelo usuário. Verifica se o botão contém o texto 'VQV'",
              "timedOut": null,
              "duration": 4198,
              "state": "failed",
              "speed": null,
              "pass": false,
              "fail": true,
              "pending": false,
              "context": null,
              "code": "cy.get('#generate-board').contains(/vqv/i);",
              "err": {
                "message": "CypressError: Timed out retrying: Expected to find element: '#generate-board', but never found it.",
                "estack": "CypressError: Timed out retrying: Expected to find element: '#generate-board', but never found it.\n    at cypressErr (http://localhost:39967/__cypress/runner/cypress_runner.js:149934:9)\n    at throwErr (http://localhost:39967/__cypress/runner/cypress_runner.js:149867:11)\n    at Object.throwErrByPath (http://localhost:39967/__cypress/runner/cypress_runner.js:149915:3)\n    at retry (http://localhost:39967/__cypress/runner/cypress_runner.js:144197:19)\n    at onFailFn (http://localhost:39967/__cypress/runner/cypress_runner.js:132448:16)\n    at tryCatcher (http://localhost:39967/__cypress/runner/cypress_runner.js:167415:23)\n    at Promise._settlePromiseFromHandler (http://localhost:39967/__cypress/runner/cypress_runner.js:165351:31)\n    at Promise._settlePromise (http://localhost:39967/__cypress/runner/cypress_runner.js:165408:18)\n    at Promise._settlePromise0 (http://localhost:39967/__cypress/runner/cypress_runner.js:165453:10)\n    at Promise._settlePromises (http://localhost:39967/__cypress/runner/cypress_runner.js:165528:18)\n    at Async../node_modules/bluebird/js/release/async.js.Async._drainQueue (http://localhost:39967/__cypress/runner/cypress_runner.js:162140:16)\n    at Async../node_modules/bluebird/js/release/async.js.Async._drainQueues (http://localhost:39967/__cypress/runner/cypress_runner.js:162150:10)\n    at Async.drainQueues (http://localhost:39967/__cypress/runner/cypress_runner.js:162024:14)",
                "diff": null
              },
              "uuid": "f8d186ae-4809-4951-90b1-be79f82f7e0d",
              "parentUUID": "b6a2eb70-cd89-4399-9a0d-8e87be743e67",
              "isHook": false,
              "skipped": false
            },
            {
              "title": "Verifica se o input está posicionado entre a paleta de cores e o quadro de pixels",
              "fullTitle": "10 - Faça o quadro de pixels ter seu tamanho definido pelo usuário. Verifica se o input está posicionado entre a paleta de cores e o quadro de pixels",
              "timedOut": null,
              "duration": 4307,
              "state": "failed",
              "speed": null,
              "pass": false,
              "fail": true,
              "pending": false,
              "context": null,
              "code": "cy.get('#color-palette').then(function (palette) {\n  cy.get('#board-size').should('be.belowOf', palette);\n});\ncy.get('#board-size').then(function (palette) {\n  cy.get('#pixel-board').should('be.belowOf', palette);\n});",
              "err": {
                "message": "CypressError: Timed out retrying: Expected to find element: '#board-size', but never found it.",
                "estack": "CypressError: Timed out retrying: Expected to find element: '#board-size', but never found it.\n    at cypressErr (http://localhost:39967/__cypress/runner/cypress_runner.js:149934:9)\n    at throwErr (http://localhost:39967/__cypress/runner/cypress_runner.js:149867:11)\n    at Object.throwErrByPath (http://localhost:39967/__cypress/runner/cypress_runner.js:149915:3)\n    at retry (http://localhost:39967/__cypress/runner/cypress_runner.js:144197:19)\n    at onFailFn (http://localhost:39967/__cypress/runner/cypress_runner.js:132448:16)\n    at tryCatcher (http://localhost:39967/__cypress/runner/cypress_runner.js:167415:23)\n    at Promise._settlePromiseFromHandler (http://localhost:39967/__cypress/runner/cypress_runner.js:165351:31)\n    at Promise._settlePromise (http://localhost:39967/__cypress/runner/cypress_runner.js:165408:18)\n    at Promise._settlePromise0 (http://localhost:39967/__cypress/runner/cypress_runner.js:165453:10)\n    at Promise._settlePromises (http://localhost:39967/__cypress/runner/cypress_runner.js:165528:18)\n    at Async../node_modules/bluebird/js/release/async.js.Async._drainQueue (http://localhost:39967/__cypress/runner/cypress_runner.js:162140:16)\n    at Async../node_modules/bluebird/js/release/async.js.Async._drainQueues (http://localhost:39967/__cypress/runner/cypress_runner.js:162150:10)\n    at Async.drainQueues (http://localhost:39967/__cypress/runner/cypress_runner.js:162024:14)",
                "diff": null
              },
              "uuid": "265d4c26-9d32-4def-b457-277ad218b73b",
              "parentUUID": "b6a2eb70-cd89-4399-9a0d-8e87be743e67",
              "isHook": false,
              "skipped": false
            },
            {
              "title": "Verifica se o botão está posicionado ao lado do input",
              "fullTitle": "10 - Faça o quadro de pixels ter seu tamanho definido pelo usuário. Verifica se o botão está posicionado ao lado do input",
              "timedOut": null,
              "duration": 4207,
              "state": "failed",
              "speed": null,
              "pass": false,
              "fail": true,
              "pending": false,
              "context": null,
              "code": "cy.get('#board-size').then(function (board) {\n  cy.get('#generate-board').should('be.onTheRightOf', board);\n});",
              "err": {
                "message": "CypressError: Timed out retrying: Expected to find element: '#board-size', but never found it.",
                "estack": "CypressError: Timed out retrying: Expected to find element: '#board-size', but never found it.\n    at cypressErr (http://localhost:39967/__cypress/runner/cypress_runner.js:149934:9)\n    at throwErr (http://localhost:39967/__cypress/runner/cypress_runner.js:149867:11)\n    at Object.throwErrByPath (http://localhost:39967/__cypress/runner/cypress_runner.js:149915:3)\n    at retry (http://localhost:39967/__cypress/runner/cypress_runner.js:144197:19)\n    at onFailFn (http://localhost:39967/__cypress/runner/cypress_runner.js:132448:16)\n    at tryCatcher (http://localhost:39967/__cypress/runner/cypress_runner.js:167415:23)\n    at Promise._settlePromiseFromHandler (http://localhost:39967/__cypress/runner/cypress_runner.js:165351:31)\n    at Promise._settlePromise (http://localhost:39967/__cypress/runner/cypress_runner.js:165408:18)\n    at Promise._settlePromise0 (http://localhost:39967/__cypress/runner/cypress_runner.js:165453:10)\n    at Promise._settlePromises (http://localhost:39967/__cypress/runner/cypress_runner.js:165528:18)\n    at Async../node_modules/bluebird/js/release/async.js.Async._drainQueue (http://localhost:39967/__cypress/runner/cypress_runner.js:162140:16)\n    at Async../node_modules/bluebird/js/release/async.js.Async._drainQueues (http://localhost:39967/__cypress/runner/cypress_runner.js:162150:10)\n    at Async.drainQueues (http://localhost:39967/__cypress/runner/cypress_runner.js:162024:14)",
                "diff": null
              },
              "uuid": "796f9398-1624-4635-b4d6-b60501d67d68",
              "parentUUID": "b6a2eb70-cd89-4399-9a0d-8e87be743e67",
              "isHook": false,
              "skipped": false
            },
            {
              "title": "Verifica se nenhum valor for colocado no input ao clicar no botão, um `alert` é exibido com o texto: 'Board inválido!'",
              "fullTitle": "10 - Faça o quadro de pixels ter seu tamanho definido pelo usuário. Verifica se nenhum valor for colocado no input ao clicar no botão, um `alert` é exibido com o texto: 'Board inválido!'",
              "timedOut": null,
              "duration": 4255,
              "state": "failed",
              "speed": null,
              "pass": false,
              "fail": true,
              "pending": false,
              "context": null,
              "code": "var alerted = false;\ncy.on('window:alert', function (msg) {\n  return alerted = msg;\n});\ncy.get('#generate-board').click().then(function () {\n  return expect(alerted).to.match(/Board inválido!/i);\n});",
              "err": {
                "message": "CypressError: Timed out retrying: Expected to find element: '#generate-board', but never found it.",
                "estack": "CypressError: Timed out retrying: Expected to find element: '#generate-board', but never found it.\n    at cypressErr (http://localhost:39967/__cypress/runner/cypress_runner.js:149934:9)\n    at throwErr (http://localhost:39967/__cypress/runner/cypress_runner.js:149867:11)\n    at Object.throwErrByPath (http://localhost:39967/__cypress/runner/cypress_runner.js:149915:3)\n    at retry (http://localhost:39967/__cypress/runner/cypress_runner.js:144197:19)\n    at onFailFn (http://localhost:39967/__cypress/runner/cypress_runner.js:132448:16)\n    at tryCatcher (http://localhost:39967/__cypress/runner/cypress_runner.js:167415:23)\n    at Promise._settlePromiseFromHandler (http://localhost:39967/__cypress/runner/cypress_runner.js:165351:31)\n    at Promise._settlePromise (http://localhost:39967/__cypress/runner/cypress_runner.js:165408:18)\n    at Promise._settlePromise0 (http://localhost:39967/__cypress/runner/cypress_runner.js:165453:10)\n    at Promise._settlePromises (http://localhost:39967/__cypress/runner/cypress_runner.js:165528:18)\n    at Async../node_modules/bluebird/js/release/async.js.Async._drainQueue (http://localhost:39967/__cypress/runner/cypress_runner.js:162140:16)\n    at Async../node_modules/bluebird/js/release/async.js.Async._drainQueues (http://localhost:39967/__cypress/runner/cypress_runner.js:162150:10)\n    at Async.drainQueues (http://localhost:39967/__cypress/runner/cypress_runner.js:162024:14)",
                "diff": null
              },
              "uuid": "a21eec9b-6c46-45a3-bb26-1d9a698c9556",
              "parentUUID": "b6a2eb70-cd89-4399-9a0d-8e87be743e67",
              "isHook": false,
              "skipped": false
            },
            {
              "title": "Verifica se ao clicar no botão com um valor preenchido, o tamanho do board muda.",
              "fullTitle": "10 - Faça o quadro de pixels ter seu tamanho definido pelo usuário. Verifica se ao clicar no botão com um valor preenchido, o tamanho do board muda.",
              "timedOut": null,
              "duration": 4205,
              "state": "failed",
              "speed": null,
              "pass": false,
              "fail": true,
              "pending": false,
              "context": null,
              "code": "cy.get('#board-size').clear().type(10);\ncy.get('#generate-board').click();\ncy.get('.pixel').should('have.length', 100);",
              "err": {
                "message": "CypressError: Timed out retrying: Expected to find element: '#board-size', but never found it.",
                "estack": "CypressError: Timed out retrying: Expected to find element: '#board-size', but never found it.\n    at cypressErr (http://localhost:39967/__cypress/runner/cypress_runner.js:149934:9)\n    at throwErr (http://localhost:39967/__cypress/runner/cypress_runner.js:149867:11)\n    at Object.throwErrByPath (http://localhost:39967/__cypress/runner/cypress_runner.js:149915:3)\n    at retry (http://localhost:39967/__cypress/runner/cypress_runner.js:144197:19)\n    at onFailFn (http://localhost:39967/__cypress/runner/cypress_runner.js:132448:16)\n    at tryCatcher (http://localhost:39967/__cypress/runner/cypress_runner.js:167415:23)\n    at Promise._settlePromiseFromHandler (http://localhost:39967/__cypress/runner/cypress_runner.js:165351:31)\n    at Promise._settlePromise (http://localhost:39967/__cypress/runner/cypress_runner.js:165408:18)\n    at Promise._settlePromise0 (http://localhost:39967/__cypress/runner/cypress_runner.js:165453:10)\n    at Promise._settlePromises (http://localhost:39967/__cypress/runner/cypress_runner.js:165528:18)\n    at Async../node_modules/bluebird/js/release/async.js.Async._drainQueue (http://localhost:39967/__cypress/runner/cypress_runner.js:162140:16)\n    at Async../node_modules/bluebird/js/release/async.js.Async._drainQueues (http://localhost:39967/__cypress/runner/cypress_runner.js:162150:10)\n    at Async.drainQueues (http://localhost:39967/__cypress/runner/cypress_runner.js:162024:14)",
                "diff": null
              },
              "uuid": "6d0e08bb-e006-42cf-8edd-24965ea51146",
              "parentUUID": "b6a2eb70-cd89-4399-9a0d-8e87be743e67",
              "isHook": false,
              "skipped": false
            },
            {
              "title": "Verifica se o novo quadro tem todos os pixels preenchidos com a cor branca",
              "fullTitle": "10 - Faça o quadro de pixels ter seu tamanho definido pelo usuário. Verifica se o novo quadro tem todos os pixels preenchidos com a cor branca",
              "timedOut": null,
              "duration": 4249,
              "state": "failed",
              "speed": null,
              "pass": false,
              "fail": true,
              "pending": false,
              "context": null,
              "code": "cy.get('#board-size').clear().type(6);\ncy.get('#generate-board').click();\ncy.get('.pixel').should('have.length', 36).each(function (pixel) {\n  expect(pixel).to.have.css('background-color', WHITE);\n});",
              "err": {
                "message": "CypressError: Timed out retrying: Expected to find element: '#board-size', but never found it.",
                "estack": "CypressError: Timed out retrying: Expected to find element: '#board-size', but never found it.\n    at cypressErr (http://localhost:39967/__cypress/runner/cypress_runner.js:149934:9)\n    at throwErr (http://localhost:39967/__cypress/runner/cypress_runner.js:149867:11)\n    at Object.throwErrByPath (http://localhost:39967/__cypress/runner/cypress_runner.js:149915:3)\n    at retry (http://localhost:39967/__cypress/runner/cypress_runner.js:144197:19)\n    at onFailFn (http://localhost:39967/__cypress/runner/cypress_runner.js:132448:16)\n    at tryCatcher (http://localhost:39967/__cypress/runner/cypress_runner.js:167415:23)\n    at Promise._settlePromiseFromHandler (http://localhost:39967/__cypress/runner/cypress_runner.js:165351:31)\n    at Promise._settlePromise (http://localhost:39967/__cypress/runner/cypress_runner.js:165408:18)\n    at Promise._settlePromise0 (http://localhost:39967/__cypress/runner/cypress_runner.js:165453:10)\n    at Promise._settlePromises (http://localhost:39967/__cypress/runner/cypress_runner.js:165528:18)\n    at Async../node_modules/bluebird/js/release/async.js.Async._drainQueue (http://localhost:39967/__cypress/runner/cypress_runner.js:162140:16)\n    at Async../node_modules/bluebird/js/release/async.js.Async._drainQueues (http://localhost:39967/__cypress/runner/cypress_runner.js:162150:10)\n    at Async.drainQueues (http://localhost:39967/__cypress/runner/cypress_runner.js:162024:14)",
                "diff": null
              },
              "uuid": "9fbbc920-6a5c-4acf-904b-82f46b2485c4",
              "parentUUID": "b6a2eb70-cd89-4399-9a0d-8e87be743e67",
              "isHook": false,
              "skipped": false
            }
          ],
          "suites": [],
          "passes": [],
          "failures": [
            "fae30928-7c9d-485a-b3ed-eebf94c409e7",
            "d247a2f1-3f6f-48e7-83f4-4824e108a002",
            "3f2a8d6b-86ad-4dba-8972-ffb2ef69b1ad",
            "f8d186ae-4809-4951-90b1-be79f82f7e0d",
            "265d4c26-9d32-4def-b457-277ad218b73b",
            "796f9398-1624-4635-b4d6-b60501d67d68",
            "a21eec9b-6c46-45a3-bb26-1d9a698c9556",
            "6d0e08bb-e006-42cf-8edd-24965ea51146",
            "9fbbc920-6a5c-4acf-904b-82f46b2485c4"
          ],
          "pending": [],
          "skipped": [],
          "duration": 38000,
          "root": false,
          "rootEmpty": false,
          "_timeout": 2000
        },
        {
          "uuid": "828fb581-bbd0-48ac-a490-d7c3616f598f",
          "title": "11 - Limite o tamanho mínimo e máximo do board.",
          "fullFile": "",
          "file": "",
          "beforeHooks": [],
          "afterHooks": [],
          "tests": [
            {
              "title": "Verifica se a altura máxima do board é 50",
              "fullTitle": "11 - Limite o tamanho mínimo e máximo do board. Verifica se a altura máxima do board é 50",
              "timedOut": null,
              "duration": 4177,
              "state": "failed",
              "speed": null,
              "pass": false,
              "fail": true,
              "pending": false,
              "context": null,
              "code": "cy.get('#board-size').clear().type(50);\ncy.get('#generate-board').click();\ncy.get('.pixel').should('have.length', 2500);",
              "err": {
                "message": "CypressError: Timed out retrying: Expected to find element: '#board-size', but never found it.",
                "estack": "CypressError: Timed out retrying: Expected to find element: '#board-size', but never found it.\n    at cypressErr (http://localhost:39967/__cypress/runner/cypress_runner.js:149934:9)\n    at throwErr (http://localhost:39967/__cypress/runner/cypress_runner.js:149867:11)\n    at Object.throwErrByPath (http://localhost:39967/__cypress/runner/cypress_runner.js:149915:3)\n    at retry (http://localhost:39967/__cypress/runner/cypress_runner.js:144197:19)\n    at onFailFn (http://localhost:39967/__cypress/runner/cypress_runner.js:132448:16)\n    at tryCatcher (http://localhost:39967/__cypress/runner/cypress_runner.js:167415:23)\n    at Promise._settlePromiseFromHandler (http://localhost:39967/__cypress/runner/cypress_runner.js:165351:31)\n    at Promise._settlePromise (http://localhost:39967/__cypress/runner/cypress_runner.js:165408:18)\n    at Promise._settlePromise0 (http://localhost:39967/__cypress/runner/cypress_runner.js:165453:10)\n    at Promise._settlePromises (http://localhost:39967/__cypress/runner/cypress_runner.js:165528:18)\n    at Async../node_modules/bluebird/js/release/async.js.Async._drainQueue (http://localhost:39967/__cypress/runner/cypress_runner.js:162140:16)\n    at Async../node_modules/bluebird/js/release/async.js.Async._drainQueues (http://localhost:39967/__cypress/runner/cypress_runner.js:162150:10)\n    at Async.drainQueues (http://localhost:39967/__cypress/runner/cypress_runner.js:162024:14)",
                "diff": null
              },
              "uuid": "d747c7d6-af65-4dfa-832f-56fff5cd823d",
              "parentUUID": "828fb581-bbd0-48ac-a490-d7c3616f598f",
              "isHook": false,
              "skipped": false
            },
            {
              "title": "Verifica se a altura do board é 5 quando um valor menor é colocado no input",
              "fullTitle": "11 - Limite o tamanho mínimo e máximo do board. Verifica se a altura do board é 5 quando um valor menor é colocado no input",
              "timedOut": null,
              "duration": 4179,
              "state": "failed",
              "speed": null,
              "pass": false,
              "fail": true,
              "pending": false,
              "context": null,
              "code": "cy.get('#board-size').clear().type(4);\ncy.get('#generate-board').click();\ncy.get('.pixel').should('have.length', 25);",
              "err": {
                "message": "CypressError: Timed out retrying: Expected to find element: '#board-size', but never found it.",
                "estack": "CypressError: Timed out retrying: Expected to find element: '#board-size', but never found it.\n    at cypressErr (http://localhost:39967/__cypress/runner/cypress_runner.js:149934:9)\n    at throwErr (http://localhost:39967/__cypress/runner/cypress_runner.js:149867:11)\n    at Object.throwErrByPath (http://localhost:39967/__cypress/runner/cypress_runner.js:149915:3)\n    at retry (http://localhost:39967/__cypress/runner/cypress_runner.js:144197:19)\n    at onFailFn (http://localhost:39967/__cypress/runner/cypress_runner.js:132448:16)\n    at tryCatcher (http://localhost:39967/__cypress/runner/cypress_runner.js:167415:23)\n    at Promise._settlePromiseFromHandler (http://localhost:39967/__cypress/runner/cypress_runner.js:165351:31)\n    at Promise._settlePromise (http://localhost:39967/__cypress/runner/cypress_runner.js:165408:18)\n    at Promise._settlePromise0 (http://localhost:39967/__cypress/runner/cypress_runner.js:165453:10)\n    at Promise._settlePromises (http://localhost:39967/__cypress/runner/cypress_runner.js:165528:18)\n    at Async../node_modules/bluebird/js/release/async.js.Async._drainQueue (http://localhost:39967/__cypress/runner/cypress_runner.js:162140:16)\n    at Async../node_modules/bluebird/js/release/async.js.Async._drainQueues (http://localhost:39967/__cypress/runner/cypress_runner.js:162150:10)\n    at Async.drainQueues (http://localhost:39967/__cypress/runner/cypress_runner.js:162024:14)",
                "diff": null
              },
              "uuid": "a4ea27fb-2a2a-4b67-bed3-dc57ac0da310",
              "parentUUID": "828fb581-bbd0-48ac-a490-d7c3616f598f",
              "isHook": false,
              "skipped": false
            },
            {
              "title": "Verifica se a altura do board é 50 quando um valor maior é colocado no input",
              "fullTitle": "11 - Limite o tamanho mínimo e máximo do board. Verifica se a altura do board é 50 quando um valor maior é colocado no input",
              "timedOut": null,
              "duration": 4224,
              "state": "failed",
              "speed": null,
              "pass": false,
              "fail": true,
              "pending": false,
              "context": null,
              "code": "cy.get('#board-size').clear().type(51);\ncy.get('#generate-board').click();\ncy.get('.pixel').should('have.length', 2500);",
              "err": {
                "message": "CypressError: Timed out retrying: Expected to find element: '#board-size', but never found it.",
                "estack": "CypressError: Timed out retrying: Expected to find element: '#board-size', but never found it.\n    at cypressErr (http://localhost:39967/__cypress/runner/cypress_runner.js:149934:9)\n    at throwErr (http://localhost:39967/__cypress/runner/cypress_runner.js:149867:11)\n    at Object.throwErrByPath (http://localhost:39967/__cypress/runner/cypress_runner.js:149915:3)\n    at retry (http://localhost:39967/__cypress/runner/cypress_runner.js:144197:19)\n    at onFailFn (http://localhost:39967/__cypress/runner/cypress_runner.js:132448:16)\n    at tryCatcher (http://localhost:39967/__cypress/runner/cypress_runner.js:167415:23)\n    at Promise._settlePromiseFromHandler (http://localhost:39967/__cypress/runner/cypress_runner.js:165351:31)\n    at Promise._settlePromise (http://localhost:39967/__cypress/runner/cypress_runner.js:165408:18)\n    at Promise._settlePromise0 (http://localhost:39967/__cypress/runner/cypress_runner.js:165453:10)\n    at Promise._settlePromises (http://localhost:39967/__cypress/runner/cypress_runner.js:165528:18)\n    at Async../node_modules/bluebird/js/release/async.js.Async._drainQueue (http://localhost:39967/__cypress/runner/cypress_runner.js:162140:16)\n    at Async../node_modules/bluebird/js/release/async.js.Async._drainQueues (http://localhost:39967/__cypress/runner/cypress_runner.js:162150:10)\n    at Async.drainQueues (http://localhost:39967/__cypress/runner/cypress_runner.js:162024:14)",
                "diff": null
              },
              "uuid": "25317a86-8ebb-4664-a87f-36b9c839ebd9",
              "parentUUID": "828fb581-bbd0-48ac-a490-d7c3616f598f",
              "isHook": false,
              "skipped": false
            }
          ],
          "suites": [],
          "passes": [],
          "failures": [
            "d747c7d6-af65-4dfa-832f-56fff5cd823d",
            "a4ea27fb-2a2a-4b67-bed3-dc57ac0da310",
            "25317a86-8ebb-4664-a87f-36b9c839ebd9"
          ],
          "pending": [],
          "skipped": [],
          "duration": 12580,
          "root": false,
          "rootEmpty": false,
          "_timeout": 2000
        },
        {
          "uuid": "d01e96be-c963-4261-843e-bd7decc595db",
          "title": "12 - Faça com que as cores da paleta sejam geradas aleatoriamente ao carregar a página.",
          "fullFile": "",
          "file": "",
          "beforeHooks": [],
          "afterHooks": [],
          "tests": [
            {
              "title": "Verifica se as cores geradas na paleta são diferentes a cada carregamento da página",
              "fullTitle": "12 - Faça com que as cores da paleta sejam geradas aleatoriamente ao carregar a página. Verifica se as cores geradas na paleta são diferentes a cada carregamento da página",
              "timedOut": null,
              "duration": 268,
              "state": "failed",
              "speed": null,
              "pass": false,
              "fail": true,
              "pending": false,
              "context": null,
              "code": "cy.get('.color').then(function (colors) {\n  var currentColors;\n  var previousColors;\n  previousColors = Array.from(colors).map(function (color) {\n    return Cypress.$(color).css('background-color');\n  });\n  for (var i = 0; i < 5; i += 1) {\n    cy.reload();\n    cy.get('.color').then(function (colors) {\n      currentColors = Array.from(colors).map(function (color) {\n        return Cypress.$(color).css('background-color');\n      });\n      expect(currentColors).not.to.deep.equal(previousColors);\n      previousColors = currentColors;\n    });\n  }\n});",
              "err": {
                "message": "AssertionError: expected [ Array(4) ] to not deeply equal [ Array(4) ]",
                "estack": "AssertionError: expected [ Array(4) ] to not deeply equal [ Array(4) ]\n    at getRet (http://localhost:39967/__cypress/runner/cypress_runner.js:136585:16)\n    at tryCatcher (http://localhost:39967/__cypress/runner/cypress_runner.js:167415:23)\n    at Function.Promise.attempt.Promise.try (http://localhost:39967/__cypress/runner/cypress_runner.js:164690:29)\n    at Context.thenFn (http://localhost:39967/__cypress/runner/cypress_runner.js:136599:23)\n    at Context.then (http://localhost:39967/__cypress/runner/cypress_runner.js:136971:21)\n    at Context.<anonymous> (http://localhost:39967/__cypress/runner/cypress_runner.js:148875:21)\n    at http://localhost:39967/__cypress/runner/cypress_runner.js:148351:33\n    at tryCatcher (http://localhost:39967/__cypress/runner/cypress_runner.js:167415:23)\n    at Promise._settlePromiseFromHandler (http://localhost:39967/__cypress/runner/cypress_runner.js:165351:31)\n    at Promise._settlePromise (http://localhost:39967/__cypress/runner/cypress_runner.js:165408:18)\n    at Promise._settlePromiseCtx (http://localhost:39967/__cypress/runner/cypress_runner.js:165445:10)\n    at Async../node_modules/bluebird/js/release/async.js.Async._drainQueue (http://localhost:39967/__cypress/runner/cypress_runner.js:162145:12)\n    at Async../node_modules/bluebird/js/release/async.js.Async._drainQueues (http://localhost:39967/__cypress/runner/cypress_runner.js:162150:10)\n    at Async.drainQueues (http://localhost:39967/__cypress/runner/cypress_runner.js:162024:14)",
                "diff": ""
              },
              "uuid": "972470c9-50d3-41f7-bce2-3dd7b4f2d5ed",
              "parentUUID": "d01e96be-c963-4261-843e-bd7decc595db",
              "isHook": false,
              "skipped": false
            },
            {
              "title": "Verifica se a cor preta ainda está presente e é a primeira na sua paleta de cores",
              "fullTitle": "12 - Faça com que as cores da paleta sejam geradas aleatoriamente ao carregar a página. Verifica se a cor preta ainda está presente e é a primeira na sua paleta de cores",
              "timedOut": null,
              "duration": 261,
              "state": "failed",
              "speed": null,
              "pass": false,
              "fail": true,
              "pending": false,
              "context": null,
              "code": "cy.get('.color').then(function (colors) {\n  var currentColors;\n  var previousColors;\n  previousColors = Array.from(colors).map(function (color) {\n    return Cypress.$(color).css('background-color');\n  });\n  expect(previousColors[0]).to.eq(BLACK);\n  for (var i = 0; i < 5; i += 1) {\n    cy.reload();\n    cy.get('.color').then(function (colors) {\n      currentColors = Array.from(colors).map(function (color) {\n        return Cypress.$(color).css('background-color');\n      });\n      expect(currentColors[0]).to.eq(BLACK);\n      expect(currentColors).not.to.deep.equal(previousColors);\n      previousColors = currentColors;\n    });\n  }\n});",
              "err": {
                "message": "AssertionError: expected [ Array(4) ] to not deeply equal [ Array(4) ]",
                "estack": "AssertionError: expected [ Array(4) ] to not deeply equal [ Array(4) ]\n    at getRet (http://localhost:39967/__cypress/runner/cypress_runner.js:136585:16)\n    at tryCatcher (http://localhost:39967/__cypress/runner/cypress_runner.js:167415:23)\n    at Function.Promise.attempt.Promise.try (http://localhost:39967/__cypress/runner/cypress_runner.js:164690:29)\n    at Context.thenFn (http://localhost:39967/__cypress/runner/cypress_runner.js:136599:23)\n    at Context.then (http://localhost:39967/__cypress/runner/cypress_runner.js:136971:21)\n    at Context.<anonymous> (http://localhost:39967/__cypress/runner/cypress_runner.js:148875:21)\n    at http://localhost:39967/__cypress/runner/cypress_runner.js:148351:33\n    at tryCatcher (http://localhost:39967/__cypress/runner/cypress_runner.js:167415:23)\n    at Promise._settlePromiseFromHandler (http://localhost:39967/__cypress/runner/cypress_runner.js:165351:31)\n    at Promise._settlePromise (http://localhost:39967/__cypress/runner/cypress_runner.js:165408:18)\n    at Promise._settlePromiseCtx (http://localhost:39967/__cypress/runner/cypress_runner.js:165445:10)\n    at Async../node_modules/bluebird/js/release/async.js.Async._drainQueue (http://localhost:39967/__cypress/runner/cypress_runner.js:162145:12)\n    at Async../node_modules/bluebird/js/release/async.js.Async._drainQueues (http://localhost:39967/__cypress/runner/cypress_runner.js:162150:10)\n    at Async.drainQueues (http://localhost:39967/__cypress/runner/cypress_runner.js:162024:14)",
                "diff": ""
              },
              "uuid": "4c7f0591-407b-46d4-bcb1-69b32996852e",
              "parentUUID": "d01e96be-c963-4261-843e-bd7decc595db",
              "isHook": false,
              "skipped": false
            }
          ],
          "suites": [],
          "passes": [],
          "failures": [
            "972470c9-50d3-41f7-bce2-3dd7b4f2d5ed",
            "4c7f0591-407b-46d4-bcb1-69b32996852e"
          ],
          "pending": [],
          "skipped": [],
          "duration": 529,
          "root": false,
          "rootEmpty": false,
          "_timeout": 2000
        }
      ],
      "passes": [],
      "failures": [],
      "pending": [],
      "skipped": [],
      "duration": 0,
      "root": true,
      "rootEmpty": true,
      "_timeout": 2000
    }
  ],
  "meta": {
    "mocha": {
      "version": "7.0.1"
    },
    "mochawesome": {
      "options": {
        "quiet": false,
        "reportFilename": "mochawesome",
        "saveHtml": false,
        "saveJson": true,
        "consoleReporter": "spec",
        "useInlineDiffs": false
      },
      "version": "4.1.0"
    },
    "marge": {
      "options": {
        "id": "default",
        "reportDir": "cypress/reports",
        "overwrite": true,
        "html": false,
        "json": true
      },
      "version": "4.1.0"
    }
  }
}