{
  "stats": {
    "suites": 12,
    "tests": 41,
    "passes": 20,
    "pending": 0,
    "failures": 21,
    "start": "2021-08-13T15:23:46.590Z",
    "end": "2021-08-13T15:25:22.925Z",
    "duration": 96335,
    "testsRegistered": 41,
    "passPercent": 48.78048780487805,
    "pendingPercent": 0,
    "other": 0,
    "hasOther": false,
    "skipped": 0,
    "hasSkipped": false
  },
  "results": [
    {
      "uuid": "bcf27c3f-3669-433d-97f2-f4f2d8e1195d",
      "title": "",
      "fullFile": "cypress/integration/project.spec.js",
      "file": "cypress/integration/project.spec.js",
      "beforeHooks": [],
      "afterHooks": [],
      "tests": [],
      "suites": [
        {
          "uuid": "85a3267b-f7a9-464d-a582-d00fa43bdd1b",
          "title": "1 - Adicione à página o título \"Paleta de Cores\".",
          "fullFile": "",
          "file": "",
          "beforeHooks": [],
          "afterHooks": [],
          "tests": [
            {
              "title": "Verifica se contém um elemento `h1` com o id `title` com o título correto",
              "fullTitle": "1 - Adicione à página o título \"Paleta de Cores\". Verifica se contém um elemento `h1` com o id `title` com o título correto",
              "timedOut": null,
              "duration": 367,
              "state": "passed",
              "speed": "slow",
              "pass": true,
              "fail": false,
              "pending": false,
              "context": null,
              "code": "cy.get('h1#title').should('contain.text', 'Paleta de Cores');",
              "err": {},
              "uuid": "b5bcd61a-664c-4c82-8eed-4428f91ff584",
              "parentUUID": "85a3267b-f7a9-464d-a582-d00fa43bdd1b",
              "isHook": false,
              "skipped": false
            }
          ],
          "suites": [],
          "passes": [
            "b5bcd61a-664c-4c82-8eed-4428f91ff584"
          ],
          "failures": [],
          "pending": [],
          "skipped": [],
          "duration": 367,
          "root": false,
          "rootEmpty": false,
          "_timeout": 2000
        },
        {
          "uuid": "af5196f9-e08e-44d3-84e5-2bb9c958f30b",
          "title": "2 - Adicione à página uma paleta de quatro cores distintas.",
          "fullFile": "",
          "file": "",
          "beforeHooks": [],
          "afterHooks": [],
          "tests": [
            {
              "title": "A paleta de cores deve ser um elemento com `id` denominado `color-palette`",
              "fullTitle": "2 - Adicione à página uma paleta de quatro cores distintas. A paleta de cores deve ser um elemento com `id` denominado `color-palette`",
              "timedOut": null,
              "duration": 234,
              "state": "passed",
              "speed": "slow",
              "pass": true,
              "fail": false,
              "pending": false,
              "context": null,
              "code": "cy.get('#color-palette').should('be.visible');",
              "err": {},
              "uuid": "1a7c7212-d975-431e-9433-2737181ead70",
              "parentUUID": "af5196f9-e08e-44d3-84e5-2bb9c958f30b",
              "isHook": false,
              "skipped": false
            },
            {
              "title": "Verifica se cada cor individual da paleta de cores possui a `classe` chamada `color`.",
              "fullTitle": "2 - Adicione à página uma paleta de quatro cores distintas. Verifica se cada cor individual da paleta de cores possui a `classe` chamada `color`.",
              "timedOut": null,
              "duration": 294,
              "state": "passed",
              "speed": "slow",
              "pass": true,
              "fail": false,
              "pending": false,
              "context": null,
              "code": "cy.get('.color').should('have.length', 4).then(function (colors) {\n  for (var i = 0; i < colors.length; i++) {\n    cy.wrap(colors[i]).should('be.visible');\n  }\n});",
              "err": {},
              "uuid": "eac29b17-fc0c-4bc0-afcf-bead7ccd0578",
              "parentUUID": "af5196f9-e08e-44d3-84e5-2bb9c958f30b",
              "isHook": false,
              "skipped": false
            },
            {
              "title": "Verifica se a cor de fundo de cada elemento da paleta é a cor que o elemento representa. **A única cor não permitida na paleta é a cor branca.**",
              "fullTitle": "2 - Adicione à página uma paleta de quatro cores distintas. Verifica se a cor de fundo de cada elemento da paleta é a cor que o elemento representa. **A única cor não permitida na paleta é a cor branca.**",
              "timedOut": null,
              "duration": 339,
              "state": "passed",
              "speed": "slow",
              "pass": true,
              "fail": false,
              "pending": false,
              "context": null,
              "code": "cy.get('.color').each(function (color) {\n  cy.wrap(color).should('have.class', 'color').and('not.have.css', 'background-color', WHITE);\n  cy.wrap(color).should('have.css', 'background-color');\n});",
              "err": {},
              "uuid": "bb29b0e9-a1ef-4db6-a759-ad89133030ee",
              "parentUUID": "af5196f9-e08e-44d3-84e5-2bb9c958f30b",
              "isHook": false,
              "skipped": false
            },
            {
              "title": "Verifica se cada elemento da paleta de cores tem uma borda preta, sólida e com 1 pixel de largura;",
              "fullTitle": "2 - Adicione à página uma paleta de quatro cores distintas. Verifica se cada elemento da paleta de cores tem uma borda preta, sólida e com 1 pixel de largura;",
              "timedOut": null,
              "duration": 187,
              "state": "passed",
              "speed": "slow",
              "pass": true,
              "fail": false,
              "pending": false,
              "context": null,
              "code": "cy.get('.color').each(function (color) {\n  cy.wrap(color).and('have.css', 'border', \"1px solid \".concat(BLACK)).and('have.class', 'color');\n});",
              "err": {},
              "uuid": "906d7194-58e9-422d-8dc2-097c6e17bde3",
              "parentUUID": "af5196f9-e08e-44d3-84e5-2bb9c958f30b",
              "isHook": false,
              "skipped": false
            },
            {
              "title": "Verifica se a paleta lista todas as cores disponíveis para utilização, lado a lado.",
              "fullTitle": "2 - Adicione à página uma paleta de quatro cores distintas. Verifica se a paleta lista todas as cores disponíveis para utilização, lado a lado.",
              "timedOut": null,
              "duration": 192,
              "state": "passed",
              "speed": "slow",
              "pass": true,
              "fail": false,
              "pending": false,
              "context": null,
              "code": "cy.get('.color').then(function (colors) {\n  for (var index = 1; index < colors.length; index += 1) {\n    var currentColor = colors[index];\n    var previousColor = colors[index - 1];\n    cy.wrap(currentColor).should('be.onTheRightOf', previousColor).and('be.horizontallyAlignedWith', previousColor);\n  }\n});",
              "err": {},
              "uuid": "a4193aa8-b8a1-4264-9752-2d16897e43dd",
              "parentUUID": "af5196f9-e08e-44d3-84e5-2bb9c958f30b",
              "isHook": false,
              "skipped": false
            },
            {
              "title": "Verifica se a paleta de cores está posicionada abaixo do título 'Paleta de Cores'",
              "fullTitle": "2 - Adicione à página uma paleta de quatro cores distintas. Verifica se a paleta de cores está posicionada abaixo do título 'Paleta de Cores'",
              "timedOut": null,
              "duration": 119,
              "state": "passed",
              "speed": "slow",
              "pass": true,
              "fail": false,
              "pending": false,
              "context": null,
              "code": "cy.get('h1#title').then(function (title) {\n  cy.get('#color-palette').should('be.belowOf', title);\n});",
              "err": {},
              "uuid": "8c9b62bf-2686-4f81-a41b-dd2dc834cc32",
              "parentUUID": "af5196f9-e08e-44d3-84e5-2bb9c958f30b",
              "isHook": false,
              "skipped": false
            },
            {
              "title": "Verifica se a paleta de cores não contém cores repetidas.",
              "fullTitle": "2 - Adicione à página uma paleta de quatro cores distintas. Verifica se a paleta de cores não contém cores repetidas.",
              "timedOut": null,
              "duration": 115,
              "state": "passed",
              "speed": "slow",
              "pass": true,
              "fail": false,
              "pending": false,
              "context": null,
              "code": "cy.get('.color').then(function (colors) {\n  var allColors = Array.from(colors).map(function (color) {\n    return Cypress.$(color).css('background-color');\n  });\n  cy.log(allColors);\n  var uniqColors = (0, _toConsumableArray2[\"default\"])(new Set(allColors));\n  cy.log(uniqColors);\n  expect(allColors.length).to.eq(uniqColors.length);\n});",
              "err": {},
              "uuid": "e26e8979-1a9d-48da-934f-4d03c5a083fb",
              "parentUUID": "af5196f9-e08e-44d3-84e5-2bb9c958f30b",
              "isHook": false,
              "skipped": false
            }
          ],
          "suites": [],
          "passes": [
            "1a7c7212-d975-431e-9433-2737181ead70",
            "eac29b17-fc0c-4bc0-afcf-bead7ccd0578",
            "bb29b0e9-a1ef-4db6-a759-ad89133030ee",
            "906d7194-58e9-422d-8dc2-097c6e17bde3",
            "a4193aa8-b8a1-4264-9752-2d16897e43dd",
            "8c9b62bf-2686-4f81-a41b-dd2dc834cc32",
            "e26e8979-1a9d-48da-934f-4d03c5a083fb"
          ],
          "failures": [],
          "pending": [],
          "skipped": [],
          "duration": 1480,
          "root": false,
          "rootEmpty": false,
          "_timeout": 2000
        },
        {
          "uuid": "e897bf10-2417-4df9-8bf4-d6424ca8fafd",
          "title": "3 - Adicione a cor **preta** como a primeira cor da paleta de cores.",
          "fullFile": "",
          "file": "",
          "beforeHooks": [],
          "afterHooks": [],
          "tests": [
            {
              "title": "Verifica se a primeira cor da paleta é preta",
              "fullTitle": "3 - Adicione a cor **preta** como a primeira cor da paleta de cores. Verifica se a primeira cor da paleta é preta",
              "timedOut": null,
              "duration": 185,
              "state": "passed",
              "speed": "slow",
              "pass": true,
              "fail": false,
              "pending": false,
              "context": null,
              "code": "cy.get('.color').first().should('have.css', 'background-color', BLACK);",
              "err": {},
              "uuid": "a15e04ab-20fb-4213-bbc1-084a2fefb97c",
              "parentUUID": "e897bf10-2417-4df9-8bf4-d6424ca8fafd",
              "isHook": false,
              "skipped": false
            },
            {
              "title": "Verifica se as demais cores podem ser escolhidas livremente.",
              "fullTitle": "3 - Adicione a cor **preta** como a primeira cor da paleta de cores. Verifica se as demais cores podem ser escolhidas livremente.",
              "timedOut": null,
              "duration": 332,
              "state": "passed",
              "speed": "slow",
              "pass": true,
              "fail": false,
              "pending": false,
              "context": null,
              "code": "cy.get('.color').eq(1).should('not.have.css', 'background-color', BLACK);\ncy.get('.color').eq(1).should('not.have.css', 'background-color', WHITE);\ncy.get('.color').eq(1).should('not.have.css', 'background-color', 'rgba(0, 0, 0, 0)');\ncy.get('.color').eq(1).should('have.css', 'background-color');\ncy.get('.color').eq(2).should('not.have.css', 'background-color', BLACK);\ncy.get('.color').eq(2).should('not.have.css', 'background-color', WHITE);\ncy.get('.color').eq(2).should('not.have.css', 'background-color', 'rgba(0, 0, 0, 0)');\ncy.get('.color').eq(2).should('have.css', 'background-color');\ncy.get('.color').eq(3).should('not.have.css', 'background-color', BLACK);\ncy.get('.color').eq(3).should('not.have.css', 'background-color', WHITE);\ncy.get('.color').eq(3).should('not.have.css', 'background-color', 'rgba(0, 0, 0, 0)');\ncy.get('.color').eq(3).should('have.css', 'background-color');",
              "err": {},
              "uuid": "e3c4d334-a329-40ec-866e-798316396096",
              "parentUUID": "e897bf10-2417-4df9-8bf4-d6424ca8fafd",
              "isHook": false,
              "skipped": false
            }
          ],
          "suites": [],
          "passes": [
            "a15e04ab-20fb-4213-bbc1-084a2fefb97c",
            "e3c4d334-a329-40ec-866e-798316396096"
          ],
          "failures": [],
          "pending": [],
          "skipped": [],
          "duration": 517,
          "root": false,
          "rootEmpty": false,
          "_timeout": 2000
        },
        {
          "uuid": "3254798b-cf44-4ead-a73a-13ec648c64c2",
          "title": "4 - Adicione à página um quadro de pixels, com 25 pixels.",
          "fullFile": "",
          "file": "",
          "beforeHooks": [],
          "afterHooks": [],
          "tests": [
            {
              "title": "Verifica se o quadro de pixels possui o `id` denominado `pixel-board`",
              "fullTitle": "4 - Adicione à página um quadro de pixels, com 25 pixels. Verifica se o quadro de pixels possui o `id` denominado `pixel-board`",
              "timedOut": null,
              "duration": 185,
              "state": "passed",
              "speed": "slow",
              "pass": true,
              "fail": false,
              "pending": false,
              "context": null,
              "code": "cy.get('#pixel-board').should('be.visible');",
              "err": {},
              "uuid": "f92bb614-03bb-4d66-af73-cf3beb40ecbe",
              "parentUUID": "3254798b-cf44-4ead-a73a-13ec648c64c2",
              "isHook": false,
              "skipped": false
            },
            {
              "title": "Verifica se cada pixel individual dentro do quadro possui a `classe` denominada `pixel`.",
              "fullTitle": "4 - Adicione à página um quadro de pixels, com 25 pixels. Verifica se cada pixel individual dentro do quadro possui a `classe` denominada `pixel`.",
              "timedOut": null,
              "duration": 138,
              "state": "passed",
              "speed": "slow",
              "pass": true,
              "fail": false,
              "pending": false,
              "context": null,
              "code": "cy.get('.pixel').should('have.length', 25);",
              "err": {},
              "uuid": "d9415ac4-9f69-4958-93bd-78546552f81c",
              "parentUUID": "3254798b-cf44-4ead-a73a-13ec648c64c2",
              "isHook": false,
              "skipped": false
            },
            {
              "title": "Verifica se a cor inicial dos pixels dentro do quadro, ao abrir a página, é branca.",
              "fullTitle": "4 - Adicione à página um quadro de pixels, com 25 pixels. Verifica se a cor inicial dos pixels dentro do quadro, ao abrir a página, é branca.",
              "timedOut": null,
              "duration": 250,
              "state": "passed",
              "speed": "slow",
              "pass": true,
              "fail": false,
              "pending": false,
              "context": null,
              "code": "cy.get('.pixel').should('have.length', 25).each(function (pixel) {\n  expect(pixel).to.have.css('background-color', WHITE);\n});",
              "err": {},
              "uuid": "4a389532-f34b-4a97-8ec1-73817637c224",
              "parentUUID": "3254798b-cf44-4ead-a73a-13ec648c64c2",
              "isHook": false,
              "skipped": false
            },
            {
              "title": "Verifica se o quadro de pixels aparece abaixo da paleta de cores",
              "fullTitle": "4 - Adicione à página um quadro de pixels, com 25 pixels. Verifica se o quadro de pixels aparece abaixo da paleta de cores",
              "timedOut": null,
              "duration": 156,
              "state": "passed",
              "speed": "slow",
              "pass": true,
              "fail": false,
              "pending": false,
              "context": null,
              "code": "cy.get('#color-palette').then(function (palette) {\n  cy.get('#pixel-board').should('be.belowOf', palette);\n});",
              "err": {},
              "uuid": "ef52b8b6-7ccc-4e3b-9682-ee43793fa701",
              "parentUUID": "3254798b-cf44-4ead-a73a-13ec648c64c2",
              "isHook": false,
              "skipped": false
            }
          ],
          "suites": [],
          "passes": [
            "f92bb614-03bb-4d66-af73-cf3beb40ecbe",
            "d9415ac4-9f69-4958-93bd-78546552f81c",
            "4a389532-f34b-4a97-8ec1-73817637c224",
            "ef52b8b6-7ccc-4e3b-9682-ee43793fa701"
          ],
          "failures": [],
          "pending": [],
          "skipped": [],
          "duration": 729,
          "root": false,
          "rootEmpty": false,
          "_timeout": 2000
        },
        {
          "uuid": "e2407a92-20e7-4f88-90d3-a06a11044a91",
          "title": "5 - Faça com que cada elemento do quadro de pixels possua 40 pixels de largura, 40 pixels de altura e seja delimitado por uma borda preta de 1 pixel.",
          "fullFile": "",
          "file": "",
          "beforeHooks": [],
          "afterHooks": [],
          "tests": [
            {
              "title": "Verifica se o quadro de pixels tem altura e comprimento de 5 elementos",
              "fullTitle": "5 - Faça com que cada elemento do quadro de pixels possua 40 pixels de largura, 40 pixels de altura e seja delimitado por uma borda preta de 1 pixel. Verifica se o quadro de pixels tem altura e comprimento de 5 elementos",
              "timedOut": null,
              "duration": 441,
              "state": "passed",
              "speed": "slow",
              "pass": true,
              "fail": false,
              "pending": false,
              "context": null,
              "code": "cy.get('.pixel').should('have.length', 25).each(function (pixel) {\n  expect(pixel).to.have.css('background-color', WHITE);\n}).and(function (pixels) {\n  var rows = chunk(pixels, 5);\n  rows.forEach(function (row) {\n    for (var index = 1; index < row.length; index += 1) {\n      var current = pixels[index];\n      var previous = pixels[index - 1];\n      cy.wrap(current).should('be.onTheRightOf', previous).and('be.horizontallyAlignedWith', previous);\n    }\n  });\n  for (var index = 1; index < 5; index += 1) {\n    expect(pixels[index * 5]).to.be.belowOf(pixels[(index - 1) * 5]);\n  }\n});",
              "err": {},
              "uuid": "4bf186eb-29f7-4f9a-97a2-02d43bf06e09",
              "parentUUID": "e2407a92-20e7-4f88-90d3-a06a11044a91",
              "isHook": false,
              "skipped": false
            },
            {
              "title": "Verifica se 40 pixels é o tamanho total do elemento, incluindo seu conteúdo e excluindo a borda preta, que deve ser criada à parte.",
              "fullTitle": "5 - Faça com que cada elemento do quadro de pixels possua 40 pixels de largura, 40 pixels de altura e seja delimitado por uma borda preta de 1 pixel. Verifica se 40 pixels é o tamanho total do elemento, incluindo seu conteúdo e excluindo a borda preta, que deve ser criada à parte.",
              "timedOut": null,
              "duration": 495,
              "state": "passed",
              "speed": "slow",
              "pass": true,
              "fail": false,
              "pending": false,
              "context": null,
              "code": "cy.get('.pixel').each(function (pixel) {\n  cy.wrap(pixel).should('have.css', 'height', '40px').and('have.css', 'width', '40px').and('have.css', 'border', \"1px solid \".concat(BLACK));\n});",
              "err": {},
              "uuid": "c641d46d-bdc7-4c1d-9554-9caf0791568c",
              "parentUUID": "e2407a92-20e7-4f88-90d3-a06a11044a91",
              "isHook": false,
              "skipped": false
            }
          ],
          "suites": [],
          "passes": [
            "4bf186eb-29f7-4f9a-97a2-02d43bf06e09",
            "c641d46d-bdc7-4c1d-9554-9caf0791568c"
          ],
          "failures": [],
          "pending": [],
          "skipped": [],
          "duration": 936,
          "root": false,
          "rootEmpty": false,
          "_timeout": 2000
        },
        {
          "uuid": "37c2fe3d-83a2-4519-8825-ecc034e2cdbd",
          "title": "6 - Defina a cor preta como cor inicial. Ao carregar a página a cor preta já deve estar selecionada para pintar os pixels",
          "fullFile": "",
          "file": "",
          "beforeHooks": [],
          "afterHooks": [],
          "tests": [
            {
              "title": "Verifica se o elemento da cor preta possui, inicialmente, a `classe` `selected`",
              "fullTitle": "6 - Defina a cor preta como cor inicial. Ao carregar a página a cor preta já deve estar selecionada para pintar os pixels Verifica se o elemento da cor preta possui, inicialmente, a `classe` `selected`",
              "timedOut": null,
              "duration": 125,
              "state": "passed",
              "speed": "slow",
              "pass": true,
              "fail": false,
              "pending": false,
              "context": null,
              "code": "cy.get('.selected').first().should('have.css', 'background-color', BLACK);",
              "err": {},
              "uuid": "2396fc89-d53d-4e25-ab32-1a15672fefed",
              "parentUUID": "37c2fe3d-83a2-4519-8825-ecc034e2cdbd",
              "isHook": false,
              "skipped": false
            },
            {
              "title": "Verifica se nenhuma outra cor da paleta tem a `classe` `selected`",
              "fullTitle": "6 - Defina a cor preta como cor inicial. Ao carregar a página a cor preta já deve estar selecionada para pintar os pixels Verifica se nenhuma outra cor da paleta tem a `classe` `selected`",
              "timedOut": null,
              "duration": 111,
              "state": "passed",
              "speed": "slow",
              "pass": true,
              "fail": false,
              "pending": false,
              "context": null,
              "code": "cy.get('.color:not(:first-child)').each(function (color) {\n  cy.wrap(color).should('not.have.class', 'selected');\n});",
              "err": {},
              "uuid": "80dff9d9-a005-452b-8e42-1647241e1a8a",
              "parentUUID": "37c2fe3d-83a2-4519-8825-ecc034e2cdbd",
              "isHook": false,
              "skipped": false
            }
          ],
          "suites": [],
          "passes": [
            "2396fc89-d53d-4e25-ab32-1a15672fefed",
            "80dff9d9-a005-452b-8e42-1647241e1a8a"
          ],
          "failures": [],
          "pending": [],
          "skipped": [],
          "duration": 236,
          "root": false,
          "rootEmpty": false,
          "_timeout": 2000
        },
        {
          "uuid": "984d6ed7-f55a-4904-8ab5-817a431f924b",
          "title": "7 - Clicar em uma das cores da paleta, faz com que ela seja selecionada e utilizada para preencher os pixels no quadro.",
          "fullFile": "",
          "file": "",
          "beforeHooks": [],
          "afterHooks": [],
          "tests": [
            {
              "title": "Verifica se somente uma cor da paleta de cores tem a classe `selected` de cada vez",
              "fullTitle": "7 - Clicar em uma das cores da paleta, faz com que ela seja selecionada e utilizada para preencher os pixels no quadro. Verifica se somente uma cor da paleta de cores tem a classe `selected` de cada vez",
              "timedOut": null,
              "duration": 364,
              "state": "failed",
              "speed": null,
              "pass": false,
              "fail": true,
              "pending": false,
              "context": null,
              "code": "cy.get('.color').each(function (selectedColor, selectedColorIndex) {\n  cy.wrap(selectedColor).click();\n  cy.get('.color').each(function (color, colorIndex) {\n    if (colorIndex === selectedColorIndex) {\n      expect(color).to.have[\"class\"]('selected');\n    } else {\n      expect(color).not.to.have[\"class\"]('selected');\n    }\n  });\n});",
              "err": {
                "message": "AssertionError: expected '<div.color.selected>' not to have class 'selected'",
                "estack": "AssertionError: expected '<div.color.selected>' not to have class 'selected'\n    at Context.eval (http://localhost:44639/__cypress/tests?p=cypress/integration/project.spec.js:221:45)",
                "diff": null
              },
              "uuid": "904fb723-bb96-4e81-8dde-cfc89c08bb5d",
              "parentUUID": "984d6ed7-f55a-4904-8ab5-817a431f924b",
              "isHook": false,
              "skipped": false
            },
            {
              "title": "Verifica se os pixels dentro do quadro não têm a classe `selected` quando são clicados",
              "fullTitle": "7 - Clicar em uma das cores da paleta, faz com que ela seja selecionada e utilizada para preencher os pixels no quadro. Verifica se os pixels dentro do quadro não têm a classe `selected` quando são clicados",
              "timedOut": null,
              "duration": 9071,
              "state": "passed",
              "speed": "slow",
              "pass": true,
              "fail": false,
              "pending": false,
              "context": null,
              "code": "cy.get('.color').each(function (color) {\n  var backgroundColor = color.css('background-color');\n  cy.wrap(color).click();\n  cy.get('.pixel').each(function (pixel) {\n    cy.wrap(pixel).click().should('not.have.class', 'selected');\n  });\n});",
              "err": {},
              "uuid": "d00b8b57-8035-4118-89c0-f4b4725e5c19",
              "parentUUID": "984d6ed7-f55a-4904-8ab5-817a431f924b",
              "isHook": false,
              "skipped": false
            }
          ],
          "suites": [],
          "passes": [
            "d00b8b57-8035-4118-89c0-f4b4725e5c19"
          ],
          "failures": [
            "904fb723-bb96-4e81-8dde-cfc89c08bb5d"
          ],
          "pending": [],
          "skipped": [],
          "duration": 9435,
          "root": false,
          "rootEmpty": false,
          "_timeout": 2000
        },
        {
          "uuid": "86018368-c686-406d-8323-edad8944b0af",
          "title": "8 - Clicar em um pixel dentro do quadro após selecionar uma cor na paleta, faz com que o pixel seja preenchido com a cor selecionada.",
          "fullFile": "",
          "file": "",
          "beforeHooks": [],
          "afterHooks": [],
          "tests": [
            {
              "title": "Verifica se ao carregar a página deve ser possível pintar os pixels de preto",
              "fullTitle": "8 - Clicar em um pixel dentro do quadro após selecionar uma cor na paleta, faz com que o pixel seja preenchido com a cor selecionada. Verifica se ao carregar a página deve ser possível pintar os pixels de preto",
              "timedOut": null,
              "duration": 4351,
              "state": "failed",
              "speed": null,
              "pass": false,
              "fail": true,
              "pending": false,
              "context": null,
              "code": "cy.get('.pixel').each(function (pixel) {\n  cy.wrap(pixel).click().should('have.css', 'background-color', BLACK);\n});",
              "err": {
                "message": "AssertionError: Timed out retrying: expected '<div.pixel>' to have CSS property 'background-color' with the value 'rgb(0, 0, 0)', but the value was 'rgb(255, 255, 255)'",
                "estack": "AssertionError: Timed out retrying: expected '<div.pixel>' to have CSS property 'background-color' with the value 'rgb(0, 0, 0)', but the value was 'rgb(255, 255, 255)'\n    at Context.eval (http://localhost:44639/__cypress/tests?p=cypress/integration/project.spec.js:242:30)",
                "diff": "- 'rgb(255, 255, 255)'\n+ 'rgb(0, 0, 0)'\n"
              },
              "uuid": "e9080bc9-fc6b-4b28-8aab-e5b0f93fcae6",
              "parentUUID": "86018368-c686-406d-8323-edad8944b0af",
              "isHook": false,
              "skipped": false
            },
            {
              "title": "Verifica se após selecionar uma outra cor na paleta, é possível pintar os pixels com essa cor",
              "fullTitle": "8 - Clicar em um pixel dentro do quadro após selecionar uma cor na paleta, faz com que o pixel seja preenchido com a cor selecionada. Verifica se após selecionar uma outra cor na paleta, é possível pintar os pixels com essa cor",
              "timedOut": null,
              "duration": 4441,
              "state": "failed",
              "speed": null,
              "pass": false,
              "fail": true,
              "pending": false,
              "context": null,
              "code": "cy.get('.color').each(function (color) {\n  var backgroundColor = color.css('background-color');\n  cy.wrap(color).click();\n  cy.get('.pixel').each(function (pixel) {\n    cy.wrap(pixel).click().should('have.css', 'background-color', backgroundColor);\n  });\n});",
              "err": {
                "message": "AssertionError: Timed out retrying: expected '<div.pixel>' to have CSS property 'background-color' with the value 'rgb(0, 0, 0)', but the value was 'rgb(255, 255, 255)'",
                "estack": "AssertionError: Timed out retrying: expected '<div.pixel>' to have CSS property 'background-color' with the value 'rgb(0, 0, 0)', but the value was 'rgb(255, 255, 255)'\n    at Context.eval (http://localhost:44639/__cypress/tests?p=cypress/integration/project.spec.js:250:32)",
                "diff": "- 'rgb(255, 255, 255)'\n+ 'rgb(0, 0, 0)'\n"
              },
              "uuid": "b1fb1e85-b2c6-459f-a882-0e0f2fac11ea",
              "parentUUID": "86018368-c686-406d-8323-edad8944b0af",
              "isHook": false,
              "skipped": false
            },
            {
              "title": "Verifica se somente o pixel que foi clicado foi preenchido com a cor selecionada, sem influenciar na cor dos demais pixels.",
              "fullTitle": "8 - Clicar em um pixel dentro do quadro após selecionar uma cor na paleta, faz com que o pixel seja preenchido com a cor selecionada. Verifica se somente o pixel que foi clicado foi preenchido com a cor selecionada, sem influenciar na cor dos demais pixels.",
              "timedOut": null,
              "duration": 1932,
              "state": "passed",
              "speed": "slow",
              "pass": true,
              "fail": false,
              "pending": false,
              "context": null,
              "code": "var colorToPixelIndexMap = {\n  0: 6,\n  1: 8,\n  2: 16,\n  3: 18\n};\ncy.get('.color').each(function (color, index) {\n  cy.wrap(color).click();\n  var backgroundColor = color.css('background-color');\n  var clickedPixelIndex = colorToPixelIndexMap[index];\n  cy.get('.pixel').eq(clickedPixelIndex).click();\n  cy.get('.pixel').eq(clickedPixelIndex - 1).should('not.have.css', 'background-color', backgroundColor);\n  cy.get('.pixel').eq(clickedPixelIndex + 1).should('not.have.css', 'background-color', backgroundColor);\n  cy.get('.pixel').eq(clickedPixelIndex - 5).should('not.have.css', 'background-color', backgroundColor);\n  cy.get('.pixel').eq(clickedPixelIndex + 5).should('not.have.css', 'background-color', backgroundColor);\n  cy.get('.pixel').eq(clickedPixelIndex - 6).should('not.have.css', 'background-color', backgroundColor);\n  cy.get('.pixel').eq(clickedPixelIndex - 4).should('not.have.css', 'background-color', backgroundColor);\n  cy.get('.pixel').eq(clickedPixelIndex + 4).should('not.have.css', 'background-color', backgroundColor);\n  cy.get('.pixel').eq(clickedPixelIndex + 6).should('not.have.css', 'background-color', backgroundColor);\n});",
              "err": {},
              "uuid": "69a61547-07e2-4782-83f1-7f8e9cc65094",
              "parentUUID": "86018368-c686-406d-8323-edad8944b0af",
              "isHook": false,
              "skipped": false
            }
          ],
          "suites": [],
          "passes": [
            "69a61547-07e2-4782-83f1-7f8e9cc65094"
          ],
          "failures": [
            "e9080bc9-fc6b-4b28-8aab-e5b0f93fcae6",
            "b1fb1e85-b2c6-459f-a882-0e0f2fac11ea"
          ],
          "pending": [],
          "skipped": [],
          "duration": 10724,
          "root": false,
          "rootEmpty": false,
          "_timeout": 2000
        },
        {
          "uuid": "aa3fc003-5388-4c02-9f51-4828d03955f3",
          "title": "9 - Crie um botão que, ao ser clicado, limpa o quadro preenchendo a cor de todos seus pixels com branco.",
          "fullFile": "",
          "file": "",
          "beforeHooks": [],
          "afterHooks": [],
          "tests": [
            {
              "title": "Verifica se o botão tem o `id` denominado `clear-board`",
              "fullTitle": "9 - Crie um botão que, ao ser clicado, limpa o quadro preenchendo a cor de todos seus pixels com branco. Verifica se o botão tem o `id` denominado `clear-board`",
              "timedOut": null,
              "duration": 4492,
              "state": "failed",
              "speed": null,
              "pass": false,
              "fail": true,
              "pending": false,
              "context": null,
              "code": "cy.get('#clear-board').should('be.visible');",
              "err": {
                "message": "AssertionError: Timed out retrying: Expected to find element: `#clear-board`, but never found it.",
                "estack": "AssertionError: Timed out retrying: Expected to find element: `#clear-board`, but never found it.\n    at Context.eval (http://localhost:44639/__cypress/tests?p=cypress/integration/project.spec.js:282:28)",
                "diff": null
              },
              "uuid": "32230291-1a7a-497c-8324-ba6a21105d58",
              "parentUUID": "aa3fc003-5388-4c02-9f51-4828d03955f3",
              "isHook": false,
              "skipped": false
            },
            {
              "title": "Verifica se o botão está posicionado entre a paleta de cores e o quadro de pixels",
              "fullTitle": "9 - Crie um botão que, ao ser clicado, limpa o quadro preenchendo a cor de todos seus pixels com branco. Verifica se o botão está posicionado entre a paleta de cores e o quadro de pixels",
              "timedOut": null,
              "duration": 4224,
              "state": "failed",
              "speed": null,
              "pass": false,
              "fail": true,
              "pending": false,
              "context": null,
              "code": "cy.get('#color-palette').then(function (palette) {\n  cy.get('#clear-board').should('be.belowOf', palette);\n});\ncy.get('#clear-board').then(function (clearBtn) {\n  cy.get('#pixel-board').should('be.belowOf', clearBtn);\n});",
              "err": {
                "message": "AssertionError: Timed out retrying: Expected to find element: `#clear-board`, but never found it.",
                "estack": "AssertionError: Timed out retrying: Expected to find element: `#clear-board`, but never found it.\n    at Context.eval (http://localhost:44639/__cypress/tests?p=cypress/integration/project.spec.js:286:30)",
                "diff": null
              },
              "uuid": "ad87f78f-023d-46e3-ba06-386be69fd87a",
              "parentUUID": "aa3fc003-5388-4c02-9f51-4828d03955f3",
              "isHook": false,
              "skipped": false
            },
            {
              "title": "Verifica se o texto do botão é 'Limpar'",
              "fullTitle": "9 - Crie um botão que, ao ser clicado, limpa o quadro preenchendo a cor de todos seus pixels com branco. Verifica se o texto do botão é 'Limpar'",
              "timedOut": null,
              "duration": 4230,
              "state": "failed",
              "speed": null,
              "pass": false,
              "fail": true,
              "pending": false,
              "context": null,
              "code": "cy.get('#clear-board').should('contain.text', 'Limpar');",
              "err": {
                "message": "AssertionError: Timed out retrying: Expected to find element: `#clear-board`, but never found it.",
                "estack": "AssertionError: Timed out retrying: Expected to find element: `#clear-board`, but never found it.\n    at Context.eval (http://localhost:44639/__cypress/tests?p=cypress/integration/project.spec.js:293:28)",
                "diff": null
              },
              "uuid": "af418244-7fa9-47c2-af06-4d3cce4e8c00",
              "parentUUID": "aa3fc003-5388-4c02-9f51-4828d03955f3",
              "isHook": false,
              "skipped": false
            },
            {
              "title": "Verifica se ao clicar no botão, o quadro de pixels é totalmente preenchido de branco",
              "fullTitle": "9 - Crie um botão que, ao ser clicado, limpa o quadro preenchendo a cor de todos seus pixels com branco. Verifica se ao clicar no botão, o quadro de pixels é totalmente preenchido de branco",
              "timedOut": null,
              "duration": 4396,
              "state": "failed",
              "speed": null,
              "pass": false,
              "fail": true,
              "pending": false,
              "context": null,
              "code": "cy.get('.color').eq(1).then(function (color) {\n  var backgroundColor = color.css('background-color');\n  cy.wrap(color).click();\n  cy.get('.pixel').each(function (pixel) {\n    cy.wrap(pixel).click().should('have.css', 'background-color', backgroundColor);\n  });\n});\ncy.get('#clear-board').click();\ncy.get('.pixel').each(function (pixel) {\n  cy.wrap(pixel).should('have.css', 'background-color', WHITE);\n});",
              "err": {
                "message": "AssertionError: Timed out retrying: expected '<div.pixel>' to have CSS property 'background-color' with the value 'rgb(94, 94, 196)', but the value was 'rgb(255, 255, 255)'",
                "estack": "AssertionError: Timed out retrying: expected '<div.pixel>' to have CSS property 'background-color' with the value 'rgb(94, 94, 196)', but the value was 'rgb(255, 255, 255)'\n    at Context.eval (http://localhost:44639/__cypress/tests?p=cypress/integration/project.spec.js:300:32)",
                "diff": "- 'rgb(255, 255, 255)'\n+ 'rgb(94, 94, 196)'\n"
              },
              "uuid": "1c585cec-ae64-48f8-9305-aa4569b6b7e3",
              "parentUUID": "aa3fc003-5388-4c02-9f51-4828d03955f3",
              "isHook": false,
              "skipped": false
            }
          ],
          "suites": [],
          "passes": [],
          "failures": [
            "32230291-1a7a-497c-8324-ba6a21105d58",
            "ad87f78f-023d-46e3-ba06-386be69fd87a",
            "af418244-7fa9-47c2-af06-4d3cce4e8c00",
            "1c585cec-ae64-48f8-9305-aa4569b6b7e3"
          ],
          "pending": [],
          "skipped": [],
          "duration": 17342,
          "root": false,
          "rootEmpty": false,
          "_timeout": 2000
        },
        {
          "uuid": "8683d24f-bbfb-4249-81dc-0023a907e15d",
          "title": "10 - Faça o quadro de pixels ter seu tamanho definido pelo usuário.",
          "fullFile": "",
          "file": "",
          "beforeHooks": [],
          "afterHooks": [],
          "tests": [
            {
              "title": "Verifica se existe um input com o id `board-size`",
              "fullTitle": "10 - Faça o quadro de pixels ter seu tamanho definido pelo usuário. Verifica se existe um input com o id `board-size`",
              "timedOut": null,
              "duration": 4249,
              "state": "failed",
              "speed": null,
              "pass": false,
              "fail": true,
              "pending": false,
              "context": null,
              "code": "cy.get('#board-size').should('be.visible');",
              "err": {
                "message": "AssertionError: Timed out retrying: Expected to find element: `#board-size`, but never found it.",
                "estack": "AssertionError: Timed out retrying: Expected to find element: `#board-size`, but never found it.\n    at Context.eval (http://localhost:44639/__cypress/tests?p=cypress/integration/project.spec.js:314:27)",
                "diff": null
              },
              "uuid": "a48ad08b-bf90-4d91-bc07-149ea7d80020",
              "parentUUID": "8683d24f-bbfb-4249-81dc-0023a907e15d",
              "isHook": false,
              "skipped": false
            },
            {
              "title": "Verifica se existe um botão com o id `generate-board`",
              "fullTitle": "10 - Faça o quadro de pixels ter seu tamanho definido pelo usuário. Verifica se existe um botão com o id `generate-board`",
              "timedOut": null,
              "duration": 4284,
              "state": "failed",
              "speed": null,
              "pass": false,
              "fail": true,
              "pending": false,
              "context": null,
              "code": "cy.get('#generate-board').should('be.visible');",
              "err": {
                "message": "AssertionError: Timed out retrying: Expected to find element: `#generate-board`, but never found it.",
                "estack": "AssertionError: Timed out retrying: Expected to find element: `#generate-board`, but never found it.\n    at Context.eval (http://localhost:44639/__cypress/tests?p=cypress/integration/project.spec.js:317:31)",
                "diff": null
              },
              "uuid": "9d693b56-b547-44e8-a14c-b28c5ef76bcd",
              "parentUUID": "8683d24f-bbfb-4249-81dc-0023a907e15d",
              "isHook": false,
              "skipped": false
            },
            {
              "title": "Verifica se o input só aceita número maiores que zero. Essa restrição deve ser feita usando os atributos do elemento `input`",
              "fullTitle": "10 - Faça o quadro de pixels ter seu tamanho definido pelo usuário. Verifica se o input só aceita número maiores que zero. Essa restrição deve ser feita usando os atributos do elemento `input`",
              "timedOut": null,
              "duration": 4376,
              "state": "failed",
              "speed": null,
              "pass": false,
              "fail": true,
              "pending": false,
              "context": null,
              "code": "cy.get('#board-size[type=\\'number\\'][min=\\'1\\']');",
              "err": {
                "message": "AssertionError: Timed out retrying: Expected to find element: `#board-size[type='number'][min='1']`, but never found it.",
                "estack": "AssertionError: Timed out retrying: Expected to find element: `#board-size[type='number'][min='1']`, but never found it.\n    at Context.eval (http://localhost:44639/__cypress/tests?p=cypress/integration/project.spec.js:320:8)",
                "diff": null
              },
              "uuid": "5f8d090f-e80b-401c-9858-598c0267368c",
              "parentUUID": "8683d24f-bbfb-4249-81dc-0023a907e15d",
              "isHook": false,
              "skipped": false
            },
            {
              "title": "Verifica se o botão contém o texto 'VQV'",
              "fullTitle": "10 - Faça o quadro de pixels ter seu tamanho definido pelo usuário. Verifica se o botão contém o texto 'VQV'",
              "timedOut": null,
              "duration": 4263,
              "state": "failed",
              "speed": null,
              "pass": false,
              "fail": true,
              "pending": false,
              "context": null,
              "code": "cy.get('#generate-board').contains(/vqv/i);",
              "err": {
                "message": "AssertionError: Timed out retrying: Expected to find element: `#generate-board`, but never found it.",
                "estack": "AssertionError: Timed out retrying: Expected to find element: `#generate-board`, but never found it.\n    at Context.eval (http://localhost:44639/__cypress/tests?p=cypress/integration/project.spec.js:323:8)",
                "diff": null
              },
              "uuid": "9523ab18-af22-4dc5-9909-31cf91cea43d",
              "parentUUID": "8683d24f-bbfb-4249-81dc-0023a907e15d",
              "isHook": false,
              "skipped": false
            },
            {
              "title": "Verifica se o input está posicionado entre a paleta de cores e o quadro de pixels",
              "fullTitle": "10 - Faça o quadro de pixels ter seu tamanho definido pelo usuário. Verifica se o input está posicionado entre a paleta de cores e o quadro de pixels",
              "timedOut": null,
              "duration": 4416,
              "state": "failed",
              "speed": null,
              "pass": false,
              "fail": true,
              "pending": false,
              "context": null,
              "code": "cy.get('#color-palette').then(function (palette) {\n  cy.get('#board-size').should('be.belowOf', palette);\n});\ncy.get('#board-size').then(function (palette) {\n  cy.get('#pixel-board').should('be.belowOf', palette);\n});",
              "err": {
                "message": "AssertionError: Timed out retrying: Expected to find element: `#board-size`, but never found it.",
                "estack": "AssertionError: Timed out retrying: Expected to find element: `#board-size`, but never found it.\n    at Context.eval (http://localhost:44639/__cypress/tests?p=cypress/integration/project.spec.js:327:29)",
                "diff": null
              },
              "uuid": "46cfb82c-3348-4603-b904-f4c6550f0a7f",
              "parentUUID": "8683d24f-bbfb-4249-81dc-0023a907e15d",
              "isHook": false,
              "skipped": false
            },
            {
              "title": "Verifica se o botão está posicionado ao lado do input",
              "fullTitle": "10 - Faça o quadro de pixels ter seu tamanho definido pelo usuário. Verifica se o botão está posicionado ao lado do input",
              "timedOut": null,
              "duration": 4200,
              "state": "failed",
              "speed": null,
              "pass": false,
              "fail": true,
              "pending": false,
              "context": null,
              "code": "cy.get('#board-size').then(function (board) {\n  cy.get('#generate-board').should('be.onTheRightOf', board);\n});",
              "err": {
                "message": "AssertionError: Timed out retrying: Expected to find element: `#board-size`, but never found it.",
                "estack": "AssertionError: Timed out retrying: Expected to find element: `#board-size`, but never found it.\n    at Context.eval (http://localhost:44639/__cypress/tests?p=cypress/integration/project.spec.js:334:8)",
                "diff": null
              },
              "uuid": "4a019877-23c7-4bb9-af37-7ab4f1a97bdb",
              "parentUUID": "8683d24f-bbfb-4249-81dc-0023a907e15d",
              "isHook": false,
              "skipped": false
            },
            {
              "title": "Verifica se nenhum valor for colocado no input ao clicar no botão, um `alert` é exibido com o texto: 'Board inválido!'",
              "fullTitle": "10 - Faça o quadro de pixels ter seu tamanho definido pelo usuário. Verifica se nenhum valor for colocado no input ao clicar no botão, um `alert` é exibido com o texto: 'Board inválido!'",
              "timedOut": null,
              "duration": 4246,
              "state": "failed",
              "speed": null,
              "pass": false,
              "fail": true,
              "pending": false,
              "context": null,
              "code": "var alerted = false;\ncy.on('window:alert', function (msg) {\n  return alerted = msg;\n});\ncy.get('#generate-board').click().then(function () {\n  return expect(alerted).to.match(/Board inválido!/i);\n});",
              "err": {
                "message": "AssertionError: Timed out retrying: Expected to find element: `#generate-board`, but never found it.",
                "estack": "AssertionError: Timed out retrying: Expected to find element: `#generate-board`, but never found it.\n    at Context.eval (http://localhost:44639/__cypress/tests?p=cypress/integration/project.spec.js:343:8)",
                "diff": null
              },
              "uuid": "bfe8ecb4-ef10-4706-9a3a-4e9bbf4a9f92",
              "parentUUID": "8683d24f-bbfb-4249-81dc-0023a907e15d",
              "isHook": false,
              "skipped": false
            },
            {
              "title": "Verifica se ao clicar no botão com um valor preenchido, o tamanho do board muda.",
              "fullTitle": "10 - Faça o quadro de pixels ter seu tamanho definido pelo usuário. Verifica se ao clicar no botão com um valor preenchido, o tamanho do board muda.",
              "timedOut": null,
              "duration": 4379,
              "state": "failed",
              "speed": null,
              "pass": false,
              "fail": true,
              "pending": false,
              "context": null,
              "code": "cy.get('#board-size').clear().type(10);\ncy.get('#generate-board').click();\ncy.get('.pixel').should('have.length', 100);",
              "err": {
                "message": "AssertionError: Timed out retrying: Expected to find element: `#board-size`, but never found it.",
                "estack": "AssertionError: Timed out retrying: Expected to find element: `#board-size`, but never found it.\n    at Context.eval (http://localhost:44639/__cypress/tests?p=cypress/integration/project.spec.js:348:8)",
                "diff": null
              },
              "uuid": "1f29bdf7-4202-4cf6-b38d-3558ab1bec2b",
              "parentUUID": "8683d24f-bbfb-4249-81dc-0023a907e15d",
              "isHook": false,
              "skipped": false
            },
            {
              "title": "Verifica se o novo quadro tem todos os pixels preenchidos com a cor branca",
              "fullTitle": "10 - Faça o quadro de pixels ter seu tamanho definido pelo usuário. Verifica se o novo quadro tem todos os pixels preenchidos com a cor branca",
              "timedOut": null,
              "duration": 4168,
              "state": "failed",
              "speed": null,
              "pass": false,
              "fail": true,
              "pending": false,
              "context": null,
              "code": "cy.get('#board-size').clear().type(6);\ncy.get('#generate-board').click();\ncy.get('.pixel').should('have.length', 36).each(function (pixel) {\n  expect(pixel).to.have.css('background-color', WHITE);\n});",
              "err": {
                "message": "AssertionError: Timed out retrying: Expected to find element: `#board-size`, but never found it.",
                "estack": "AssertionError: Timed out retrying: Expected to find element: `#board-size`, but never found it.\n    at Context.eval (http://localhost:44639/__cypress/tests?p=cypress/integration/project.spec.js:353:8)",
                "diff": null
              },
              "uuid": "b8c05548-84f6-4dd7-8d99-f75a418d4a14",
              "parentUUID": "8683d24f-bbfb-4249-81dc-0023a907e15d",
              "isHook": false,
              "skipped": false
            }
          ],
          "suites": [],
          "passes": [],
          "failures": [
            "a48ad08b-bf90-4d91-bc07-149ea7d80020",
            "9d693b56-b547-44e8-a14c-b28c5ef76bcd",
            "5f8d090f-e80b-401c-9858-598c0267368c",
            "9523ab18-af22-4dc5-9909-31cf91cea43d",
            "46cfb82c-3348-4603-b904-f4c6550f0a7f",
            "4a019877-23c7-4bb9-af37-7ab4f1a97bdb",
            "bfe8ecb4-ef10-4706-9a3a-4e9bbf4a9f92",
            "1f29bdf7-4202-4cf6-b38d-3558ab1bec2b",
            "b8c05548-84f6-4dd7-8d99-f75a418d4a14"
          ],
          "pending": [],
          "skipped": [],
          "duration": 38581,
          "root": false,
          "rootEmpty": false,
          "_timeout": 2000
        },
        {
          "uuid": "f57191b0-3f34-4ed2-8a8d-1cbb1332b770",
          "title": "11 - Limite o tamanho mínimo e máximo do board.",
          "fullFile": "",
          "file": "",
          "beforeHooks": [],
          "afterHooks": [],
          "tests": [
            {
              "title": "Verifica se a altura máxima do board é 50",
              "fullTitle": "11 - Limite o tamanho mínimo e máximo do board. Verifica se a altura máxima do board é 50",
              "timedOut": null,
              "duration": 4289,
              "state": "failed",
              "speed": null,
              "pass": false,
              "fail": true,
              "pending": false,
              "context": null,
              "code": "cy.get('#board-size').clear().type(50);\ncy.get('#generate-board').click();\ncy.get('.pixel').should('have.length', 2500);",
              "err": {
                "message": "AssertionError: Timed out retrying: Expected to find element: `#board-size`, but never found it.",
                "estack": "AssertionError: Timed out retrying: Expected to find element: `#board-size`, but never found it.\n    at Context.eval (http://localhost:44639/__cypress/tests?p=cypress/integration/project.spec.js:365:8)",
                "diff": null
              },
              "uuid": "c17c370a-1373-4da8-9f3c-a51eb959fc06",
              "parentUUID": "f57191b0-3f34-4ed2-8a8d-1cbb1332b770",
              "isHook": false,
              "skipped": false
            },
            {
              "title": "Verifica se a altura do board é 5 quando um valor menor é colocado no input",
              "fullTitle": "11 - Limite o tamanho mínimo e máximo do board. Verifica se a altura do board é 5 quando um valor menor é colocado no input",
              "timedOut": null,
              "duration": 4207,
              "state": "failed",
              "speed": null,
              "pass": false,
              "fail": true,
              "pending": false,
              "context": null,
              "code": "cy.get('#board-size').clear().type(4);\ncy.get('#generate-board').click();\ncy.get('.pixel').should('have.length', 25);",
              "err": {
                "message": "AssertionError: Timed out retrying: Expected to find element: `#board-size`, but never found it.",
                "estack": "AssertionError: Timed out retrying: Expected to find element: `#board-size`, but never found it.\n    at Context.eval (http://localhost:44639/__cypress/tests?p=cypress/integration/project.spec.js:370:8)",
                "diff": null
              },
              "uuid": "d56fb358-28d0-4f54-91c7-fdfc65f57f57",
              "parentUUID": "f57191b0-3f34-4ed2-8a8d-1cbb1332b770",
              "isHook": false,
              "skipped": false
            },
            {
              "title": "Verifica se a altura do board é 50 quando um valor maior é colocado no input",
              "fullTitle": "11 - Limite o tamanho mínimo e máximo do board. Verifica se a altura do board é 50 quando um valor maior é colocado no input",
              "timedOut": null,
              "duration": 4323,
              "state": "failed",
              "speed": null,
              "pass": false,
              "fail": true,
              "pending": false,
              "context": null,
              "code": "cy.get('#board-size').clear().type(51);\ncy.get('#generate-board').click();\ncy.get('.pixel').should('have.length', 2500);",
              "err": {
                "message": "AssertionError: Timed out retrying: Expected to find element: `#board-size`, but never found it.",
                "estack": "AssertionError: Timed out retrying: Expected to find element: `#board-size`, but never found it.\n    at Context.eval (http://localhost:44639/__cypress/tests?p=cypress/integration/project.spec.js:375:8)",
                "diff": null
              },
              "uuid": "1521929a-1b27-45ad-9fa8-ed91999fd0b9",
              "parentUUID": "f57191b0-3f34-4ed2-8a8d-1cbb1332b770",
              "isHook": false,
              "skipped": false
            }
          ],
          "suites": [],
          "passes": [],
          "failures": [
            "c17c370a-1373-4da8-9f3c-a51eb959fc06",
            "d56fb358-28d0-4f54-91c7-fdfc65f57f57",
            "1521929a-1b27-45ad-9fa8-ed91999fd0b9"
          ],
          "pending": [],
          "skipped": [],
          "duration": 12819,
          "root": false,
          "rootEmpty": false,
          "_timeout": 2000
        },
        {
          "uuid": "be8e3697-03cd-41b4-bdff-ea5cd4402cc5",
          "title": "12 - Faça com que as cores da paleta sejam geradas aleatoriamente ao carregar a página.",
          "fullFile": "",
          "file": "",
          "beforeHooks": [],
          "afterHooks": [],
          "tests": [
            {
              "title": "Verifica se as cores geradas na paleta são diferentes a cada carregamento da página",
              "fullTitle": "12 - Faça com que as cores da paleta sejam geradas aleatoriamente ao carregar a página. Verifica se as cores geradas na paleta são diferentes a cada carregamento da página",
              "timedOut": null,
              "duration": 259,
              "state": "failed",
              "speed": null,
              "pass": false,
              "fail": true,
              "pending": false,
              "context": null,
              "code": "cy.get('.color').then(function (colors) {\n  var currentColors;\n  var previousColors;\n  previousColors = Array.from(colors).map(function (color) {\n    return Cypress.$(color).css('background-color');\n  });\n  for (var i = 0; i < 5; i += 1) {\n    cy.reload();\n    cy.get('.color').then(function (colors) {\n      currentColors = Array.from(colors).map(function (color) {\n        return Cypress.$(color).css('background-color');\n      });\n      expect(currentColors).not.to.deep.equal(previousColors);\n      previousColors = currentColors;\n    });\n  }\n});",
              "err": {
                "message": "AssertionError: expected [ Array(4) ] to not deeply equal [ Array(4) ]",
                "estack": "AssertionError: expected [ Array(4) ] to not deeply equal [ Array(4) ]\n    at Context.eval (http://localhost:44639/__cypress/tests?p=cypress/integration/project.spec.js:398:45)",
                "diff": ""
              },
              "uuid": "d039d792-4f8d-46b7-af01-fe5a87ee7f35",
              "parentUUID": "be8e3697-03cd-41b4-bdff-ea5cd4402cc5",
              "isHook": false,
              "skipped": false
            },
            {
              "title": "Verifica se a cor preta ainda está presente e é a primeira na sua paleta de cores",
              "fullTitle": "12 - Faça com que as cores da paleta sejam geradas aleatoriamente ao carregar a página. Verifica se a cor preta ainda está presente e é a primeira na sua paleta de cores",
              "timedOut": null,
              "duration": 291,
              "state": "failed",
              "speed": null,
              "pass": false,
              "fail": true,
              "pending": false,
              "context": null,
              "code": "cy.get('.color').then(function (colors) {\n  var currentColors;\n  var previousColors;\n  previousColors = Array.from(colors).map(function (color) {\n    return Cypress.$(color).css('background-color');\n  });\n  expect(previousColors[0]).to.eq(BLACK);\n  for (var i = 0; i < 5; i += 1) {\n    cy.reload();\n    cy.get('.color').then(function (colors) {\n      currentColors = Array.from(colors).map(function (color) {\n        return Cypress.$(color).css('background-color');\n      });\n      expect(currentColors[0]).to.eq(BLACK);\n      expect(currentColors).not.to.deep.equal(previousColors);\n      previousColors = currentColors;\n    });\n  }\n});",
              "err": {
                "message": "AssertionError: expected [ Array(4) ] to not deeply equal [ Array(4) ]",
                "estack": "AssertionError: expected [ Array(4) ] to not deeply equal [ Array(4) ]\n    at Context.eval (http://localhost:44639/__cypress/tests?p=cypress/integration/project.spec.js:420:45)",
                "diff": ""
              },
              "uuid": "b282a1e7-fc1e-4f3f-b7ff-3546e5ce24d0",
              "parentUUID": "be8e3697-03cd-41b4-bdff-ea5cd4402cc5",
              "isHook": false,
              "skipped": false
            }
          ],
          "suites": [],
          "passes": [],
          "failures": [
            "d039d792-4f8d-46b7-af01-fe5a87ee7f35",
            "b282a1e7-fc1e-4f3f-b7ff-3546e5ce24d0"
          ],
          "pending": [],
          "skipped": [],
          "duration": 550,
          "root": false,
          "rootEmpty": false,
          "_timeout": 2000
        }
      ],
      "passes": [],
      "failures": [],
      "pending": [],
      "skipped": [],
      "duration": 0,
      "root": true,
      "rootEmpty": true,
      "_timeout": 2000
    }
  ],
  "meta": {
    "mocha": {
      "version": "7.0.1"
    },
    "mochawesome": {
      "options": {
        "quiet": false,
        "reportFilename": "mochawesome",
        "saveHtml": false,
        "saveJson": true,
        "consoleReporter": "spec",
        "useInlineDiffs": false
      },
      "version": "4.1.0"
    },
    "marge": {
      "options": {
        "id": "default",
        "reportDir": "cypress/reports",
        "overwrite": true,
        "html": false,
        "json": true
      },
      "version": "4.1.0"
    }
  }
}