{
  "stats": {
    "suites": 12,
    "tests": 41,
    "passes": 19,
    "pending": 0,
    "failures": 22,
    "start": "2021-08-25T15:39:51.014Z",
    "end": "2021-08-25T15:41:36.472Z",
    "duration": 105458,
    "testsRegistered": 41,
    "passPercent": 46.34146341463415,
    "pendingPercent": 0,
    "other": 0,
    "hasOther": false,
    "skipped": 0,
    "hasSkipped": false
  },
  "results": [
    {
      "uuid": "d385bcd5-13de-4c07-9ad3-1637a2d83c67",
      "title": "",
      "fullFile": "cypress/integration/project.spec.js",
      "file": "cypress/integration/project.spec.js",
      "beforeHooks": [],
      "afterHooks": [],
      "tests": [],
      "suites": [
        {
          "uuid": "85113630-19c5-43b4-99ce-4d7d0f8daa0a",
          "title": "1 - Adicione à página o título \"Paleta de Cores\".",
          "fullFile": "",
          "file": "",
          "beforeHooks": [],
          "afterHooks": [],
          "tests": [
            {
              "title": "Verifica se contém um elemento `h1` com o id `title` com o título correto",
              "fullTitle": "1 - Adicione à página o título \"Paleta de Cores\". Verifica se contém um elemento `h1` com o id `title` com o título correto",
              "timedOut": null,
              "duration": 159,
              "state": "passed",
              "speed": "slow",
              "pass": true,
              "fail": false,
              "pending": false,
              "context": null,
              "code": "cy.get('h1#title').should('contain.text', 'Paleta de Cores');",
              "err": {},
              "uuid": "619735a3-888b-419a-827c-b39bc7f881a8",
              "parentUUID": "85113630-19c5-43b4-99ce-4d7d0f8daa0a",
              "isHook": false,
              "skipped": false
            }
          ],
          "suites": [],
          "passes": [
            "619735a3-888b-419a-827c-b39bc7f881a8"
          ],
          "failures": [],
          "pending": [],
          "skipped": [],
          "duration": 159,
          "root": false,
          "rootEmpty": false,
          "_timeout": 2000
        },
        {
          "uuid": "c759bcdb-36a5-456c-ac31-29ab9196bf19",
          "title": "2 - Adicione à página uma paleta de quatro cores distintas.",
          "fullFile": "",
          "file": "",
          "beforeHooks": [],
          "afterHooks": [],
          "tests": [
            {
              "title": "A paleta de cores deve ser um elemento com `id` denominado `color-palette`",
              "fullTitle": "2 - Adicione à página uma paleta de quatro cores distintas. A paleta de cores deve ser um elemento com `id` denominado `color-palette`",
              "timedOut": null,
              "duration": 72,
              "state": "passed",
              "speed": "medium",
              "pass": true,
              "fail": false,
              "pending": false,
              "context": null,
              "code": "cy.get('#color-palette').should('be.visible');",
              "err": {},
              "uuid": "0a8e7259-3566-4cbe-8568-f44656ab01ef",
              "parentUUID": "c759bcdb-36a5-456c-ac31-29ab9196bf19",
              "isHook": false,
              "skipped": false
            },
            {
              "title": "Verifica se cada cor individual da paleta de cores possui a `classe` chamada `color`.",
              "fullTitle": "2 - Adicione à página uma paleta de quatro cores distintas. Verifica se cada cor individual da paleta de cores possui a `classe` chamada `color`.",
              "timedOut": null,
              "duration": 4324,
              "state": "failed",
              "speed": null,
              "pass": false,
              "fail": true,
              "pending": false,
              "context": null,
              "code": "cy.get('.color').should('have.length', 4).then(function (colors) {\n  for (var i = 0; i < colors.length; i++) {\n    cy.wrap(colors[i]).should('be.visible');\n  }\n});",
              "err": {
                "message": "CypressError: Timed out retrying: Too many elements found. Found '6', expected '4'.",
                "estack": "CypressError: Timed out retrying: Too many elements found. Found '6', expected '4'.\n    at cypressErr (http://localhost:35875/__cypress/runner/cypress_runner.js:149934:9)\n    at throwErr (http://localhost:35875/__cypress/runner/cypress_runner.js:149867:11)\n    at Object.throwErrByPath (http://localhost:35875/__cypress/runner/cypress_runner.js:149915:3)\n    at retry (http://localhost:35875/__cypress/runner/cypress_runner.js:144197:19)\n    at onFailFn (http://localhost:35875/__cypress/runner/cypress_runner.js:132448:16)\n    at tryCatcher (http://localhost:35875/__cypress/runner/cypress_runner.js:167415:23)\n    at Promise._settlePromiseFromHandler (http://localhost:35875/__cypress/runner/cypress_runner.js:165351:31)\n    at Promise._settlePromise (http://localhost:35875/__cypress/runner/cypress_runner.js:165408:18)\n    at Promise._settlePromise0 (http://localhost:35875/__cypress/runner/cypress_runner.js:165453:10)\n    at Promise._settlePromises (http://localhost:35875/__cypress/runner/cypress_runner.js:165528:18)\n    at Async../node_modules/bluebird/js/release/async.js.Async._drainQueue (http://localhost:35875/__cypress/runner/cypress_runner.js:162140:16)\n    at Async../node_modules/bluebird/js/release/async.js.Async._drainQueues (http://localhost:35875/__cypress/runner/cypress_runner.js:162150:10)\n    at Async.drainQueues (http://localhost:35875/__cypress/runner/cypress_runner.js:162024:14)",
                "diff": null
              },
              "uuid": "a86f1cd9-b6e3-428e-9b06-49e6ddca0d9f",
              "parentUUID": "c759bcdb-36a5-456c-ac31-29ab9196bf19",
              "isHook": false,
              "skipped": false
            },
            {
              "title": "Verifica se a cor de fundo de cada elemento da paleta é a cor que o elemento representa. **A única cor não permitida na paleta é a cor branca.**",
              "fullTitle": "2 - Adicione à página uma paleta de quatro cores distintas. Verifica se a cor de fundo de cada elemento da paleta é a cor que o elemento representa. **A única cor não permitida na paleta é a cor branca.**",
              "timedOut": null,
              "duration": 162,
              "state": "passed",
              "speed": "slow",
              "pass": true,
              "fail": false,
              "pending": false,
              "context": null,
              "code": "cy.get('.color').each(function (color) {\n  cy.wrap(color).should('have.class', 'color').and('not.have.css', 'background-color', WHITE);\n  cy.wrap(color).should('have.css', 'background-color');\n});",
              "err": {},
              "uuid": "73a7dc94-0b42-4f9d-b9fe-ab1ffe0cd277",
              "parentUUID": "c759bcdb-36a5-456c-ac31-29ab9196bf19",
              "isHook": false,
              "skipped": false
            },
            {
              "title": "Verifica se cada elemento da paleta de cores tem uma borda preta, sólida e com 1 pixel de largura;",
              "fullTitle": "2 - Adicione à página uma paleta de quatro cores distintas. Verifica se cada elemento da paleta de cores tem uma borda preta, sólida e com 1 pixel de largura;",
              "timedOut": null,
              "duration": 120,
              "state": "passed",
              "speed": "slow",
              "pass": true,
              "fail": false,
              "pending": false,
              "context": null,
              "code": "cy.get('.color').each(function (color) {\n  cy.wrap(color).and('have.css', 'border', \"1px solid \".concat(BLACK)).and('have.class', 'color');\n});",
              "err": {},
              "uuid": "75f12467-e017-4321-9a3d-45941db61180",
              "parentUUID": "c759bcdb-36a5-456c-ac31-29ab9196bf19",
              "isHook": false,
              "skipped": false
            },
            {
              "title": "Verifica se a paleta lista todas as cores disponíveis para utilização, lado a lado.",
              "fullTitle": "2 - Adicione à página uma paleta de quatro cores distintas. Verifica se a paleta lista todas as cores disponíveis para utilização, lado a lado.",
              "timedOut": null,
              "duration": 88,
              "state": "passed",
              "speed": "slow",
              "pass": true,
              "fail": false,
              "pending": false,
              "context": null,
              "code": "cy.get('.color').then(function (colors) {\n  for (var index = 1; index < colors.length; index += 1) {\n    var currentColor = colors[index];\n    var previousColor = colors[index - 1];\n    cy.wrap(currentColor).should('be.onTheRightOf', previousColor).and('be.horizontallyAlignedWith', previousColor);\n  }\n});",
              "err": {},
              "uuid": "baefc3a4-f04f-4517-b450-d4c99381e3fd",
              "parentUUID": "c759bcdb-36a5-456c-ac31-29ab9196bf19",
              "isHook": false,
              "skipped": false
            },
            {
              "title": "Verifica se a paleta de cores está posicionada abaixo do título 'Paleta de Cores'",
              "fullTitle": "2 - Adicione à página uma paleta de quatro cores distintas. Verifica se a paleta de cores está posicionada abaixo do título 'Paleta de Cores'",
              "timedOut": null,
              "duration": 64,
              "state": "passed",
              "speed": "medium",
              "pass": true,
              "fail": false,
              "pending": false,
              "context": null,
              "code": "cy.get('h1#title').then(function (title) {\n  cy.get('#color-palette').should('be.belowOf', title);\n});",
              "err": {},
              "uuid": "c1617295-1493-49f0-9d02-f60bbf27be46",
              "parentUUID": "c759bcdb-36a5-456c-ac31-29ab9196bf19",
              "isHook": false,
              "skipped": false
            },
            {
              "title": "Verifica se a paleta de cores não contém cores repetidas.",
              "fullTitle": "2 - Adicione à página uma paleta de quatro cores distintas. Verifica se a paleta de cores não contém cores repetidas.",
              "timedOut": null,
              "duration": 62,
              "state": "passed",
              "speed": "medium",
              "pass": true,
              "fail": false,
              "pending": false,
              "context": null,
              "code": "cy.get('.color').then(function (colors) {\n  var allColors = Array.from(colors).map(function (color) {\n    return Cypress.$(color).css('background-color');\n  });\n  cy.log(allColors);\n  var uniqColors = (0, _toConsumableArray2[\"default\"])(new Set(allColors));\n  cy.log(uniqColors);\n  expect(allColors.length).to.eq(uniqColors.length);\n});",
              "err": {},
              "uuid": "96008342-13d8-41cd-8de6-1b13e906cd2d",
              "parentUUID": "c759bcdb-36a5-456c-ac31-29ab9196bf19",
              "isHook": false,
              "skipped": false
            }
          ],
          "suites": [],
          "passes": [
            "0a8e7259-3566-4cbe-8568-f44656ab01ef",
            "73a7dc94-0b42-4f9d-b9fe-ab1ffe0cd277",
            "75f12467-e017-4321-9a3d-45941db61180",
            "baefc3a4-f04f-4517-b450-d4c99381e3fd",
            "c1617295-1493-49f0-9d02-f60bbf27be46",
            "96008342-13d8-41cd-8de6-1b13e906cd2d"
          ],
          "failures": [
            "a86f1cd9-b6e3-428e-9b06-49e6ddca0d9f"
          ],
          "pending": [],
          "skipped": [],
          "duration": 4892,
          "root": false,
          "rootEmpty": false,
          "_timeout": 2000
        },
        {
          "uuid": "a62bf677-d3e0-482b-b649-ba550ce78da9",
          "title": "3 - Adicione a cor **preta** como a primeira cor da paleta de cores.",
          "fullFile": "",
          "file": "",
          "beforeHooks": [],
          "afterHooks": [],
          "tests": [
            {
              "title": "Verifica se a primeira cor da paleta é preta",
              "fullTitle": "3 - Adicione a cor **preta** como a primeira cor da paleta de cores. Verifica se a primeira cor da paleta é preta",
              "timedOut": null,
              "duration": 76,
              "state": "passed",
              "speed": "slow",
              "pass": true,
              "fail": false,
              "pending": false,
              "context": null,
              "code": "cy.get('.color').first().should('have.css', 'background-color', BLACK);",
              "err": {},
              "uuid": "127c4642-4b55-49f3-a0d8-f89c8cc54c6b",
              "parentUUID": "a62bf677-d3e0-482b-b649-ba550ce78da9",
              "isHook": false,
              "skipped": false
            },
            {
              "title": "Verifica se as demais cores podem ser escolhidas livremente.",
              "fullTitle": "3 - Adicione a cor **preta** como a primeira cor da paleta de cores. Verifica se as demais cores podem ser escolhidas livremente.",
              "timedOut": null,
              "duration": 128,
              "state": "passed",
              "speed": "slow",
              "pass": true,
              "fail": false,
              "pending": false,
              "context": null,
              "code": "cy.get('.color').eq(1).should('not.have.css', 'background-color', BLACK);\ncy.get('.color').eq(1).should('not.have.css', 'background-color', WHITE);\ncy.get('.color').eq(1).should('not.have.css', 'background-color', 'rgba(0, 0, 0, 0)');\ncy.get('.color').eq(1).should('have.css', 'background-color');\ncy.get('.color').eq(2).should('not.have.css', 'background-color', BLACK);\ncy.get('.color').eq(2).should('not.have.css', 'background-color', WHITE);\ncy.get('.color').eq(2).should('not.have.css', 'background-color', 'rgba(0, 0, 0, 0)');\ncy.get('.color').eq(2).should('have.css', 'background-color');\ncy.get('.color').eq(3).should('not.have.css', 'background-color', BLACK);\ncy.get('.color').eq(3).should('not.have.css', 'background-color', WHITE);\ncy.get('.color').eq(3).should('not.have.css', 'background-color', 'rgba(0, 0, 0, 0)');\ncy.get('.color').eq(3).should('have.css', 'background-color');",
              "err": {},
              "uuid": "bce7b379-7d0c-4531-9cde-b28ca108c81a",
              "parentUUID": "a62bf677-d3e0-482b-b649-ba550ce78da9",
              "isHook": false,
              "skipped": false
            }
          ],
          "suites": [],
          "passes": [
            "127c4642-4b55-49f3-a0d8-f89c8cc54c6b",
            "bce7b379-7d0c-4531-9cde-b28ca108c81a"
          ],
          "failures": [],
          "pending": [],
          "skipped": [],
          "duration": 204,
          "root": false,
          "rootEmpty": false,
          "_timeout": 2000
        },
        {
          "uuid": "ecbda22d-9fa1-45d7-bcf8-4ae5cf7a6e7d",
          "title": "4 - Adicione à página um quadro de pixels, com 25 pixels.",
          "fullFile": "",
          "file": "",
          "beforeHooks": [],
          "afterHooks": [],
          "tests": [
            {
              "title": "Verifica se o quadro de pixels possui o `id` denominado `pixel-board`",
              "fullTitle": "4 - Adicione à página um quadro de pixels, com 25 pixels. Verifica se o quadro de pixels possui o `id` denominado `pixel-board`",
              "timedOut": null,
              "duration": 73,
              "state": "passed",
              "speed": "medium",
              "pass": true,
              "fail": false,
              "pending": false,
              "context": null,
              "code": "cy.get('#pixel-board').should('be.visible');",
              "err": {},
              "uuid": "e90674df-ee66-4641-a012-0c32bd6eaf6a",
              "parentUUID": "ecbda22d-9fa1-45d7-bcf8-4ae5cf7a6e7d",
              "isHook": false,
              "skipped": false
            },
            {
              "title": "Verifica se cada pixel individual dentro do quadro possui a `classe` denominada `pixel`.",
              "fullTitle": "4 - Adicione à página um quadro de pixels, com 25 pixels. Verifica se cada pixel individual dentro do quadro possui a `classe` denominada `pixel`.",
              "timedOut": null,
              "duration": 79,
              "state": "passed",
              "speed": "slow",
              "pass": true,
              "fail": false,
              "pending": false,
              "context": null,
              "code": "cy.get('.pixel').should('have.length', 25);",
              "err": {},
              "uuid": "0dea16ee-96b0-4ed9-b258-c59376fc9180",
              "parentUUID": "ecbda22d-9fa1-45d7-bcf8-4ae5cf7a6e7d",
              "isHook": false,
              "skipped": false
            },
            {
              "title": "Verifica se a cor inicial dos pixels dentro do quadro, ao abrir a página, é branca.",
              "fullTitle": "4 - Adicione à página um quadro de pixels, com 25 pixels. Verifica se a cor inicial dos pixels dentro do quadro, ao abrir a página, é branca.",
              "timedOut": null,
              "duration": 127,
              "state": "passed",
              "speed": "slow",
              "pass": true,
              "fail": false,
              "pending": false,
              "context": null,
              "code": "cy.get('.pixel').should('have.length', 25).each(function (pixel) {\n  expect(pixel).to.have.css('background-color', WHITE);\n});",
              "err": {},
              "uuid": "0f75ae87-15f5-4456-9482-306206344b6c",
              "parentUUID": "ecbda22d-9fa1-45d7-bcf8-4ae5cf7a6e7d",
              "isHook": false,
              "skipped": false
            },
            {
              "title": "Verifica se o quadro de pixels aparece abaixo da paleta de cores",
              "fullTitle": "4 - Adicione à página um quadro de pixels, com 25 pixels. Verifica se o quadro de pixels aparece abaixo da paleta de cores",
              "timedOut": null,
              "duration": 75,
              "state": "passed",
              "speed": "medium",
              "pass": true,
              "fail": false,
              "pending": false,
              "context": null,
              "code": "cy.get('#color-palette').then(function (palette) {\n  cy.get('#pixel-board').should('be.belowOf', palette);\n});",
              "err": {},
              "uuid": "981cd0bc-cdc6-4f73-8712-3ffd255d9d61",
              "parentUUID": "ecbda22d-9fa1-45d7-bcf8-4ae5cf7a6e7d",
              "isHook": false,
              "skipped": false
            }
          ],
          "suites": [],
          "passes": [
            "e90674df-ee66-4641-a012-0c32bd6eaf6a",
            "0dea16ee-96b0-4ed9-b258-c59376fc9180",
            "0f75ae87-15f5-4456-9482-306206344b6c",
            "981cd0bc-cdc6-4f73-8712-3ffd255d9d61"
          ],
          "failures": [],
          "pending": [],
          "skipped": [],
          "duration": 354,
          "root": false,
          "rootEmpty": false,
          "_timeout": 2000
        },
        {
          "uuid": "fb116da6-e030-4c29-9b8c-4fbabeac0bc2",
          "title": "5 - Faça com que cada elemento do quadro de pixels possua 40 pixels de largura, 40 pixels de altura e seja delimitado por uma borda preta de 1 pixel.",
          "fullFile": "",
          "file": "",
          "beforeHooks": [],
          "afterHooks": [],
          "tests": [
            {
              "title": "Verifica se o quadro de pixels tem altura e comprimento de 5 elementos",
              "fullTitle": "5 - Faça com que cada elemento do quadro de pixels possua 40 pixels de largura, 40 pixels de altura e seja delimitado por uma borda preta de 1 pixel. Verifica se o quadro de pixels tem altura e comprimento de 5 elementos",
              "timedOut": null,
              "duration": 226,
              "state": "passed",
              "speed": "slow",
              "pass": true,
              "fail": false,
              "pending": false,
              "context": null,
              "code": "cy.get('.pixel').should('have.length', 25).each(function (pixel) {\n  expect(pixel).to.have.css('background-color', WHITE);\n}).and(function (pixels) {\n  var rows = chunk(pixels, 5);\n  rows.forEach(function (row) {\n    for (var index = 1; index < row.length; index += 1) {\n      var current = pixels[index];\n      var previous = pixels[index - 1];\n      cy.wrap(current).should('be.onTheRightOf', previous).and('be.horizontallyAlignedWith', previous);\n    }\n  });\n  for (var index = 1; index < 5; index += 1) {\n    expect(pixels[index * 5]).to.be.belowOf(pixels[(index - 1) * 5]);\n  }\n});",
              "err": {},
              "uuid": "e83170d4-0678-46ec-aeaa-b7dbba5bda53",
              "parentUUID": "fb116da6-e030-4c29-9b8c-4fbabeac0bc2",
              "isHook": false,
              "skipped": false
            },
            {
              "title": "Verifica se 40 pixels é o tamanho total do elemento, incluindo seu conteúdo e excluindo a borda preta, que deve ser criada à parte.",
              "fullTitle": "5 - Faça com que cada elemento do quadro de pixels possua 40 pixels de largura, 40 pixels de altura e seja delimitado por uma borda preta de 1 pixel. Verifica se 40 pixels é o tamanho total do elemento, incluindo seu conteúdo e excluindo a borda preta, que deve ser criada à parte.",
              "timedOut": null,
              "duration": 228,
              "state": "passed",
              "speed": "slow",
              "pass": true,
              "fail": false,
              "pending": false,
              "context": null,
              "code": "cy.get('.pixel').each(function (pixel) {\n  cy.wrap(pixel).should('have.css', 'height', '40px').and('have.css', 'width', '40px').and('have.css', 'border', \"1px solid \".concat(BLACK));\n});",
              "err": {},
              "uuid": "535bfaa6-b764-480c-a92d-7f1abe6c6498",
              "parentUUID": "fb116da6-e030-4c29-9b8c-4fbabeac0bc2",
              "isHook": false,
              "skipped": false
            }
          ],
          "suites": [],
          "passes": [
            "e83170d4-0678-46ec-aeaa-b7dbba5bda53",
            "535bfaa6-b764-480c-a92d-7f1abe6c6498"
          ],
          "failures": [],
          "pending": [],
          "skipped": [],
          "duration": 454,
          "root": false,
          "rootEmpty": false,
          "_timeout": 2000
        },
        {
          "uuid": "aed381e8-5728-4bf6-8096-4853f2382331",
          "title": "6 - Defina a cor preta como cor inicial. Ao carregar a página a cor preta já deve estar selecionada para pintar os pixels",
          "fullFile": "",
          "file": "",
          "beforeHooks": [],
          "afterHooks": [],
          "tests": [
            {
              "title": "Verifica se o elemento da cor preta possui, inicialmente, a `classe` `selected`",
              "fullTitle": "6 - Defina a cor preta como cor inicial. Ao carregar a página a cor preta já deve estar selecionada para pintar os pixels Verifica se o elemento da cor preta possui, inicialmente, a `classe` `selected`",
              "timedOut": null,
              "duration": 141,
              "state": "passed",
              "speed": "slow",
              "pass": true,
              "fail": false,
              "pending": false,
              "context": null,
              "code": "cy.get('.selected').first().should('have.css', 'background-color', BLACK);",
              "err": {},
              "uuid": "98573551-413b-4f37-9416-8ad386ce43b1",
              "parentUUID": "aed381e8-5728-4bf6-8096-4853f2382331",
              "isHook": false,
              "skipped": false
            },
            {
              "title": "Verifica se nenhuma outra cor da paleta tem a `classe` `selected`",
              "fullTitle": "6 - Defina a cor preta como cor inicial. Ao carregar a página a cor preta já deve estar selecionada para pintar os pixels Verifica se nenhuma outra cor da paleta tem a `classe` `selected`",
              "timedOut": null,
              "duration": 85,
              "state": "passed",
              "speed": "slow",
              "pass": true,
              "fail": false,
              "pending": false,
              "context": null,
              "code": "cy.get('.color:not(:first-child)').each(function (color) {\n  cy.wrap(color).should('not.have.class', 'selected');\n});",
              "err": {},
              "uuid": "ed11b1ed-0842-4908-a20d-9f45cf522f9b",
              "parentUUID": "aed381e8-5728-4bf6-8096-4853f2382331",
              "isHook": false,
              "skipped": false
            }
          ],
          "suites": [],
          "passes": [
            "98573551-413b-4f37-9416-8ad386ce43b1",
            "ed11b1ed-0842-4908-a20d-9f45cf522f9b"
          ],
          "failures": [],
          "pending": [],
          "skipped": [],
          "duration": 226,
          "root": false,
          "rootEmpty": false,
          "_timeout": 2000
        },
        {
          "uuid": "cc759f15-2306-4212-a5cf-253cb762ce01",
          "title": "7 - Clicar em uma das cores da paleta, faz com que ela seja selecionada e utilizada para preencher os pixels no quadro.",
          "fullFile": "",
          "file": "",
          "beforeHooks": [],
          "afterHooks": [],
          "tests": [
            {
              "title": "Verifica se somente uma cor da paleta de cores tem a classe `selected` de cada vez",
              "fullTitle": "7 - Clicar em uma das cores da paleta, faz com que ela seja selecionada e utilizada para preencher os pixels no quadro. Verifica se somente uma cor da paleta de cores tem a classe `selected` de cada vez",
              "timedOut": null,
              "duration": 729,
              "state": "passed",
              "speed": "slow",
              "pass": true,
              "fail": false,
              "pending": false,
              "context": null,
              "code": "cy.get('.color').each(function (selectedColor, selectedColorIndex) {\n  cy.wrap(selectedColor).click();\n  cy.get('.color').each(function (color, colorIndex) {\n    if (colorIndex === selectedColorIndex) {\n      expect(color).to.have[\"class\"]('selected');\n    } else {\n      expect(color).not.to.have[\"class\"]('selected');\n    }\n  });\n});",
              "err": {},
              "uuid": "e5e80432-1647-400b-82c8-22629ade4302",
              "parentUUID": "cc759f15-2306-4212-a5cf-253cb762ce01",
              "isHook": false,
              "skipped": false
            },
            {
              "title": "Verifica se os pixels dentro do quadro não têm a classe `selected` quando são clicados",
              "fullTitle": "7 - Clicar em uma das cores da paleta, faz com que ela seja selecionada e utilizada para preencher os pixels no quadro. Verifica se os pixels dentro do quadro não têm a classe `selected` quando são clicados",
              "timedOut": null,
              "duration": 6855,
              "state": "failed",
              "speed": null,
              "pass": false,
              "fail": true,
              "pending": false,
              "context": null,
              "code": "cy.get('.color').each(function (color) {\n  var backgroundColor = color.css('background-color');\n  cy.wrap(color).click();\n  cy.get('.pixel').each(function (pixel) {\n    cy.wrap(pixel).click().should('not.have.class', 'selected');\n  });\n});",
              "err": {
                "message": "CypressError: Timed out retrying: Expected to find element: '.pixel', but never found it.",
                "estack": "CypressError: Timed out retrying: Expected to find element: '.pixel', but never found it.\n    at cypressErr (http://localhost:35875/__cypress/runner/cypress_runner.js:149934:9)\n    at throwErr (http://localhost:35875/__cypress/runner/cypress_runner.js:149867:11)\n    at Object.throwErrByPath (http://localhost:35875/__cypress/runner/cypress_runner.js:149915:3)\n    at retry (http://localhost:35875/__cypress/runner/cypress_runner.js:144197:19)\n    at onFailFn (http://localhost:35875/__cypress/runner/cypress_runner.js:132448:16)\n    at tryCatcher (http://localhost:35875/__cypress/runner/cypress_runner.js:167415:23)\n    at Promise._settlePromiseFromHandler (http://localhost:35875/__cypress/runner/cypress_runner.js:165351:31)\n    at Promise._settlePromise (http://localhost:35875/__cypress/runner/cypress_runner.js:165408:18)\n    at Promise._settlePromise0 (http://localhost:35875/__cypress/runner/cypress_runner.js:165453:10)\n    at Promise._settlePromises (http://localhost:35875/__cypress/runner/cypress_runner.js:165528:18)\n    at Async../node_modules/bluebird/js/release/async.js.Async._drainQueue (http://localhost:35875/__cypress/runner/cypress_runner.js:162140:16)\n    at Async../node_modules/bluebird/js/release/async.js.Async._drainQueues (http://localhost:35875/__cypress/runner/cypress_runner.js:162150:10)\n    at Async.drainQueues (http://localhost:35875/__cypress/runner/cypress_runner.js:162024:14)",
                "diff": null
              },
              "uuid": "6b942ff1-913d-45c6-b1d7-1d97f678b632",
              "parentUUID": "cc759f15-2306-4212-a5cf-253cb762ce01",
              "isHook": false,
              "skipped": false
            }
          ],
          "suites": [],
          "passes": [
            "e5e80432-1647-400b-82c8-22629ade4302"
          ],
          "failures": [
            "6b942ff1-913d-45c6-b1d7-1d97f678b632"
          ],
          "pending": [],
          "skipped": [],
          "duration": 7584,
          "root": false,
          "rootEmpty": false,
          "_timeout": 2000
        },
        {
          "uuid": "ccda7c1b-ef5e-4fa2-81e5-959823bc9bb0",
          "title": "8 - Clicar em um pixel dentro do quadro após selecionar uma cor na paleta, faz com que o pixel seja preenchido com a cor selecionada.",
          "fullFile": "",
          "file": "",
          "beforeHooks": [],
          "afterHooks": [],
          "tests": [
            {
              "title": "Verifica se ao carregar a página deve ser possível pintar os pixels de preto",
              "fullTitle": "8 - Clicar em um pixel dentro do quadro após selecionar uma cor na paleta, faz com que o pixel seja preenchido com a cor selecionada. Verifica se ao carregar a página deve ser possível pintar os pixels de preto",
              "timedOut": null,
              "duration": 2419,
              "state": "passed",
              "speed": "slow",
              "pass": true,
              "fail": false,
              "pending": false,
              "context": null,
              "code": "cy.get('.pixel').each(function (pixel) {\n  cy.wrap(pixel).click().should('have.css', 'background-color', BLACK);\n});",
              "err": {},
              "uuid": "7a1e0fe2-3d67-48c9-bc63-5063a79ccfa8",
              "parentUUID": "ccda7c1b-ef5e-4fa2-81e5-959823bc9bb0",
              "isHook": false,
              "skipped": false
            },
            {
              "title": "Verifica se após selecionar uma outra cor na paleta, é possível pintar os pixels com essa cor",
              "fullTitle": "8 - Clicar em um pixel dentro do quadro após selecionar uma cor na paleta, faz com que o pixel seja preenchido com a cor selecionada. Verifica se após selecionar uma outra cor na paleta, é possível pintar os pixels com essa cor",
              "timedOut": null,
              "duration": 6601,
              "state": "failed",
              "speed": null,
              "pass": false,
              "fail": true,
              "pending": false,
              "context": null,
              "code": "cy.get('.color').each(function (color) {\n  var backgroundColor = color.css('background-color');\n  cy.wrap(color).click();\n  cy.get('.pixel').each(function (pixel) {\n    cy.wrap(pixel).click().should('have.css', 'background-color', backgroundColor);\n  });\n});",
              "err": {
                "message": "CypressError: Timed out retrying: Expected to find element: '.pixel', but never found it.",
                "estack": "CypressError: Timed out retrying: Expected to find element: '.pixel', but never found it.\n    at cypressErr (http://localhost:35875/__cypress/runner/cypress_runner.js:149934:9)\n    at throwErr (http://localhost:35875/__cypress/runner/cypress_runner.js:149867:11)\n    at Object.throwErrByPath (http://localhost:35875/__cypress/runner/cypress_runner.js:149915:3)\n    at retry (http://localhost:35875/__cypress/runner/cypress_runner.js:144197:19)\n    at onFailFn (http://localhost:35875/__cypress/runner/cypress_runner.js:132448:16)\n    at tryCatcher (http://localhost:35875/__cypress/runner/cypress_runner.js:167415:23)\n    at Promise._settlePromiseFromHandler (http://localhost:35875/__cypress/runner/cypress_runner.js:165351:31)\n    at Promise._settlePromise (http://localhost:35875/__cypress/runner/cypress_runner.js:165408:18)\n    at Promise._settlePromise0 (http://localhost:35875/__cypress/runner/cypress_runner.js:165453:10)\n    at Promise._settlePromises (http://localhost:35875/__cypress/runner/cypress_runner.js:165528:18)\n    at Async../node_modules/bluebird/js/release/async.js.Async._drainQueue (http://localhost:35875/__cypress/runner/cypress_runner.js:162140:16)\n    at Async../node_modules/bluebird/js/release/async.js.Async._drainQueues (http://localhost:35875/__cypress/runner/cypress_runner.js:162150:10)\n    at Async.drainQueues (http://localhost:35875/__cypress/runner/cypress_runner.js:162024:14)",
                "diff": null
              },
              "uuid": "39e5be73-81aa-4060-9e07-98e9515b6b87",
              "parentUUID": "ccda7c1b-ef5e-4fa2-81e5-959823bc9bb0",
              "isHook": false,
              "skipped": false
            },
            {
              "title": "Verifica se somente o pixel que foi clicado foi preenchido com a cor selecionada, sem influenciar na cor dos demais pixels.",
              "fullTitle": "8 - Clicar em um pixel dentro do quadro após selecionar uma cor na paleta, faz com que o pixel seja preenchido com a cor selecionada. Verifica se somente o pixel que foi clicado foi preenchido com a cor selecionada, sem influenciar na cor dos demais pixels.",
              "timedOut": null,
              "duration": 5489,
              "state": "failed",
              "speed": null,
              "pass": false,
              "fail": true,
              "pending": false,
              "context": null,
              "code": "var colorToPixelIndexMap = {\n  0: 6,\n  1: 8,\n  2: 16,\n  3: 18\n};\ncy.get('.color').each(function (color, index) {\n  cy.wrap(color).click();\n  var backgroundColor = color.css('background-color');\n  var clickedPixelIndex = colorToPixelIndexMap[index];\n  cy.get('.pixel').eq(clickedPixelIndex).click();\n  cy.get('.pixel').eq(clickedPixelIndex - 1).should('not.have.css', 'background-color', backgroundColor);\n  cy.get('.pixel').eq(clickedPixelIndex + 1).should('not.have.css', 'background-color', backgroundColor);\n  cy.get('.pixel').eq(clickedPixelIndex - 5).should('not.have.css', 'background-color', backgroundColor);\n  cy.get('.pixel').eq(clickedPixelIndex + 5).should('not.have.css', 'background-color', backgroundColor);\n  cy.get('.pixel').eq(clickedPixelIndex - 6).should('not.have.css', 'background-color', backgroundColor);\n  cy.get('.pixel').eq(clickedPixelIndex - 4).should('not.have.css', 'background-color', backgroundColor);\n  cy.get('.pixel').eq(clickedPixelIndex + 4).should('not.have.css', 'background-color', backgroundColor);\n  cy.get('.pixel').eq(clickedPixelIndex + 6).should('not.have.css', 'background-color', backgroundColor);\n});",
              "err": {
                "message": "CypressError: Timed out retrying: Expected to find element: '', but never found it. Queried from element: [ <div.pixel>, 20 more... ]",
                "estack": "CypressError: Timed out retrying: Expected to find element: '', but never found it. Queried from element: [ <div.pixel>, 20 more... ]\n    at cypressErr (http://localhost:35875/__cypress/runner/cypress_runner.js:149934:9)\n    at throwErr (http://localhost:35875/__cypress/runner/cypress_runner.js:149867:11)\n    at Object.throwErrByPath (http://localhost:35875/__cypress/runner/cypress_runner.js:149915:3)\n    at retry (http://localhost:35875/__cypress/runner/cypress_runner.js:144197:19)\n    at onFailFn (http://localhost:35875/__cypress/runner/cypress_runner.js:132448:16)\n    at tryCatcher (http://localhost:35875/__cypress/runner/cypress_runner.js:167415:23)\n    at Promise._settlePromiseFromHandler (http://localhost:35875/__cypress/runner/cypress_runner.js:165351:31)\n    at Promise._settlePromise (http://localhost:35875/__cypress/runner/cypress_runner.js:165408:18)\n    at Promise._settlePromise0 (http://localhost:35875/__cypress/runner/cypress_runner.js:165453:10)\n    at Promise._settlePromises (http://localhost:35875/__cypress/runner/cypress_runner.js:165528:18)\n    at Async../node_modules/bluebird/js/release/async.js.Async._drainQueue (http://localhost:35875/__cypress/runner/cypress_runner.js:162140:16)\n    at Async../node_modules/bluebird/js/release/async.js.Async._drainQueues (http://localhost:35875/__cypress/runner/cypress_runner.js:162150:10)\n    at Async.drainQueues (http://localhost:35875/__cypress/runner/cypress_runner.js:162024:14)",
                "diff": null
              },
              "uuid": "943953cf-4251-43c2-8355-1837847081fe",
              "parentUUID": "ccda7c1b-ef5e-4fa2-81e5-959823bc9bb0",
              "isHook": false,
              "skipped": false
            }
          ],
          "suites": [],
          "passes": [
            "7a1e0fe2-3d67-48c9-bc63-5063a79ccfa8"
          ],
          "failures": [
            "39e5be73-81aa-4060-9e07-98e9515b6b87",
            "943953cf-4251-43c2-8355-1837847081fe"
          ],
          "pending": [],
          "skipped": [],
          "duration": 14509,
          "root": false,
          "rootEmpty": false,
          "_timeout": 2000
        },
        {
          "uuid": "4326acae-9995-47db-bafc-aa9afad11d7c",
          "title": "9 - Crie um botão que, ao ser clicado, limpa o quadro preenchendo a cor de todos seus pixels com branco.",
          "fullFile": "",
          "file": "",
          "beforeHooks": [],
          "afterHooks": [],
          "tests": [
            {
              "title": "Verifica se o botão tem o `id` denominado `clear-board`",
              "fullTitle": "9 - Crie um botão que, ao ser clicado, limpa o quadro preenchendo a cor de todos seus pixels com branco. Verifica se o botão tem o `id` denominado `clear-board`",
              "timedOut": null,
              "duration": 4469,
              "state": "failed",
              "speed": null,
              "pass": false,
              "fail": true,
              "pending": false,
              "context": null,
              "code": "cy.get('#clear-board').should('be.visible');",
              "err": {
                "message": "CypressError: Timed out retrying: Expected to find element: '#clear-board', but never found it.",
                "estack": "CypressError: Timed out retrying: Expected to find element: '#clear-board', but never found it.\n    at cypressErr (http://localhost:35875/__cypress/runner/cypress_runner.js:149934:9)\n    at throwErr (http://localhost:35875/__cypress/runner/cypress_runner.js:149867:11)\n    at Object.throwErrByPath (http://localhost:35875/__cypress/runner/cypress_runner.js:149915:3)\n    at retry (http://localhost:35875/__cypress/runner/cypress_runner.js:144197:19)\n    at onFailFn (http://localhost:35875/__cypress/runner/cypress_runner.js:132448:16)\n    at tryCatcher (http://localhost:35875/__cypress/runner/cypress_runner.js:167415:23)\n    at Promise._settlePromiseFromHandler (http://localhost:35875/__cypress/runner/cypress_runner.js:165351:31)\n    at Promise._settlePromise (http://localhost:35875/__cypress/runner/cypress_runner.js:165408:18)\n    at Promise._settlePromise0 (http://localhost:35875/__cypress/runner/cypress_runner.js:165453:10)\n    at Promise._settlePromises (http://localhost:35875/__cypress/runner/cypress_runner.js:165528:18)\n    at Async../node_modules/bluebird/js/release/async.js.Async._drainQueue (http://localhost:35875/__cypress/runner/cypress_runner.js:162140:16)\n    at Async../node_modules/bluebird/js/release/async.js.Async._drainQueues (http://localhost:35875/__cypress/runner/cypress_runner.js:162150:10)\n    at Async.drainQueues (http://localhost:35875/__cypress/runner/cypress_runner.js:162024:14)",
                "diff": null
              },
              "uuid": "1505c789-2d10-4c61-81e8-257017225a3b",
              "parentUUID": "4326acae-9995-47db-bafc-aa9afad11d7c",
              "isHook": false,
              "skipped": false
            },
            {
              "title": "Verifica se o botão está posicionado entre a paleta de cores e o quadro de pixels",
              "fullTitle": "9 - Crie um botão que, ao ser clicado, limpa o quadro preenchendo a cor de todos seus pixels com branco. Verifica se o botão está posicionado entre a paleta de cores e o quadro de pixels",
              "timedOut": null,
              "duration": 4536,
              "state": "failed",
              "speed": null,
              "pass": false,
              "fail": true,
              "pending": false,
              "context": null,
              "code": "cy.get('#color-palette').then(function (palette) {\n  cy.get('#clear-board').should('be.belowOf', palette);\n});\ncy.get('#clear-board').then(function (clearBtn) {\n  cy.get('#pixel-board').should('be.belowOf', clearBtn);\n});",
              "err": {
                "message": "CypressError: Timed out retrying: Expected to find element: '#clear-board', but never found it.",
                "estack": "CypressError: Timed out retrying: Expected to find element: '#clear-board', but never found it.\n    at cypressErr (http://localhost:35875/__cypress/runner/cypress_runner.js:149934:9)\n    at throwErr (http://localhost:35875/__cypress/runner/cypress_runner.js:149867:11)\n    at Object.throwErrByPath (http://localhost:35875/__cypress/runner/cypress_runner.js:149915:3)\n    at retry (http://localhost:35875/__cypress/runner/cypress_runner.js:144197:19)\n    at onFailFn (http://localhost:35875/__cypress/runner/cypress_runner.js:132448:16)\n    at tryCatcher (http://localhost:35875/__cypress/runner/cypress_runner.js:167415:23)\n    at Promise._settlePromiseFromHandler (http://localhost:35875/__cypress/runner/cypress_runner.js:165351:31)\n    at Promise._settlePromise (http://localhost:35875/__cypress/runner/cypress_runner.js:165408:18)\n    at Promise._settlePromise0 (http://localhost:35875/__cypress/runner/cypress_runner.js:165453:10)\n    at Promise._settlePromises (http://localhost:35875/__cypress/runner/cypress_runner.js:165528:18)\n    at Async../node_modules/bluebird/js/release/async.js.Async._drainQueue (http://localhost:35875/__cypress/runner/cypress_runner.js:162140:16)\n    at Async../node_modules/bluebird/js/release/async.js.Async._drainQueues (http://localhost:35875/__cypress/runner/cypress_runner.js:162150:10)\n    at Async.drainQueues (http://localhost:35875/__cypress/runner/cypress_runner.js:162024:14)",
                "diff": null
              },
              "uuid": "e67b53a8-3e4e-4c02-baf1-da3c197c3fe0",
              "parentUUID": "4326acae-9995-47db-bafc-aa9afad11d7c",
              "isHook": false,
              "skipped": false
            },
            {
              "title": "Verifica se o texto do botão é 'Limpar'",
              "fullTitle": "9 - Crie um botão que, ao ser clicado, limpa o quadro preenchendo a cor de todos seus pixels com branco. Verifica se o texto do botão é 'Limpar'",
              "timedOut": null,
              "duration": 4497,
              "state": "failed",
              "speed": null,
              "pass": false,
              "fail": true,
              "pending": false,
              "context": null,
              "code": "cy.get('#clear-board').should('contain.text', 'Limpar');",
              "err": {
                "message": "CypressError: Timed out retrying: Expected to find element: '#clear-board', but never found it.",
                "estack": "CypressError: Timed out retrying: Expected to find element: '#clear-board', but never found it.\n    at cypressErr (http://localhost:35875/__cypress/runner/cypress_runner.js:149934:9)\n    at throwErr (http://localhost:35875/__cypress/runner/cypress_runner.js:149867:11)\n    at Object.throwErrByPath (http://localhost:35875/__cypress/runner/cypress_runner.js:149915:3)\n    at retry (http://localhost:35875/__cypress/runner/cypress_runner.js:144197:19)\n    at onFailFn (http://localhost:35875/__cypress/runner/cypress_runner.js:132448:16)\n    at tryCatcher (http://localhost:35875/__cypress/runner/cypress_runner.js:167415:23)\n    at Promise._settlePromiseFromHandler (http://localhost:35875/__cypress/runner/cypress_runner.js:165351:31)\n    at Promise._settlePromise (http://localhost:35875/__cypress/runner/cypress_runner.js:165408:18)\n    at Promise._settlePromise0 (http://localhost:35875/__cypress/runner/cypress_runner.js:165453:10)\n    at Promise._settlePromises (http://localhost:35875/__cypress/runner/cypress_runner.js:165528:18)\n    at Async../node_modules/bluebird/js/release/async.js.Async._drainQueue (http://localhost:35875/__cypress/runner/cypress_runner.js:162140:16)\n    at Async../node_modules/bluebird/js/release/async.js.Async._drainQueues (http://localhost:35875/__cypress/runner/cypress_runner.js:162150:10)\n    at Async.drainQueues (http://localhost:35875/__cypress/runner/cypress_runner.js:162024:14)",
                "diff": null
              },
              "uuid": "a57dd4f2-6426-4a74-a512-fc7bf07facb1",
              "parentUUID": "4326acae-9995-47db-bafc-aa9afad11d7c",
              "isHook": false,
              "skipped": false
            },
            {
              "title": "Verifica se ao clicar no botão, o quadro de pixels é totalmente preenchido de branco",
              "fullTitle": "9 - Crie um botão que, ao ser clicado, limpa o quadro preenchendo a cor de todos seus pixels com branco. Verifica se ao clicar no botão, o quadro de pixels é totalmente preenchido de branco",
              "timedOut": null,
              "duration": 6784,
              "state": "failed",
              "speed": null,
              "pass": false,
              "fail": true,
              "pending": false,
              "context": null,
              "code": "cy.get('.color').eq(1).then(function (color) {\n  var backgroundColor = color.css('background-color');\n  cy.wrap(color).click();\n  cy.get('.pixel').each(function (pixel) {\n    cy.wrap(pixel).click().should('have.css', 'background-color', backgroundColor);\n  });\n});\ncy.get('#clear-board').click();\ncy.get('.pixel').each(function (pixel) {\n  cy.wrap(pixel).should('have.css', 'background-color', WHITE);\n});",
              "err": {
                "message": "CypressError: Timed out retrying: Expected to find element: '#clear-board', but never found it.",
                "estack": "CypressError: Timed out retrying: Expected to find element: '#clear-board', but never found it.\n    at cypressErr (http://localhost:35875/__cypress/runner/cypress_runner.js:149934:9)\n    at throwErr (http://localhost:35875/__cypress/runner/cypress_runner.js:149867:11)\n    at Object.throwErrByPath (http://localhost:35875/__cypress/runner/cypress_runner.js:149915:3)\n    at retry (http://localhost:35875/__cypress/runner/cypress_runner.js:144197:19)\n    at onFailFn (http://localhost:35875/__cypress/runner/cypress_runner.js:132448:16)\n    at tryCatcher (http://localhost:35875/__cypress/runner/cypress_runner.js:167415:23)\n    at Promise._settlePromiseFromHandler (http://localhost:35875/__cypress/runner/cypress_runner.js:165351:31)\n    at Promise._settlePromise (http://localhost:35875/__cypress/runner/cypress_runner.js:165408:18)\n    at Promise._settlePromise0 (http://localhost:35875/__cypress/runner/cypress_runner.js:165453:10)\n    at Promise._settlePromises (http://localhost:35875/__cypress/runner/cypress_runner.js:165528:18)\n    at Async../node_modules/bluebird/js/release/async.js.Async._drainQueue (http://localhost:35875/__cypress/runner/cypress_runner.js:162140:16)\n    at Async../node_modules/bluebird/js/release/async.js.Async._drainQueues (http://localhost:35875/__cypress/runner/cypress_runner.js:162150:10)\n    at Async.drainQueues (http://localhost:35875/__cypress/runner/cypress_runner.js:162024:14)",
                "diff": null
              },
              "uuid": "8bb7e7cc-072b-4bb3-9508-71a4d244ce53",
              "parentUUID": "4326acae-9995-47db-bafc-aa9afad11d7c",
              "isHook": false,
              "skipped": false
            }
          ],
          "suites": [],
          "passes": [],
          "failures": [
            "1505c789-2d10-4c61-81e8-257017225a3b",
            "e67b53a8-3e4e-4c02-baf1-da3c197c3fe0",
            "a57dd4f2-6426-4a74-a512-fc7bf07facb1",
            "8bb7e7cc-072b-4bb3-9508-71a4d244ce53"
          ],
          "pending": [],
          "skipped": [],
          "duration": 20286,
          "root": false,
          "rootEmpty": false,
          "_timeout": 2000
        },
        {
          "uuid": "7bce8bcd-0aec-4224-80bc-467db0e6ceb2",
          "title": "10 - Faça o quadro de pixels ter seu tamanho definido pelo usuário.",
          "fullFile": "",
          "file": "",
          "beforeHooks": [],
          "afterHooks": [],
          "tests": [
            {
              "title": "Verifica se existe um input com o id `board-size`",
              "fullTitle": "10 - Faça o quadro de pixels ter seu tamanho definido pelo usuário. Verifica se existe um input com o id `board-size`",
              "timedOut": null,
              "duration": 4556,
              "state": "failed",
              "speed": null,
              "pass": false,
              "fail": true,
              "pending": false,
              "context": null,
              "code": "cy.get('#board-size').should('be.visible');",
              "err": {
                "message": "CypressError: Timed out retrying: Expected to find element: '#board-size', but never found it.",
                "estack": "CypressError: Timed out retrying: Expected to find element: '#board-size', but never found it.\n    at cypressErr (http://localhost:35875/__cypress/runner/cypress_runner.js:149934:9)\n    at throwErr (http://localhost:35875/__cypress/runner/cypress_runner.js:149867:11)\n    at Object.throwErrByPath (http://localhost:35875/__cypress/runner/cypress_runner.js:149915:3)\n    at retry (http://localhost:35875/__cypress/runner/cypress_runner.js:144197:19)\n    at onFailFn (http://localhost:35875/__cypress/runner/cypress_runner.js:132448:16)\n    at tryCatcher (http://localhost:35875/__cypress/runner/cypress_runner.js:167415:23)\n    at Promise._settlePromiseFromHandler (http://localhost:35875/__cypress/runner/cypress_runner.js:165351:31)\n    at Promise._settlePromise (http://localhost:35875/__cypress/runner/cypress_runner.js:165408:18)\n    at Promise._settlePromise0 (http://localhost:35875/__cypress/runner/cypress_runner.js:165453:10)\n    at Promise._settlePromises (http://localhost:35875/__cypress/runner/cypress_runner.js:165528:18)\n    at Async../node_modules/bluebird/js/release/async.js.Async._drainQueue (http://localhost:35875/__cypress/runner/cypress_runner.js:162140:16)\n    at Async../node_modules/bluebird/js/release/async.js.Async._drainQueues (http://localhost:35875/__cypress/runner/cypress_runner.js:162150:10)\n    at Async.drainQueues (http://localhost:35875/__cypress/runner/cypress_runner.js:162024:14)",
                "diff": null
              },
              "uuid": "d8343641-6e04-4fe3-8b8c-51d80ecb3748",
              "parentUUID": "7bce8bcd-0aec-4224-80bc-467db0e6ceb2",
              "isHook": false,
              "skipped": false
            },
            {
              "title": "Verifica se existe um botão com o id `generate-board`",
              "fullTitle": "10 - Faça o quadro de pixels ter seu tamanho definido pelo usuário. Verifica se existe um botão com o id `generate-board`",
              "timedOut": null,
              "duration": 4442,
              "state": "failed",
              "speed": null,
              "pass": false,
              "fail": true,
              "pending": false,
              "context": null,
              "code": "cy.get('#generate-board').should('be.visible');",
              "err": {
                "message": "CypressError: Timed out retrying: Expected to find element: '#generate-board', but never found it.",
                "estack": "CypressError: Timed out retrying: Expected to find element: '#generate-board', but never found it.\n    at cypressErr (http://localhost:35875/__cypress/runner/cypress_runner.js:149934:9)\n    at throwErr (http://localhost:35875/__cypress/runner/cypress_runner.js:149867:11)\n    at Object.throwErrByPath (http://localhost:35875/__cypress/runner/cypress_runner.js:149915:3)\n    at retry (http://localhost:35875/__cypress/runner/cypress_runner.js:144197:19)\n    at onFailFn (http://localhost:35875/__cypress/runner/cypress_runner.js:132448:16)\n    at tryCatcher (http://localhost:35875/__cypress/runner/cypress_runner.js:167415:23)\n    at Promise._settlePromiseFromHandler (http://localhost:35875/__cypress/runner/cypress_runner.js:165351:31)\n    at Promise._settlePromise (http://localhost:35875/__cypress/runner/cypress_runner.js:165408:18)\n    at Promise._settlePromise0 (http://localhost:35875/__cypress/runner/cypress_runner.js:165453:10)\n    at Promise._settlePromises (http://localhost:35875/__cypress/runner/cypress_runner.js:165528:18)\n    at Async../node_modules/bluebird/js/release/async.js.Async._drainQueue (http://localhost:35875/__cypress/runner/cypress_runner.js:162140:16)\n    at Async../node_modules/bluebird/js/release/async.js.Async._drainQueues (http://localhost:35875/__cypress/runner/cypress_runner.js:162150:10)\n    at Async.drainQueues (http://localhost:35875/__cypress/runner/cypress_runner.js:162024:14)",
                "diff": null
              },
              "uuid": "99152a3a-77ee-4d69-b47c-0c10222cc39b",
              "parentUUID": "7bce8bcd-0aec-4224-80bc-467db0e6ceb2",
              "isHook": false,
              "skipped": false
            },
            {
              "title": "Verifica se o input só aceita número maiores que zero. Essa restrição deve ser feita usando os atributos do elemento `input`",
              "fullTitle": "10 - Faça o quadro de pixels ter seu tamanho definido pelo usuário. Verifica se o input só aceita número maiores que zero. Essa restrição deve ser feita usando os atributos do elemento `input`",
              "timedOut": null,
              "duration": 4457,
              "state": "failed",
              "speed": null,
              "pass": false,
              "fail": true,
              "pending": false,
              "context": null,
              "code": "cy.get('#board-size[type=\\'number\\'][min=\\'1\\']');",
              "err": {
                "message": "CypressError: Timed out retrying: Expected to find element: '#board-size[type='number'][min='1']', but never found it.",
                "estack": "CypressError: Timed out retrying: Expected to find element: '#board-size[type='number'][min='1']', but never found it.\n    at cypressErr (http://localhost:35875/__cypress/runner/cypress_runner.js:149934:9)\n    at throwErr (http://localhost:35875/__cypress/runner/cypress_runner.js:149867:11)\n    at Object.throwErrByPath (http://localhost:35875/__cypress/runner/cypress_runner.js:149915:3)\n    at retry (http://localhost:35875/__cypress/runner/cypress_runner.js:144197:19)\n    at onFailFn (http://localhost:35875/__cypress/runner/cypress_runner.js:132448:16)\n    at tryCatcher (http://localhost:35875/__cypress/runner/cypress_runner.js:167415:23)\n    at Promise._settlePromiseFromHandler (http://localhost:35875/__cypress/runner/cypress_runner.js:165351:31)\n    at Promise._settlePromise (http://localhost:35875/__cypress/runner/cypress_runner.js:165408:18)\n    at Promise._settlePromise0 (http://localhost:35875/__cypress/runner/cypress_runner.js:165453:10)\n    at Promise._settlePromises (http://localhost:35875/__cypress/runner/cypress_runner.js:165528:18)\n    at Async../node_modules/bluebird/js/release/async.js.Async._drainQueue (http://localhost:35875/__cypress/runner/cypress_runner.js:162140:16)\n    at Async../node_modules/bluebird/js/release/async.js.Async._drainQueues (http://localhost:35875/__cypress/runner/cypress_runner.js:162150:10)\n    at Async.drainQueues (http://localhost:35875/__cypress/runner/cypress_runner.js:162024:14)",
                "diff": null
              },
              "uuid": "5ee5b3bf-1b6d-4eec-81d5-6756c9554ced",
              "parentUUID": "7bce8bcd-0aec-4224-80bc-467db0e6ceb2",
              "isHook": false,
              "skipped": false
            },
            {
              "title": "Verifica se o botão contém o texto 'VQV'",
              "fullTitle": "10 - Faça o quadro de pixels ter seu tamanho definido pelo usuário. Verifica se o botão contém o texto 'VQV'",
              "timedOut": null,
              "duration": 4536,
              "state": "failed",
              "speed": null,
              "pass": false,
              "fail": true,
              "pending": false,
              "context": null,
              "code": "cy.get('#generate-board').contains(/vqv/i);",
              "err": {
                "message": "CypressError: Timed out retrying: Expected to find element: '#generate-board', but never found it.",
                "estack": "CypressError: Timed out retrying: Expected to find element: '#generate-board', but never found it.\n    at cypressErr (http://localhost:35875/__cypress/runner/cypress_runner.js:149934:9)\n    at throwErr (http://localhost:35875/__cypress/runner/cypress_runner.js:149867:11)\n    at Object.throwErrByPath (http://localhost:35875/__cypress/runner/cypress_runner.js:149915:3)\n    at retry (http://localhost:35875/__cypress/runner/cypress_runner.js:144197:19)\n    at onFailFn (http://localhost:35875/__cypress/runner/cypress_runner.js:132448:16)\n    at tryCatcher (http://localhost:35875/__cypress/runner/cypress_runner.js:167415:23)\n    at Promise._settlePromiseFromHandler (http://localhost:35875/__cypress/runner/cypress_runner.js:165351:31)\n    at Promise._settlePromise (http://localhost:35875/__cypress/runner/cypress_runner.js:165408:18)\n    at Promise._settlePromise0 (http://localhost:35875/__cypress/runner/cypress_runner.js:165453:10)\n    at Promise._settlePromises (http://localhost:35875/__cypress/runner/cypress_runner.js:165528:18)\n    at Async../node_modules/bluebird/js/release/async.js.Async._drainQueue (http://localhost:35875/__cypress/runner/cypress_runner.js:162140:16)\n    at Async../node_modules/bluebird/js/release/async.js.Async._drainQueues (http://localhost:35875/__cypress/runner/cypress_runner.js:162150:10)\n    at Async.drainQueues (http://localhost:35875/__cypress/runner/cypress_runner.js:162024:14)",
                "diff": null
              },
              "uuid": "20baab32-2dc6-4a4d-adb6-d646e2e7f1fd",
              "parentUUID": "7bce8bcd-0aec-4224-80bc-467db0e6ceb2",
              "isHook": false,
              "skipped": false
            },
            {
              "title": "Verifica se o input está posicionado entre a paleta de cores e o quadro de pixels",
              "fullTitle": "10 - Faça o quadro de pixels ter seu tamanho definido pelo usuário. Verifica se o input está posicionado entre a paleta de cores e o quadro de pixels",
              "timedOut": null,
              "duration": 4450,
              "state": "failed",
              "speed": null,
              "pass": false,
              "fail": true,
              "pending": false,
              "context": null,
              "code": "cy.get('#color-palette').then(function (palette) {\n  cy.get('#board-size').should('be.belowOf', palette);\n});\ncy.get('#board-size').then(function (palette) {\n  cy.get('#pixel-board').should('be.belowOf', palette);\n});",
              "err": {
                "message": "CypressError: Timed out retrying: Expected to find element: '#board-size', but never found it.",
                "estack": "CypressError: Timed out retrying: Expected to find element: '#board-size', but never found it.\n    at cypressErr (http://localhost:35875/__cypress/runner/cypress_runner.js:149934:9)\n    at throwErr (http://localhost:35875/__cypress/runner/cypress_runner.js:149867:11)\n    at Object.throwErrByPath (http://localhost:35875/__cypress/runner/cypress_runner.js:149915:3)\n    at retry (http://localhost:35875/__cypress/runner/cypress_runner.js:144197:19)\n    at onFailFn (http://localhost:35875/__cypress/runner/cypress_runner.js:132448:16)\n    at tryCatcher (http://localhost:35875/__cypress/runner/cypress_runner.js:167415:23)\n    at Promise._settlePromiseFromHandler (http://localhost:35875/__cypress/runner/cypress_runner.js:165351:31)\n    at Promise._settlePromise (http://localhost:35875/__cypress/runner/cypress_runner.js:165408:18)\n    at Promise._settlePromise0 (http://localhost:35875/__cypress/runner/cypress_runner.js:165453:10)\n    at Promise._settlePromises (http://localhost:35875/__cypress/runner/cypress_runner.js:165528:18)\n    at Async../node_modules/bluebird/js/release/async.js.Async._drainQueue (http://localhost:35875/__cypress/runner/cypress_runner.js:162140:16)\n    at Async../node_modules/bluebird/js/release/async.js.Async._drainQueues (http://localhost:35875/__cypress/runner/cypress_runner.js:162150:10)\n    at Async.drainQueues (http://localhost:35875/__cypress/runner/cypress_runner.js:162024:14)",
                "diff": null
              },
              "uuid": "d7d1cc2f-fc42-4686-9879-09a14ac15b80",
              "parentUUID": "7bce8bcd-0aec-4224-80bc-467db0e6ceb2",
              "isHook": false,
              "skipped": false
            },
            {
              "title": "Verifica se o botão está posicionado ao lado do input",
              "fullTitle": "10 - Faça o quadro de pixels ter seu tamanho definido pelo usuário. Verifica se o botão está posicionado ao lado do input",
              "timedOut": null,
              "duration": 4512,
              "state": "failed",
              "speed": null,
              "pass": false,
              "fail": true,
              "pending": false,
              "context": null,
              "code": "cy.get('#board-size').then(function (board) {\n  cy.get('#generate-board').should('be.onTheRightOf', board);\n});",
              "err": {
                "message": "CypressError: Timed out retrying: Expected to find element: '#board-size', but never found it.",
                "estack": "CypressError: Timed out retrying: Expected to find element: '#board-size', but never found it.\n    at cypressErr (http://localhost:35875/__cypress/runner/cypress_runner.js:149934:9)\n    at throwErr (http://localhost:35875/__cypress/runner/cypress_runner.js:149867:11)\n    at Object.throwErrByPath (http://localhost:35875/__cypress/runner/cypress_runner.js:149915:3)\n    at retry (http://localhost:35875/__cypress/runner/cypress_runner.js:144197:19)\n    at onFailFn (http://localhost:35875/__cypress/runner/cypress_runner.js:132448:16)\n    at tryCatcher (http://localhost:35875/__cypress/runner/cypress_runner.js:167415:23)\n    at Promise._settlePromiseFromHandler (http://localhost:35875/__cypress/runner/cypress_runner.js:165351:31)\n    at Promise._settlePromise (http://localhost:35875/__cypress/runner/cypress_runner.js:165408:18)\n    at Promise._settlePromise0 (http://localhost:35875/__cypress/runner/cypress_runner.js:165453:10)\n    at Promise._settlePromises (http://localhost:35875/__cypress/runner/cypress_runner.js:165528:18)\n    at Async../node_modules/bluebird/js/release/async.js.Async._drainQueue (http://localhost:35875/__cypress/runner/cypress_runner.js:162140:16)\n    at Async../node_modules/bluebird/js/release/async.js.Async._drainQueues (http://localhost:35875/__cypress/runner/cypress_runner.js:162150:10)\n    at Async.drainQueues (http://localhost:35875/__cypress/runner/cypress_runner.js:162024:14)",
                "diff": null
              },
              "uuid": "2a03be1c-dcb7-4e41-8082-8c7fc83156b4",
              "parentUUID": "7bce8bcd-0aec-4224-80bc-467db0e6ceb2",
              "isHook": false,
              "skipped": false
            },
            {
              "title": "Verifica se nenhum valor for colocado no input ao clicar no botão, um `alert` é exibido com o texto: 'Board inválido!'",
              "fullTitle": "10 - Faça o quadro de pixels ter seu tamanho definido pelo usuário. Verifica se nenhum valor for colocado no input ao clicar no botão, um `alert` é exibido com o texto: 'Board inválido!'",
              "timedOut": null,
              "duration": 4617,
              "state": "failed",
              "speed": null,
              "pass": false,
              "fail": true,
              "pending": false,
              "context": null,
              "code": "var alerted = false;\ncy.on('window:alert', function (msg) {\n  return alerted = msg;\n});\ncy.get('#generate-board').click().then(function () {\n  return expect(alerted).to.match(/Board inválido!/i);\n});",
              "err": {
                "message": "CypressError: Timed out retrying: Expected to find element: '#generate-board', but never found it.",
                "estack": "CypressError: Timed out retrying: Expected to find element: '#generate-board', but never found it.\n    at cypressErr (http://localhost:35875/__cypress/runner/cypress_runner.js:149934:9)\n    at throwErr (http://localhost:35875/__cypress/runner/cypress_runner.js:149867:11)\n    at Object.throwErrByPath (http://localhost:35875/__cypress/runner/cypress_runner.js:149915:3)\n    at retry (http://localhost:35875/__cypress/runner/cypress_runner.js:144197:19)\n    at onFailFn (http://localhost:35875/__cypress/runner/cypress_runner.js:132448:16)\n    at tryCatcher (http://localhost:35875/__cypress/runner/cypress_runner.js:167415:23)\n    at Promise._settlePromiseFromHandler (http://localhost:35875/__cypress/runner/cypress_runner.js:165351:31)\n    at Promise._settlePromise (http://localhost:35875/__cypress/runner/cypress_runner.js:165408:18)\n    at Promise._settlePromise0 (http://localhost:35875/__cypress/runner/cypress_runner.js:165453:10)\n    at Promise._settlePromises (http://localhost:35875/__cypress/runner/cypress_runner.js:165528:18)\n    at Async../node_modules/bluebird/js/release/async.js.Async._drainQueue (http://localhost:35875/__cypress/runner/cypress_runner.js:162140:16)\n    at Async../node_modules/bluebird/js/release/async.js.Async._drainQueues (http://localhost:35875/__cypress/runner/cypress_runner.js:162150:10)\n    at Async.drainQueues (http://localhost:35875/__cypress/runner/cypress_runner.js:162024:14)",
                "diff": null
              },
              "uuid": "54496695-49b9-441f-b90b-eeea3ad243c4",
              "parentUUID": "7bce8bcd-0aec-4224-80bc-467db0e6ceb2",
              "isHook": false,
              "skipped": false
            },
            {
              "title": "Verifica se ao clicar no botão com um valor preenchido, o tamanho do board muda.",
              "fullTitle": "10 - Faça o quadro de pixels ter seu tamanho definido pelo usuário. Verifica se ao clicar no botão com um valor preenchido, o tamanho do board muda.",
              "timedOut": null,
              "duration": 4541,
              "state": "failed",
              "speed": null,
              "pass": false,
              "fail": true,
              "pending": false,
              "context": null,
              "code": "cy.get('#board-size').clear().type(10);\ncy.get('#generate-board').click();\ncy.get('.pixel').should('have.length', 100);",
              "err": {
                "message": "CypressError: Timed out retrying: Expected to find element: '#board-size', but never found it.",
                "estack": "CypressError: Timed out retrying: Expected to find element: '#board-size', but never found it.\n    at cypressErr (http://localhost:35875/__cypress/runner/cypress_runner.js:149934:9)\n    at throwErr (http://localhost:35875/__cypress/runner/cypress_runner.js:149867:11)\n    at Object.throwErrByPath (http://localhost:35875/__cypress/runner/cypress_runner.js:149915:3)\n    at retry (http://localhost:35875/__cypress/runner/cypress_runner.js:144197:19)\n    at onFailFn (http://localhost:35875/__cypress/runner/cypress_runner.js:132448:16)\n    at tryCatcher (http://localhost:35875/__cypress/runner/cypress_runner.js:167415:23)\n    at Promise._settlePromiseFromHandler (http://localhost:35875/__cypress/runner/cypress_runner.js:165351:31)\n    at Promise._settlePromise (http://localhost:35875/__cypress/runner/cypress_runner.js:165408:18)\n    at Promise._settlePromise0 (http://localhost:35875/__cypress/runner/cypress_runner.js:165453:10)\n    at Promise._settlePromises (http://localhost:35875/__cypress/runner/cypress_runner.js:165528:18)\n    at Async../node_modules/bluebird/js/release/async.js.Async._drainQueue (http://localhost:35875/__cypress/runner/cypress_runner.js:162140:16)\n    at Async../node_modules/bluebird/js/release/async.js.Async._drainQueues (http://localhost:35875/__cypress/runner/cypress_runner.js:162150:10)\n    at Async.drainQueues (http://localhost:35875/__cypress/runner/cypress_runner.js:162024:14)",
                "diff": null
              },
              "uuid": "19c50b34-7e40-4ded-928d-294687bca4bc",
              "parentUUID": "7bce8bcd-0aec-4224-80bc-467db0e6ceb2",
              "isHook": false,
              "skipped": false
            },
            {
              "title": "Verifica se o novo quadro tem todos os pixels preenchidos com a cor branca",
              "fullTitle": "10 - Faça o quadro de pixels ter seu tamanho definido pelo usuário. Verifica se o novo quadro tem todos os pixels preenchidos com a cor branca",
              "timedOut": null,
              "duration": 4490,
              "state": "failed",
              "speed": null,
              "pass": false,
              "fail": true,
              "pending": false,
              "context": null,
              "code": "cy.get('#board-size').clear().type(6);\ncy.get('#generate-board').click();\ncy.get('.pixel').should('have.length', 36).each(function (pixel) {\n  expect(pixel).to.have.css('background-color', WHITE);\n});",
              "err": {
                "message": "CypressError: Timed out retrying: Expected to find element: '#board-size', but never found it.",
                "estack": "CypressError: Timed out retrying: Expected to find element: '#board-size', but never found it.\n    at cypressErr (http://localhost:35875/__cypress/runner/cypress_runner.js:149934:9)\n    at throwErr (http://localhost:35875/__cypress/runner/cypress_runner.js:149867:11)\n    at Object.throwErrByPath (http://localhost:35875/__cypress/runner/cypress_runner.js:149915:3)\n    at retry (http://localhost:35875/__cypress/runner/cypress_runner.js:144197:19)\n    at onFailFn (http://localhost:35875/__cypress/runner/cypress_runner.js:132448:16)\n    at tryCatcher (http://localhost:35875/__cypress/runner/cypress_runner.js:167415:23)\n    at Promise._settlePromiseFromHandler (http://localhost:35875/__cypress/runner/cypress_runner.js:165351:31)\n    at Promise._settlePromise (http://localhost:35875/__cypress/runner/cypress_runner.js:165408:18)\n    at Promise._settlePromise0 (http://localhost:35875/__cypress/runner/cypress_runner.js:165453:10)\n    at Promise._settlePromises (http://localhost:35875/__cypress/runner/cypress_runner.js:165528:18)\n    at Async../node_modules/bluebird/js/release/async.js.Async._drainQueue (http://localhost:35875/__cypress/runner/cypress_runner.js:162140:16)\n    at Async../node_modules/bluebird/js/release/async.js.Async._drainQueues (http://localhost:35875/__cypress/runner/cypress_runner.js:162150:10)\n    at Async.drainQueues (http://localhost:35875/__cypress/runner/cypress_runner.js:162024:14)",
                "diff": null
              },
              "uuid": "a4271e8b-a51f-4680-8a0d-2aa49462540d",
              "parentUUID": "7bce8bcd-0aec-4224-80bc-467db0e6ceb2",
              "isHook": false,
              "skipped": false
            }
          ],
          "suites": [],
          "passes": [],
          "failures": [
            "d8343641-6e04-4fe3-8b8c-51d80ecb3748",
            "99152a3a-77ee-4d69-b47c-0c10222cc39b",
            "5ee5b3bf-1b6d-4eec-81d5-6756c9554ced",
            "20baab32-2dc6-4a4d-adb6-d646e2e7f1fd",
            "d7d1cc2f-fc42-4686-9879-09a14ac15b80",
            "2a03be1c-dcb7-4e41-8082-8c7fc83156b4",
            "54496695-49b9-441f-b90b-eeea3ad243c4",
            "19c50b34-7e40-4ded-928d-294687bca4bc",
            "a4271e8b-a51f-4680-8a0d-2aa49462540d"
          ],
          "pending": [],
          "skipped": [],
          "duration": 40601,
          "root": false,
          "rootEmpty": false,
          "_timeout": 2000
        },
        {
          "uuid": "e17e3b58-6748-4f1d-9775-457958f9300e",
          "title": "11 - Limite o tamanho mínimo e máximo do board.",
          "fullFile": "",
          "file": "",
          "beforeHooks": [],
          "afterHooks": [],
          "tests": [
            {
              "title": "Verifica se a altura máxima do board é 50",
              "fullTitle": "11 - Limite o tamanho mínimo e máximo do board. Verifica se a altura máxima do board é 50",
              "timedOut": null,
              "duration": 4550,
              "state": "failed",
              "speed": null,
              "pass": false,
              "fail": true,
              "pending": false,
              "context": null,
              "code": "cy.get('#board-size').clear().type(50);\ncy.get('#generate-board').click();\ncy.get('.pixel').should('have.length', 2500);",
              "err": {
                "message": "CypressError: Timed out retrying: Expected to find element: '#board-size', but never found it.",
                "estack": "CypressError: Timed out retrying: Expected to find element: '#board-size', but never found it.\n    at cypressErr (http://localhost:35875/__cypress/runner/cypress_runner.js:149934:9)\n    at throwErr (http://localhost:35875/__cypress/runner/cypress_runner.js:149867:11)\n    at Object.throwErrByPath (http://localhost:35875/__cypress/runner/cypress_runner.js:149915:3)\n    at retry (http://localhost:35875/__cypress/runner/cypress_runner.js:144197:19)\n    at onFailFn (http://localhost:35875/__cypress/runner/cypress_runner.js:132448:16)\n    at tryCatcher (http://localhost:35875/__cypress/runner/cypress_runner.js:167415:23)\n    at Promise._settlePromiseFromHandler (http://localhost:35875/__cypress/runner/cypress_runner.js:165351:31)\n    at Promise._settlePromise (http://localhost:35875/__cypress/runner/cypress_runner.js:165408:18)\n    at Promise._settlePromise0 (http://localhost:35875/__cypress/runner/cypress_runner.js:165453:10)\n    at Promise._settlePromises (http://localhost:35875/__cypress/runner/cypress_runner.js:165528:18)\n    at Async../node_modules/bluebird/js/release/async.js.Async._drainQueue (http://localhost:35875/__cypress/runner/cypress_runner.js:162140:16)\n    at Async../node_modules/bluebird/js/release/async.js.Async._drainQueues (http://localhost:35875/__cypress/runner/cypress_runner.js:162150:10)\n    at Async.drainQueues (http://localhost:35875/__cypress/runner/cypress_runner.js:162024:14)",
                "diff": null
              },
              "uuid": "0ec292e4-fce1-4b63-9885-cc3155063578",
              "parentUUID": "e17e3b58-6748-4f1d-9775-457958f9300e",
              "isHook": false,
              "skipped": false
            },
            {
              "title": "Verifica se a altura do board é 5 quando um valor menor é colocado no input",
              "fullTitle": "11 - Limite o tamanho mínimo e máximo do board. Verifica se a altura do board é 5 quando um valor menor é colocado no input",
              "timedOut": null,
              "duration": 4503,
              "state": "failed",
              "speed": null,
              "pass": false,
              "fail": true,
              "pending": false,
              "context": null,
              "code": "cy.get('#board-size').clear().type(4);\ncy.get('#generate-board').click();\ncy.get('.pixel').should('have.length', 25);",
              "err": {
                "message": "CypressError: Timed out retrying: Expected to find element: '#board-size', but never found it.",
                "estack": "CypressError: Timed out retrying: Expected to find element: '#board-size', but never found it.\n    at cypressErr (http://localhost:35875/__cypress/runner/cypress_runner.js:149934:9)\n    at throwErr (http://localhost:35875/__cypress/runner/cypress_runner.js:149867:11)\n    at Object.throwErrByPath (http://localhost:35875/__cypress/runner/cypress_runner.js:149915:3)\n    at retry (http://localhost:35875/__cypress/runner/cypress_runner.js:144197:19)\n    at onFailFn (http://localhost:35875/__cypress/runner/cypress_runner.js:132448:16)\n    at tryCatcher (http://localhost:35875/__cypress/runner/cypress_runner.js:167415:23)\n    at Promise._settlePromiseFromHandler (http://localhost:35875/__cypress/runner/cypress_runner.js:165351:31)\n    at Promise._settlePromise (http://localhost:35875/__cypress/runner/cypress_runner.js:165408:18)\n    at Promise._settlePromise0 (http://localhost:35875/__cypress/runner/cypress_runner.js:165453:10)\n    at Promise._settlePromises (http://localhost:35875/__cypress/runner/cypress_runner.js:165528:18)\n    at Async../node_modules/bluebird/js/release/async.js.Async._drainQueue (http://localhost:35875/__cypress/runner/cypress_runner.js:162140:16)\n    at Async../node_modules/bluebird/js/release/async.js.Async._drainQueues (http://localhost:35875/__cypress/runner/cypress_runner.js:162150:10)\n    at Async.drainQueues (http://localhost:35875/__cypress/runner/cypress_runner.js:162024:14)",
                "diff": null
              },
              "uuid": "5ecf3a58-ffbd-4002-b4e6-c5fe39c843fc",
              "parentUUID": "e17e3b58-6748-4f1d-9775-457958f9300e",
              "isHook": false,
              "skipped": false
            },
            {
              "title": "Verifica se a altura do board é 50 quando um valor maior é colocado no input",
              "fullTitle": "11 - Limite o tamanho mínimo e máximo do board. Verifica se a altura do board é 50 quando um valor maior é colocado no input",
              "timedOut": null,
              "duration": 4454,
              "state": "failed",
              "speed": null,
              "pass": false,
              "fail": true,
              "pending": false,
              "context": null,
              "code": "cy.get('#board-size').clear().type(51);\ncy.get('#generate-board').click();\ncy.get('.pixel').should('have.length', 2500);",
              "err": {
                "message": "CypressError: Timed out retrying: Expected to find element: '#board-size', but never found it.",
                "estack": "CypressError: Timed out retrying: Expected to find element: '#board-size', but never found it.\n    at cypressErr (http://localhost:35875/__cypress/runner/cypress_runner.js:149934:9)\n    at throwErr (http://localhost:35875/__cypress/runner/cypress_runner.js:149867:11)\n    at Object.throwErrByPath (http://localhost:35875/__cypress/runner/cypress_runner.js:149915:3)\n    at retry (http://localhost:35875/__cypress/runner/cypress_runner.js:144197:19)\n    at onFailFn (http://localhost:35875/__cypress/runner/cypress_runner.js:132448:16)\n    at tryCatcher (http://localhost:35875/__cypress/runner/cypress_runner.js:167415:23)\n    at Promise._settlePromiseFromHandler (http://localhost:35875/__cypress/runner/cypress_runner.js:165351:31)\n    at Promise._settlePromise (http://localhost:35875/__cypress/runner/cypress_runner.js:165408:18)\n    at Promise._settlePromise0 (http://localhost:35875/__cypress/runner/cypress_runner.js:165453:10)\n    at Promise._settlePromises (http://localhost:35875/__cypress/runner/cypress_runner.js:165528:18)\n    at Async../node_modules/bluebird/js/release/async.js.Async._drainQueue (http://localhost:35875/__cypress/runner/cypress_runner.js:162140:16)\n    at Async../node_modules/bluebird/js/release/async.js.Async._drainQueues (http://localhost:35875/__cypress/runner/cypress_runner.js:162150:10)\n    at Async.drainQueues (http://localhost:35875/__cypress/runner/cypress_runner.js:162024:14)",
                "diff": null
              },
              "uuid": "7815c649-ef3d-4c80-8226-fb6ba4c1ab90",
              "parentUUID": "e17e3b58-6748-4f1d-9775-457958f9300e",
              "isHook": false,
              "skipped": false
            }
          ],
          "suites": [],
          "passes": [],
          "failures": [
            "0ec292e4-fce1-4b63-9885-cc3155063578",
            "5ecf3a58-ffbd-4002-b4e6-c5fe39c843fc",
            "7815c649-ef3d-4c80-8226-fb6ba4c1ab90"
          ],
          "pending": [],
          "skipped": [],
          "duration": 13507,
          "root": false,
          "rootEmpty": false,
          "_timeout": 2000
        },
        {
          "uuid": "2bf8540a-335c-4ef2-a128-7a6081645910",
          "title": "12 - Faça com que as cores da paleta sejam geradas aleatoriamente ao carregar a página.",
          "fullFile": "",
          "file": "",
          "beforeHooks": [],
          "afterHooks": [],
          "tests": [
            {
              "title": "Verifica se as cores geradas na paleta são diferentes a cada carregamento da página",
              "fullTitle": "12 - Faça com que as cores da paleta sejam geradas aleatoriamente ao carregar a página. Verifica se as cores geradas na paleta são diferentes a cada carregamento da página",
              "timedOut": null,
              "duration": 482,
              "state": "failed",
              "speed": null,
              "pass": false,
              "fail": true,
              "pending": false,
              "context": null,
              "code": "cy.get('.color').then(function (colors) {\n  var currentColors;\n  var previousColors;\n  previousColors = Array.from(colors).map(function (color) {\n    return Cypress.$(color).css('background-color');\n  });\n  for (var i = 0; i < 5; i += 1) {\n    cy.reload();\n    cy.get('.color').then(function (colors) {\n      currentColors = Array.from(colors).map(function (color) {\n        return Cypress.$(color).css('background-color');\n      });\n      expect(currentColors).not.to.deep.equal(previousColors);\n      previousColors = currentColors;\n    });\n  }\n});",
              "err": {
                "message": "AssertionError: expected [ Array(6) ] to not deeply equal [ Array(6) ]",
                "estack": "AssertionError: expected [ Array(6) ] to not deeply equal [ Array(6) ]\n    at getRet (http://localhost:35875/__cypress/runner/cypress_runner.js:136585:16)\n    at tryCatcher (http://localhost:35875/__cypress/runner/cypress_runner.js:167415:23)\n    at Function.Promise.attempt.Promise.try (http://localhost:35875/__cypress/runner/cypress_runner.js:164690:29)\n    at Context.thenFn (http://localhost:35875/__cypress/runner/cypress_runner.js:136599:23)\n    at Context.then (http://localhost:35875/__cypress/runner/cypress_runner.js:136971:21)\n    at Context.<anonymous> (http://localhost:35875/__cypress/runner/cypress_runner.js:148875:21)\n    at http://localhost:35875/__cypress/runner/cypress_runner.js:148351:33\n    at tryCatcher (http://localhost:35875/__cypress/runner/cypress_runner.js:167415:23)\n    at Promise._settlePromiseFromHandler (http://localhost:35875/__cypress/runner/cypress_runner.js:165351:31)\n    at Promise._settlePromise (http://localhost:35875/__cypress/runner/cypress_runner.js:165408:18)\n    at Promise._settlePromiseCtx (http://localhost:35875/__cypress/runner/cypress_runner.js:165445:10)\n    at Async../node_modules/bluebird/js/release/async.js.Async._drainQueue (http://localhost:35875/__cypress/runner/cypress_runner.js:162145:12)\n    at Async../node_modules/bluebird/js/release/async.js.Async._drainQueues (http://localhost:35875/__cypress/runner/cypress_runner.js:162150:10)\n    at Async.drainQueues (http://localhost:35875/__cypress/runner/cypress_runner.js:162024:14)",
                "diff": ""
              },
              "uuid": "e0021c7e-e645-49cb-9279-da316bd407fe",
              "parentUUID": "2bf8540a-335c-4ef2-a128-7a6081645910",
              "isHook": false,
              "skipped": false
            },
            {
              "title": "Verifica se a cor preta ainda está presente e é a primeira na sua paleta de cores",
              "fullTitle": "12 - Faça com que as cores da paleta sejam geradas aleatoriamente ao carregar a página. Verifica se a cor preta ainda está presente e é a primeira na sua paleta de cores",
              "timedOut": null,
              "duration": 473,
              "state": "failed",
              "speed": null,
              "pass": false,
              "fail": true,
              "pending": false,
              "context": null,
              "code": "cy.get('.color').then(function (colors) {\n  var currentColors;\n  var previousColors;\n  previousColors = Array.from(colors).map(function (color) {\n    return Cypress.$(color).css('background-color');\n  });\n  expect(previousColors[0]).to.eq(BLACK);\n  for (var i = 0; i < 5; i += 1) {\n    cy.reload();\n    cy.get('.color').then(function (colors) {\n      currentColors = Array.from(colors).map(function (color) {\n        return Cypress.$(color).css('background-color');\n      });\n      expect(currentColors[0]).to.eq(BLACK);\n      expect(currentColors).not.to.deep.equal(previousColors);\n      previousColors = currentColors;\n    });\n  }\n});",
              "err": {
                "message": "AssertionError: expected [ Array(6) ] to not deeply equal [ Array(6) ]",
                "estack": "AssertionError: expected [ Array(6) ] to not deeply equal [ Array(6) ]\n    at getRet (http://localhost:35875/__cypress/runner/cypress_runner.js:136585:16)\n    at tryCatcher (http://localhost:35875/__cypress/runner/cypress_runner.js:167415:23)\n    at Function.Promise.attempt.Promise.try (http://localhost:35875/__cypress/runner/cypress_runner.js:164690:29)\n    at Context.thenFn (http://localhost:35875/__cypress/runner/cypress_runner.js:136599:23)\n    at Context.then (http://localhost:35875/__cypress/runner/cypress_runner.js:136971:21)\n    at Context.<anonymous> (http://localhost:35875/__cypress/runner/cypress_runner.js:148875:21)\n    at http://localhost:35875/__cypress/runner/cypress_runner.js:148351:33\n    at tryCatcher (http://localhost:35875/__cypress/runner/cypress_runner.js:167415:23)\n    at Promise._settlePromiseFromHandler (http://localhost:35875/__cypress/runner/cypress_runner.js:165351:31)\n    at Promise._settlePromise (http://localhost:35875/__cypress/runner/cypress_runner.js:165408:18)\n    at Promise._settlePromiseCtx (http://localhost:35875/__cypress/runner/cypress_runner.js:165445:10)\n    at Async../node_modules/bluebird/js/release/async.js.Async._drainQueue (http://localhost:35875/__cypress/runner/cypress_runner.js:162145:12)\n    at Async../node_modules/bluebird/js/release/async.js.Async._drainQueues (http://localhost:35875/__cypress/runner/cypress_runner.js:162150:10)\n    at Async.drainQueues (http://localhost:35875/__cypress/runner/cypress_runner.js:162024:14)",
                "diff": ""
              },
              "uuid": "0702655e-b98a-4f47-90db-398acfde91df",
              "parentUUID": "2bf8540a-335c-4ef2-a128-7a6081645910",
              "isHook": false,
              "skipped": false
            }
          ],
          "suites": [],
          "passes": [],
          "failures": [
            "e0021c7e-e645-49cb-9279-da316bd407fe",
            "0702655e-b98a-4f47-90db-398acfde91df"
          ],
          "pending": [],
          "skipped": [],
          "duration": 955,
          "root": false,
          "rootEmpty": false,
          "_timeout": 2000
        }
      ],
      "passes": [],
      "failures": [],
      "pending": [],
      "skipped": [],
      "duration": 0,
      "root": true,
      "rootEmpty": true,
      "_timeout": 2000
    }
  ],
  "meta": {
    "mocha": {
      "version": "7.0.1"
    },
    "mochawesome": {
      "options": {
        "quiet": false,
        "reportFilename": "mochawesome",
        "saveHtml": false,
        "saveJson": true,
        "consoleReporter": "spec",
        "useInlineDiffs": false
      },
      "version": "4.1.0"
    },
    "marge": {
      "options": {
        "id": "default",
        "reportDir": "cypress/reports",
        "overwrite": true,
        "html": false,
        "json": true
      },
      "version": "4.1.0"
    }
  }
}